<?xml version="1.0" encoding="UTF-8" ?>
<testsuites name="vitest tests" tests="91" failures="0" errors="0" time="28.3727542">
    <testsuite name="tests/00_Registry.test.ts" timestamp="2025-09-04T15:09:40.271Z" hostname="GA" tests="30" failures="0" errors="0" skipped="0" time="3.4741237">
        <testcase classname="tests/00_Registry.test.ts" name="Auto-Generation System Tests (JOI-Based) &gt; JOI Schema Requirements Generation &gt; should generate correct requirements from Ethers JOI schema" time="0.0050743">
            <system-out>
🤖 [MS3-PKG] [DEBUG] 🤖 [MS3-PKG] [DEBUG] 🔍 [getRequirements] Starting analysis for ethers
🤖 [MS3-PKG] [INFO] 🤖 [MS3-PKG] [INFO] [getRequirements] Using fallback requirements for ethers

            </system-out>
            <system-err>
🤖 [MS3-PKG] [WARN] 🤖 [MS3-PKG] [WARN] [getRequirements] No requirements found for ethers interface - using fallback.
🤖 [MS3-PKG] [WARN] 🤖 [MS3-PKG] [WARN] [getRequirements] Using fallback requirements for ethers

            </system-err>
        </testcase>
        <testcase classname="tests/00_Registry.test.ts" name="Auto-Generation System Tests (JOI-Based) &gt; JOI Schema Requirements Generation &gt; should generate correct requirements from Web3Auth JOI schema" time="0.0184531">
            <system-out>
🤖 [MS3-PKG] [DEBUG] 🤖 [MS3-PKG] [DEBUG] 🔍 [getRequirements] Starting analysis for web3auth
🤖 [MS3-PKG] [DEBUG] 🤖 [MS3-PKG] [DEBUG] 🔬 [analyzeJoiSchema] Analyzing schema at path: options
🤖 [MS3-PKG] [DEBUG] 🤖 [MS3-PKG] [DEBUG] 📋 [analyzeJoiSchema] Schema description type: object
🤖 [MS3-PKG] [DEBUG] 🤖 [MS3-PKG] [DEBUG] 📋 [analyzeJoiSchema] Schema keys: [ [32m&apos;web3authConfig&apos;[39m, [32m&apos;multiChainRpcs&apos;[39m ]
🤖 [MS3-PKG] [DEBUG] 🤖 [MS3-PKG] [DEBUG] ✅ [analyzeJoiSchema] Processing object schema with 2 keys
🤖 [MS3-PKG] [DEBUG] 🤖 [MS3-PKG] [DEBUG] 🔑 [analyzeJoiSchema] Processing field: web3authConfig
🤖 [MS3-PKG] [DEBUG] 🤖 [MS3-PKG] [DEBUG] 📝 [analyzeJoiSchema] Field description: {
  type: [32m&apos;object&apos;[39m,
  flags: {
    presence: [32m&apos;required&apos;[39m,
    description: [32m&apos;Web3Auth configuration object&apos;[39m
  },
  keys: {
    clientId: { type: [32m&apos;string&apos;[39m, flags: [36m[Object][39m },
    web3AuthNetwork: { type: [32m&apos;string&apos;[39m, flags: [36m[Object][39m, allow: [36m[Array][39m },
    chainConfig: { type: [32m&apos;object&apos;[39m, flags: [36m[Object][39m, keys: [36m[Object][39m },
    loginConfig: { type: [32m&apos;object&apos;[39m, flags: [36m[Object][39m },
    privateKeyProvider: { type: [32m&apos;any&apos;[39m, flags: [36m[Object][39m }
  }
}
🤖 [MS3-PKG] [DEBUG] 🤖 [MS3-PKG] [DEBUG] 📊 [analyzeJoiSchema] Field web3authConfig: type=object, required=true, message=&quot;Web3Auth configuration object&quot;
🤖 [MS3-PKG] [DEBUG] 🤖 [MS3-PKG] [DEBUG] 🔄 [analyzeJoiSchema] Recursing into nested object: web3authConfig
🤖 [MS3-PKG] [DEBUG] 🤖 [MS3-PKG] [DEBUG] 🔑 [analyzeJoiSchema] Processing field: multiChainRpcs
🤖 [MS3-PKG] [DEBUG] 🤖 [MS3-PKG] [DEBUG] 📝 [analyzeJoiSchema] Field description: {
  type: [32m&apos;object&apos;[39m,
  flags: {
    presence: [32m&apos;optional&apos;[39m,
    description: [32m&apos;Multi-chain RPC configuration - maps chain IDs to RPC URL arrays&apos;[39m
  },
  patterns: [ { schema: [36m[Object][39m, rule: [36m[Object][39m } ]
}
🤖 [MS3-PKG] [DEBUG] 🤖 [MS3-PKG] [DEBUG] 📊 [analyzeJoiSchema] Field multiChainRpcs: type=object, required=false, message=&quot;Multi-chain RPC configuration - maps chain IDs to RPC URL arrays&quot;
🤖 [MS3-PKG] [INFO] 🤖 [MS3-PKG] [INFO] 📊 [analyzeJoiSchema] Generated 14 requirements for options

            </system-out>
        </testcase>
        <testcase classname="tests/00_Registry.test.ts" name="Auto-Generation System Tests (JOI-Based) &gt; JOI Schema Requirements Generation &gt; should handle JOI validation rules correctly" time="0.0066499">
            <system-out>
🤖 [MS3-PKG] [DEBUG] 🤖 [MS3-PKG] [DEBUG] 🔍 [getRequirements] Starting analysis for test
🤖 [MS3-PKG] [DEBUG] 🤖 [MS3-PKG] [DEBUG] 🔬 [analyzeJoiSchema] Analyzing schema at path: options
🤖 [MS3-PKG] [DEBUG] 🤖 [MS3-PKG] [DEBUG] 📋 [analyzeJoiSchema] Schema description type: object
🤖 [MS3-PKG] [DEBUG] 🤖 [MS3-PKG] [DEBUG] 📋 [analyzeJoiSchema] Schema keys: [ [32m&apos;requiredString&apos;[39m, [32m&apos;optionalNumber&apos;[39m, [32m&apos;enumField&apos;[39m, [32m&apos;nestedObject&apos;[39m ]
🤖 [MS3-PKG] [DEBUG] 🤖 [MS3-PKG] [DEBUG] ✅ [analyzeJoiSchema] Processing object schema with 4 keys
🤖 [MS3-PKG] [DEBUG] 🤖 [MS3-PKG] [DEBUG] 🔑 [analyzeJoiSchema] Processing field: requiredString
🤖 [MS3-PKG] [DEBUG] 🤖 [MS3-PKG] [DEBUG] 📝 [analyzeJoiSchema] Field description: {
  type: [32m&apos;string&apos;[39m,
  flags: { presence: [32m&apos;required&apos;[39m, description: [32m&apos;Required string field&apos;[39m }
}
🤖 [MS3-PKG] [DEBUG] 🤖 [MS3-PKG] [DEBUG] 📊 [analyzeJoiSchema] Field requiredString: type=string, required=true, message=&quot;Required string field&quot;
🤖 [MS3-PKG] [DEBUG] 🤖 [MS3-PKG] [DEBUG] 🔑 [analyzeJoiSchema] Processing field: optionalNumber
🤖 [MS3-PKG] [DEBUG] 🤖 [MS3-PKG] [DEBUG] 📝 [analyzeJoiSchema] Field description: {
  type: [32m&apos;number&apos;[39m,
  flags: { presence: [32m&apos;optional&apos;[39m, description: [32m&apos;Optional number field&apos;[39m }
}
🤖 [MS3-PKG] [DEBUG] 🤖 [MS3-PKG] [DEBUG] 📊 [analyzeJoiSchema] Field optionalNumber: type=number, required=false, message=&quot;Optional number field&quot;
🤖 [MS3-PKG] [DEBUG] 🤖 [MS3-PKG] [DEBUG] 🔑 [analyzeJoiSchema] Processing field: enumField
🤖 [MS3-PKG] [DEBUG] 🤖 [MS3-PKG] [DEBUG] 📝 [analyzeJoiSchema] Field description: {
  type: [32m&apos;string&apos;[39m,
  flags: {
    only: [33mtrue[39m,
    presence: [32m&apos;required&apos;[39m,
    description: [32m&apos;Must be one of the valid options&apos;[39m
  },
  allow: [ [32m&apos;option1&apos;[39m, [32m&apos;option2&apos;[39m, [32m&apos;option3&apos;[39m ]
}
🤖 [MS3-PKG] [DEBUG] 🤖 [MS3-PKG] [DEBUG] 📊 [analyzeJoiSchema] Field enumField: type=string, required=true, message=&quot;Must be one of the valid options&quot;
🤖 [MS3-PKG] [DEBUG] 🤖 [MS3-PKG] [DEBUG] 🔑 [analyzeJoiSchema] Processing field: nestedObject
🤖 [MS3-PKG] [DEBUG] 🤖 [MS3-PKG] [DEBUG] 📝 [analyzeJoiSchema] Field description: {
  type: [32m&apos;object&apos;[39m,
  flags: { presence: [32m&apos;required&apos;[39m, description: [32m&apos;Nested configuration object&apos;[39m },
  keys: {
    nestedRequired: { type: [32m&apos;string&apos;[39m, flags: [36m[Object][39m },
    nestedOptional: { type: [32m&apos;boolean&apos;[39m, flags: [36m[Object][39m }
  }
}
🤖 [MS3-PKG] [DEBUG] 🤖 [MS3-PKG] [DEBUG] 📊 [analyzeJoiSchema] Field nestedObject: type=object, required=true, message=&quot;Nested configuration object&quot;
🤖 [MS3-PKG] [DEBUG] 🤖 [MS3-PKG] [DEBUG] 🔄 [analyzeJoiSchema] Recursing into nested object: nestedObject
🤖 [MS3-PKG] [INFO] 🤖 [MS3-PKG] [INFO] 📊 [analyzeJoiSchema] Generated 6 requirements for options

            </system-out>
        </testcase>
        <testcase classname="tests/00_Registry.test.ts" name="Auto-Generation System Tests (JOI-Based) &gt; JOI Schema Requirements Generation &gt; should fallback gracefully for invalid schemas" time="0.0006863">
            <system-out>
🤖 [MS3-PKG] [DEBUG] 🤖 [MS3-PKG] [DEBUG] 🔍 [getRequirements] Starting analysis for invalid

            </system-out>
            <system-err>
🤖 [MS3-PKG] [WARN] 🤖 [MS3-PKG] [WARN] [getRequirements] No requirements found for invalid interface - using fallback.
🤖 [MS3-PKG] [WARN] 🤖 [MS3-PKG] [WARN] [getRequirements] Using fallback requirements for invalid

            </system-err>
        </testcase>
        <testcase classname="tests/00_Registry.test.ts" name="Auto-Generation System Tests (JOI-Based) &gt; JOI Schema Requirements Generation &gt; JOI Schema Edge Cases &gt; should handle circular JOI schema references gracefully" time="0.0037057">
            <system-out>
🤖 [MS3-PKG] [DEBUG] 🤖 [MS3-PKG] [DEBUG] 🔍 [getRequirements] Starting analysis for circular-test
🤖 [MS3-PKG] [DEBUG] 🤖 [MS3-PKG] [DEBUG] 🔬 [analyzeJoiSchema] Analyzing schema at path: options
🤖 [MS3-PKG] [DEBUG] 🤖 [MS3-PKG] [DEBUG] 📋 [analyzeJoiSchema] Schema description type: object
🤖 [MS3-PKG] [DEBUG] 🤖 [MS3-PKG] [DEBUG] 📋 [analyzeJoiSchema] Schema keys: [ [32m&apos;name&apos;[39m, [32m&apos;parent&apos;[39m ]
🤖 [MS3-PKG] [DEBUG] 🤖 [MS3-PKG] [DEBUG] ✅ [analyzeJoiSchema] Processing object schema with 2 keys
🤖 [MS3-PKG] [DEBUG] 🤖 [MS3-PKG] [DEBUG] 🔑 [analyzeJoiSchema] Processing field: name
🤖 [MS3-PKG] [DEBUG] 🤖 [MS3-PKG] [DEBUG] 📝 [analyzeJoiSchema] Field description: { type: [32m&apos;string&apos;[39m, flags: { presence: [32m&apos;required&apos;[39m } }
🤖 [MS3-PKG] [DEBUG] 🤖 [MS3-PKG] [DEBUG] 📊 [analyzeJoiSchema] Field name: type=string, required=true, message=&quot;name is required and must be of type: string&quot;
🤖 [MS3-PKG] [DEBUG] 🤖 [MS3-PKG] [DEBUG] 🔑 [analyzeJoiSchema] Processing field: parent
🤖 [MS3-PKG] [DEBUG] 🤖 [MS3-PKG] [DEBUG] 📝 [analyzeJoiSchema] Field description: { type: [32m&apos;link&apos;[39m, link: { ref: { path: [36m[Array][39m, type: [32m&apos;local&apos;[39m } } }
🤖 [MS3-PKG] [DEBUG] 🤖 [MS3-PKG] [DEBUG] 📊 [analyzeJoiSchema] Field parent: type=link, required=true, message=&quot;parent is required and must be of type: link&quot;
🤖 [MS3-PKG] [INFO] 🤖 [MS3-PKG] [INFO] 📊 [analyzeJoiSchema] Generated 2 requirements for options

            </system-out>
        </testcase>
        <testcase classname="tests/00_Registry.test.ts" name="Auto-Generation System Tests (JOI-Based) &gt; JOI Schema Requirements Generation &gt; JOI Schema Edge Cases &gt; should handle deeply nested JOI schemas" time="0.0026801">
            <system-out>
🤖 [MS3-PKG] [DEBUG] 🤖 [MS3-PKG] [DEBUG] 🔍 [getRequirements] Starting analysis for deep-nested
🤖 [MS3-PKG] [DEBUG] 🤖 [MS3-PKG] [DEBUG] 🔬 [analyzeJoiSchema] Analyzing schema at path: options
🤖 [MS3-PKG] [DEBUG] 🤖 [MS3-PKG] [DEBUG] 📋 [analyzeJoiSchema] Schema description type: object
🤖 [MS3-PKG] [DEBUG] 🤖 [MS3-PKG] [DEBUG] 📋 [analyzeJoiSchema] Schema keys: [ [32m&apos;level1&apos;[39m ]
🤖 [MS3-PKG] [DEBUG] 🤖 [MS3-PKG] [DEBUG] ✅ [analyzeJoiSchema] Processing object schema with 1 keys
🤖 [MS3-PKG] [DEBUG] 🤖 [MS3-PKG] [DEBUG] 🔑 [analyzeJoiSchema] Processing field: level1
🤖 [MS3-PKG] [DEBUG] 🤖 [MS3-PKG] [DEBUG] 📝 [analyzeJoiSchema] Field description: {
  type: [32m&apos;object&apos;[39m,
  flags: { presence: [32m&apos;required&apos;[39m },
  keys: { level2: { type: [32m&apos;object&apos;[39m, flags: [36m[Object][39m, keys: [36m[Object][39m } }
}
🤖 [MS3-PKG] [DEBUG] 🤖 [MS3-PKG] [DEBUG] 📊 [analyzeJoiSchema] Field level1: type=object, required=true, message=&quot;level1 is required and must be of type: object&quot;
🤖 [MS3-PKG] [DEBUG] 🤖 [MS3-PKG] [DEBUG] 🔄 [analyzeJoiSchema] Recursing into nested object: level1
🤖 [MS3-PKG] [INFO] 🤖 [MS3-PKG] [INFO] 📊 [analyzeJoiSchema] Generated 5 requirements for options

            </system-out>
        </testcase>
        <testcase classname="tests/00_Registry.test.ts" name="Auto-Generation System Tests (JOI-Based) &gt; JOI Schema Requirements Generation &gt; JOI Schema Edge Cases &gt; should handle JOI alternatives and conditionals" time="0.0048404">
            <system-out>
🤖 [MS3-PKG] [DEBUG] 🤖 [MS3-PKG] [DEBUG] 🔍 [getRequirements] Starting analysis for alternatives-test
🤖 [MS3-PKG] [DEBUG] 🤖 [MS3-PKG] [DEBUG] 🔬 [analyzeJoiSchema] Analyzing schema at path: options
🤖 [MS3-PKG] [DEBUG] 🤖 [MS3-PKG] [DEBUG] 📋 [analyzeJoiSchema] Schema description type: object
🤖 [MS3-PKG] [DEBUG] 🤖 [MS3-PKG] [DEBUG] 📋 [analyzeJoiSchema] Schema keys: [ [32m&apos;authType&apos;[39m, [32m&apos;oauth&apos;[39m, [32m&apos;privateKey&apos;[39m ]
🤖 [MS3-PKG] [DEBUG] 🤖 [MS3-PKG] [DEBUG] ✅ [analyzeJoiSchema] Processing object schema with 3 keys
🤖 [MS3-PKG] [DEBUG] 🤖 [MS3-PKG] [DEBUG] 🔑 [analyzeJoiSchema] Processing field: authType
🤖 [MS3-PKG] [DEBUG] 🤖 [MS3-PKG] [DEBUG] 📝 [analyzeJoiSchema] Field description: {
  type: [32m&apos;string&apos;[39m,
  flags: { only: [33mtrue[39m, presence: [32m&apos;required&apos;[39m },
  allow: [ [32m&apos;oauth&apos;[39m, [32m&apos;privateKey&apos;[39m ]
}
🤖 [MS3-PKG] [DEBUG] 🤖 [MS3-PKG] [DEBUG] 📊 [analyzeJoiSchema] Field authType: type=string, required=true, message=&quot;authType is required and must be of type: string&quot;
🤖 [MS3-PKG] [DEBUG] 🤖 [MS3-PKG] [DEBUG] 🔑 [analyzeJoiSchema] Processing field: oauth
🤖 [MS3-PKG] [DEBUG] 🤖 [MS3-PKG] [DEBUG] 📝 [analyzeJoiSchema] Field description: {
  type: [32m&apos;any&apos;[39m,
  whens: [
    {
      ref: [36m[Object][39m,
      is: [36m[Object][39m,
      then: [36m[Object][39m,
      otherwise: [36m[Object][39m
    }
  ]
}
🤖 [MS3-PKG] [DEBUG] 🤖 [MS3-PKG] [DEBUG] 📊 [analyzeJoiSchema] Field oauth: type=any, required=true, message=&quot;oauth is required and must be of type: any&quot;
🤖 [MS3-PKG] [DEBUG] 🤖 [MS3-PKG] [DEBUG] 🔑 [analyzeJoiSchema] Processing field: privateKey
🤖 [MS3-PKG] [DEBUG] 🤖 [MS3-PKG] [DEBUG] 📝 [analyzeJoiSchema] Field description: {
  type: [32m&apos;any&apos;[39m,
  whens: [
    {
      ref: [36m[Object][39m,
      is: [36m[Object][39m,
      then: [36m[Object][39m,
      otherwise: [36m[Object][39m
    }
  ]
}
🤖 [MS3-PKG] [DEBUG] 🤖 [MS3-PKG] [DEBUG] 📊 [analyzeJoiSchema] Field privateKey: type=any, required=true, message=&quot;privateKey is required and must be of type: any&quot;
🤖 [MS3-PKG] [INFO] 🤖 [MS3-PKG] [INFO] 📊 [analyzeJoiSchema] Generated 3 requirements for options

            </system-out>
        </testcase>
        <testcase classname="tests/00_Registry.test.ts" name="Auto-Generation System Tests (JOI-Based) &gt; JOI Schema Requirements Generation &gt; JOI Schema Edge Cases &gt; should handle JOI arrays with item validation" time="0.0099282">
            <system-out>
🤖 [MS3-PKG] [DEBUG] 🤖 [MS3-PKG] [DEBUG] 🔍 [getRequirements] Starting analysis for array-test
🤖 [MS3-PKG] [DEBUG] 🤖 [MS3-PKG] [DEBUG] 🔬 [analyzeJoiSchema] Analyzing schema at path: options
🤖 [MS3-PKG] [DEBUG] 🤖 [MS3-PKG] [DEBUG] 📋 [analyzeJoiSchema] Schema description type: object
🤖 [MS3-PKG] [DEBUG] 🤖 [MS3-PKG] [DEBUG] 📋 [analyzeJoiSchema] Schema keys: [ [32m&apos;endpoints&apos;[39m ]
🤖 [MS3-PKG] [DEBUG] 🤖 [MS3-PKG] [DEBUG] ✅ [analyzeJoiSchema] Processing object schema with 1 keys
🤖 [MS3-PKG] [DEBUG] 🤖 [MS3-PKG] [DEBUG] 🔑 [analyzeJoiSchema] Processing field: endpoints
🤖 [MS3-PKG] [DEBUG] 🤖 [MS3-PKG] [DEBUG] 📝 [analyzeJoiSchema] Field description: {
  type: [32m&apos;array&apos;[39m,
  flags: {
    presence: [32m&apos;required&apos;[39m,
    description: [32m&apos;Array of endpoint configurations&apos;[39m
  },
  rules: [ { name: [32m&apos;min&apos;[39m, args: [36m[Object][39m } ],
  items: [ { type: [32m&apos;object&apos;[39m, keys: [36m[Object][39m } ]
}
🤖 [MS3-PKG] [DEBUG] 🤖 [MS3-PKG] [DEBUG] 📊 [analyzeJoiSchema] Field endpoints: type=array, required=true, message=&quot;Array of endpoint configurations&quot;
🤖 [MS3-PKG] [INFO] 🤖 [MS3-PKG] [INFO] 📊 [analyzeJoiSchema] Generated 1 requirements for options

            </system-out>
        </testcase>
        <testcase classname="tests/00_Registry.test.ts" name="Auto-Generation System Tests (JOI-Based) &gt; JOI Schema Requirements Generation &gt; JOI Schema Edge Cases &gt; should handle malformed JOI schemas without crashing" time="0.0145947">
            <system-out>
🤖 [MS3-PKG] [DEBUG] 🤖 [MS3-PKG] [DEBUG] 🔍 [getRequirements] Starting analysis for malformed-test
🤖 [MS3-PKG] [DEBUG] 🤖 [MS3-PKG] [DEBUG] 🔍 [getRequirements] Starting analysis for malformed-test
🤖 [MS3-PKG] [DEBUG] 🤖 [MS3-PKG] [DEBUG] 🔍 [getRequirements] Starting analysis for malformed-test
🤖 [MS3-PKG] [DEBUG] 🤖 [MS3-PKG] [DEBUG] 🔍 [getRequirements] Starting analysis for malformed-test
🤖 [MS3-PKG] [DEBUG] 🤖 [MS3-PKG] [DEBUG] 🔍 [getRequirements] Starting analysis for malformed-test
🤖 [MS3-PKG] [DEBUG] 🤖 [MS3-PKG] [DEBUG] 🔬 [analyzeJoiSchema] Analyzing schema at path: options
🤖 [MS3-PKG] [INFO] 🤖 [MS3-PKG] [INFO] 📊 [analyzeJoiSchema] Generated 0 requirements for options
🤖 [MS3-PKG] [DEBUG] 🤖 [MS3-PKG] [DEBUG] 🔍 [getRequirements] Starting analysis for malformed-test
🤖 [MS3-PKG] [DEBUG] 🤖 [MS3-PKG] [DEBUG] 🔍 [getRequirements] Starting analysis for malformed-test
🤖 [MS3-PKG] [DEBUG] 🤖 [MS3-PKG] [DEBUG] 🔍 [getRequirements] Starting analysis for malformed-test

            </system-out>
            <system-err>
🤖 [MS3-PKG] [WARN] 🤖 [MS3-PKG] [WARN] [getRequirements] No requirements found for malformed-test interface - using fallback.
🤖 [MS3-PKG] [WARN] 🤖 [MS3-PKG] [WARN] [getRequirements] Using fallback requirements for malformed-test
🤖 [MS3-PKG] [WARN] 🤖 [MS3-PKG] [WARN] [getRequirements] No requirements found for malformed-test interface - using fallback.
🤖 [MS3-PKG] [WARN] 🤖 [MS3-PKG] [WARN] [getRequirements] Using fallback requirements for malformed-test
🤖 [MS3-PKG] [WARN] 🤖 [MS3-PKG] [WARN] [getRequirements] No requirements found for malformed-test interface - using fallback.
🤖 [MS3-PKG] [WARN] 🤖 [MS3-PKG] [WARN] [getRequirements] Using fallback requirements for malformed-test
🤖 [MS3-PKG] [WARN] 🤖 [MS3-PKG] [WARN] [getRequirements] No requirements found for malformed-test interface - using fallback.
🤖 [MS3-PKG] [WARN] 🤖 [MS3-PKG] [WARN] [getRequirements] Using fallback requirements for malformed-test
🤖 [MS3-PKG] [ERROR] 🤖 [MS3-PKG] [ERROR] ❌ [analyzeJoiSchema] Failed to analyze schema at options: Error: Schema error
    at Object.describe [90m(C:\Users\gunne\Desktop\M3S-GITHUB\MS3\packages\wallet\[39mtests\00_Registry.test.ts:191:37[90m)[39m
    at analyzeJoiSchema (C:\Users\gunne\Desktop\M3S-GITHUB\MS3\packages\shared\src\helpers\devtool.ts:13:32)
    at getRequirements (C:\Users\gunne\Desktop\M3S-GITHUB\MS3\packages\shared\src\helpers\devtool.ts:224:14)
    at [90mC:\Users\gunne\Desktop\M3S-GITHUB\MS3\packages\wallet\[39mtests\00_Registry.test.ts:199:34
    at Proxy.assertThrows (file:///C:/Users/gunne/Desktop/M3S-GITHUB/MS3/node_modules/[4mchai[24m/index.js:2767:5)
    at Proxy.methodWrapper (file:///C:/Users/gunne/Desktop/M3S-GITHUB/MS3/node_modules/[4mchai[24m/index.js:1686:25)
    at Proxy.&lt;anonymous&gt; (file:///C:/Users/gunne/Desktop/M3S-GITHUB/MS3/node_modules/[4m@vitest[24m/expect/dist/index.js:1088:12)
    at Proxy.overwritingMethodWrapper (file:///C:/Users/gunne/Desktop/M3S-GITHUB/MS3/node_modules/[4mchai[24m/index.js:1735:33)
    at Proxy.&lt;anonymous&gt; (file:///C:/Users/gunne/Desktop/M3S-GITHUB/MS3/node_modules/[4m@vitest[24m/expect/dist/index.js:1420:16)
    at Proxy.&lt;anonymous&gt; (file:///C:/Users/gunne/Desktop/M3S-GITHUB/MS3/node_modules/[4m@vitest[24m/expect/dist/index.js:1029:14)
🤖 [MS3-PKG] [WARN] 🤖 [MS3-PKG] [WARN] [getRequirements] No requirements found for malformed-test interface - using fallback.
🤖 [MS3-PKG] [WARN] 🤖 [MS3-PKG] [WARN] [getRequirements] Using fallback requirements for malformed-test
🤖 [MS3-PKG] [WARN] 🤖 [MS3-PKG] [WARN] [getRequirements] No requirements found for malformed-test interface - using fallback.
🤖 [MS3-PKG] [WARN] 🤖 [MS3-PKG] [WARN] [getRequirements] Using fallback requirements for malformed-test
🤖 [MS3-PKG] [WARN] 🤖 [MS3-PKG] [WARN] [getRequirements] No requirements found for malformed-test interface - using fallback.
🤖 [MS3-PKG] [WARN] 🤖 [MS3-PKG] [WARN] [getRequirements] Using fallback requirements for malformed-test

            </system-err>
        </testcase>
        <testcase classname="tests/00_Registry.test.ts" name="Auto-Generation System Tests (JOI-Based) &gt; Environment Generation &gt; should generate environment requirements with custom notes" time="0.001509">
        </testcase>
        <testcase classname="tests/00_Registry.test.ts" name="Auto-Generation System Tests (JOI-Based) &gt; Environment Generation &gt; should handle single environment correctly" time="0.0005128">
        </testcase>
        <testcase classname="tests/00_Registry.test.ts" name="Auto-Generation System Tests (JOI-Based) &gt; Environment Generation &gt; Environment Validation Edge Cases &gt; should handle environment mismatch detection" time="0.0004277">
        </testcase>
        <testcase classname="tests/00_Registry.test.ts" name="Auto-Generation System Tests (JOI-Based) &gt; Environment Generation &gt; Environment Validation Edge Cases &gt; should validate security notes deduplication" time="0.000431">
        </testcase>
        <testcase classname="tests/00_Registry.test.ts" name="Auto-Generation System Tests (JOI-Based) &gt; Features Generation &gt; should detect core EVM wallet methods and async behavior (prototype + metadata checks)" time="0.000472">
        </testcase>
        <testcase classname="tests/00_Registry.test.ts" name="Auto-Generation System Tests (JOI-Based) &gt; Features Generation &gt; should handle method parameter detection correctly (prototype param counts)" time="0.0001152">
        </testcase>
        <testcase classname="tests/00_Registry.test.ts" name="Auto-Generation System Tests (JOI-Based) &gt; Features Generation &gt; Feature Extraction Edge Cases &gt; should detect async methods via prototype inspection" time="0.000157">
        </testcase>
        <testcase classname="tests/00_Registry.test.ts" name="Auto-Generation System Tests (JOI-Based) &gt; Features Generation &gt; Feature Extraction Edge Cases &gt; should find methods with multiple declared parameters" time="0.0002089">
        </testcase>
        <testcase classname="tests/00_Registry.test.ts" name="Auto-Generation System Tests (JOI-Based) &gt; Features Generation &gt; Feature Extraction Edge Cases &gt; should gracefully handle malformed adapter classes during inspection" time="0.0013539">
        </testcase>
        <testcase classname="tests/00_Registry.test.ts" name="Auto-Generation System Tests (JOI-Based) &gt; JOI Schema Validation Features &gt; should demonstrate JOI schema benefits over interface reflection" time="0.0099355">
            <system-out>
🤖 [MS3-PKG] [DEBUG] 🤖 [MS3-PKG] [DEBUG] 🔍 [getRequirements] Starting analysis for complex-adapter
🤖 [MS3-PKG] [DEBUG] 🤖 [MS3-PKG] [DEBUG] 🔬 [analyzeJoiSchema] Analyzing schema at path: options
🤖 [MS3-PKG] [DEBUG] 🤖 [MS3-PKG] [DEBUG] 📋 [analyzeJoiSchema] Schema description type: object
🤖 [MS3-PKG] [DEBUG] 🤖 [MS3-PKG] [DEBUG] 📋 [analyzeJoiSchema] Schema keys: [ [32m&apos;apiKey&apos;[39m, [32m&apos;timeout&apos;[39m, [32m&apos;retries&apos;[39m, [32m&apos;endpoints&apos;[39m, [32m&apos;features&apos;[39m ]
🤖 [MS3-PKG] [DEBUG] 🤖 [MS3-PKG] [DEBUG] ✅ [analyzeJoiSchema] Processing object schema with 5 keys
🤖 [MS3-PKG] [DEBUG] 🤖 [MS3-PKG] [DEBUG] 🔑 [analyzeJoiSchema] Processing field: apiKey
🤖 [MS3-PKG] [DEBUG] 🤖 [MS3-PKG] [DEBUG] 📝 [analyzeJoiSchema] Field description: {
  type: [32m&apos;string&apos;[39m,
  flags: {
    presence: [32m&apos;required&apos;[39m,
    description: [32m&apos;API key must be alphanumeric, 32-64 characters&apos;[39m
  },
  rules: [
    { name: [32m&apos;alphanum&apos;[39m },
    { name: [32m&apos;min&apos;[39m, args: [36m[Object][39m },
    { name: [32m&apos;max&apos;[39m, args: [36m[Object][39m }
  ]
}
🤖 [MS3-PKG] [DEBUG] 🤖 [MS3-PKG] [DEBUG] 📊 [analyzeJoiSchema] Field apiKey: type=string, required=true, message=&quot;API key must be alphanumeric, 32-64 characters&quot;
🤖 [MS3-PKG] [DEBUG] 🤖 [MS3-PKG] [DEBUG] 🔑 [analyzeJoiSchema] Processing field: timeout
🤖 [MS3-PKG] [DEBUG] 🤖 [MS3-PKG] [DEBUG] 📝 [analyzeJoiSchema] Field description: {
  type: [32m&apos;number&apos;[39m,
  flags: {
    presence: [32m&apos;optional&apos;[39m,
    default: [33m5000[39m,
    description: [32m&apos;Timeout in milliseconds (1-30 seconds)&apos;[39m
  },
  rules: [ { name: [32m&apos;min&apos;[39m, args: [36m[Object][39m }, { name: [32m&apos;max&apos;[39m, args: [36m[Object][39m } ]
}
🤖 [MS3-PKG] [DEBUG] 🤖 [MS3-PKG] [DEBUG] 📊 [analyzeJoiSchema] Field timeout: type=number, required=false, message=&quot;Timeout in milliseconds (1-30 seconds)&quot;
🤖 [MS3-PKG] [DEBUG] 🤖 [MS3-PKG] [DEBUG] 🔑 [analyzeJoiSchema] Processing field: retries
🤖 [MS3-PKG] [DEBUG] 🤖 [MS3-PKG] [DEBUG] 📝 [analyzeJoiSchema] Field description: {
  type: [32m&apos;number&apos;[39m,
  flags: {
    presence: [32m&apos;optional&apos;[39m,
    default: [33m3[39m,
    description: [32m&apos;Number of retry attempts (0-5)&apos;[39m
  },
  rules: [
    { name: [32m&apos;integer&apos;[39m },
    { name: [32m&apos;min&apos;[39m, args: [36m[Object][39m },
    { name: [32m&apos;max&apos;[39m, args: [36m[Object][39m }
  ]
}
🤖 [MS3-PKG] [DEBUG] 🤖 [MS3-PKG] [DEBUG] 📊 [analyzeJoiSchema] Field retries: type=number, required=false, message=&quot;Number of retry attempts (0-5)&quot;
🤖 [MS3-PKG] [DEBUG] 🤖 [MS3-PKG] [DEBUG] 🔑 [analyzeJoiSchema] Processing field: endpoints
🤖 [MS3-PKG] [DEBUG] 🤖 [MS3-PKG] [DEBUG] 📝 [analyzeJoiSchema] Field description: {
  type: [32m&apos;array&apos;[39m,
  flags: { presence: [32m&apos;required&apos;[39m, description: [32m&apos;Array of valid endpoint URLs&apos;[39m },
  rules: [ { name: [32m&apos;min&apos;[39m, args: [36m[Object][39m } ],
  items: [ { type: [32m&apos;string&apos;[39m, rules: [36m[Array][39m } ]
}
🤖 [MS3-PKG] [DEBUG] 🤖 [MS3-PKG] [DEBUG] 📊 [analyzeJoiSchema] Field endpoints: type=array, required=true, message=&quot;Array of valid endpoint URLs&quot;
🤖 [MS3-PKG] [DEBUG] 🤖 [MS3-PKG] [DEBUG] 🔑 [analyzeJoiSchema] Processing field: features
🤖 [MS3-PKG] [DEBUG] 🤖 [MS3-PKG] [DEBUG] 📝 [analyzeJoiSchema] Field description: {
  type: [32m&apos;object&apos;[39m,
  flags: { presence: [32m&apos;optional&apos;[39m, description: [32m&apos;Optional feature toggles&apos;[39m },
  keys: { enableLogging: { type: [32m&apos;boolean&apos;[39m, flags: [36m[Object][39m } }
}
🤖 [MS3-PKG] [DEBUG] 🤖 [MS3-PKG] [DEBUG] 📊 [analyzeJoiSchema] Field features: type=object, required=false, message=&quot;Optional feature toggles&quot;
🤖 [MS3-PKG] [DEBUG] 🤖 [MS3-PKG] [DEBUG] 🔄 [analyzeJoiSchema] Recursing into nested object: features
🤖 [MS3-PKG] [INFO] 🤖 [MS3-PKG] [INFO] 📊 [analyzeJoiSchema] Generated 6 requirements for options

            </system-out>
        </testcase>
        <testcase classname="tests/00_Registry.test.ts" name="Auto-Generation System Tests (JOI-Based) &gt; Error Handling and Edge Cases &gt; should handle malformed JOI schemas gracefully" time="0.0003621">
            <system-out>
🤖 [MS3-PKG] [DEBUG] 🤖 [MS3-PKG] [DEBUG] 🔍 [getRequirements] Starting analysis for malformed

            </system-out>
            <system-err>
🤖 [MS3-PKG] [WARN] 🤖 [MS3-PKG] [WARN] [getRequirements] No requirements found for malformed interface - using fallback.
🤖 [MS3-PKG] [WARN] 🤖 [MS3-PKG] [WARN] [getRequirements] Using fallback requirements for malformed

            </system-err>
        </testcase>
        <testcase classname="tests/00_Registry.test.ts" name="Auto-Generation System Tests (JOI-Based) &gt; Error Handling and Edge Cases &gt; should provide meaningful error messages for complex validations" time="0.0019001">
            <system-out>
🤖 [MS3-PKG] [DEBUG] 🤖 [MS3-PKG] [DEBUG] 🔍 [getRequirements] Starting analysis for edge-case
🤖 [MS3-PKG] [DEBUG] 🤖 [MS3-PKG] [DEBUG] 🔬 [analyzeJoiSchema] Analyzing schema at path: options
🤖 [MS3-PKG] [DEBUG] 🤖 [MS3-PKG] [DEBUG] 📋 [analyzeJoiSchema] Schema description type: object
🤖 [MS3-PKG] [DEBUG] 🤖 [MS3-PKG] [DEBUG] 📋 [analyzeJoiSchema] Schema keys: [ [32m&apos;config.api.key&apos;[39m ]
🤖 [MS3-PKG] [DEBUG] 🤖 [MS3-PKG] [DEBUG] ✅ [analyzeJoiSchema] Processing object schema with 1 keys
🤖 [MS3-PKG] [DEBUG] 🤖 [MS3-PKG] [DEBUG] 🔑 [analyzeJoiSchema] Processing field: config.api.key
🤖 [MS3-PKG] [DEBUG] 🤖 [MS3-PKG] [DEBUG] 📝 [analyzeJoiSchema] Field description: {
  type: [32m&apos;string&apos;[39m,
  flags: {
    presence: [32m&apos;required&apos;[39m,
    description: [32m&apos;API key with special characters in path&apos;[39m
  }
}
🤖 [MS3-PKG] [DEBUG] 🤖 [MS3-PKG] [DEBUG] 📊 [analyzeJoiSchema] Field config.api.key: type=string, required=true, message=&quot;API key with special characters in path&quot;
🤖 [MS3-PKG] [INFO] 🤖 [MS3-PKG] [INFO] 📊 [analyzeJoiSchema] Generated 1 requirements for options

            </system-out>
        </testcase>
        <testcase classname="tests/00_Registry.test.ts" name="Auto-Generation System Tests (JOI-Based) &gt; Error Handling and Edge Cases &gt; Error Recovery and Robustness &gt; should handle memory constraints gracefully" time="0.0330562">
            <system-out>
🤖 [MS3-PKG] [DEBUG] 🤖 [MS3-PKG] [DEBUG] 🔍 [getRequirements] Starting analysis for large-schema-test
🤖 [MS3-PKG] [DEBUG] 🤖 [MS3-PKG] [DEBUG] 🔬 [analyzeJoiSchema] Analyzing schema at path: options
🤖 [MS3-PKG] [DEBUG] 🤖 [MS3-PKG] [DEBUG] 📋 [analyzeJoiSchema] Schema description type: object
🤖 [MS3-PKG] [DEBUG] 🤖 [MS3-PKG] [DEBUG] 📋 [analyzeJoiSchema] Schema keys: [
  [32m&apos;field0&apos;[39m,  [32m&apos;field1&apos;[39m,  [32m&apos;field2&apos;[39m,  [32m&apos;field3&apos;[39m,  [32m&apos;field4&apos;[39m,  [32m&apos;field5&apos;[39m,
  [32m&apos;field6&apos;[39m,  [32m&apos;field7&apos;[39m,  [32m&apos;field8&apos;[39m,  [32m&apos;field9&apos;[39m,  [32m&apos;field10&apos;[39m, [32m&apos;field11&apos;[39m,
  [32m&apos;field12&apos;[39m, [32m&apos;field13&apos;[39m, [32m&apos;field14&apos;[39m, [32m&apos;field15&apos;[39m, [32m&apos;field16&apos;[39m, [32m&apos;field17&apos;[39m,
  [32m&apos;field18&apos;[39m, [32m&apos;field19&apos;[39m, [32m&apos;field20&apos;[39m, [32m&apos;field21&apos;[39m, [32m&apos;field22&apos;[39m, [32m&apos;field23&apos;[39m,
  [32m&apos;field24&apos;[39m, [32m&apos;field25&apos;[39m, [32m&apos;field26&apos;[39m, [32m&apos;field27&apos;[39m, [32m&apos;field28&apos;[39m, [32m&apos;field29&apos;[39m,
  [32m&apos;field30&apos;[39m, [32m&apos;field31&apos;[39m, [32m&apos;field32&apos;[39m, [32m&apos;field33&apos;[39m, [32m&apos;field34&apos;[39m, [32m&apos;field35&apos;[39m,
  [32m&apos;field36&apos;[39m, [32m&apos;field37&apos;[39m, [32m&apos;field38&apos;[39m, [32m&apos;field39&apos;[39m, [32m&apos;field40&apos;[39m, [32m&apos;field41&apos;[39m,
  [32m&apos;field42&apos;[39m, [32m&apos;field43&apos;[39m, [32m&apos;field44&apos;[39m, [32m&apos;field45&apos;[39m, [32m&apos;field46&apos;[39m, [32m&apos;field47&apos;[39m,
  [32m&apos;field48&apos;[39m, [32m&apos;field49&apos;[39m, [32m&apos;field50&apos;[39m, [32m&apos;field51&apos;[39m, [32m&apos;field52&apos;[39m, [32m&apos;field53&apos;[39m,
  [32m&apos;field54&apos;[39m, [32m&apos;field55&apos;[39m, [32m&apos;field56&apos;[39m, [32m&apos;field57&apos;[39m, [32m&apos;field58&apos;[39m, [32m&apos;field59&apos;[39m,
  [32m&apos;field60&apos;[39m, [32m&apos;field61&apos;[39m, [32m&apos;field62&apos;[39m, [32m&apos;field63&apos;[39m, [32m&apos;field64&apos;[39m, [32m&apos;field65&apos;[39m,
  [32m&apos;field66&apos;[39m, [32m&apos;field67&apos;[39m, [32m&apos;field68&apos;[39m, [32m&apos;field69&apos;[39m, [32m&apos;field70&apos;[39m, [32m&apos;field71&apos;[39m,
  [32m&apos;field72&apos;[39m, [32m&apos;field73&apos;[39m, [32m&apos;field74&apos;[39m, [32m&apos;field75&apos;[39m, [32m&apos;field76&apos;[39m, [32m&apos;field77&apos;[39m,
  [32m&apos;field78&apos;[39m, [32m&apos;field79&apos;[39m, [32m&apos;field80&apos;[39m, [32m&apos;field81&apos;[39m, [32m&apos;field82&apos;[39m, [32m&apos;field83&apos;[39m,
  [32m&apos;field84&apos;[39m, [32m&apos;field85&apos;[39m, [32m&apos;field86&apos;[39m, [32m&apos;field87&apos;[39m, [32m&apos;field88&apos;[39m, [32m&apos;field89&apos;[39m,
  [32m&apos;field90&apos;[39m, [32m&apos;field91&apos;[39m, [32m&apos;field92&apos;[39m, [32m&apos;field93&apos;[39m, [32m&apos;field94&apos;[39m, [32m&apos;field95&apos;[39m,
  [32m&apos;field96&apos;[39m, [32m&apos;field97&apos;[39m, [32m&apos;field98&apos;[39m, [32m&apos;field99&apos;[39m
]
🤖 [MS3-PKG] [DEBUG] 🤖 [MS3-PKG] [DEBUG] ✅ [analyzeJoiSchema] Processing object schema with 100 keys
🤖 [MS3-PKG] [DEBUG] 🤖 [MS3-PKG] [DEBUG] 🔑 [analyzeJoiSchema] Processing field: field0
🤖 [MS3-PKG] [DEBUG] 🤖 [MS3-PKG] [DEBUG] 📝 [analyzeJoiSchema] Field description: {
  type: [32m&apos;string&apos;[39m,
  flags: { presence: [32m&apos;optional&apos;[39m, description: [32m&apos;Field number 0&apos;[39m }
}
🤖 [MS3-PKG] [DEBUG] 🤖 [MS3-PKG] [DEBUG] 📊 [analyzeJoiSchema] Field field0: type=string, required=false, message=&quot;Field number 0&quot;
🤖 [MS3-PKG] [DEBUG] 🤖 [MS3-PKG] [DEBUG] 🔑 [analyzeJoiSchema] Processing field: field1
🤖 [MS3-PKG] [DEBUG] 🤖 [MS3-PKG] [DEBUG] 📝 [analyzeJoiSchema] Field description: {
  type: [32m&apos;string&apos;[39m,
  flags: { presence: [32m&apos;optional&apos;[39m, description: [32m&apos;Field number 1&apos;[39m }
}
🤖 [MS3-PKG] [DEBUG] 🤖 [MS3-PKG] [DEBUG] 📊 [analyzeJoiSchema] Field field1: type=string, required=false, message=&quot;Field number 1&quot;
🤖 [MS3-PKG] [DEBUG] 🤖 [MS3-PKG] [DEBUG] 🔑 [analyzeJoiSchema] Processing field: field2
🤖 [MS3-PKG] [DEBUG] 🤖 [MS3-PKG] [DEBUG] 📝 [analyzeJoiSchema] Field description: {
  type: [32m&apos;string&apos;[39m,
  flags: { presence: [32m&apos;optional&apos;[39m, description: [32m&apos;Field number 2&apos;[39m }
}
🤖 [MS3-PKG] [DEBUG] 🤖 [MS3-PKG] [DEBUG] 📊 [analyzeJoiSchema] Field field2: type=string, required=false, message=&quot;Field number 2&quot;
🤖 [MS3-PKG] [DEBUG] 🤖 [MS3-PKG] [DEBUG] 🔑 [analyzeJoiSchema] Processing field: field3
🤖 [MS3-PKG] [DEBUG] 🤖 [MS3-PKG] [DEBUG] 📝 [analyzeJoiSchema] Field description: {
  type: [32m&apos;string&apos;[39m,
  flags: { presence: [32m&apos;optional&apos;[39m, description: [32m&apos;Field number 3&apos;[39m }
}
🤖 [MS3-PKG] [DEBUG] 🤖 [MS3-PKG] [DEBUG] 📊 [analyzeJoiSchema] Field field3: type=string, required=false, message=&quot;Field number 3&quot;
🤖 [MS3-PKG] [DEBUG] 🤖 [MS3-PKG] [DEBUG] 🔑 [analyzeJoiSchema] Processing field: field4
🤖 [MS3-PKG] [DEBUG] 🤖 [MS3-PKG] [DEBUG] 📝 [analyzeJoiSchema] Field description: {
  type: [32m&apos;string&apos;[39m,
  flags: { presence: [32m&apos;optional&apos;[39m, description: [32m&apos;Field number 4&apos;[39m }
}
🤖 [MS3-PKG] [DEBUG] 🤖 [MS3-PKG] [DEBUG] 📊 [analyzeJoiSchema] Field field4: type=string, required=false, message=&quot;Field number 4&quot;
🤖 [MS3-PKG] [DEBUG] 🤖 [MS3-PKG] [DEBUG] 🔑 [analyzeJoiSchema] Processing field: field5
🤖 [MS3-PKG] [DEBUG] 🤖 [MS3-PKG] [DEBUG] 📝 [analyzeJoiSchema] Field description: {
  type: [32m&apos;string&apos;[39m,
  flags: { presence: [32m&apos;optional&apos;[39m, description: [32m&apos;Field number 5&apos;[39m }
}
🤖 [MS3-PKG] [DEBUG] 🤖 [MS3-PKG] [DEBUG] 📊 [analyzeJoiSchema] Field field5: type=string, required=false, message=&quot;Field number 5&quot;
🤖 [MS3-PKG] [DEBUG] 🤖 [MS3-PKG] [DEBUG] 🔑 [analyzeJoiSchema] Processing field: field6
🤖 [MS3-PKG] [DEBUG] 🤖 [MS3-PKG] [DEBUG] 📝 [analyzeJoiSchema] Field description: {
  type: [32m&apos;string&apos;[39m,
  flags: { presence: [32m&apos;optional&apos;[39m, description: [32m&apos;Field number 6&apos;[39m }
}
🤖 [MS3-PKG] [DEBUG] 🤖 [MS3-PKG] [DEBUG] 📊 [analyzeJoiSchema] Field field6: type=string, required=false, message=&quot;Field number 6&quot;
🤖 [MS3-PKG] [DEBUG] 🤖 [MS3-PKG] [DEBUG] 🔑 [analyzeJoiSchema] Processing field: field7
🤖 [MS3-PKG] [DEBUG] 🤖 [MS3-PKG] [DEBUG] 📝 [analyzeJoiSchema] Field description: {
  type: [32m&apos;string&apos;[39m,
  flags: { presence: [32m&apos;optional&apos;[39m, description: [32m&apos;Field number 7&apos;[39m }
}
🤖 [MS3-PKG] [DEBUG] 🤖 [MS3-PKG] [DEBUG] 📊 [analyzeJoiSchema] Field field7: type=string, required=false, message=&quot;Field number 7&quot;
🤖 [MS3-PKG] [DEBUG] 🤖 [MS3-PKG] [DEBUG] 🔑 [analyzeJoiSchema] Processing field: field8
🤖 [MS3-PKG] [DEBUG] 🤖 [MS3-PKG] [DEBUG] 📝 [analyzeJoiSchema] Field description: {
  type: [32m&apos;string&apos;[39m,
  flags: { presence: [32m&apos;optional&apos;[39m, description: [32m&apos;Field number 8&apos;[39m }
}
🤖 [MS3-PKG] [DEBUG] 🤖 [MS3-PKG] [DEBUG] 📊 [analyzeJoiSchema] Field field8: type=string, required=false, message=&quot;Field number 8&quot;
🤖 [MS3-PKG] [DEBUG] 🤖 [MS3-PKG] [DEBUG] 🔑 [analyzeJoiSchema] Processing field: field9
🤖 [MS3-PKG] [DEBUG] 🤖 [MS3-PKG] [DEBUG] 📝 [analyzeJoiSchema] Field description: {
  type: [32m&apos;string&apos;[39m,
  flags: { presence: [32m&apos;optional&apos;[39m, description: [32m&apos;Field number 9&apos;[39m }
}
🤖 [MS3-PKG] [DEBUG] 🤖 [MS3-PKG] [DEBUG] 📊 [analyzeJoiSchema] Field field9: type=string, required=false, message=&quot;Field number 9&quot;
🤖 [MS3-PKG] [DEBUG] 🤖 [MS3-PKG] [DEBUG] 🔑 [analyzeJoiSchema] Processing field: field10
🤖 [MS3-PKG] [DEBUG] 🤖 [MS3-PKG] [DEBUG] 📝 [analyzeJoiSchema] Field description: {
  type: [32m&apos;string&apos;[39m,
  flags: { presence: [32m&apos;optional&apos;[39m, description: [32m&apos;Field number 10&apos;[39m }
}
🤖 [MS3-PKG] [DEBUG] 🤖 [MS3-PKG] [DEBUG] 📊 [analyzeJoiSchema] Field field10: type=string, required=false, message=&quot;Field number 10&quot;
🤖 [MS3-PKG] [DEBUG] 🤖 [MS3-PKG] [DEBUG] 🔑 [analyzeJoiSchema] Processing field: field11
🤖 [MS3-PKG] [DEBUG] 🤖 [MS3-PKG] [DEBUG] 📝 [analyzeJoiSchema] Field description: {
  type: [32m&apos;string&apos;[39m,
  flags: { presence: [32m&apos;optional&apos;[39m, description: [32m&apos;Field number 11&apos;[39m }
}
🤖 [MS3-PKG] [DEBUG] 🤖 [MS3-PKG] [DEBUG] 📊 [analyzeJoiSchema] Field field11: type=string, required=false, message=&quot;Field number 11&quot;
🤖 [MS3-PKG] [DEBUG] 🤖 [MS3-PKG] [DEBUG] 🔑 [analyzeJoiSchema] Processing field: field12
🤖 [MS3-PKG] [DEBUG] 🤖 [MS3-PKG] [DEBUG] 📝 [analyzeJoiSchema] Field description: {
  type: [32m&apos;string&apos;[39m,
  flags: { presence: [32m&apos;optional&apos;[39m, description: [32m&apos;Field number 12&apos;[39m }
}
🤖 [MS3-PKG] [DEBUG] 🤖 [MS3-PKG] [DEBUG] 📊 [analyzeJoiSchema] Field field12: type=string, required=false, message=&quot;Field number 12&quot;
🤖 [MS3-PKG] [DEBUG] 🤖 [MS3-PKG] [DEBUG] 🔑 [analyzeJoiSchema] Processing field: field13
🤖 [MS3-PKG] [DEBUG] 🤖 [MS3-PKG] [DEBUG] 📝 [analyzeJoiSchema] Field description: {
  type: [32m&apos;string&apos;[39m,
  flags: { presence: [32m&apos;optional&apos;[39m, description: [32m&apos;Field number 13&apos;[39m }
}
🤖 [MS3-PKG] [DEBUG] 🤖 [MS3-PKG] [DEBUG] 📊 [analyzeJoiSchema] Field field13: type=string, required=false, message=&quot;Field number 13&quot;
🤖 [MS3-PKG] [DEBUG] 🤖 [MS3-PKG] [DEBUG] 🔑 [analyzeJoiSchema] Processing field: field14
🤖 [MS3-PKG] [DEBUG] 🤖 [MS3-PKG] [DEBUG] 📝 [analyzeJoiSchema] Field description: {
  type: [32m&apos;string&apos;[39m,
  flags: { presence: [32m&apos;optional&apos;[39m, description: [32m&apos;Field number 14&apos;[39m }
}
🤖 [MS3-PKG] [DEBUG] 🤖 [MS3-PKG] [DEBUG] 📊 [analyzeJoiSchema] Field field14: type=string, required=false, message=&quot;Field number 14&quot;
🤖 [MS3-PKG] [DEBUG] 🤖 [MS3-PKG] [DEBUG] 🔑 [analyzeJoiSchema] Processing field: field15
🤖 [MS3-PKG] [DEBUG] 🤖 [MS3-PKG] [DEBUG] 📝 [analyzeJoiSchema] Field description: {
  type: [32m&apos;string&apos;[39m,
  flags: { presence: [32m&apos;optional&apos;[39m, description: [32m&apos;Field number 15&apos;[39m }
}
🤖 [MS3-PKG] [DEBUG] 🤖 [MS3-PKG] [DEBUG] 📊 [analyzeJoiSchema] Field field15: type=string, required=false, message=&quot;Field number 15&quot;
🤖 [MS3-PKG] [DEBUG] 🤖 [MS3-PKG] [DEBUG] 🔑 [analyzeJoiSchema] Processing field: field16
🤖 [MS3-PKG] [DEBUG] 🤖 [MS3-PKG] [DEBUG] 📝 [analyzeJoiSchema] Field description: {
  type: [32m&apos;string&apos;[39m,
  flags: { presence: [32m&apos;optional&apos;[39m, description: [32m&apos;Field number 16&apos;[39m }
}
🤖 [MS3-PKG] [DEBUG] 🤖 [MS3-PKG] [DEBUG] 📊 [analyzeJoiSchema] Field field16: type=string, required=false, message=&quot;Field number 16&quot;
🤖 [MS3-PKG] [DEBUG] 🤖 [MS3-PKG] [DEBUG] 🔑 [analyzeJoiSchema] Processing field: field17
🤖 [MS3-PKG] [DEBUG] 🤖 [MS3-PKG] [DEBUG] 📝 [analyzeJoiSchema] Field description: {
  type: [32m&apos;string&apos;[39m,
  flags: { presence: [32m&apos;optional&apos;[39m, description: [32m&apos;Field number 17&apos;[39m }
}
🤖 [MS3-PKG] [DEBUG] 🤖 [MS3-PKG] [DEBUG] 📊 [analyzeJoiSchema] Field field17: type=string, required=false, message=&quot;Field number 17&quot;
🤖 [MS3-PKG] [DEBUG] 🤖 [MS3-PKG] [DEBUG] 🔑 [analyzeJoiSchema] Processing field: field18
🤖 [MS3-PKG] [DEBUG] 🤖 [MS3-PKG] [DEBUG] 📝 [analyzeJoiSchema] Field description: {
  type: [32m&apos;string&apos;[39m,
  flags: { presence: [32m&apos;optional&apos;[39m, description: [32m&apos;Field number 18&apos;[39m }
}
🤖 [MS3-PKG] [DEBUG] 🤖 [MS3-PKG] [DEBUG] 📊 [analyzeJoiSchema] Field field18: type=string, required=false, message=&quot;Field number 18&quot;
🤖 [MS3-PKG] [DEBUG] 🤖 [MS3-PKG] [DEBUG] 🔑 [analyzeJoiSchema] Processing field: field19
🤖 [MS3-PKG] [DEBUG] 🤖 [MS3-PKG] [DEBUG] 📝 [analyzeJoiSchema] Field description: {
  type: [32m&apos;string&apos;[39m,
  flags: { presence: [32m&apos;optional&apos;[39m, description: [32m&apos;Field number 19&apos;[39m }
}
🤖 [MS3-PKG] [DEBUG] 🤖 [MS3-PKG] [DEBUG] 📊 [analyzeJoiSchema] Field field19: type=string, required=false, message=&quot;Field number 19&quot;
🤖 [MS3-PKG] [DEBUG] 🤖 [MS3-PKG] [DEBUG] 🔑 [analyzeJoiSchema] Processing field: field20
🤖 [MS3-PKG] [DEBUG] 🤖 [MS3-PKG] [DEBUG] 📝 [analyzeJoiSchema] Field description: {
  type: [32m&apos;string&apos;[39m,
  flags: { presence: [32m&apos;optional&apos;[39m, description: [32m&apos;Field number 20&apos;[39m }
}
🤖 [MS3-PKG] [DEBUG] 🤖 [MS3-PKG] [DEBUG] 📊 [analyzeJoiSchema] Field field20: type=string, required=false, message=&quot;Field number 20&quot;
🤖 [MS3-PKG] [DEBUG] 🤖 [MS3-PKG] [DEBUG] 🔑 [analyzeJoiSchema] Processing field: field21
🤖 [MS3-PKG] [DEBUG] 🤖 [MS3-PKG] [DEBUG] 📝 [analyzeJoiSchema] Field description: {
  type: [32m&apos;string&apos;[39m,
  flags: { presence: [32m&apos;optional&apos;[39m, description: [32m&apos;Field number 21&apos;[39m }
}
🤖 [MS3-PKG] [DEBUG] 🤖 [MS3-PKG] [DEBUG] 📊 [analyzeJoiSchema] Field field21: type=string, required=false, message=&quot;Field number 21&quot;
🤖 [MS3-PKG] [DEBUG] 🤖 [MS3-PKG] [DEBUG] 🔑 [analyzeJoiSchema] Processing field: field22
🤖 [MS3-PKG] [DEBUG] 🤖 [MS3-PKG] [DEBUG] 📝 [analyzeJoiSchema] Field description: {
  type: [32m&apos;string&apos;[39m,
  flags: { presence: [32m&apos;optional&apos;[39m, description: [32m&apos;Field number 22&apos;[39m }
}
🤖 [MS3-PKG] [DEBUG] 🤖 [MS3-PKG] [DEBUG] 📊 [analyzeJoiSchema] Field field22: type=string, required=false, message=&quot;Field number 22&quot;
🤖 [MS3-PKG] [DEBUG] 🤖 [MS3-PKG] [DEBUG] 🔑 [analyzeJoiSchema] Processing field: field23
🤖 [MS3-PKG] [DEBUG] 🤖 [MS3-PKG] [DEBUG] 📝 [analyzeJoiSchema] Field description: {
  type: [32m&apos;string&apos;[39m,
  flags: { presence: [32m&apos;optional&apos;[39m, description: [32m&apos;Field number 23&apos;[39m }
}
🤖 [MS3-PKG] [DEBUG] 🤖 [MS3-PKG] [DEBUG] 📊 [analyzeJoiSchema] Field field23: type=string, required=false, message=&quot;Field number 23&quot;
🤖 [MS3-PKG] [DEBUG] 🤖 [MS3-PKG] [DEBUG] 🔑 [analyzeJoiSchema] Processing field: field24
🤖 [MS3-PKG] [DEBUG] 🤖 [MS3-PKG] [DEBUG] 📝 [analyzeJoiSchema] Field description: {
  type: [32m&apos;string&apos;[39m,
  flags: { presence: [32m&apos;optional&apos;[39m, description: [32m&apos;Field number 24&apos;[39m }
}
🤖 [MS3-PKG] [DEBUG] 🤖 [MS3-PKG] [DEBUG] 📊 [analyzeJoiSchema] Field field24: type=string, required=false, message=&quot;Field number 24&quot;
🤖 [MS3-PKG] [DEBUG] 🤖 [MS3-PKG] [DEBUG] 🔑 [analyzeJoiSchema] Processing field: field25
🤖 [MS3-PKG] [DEBUG] 🤖 [MS3-PKG] [DEBUG] 📝 [analyzeJoiSchema] Field description: {
  type: [32m&apos;string&apos;[39m,
  flags: { presence: [32m&apos;optional&apos;[39m, description: [32m&apos;Field number 25&apos;[39m }
}
🤖 [MS3-PKG] [DEBUG] 🤖 [MS3-PKG] [DEBUG] 📊 [analyzeJoiSchema] Field field25: type=string, required=false, message=&quot;Field number 25&quot;
🤖 [MS3-PKG] [DEBUG] 🤖 [MS3-PKG] [DEBUG] 🔑 [analyzeJoiSchema] Processing field: field26
🤖 [MS3-PKG] [DEBUG] 🤖 [MS3-PKG] [DEBUG] 📝 [analyzeJoiSchema] Field description: {
  type: [32m&apos;string&apos;[39m,
  flags: { presence: [32m&apos;optional&apos;[39m, description: [32m&apos;Field number 26&apos;[39m }
}
🤖 [MS3-PKG] [DEBUG] 🤖 [MS3-PKG] [DEBUG] 📊 [analyzeJoiSchema] Field field26: type=string, required=false, message=&quot;Field number 26&quot;
🤖 [MS3-PKG] [DEBUG] 🤖 [MS3-PKG] [DEBUG] 🔑 [analyzeJoiSchema] Processing field: field27
🤖 [MS3-PKG] [DEBUG] 🤖 [MS3-PKG] [DEBUG] 📝 [analyzeJoiSchema] Field description: {
  type: [32m&apos;string&apos;[39m,
  flags: { presence: [32m&apos;optional&apos;[39m, description: [32m&apos;Field number 27&apos;[39m }
}
🤖 [MS3-PKG] [DEBUG] 🤖 [MS3-PKG] [DEBUG] 📊 [analyzeJoiSchema] Field field27: type=string, required=false, message=&quot;Field number 27&quot;
🤖 [MS3-PKG] [DEBUG] 🤖 [MS3-PKG] [DEBUG] 🔑 [analyzeJoiSchema] Processing field: field28
🤖 [MS3-PKG] [DEBUG] 🤖 [MS3-PKG] [DEBUG] 📝 [analyzeJoiSchema] Field description: {
  type: [32m&apos;string&apos;[39m,
  flags: { presence: [32m&apos;optional&apos;[39m, description: [32m&apos;Field number 28&apos;[39m }
}
🤖 [MS3-PKG] [DEBUG] 🤖 [MS3-PKG] [DEBUG] 📊 [analyzeJoiSchema] Field field28: type=string, required=false, message=&quot;Field number 28&quot;
🤖 [MS3-PKG] [DEBUG] 🤖 [MS3-PKG] [DEBUG] 🔑 [analyzeJoiSchema] Processing field: field29
🤖 [MS3-PKG] [DEBUG] 🤖 [MS3-PKG] [DEBUG] 📝 [analyzeJoiSchema] Field description: {
  type: [32m&apos;string&apos;[39m,
  flags: { presence: [32m&apos;optional&apos;[39m, description: [32m&apos;Field number 29&apos;[39m }
}
🤖 [MS3-PKG] [DEBUG] 🤖 [MS3-PKG] [DEBUG] 📊 [analyzeJoiSchema] Field field29: type=string, required=false, message=&quot;Field number 29&quot;
🤖 [MS3-PKG] [DEBUG] 🤖 [MS3-PKG] [DEBUG] 🔑 [analyzeJoiSchema] Processing field: field30
🤖 [MS3-PKG] [DEBUG] 🤖 [MS3-PKG] [DEBUG] 📝 [analyzeJoiSchema] Field description: {
  type: [32m&apos;string&apos;[39m,
  flags: { presence: [32m&apos;optional&apos;[39m, description: [32m&apos;Field number 30&apos;[39m }
}
🤖 [MS3-PKG] [DEBUG] 🤖 [MS3-PKG] [DEBUG] 📊 [analyzeJoiSchema] Field field30: type=string, required=false, message=&quot;Field number 30&quot;
🤖 [MS3-PKG] [DEBUG] 🤖 [MS3-PKG] [DEBUG] 🔑 [analyzeJoiSchema] Processing field: field31
🤖 [MS3-PKG] [DEBUG] 🤖 [MS3-PKG] [DEBUG] 📝 [analyzeJoiSchema] Field description: {
  type: [32m&apos;string&apos;[39m,
  flags: { presence: [32m&apos;optional&apos;[39m, description: [32m&apos;Field number 31&apos;[39m }
}
🤖 [MS3-PKG] [DEBUG] 🤖 [MS3-PKG] [DEBUG] 📊 [analyzeJoiSchema] Field field31: type=string, required=false, message=&quot;Field number 31&quot;
🤖 [MS3-PKG] [DEBUG] 🤖 [MS3-PKG] [DEBUG] 🔑 [analyzeJoiSchema] Processing field: field32
🤖 [MS3-PKG] [DEBUG] 🤖 [MS3-PKG] [DEBUG] 📝 [analyzeJoiSchema] Field description: {
  type: [32m&apos;string&apos;[39m,
  flags: { presence: [32m&apos;optional&apos;[39m, description: [32m&apos;Field number 32&apos;[39m }
}
🤖 [MS3-PKG] [DEBUG] 🤖 [MS3-PKG] [DEBUG] 📊 [analyzeJoiSchema] Field field32: type=string, required=false, message=&quot;Field number 32&quot;
🤖 [MS3-PKG] [DEBUG] 🤖 [MS3-PKG] [DEBUG] 🔑 [analyzeJoiSchema] Processing field: field33
🤖 [MS3-PKG] [DEBUG] 🤖 [MS3-PKG] [DEBUG] 📝 [analyzeJoiSchema] Field description: {
  type: [32m&apos;string&apos;[39m,
  flags: { presence: [32m&apos;optional&apos;[39m, description: [32m&apos;Field number 33&apos;[39m }
}
🤖 [MS3-PKG] [DEBUG] 🤖 [MS3-PKG] [DEBUG] 📊 [analyzeJoiSchema] Field field33: type=string, required=false, message=&quot;Field number 33&quot;
🤖 [MS3-PKG] [DEBUG] 🤖 [MS3-PKG] [DEBUG] 🔑 [analyzeJoiSchema] Processing field: field34
🤖 [MS3-PKG] [DEBUG] 🤖 [MS3-PKG] [DEBUG] 📝 [analyzeJoiSchema] Field description: {
  type: [32m&apos;string&apos;[39m,
  flags: { presence: [32m&apos;optional&apos;[39m, description: [32m&apos;Field number 34&apos;[39m }
}
🤖 [MS3-PKG] [DEBUG] 🤖 [MS3-PKG] [DEBUG] 📊 [analyzeJoiSchema] Field field34: type=string, required=false, message=&quot;Field number 34&quot;
🤖 [MS3-PKG] [DEBUG] 🤖 [MS3-PKG] [DEBUG] 🔑 [analyzeJoiSchema] Processing field: field35
🤖 [MS3-PKG] [DEBUG] 🤖 [MS3-PKG] [DEBUG] 📝 [analyzeJoiSchema] Field description: {
  type: [32m&apos;string&apos;[39m,
  flags: { presence: [32m&apos;optional&apos;[39m, description: [32m&apos;Field number 35&apos;[39m }
}
🤖 [MS3-PKG] [DEBUG] 🤖 [MS3-PKG] [DEBUG] 📊 [analyzeJoiSchema] Field field35: type=string, required=false, message=&quot;Field number 35&quot;
🤖 [MS3-PKG] [DEBUG] 🤖 [MS3-PKG] [DEBUG] 🔑 [analyzeJoiSchema] Processing field: field36
🤖 [MS3-PKG] [DEBUG] 🤖 [MS3-PKG] [DEBUG] 📝 [analyzeJoiSchema] Field description: {
  type: [32m&apos;string&apos;[39m,
  flags: { presence: [32m&apos;optional&apos;[39m, description: [32m&apos;Field number 36&apos;[39m }
}
🤖 [MS3-PKG] [DEBUG] 🤖 [MS3-PKG] [DEBUG] 📊 [analyzeJoiSchema] Field field36: type=string, required=false, message=&quot;Field number 36&quot;
🤖 [MS3-PKG] [DEBUG] 🤖 [MS3-PKG] [DEBUG] 🔑 [analyzeJoiSchema] Processing field: field37
🤖 [MS3-PKG] [DEBUG] 🤖 [MS3-PKG] [DEBUG] 📝 [analyzeJoiSchema] Field description: {
  type: [32m&apos;string&apos;[39m,
  flags: { presence: [32m&apos;optional&apos;[39m, description: [32m&apos;Field number 37&apos;[39m }
}
🤖 [MS3-PKG] [DEBUG] 🤖 [MS3-PKG] [DEBUG] 📊 [analyzeJoiSchema] Field field37: type=string, required=false, message=&quot;Field number 37&quot;
🤖 [MS3-PKG] [DEBUG] 🤖 [MS3-PKG] [DEBUG] 🔑 [analyzeJoiSchema] Processing field: field38
🤖 [MS3-PKG] [DEBUG] 🤖 [MS3-PKG] [DEBUG] 📝 [analyzeJoiSchema] Field description: {
  type: [32m&apos;string&apos;[39m,
  flags: { presence: [32m&apos;optional&apos;[39m, description: [32m&apos;Field number 38&apos;[39m }
}
🤖 [MS3-PKG] [DEBUG] 🤖 [MS3-PKG] [DEBUG] 📊 [analyzeJoiSchema] Field field38: type=string, required=false, message=&quot;Field number 38&quot;
🤖 [MS3-PKG] [DEBUG] 🤖 [MS3-PKG] [DEBUG] 🔑 [analyzeJoiSchema] Processing field: field39
🤖 [MS3-PKG] [DEBUG] 🤖 [MS3-PKG] [DEBUG] 📝 [analyzeJoiSchema] Field description: {
  type: [32m&apos;string&apos;[39m,
  flags: { presence: [32m&apos;optional&apos;[39m, description: [32m&apos;Field number 39&apos;[39m }
}
🤖 [MS3-PKG] [DEBUG] 🤖 [MS3-PKG] [DEBUG] 📊 [analyzeJoiSchema] Field field39: type=string, required=false, message=&quot;Field number 39&quot;
🤖 [MS3-PKG] [DEBUG] 🤖 [MS3-PKG] [DEBUG] 🔑 [analyzeJoiSchema] Processing field: field40
🤖 [MS3-PKG] [DEBUG] 🤖 [MS3-PKG] [DEBUG] 📝 [analyzeJoiSchema] Field description: {
  type: [32m&apos;string&apos;[39m,
  flags: { presence: [32m&apos;optional&apos;[39m, description: [32m&apos;Field number 40&apos;[39m }
}
🤖 [MS3-PKG] [DEBUG] 🤖 [MS3-PKG] [DEBUG] 📊 [analyzeJoiSchema] Field field40: type=string, required=false, message=&quot;Field number 40&quot;
🤖 [MS3-PKG] [DEBUG] 🤖 [MS3-PKG] [DEBUG] 🔑 [analyzeJoiSchema] Processing field: field41
🤖 [MS3-PKG] [DEBUG] 🤖 [MS3-PKG] [DEBUG] 📝 [analyzeJoiSchema] Field description: {
  type: [32m&apos;string&apos;[39m,
  flags: { presence: [32m&apos;optional&apos;[39m, description: [32m&apos;Field number 41&apos;[39m }
}
🤖 [MS3-PKG] [DEBUG] 🤖 [MS3-PKG] [DEBUG] 📊 [analyzeJoiSchema] Field field41: type=string, required=false, message=&quot;Field number 41&quot;
🤖 [MS3-PKG] [DEBUG] 🤖 [MS3-PKG] [DEBUG] 🔑 [analyzeJoiSchema] Processing field: field42
🤖 [MS3-PKG] [DEBUG] 🤖 [MS3-PKG] [DEBUG] 📝 [analyzeJoiSchema] Field description: {
  type: [32m&apos;string&apos;[39m,
  flags: { presence: [32m&apos;optional&apos;[39m, description: [32m&apos;Field number 42&apos;[39m }
}
🤖 [MS3-PKG] [DEBUG] 🤖 [MS3-PKG] [DEBUG] 📊 [analyzeJoiSchema] Field field42: type=string, required=false, message=&quot;Field number 42&quot;
🤖 [MS3-PKG] [DEBUG] 🤖 [MS3-PKG] [DEBUG] 🔑 [analyzeJoiSchema] Processing field: field43
🤖 [MS3-PKG] [DEBUG] 🤖 [MS3-PKG] [DEBUG] 📝 [analyzeJoiSchema] Field description: {
  type: [32m&apos;string&apos;[39m,
  flags: { presence: [32m&apos;optional&apos;[39m, description: [32m&apos;Field number 43&apos;[39m }
}
🤖 [MS3-PKG] [DEBUG] 🤖 [MS3-PKG] [DEBUG] 📊 [analyzeJoiSchema] Field field43: type=string, required=false, message=&quot;Field number 43&quot;
🤖 [MS3-PKG] [DEBUG] 🤖 [MS3-PKG] [DEBUG] 🔑 [analyzeJoiSchema] Processing field: field44
🤖 [MS3-PKG] [DEBUG] 🤖 [MS3-PKG] [DEBUG] 📝 [analyzeJoiSchema] Field description: {
  type: [32m&apos;string&apos;[39m,
  flags: { presence: [32m&apos;optional&apos;[39m, description: [32m&apos;Field number 44&apos;[39m }
}
🤖 [MS3-PKG] [DEBUG] 🤖 [MS3-PKG] [DEBUG] 📊 [analyzeJoiSchema] Field field44: type=string, required=false, message=&quot;Field number 44&quot;
🤖 [MS3-PKG] [DEBUG] 🤖 [MS3-PKG] [DEBUG] 🔑 [analyzeJoiSchema] Processing field: field45
🤖 [MS3-PKG] [DEBUG] 🤖 [MS3-PKG] [DEBUG] 📝 [analyzeJoiSchema] Field description: {
  type: [32m&apos;string&apos;[39m,
  flags: { presence: [32m&apos;optional&apos;[39m, description: [32m&apos;Field number 45&apos;[39m }
}
🤖 [MS3-PKG] [DEBUG] 🤖 [MS3-PKG] [DEBUG] 📊 [analyzeJoiSchema] Field field45: type=string, required=false, message=&quot;Field number 45&quot;
🤖 [MS3-PKG] [DEBUG] 🤖 [MS3-PKG] [DEBUG] 🔑 [analyzeJoiSchema] Processing field: field46
🤖 [MS3-PKG] [DEBUG] 🤖 [MS3-PKG] [DEBUG] 📝 [analyzeJoiSchema] Field description: {
  type: [32m&apos;string&apos;[39m,
  flags: { presence: [32m&apos;optional&apos;[39m, description: [32m&apos;Field number 46&apos;[39m }
}
🤖 [MS3-PKG] [DEBUG] 🤖 [MS3-PKG] [DEBUG] 📊 [analyzeJoiSchema] Field field46: type=string, required=false, message=&quot;Field number 46&quot;
🤖 [MS3-PKG] [DEBUG] 🤖 [MS3-PKG] [DEBUG] 🔑 [analyzeJoiSchema] Processing field: field47
🤖 [MS3-PKG] [DEBUG] 🤖 [MS3-PKG] [DEBUG] 📝 [analyzeJoiSchema] Field description: {
  type: [32m&apos;string&apos;[39m,
  flags: { presence: [32m&apos;optional&apos;[39m, description: [32m&apos;Field number 47&apos;[39m }
}
🤖 [MS3-PKG] [DEBUG] 🤖 [MS3-PKG] [DEBUG] 📊 [analyzeJoiSchema] Field field47: type=string, required=false, message=&quot;Field number 47&quot;
🤖 [MS3-PKG] [DEBUG] 🤖 [MS3-PKG] [DEBUG] 🔑 [analyzeJoiSchema] Processing field: field48
🤖 [MS3-PKG] [DEBUG] 🤖 [MS3-PKG] [DEBUG] 📝 [analyzeJoiSchema] Field description: {
  type: [32m&apos;string&apos;[39m,
  flags: { presence: [32m&apos;optional&apos;[39m, description: [32m&apos;Field number 48&apos;[39m }
}
🤖 [MS3-PKG] [DEBUG] 🤖 [MS3-PKG] [DEBUG] 📊 [analyzeJoiSchema] Field field48: type=string, required=false, message=&quot;Field number 48&quot;
🤖 [MS3-PKG] [DEBUG] 🤖 [MS3-PKG] [DEBUG] 🔑 [analyzeJoiSchema] Processing field: field49
🤖 [MS3-PKG] [DEBUG] 🤖 [MS3-PKG] [DEBUG] 📝 [analyzeJoiSchema] Field description: {
  type: [32m&apos;string&apos;[39m,
  flags: { presence: [32m&apos;optional&apos;[39m, description: [32m&apos;Field number 49&apos;[39m }
}
🤖 [MS3-PKG] [DEBUG] 🤖 [MS3-PKG] [DEBUG] 📊 [analyzeJoiSchema] Field field49: type=string, required=false, message=&quot;Field number 49&quot;
🤖 [MS3-PKG] [DEBUG] 🤖 [MS3-PKG] [DEBUG] 🔑 [analyzeJoiSchema] Processing field: field50
🤖 [MS3-PKG] [DEBUG] 🤖 [MS3-PKG] [DEBUG] 📝 [analyzeJoiSchema] Field description: {
  type: [32m&apos;string&apos;[39m,
  flags: { presence: [32m&apos;optional&apos;[39m, description: [32m&apos;Field number 50&apos;[39m }
}
🤖 [MS3-PKG] [DEBUG] 🤖 [MS3-PKG] [DEBUG] 📊 [analyzeJoiSchema] Field field50: type=string, required=false, message=&quot;Field number 50&quot;
🤖 [MS3-PKG] [DEBUG] 🤖 [MS3-PKG] [DEBUG] 🔑 [analyzeJoiSchema] Processing field: field51
🤖 [MS3-PKG] [DEBUG] 🤖 [MS3-PKG] [DEBUG] 📝 [analyzeJoiSchema] Field description: {
  type: [32m&apos;string&apos;[39m,
  flags: { presence: [32m&apos;optional&apos;[39m, description: [32m&apos;Field number 51&apos;[39m }
}
🤖 [MS3-PKG] [DEBUG] 🤖 [MS3-PKG] [DEBUG] 📊 [analyzeJoiSchema] Field field51: type=string, required=false, message=&quot;Field number 51&quot;
🤖 [MS3-PKG] [DEBUG] 🤖 [MS3-PKG] [DEBUG] 🔑 [analyzeJoiSchema] Processing field: field52
🤖 [MS3-PKG] [DEBUG] 🤖 [MS3-PKG] [DEBUG] 📝 [analyzeJoiSchema] Field description: {
  type: [32m&apos;string&apos;[39m,
  flags: { presence: [32m&apos;optional&apos;[39m, description: [32m&apos;Field number 52&apos;[39m }
}
🤖 [MS3-PKG] [DEBUG] 🤖 [MS3-PKG] [DEBUG] 📊 [analyzeJoiSchema] Field field52: type=string, required=false, message=&quot;Field number 52&quot;
🤖 [MS3-PKG] [DEBUG] 🤖 [MS3-PKG] [DEBUG] 🔑 [analyzeJoiSchema] Processing field: field53
🤖 [MS3-PKG] [DEBUG] 🤖 [MS3-PKG] [DEBUG] 📝 [analyzeJoiSchema] Field description: {
  type: [32m&apos;string&apos;[39m,
  flags: { presence: [32m&apos;optional&apos;[39m, description: [32m&apos;Field number 53&apos;[39m }
}
🤖 [MS3-PKG] [DEBUG] 🤖 [MS3-PKG] [DEBUG] 📊 [analyzeJoiSchema] Field field53: type=string, required=false, message=&quot;Field number 53&quot;
🤖 [MS3-PKG] [DEBUG] 🤖 [MS3-PKG] [DEBUG] 🔑 [analyzeJoiSchema] Processing field: field54
🤖 [MS3-PKG] [DEBUG] 🤖 [MS3-PKG] [DEBUG] 📝 [analyzeJoiSchema] Field description: {
  type: [32m&apos;string&apos;[39m,
  flags: { presence: [32m&apos;optional&apos;[39m, description: [32m&apos;Field number 54&apos;[39m }
}
🤖 [MS3-PKG] [DEBUG] 🤖 [MS3-PKG] [DEBUG] 📊 [analyzeJoiSchema] Field field54: type=string, required=false, message=&quot;Field number 54&quot;
🤖 [MS3-PKG] [DEBUG] 🤖 [MS3-PKG] [DEBUG] 🔑 [analyzeJoiSchema] Processing field: field55
🤖 [MS3-PKG] [DEBUG] 🤖 [MS3-PKG] [DEBUG] 📝 [analyzeJoiSchema] Field description: {
  type: [32m&apos;string&apos;[39m,
  flags: { presence: [32m&apos;optional&apos;[39m, description: [32m&apos;Field number 55&apos;[39m }
}
🤖 [MS3-PKG] [DEBUG] 🤖 [MS3-PKG] [DEBUG] 📊 [analyzeJoiSchema] Field field55: type=string, required=false, message=&quot;Field number 55&quot;
🤖 [MS3-PKG] [DEBUG] 🤖 [MS3-PKG] [DEBUG] 🔑 [analyzeJoiSchema] Processing field: field56
🤖 [MS3-PKG] [DEBUG] 🤖 [MS3-PKG] [DEBUG] 📝 [analyzeJoiSchema] Field description: {
  type: [32m&apos;string&apos;[39m,
  flags: { presence: [32m&apos;optional&apos;[39m, description: [32m&apos;Field number 56&apos;[39m }
}
🤖 [MS3-PKG] [DEBUG] 🤖 [MS3-PKG] [DEBUG] 📊 [analyzeJoiSchema] Field field56: type=string, required=false, message=&quot;Field number 56&quot;
🤖 [MS3-PKG] [DEBUG] 🤖 [MS3-PKG] [DEBUG] 🔑 [analyzeJoiSchema] Processing field: field57
🤖 [MS3-PKG] [DEBUG] 🤖 [MS3-PKG] [DEBUG] 📝 [analyzeJoiSchema] Field description: {
  type: [32m&apos;string&apos;[39m,
  flags: { presence: [32m&apos;optional&apos;[39m, description: [32m&apos;Field number 57&apos;[39m }
}
🤖 [MS3-PKG] [DEBUG] 🤖 [MS3-PKG] [DEBUG] 📊 [analyzeJoiSchema] Field field57: type=string, required=false, message=&quot;Field number 57&quot;
🤖 [MS3-PKG] [DEBUG] 🤖 [MS3-PKG] [DEBUG] 🔑 [analyzeJoiSchema] Processing field: field58
🤖 [MS3-PKG] [DEBUG] 🤖 [MS3-PKG] [DEBUG] 📝 [analyzeJoiSchema] Field description: {
  type: [32m&apos;string&apos;[39m,
  flags: { presence: [32m&apos;optional&apos;[39m, description: [32m&apos;Field number 58&apos;[39m }
}
🤖 [MS3-PKG] [DEBUG] 🤖 [MS3-PKG] [DEBUG] 📊 [analyzeJoiSchema] Field field58: type=string, required=false, message=&quot;Field number 58&quot;
🤖 [MS3-PKG] [DEBUG] 🤖 [MS3-PKG] [DEBUG] 🔑 [analyzeJoiSchema] Processing field: field59
🤖 [MS3-PKG] [DEBUG] 🤖 [MS3-PKG] [DEBUG] 📝 [analyzeJoiSchema] Field description: {
  type: [32m&apos;string&apos;[39m,
  flags: { presence: [32m&apos;optional&apos;[39m, description: [32m&apos;Field number 59&apos;[39m }
}
🤖 [MS3-PKG] [DEBUG] 🤖 [MS3-PKG] [DEBUG] 📊 [analyzeJoiSchema] Field field59: type=string, required=false, message=&quot;Field number 59&quot;
🤖 [MS3-PKG] [DEBUG] 🤖 [MS3-PKG] [DEBUG] 🔑 [analyzeJoiSchema] Processing field: field60
🤖 [MS3-PKG] [DEBUG] 🤖 [MS3-PKG] [DEBUG] 📝 [analyzeJoiSchema] Field description: {
  type: [32m&apos;string&apos;[39m,
  flags: { presence: [32m&apos;optional&apos;[39m, description: [32m&apos;Field number 60&apos;[39m }
}
🤖 [MS3-PKG] [DEBUG] 🤖 [MS3-PKG] [DEBUG] 📊 [analyzeJoiSchema] Field field60: type=string, required=false, message=&quot;Field number 60&quot;
🤖 [MS3-PKG] [DEBUG] 🤖 [MS3-PKG] [DEBUG] 🔑 [analyzeJoiSchema] Processing field: field61
🤖 [MS3-PKG] [DEBUG] 🤖 [MS3-PKG] [DEBUG] 📝 [analyzeJoiSchema] Field description: {
  type: [32m&apos;string&apos;[39m,
  flags: { presence: [32m&apos;optional&apos;[39m, description: [32m&apos;Field number 61&apos;[39m }
}
🤖 [MS3-PKG] [DEBUG] 🤖 [MS3-PKG] [DEBUG] 📊 [analyzeJoiSchema] Field field61: type=string, required=false, message=&quot;Field number 61&quot;
🤖 [MS3-PKG] [DEBUG] 🤖 [MS3-PKG] [DEBUG] 🔑 [analyzeJoiSchema] Processing field: field62
🤖 [MS3-PKG] [DEBUG] 🤖 [MS3-PKG] [DEBUG] 📝 [analyzeJoiSchema] Field description: {
  type: [32m&apos;string&apos;[39m,
  flags: { presence: [32m&apos;optional&apos;[39m, description: [32m&apos;Field number 62&apos;[39m }
}
🤖 [MS3-PKG] [DEBUG] 🤖 [MS3-PKG] [DEBUG] 📊 [analyzeJoiSchema] Field field62: type=string, required=false, message=&quot;Field number 62&quot;
🤖 [MS3-PKG] [DEBUG] 🤖 [MS3-PKG] [DEBUG] 🔑 [analyzeJoiSchema] Processing field: field63
🤖 [MS3-PKG] [DEBUG] 🤖 [MS3-PKG] [DEBUG] 📝 [analyzeJoiSchema] Field description: {
  type: [32m&apos;string&apos;[39m,
  flags: { presence: [32m&apos;optional&apos;[39m, description: [32m&apos;Field number 63&apos;[39m }
}
🤖 [MS3-PKG] [DEBUG] 🤖 [MS3-PKG] [DEBUG] 📊 [analyzeJoiSchema] Field field63: type=string, required=false, message=&quot;Field number 63&quot;
🤖 [MS3-PKG] [DEBUG] 🤖 [MS3-PKG] [DEBUG] 🔑 [analyzeJoiSchema] Processing field: field64
🤖 [MS3-PKG] [DEBUG] 🤖 [MS3-PKG] [DEBUG] 📝 [analyzeJoiSchema] Field description: {
  type: [32m&apos;string&apos;[39m,
  flags: { presence: [32m&apos;optional&apos;[39m, description: [32m&apos;Field number 64&apos;[39m }
}
🤖 [MS3-PKG] [DEBUG] 🤖 [MS3-PKG] [DEBUG] 📊 [analyzeJoiSchema] Field field64: type=string, required=false, message=&quot;Field number 64&quot;
🤖 [MS3-PKG] [DEBUG] 🤖 [MS3-PKG] [DEBUG] 🔑 [analyzeJoiSchema] Processing field: field65
🤖 [MS3-PKG] [DEBUG] 🤖 [MS3-PKG] [DEBUG] 📝 [analyzeJoiSchema] Field description: {
  type: [32m&apos;string&apos;[39m,
  flags: { presence: [32m&apos;optional&apos;[39m, description: [32m&apos;Field number 65&apos;[39m }
}
🤖 [MS3-PKG] [DEBUG] 🤖 [MS3-PKG] [DEBUG] 📊 [analyzeJoiSchema] Field field65: type=string, required=false, message=&quot;Field number 65&quot;
🤖 [MS3-PKG] [DEBUG] 🤖 [MS3-PKG] [DEBUG] 🔑 [analyzeJoiSchema] Processing field: field66
🤖 [MS3-PKG] [DEBUG] 🤖 [MS3-PKG] [DEBUG] 📝 [analyzeJoiSchema] Field description: {
  type: [32m&apos;string&apos;[39m,
  flags: { presence: [32m&apos;optional&apos;[39m, description: [32m&apos;Field number 66&apos;[39m }
}
🤖 [MS3-PKG] [DEBUG] 🤖 [MS3-PKG] [DEBUG] 📊 [analyzeJoiSchema] Field field66: type=string, required=false, message=&quot;Field number 66&quot;
🤖 [MS3-PKG] [DEBUG] 🤖 [MS3-PKG] [DEBUG] 🔑 [analyzeJoiSchema] Processing field: field67
🤖 [MS3-PKG] [DEBUG] 🤖 [MS3-PKG] [DEBUG] 📝 [analyzeJoiSchema] Field description: {
  type: [32m&apos;string&apos;[39m,
  flags: { presence: [32m&apos;optional&apos;[39m, description: [32m&apos;Field number 67&apos;[39m }
}
🤖 [MS3-PKG] [DEBUG] 🤖 [MS3-PKG] [DEBUG] 📊 [analyzeJoiSchema] Field field67: type=string, required=false, message=&quot;Field number 67&quot;
🤖 [MS3-PKG] [DEBUG] 🤖 [MS3-PKG] [DEBUG] 🔑 [analyzeJoiSchema] Processing field: field68
🤖 [MS3-PKG] [DEBUG] 🤖 [MS3-PKG] [DEBUG] 📝 [analyzeJoiSchema] Field description: {
  type: [32m&apos;string&apos;[39m,
  flags: { presence: [32m&apos;optional&apos;[39m, description: [32m&apos;Field number 68&apos;[39m }
}
🤖 [MS3-PKG] [DEBUG] 🤖 [MS3-PKG] [DEBUG] 📊 [analyzeJoiSchema] Field field68: type=string, required=false, message=&quot;Field number 68&quot;
🤖 [MS3-PKG] [DEBUG] 🤖 [MS3-PKG] [DEBUG] 🔑 [analyzeJoiSchema] Processing field: field69
🤖 [MS3-PKG] [DEBUG] 🤖 [MS3-PKG] [DEBUG] 📝 [analyzeJoiSchema] Field description: {
  type: [32m&apos;string&apos;[39m,
  flags: { presence: [32m&apos;optional&apos;[39m, description: [32m&apos;Field number 69&apos;[39m }
}
🤖 [MS3-PKG] [DEBUG] 🤖 [MS3-PKG] [DEBUG] 📊 [analyzeJoiSchema] Field field69: type=string, required=false, message=&quot;Field number 69&quot;
🤖 [MS3-PKG] [DEBUG] 🤖 [MS3-PKG] [DEBUG] 🔑 [analyzeJoiSchema] Processing field: field70
🤖 [MS3-PKG] [DEBUG] 🤖 [MS3-PKG] [DEBUG] 📝 [analyzeJoiSchema] Field description: {
  type: [32m&apos;string&apos;[39m,
  flags: { presence: [32m&apos;optional&apos;[39m, description: [32m&apos;Field number 70&apos;[39m }
}
🤖 [MS3-PKG] [DEBUG] 🤖 [MS3-PKG] [DEBUG] 📊 [analyzeJoiSchema] Field field70: type=string, required=false, message=&quot;Field number 70&quot;
🤖 [MS3-PKG] [DEBUG] 🤖 [MS3-PKG] [DEBUG] 🔑 [analyzeJoiSchema] Processing field: field71
🤖 [MS3-PKG] [DEBUG] 🤖 [MS3-PKG] [DEBUG] 📝 [analyzeJoiSchema] Field description: {
  type: [32m&apos;string&apos;[39m,
  flags: { presence: [32m&apos;optional&apos;[39m, description: [32m&apos;Field number 71&apos;[39m }
}
🤖 [MS3-PKG] [DEBUG] 🤖 [MS3-PKG] [DEBUG] 📊 [analyzeJoiSchema] Field field71: type=string, required=false, message=&quot;Field number 71&quot;
🤖 [MS3-PKG] [DEBUG] 🤖 [MS3-PKG] [DEBUG] 🔑 [analyzeJoiSchema] Processing field: field72
🤖 [MS3-PKG] [DEBUG] 🤖 [MS3-PKG] [DEBUG] 📝 [analyzeJoiSchema] Field description: {
  type: [32m&apos;string&apos;[39m,
  flags: { presence: [32m&apos;optional&apos;[39m, description: [32m&apos;Field number 72&apos;[39m }
}
🤖 [MS3-PKG] [DEBUG] 🤖 [MS3-PKG] [DEBUG] 📊 [analyzeJoiSchema] Field field72: type=string, required=false, message=&quot;Field number 72&quot;
🤖 [MS3-PKG] [DEBUG] 🤖 [MS3-PKG] [DEBUG] 🔑 [analyzeJoiSchema] Processing field: field73
🤖 [MS3-PKG] [DEBUG] 🤖 [MS3-PKG] [DEBUG] 📝 [analyzeJoiSchema] Field description: {
  type: [32m&apos;string&apos;[39m,
  flags: { presence: [32m&apos;optional&apos;[39m, description: [32m&apos;Field number 73&apos;[39m }
}
🤖 [MS3-PKG] [DEBUG] 🤖 [MS3-PKG] [DEBUG] 📊 [analyzeJoiSchema] Field field73: type=string, required=false, message=&quot;Field number 73&quot;
🤖 [MS3-PKG] [DEBUG] 🤖 [MS3-PKG] [DEBUG] 🔑 [analyzeJoiSchema] Processing field: field74
🤖 [MS3-PKG] [DEBUG] 🤖 [MS3-PKG] [DEBUG] 📝 [analyzeJoiSchema] Field description: {
  type: [32m&apos;string&apos;[39m,
  flags: { presence: [32m&apos;optional&apos;[39m, description: [32m&apos;Field number 74&apos;[39m }
}
🤖 [MS3-PKG] [DEBUG] 🤖 [MS3-PKG] [DEBUG] 📊 [analyzeJoiSchema] Field field74: type=string, required=false, message=&quot;Field number 74&quot;
🤖 [MS3-PKG] [DEBUG] 🤖 [MS3-PKG] [DEBUG] 🔑 [analyzeJoiSchema] Processing field: field75
🤖 [MS3-PKG] [DEBUG] 🤖 [MS3-PKG] [DEBUG] 📝 [analyzeJoiSchema] Field description: {
  type: [32m&apos;string&apos;[39m,
  flags: { presence: [32m&apos;optional&apos;[39m, description: [32m&apos;Field number 75&apos;[39m }
}
🤖 [MS3-PKG] [DEBUG] 🤖 [MS3-PKG] [DEBUG] 📊 [analyzeJoiSchema] Field field75: type=string, required=false, message=&quot;Field number 75&quot;
🤖 [MS3-PKG] [DEBUG] 🤖 [MS3-PKG] [DEBUG] 🔑 [analyzeJoiSchema] Processing field: field76
🤖 [MS3-PKG] [DEBUG] 🤖 [MS3-PKG] [DEBUG] 📝 [analyzeJoiSchema] Field description: {
  type: [32m&apos;string&apos;[39m,
  flags: { presence: [32m&apos;optional&apos;[39m, description: [32m&apos;Field number 76&apos;[39m }
}
🤖 [MS3-PKG] [DEBUG] 🤖 [MS3-PKG] [DEBUG] 📊 [analyzeJoiSchema] Field field76: type=string, required=false, message=&quot;Field number 76&quot;
🤖 [MS3-PKG] [DEBUG] 🤖 [MS3-PKG] [DEBUG] 🔑 [analyzeJoiSchema] Processing field: field77
🤖 [MS3-PKG] [DEBUG] 🤖 [MS3-PKG] [DEBUG] 📝 [analyzeJoiSchema] Field description: {
  type: [32m&apos;string&apos;[39m,
  flags: { presence: [32m&apos;optional&apos;[39m, description: [32m&apos;Field number 77&apos;[39m }
}
🤖 [MS3-PKG] [DEBUG] 🤖 [MS3-PKG] [DEBUG] 📊 [analyzeJoiSchema] Field field77: type=string, required=false, message=&quot;Field number 77&quot;
🤖 [MS3-PKG] [DEBUG] 🤖 [MS3-PKG] [DEBUG] 🔑 [analyzeJoiSchema] Processing field: field78
🤖 [MS3-PKG] [DEBUG] 🤖 [MS3-PKG] [DEBUG] 📝 [analyzeJoiSchema] Field description: {
  type: [32m&apos;string&apos;[39m,
  flags: { presence: [32m&apos;optional&apos;[39m, description: [32m&apos;Field number 78&apos;[39m }
}
🤖 [MS3-PKG] [DEBUG] 🤖 [MS3-PKG] [DEBUG] 📊 [analyzeJoiSchema] Field field78: type=string, required=false, message=&quot;Field number 78&quot;
🤖 [MS3-PKG] [DEBUG] 🤖 [MS3-PKG] [DEBUG] 🔑 [analyzeJoiSchema] Processing field: field79
🤖 [MS3-PKG] [DEBUG] 🤖 [MS3-PKG] [DEBUG] 📝 [analyzeJoiSchema] Field description: {
  type: [32m&apos;string&apos;[39m,
  flags: { presence: [32m&apos;optional&apos;[39m, description: [32m&apos;Field number 79&apos;[39m }
}
🤖 [MS3-PKG] [DEBUG] 🤖 [MS3-PKG] [DEBUG] 📊 [analyzeJoiSchema] Field field79: type=string, required=false, message=&quot;Field number 79&quot;
🤖 [MS3-PKG] [DEBUG] 🤖 [MS3-PKG] [DEBUG] 🔑 [analyzeJoiSchema] Processing field: field80
🤖 [MS3-PKG] [DEBUG] 🤖 [MS3-PKG] [DEBUG] 📝 [analyzeJoiSchema] Field description: {
  type: [32m&apos;string&apos;[39m,
  flags: { presence: [32m&apos;optional&apos;[39m, description: [32m&apos;Field number 80&apos;[39m }
}
🤖 [MS3-PKG] [DEBUG] 🤖 [MS3-PKG] [DEBUG] 📊 [analyzeJoiSchema] Field field80: type=string, required=false, message=&quot;Field number 80&quot;
🤖 [MS3-PKG] [DEBUG] 🤖 [MS3-PKG] [DEBUG] 🔑 [analyzeJoiSchema] Processing field: field81
🤖 [MS3-PKG] [DEBUG] 🤖 [MS3-PKG] [DEBUG] 📝 [analyzeJoiSchema] Field description: {
  type: [32m&apos;string&apos;[39m,
  flags: { presence: [32m&apos;optional&apos;[39m, description: [32m&apos;Field number 81&apos;[39m }
}
🤖 [MS3-PKG] [DEBUG] 🤖 [MS3-PKG] [DEBUG] 📊 [analyzeJoiSchema] Field field81: type=string, required=false, message=&quot;Field number 81&quot;
🤖 [MS3-PKG] [DEBUG] 🤖 [MS3-PKG] [DEBUG] 🔑 [analyzeJoiSchema] Processing field: field82
🤖 [MS3-PKG] [DEBUG] 🤖 [MS3-PKG] [DEBUG] 📝 [analyzeJoiSchema] Field description: {
  type: [32m&apos;string&apos;[39m,
  flags: { presence: [32m&apos;optional&apos;[39m, description: [32m&apos;Field number 82&apos;[39m }
}
🤖 [MS3-PKG] [DEBUG] 🤖 [MS3-PKG] [DEBUG] 📊 [analyzeJoiSchema] Field field82: type=string, required=false, message=&quot;Field number 82&quot;
🤖 [MS3-PKG] [DEBUG] 🤖 [MS3-PKG] [DEBUG] 🔑 [analyzeJoiSchema] Processing field: field83
🤖 [MS3-PKG] [DEBUG] 🤖 [MS3-PKG] [DEBUG] 📝 [analyzeJoiSchema] Field description: {
  type: [32m&apos;string&apos;[39m,
  flags: { presence: [32m&apos;optional&apos;[39m, description: [32m&apos;Field number 83&apos;[39m }
}
🤖 [MS3-PKG] [DEBUG] 🤖 [MS3-PKG] [DEBUG] 📊 [analyzeJoiSchema] Field field83: type=string, required=false, message=&quot;Field number 83&quot;
🤖 [MS3-PKG] [DEBUG] 🤖 [MS3-PKG] [DEBUG] 🔑 [analyzeJoiSchema] Processing field: field84
🤖 [MS3-PKG] [DEBUG] 🤖 [MS3-PKG] [DEBUG] 📝 [analyzeJoiSchema] Field description: {
  type: [32m&apos;string&apos;[39m,
  flags: { presence: [32m&apos;optional&apos;[39m, description: [32m&apos;Field number 84&apos;[39m }
}
🤖 [MS3-PKG] [DEBUG] 🤖 [MS3-PKG] [DEBUG] 📊 [analyzeJoiSchema] Field field84: type=string, required=false, message=&quot;Field number 84&quot;
🤖 [MS3-PKG] [DEBUG] 🤖 [MS3-PKG] [DEBUG] 🔑 [analyzeJoiSchema] Processing field: field85
🤖 [MS3-PKG] [DEBUG] 🤖 [MS3-PKG] [DEBUG] 📝 [analyzeJoiSchema] Field description: {
  type: [32m&apos;string&apos;[39m,
  flags: { presence: [32m&apos;optional&apos;[39m, description: [32m&apos;Field number 85&apos;[39m }
}
🤖 [MS3-PKG] [DEBUG] 🤖 [MS3-PKG] [DEBUG] 📊 [analyzeJoiSchema] Field field85: type=string, required=false, message=&quot;Field number 85&quot;
🤖 [MS3-PKG] [DEBUG] 🤖 [MS3-PKG] [DEBUG] 🔑 [analyzeJoiSchema] Processing field: field86
🤖 [MS3-PKG] [DEBUG] 🤖 [MS3-PKG] [DEBUG] 📝 [analyzeJoiSchema] Field description: {
  type: [32m&apos;string&apos;[39m,
  flags: { presence: [32m&apos;optional&apos;[39m, description: [32m&apos;Field number 86&apos;[39m }
}
🤖 [MS3-PKG] [DEBUG] 🤖 [MS3-PKG] [DEBUG] 📊 [analyzeJoiSchema] Field field86: type=string, required=false, message=&quot;Field number 86&quot;
🤖 [MS3-PKG] [DEBUG] 🤖 [MS3-PKG] [DEBUG] 🔑 [analyzeJoiSchema] Processing field: field87
🤖 [MS3-PKG] [DEBUG] 🤖 [MS3-PKG] [DEBUG] 📝 [analyzeJoiSchema] Field description: {
  type: [32m&apos;string&apos;[39m,
  flags: { presence: [32m&apos;optional&apos;[39m, description: [32m&apos;Field number 87&apos;[39m }
}
🤖 [MS3-PKG] [DEBUG] 🤖 [MS3-PKG] [DEBUG] 📊 [analyzeJoiSchema] Field field87: type=string, required=false, message=&quot;Field number 87&quot;
🤖 [MS3-PKG] [DEBUG] 🤖 [MS3-PKG] [DEBUG] 🔑 [analyzeJoiSchema] Processing field: field88
🤖 [MS3-PKG] [DEBUG] 🤖 [MS3-PKG] [DEBUG] 📝 [analyzeJoiSchema] Field description: {
  type: [32m&apos;string&apos;[39m,
  flags: { presence: [32m&apos;optional&apos;[39m, description: [32m&apos;Field number 88&apos;[39m }
}
🤖 [MS3-PKG] [DEBUG] 🤖 [MS3-PKG] [DEBUG] 📊 [analyzeJoiSchema] Field field88: type=string, required=false, message=&quot;Field number 88&quot;
🤖 [MS3-PKG] [DEBUG] 🤖 [MS3-PKG] [DEBUG] 🔑 [analyzeJoiSchema] Processing field: field89
🤖 [MS3-PKG] [DEBUG] 🤖 [MS3-PKG] [DEBUG] 📝 [analyzeJoiSchema] Field description: {
  type: [32m&apos;string&apos;[39m,
  flags: { presence: [32m&apos;optional&apos;[39m, description: [32m&apos;Field number 89&apos;[39m }
}
🤖 [MS3-PKG] [DEBUG] 🤖 [MS3-PKG] [DEBUG] 📊 [analyzeJoiSchema] Field field89: type=string, required=false, message=&quot;Field number 89&quot;
🤖 [MS3-PKG] [DEBUG] 🤖 [MS3-PKG] [DEBUG] 🔑 [analyzeJoiSchema] Processing field: field90
🤖 [MS3-PKG] [DEBUG] 🤖 [MS3-PKG] [DEBUG] 📝 [analyzeJoiSchema] Field description: {
  type: [32m&apos;string&apos;[39m,
  flags: { presence: [32m&apos;optional&apos;[39m, description: [32m&apos;Field number 90&apos;[39m }
}
🤖 [MS3-PKG] [DEBUG] 🤖 [MS3-PKG] [DEBUG] 📊 [analyzeJoiSchema] Field field90: type=string, required=false, message=&quot;Field number 90&quot;
🤖 [MS3-PKG] [DEBUG] 🤖 [MS3-PKG] [DEBUG] 🔑 [analyzeJoiSchema] Processing field: field91
🤖 [MS3-PKG] [DEBUG] 🤖 [MS3-PKG] [DEBUG] 📝 [analyzeJoiSchema] Field description: {
  type: [32m&apos;string&apos;[39m,
  flags: { presence: [32m&apos;optional&apos;[39m, description: [32m&apos;Field number 91&apos;[39m }
}
🤖 [MS3-PKG] [DEBUG] 🤖 [MS3-PKG] [DEBUG] 📊 [analyzeJoiSchema] Field field91: type=string, required=false, message=&quot;Field number 91&quot;
🤖 [MS3-PKG] [DEBUG] 🤖 [MS3-PKG] [DEBUG] 🔑 [analyzeJoiSchema] Processing field: field92
🤖 [MS3-PKG] [DEBUG] 🤖 [MS3-PKG] [DEBUG] 📝 [analyzeJoiSchema] Field description: {
  type: [32m&apos;string&apos;[39m,
  flags: { presence: [32m&apos;optional&apos;[39m, description: [32m&apos;Field number 92&apos;[39m }
}
🤖 [MS3-PKG] [DEBUG] 🤖 [MS3-PKG] [DEBUG] 📊 [analyzeJoiSchema] Field field92: type=string, required=false, message=&quot;Field number 92&quot;
🤖 [MS3-PKG] [DEBUG] 🤖 [MS3-PKG] [DEBUG] 🔑 [analyzeJoiSchema] Processing field: field93
🤖 [MS3-PKG] [DEBUG] 🤖 [MS3-PKG] [DEBUG] 📝 [analyzeJoiSchema] Field description: {
  type: [32m&apos;string&apos;[39m,
  flags: { presence: [32m&apos;optional&apos;[39m, description: [32m&apos;Field number 93&apos;[39m }
}
🤖 [MS3-PKG] [DEBUG] 🤖 [MS3-PKG] [DEBUG] 📊 [analyzeJoiSchema] Field field93: type=string, required=false, message=&quot;Field number 93&quot;
🤖 [MS3-PKG] [DEBUG] 🤖 [MS3-PKG] [DEBUG] 🔑 [analyzeJoiSchema] Processing field: field94
🤖 [MS3-PKG] [DEBUG] 🤖 [MS3-PKG] [DEBUG] 📝 [analyzeJoiSchema] Field description: {
  type: [32m&apos;string&apos;[39m,
  flags: { presence: [32m&apos;optional&apos;[39m, description: [32m&apos;Field number 94&apos;[39m }
}
🤖 [MS3-PKG] [DEBUG] 🤖 [MS3-PKG] [DEBUG] 📊 [analyzeJoiSchema] Field field94: type=string, required=false, message=&quot;Field number 94&quot;
🤖 [MS3-PKG] [DEBUG] 🤖 [MS3-PKG] [DEBUG] 🔑 [analyzeJoiSchema] Processing field: field95
🤖 [MS3-PKG] [DEBUG] 🤖 [MS3-PKG] [DEBUG] 📝 [analyzeJoiSchema] Field description: {
  type: [32m&apos;string&apos;[39m,
  flags: { presence: [32m&apos;optional&apos;[39m, description: [32m&apos;Field number 95&apos;[39m }
}
🤖 [MS3-PKG] [DEBUG] 🤖 [MS3-PKG] [DEBUG] 📊 [analyzeJoiSchema] Field field95: type=string, required=false, message=&quot;Field number 95&quot;
🤖 [MS3-PKG] [DEBUG] 🤖 [MS3-PKG] [DEBUG] 🔑 [analyzeJoiSchema] Processing field: field96
🤖 [MS3-PKG] [DEBUG] 🤖 [MS3-PKG] [DEBUG] 📝 [analyzeJoiSchema] Field description: {
  type: [32m&apos;string&apos;[39m,
  flags: { presence: [32m&apos;optional&apos;[39m, description: [32m&apos;Field number 96&apos;[39m }
}
🤖 [MS3-PKG] [DEBUG] 🤖 [MS3-PKG] [DEBUG] 📊 [analyzeJoiSchema] Field field96: type=string, required=false, message=&quot;Field number 96&quot;
🤖 [MS3-PKG] [DEBUG] 🤖 [MS3-PKG] [DEBUG] 🔑 [analyzeJoiSchema] Processing field: field97
🤖 [MS3-PKG] [DEBUG] 🤖 [MS3-PKG] [DEBUG] 📝 [analyzeJoiSchema] Field description: {
  type: [32m&apos;string&apos;[39m,
  flags: { presence: [32m&apos;optional&apos;[39m, description: [32m&apos;Field number 97&apos;[39m }
}
🤖 [MS3-PKG] [DEBUG] 🤖 [MS3-PKG] [DEBUG] 📊 [analyzeJoiSchema] Field field97: type=string, required=false, message=&quot;Field number 97&quot;
🤖 [MS3-PKG] [DEBUG] 🤖 [MS3-PKG] [DEBUG] 🔑 [analyzeJoiSchema] Processing field: field98
🤖 [MS3-PKG] [DEBUG] 🤖 [MS3-PKG] [DEBUG] 📝 [analyzeJoiSchema] Field description: {
  type: [32m&apos;string&apos;[39m,
  flags: { presence: [32m&apos;optional&apos;[39m, description: [32m&apos;Field number 98&apos;[39m }
}
🤖 [MS3-PKG] [DEBUG] 🤖 [MS3-PKG] [DEBUG] 📊 [analyzeJoiSchema] Field field98: type=string, required=false, message=&quot;Field number 98&quot;
🤖 [MS3-PKG] [DEBUG] 🤖 [MS3-PKG] [DEBUG] 🔑 [analyzeJoiSchema] Processing field: field99
🤖 [MS3-PKG] [DEBUG] 🤖 [MS3-PKG] [DEBUG] 📝 [analyzeJoiSchema] Field description: {
  type: [32m&apos;string&apos;[39m,
  flags: { presence: [32m&apos;optional&apos;[39m, description: [32m&apos;Field number 99&apos;[39m }
}
🤖 [MS3-PKG] [DEBUG] 🤖 [MS3-PKG] [DEBUG] 📊 [analyzeJoiSchema] Field field99: type=string, required=false, message=&quot;Field number 99&quot;
🤖 [MS3-PKG] [INFO] 🤖 [MS3-PKG] [INFO] 📊 [analyzeJoiSchema] Generated 100 requirements for options

            </system-out>
        </testcase>
        <testcase classname="tests/00_Registry.test.ts" name="Auto-Generation System Tests (JOI-Based) &gt; Error Handling and Edge Cases &gt; Error Recovery and Robustness &gt; should handle concurrent schema processing" time="0.0273995">
            <system-out>
🤖 [MS3-PKG] [DEBUG] 🤖 [MS3-PKG] [DEBUG] 🔍 [getRequirements] Starting analysis for concurrent-test-0
🤖 [MS3-PKG] [DEBUG] 🤖 [MS3-PKG] [DEBUG] 🔬 [analyzeJoiSchema] Analyzing schema at path: options
🤖 [MS3-PKG] [DEBUG] 🤖 [MS3-PKG] [DEBUG] 📋 [analyzeJoiSchema] Schema description type: object
🤖 [MS3-PKG] [DEBUG] 🤖 [MS3-PKG] [DEBUG] 📋 [analyzeJoiSchema] Schema keys: [ [32m&apos;privateKey&apos;[39m, [32m&apos;provider&apos;[39m, [32m&apos;multiChainRpcs&apos;[39m ]
🤖 [MS3-PKG] [DEBUG] 🤖 [MS3-PKG] [DEBUG] ✅ [analyzeJoiSchema] Processing object schema with 3 keys
🤖 [MS3-PKG] [DEBUG] 🤖 [MS3-PKG] [DEBUG] 🔑 [analyzeJoiSchema] Processing field: privateKey
🤖 [MS3-PKG] [DEBUG] 🤖 [MS3-PKG] [DEBUG] 📝 [analyzeJoiSchema] Field description: {
  type: [32m&apos;string&apos;[39m,
  flags: {
    presence: [32m&apos;required&apos;[39m,
    description: [32m&apos;Private key for wallet (generates random if not provided)&apos;[39m
  },
  rules: [ { name: [32m&apos;pattern&apos;[39m, args: [36m[Object][39m } ]
}
🤖 [MS3-PKG] [DEBUG] 🤖 [MS3-PKG] [DEBUG] 📊 [analyzeJoiSchema] Field privateKey: type=string, required=true, message=&quot;Private key for wallet (generates random if not provided)&quot;
🤖 [MS3-PKG] [DEBUG] 🤖 [MS3-PKG] [DEBUG] 🔑 [analyzeJoiSchema] Processing field: provider
🤖 [MS3-PKG] [DEBUG] 🤖 [MS3-PKG] [DEBUG] 📝 [analyzeJoiSchema] Field description: {
  type: [32m&apos;object&apos;[39m,
  flags: {
    presence: [32m&apos;optional&apos;[39m,
    description: [32m&apos;Optional provider configuration&apos;[39m
  },
  keys: {
    name: { type: [32m&apos;string&apos;[39m, flags: [36m[Object][39m },
    chainId: { type: [32m&apos;string&apos;[39m, flags: [36m[Object][39m, rules: [36m[Array][39m },
    rpcUrls: { type: [32m&apos;array&apos;[39m, flags: [36m[Object][39m, rules: [36m[Array][39m, items: [36m[Array][39m },
    displayName: { type: [32m&apos;string&apos;[39m, flags: [36m[Object][39m }
  }
}
🤖 [MS3-PKG] [DEBUG] 🤖 [MS3-PKG] [DEBUG] 📊 [analyzeJoiSchema] Field provider: type=object, required=false, message=&quot;Optional provider configuration&quot;
🤖 [MS3-PKG] [DEBUG] 🤖 [MS3-PKG] [DEBUG] 🔄 [analyzeJoiSchema] Recursing into nested object: provider
🤖 [MS3-PKG] [DEBUG] 🤖 [MS3-PKG] [DEBUG] 🔑 [analyzeJoiSchema] Processing field: multiChainRpcs
🤖 [MS3-PKG] [DEBUG] 🤖 [MS3-PKG] [DEBUG] 📝 [analyzeJoiSchema] Field description: {
  type: [32m&apos;object&apos;[39m,
  flags: {
    presence: [32m&apos;optional&apos;[39m,
    description: [32m&apos;Multi-chain RPC configuration - maps chain IDs to RPC URL arrays&apos;[39m
  },
  patterns: [ { schema: [36m[Object][39m, rule: [36m[Object][39m } ]
}
🤖 [MS3-PKG] [DEBUG] 🤖 [MS3-PKG] [DEBUG] 📊 [analyzeJoiSchema] Field multiChainRpcs: type=object, required=false, message=&quot;Multi-chain RPC configuration - maps chain IDs to RPC URL arrays&quot;
🤖 [MS3-PKG] [INFO] 🤖 [MS3-PKG] [INFO] 📊 [analyzeJoiSchema] Generated 7 requirements for options
🤖 [MS3-PKG] [DEBUG] 🤖 [MS3-PKG] [DEBUG] 🔍 [getRequirements] Starting analysis for concurrent-test-1
🤖 [MS3-PKG] [DEBUG] 🤖 [MS3-PKG] [DEBUG] 🔬 [analyzeJoiSchema] Analyzing schema at path: options
🤖 [MS3-PKG] [DEBUG] 🤖 [MS3-PKG] [DEBUG] 📋 [analyzeJoiSchema] Schema description type: object
🤖 [MS3-PKG] [DEBUG] 🤖 [MS3-PKG] [DEBUG] 📋 [analyzeJoiSchema] Schema keys: [ [32m&apos;web3authConfig&apos;[39m, [32m&apos;multiChainRpcs&apos;[39m ]
🤖 [MS3-PKG] [DEBUG] 🤖 [MS3-PKG] [DEBUG] ✅ [analyzeJoiSchema] Processing object schema with 2 keys
🤖 [MS3-PKG] [DEBUG] 🤖 [MS3-PKG] [DEBUG] 🔑 [analyzeJoiSchema] Processing field: web3authConfig
🤖 [MS3-PKG] [DEBUG] 🤖 [MS3-PKG] [DEBUG] 📝 [analyzeJoiSchema] Field description: {
  type: [32m&apos;object&apos;[39m,
  flags: {
    presence: [32m&apos;required&apos;[39m,
    description: [32m&apos;Web3Auth configuration object&apos;[39m
  },
  keys: {
    clientId: { type: [32m&apos;string&apos;[39m, flags: [36m[Object][39m },
    web3AuthNetwork: { type: [32m&apos;string&apos;[39m, flags: [36m[Object][39m, allow: [36m[Array][39m },
    chainConfig: { type: [32m&apos;object&apos;[39m, flags: [36m[Object][39m, keys: [36m[Object][39m },
    loginConfig: { type: [32m&apos;object&apos;[39m, flags: [36m[Object][39m },
    privateKeyProvider: { type: [32m&apos;any&apos;[39m, flags: [36m[Object][39m }
  }
}
🤖 [MS3-PKG] [DEBUG] 🤖 [MS3-PKG] [DEBUG] 📊 [analyzeJoiSchema] Field web3authConfig: type=object, required=true, message=&quot;Web3Auth configuration object&quot;
🤖 [MS3-PKG] [DEBUG] 🤖 [MS3-PKG] [DEBUG] 🔄 [analyzeJoiSchema] Recursing into nested object: web3authConfig
🤖 [MS3-PKG] [DEBUG] 🤖 [MS3-PKG] [DEBUG] 🔑 [analyzeJoiSchema] Processing field: multiChainRpcs
🤖 [MS3-PKG] [DEBUG] 🤖 [MS3-PKG] [DEBUG] 📝 [analyzeJoiSchema] Field description: {
  type: [32m&apos;object&apos;[39m,
  flags: {
    presence: [32m&apos;optional&apos;[39m,
    description: [32m&apos;Multi-chain RPC configuration - maps chain IDs to RPC URL arrays&apos;[39m
  },
  patterns: [ { schema: [36m[Object][39m, rule: [36m[Object][39m } ]
}
🤖 [MS3-PKG] [DEBUG] 🤖 [MS3-PKG] [DEBUG] 📊 [analyzeJoiSchema] Field multiChainRpcs: type=object, required=false, message=&quot;Multi-chain RPC configuration - maps chain IDs to RPC URL arrays&quot;
🤖 [MS3-PKG] [INFO] 🤖 [MS3-PKG] [INFO] 📊 [analyzeJoiSchema] Generated 14 requirements for options
🤖 [MS3-PKG] [DEBUG] 🤖 [MS3-PKG] [DEBUG] 🔍 [getRequirements] Starting analysis for concurrent-test-2
🤖 [MS3-PKG] [DEBUG] 🤖 [MS3-PKG] [DEBUG] 🔬 [analyzeJoiSchema] Analyzing schema at path: options
🤖 [MS3-PKG] [DEBUG] 🤖 [MS3-PKG] [DEBUG] 📋 [analyzeJoiSchema] Schema description type: object
🤖 [MS3-PKG] [DEBUG] 🤖 [MS3-PKG] [DEBUG] 📋 [analyzeJoiSchema] Schema keys: [ [32m&apos;test1&apos;[39m ]
🤖 [MS3-PKG] [DEBUG] 🤖 [MS3-PKG] [DEBUG] ✅ [analyzeJoiSchema] Processing object schema with 1 keys
🤖 [MS3-PKG] [DEBUG] 🤖 [MS3-PKG] [DEBUG] 🔑 [analyzeJoiSchema] Processing field: test1
🤖 [MS3-PKG] [DEBUG] 🤖 [MS3-PKG] [DEBUG] 📝 [analyzeJoiSchema] Field description: { type: [32m&apos;string&apos;[39m, flags: { presence: [32m&apos;required&apos;[39m } }
🤖 [MS3-PKG] [DEBUG] 🤖 [MS3-PKG] [DEBUG] 📊 [analyzeJoiSchema] Field test1: type=string, required=true, message=&quot;test1 is required and must be of type: string&quot;
🤖 [MS3-PKG] [INFO] 🤖 [MS3-PKG] [INFO] 📊 [analyzeJoiSchema] Generated 1 requirements for options
🤖 [MS3-PKG] [DEBUG] 🤖 [MS3-PKG] [DEBUG] 🔍 [getRequirements] Starting analysis for concurrent-test-3
🤖 [MS3-PKG] [DEBUG] 🤖 [MS3-PKG] [DEBUG] 🔬 [analyzeJoiSchema] Analyzing schema at path: options
🤖 [MS3-PKG] [DEBUG] 🤖 [MS3-PKG] [DEBUG] 📋 [analyzeJoiSchema] Schema description type: object
🤖 [MS3-PKG] [DEBUG] 🤖 [MS3-PKG] [DEBUG] 📋 [analyzeJoiSchema] Schema keys: [ [32m&apos;test2&apos;[39m ]
🤖 [MS3-PKG] [DEBUG] 🤖 [MS3-PKG] [DEBUG] ✅ [analyzeJoiSchema] Processing object schema with 1 keys
🤖 [MS3-PKG] [DEBUG] 🤖 [MS3-PKG] [DEBUG] 🔑 [analyzeJoiSchema] Processing field: test2
🤖 [MS3-PKG] [DEBUG] 🤖 [MS3-PKG] [DEBUG] 📝 [analyzeJoiSchema] Field description: { type: [32m&apos;number&apos;[39m, flags: { presence: [32m&apos;optional&apos;[39m } }
🤖 [MS3-PKG] [DEBUG] 🤖 [MS3-PKG] [DEBUG] 📊 [analyzeJoiSchema] Field test2: type=number, required=false, message=&quot;test2 is optional and must be of type: number&quot;
🤖 [MS3-PKG] [INFO] 🤖 [MS3-PKG] [INFO] 📊 [analyzeJoiSchema] Generated 1 requirements for options
🤖 [MS3-PKG] [DEBUG] 🤖 [MS3-PKG] [DEBUG] 🔍 [getRequirements] Starting analysis for concurrent-test-4
🤖 [MS3-PKG] [DEBUG] 🤖 [MS3-PKG] [DEBUG] 🔬 [analyzeJoiSchema] Analyzing schema at path: options
🤖 [MS3-PKG] [DEBUG] 🤖 [MS3-PKG] [DEBUG] 📋 [analyzeJoiSchema] Schema description type: object
🤖 [MS3-PKG] [DEBUG] 🤖 [MS3-PKG] [DEBUG] 📋 [analyzeJoiSchema] Schema keys: [ [32m&apos;test3&apos;[39m ]
🤖 [MS3-PKG] [DEBUG] 🤖 [MS3-PKG] [DEBUG] ✅ [analyzeJoiSchema] Processing object schema with 1 keys
🤖 [MS3-PKG] [DEBUG] 🤖 [MS3-PKG] [DEBUG] 🔑 [analyzeJoiSchema] Processing field: test3
🤖 [MS3-PKG] [DEBUG] 🤖 [MS3-PKG] [DEBUG] 📝 [analyzeJoiSchema] Field description: { type: [32m&apos;boolean&apos;[39m, flags: { presence: [32m&apos;required&apos;[39m } }
🤖 [MS3-PKG] [DEBUG] 🤖 [MS3-PKG] [DEBUG] 📊 [analyzeJoiSchema] Field test3: type=boolean, required=true, message=&quot;test3 is required and must be of type: boolean&quot;
🤖 [MS3-PKG] [INFO] 🤖 [MS3-PKG] [INFO] 📊 [analyzeJoiSchema] Generated 1 requirements for options

            </system-out>
        </testcase>
        <testcase classname="tests/00_Registry.test.ts" name="Auto-Generation System Tests (JOI-Based) &gt; Error Handling and Edge Cases &gt; Error Recovery and Robustness &gt; should maintain consistent behavior across multiple calls" time="0.0122541">
            <system-out>
🤖 [MS3-PKG] [DEBUG] 🤖 [MS3-PKG] [DEBUG] 🔍 [getRequirements] Starting analysis for consistency-test
🤖 [MS3-PKG] [DEBUG] 🤖 [MS3-PKG] [DEBUG] 🔬 [analyzeJoiSchema] Analyzing schema at path: options
🤖 [MS3-PKG] [DEBUG] 🤖 [MS3-PKG] [DEBUG] 📋 [analyzeJoiSchema] Schema description type: object
🤖 [MS3-PKG] [DEBUG] 🤖 [MS3-PKG] [DEBUG] 📋 [analyzeJoiSchema] Schema keys: [ [32m&apos;privateKey&apos;[39m, [32m&apos;provider&apos;[39m, [32m&apos;multiChainRpcs&apos;[39m ]
🤖 [MS3-PKG] [DEBUG] 🤖 [MS3-PKG] [DEBUG] ✅ [analyzeJoiSchema] Processing object schema with 3 keys
🤖 [MS3-PKG] [DEBUG] 🤖 [MS3-PKG] [DEBUG] 🔑 [analyzeJoiSchema] Processing field: privateKey
🤖 [MS3-PKG] [DEBUG] 🤖 [MS3-PKG] [DEBUG] 📝 [analyzeJoiSchema] Field description: {
  type: [32m&apos;string&apos;[39m,
  flags: {
    presence: [32m&apos;required&apos;[39m,
    description: [32m&apos;Private key for wallet (generates random if not provided)&apos;[39m
  },
  rules: [ { name: [32m&apos;pattern&apos;[39m, args: [36m[Object][39m } ]
}
🤖 [MS3-PKG] [DEBUG] 🤖 [MS3-PKG] [DEBUG] 📊 [analyzeJoiSchema] Field privateKey: type=string, required=true, message=&quot;Private key for wallet (generates random if not provided)&quot;
🤖 [MS3-PKG] [DEBUG] 🤖 [MS3-PKG] [DEBUG] 🔑 [analyzeJoiSchema] Processing field: provider
🤖 [MS3-PKG] [DEBUG] 🤖 [MS3-PKG] [DEBUG] 📝 [analyzeJoiSchema] Field description: {
  type: [32m&apos;object&apos;[39m,
  flags: {
    presence: [32m&apos;optional&apos;[39m,
    description: [32m&apos;Optional provider configuration&apos;[39m
  },
  keys: {
    name: { type: [32m&apos;string&apos;[39m, flags: [36m[Object][39m },
    chainId: { type: [32m&apos;string&apos;[39m, flags: [36m[Object][39m, rules: [36m[Array][39m },
    rpcUrls: { type: [32m&apos;array&apos;[39m, flags: [36m[Object][39m, rules: [36m[Array][39m, items: [36m[Array][39m },
    displayName: { type: [32m&apos;string&apos;[39m, flags: [36m[Object][39m }
  }
}
🤖 [MS3-PKG] [DEBUG] 🤖 [MS3-PKG] [DEBUG] 📊 [analyzeJoiSchema] Field provider: type=object, required=false, message=&quot;Optional provider configuration&quot;
🤖 [MS3-PKG] [DEBUG] 🤖 [MS3-PKG] [DEBUG] 🔄 [analyzeJoiSchema] Recursing into nested object: provider
🤖 [MS3-PKG] [DEBUG] 🤖 [MS3-PKG] [DEBUG] 🔑 [analyzeJoiSchema] Processing field: multiChainRpcs
🤖 [MS3-PKG] [DEBUG] 🤖 [MS3-PKG] [DEBUG] 📝 [analyzeJoiSchema] Field description: {
  type: [32m&apos;object&apos;[39m,
  flags: {
    presence: [32m&apos;optional&apos;[39m,
    description: [32m&apos;Multi-chain RPC configuration - maps chain IDs to RPC URL arrays&apos;[39m
  },
  patterns: [ { schema: [36m[Object][39m, rule: [36m[Object][39m } ]
}
🤖 [MS3-PKG] [DEBUG] 🤖 [MS3-PKG] [DEBUG] 📊 [analyzeJoiSchema] Field multiChainRpcs: type=object, required=false, message=&quot;Multi-chain RPC configuration - maps chain IDs to RPC URL arrays&quot;
🤖 [MS3-PKG] [INFO] 🤖 [MS3-PKG] [INFO] 📊 [analyzeJoiSchema] Generated 7 requirements for options
🤖 [MS3-PKG] [DEBUG] 🤖 [MS3-PKG] [DEBUG] 🔍 [getRequirements] Starting analysis for consistency-test
🤖 [MS3-PKG] [DEBUG] 🤖 [MS3-PKG] [DEBUG] 🔬 [analyzeJoiSchema] Analyzing schema at path: options
🤖 [MS3-PKG] [DEBUG] 🤖 [MS3-PKG] [DEBUG] 📋 [analyzeJoiSchema] Schema description type: object
🤖 [MS3-PKG] [DEBUG] 🤖 [MS3-PKG] [DEBUG] 📋 [analyzeJoiSchema] Schema keys: [ [32m&apos;privateKey&apos;[39m, [32m&apos;provider&apos;[39m, [32m&apos;multiChainRpcs&apos;[39m ]
🤖 [MS3-PKG] [DEBUG] 🤖 [MS3-PKG] [DEBUG] ✅ [analyzeJoiSchema] Processing object schema with 3 keys
🤖 [MS3-PKG] [DEBUG] 🤖 [MS3-PKG] [DEBUG] 🔑 [analyzeJoiSchema] Processing field: privateKey
🤖 [MS3-PKG] [DEBUG] 🤖 [MS3-PKG] [DEBUG] 📝 [analyzeJoiSchema] Field description: {
  type: [32m&apos;string&apos;[39m,
  flags: {
    presence: [32m&apos;required&apos;[39m,
    description: [32m&apos;Private key for wallet (generates random if not provided)&apos;[39m
  },
  rules: [ { name: [32m&apos;pattern&apos;[39m, args: [36m[Object][39m } ]
}
🤖 [MS3-PKG] [DEBUG] 🤖 [MS3-PKG] [DEBUG] 📊 [analyzeJoiSchema] Field privateKey: type=string, required=true, message=&quot;Private key for wallet (generates random if not provided)&quot;
🤖 [MS3-PKG] [DEBUG] 🤖 [MS3-PKG] [DEBUG] 🔑 [analyzeJoiSchema] Processing field: provider
🤖 [MS3-PKG] [DEBUG] 🤖 [MS3-PKG] [DEBUG] 📝 [analyzeJoiSchema] Field description: {
  type: [32m&apos;object&apos;[39m,
  flags: {
    presence: [32m&apos;optional&apos;[39m,
    description: [32m&apos;Optional provider configuration&apos;[39m
  },
  keys: {
    name: { type: [32m&apos;string&apos;[39m, flags: [36m[Object][39m },
    chainId: { type: [32m&apos;string&apos;[39m, flags: [36m[Object][39m, rules: [36m[Array][39m },
    rpcUrls: { type: [32m&apos;array&apos;[39m, flags: [36m[Object][39m, rules: [36m[Array][39m, items: [36m[Array][39m },
    displayName: { type: [32m&apos;string&apos;[39m, flags: [36m[Object][39m }
  }
}
🤖 [MS3-PKG] [DEBUG] 🤖 [MS3-PKG] [DEBUG] 📊 [analyzeJoiSchema] Field provider: type=object, required=false, message=&quot;Optional provider configuration&quot;
🤖 [MS3-PKG] [DEBUG] 🤖 [MS3-PKG] [DEBUG] 🔄 [analyzeJoiSchema] Recursing into nested object: provider
🤖 [MS3-PKG] [DEBUG] 🤖 [MS3-PKG] [DEBUG] 🔑 [analyzeJoiSchema] Processing field: multiChainRpcs
🤖 [MS3-PKG] [DEBUG] 🤖 [MS3-PKG] [DEBUG] 📝 [analyzeJoiSchema] Field description: {
  type: [32m&apos;object&apos;[39m,
  flags: {
    presence: [32m&apos;optional&apos;[39m,
    description: [32m&apos;Multi-chain RPC configuration - maps chain IDs to RPC URL arrays&apos;[39m
  },
  patterns: [ { schema: [36m[Object][39m, rule: [36m[Object][39m } ]
}
🤖 [MS3-PKG] [DEBUG] 🤖 [MS3-PKG] [DEBUG] 📊 [analyzeJoiSchema] Field multiChainRpcs: type=object, required=false, message=&quot;Multi-chain RPC configuration - maps chain IDs to RPC URL arrays&quot;
🤖 [MS3-PKG] [INFO] 🤖 [MS3-PKG] [INFO] 📊 [analyzeJoiSchema] Generated 7 requirements for options
🤖 [MS3-PKG] [DEBUG] 🤖 [MS3-PKG] [DEBUG] 🔍 [getRequirements] Starting analysis for consistency-test
🤖 [MS3-PKG] [DEBUG] 🤖 [MS3-PKG] [DEBUG] 🔬 [analyzeJoiSchema] Analyzing schema at path: options
🤖 [MS3-PKG] [DEBUG] 🤖 [MS3-PKG] [DEBUG] 📋 [analyzeJoiSchema] Schema description type: object
🤖 [MS3-PKG] [DEBUG] 🤖 [MS3-PKG] [DEBUG] 📋 [analyzeJoiSchema] Schema keys: [ [32m&apos;privateKey&apos;[39m, [32m&apos;provider&apos;[39m, [32m&apos;multiChainRpcs&apos;[39m ]
🤖 [MS3-PKG] [DEBUG] 🤖 [MS3-PKG] [DEBUG] ✅ [analyzeJoiSchema] Processing object schema with 3 keys
🤖 [MS3-PKG] [DEBUG] 🤖 [MS3-PKG] [DEBUG] 🔑 [analyzeJoiSchema] Processing field: privateKey
🤖 [MS3-PKG] [DEBUG] 🤖 [MS3-PKG] [DEBUG] 📝 [analyzeJoiSchema] Field description: {
  type: [32m&apos;string&apos;[39m,
  flags: {
    presence: [32m&apos;required&apos;[39m,
    description: [32m&apos;Private key for wallet (generates random if not provided)&apos;[39m
  },
  rules: [ { name: [32m&apos;pattern&apos;[39m, args: [36m[Object][39m } ]
}
🤖 [MS3-PKG] [DEBUG] 🤖 [MS3-PKG] [DEBUG] 📊 [analyzeJoiSchema] Field privateKey: type=string, required=true, message=&quot;Private key for wallet (generates random if not provided)&quot;
🤖 [MS3-PKG] [DEBUG] 🤖 [MS3-PKG] [DEBUG] 🔑 [analyzeJoiSchema] Processing field: provider
🤖 [MS3-PKG] [DEBUG] 🤖 [MS3-PKG] [DEBUG] 📝 [analyzeJoiSchema] Field description: {
  type: [32m&apos;object&apos;[39m,
  flags: {
    presence: [32m&apos;optional&apos;[39m,
    description: [32m&apos;Optional provider configuration&apos;[39m
  },
  keys: {
    name: { type: [32m&apos;string&apos;[39m, flags: [36m[Object][39m },
    chainId: { type: [32m&apos;string&apos;[39m, flags: [36m[Object][39m, rules: [36m[Array][39m },
    rpcUrls: { type: [32m&apos;array&apos;[39m, flags: [36m[Object][39m, rules: [36m[Array][39m, items: [36m[Array][39m },
    displayName: { type: [32m&apos;string&apos;[39m, flags: [36m[Object][39m }
  }
}
🤖 [MS3-PKG] [DEBUG] 🤖 [MS3-PKG] [DEBUG] 📊 [analyzeJoiSchema] Field provider: type=object, required=false, message=&quot;Optional provider configuration&quot;
🤖 [MS3-PKG] [DEBUG] 🤖 [MS3-PKG] [DEBUG] 🔄 [analyzeJoiSchema] Recursing into nested object: provider
🤖 [MS3-PKG] [DEBUG] 🤖 [MS3-PKG] [DEBUG] 🔑 [analyzeJoiSchema] Processing field: multiChainRpcs
🤖 [MS3-PKG] [DEBUG] 🤖 [MS3-PKG] [DEBUG] 📝 [analyzeJoiSchema] Field description: {
  type: [32m&apos;object&apos;[39m,
  flags: {
    presence: [32m&apos;optional&apos;[39m,
    description: [32m&apos;Multi-chain RPC configuration - maps chain IDs to RPC URL arrays&apos;[39m
  },
  patterns: [ { schema: [36m[Object][39m, rule: [36m[Object][39m } ]
}
🤖 [MS3-PKG] [DEBUG] 🤖 [MS3-PKG] [DEBUG] 📊 [analyzeJoiSchema] Field multiChainRpcs: type=object, required=false, message=&quot;Multi-chain RPC configuration - maps chain IDs to RPC URL arrays&quot;
🤖 [MS3-PKG] [INFO] 🤖 [MS3-PKG] [INFO] 📊 [analyzeJoiSchema] Generated 7 requirements for options
🤖 [MS3-PKG] [DEBUG] 🤖 [MS3-PKG] [DEBUG] 🔍 [getRequirements] Starting analysis for consistency-test
🤖 [MS3-PKG] [DEBUG] 🤖 [MS3-PKG] [DEBUG] 🔬 [analyzeJoiSchema] Analyzing schema at path: options
🤖 [MS3-PKG] [DEBUG] 🤖 [MS3-PKG] [DEBUG] 📋 [analyzeJoiSchema] Schema description type: object
🤖 [MS3-PKG] [DEBUG] 🤖 [MS3-PKG] [DEBUG] 📋 [analyzeJoiSchema] Schema keys: [ [32m&apos;privateKey&apos;[39m, [32m&apos;provider&apos;[39m, [32m&apos;multiChainRpcs&apos;[39m ]
🤖 [MS3-PKG] [DEBUG] 🤖 [MS3-PKG] [DEBUG] ✅ [analyzeJoiSchema] Processing object schema with 3 keys
🤖 [MS3-PKG] [DEBUG] 🤖 [MS3-PKG] [DEBUG] 🔑 [analyzeJoiSchema] Processing field: privateKey
🤖 [MS3-PKG] [DEBUG] 🤖 [MS3-PKG] [DEBUG] 📝 [analyzeJoiSchema] Field description: {
  type: [32m&apos;string&apos;[39m,
  flags: {
    presence: [32m&apos;required&apos;[39m,
    description: [32m&apos;Private key for wallet (generates random if not provided)&apos;[39m
  },
  rules: [ { name: [32m&apos;pattern&apos;[39m, args: [36m[Object][39m } ]
}
🤖 [MS3-PKG] [DEBUG] 🤖 [MS3-PKG] [DEBUG] 📊 [analyzeJoiSchema] Field privateKey: type=string, required=true, message=&quot;Private key for wallet (generates random if not provided)&quot;
🤖 [MS3-PKG] [DEBUG] 🤖 [MS3-PKG] [DEBUG] 🔑 [analyzeJoiSchema] Processing field: provider
🤖 [MS3-PKG] [DEBUG] 🤖 [MS3-PKG] [DEBUG] 📝 [analyzeJoiSchema] Field description: {
  type: [32m&apos;object&apos;[39m,
  flags: {
    presence: [32m&apos;optional&apos;[39m,
    description: [32m&apos;Optional provider configuration&apos;[39m
  },
  keys: {
    name: { type: [32m&apos;string&apos;[39m, flags: [36m[Object][39m },
    chainId: { type: [32m&apos;string&apos;[39m, flags: [36m[Object][39m, rules: [36m[Array][39m },
    rpcUrls: { type: [32m&apos;array&apos;[39m, flags: [36m[Object][39m, rules: [36m[Array][39m, items: [36m[Array][39m },
    displayName: { type: [32m&apos;string&apos;[39m, flags: [36m[Object][39m }
  }
}
🤖 [MS3-PKG] [DEBUG] 🤖 [MS3-PKG] [DEBUG] 📊 [analyzeJoiSchema] Field provider: type=object, required=false, message=&quot;Optional provider configuration&quot;
🤖 [MS3-PKG] [DEBUG] 🤖 [MS3-PKG] [DEBUG] 🔄 [analyzeJoiSchema] Recursing into nested object: provider
🤖 [MS3-PKG] [DEBUG] 🤖 [MS3-PKG] [DEBUG] 🔑 [analyzeJoiSchema] Processing field: multiChainRpcs
🤖 [MS3-PKG] [DEBUG] 🤖 [MS3-PKG] [DEBUG] 📝 [analyzeJoiSchema] Field description: {
  type: [32m&apos;object&apos;[39m,
  flags: {
    presence: [32m&apos;optional&apos;[39m,
    description: [32m&apos;Multi-chain RPC configuration - maps chain IDs to RPC URL arrays&apos;[39m
  },
  patterns: [ { schema: [36m[Object][39m, rule: [36m[Object][39m } ]
}
🤖 [MS3-PKG] [DEBUG] 🤖 [MS3-PKG] [DEBUG] 📊 [analyzeJoiSchema] Field multiChainRpcs: type=object, required=false, message=&quot;Multi-chain RPC configuration - maps chain IDs to RPC URL arrays&quot;
🤖 [MS3-PKG] [INFO] 🤖 [MS3-PKG] [INFO] 📊 [analyzeJoiSchema] Generated 7 requirements for options
🤖 [MS3-PKG] [DEBUG] 🤖 [MS3-PKG] [DEBUG] 🔍 [getRequirements] Starting analysis for consistency-test
🤖 [MS3-PKG] [DEBUG] 🤖 [MS3-PKG] [DEBUG] 🔬 [analyzeJoiSchema] Analyzing schema at path: options
🤖 [MS3-PKG] [DEBUG] 🤖 [MS3-PKG] [DEBUG] 📋 [analyzeJoiSchema] Schema description type: object
🤖 [MS3-PKG] [DEBUG] 🤖 [MS3-PKG] [DEBUG] 📋 [analyzeJoiSchema] Schema keys: [ [32m&apos;privateKey&apos;[39m, [32m&apos;provider&apos;[39m, [32m&apos;multiChainRpcs&apos;[39m ]
🤖 [MS3-PKG] [DEBUG] 🤖 [MS3-PKG] [DEBUG] ✅ [analyzeJoiSchema] Processing object schema with 3 keys
🤖 [MS3-PKG] [DEBUG] 🤖 [MS3-PKG] [DEBUG] 🔑 [analyzeJoiSchema] Processing field: privateKey
🤖 [MS3-PKG] [DEBUG] 🤖 [MS3-PKG] [DEBUG] 📝 [analyzeJoiSchema] Field description: {
  type: [32m&apos;string&apos;[39m,
  flags: {
    presence: [32m&apos;required&apos;[39m,
    description: [32m&apos;Private key for wallet (generates random if not provided)&apos;[39m
  },
  rules: [ { name: [32m&apos;pattern&apos;[39m, args: [36m[Object][39m } ]
}
🤖 [MS3-PKG] [DEBUG] 🤖 [MS3-PKG] [DEBUG] 📊 [analyzeJoiSchema] Field privateKey: type=string, required=true, message=&quot;Private key for wallet (generates random if not provided)&quot;
🤖 [MS3-PKG] [DEBUG] 🤖 [MS3-PKG] [DEBUG] 🔑 [analyzeJoiSchema] Processing field: provider
🤖 [MS3-PKG] [DEBUG] 🤖 [MS3-PKG] [DEBUG] 📝 [analyzeJoiSchema] Field description: {
  type: [32m&apos;object&apos;[39m,
  flags: {
    presence: [32m&apos;optional&apos;[39m,
    description: [32m&apos;Optional provider configuration&apos;[39m
  },
  keys: {
    name: { type: [32m&apos;string&apos;[39m, flags: [36m[Object][39m },
    chainId: { type: [32m&apos;string&apos;[39m, flags: [36m[Object][39m, rules: [36m[Array][39m },
    rpcUrls: { type: [32m&apos;array&apos;[39m, flags: [36m[Object][39m, rules: [36m[Array][39m, items: [36m[Array][39m },
    displayName: { type: [32m&apos;string&apos;[39m, flags: [36m[Object][39m }
  }
}
🤖 [MS3-PKG] [DEBUG] 🤖 [MS3-PKG] [DEBUG] 📊 [analyzeJoiSchema] Field provider: type=object, required=false, message=&quot;Optional provider configuration&quot;
🤖 [MS3-PKG] [DEBUG] 🤖 [MS3-PKG] [DEBUG] 🔄 [analyzeJoiSchema] Recursing into nested object: provider
🤖 [MS3-PKG] [DEBUG] 🤖 [MS3-PKG] [DEBUG] 🔑 [analyzeJoiSchema] Processing field: multiChainRpcs
🤖 [MS3-PKG] [DEBUG] 🤖 [MS3-PKG] [DEBUG] 📝 [analyzeJoiSchema] Field description: {
  type: [32m&apos;object&apos;[39m,
  flags: {
    presence: [32m&apos;optional&apos;[39m,
    description: [32m&apos;Multi-chain RPC configuration - maps chain IDs to RPC URL arrays&apos;[39m
  },
  patterns: [ { schema: [36m[Object][39m, rule: [36m[Object][39m } ]
}
🤖 [MS3-PKG] [DEBUG] 🤖 [MS3-PKG] [DEBUG] 📊 [analyzeJoiSchema] Field multiChainRpcs: type=object, required=false, message=&quot;Multi-chain RPC configuration - maps chain IDs to RPC URL arrays&quot;
🤖 [MS3-PKG] [INFO] 🤖 [MS3-PKG] [INFO] 📊 [analyzeJoiSchema] Generated 7 requirements for options

            </system-out>
        </testcase>
        <testcase classname="tests/00_Registry.test.ts" name="Auto-Generation System Tests (JOI-Based) &gt; Cross-Package Registry Architecture Test &gt; should FAIL compatibility check when using isolated, un-merged registries" time="2.8553931">
            <system-out>
🤖 [MS3-PKG] [INFO] 🤖 [MS3-PKG] [INFO] DIR FOR .ENV C:\Users\gunne\Desktop\M3S-GITHUB\MS3\.env
🤖 [MS3-PKG] [INFO] 🤖 [MS3-PKG] [INFO] 🤖 [MS3-PKG] Logging level set to: DEBUG
🤖 [MS3-PKG] [DEBUG] 🤖 [MS3-PKG] [DEBUG] 🤖 [MS3-PKG] [DEBUG] 🔍 [getRequirements] Starting analysis for ethers
🤖 [MS3-PKG] [INFO] 🤖 [MS3-PKG] [INFO] 🤖 [MS3-PKG] [INFO] [getRequirements] Using fallback requirements for ethers
🤖 [MS3-PKG] [DEBUG] 🤖 [MS3-PKG] [DEBUG] 🤖 [MS3-PKG] [DEBUG] ✅ Ethers wallet adapter registered with static compatibility matrix
🤖 [MS3-PKG] [DEBUG] 🤖 [MS3-PKG] [DEBUG] 🤖 [MS3-PKG] [DEBUG] 📋 Generated requirements: [
  {
    path: [32m&apos;options.privateKey&apos;[39m,
    type: [32m&apos;string&apos;[39m,
    allowUndefined: [33mtrue[39m,
    message: [32m&apos;Private key for wallet (generates random if not provided)&apos;[39m
  },
  {
    path: [32m&apos;options.provider&apos;[39m,
    type: [32m&apos;object&apos;[39m,
    allowUndefined: [33mtrue[39m,
    message: [32m&apos;Optional provider configuration&apos;[39m
  }
]
🤖 [MS3-PKG] [DEBUG] 🤖 [MS3-PKG] [DEBUG] 🤖 [MS3-PKG] [DEBUG] 🌍 Generated environment: {
  supportedEnvironments: [ [32m&apos;server&apos;[39m, [32m&apos;browser&apos;[39m ],
  limitations: [
    [32m&apos;Browser environments should use secure key sources (hardware wallets, secure storage)&apos;[39m,
    [32m&apos;Consider Web3Auth adapter for OAuth-based browser authentication flows&apos;[39m,
    [32m&apos;Requires Node.js server environment&apos;[39m,
    [32m&apos;Cannot be used in browser environments&apos;[39m,
    [32m&apos;Requires browser environment with window and document objects&apos;[39m,
    [32m&apos;Cannot be used in Node.js server environments&apos;[39m,
    [32m&apos;May require user interaction for authentication flows&apos;[39m
  ],
  securityNotes: [
    [32m&apos;Private keys are processed during wallet creation but not stored persistently&apos;[39m,
    [32m&apos;Server environments provide better security for sensitive private key operations&apos;[39m,
    [32m&apos;Browser usage requires secure private key handling by the application&apos;[39m,
    [32m&apos;Server environments provide better security for sensitive operations&apos;[39m,
    [32m&apos;Ensure proper private key management and storage&apos;[39m,
    [32m&apos;Ensure secure handling of private keys in browser environment&apos;[39m,
    [32m&apos;Consider using hardware wallets for enhanced security&apos;[39m,
    [32m&apos;ethers adapter follows standard security practices&apos;[39m
  ]
}
🤖 [MS3-PKG] [DEBUG] 🤖 [MS3-PKG] [DEBUG] 🤖 [MS3-PKG] [DEBUG] 🔧 Generated capabilities: [
  [32m&apos;ICoreWallet&apos;[39m,
  [32m&apos;IEventEmitter&apos;[39m,
  [32m&apos;IMessageSigner&apos;[39m,
  [32m&apos;ITransactionHandler&apos;[39m,
  [32m&apos;IRPCHandler&apos;[39m,
  [32m&apos;ITypedDataSigner&apos;[39m,
  [32m&apos;IGasEstimation&apos;[39m,
  [32m&apos;ITokenOperations&apos;[39m,
  [32m&apos;ITransactionStatus&apos;[39m,
  [32m&apos;IAdapterLifecycle&apos;[39m
]
🤖 [MS3-PKG] [DEBUG] 🤖 [MS3-PKG] [DEBUG] 🤖 [MS3-PKG] [DEBUG] 🔍 [getRequirements] Starting analysis for web3auth
🤖 [MS3-PKG] [DEBUG] 🤖 [MS3-PKG] [DEBUG] 🤖 [MS3-PKG] [DEBUG] 🔬 [analyzeJoiSchema] Analyzing schema at path: options
🤖 [MS3-PKG] [DEBUG] 🤖 [MS3-PKG] [DEBUG] 🤖 [MS3-PKG] [DEBUG] 📋 [analyzeJoiSchema] Schema description type: object
🤖 [MS3-PKG] [DEBUG] 🤖 [MS3-PKG] [DEBUG] 🤖 [MS3-PKG] [DEBUG] 📋 [analyzeJoiSchema] Schema keys: [ [32m&apos;web3authConfig&apos;[39m, [32m&apos;multiChainRpcs&apos;[39m ]
🤖 [MS3-PKG] [DEBUG] 🤖 [MS3-PKG] [DEBUG] 🤖 [MS3-PKG] [DEBUG] ✅ [analyzeJoiSchema] Processing object schema with 2 keys
🤖 [MS3-PKG] [DEBUG] 🤖 [MS3-PKG] [DEBUG] 🤖 [MS3-PKG] [DEBUG] 🔑 [analyzeJoiSchema] Processing field: web3authConfig
🤖 [MS3-PKG] [DEBUG] 🤖 [MS3-PKG] [DEBUG] 🤖 [MS3-PKG] [DEBUG] 📝 [analyzeJoiSchema] Field description: {
  type: [32m&apos;object&apos;[39m,
  flags: {
    presence: [32m&apos;required&apos;[39m,
    description: [32m&apos;Web3Auth configuration object&apos;[39m
  },
  keys: {
    clientId: { type: [32m&apos;string&apos;[39m, flags: [36m[Object][39m },
    web3AuthNetwork: { type: [32m&apos;string&apos;[39m, flags: [36m[Object][39m, allow: [36m[Array][39m },
    chainConfig: { type: [32m&apos;object&apos;[39m, flags: [36m[Object][39m, keys: [36m[Object][39m },
    loginConfig: { type: [32m&apos;object&apos;[39m, flags: [36m[Object][39m },
    privateKeyProvider: { type: [32m&apos;any&apos;[39m, flags: [36m[Object][39m }
  }
}
🤖 [MS3-PKG] [DEBUG] 🤖 [MS3-PKG] [DEBUG] 🤖 [MS3-PKG] [DEBUG] 📊 [analyzeJoiSchema] Field web3authConfig: type=object, required=true, message=&quot;Web3Auth configuration object&quot;
🤖 [MS3-PKG] [DEBUG] 🤖 [MS3-PKG] [DEBUG] 🤖 [MS3-PKG] [DEBUG] 🔄 [analyzeJoiSchema] Recursing into nested object: web3authConfig
🤖 [MS3-PKG] [DEBUG] 🤖 [MS3-PKG] [DEBUG] 🤖 [MS3-PKG] [DEBUG] 🔑 [analyzeJoiSchema] Processing field: multiChainRpcs
🤖 [MS3-PKG] [DEBUG] 🤖 [MS3-PKG] [DEBUG] 🤖 [MS3-PKG] [DEBUG] 📝 [analyzeJoiSchema] Field description: {
  type: [32m&apos;object&apos;[39m,
  flags: {
    presence: [32m&apos;optional&apos;[39m,
    description: [32m&apos;Multi-chain RPC configuration - maps chain IDs to RPC URL arrays&apos;[39m
  },
  patterns: [ { schema: [36m[Object][39m, rule: [36m[Object][39m } ]
}
🤖 [MS3-PKG] [DEBUG] 🤖 [MS3-PKG] [DEBUG] 🤖 [MS3-PKG] [DEBUG] 📊 [analyzeJoiSchema] Field multiChainRpcs: type=object, required=false, message=&quot;Multi-chain RPC configuration - maps chain IDs to RPC URL arrays&quot;
🤖 [MS3-PKG] [INFO] 🤖 [MS3-PKG] [INFO] 🤖 [MS3-PKG] [INFO] 📊 [analyzeJoiSchema] Generated 14 requirements for options
🤖 [MS3-PKG] [DEBUG] 🤖 [MS3-PKG] [DEBUG] 🤖 [MS3-PKG] [DEBUG] ✅ Web3Auth wallet adapter registered with static compatibility matrix
🤖 [MS3-PKG] [DEBUG] 🤖 [MS3-PKG] [DEBUG] 🤖 [MS3-PKG] [DEBUG] 📋 Generated requirements: [
  {
    path: [32m&apos;options.web3authConfig&apos;[39m,
    type: [32m&apos;object&apos;[39m,
    allowUndefined: [33mfalse[39m,
    message: [32m&apos;Web3Auth configuration object&apos;[39m
  },
  {
    path: [32m&apos;options.web3authConfig.clientId&apos;[39m,
    type: [32m&apos;string&apos;[39m,
    allowUndefined: [33mfalse[39m,
    message: [32m&apos;Your Web3Auth Client ID&apos;[39m
  },
  {
    path: [32m&apos;options.web3authConfig.web3AuthNetwork&apos;[39m,
    type: [32m&apos;string&apos;[39m,
    allowUndefined: [33mfalse[39m,
    message: [32m&apos;Web3Auth Network environment&apos;[39m
  },
  {
    path: [32m&apos;options.web3authConfig.chainConfig&apos;[39m,
    type: [32m&apos;object&apos;[39m,
    allowUndefined: [33mfalse[39m,
    message: [32m&apos;Blockchain configuration&apos;[39m
  },
  {
    path: [32m&apos;options.web3authConfig.chainConfig.chainNamespace&apos;[39m,
    type: [32m&apos;string&apos;[39m,
    allowUndefined: [33mtrue[39m,
    message: [32m&apos;chainNamespace is optional and must be of type: string&apos;[39m
  },
  {
    path: [32m&apos;options.web3authConfig.chainConfig.chainId&apos;[39m,
    type: [32m&apos;string&apos;[39m,
    allowUndefined: [33mfalse[39m,
    message: [32m&apos;Blockchain chain ID (hexadecimal)&apos;[39m
  },
  {
    path: [32m&apos;options.web3authConfig.chainConfig.rpcTarget&apos;[39m,
    type: [32m&apos;string&apos;[39m,
    allowUndefined: [33mfalse[39m,
    message: [32m&apos;RPC endpoint URL&apos;[39m
  },
  {
    path: [32m&apos;options.web3authConfig.chainConfig.displayName&apos;[39m,
    type: [32m&apos;string&apos;[39m,
    allowUndefined: [33mfalse[39m,
    message: [32m&apos;Network display name&apos;[39m
  },
  {
    path: [32m&apos;options.web3authConfig.chainConfig.blockExplorerUrl&apos;[39m,
    type: [32m&apos;string&apos;[39m,
    allowUndefined: [33mfalse[39m,
    message: [32m&apos;Block explorer URL&apos;[39m
  },
  {
    path: [32m&apos;options.web3authConfig.chainConfig.ticker&apos;[39m,
    type: [32m&apos;string&apos;[39m,
    allowUndefined: [33mfalse[39m,
    message: [32m&apos;Native token ticker (e.g., ETH)&apos;[39m
  },
  {
    path: [32m&apos;options.web3authConfig.chainConfig.tickerName&apos;[39m,
    type: [32m&apos;string&apos;[39m,
    allowUndefined: [33mfalse[39m,
    message: [32m&apos;Native token name (e.g., Ethereum)&apos;[39m
  },
  {
    path: [32m&apos;options.web3authConfig.loginConfig&apos;[39m,
    type: [32m&apos;object&apos;[39m,
    allowUndefined: [33mfalse[39m,
    message: [32m&apos;OAuth provider configuration&apos;[39m
  },
  {
    path: [32m&apos;options.web3authConfig.privateKeyProvider&apos;[39m,
    type: [32m&apos;any&apos;[39m,
    allowUndefined: [33mtrue[39m,
    message: [32m&apos;Optional private key provider&apos;[39m
  },
  {
    path: [32m&apos;options.multiChainRpcs&apos;[39m,
    type: [32m&apos;object&apos;[39m,
    allowUndefined: [33mtrue[39m,
    message: [32m&apos;Multi-chain RPC configuration - maps chain IDs to RPC URL arrays&apos;[39m
  }
]
🤖 [MS3-PKG] [DEBUG] 🤖 [MS3-PKG] [DEBUG] 🤖 [MS3-PKG] [DEBUG] 🌍 Generated environment: {
  supportedEnvironments: [ [32m&apos;browser&apos;[39m ],
  limitations: [
    [32m&apos;Requires browser environment with Web3Auth SDK&apos;[39m,
    [32m&apos;Cannot be used in Node.js server environments&apos;[39m,
    [32m&apos;Requires user interaction for OAuth flows&apos;[39m,
    [32m&apos;Requires browser environment with window and document objects&apos;[39m,
    [32m&apos;May require user interaction for authentication flows&apos;[39m
  ],
  securityNotes: [
    [32m&apos;Web3Auth handles private key generation securely&apos;[39m,
    [32m&apos;OAuth-based authentication provides better UX&apos;[39m,
    [32m&apos;Private keys reconstructed in memory only&apos;[39m,
    [32m&apos;Ensure secure handling of private keys in browser environment&apos;[39m,
    [32m&apos;Consider using hardware wallets for enhanced security&apos;[39m,
    [32m&apos;web3auth adapter follows standard security practices&apos;[39m
  ]
}
🤖 [MS3-PKG] [DEBUG] 🤖 [MS3-PKG] [DEBUG] 🤖 [MS3-PKG] [DEBUG] 🔧 Generated capabilities: [
  [32m&apos;ICoreWallet&apos;[39m,
  [32m&apos;IEventEmitter&apos;[39m,
  [32m&apos;IMessageSigner&apos;[39m,
  [32m&apos;ITransactionHandler&apos;[39m,
  [32m&apos;ITypedDataSigner&apos;[39m,
  [32m&apos;IGasEstimation&apos;[39m,
  [32m&apos;ITokenOperations&apos;[39m,
  [32m&apos;IRPCHandler&apos;[39m,
  [32m&apos;ITransactionStatus&apos;[39m,
  [32m&apos;IAdapterLifecycle&apos;[39m
]

🤖 [MS3-PKG] [INFO] 🤖 [MS3-PKG] [INFO] 🤖 [MS3-PKG] [INFO] DIR FOR .ENV C:\Users\gunne\Desktop\M3S-GITHUB\MS3\.env
🤖 [MS3-PKG] [INFO] 🤖 [MS3-PKG] [INFO] 🤖 [MS3-PKG] [INFO] 🤖 [MS3-PKG] Logging level set to: DEBUG
🤖 [MS3-PKG] [DEBUG] 🤖 [MS3-PKG] [DEBUG] 🤖 [MS3-PKG] [DEBUG] 🤖 [MS3-PKG] [DEBUG] 🔍 [getRequirements] Starting analysis for openZeppelin
🤖 [MS3-PKG] [DEBUG] 🤖 [MS3-PKG] [DEBUG] 🤖 [MS3-PKG] [DEBUG] 🤖 [MS3-PKG] [DEBUG] 🔬 [analyzeJoiSchema] Analyzing schema at path: options
🤖 [MS3-PKG] [DEBUG] 🤖 [MS3-PKG] [DEBUG] 🤖 [MS3-PKG] [DEBUG] 🤖 [MS3-PKG] [DEBUG] 📋 [analyzeJoiSchema] Schema description type: object
🤖 [MS3-PKG] [DEBUG] 🤖 [MS3-PKG] [DEBUG] 🤖 [MS3-PKG] [DEBUG] 🤖 [MS3-PKG] [DEBUG] 📋 [analyzeJoiSchema] Schema keys: [
  [32m&apos;workDir&apos;[39m,
  [32m&apos;hardhatConfig&apos;[39m,
  [32m&apos;preserveOutput&apos;[39m,
  [32m&apos;providerConfig&apos;[39m,
  [32m&apos;compilerSettings&apos;[39m,
  [32m&apos;solcVersion&apos;[39m
]
🤖 [MS3-PKG] [DEBUG] 🤖 [MS3-PKG] [DEBUG] 🤖 [MS3-PKG] [DEBUG] 🤖 [MS3-PKG] [DEBUG] ✅ [analyzeJoiSchema] Processing object schema with 6 keys
🤖 [MS3-PKG] [DEBUG] 🤖 [MS3-PKG] [DEBUG] 🤖 [MS3-PKG] [DEBUG] 🤖 [MS3-PKG] [DEBUG] 🔑 [analyzeJoiSchema] Processing field: workDir
🤖 [MS3-PKG] [DEBUG] 🤖 [MS3-PKG] [DEBUG] 🤖 [MS3-PKG] [DEBUG] 🤖 [MS3-PKG] [DEBUG] 📝 [analyzeJoiSchema] Field description: {
  type: [32m&apos;string&apos;[39m,
  flags: {
    presence: [32m&apos;optional&apos;[39m,
    description: [32m&apos;Working directory for contract generation&apos;[39m
  }
}
🤖 [MS3-PKG] [DEBUG] 🤖 [MS3-PKG] [DEBUG] 🤖 [MS3-PKG] [DEBUG] 🤖 [MS3-PKG] [DEBUG] 📊 [analyzeJoiSchema] Field workDir: type=string, required=false, message=&quot;Working directory for contract generation&quot;
🤖 [MS3-PKG] [DEBUG] 🤖 [MS3-PKG] [DEBUG] 🤖 [MS3-PKG] [DEBUG] 🤖 [MS3-PKG] [DEBUG] 🔑 [analyzeJoiSchema] Processing field: hardhatConfig
🤖 [MS3-PKG] [DEBUG] 🤖 [MS3-PKG] [DEBUG] 🤖 [MS3-PKG] [DEBUG] 🤖 [MS3-PKG] [DEBUG] 📝 [analyzeJoiSchema] Field description: {
  type: [32m&apos;object&apos;[39m,
  flags: {
    presence: [32m&apos;optional&apos;[39m,
    description: [32m&apos;Hardhat configuration options&apos;[39m
  },
  keys: {
    configFileName: { type: [32m&apos;string&apos;[39m, flags: [36m[Object][39m },
    customSettings: { type: [32m&apos;object&apos;[39m, flags: [36m[Object][39m }
  }
}
🤖 [MS3-PKG] [DEBUG] 🤖 [MS3-PKG] [DEBUG] 🤖 [MS3-PKG] [DEBUG] 🤖 [MS3-PKG] [DEBUG] 📊 [analyzeJoiSchema] Field hardhatConfig: type=object, required=false, message=&quot;Hardhat configuration options&quot;
🤖 [MS3-PKG] [DEBUG] 🤖 [MS3-PKG] [DEBUG] 🤖 [MS3-PKG] [DEBUG] 🤖 [MS3-PKG] [DEBUG] 🔄 [analyzeJoiSchema] Recursing into nested object: hardhatConfig
🤖 [MS3-PKG] [DEBUG] 🤖 [MS3-PKG] [DEBUG] 🤖 [MS3-PKG] [DEBUG] 🤖 [MS3-PKG] [DEBUG] 🔑 [analyzeJoiSchema] Processing field: preserveOutput
🤖 [MS3-PKG] [DEBUG] 🤖 [MS3-PKG] [DEBUG] 🤖 [MS3-PKG] [DEBUG] 🤖 [MS3-PKG] [DEBUG] 📝 [analyzeJoiSchema] Field description: {
  type: [32m&apos;boolean&apos;[39m,
  flags: {
    presence: [32m&apos;optional&apos;[39m,
    default: [33mfalse[39m,
    description: [32m&apos;Whether to preserve generated files&apos;[39m
  }
}
🤖 [MS3-PKG] [DEBUG] 🤖 [MS3-PKG] [DEBUG] 🤖 [MS3-PKG] [DEBUG] 🤖 [MS3-PKG] [DEBUG] 📊 [analyzeJoiSchema] Field preserveOutput: type=boolean, required=false, message=&quot;Whether to preserve generated files&quot;
🤖 [MS3-PKG] [DEBUG] 🤖 [MS3-PKG] [DEBUG] 🤖 [MS3-PKG] [DEBUG] 🤖 [MS3-PKG] [DEBUG] 🔑 [analyzeJoiSchema] Processing field: providerConfig
🤖 [MS3-PKG] [DEBUG] 🤖 [MS3-PKG] [DEBUG] 🤖 [MS3-PKG] [DEBUG] 🤖 [MS3-PKG] [DEBUG] 📝 [analyzeJoiSchema] Field description: {
  type: [32m&apos;object&apos;[39m,
  flags: {
    presence: [32m&apos;optional&apos;[39m,
    description: [32m&apos;Network provider configuration&apos;[39m
  }
}
🤖 [MS3-PKG] [DEBUG] 🤖 [MS3-PKG] [DEBUG] 🤖 [MS3-PKG] [DEBUG] 🤖 [MS3-PKG] [DEBUG] 📊 [analyzeJoiSchema] Field providerConfig: type=object, required=false, message=&quot;Network provider configuration&quot;
🤖 [MS3-PKG] [DEBUG] 🤖 [MS3-PKG] [DEBUG] 🤖 [MS3-PKG] [DEBUG] 🤖 [MS3-PKG] [DEBUG] 🔑 [analyzeJoiSchema] Processing field: compilerSettings
🤖 [MS3-PKG] [DEBUG] 🤖 [MS3-PKG] [DEBUG] 🤖 [MS3-PKG] [DEBUG] 🤖 [MS3-PKG] [DEBUG] 📝 [analyzeJoiSchema] Field description: {
  type: [32m&apos;object&apos;[39m,
  flags: { presence: [32m&apos;optional&apos;[39m, description: [32m&apos;Solidity compiler settings&apos;[39m },
  keys: {
    solcVersion: { type: [32m&apos;string&apos;[39m, flags: [36m[Object][39m },
    optimizer: { type: [32m&apos;boolean&apos;[39m, flags: [36m[Object][39m },
    optimizerRuns: { type: [32m&apos;number&apos;[39m, flags: [36m[Object][39m }
  }
}
🤖 [MS3-PKG] [DEBUG] 🤖 [MS3-PKG] [DEBUG] 🤖 [MS3-PKG] [DEBUG] 🤖 [MS3-PKG] [DEBUG] 📊 [analyzeJoiSchema] Field compilerSettings: type=object, required=false, message=&quot;Solidity compiler settings&quot;
🤖 [MS3-PKG] [DEBUG] 🤖 [MS3-PKG] [DEBUG] 🤖 [MS3-PKG] [DEBUG] 🤖 [MS3-PKG] [DEBUG] 🔄 [analyzeJoiSchema] Recursing into nested object: compilerSettings
🤖 [MS3-PKG] [DEBUG] 🤖 [MS3-PKG] [DEBUG] 🤖 [MS3-PKG] [DEBUG] 🤖 [MS3-PKG] [DEBUG] 🔑 [analyzeJoiSchema] Processing field: solcVersion
🤖 [MS3-PKG] [DEBUG] 🤖 [MS3-PKG] [DEBUG] 🤖 [MS3-PKG] [DEBUG] 🤖 [MS3-PKG] [DEBUG] 📝 [analyzeJoiSchema] Field description: {
  type: [32m&apos;string&apos;[39m,
  flags: { presence: [32m&apos;optional&apos;[39m, description: [32m&apos;Solidity compiler version&apos;[39m }
}
🤖 [MS3-PKG] [DEBUG] 🤖 [MS3-PKG] [DEBUG] 🤖 [MS3-PKG] [DEBUG] 🤖 [MS3-PKG] [DEBUG] 📊 [analyzeJoiSchema] Field solcVersion: type=string, required=false, message=&quot;Solidity compiler version&quot;
🤖 [MS3-PKG] [INFO] 🤖 [MS3-PKG] [INFO] 🤖 [MS3-PKG] [INFO] 🤖 [MS3-PKG] [INFO] 📊 [analyzeJoiSchema] Generated 11 requirements for options

🤖 [MS3-PKG] [INFO] 🤖 [MS3-PKG] [INFO] 🤖 [MS3-PKG] [INFO] 🤖 [MS3-PKG] [INFO] DIR FOR .ENV C:\Users\gunne\Desktop\M3S-GITHUB\MS3\.env
🤖 [MS3-PKG] [INFO] 🤖 [MS3-PKG] [INFO] 🤖 [MS3-PKG] [INFO] 🤖 [MS3-PKG] [INFO] 🤖 [MS3-PKG] Logging level set to: DEBUG
🤖 [MS3-PKG] [DEBUG] 🤖 [MS3-PKG] [DEBUG] 🤖 [MS3-PKG] [DEBUG] 🤖 [MS3-PKG] [DEBUG] 🤖 [MS3-PKG] [DEBUG] 🔍 [getRequirements] Starting analysis for lifi
🤖 [MS3-PKG] [DEBUG] 🤖 [MS3-PKG] [DEBUG] 🤖 [MS3-PKG] [DEBUG] 🤖 [MS3-PKG] [DEBUG] 🤖 [MS3-PKG] [DEBUG] 🔬 [analyzeJoiSchema] Analyzing schema at path: options
🤖 [MS3-PKG] [DEBUG] 🤖 [MS3-PKG] [DEBUG] 🤖 [MS3-PKG] [DEBUG] 🤖 [MS3-PKG] [DEBUG] 🤖 [MS3-PKG] [DEBUG] 📋 [analyzeJoiSchema] Schema description type: object
🤖 [MS3-PKG] [DEBUG] 🤖 [MS3-PKG] [DEBUG] 🤖 [MS3-PKG] [DEBUG] 🤖 [MS3-PKG] [DEBUG] 🤖 [MS3-PKG] [DEBUG] 📋 [analyzeJoiSchema] Schema keys: [
  [32m&apos;apiKey&apos;[39m,
  [32m&apos;timeout&apos;[39m,
  [32m&apos;retries&apos;[39m,
  [32m&apos;supportedChains&apos;[39m,
  [32m&apos;slippageConfig&apos;[39m,
  [32m&apos;wallet&apos;[39m,
  [32m&apos;rpcOverrides&apos;[39m
]
🤖 [MS3-PKG] [DEBUG] 🤖 [MS3-PKG] [DEBUG] 🤖 [MS3-PKG] [DEBUG] 🤖 [MS3-PKG] [DEBUG] 🤖 [MS3-PKG] [DEBUG] ✅ [analyzeJoiSchema] Processing object schema with 7 keys
🤖 [MS3-PKG] [DEBUG] 🤖 [MS3-PKG] [DEBUG] 🤖 [MS3-PKG] [DEBUG] 🤖 [MS3-PKG] [DEBUG] 🤖 [MS3-PKG] [DEBUG] 🔑 [analyzeJoiSchema] Processing field: apiKey
🤖 [MS3-PKG] [DEBUG] 🤖 [MS3-PKG] [DEBUG] 🤖 [MS3-PKG] [DEBUG] 🤖 [MS3-PKG] [DEBUG] 🤖 [MS3-PKG] [DEBUG] 📝 [analyzeJoiSchema] Field description: {
  type: [32m&apos;string&apos;[39m,
  flags: {
    presence: [32m&apos;optional&apos;[39m,
    description: [32m&apos;Optional LiFi API key for enhanced rate limits&apos;[39m
  }
}
🤖 [MS3-PKG] [DEBUG] 🤖 [MS3-PKG] [DEBUG] 🤖 [MS3-PKG] [DEBUG] 🤖 [MS3-PKG] [DEBUG] 🤖 [MS3-PKG] [DEBUG] 📊 [analyzeJoiSchema] Field apiKey: type=string, required=false, message=&quot;Optional LiFi API key for enhanced rate limits&quot;
🤖 [MS3-PKG] [DEBUG] 🤖 [MS3-PKG] [DEBUG] 🤖 [MS3-PKG] [DEBUG] 🤖 [MS3-PKG] [DEBUG] 🤖 [MS3-PKG] [DEBUG] 🔑 [analyzeJoiSchema] Processing field: timeout
🤖 [MS3-PKG] [DEBUG] 🤖 [MS3-PKG] [DEBUG] 🤖 [MS3-PKG] [DEBUG] 🤖 [MS3-PKG] [DEBUG] 🤖 [MS3-PKG] [DEBUG] 📝 [analyzeJoiSchema] Field description: {
  type: [32m&apos;number&apos;[39m,
  flags: { default: [33m60000[39m, description: [32m&apos;Request timeout in milliseconds&apos;[39m },
  rules: [ { name: [32m&apos;min&apos;[39m, args: [36m[Object][39m }, { name: [32m&apos;max&apos;[39m, args: [36m[Object][39m } ]
}
🤖 [MS3-PKG] [DEBUG] 🤖 [MS3-PKG] [DEBUG] 🤖 [MS3-PKG] [DEBUG] 🤖 [MS3-PKG] [DEBUG] 🤖 [MS3-PKG] [DEBUG] 📊 [analyzeJoiSchema] Field timeout: type=number, required=true, message=&quot;Request timeout in milliseconds&quot;
🤖 [MS3-PKG] [DEBUG] 🤖 [MS3-PKG] [DEBUG] 🤖 [MS3-PKG] [DEBUG] 🤖 [MS3-PKG] [DEBUG] 🤖 [MS3-PKG] [DEBUG] 🔑 [analyzeJoiSchema] Processing field: retries
🤖 [MS3-PKG] [DEBUG] 🤖 [MS3-PKG] [DEBUG] 🤖 [MS3-PKG] [DEBUG] 🤖 [MS3-PKG] [DEBUG] 🤖 [MS3-PKG] [DEBUG] 📝 [analyzeJoiSchema] Field description: {
  type: [32m&apos;number&apos;[39m,
  flags: {
    default: [33m2[39m,
    description: [32m&apos;Number of retry attempts for failed requests&apos;[39m
  },
  rules: [
    { name: [32m&apos;integer&apos;[39m },
    { name: [32m&apos;min&apos;[39m, args: [36m[Object][39m },
    { name: [32m&apos;max&apos;[39m, args: [36m[Object][39m }
  ]
}
🤖 [MS3-PKG] [DEBUG] 🤖 [MS3-PKG] [DEBUG] 🤖 [MS3-PKG] [DEBUG] 🤖 [MS3-PKG] [DEBUG] 🤖 [MS3-PKG] [DEBUG] 📊 [analyzeJoiSchema] Field retries: type=number, required=true, message=&quot;Number of retry attempts for failed requests&quot;
🤖 [MS3-PKG] [DEBUG] 🤖 [MS3-PKG] [DEBUG] 🤖 [MS3-PKG] [DEBUG] 🤖 [MS3-PKG] [DEBUG] 🤖 [MS3-PKG] [DEBUG] 🔑 [analyzeJoiSchema] Processing field: supportedChains
🤖 [MS3-PKG] [DEBUG] 🤖 [MS3-PKG] [DEBUG] 🤖 [MS3-PKG] [DEBUG] 🤖 [MS3-PKG] [DEBUG] 🤖 [MS3-PKG] [DEBUG] 📝 [analyzeJoiSchema] Field description: {
  type: [32m&apos;array&apos;[39m,
  flags: {
    presence: [32m&apos;optional&apos;[39m,
    description: [32m&apos;Override supported chain configurations&apos;[39m
  },
  items: [ { type: [32m&apos;object&apos;[39m, keys: [36m[Object][39m } ]
}
🤖 [MS3-PKG] [DEBUG] 🤖 [MS3-PKG] [DEBUG] 🤖 [MS3-PKG] [DEBUG] 🤖 [MS3-PKG] [DEBUG] 🤖 [MS3-PKG] [DEBUG] 📊 [analyzeJoiSchema] Field supportedChains: type=array, required=false, message=&quot;Override supported chain configurations&quot;
🤖 [MS3-PKG] [DEBUG] 🤖 [MS3-PKG] [DEBUG] 🤖 [MS3-PKG] [DEBUG] 🤖 [MS3-PKG] [DEBUG] 🤖 [MS3-PKG] [DEBUG] 🔑 [analyzeJoiSchema] Processing field: slippageConfig
🤖 [MS3-PKG] [DEBUG] 🤖 [MS3-PKG] [DEBUG] 🤖 [MS3-PKG] [DEBUG] 🤖 [MS3-PKG] [DEBUG] 🤖 [MS3-PKG] [DEBUG] 📝 [analyzeJoiSchema] Field description: {
  type: [32m&apos;object&apos;[39m,
  flags: {
    presence: [32m&apos;optional&apos;[39m,
    description: [32m&apos;Slippage tolerance configuration&apos;[39m
  },
  keys: {
    defaultSlippage: { type: [32m&apos;number&apos;[39m, flags: [36m[Object][39m, rules: [36m[Array][39m },
    maxSlippage: { type: [32m&apos;number&apos;[39m, flags: [36m[Object][39m, rules: [36m[Array][39m }
  }
}
🤖 [MS3-PKG] [DEBUG] 🤖 [MS3-PKG] [DEBUG] 🤖 [MS3-PKG] [DEBUG] 🤖 [MS3-PKG] [DEBUG] 🤖 [MS3-PKG] [DEBUG] 📊 [analyzeJoiSchema] Field slippageConfig: type=object, required=false, message=&quot;Slippage tolerance configuration&quot;
🤖 [MS3-PKG] [DEBUG] 🤖 [MS3-PKG] [DEBUG] 🤖 [MS3-PKG] [DEBUG] 🤖 [MS3-PKG] [DEBUG] 🤖 [MS3-PKG] [DEBUG] 🔄 [analyzeJoiSchema] Recursing into nested object: slippageConfig
🤖 [MS3-PKG] [DEBUG] 🤖 [MS3-PKG] [DEBUG] 🤖 [MS3-PKG] [DEBUG] 🤖 [MS3-PKG] [DEBUG] 🤖 [MS3-PKG] [DEBUG] 🔑 [analyzeJoiSchema] Processing field: wallet
🤖 [MS3-PKG] [DEBUG] 🤖 [MS3-PKG] [DEBUG] 🤖 [MS3-PKG] [DEBUG] 🤖 [MS3-PKG] [DEBUG] 🤖 [MS3-PKG] [DEBUG] 📝 [analyzeJoiSchema] Field description: {
  type: [32m&apos;any&apos;[39m,
  flags: {
    presence: [32m&apos;optional&apos;[39m,
    description: [32m&apos;Wallet adapter instance for transaction execution&apos;[39m
  }
}
🤖 [MS3-PKG] [DEBUG] 🤖 [MS3-PKG] [DEBUG] 🤖 [MS3-PKG] [DEBUG] 🤖 [MS3-PKG] [DEBUG] 🤖 [MS3-PKG] [DEBUG] 📊 [analyzeJoiSchema] Field wallet: type=any, required=false, message=&quot;Wallet adapter instance for transaction execution&quot;
🤖 [MS3-PKG] [DEBUG] 🤖 [MS3-PKG] [DEBUG] 🤖 [MS3-PKG] [DEBUG] 🤖 [MS3-PKG] [DEBUG] 🤖 [MS3-PKG] [DEBUG] 🔑 [analyzeJoiSchema] Processing field: rpcOverrides
🤖 [MS3-PKG] [DEBUG] 🤖 [MS3-PKG] [DEBUG] 🤖 [MS3-PKG] [DEBUG] 🤖 [MS3-PKG] [DEBUG] 🤖 [MS3-PKG] [DEBUG] 📝 [analyzeJoiSchema] Field description: {
  type: [32m&apos;any&apos;[39m,
  flags: { presence: [32m&apos;optional&apos;[39m, description: [32m&apos;rpcOverrides&apos;[39m }
}
🤖 [MS3-PKG] [DEBUG] 🤖 [MS3-PKG] [DEBUG] 🤖 [MS3-PKG] [DEBUG] 🤖 [MS3-PKG] [DEBUG] 🤖 [MS3-PKG] [DEBUG] 📊 [analyzeJoiSchema] Field rpcOverrides: type=any, required=false, message=&quot;rpcOverrides&quot;
🤖 [MS3-PKG] [INFO] 🤖 [MS3-PKG] [INFO] 🤖 [MS3-PKG] [INFO] 🤖 [MS3-PKG] [INFO] 🤖 [MS3-PKG] [INFO] 📊 [analyzeJoiSchema] Generated 9 requirements for options
🤖 [MS3-PKG] [DEBUG] 🤖 [MS3-PKG] [DEBUG] 🤖 [MS3-PKG] [DEBUG] 🤖 [MS3-PKG] [DEBUG] 🤖 [MS3-PKG] [DEBUG] ✅ LiFi adapter registered with static compatibility matrix
🤖 [MS3-PKG] [DEBUG] 🤖 [MS3-PKG] [DEBUG] 🤖 [MS3-PKG] [DEBUG] 🤖 [MS3-PKG] [DEBUG] 🤖 [MS3-PKG] [DEBUG] 📋 Generated requirements: [
  {
    path: [32m&apos;options.apiKey&apos;[39m,
    type: [32m&apos;string&apos;[39m,
    allowUndefined: [33mtrue[39m,
    message: [32m&apos;Optional LiFi API key for enhanced rate limits&apos;[39m
  },
  {
    path: [32m&apos;options.timeout&apos;[39m,
    type: [32m&apos;number&apos;[39m,
    allowUndefined: [33mfalse[39m,
    message: [32m&apos;Request timeout in milliseconds&apos;[39m
  },
  {
    path: [32m&apos;options.retries&apos;[39m,
    type: [32m&apos;number&apos;[39m,
    allowUndefined: [33mfalse[39m,
    message: [32m&apos;Number of retry attempts for failed requests&apos;[39m
  },
  {
    path: [32m&apos;options.supportedChains&apos;[39m,
    type: [32m&apos;array&apos;[39m,
    allowUndefined: [33mtrue[39m,
    message: [32m&apos;Override supported chain configurations&apos;[39m
  },
  {
    path: [32m&apos;options.slippageConfig&apos;[39m,
    type: [32m&apos;object&apos;[39m,
    allowUndefined: [33mtrue[39m,
    message: [32m&apos;Slippage tolerance configuration&apos;[39m
  },
  {
    path: [32m&apos;options.slippageConfig.defaultSlippage&apos;[39m,
    type: [32m&apos;number&apos;[39m,
    allowUndefined: [33mtrue[39m,
    message: [32m&apos;Default slippage tolerance (3%)&apos;[39m
  },
  {
    path: [32m&apos;options.slippageConfig.maxSlippage&apos;[39m,
    type: [32m&apos;number&apos;[39m,
    allowUndefined: [33mtrue[39m,
    message: [32m&apos;Maximum allowed slippage (10%)&apos;[39m
  },
  {
    path: [32m&apos;options.wallet&apos;[39m,
    type: [32m&apos;any&apos;[39m,
    allowUndefined: [33mtrue[39m,
    message: [32m&apos;Wallet adapter instance for transaction execution&apos;[39m
  },
  {
    path: [32m&apos;options.rpcOverrides&apos;[39m,
    type: [32m&apos;any&apos;[39m,
    allowUndefined: [33mtrue[39m,
    message: [32m&apos;rpcOverrides&apos;[39m
  }
]
🤖 [MS3-PKG] [DEBUG] 🤖 [MS3-PKG] [DEBUG] 🤖 [MS3-PKG] [DEBUG] 🤖 [MS3-PKG] [DEBUG] 🤖 [MS3-PKG] [DEBUG] 🔧 Generated capabilities: [
  [32m&apos;IAdapterIdentity&apos;[39m,
  [32m&apos;IAdapterLifecycle&apos;[39m,
  [32m&apos;IQuoteProvider&apos;[39m,
  [32m&apos;IOperationHandler&apos;[39m,
  [32m&apos;IChainDiscovery&apos;[39m,
  [32m&apos;IGasEstimator&apos;[39m,
  [32m&apos;IOperationMaintenance&apos;[39m,
  [32m&apos;IEventEmitter&apos;[39m
]

            </system-out>
            <system-err>
🤖 [MS3-PKG] [WARN] 🤖 [MS3-PKG] [WARN] 🤖 [MS3-PKG] [WARN] [getRequirements] No requirements found for ethers interface - using fallback.
🤖 [MS3-PKG] [WARN] 🤖 [MS3-PKG] [WARN] 🤖 [MS3-PKG] [WARN] [getRequirements] Using fallback requirements for ethers

            </system-err>
        </testcase>
        <testcase classname="tests/00_Registry.test.ts" name="Auto-Generation System Tests (JOI-Based) &gt; Cross-Package Registry Architecture Test &gt; should PASS compatibility check after the user explicitly merges registries" time="0.0600498">
            <system-out>
🤖 [MS3-PKG] [INFO] 🤖 [MS3-PKG] [INFO] 🤖 [MS3-PKG] [INFO] 🤖 [MS3-PKG] [INFO] 🤖 [MS3-PKG] [INFO] DIR FOR .ENV C:\Users\gunne\Desktop\M3S-GITHUB\MS3\.env
🤖 [MS3-PKG] [INFO] 🤖 [MS3-PKG] [INFO] 🤖 [MS3-PKG] [INFO] 🤖 [MS3-PKG] [INFO] 🤖 [MS3-PKG] [INFO] 🤖 [MS3-PKG] Logging level set to: DEBUG
🤖 [MS3-PKG] [DEBUG] 🤖 [MS3-PKG] [DEBUG] 🤖 [MS3-PKG] [DEBUG] 🤖 [MS3-PKG] [DEBUG] 🤖 [MS3-PKG] [DEBUG] 🤖 [MS3-PKG] [DEBUG] 🔍 [getRequirements] Starting analysis for ethers
🤖 [MS3-PKG] [INFO] 🤖 [MS3-PKG] [INFO] 🤖 [MS3-PKG] [INFO] 🤖 [MS3-PKG] [INFO] 🤖 [MS3-PKG] [INFO] 🤖 [MS3-PKG] [INFO] [getRequirements] Using fallback requirements for ethers
🤖 [MS3-PKG] [DEBUG] 🤖 [MS3-PKG] [DEBUG] 🤖 [MS3-PKG] [DEBUG] 🤖 [MS3-PKG] [DEBUG] 🤖 [MS3-PKG] [DEBUG] 🤖 [MS3-PKG] [DEBUG] ✅ Ethers wallet adapter registered with static compatibility matrix
🤖 [MS3-PKG] [DEBUG] 🤖 [MS3-PKG] [DEBUG] 🤖 [MS3-PKG] [DEBUG] 🤖 [MS3-PKG] [DEBUG] 🤖 [MS3-PKG] [DEBUG] 🤖 [MS3-PKG] [DEBUG] 📋 Generated requirements: [
  {
    path: [32m&apos;options.privateKey&apos;[39m,
    type: [32m&apos;string&apos;[39m,
    allowUndefined: [33mtrue[39m,
    message: [32m&apos;Private key for wallet (generates random if not provided)&apos;[39m
  },
  {
    path: [32m&apos;options.provider&apos;[39m,
    type: [32m&apos;object&apos;[39m,
    allowUndefined: [33mtrue[39m,
    message: [32m&apos;Optional provider configuration&apos;[39m
  }
]
🤖 [MS3-PKG] [DEBUG] 🤖 [MS3-PKG] [DEBUG] 🤖 [MS3-PKG] [DEBUG] 🤖 [MS3-PKG] [DEBUG] 🤖 [MS3-PKG] [DEBUG] 🤖 [MS3-PKG] [DEBUG] 🌍 Generated environment: {
  supportedEnvironments: [ [32m&apos;server&apos;[39m, [32m&apos;browser&apos;[39m ],
  limitations: [
    [32m&apos;Browser environments should use secure key sources (hardware wallets, secure storage)&apos;[39m,
    [32m&apos;Consider Web3Auth adapter for OAuth-based browser authentication flows&apos;[39m,
    [32m&apos;Requires Node.js server environment&apos;[39m,
    [32m&apos;Cannot be used in browser environments&apos;[39m,
    [32m&apos;Requires browser environment with window and document objects&apos;[39m,
    [32m&apos;Cannot be used in Node.js server environments&apos;[39m,
    [32m&apos;May require user interaction for authentication flows&apos;[39m
  ],
  securityNotes: [
    [32m&apos;Private keys are processed during wallet creation but not stored persistently&apos;[39m,
    [32m&apos;Server environments provide better security for sensitive private key operations&apos;[39m,
    [32m&apos;Browser usage requires secure private key handling by the application&apos;[39m,
    [32m&apos;Server environments provide better security for sensitive operations&apos;[39m,
    [32m&apos;Ensure proper private key management and storage&apos;[39m,
    [32m&apos;Ensure secure handling of private keys in browser environment&apos;[39m,
    [32m&apos;Consider using hardware wallets for enhanced security&apos;[39m,
    [32m&apos;ethers adapter follows standard security practices&apos;[39m
  ]
}
🤖 [MS3-PKG] [DEBUG] 🤖 [MS3-PKG] [DEBUG] 🤖 [MS3-PKG] [DEBUG] 🤖 [MS3-PKG] [DEBUG] 🤖 [MS3-PKG] [DEBUG] 🤖 [MS3-PKG] [DEBUG] 🔧 Generated capabilities: [
  [32m&apos;ICoreWallet&apos;[39m,
  [32m&apos;IEventEmitter&apos;[39m,
  [32m&apos;IMessageSigner&apos;[39m,
  [32m&apos;ITransactionHandler&apos;[39m,
  [32m&apos;IRPCHandler&apos;[39m,
  [32m&apos;ITypedDataSigner&apos;[39m,
  [32m&apos;IGasEstimation&apos;[39m,
  [32m&apos;ITokenOperations&apos;[39m,
  [32m&apos;ITransactionStatus&apos;[39m,
  [32m&apos;IAdapterLifecycle&apos;[39m
]
🤖 [MS3-PKG] [DEBUG] 🤖 [MS3-PKG] [DEBUG] 🤖 [MS3-PKG] [DEBUG] 🤖 [MS3-PKG] [DEBUG] 🤖 [MS3-PKG] [DEBUG] 🤖 [MS3-PKG] [DEBUG] 🔍 [getRequirements] Starting analysis for web3auth
🤖 [MS3-PKG] [DEBUG] 🤖 [MS3-PKG] [DEBUG] 🤖 [MS3-PKG] [DEBUG] 🤖 [MS3-PKG] [DEBUG] 🤖 [MS3-PKG] [DEBUG] 🤖 [MS3-PKG] [DEBUG] 🔬 [analyzeJoiSchema] Analyzing schema at path: options
🤖 [MS3-PKG] [DEBUG] 🤖 [MS3-PKG] [DEBUG] 🤖 [MS3-PKG] [DEBUG] 🤖 [MS3-PKG] [DEBUG] 🤖 [MS3-PKG] [DEBUG] 🤖 [MS3-PKG] [DEBUG] 📋 [analyzeJoiSchema] Schema description type: object
🤖 [MS3-PKG] [DEBUG] 🤖 [MS3-PKG] [DEBUG] 🤖 [MS3-PKG] [DEBUG] 🤖 [MS3-PKG] [DEBUG] 🤖 [MS3-PKG] [DEBUG] 🤖 [MS3-PKG] [DEBUG] 📋 [analyzeJoiSchema] Schema keys: [ [32m&apos;web3authConfig&apos;[39m, [32m&apos;multiChainRpcs&apos;[39m ]
🤖 [MS3-PKG] [DEBUG] 🤖 [MS3-PKG] [DEBUG] 🤖 [MS3-PKG] [DEBUG] 🤖 [MS3-PKG] [DEBUG] 🤖 [MS3-PKG] [DEBUG] 🤖 [MS3-PKG] [DEBUG] ✅ [analyzeJoiSchema] Processing object schema with 2 keys
🤖 [MS3-PKG] [DEBUG] 🤖 [MS3-PKG] [DEBUG] 🤖 [MS3-PKG] [DEBUG] 🤖 [MS3-PKG] [DEBUG] 🤖 [MS3-PKG] [DEBUG] 🤖 [MS3-PKG] [DEBUG] 🔑 [analyzeJoiSchema] Processing field: web3authConfig
🤖 [MS3-PKG] [DEBUG] 🤖 [MS3-PKG] [DEBUG] 🤖 [MS3-PKG] [DEBUG] 🤖 [MS3-PKG] [DEBUG] 🤖 [MS3-PKG] [DEBUG] 🤖 [MS3-PKG] [DEBUG] 📝 [analyzeJoiSchema] Field description: {
  type: [32m&apos;object&apos;[39m,
  flags: {
    presence: [32m&apos;required&apos;[39m,
    description: [32m&apos;Web3Auth configuration object&apos;[39m
  },
  keys: {
    clientId: { type: [32m&apos;string&apos;[39m, flags: [36m[Object][39m },
    web3AuthNetwork: { type: [32m&apos;string&apos;[39m, flags: [36m[Object][39m, allow: [36m[Array][39m },
    chainConfig: { type: [32m&apos;object&apos;[39m, flags: [36m[Object][39m, keys: [36m[Object][39m },
    loginConfig: { type: [32m&apos;object&apos;[39m, flags: [36m[Object][39m },
    privateKeyProvider: { type: [32m&apos;any&apos;[39m, flags: [36m[Object][39m }
  }
}
🤖 [MS3-PKG] [DEBUG] 🤖 [MS3-PKG] [DEBUG] 🤖 [MS3-PKG] [DEBUG] 🤖 [MS3-PKG] [DEBUG] 🤖 [MS3-PKG] [DEBUG] 🤖 [MS3-PKG] [DEBUG] 📊 [analyzeJoiSchema] Field web3authConfig: type=object, required=true, message=&quot;Web3Auth configuration object&quot;
🤖 [MS3-PKG] [DEBUG] 🤖 [MS3-PKG] [DEBUG] 🤖 [MS3-PKG] [DEBUG] 🤖 [MS3-PKG] [DEBUG] 🤖 [MS3-PKG] [DEBUG] 🤖 [MS3-PKG] [DEBUG] 🔄 [analyzeJoiSchema] Recursing into nested object: web3authConfig
🤖 [MS3-PKG] [DEBUG] 🤖 [MS3-PKG] [DEBUG] 🤖 [MS3-PKG] [DEBUG] 🤖 [MS3-PKG] [DEBUG] 🤖 [MS3-PKG] [DEBUG] 🤖 [MS3-PKG] [DEBUG] 🔑 [analyzeJoiSchema] Processing field: multiChainRpcs
🤖 [MS3-PKG] [DEBUG] 🤖 [MS3-PKG] [DEBUG] 🤖 [MS3-PKG] [DEBUG] 🤖 [MS3-PKG] [DEBUG] 🤖 [MS3-PKG] [DEBUG] 🤖 [MS3-PKG] [DEBUG] 📝 [analyzeJoiSchema] Field description: {
  type: [32m&apos;object&apos;[39m,
  flags: {
    presence: [32m&apos;optional&apos;[39m,
    description: [32m&apos;Multi-chain RPC configuration - maps chain IDs to RPC URL arrays&apos;[39m
  },
  patterns: [ { schema: [36m[Object][39m, rule: [36m[Object][39m } ]
}
🤖 [MS3-PKG] [DEBUG] 🤖 [MS3-PKG] [DEBUG] 🤖 [MS3-PKG] [DEBUG] 🤖 [MS3-PKG] [DEBUG] 🤖 [MS3-PKG] [DEBUG] 🤖 [MS3-PKG] [DEBUG] 📊 [analyzeJoiSchema] Field multiChainRpcs: type=object, required=false, message=&quot;Multi-chain RPC configuration - maps chain IDs to RPC URL arrays&quot;
🤖 [MS3-PKG] [INFO] 🤖 [MS3-PKG] [INFO] 🤖 [MS3-PKG] [INFO] 🤖 [MS3-PKG] [INFO] 🤖 [MS3-PKG] [INFO] 🤖 [MS3-PKG] [INFO] 📊 [analyzeJoiSchema] Generated 14 requirements for options
🤖 [MS3-PKG] [DEBUG] 🤖 [MS3-PKG] [DEBUG] 🤖 [MS3-PKG] [DEBUG] 🤖 [MS3-PKG] [DEBUG] 🤖 [MS3-PKG] [DEBUG] 🤖 [MS3-PKG] [DEBUG] ✅ Web3Auth wallet adapter registered with static compatibility matrix
🤖 [MS3-PKG] [DEBUG] 🤖 [MS3-PKG] [DEBUG] 🤖 [MS3-PKG] [DEBUG] 🤖 [MS3-PKG] [DEBUG] 🤖 [MS3-PKG] [DEBUG] 🤖 [MS3-PKG] [DEBUG] 📋 Generated requirements: [
  {
    path: [32m&apos;options.web3authConfig&apos;[39m,
    type: [32m&apos;object&apos;[39m,
    allowUndefined: [33mfalse[39m,
    message: [32m&apos;Web3Auth configuration object&apos;[39m
  },
  {
    path: [32m&apos;options.web3authConfig.clientId&apos;[39m,
    type: [32m&apos;string&apos;[39m,
    allowUndefined: [33mfalse[39m,
    message: [32m&apos;Your Web3Auth Client ID&apos;[39m
  },
  {
    path: [32m&apos;options.web3authConfig.web3AuthNetwork&apos;[39m,
    type: [32m&apos;string&apos;[39m,
    allowUndefined: [33mfalse[39m,
    message: [32m&apos;Web3Auth Network environment&apos;[39m
  },
  {
    path: [32m&apos;options.web3authConfig.chainConfig&apos;[39m,
    type: [32m&apos;object&apos;[39m,
    allowUndefined: [33mfalse[39m,
    message: [32m&apos;Blockchain configuration&apos;[39m
  },
  {
    path: [32m&apos;options.web3authConfig.chainConfig.chainNamespace&apos;[39m,
    type: [32m&apos;string&apos;[39m,
    allowUndefined: [33mtrue[39m,
    message: [32m&apos;chainNamespace is optional and must be of type: string&apos;[39m
  },
  {
    path: [32m&apos;options.web3authConfig.chainConfig.chainId&apos;[39m,
    type: [32m&apos;string&apos;[39m,
    allowUndefined: [33mfalse[39m,
    message: [32m&apos;Blockchain chain ID (hexadecimal)&apos;[39m
  },
  {
    path: [32m&apos;options.web3authConfig.chainConfig.rpcTarget&apos;[39m,
    type: [32m&apos;string&apos;[39m,
    allowUndefined: [33mfalse[39m,
    message: [32m&apos;RPC endpoint URL&apos;[39m
  },
  {
    path: [32m&apos;options.web3authConfig.chainConfig.displayName&apos;[39m,
    type: [32m&apos;string&apos;[39m,
    allowUndefined: [33mfalse[39m,
    message: [32m&apos;Network display name&apos;[39m
  },
  {
    path: [32m&apos;options.web3authConfig.chainConfig.blockExplorerUrl&apos;[39m,
    type: [32m&apos;string&apos;[39m,
    allowUndefined: [33mfalse[39m,
    message: [32m&apos;Block explorer URL&apos;[39m
  },
  {
    path: [32m&apos;options.web3authConfig.chainConfig.ticker&apos;[39m,
    type: [32m&apos;string&apos;[39m,
    allowUndefined: [33mfalse[39m,
    message: [32m&apos;Native token ticker (e.g., ETH)&apos;[39m
  },
  {
    path: [32m&apos;options.web3authConfig.chainConfig.tickerName&apos;[39m,
    type: [32m&apos;string&apos;[39m,
    allowUndefined: [33mfalse[39m,
    message: [32m&apos;Native token name (e.g., Ethereum)&apos;[39m
  },
  {
    path: [32m&apos;options.web3authConfig.loginConfig&apos;[39m,
    type: [32m&apos;object&apos;[39m,
    allowUndefined: [33mfalse[39m,
    message: [32m&apos;OAuth provider configuration&apos;[39m
  },
  {
    path: [32m&apos;options.web3authConfig.privateKeyProvider&apos;[39m,
    type: [32m&apos;any&apos;[39m,
    allowUndefined: [33mtrue[39m,
    message: [32m&apos;Optional private key provider&apos;[39m
  },
  {
    path: [32m&apos;options.multiChainRpcs&apos;[39m,
    type: [32m&apos;object&apos;[39m,
    allowUndefined: [33mtrue[39m,
    message: [32m&apos;Multi-chain RPC configuration - maps chain IDs to RPC URL arrays&apos;[39m
  }
]
🤖 [MS3-PKG] [DEBUG] 🤖 [MS3-PKG] [DEBUG] 🤖 [MS3-PKG] [DEBUG] 🤖 [MS3-PKG] [DEBUG] 🤖 [MS3-PKG] [DEBUG] 🤖 [MS3-PKG] [DEBUG] 🌍 Generated environment: {
  supportedEnvironments: [ [32m&apos;browser&apos;[39m ],
  limitations: [
    [32m&apos;Requires browser environment with Web3Auth SDK&apos;[39m,
    [32m&apos;Cannot be used in Node.js server environments&apos;[39m,
    [32m&apos;Requires user interaction for OAuth flows&apos;[39m,
    [32m&apos;Requires browser environment with window and document objects&apos;[39m,
    [32m&apos;May require user interaction for authentication flows&apos;[39m
  ],
  securityNotes: [
    [32m&apos;Web3Auth handles private key generation securely&apos;[39m,
    [32m&apos;OAuth-based authentication provides better UX&apos;[39m,
    [32m&apos;Private keys reconstructed in memory only&apos;[39m,
    [32m&apos;Ensure secure handling of private keys in browser environment&apos;[39m,
    [32m&apos;Consider using hardware wallets for enhanced security&apos;[39m,
    [32m&apos;web3auth adapter follows standard security practices&apos;[39m
  ]
}
🤖 [MS3-PKG] [DEBUG] 🤖 [MS3-PKG] [DEBUG] 🤖 [MS3-PKG] [DEBUG] 🤖 [MS3-PKG] [DEBUG] 🤖 [MS3-PKG] [DEBUG] 🤖 [MS3-PKG] [DEBUG] 🔧 Generated capabilities: [
  [32m&apos;ICoreWallet&apos;[39m,
  [32m&apos;IEventEmitter&apos;[39m,
  [32m&apos;IMessageSigner&apos;[39m,
  [32m&apos;ITransactionHandler&apos;[39m,
  [32m&apos;ITypedDataSigner&apos;[39m,
  [32m&apos;IGasEstimation&apos;[39m,
  [32m&apos;ITokenOperations&apos;[39m,
  [32m&apos;IRPCHandler&apos;[39m,
  [32m&apos;ITransactionStatus&apos;[39m,
  [32m&apos;IAdapterLifecycle&apos;[39m
]

🤖 [MS3-PKG] [INFO] 🤖 [MS3-PKG] [INFO] 🤖 [MS3-PKG] [INFO] 🤖 [MS3-PKG] [INFO] 🤖 [MS3-PKG] [INFO] 🤖 [MS3-PKG] [INFO] DIR FOR .ENV C:\Users\gunne\Desktop\M3S-GITHUB\MS3\.env
🤖 [MS3-PKG] [INFO] 🤖 [MS3-PKG] [INFO] 🤖 [MS3-PKG] [INFO] 🤖 [MS3-PKG] [INFO] 🤖 [MS3-PKG] [INFO] 🤖 [MS3-PKG] [INFO] 🤖 [MS3-PKG] Logging level set to: DEBUG
🤖 [MS3-PKG] [DEBUG] 🤖 [MS3-PKG] [DEBUG] 🤖 [MS3-PKG] [DEBUG] 🤖 [MS3-PKG] [DEBUG] 🤖 [MS3-PKG] [DEBUG] 🤖 [MS3-PKG] [DEBUG] 🤖 [MS3-PKG] [DEBUG] 🔍 [getRequirements] Starting analysis for openZeppelin
🤖 [MS3-PKG] [DEBUG] 🤖 [MS3-PKG] [DEBUG] 🤖 [MS3-PKG] [DEBUG] 🤖 [MS3-PKG] [DEBUG] 🤖 [MS3-PKG] [DEBUG] 🤖 [MS3-PKG] [DEBUG] 🤖 [MS3-PKG] [DEBUG] 🔬 [analyzeJoiSchema] Analyzing schema at path: options
🤖 [MS3-PKG] [DEBUG] 🤖 [MS3-PKG] [DEBUG] 🤖 [MS3-PKG] [DEBUG] 🤖 [MS3-PKG] [DEBUG] 🤖 [MS3-PKG] [DEBUG] 🤖 [MS3-PKG] [DEBUG] 🤖 [MS3-PKG] [DEBUG] 📋 [analyzeJoiSchema] Schema description type: object
🤖 [MS3-PKG] [DEBUG] 🤖 [MS3-PKG] [DEBUG] 🤖 [MS3-PKG] [DEBUG] 🤖 [MS3-PKG] [DEBUG] 🤖 [MS3-PKG] [DEBUG] 🤖 [MS3-PKG] [DEBUG] 🤖 [MS3-PKG] [DEBUG] 📋 [analyzeJoiSchema] Schema keys: [
  [32m&apos;workDir&apos;[39m,
  [32m&apos;hardhatConfig&apos;[39m,
  [32m&apos;preserveOutput&apos;[39m,
  [32m&apos;providerConfig&apos;[39m,
  [32m&apos;compilerSettings&apos;[39m,
  [32m&apos;solcVersion&apos;[39m
]
🤖 [MS3-PKG] [DEBUG] 🤖 [MS3-PKG] [DEBUG] 🤖 [MS3-PKG] [DEBUG] 🤖 [MS3-PKG] [DEBUG] 🤖 [MS3-PKG] [DEBUG] 🤖 [MS3-PKG] [DEBUG] 🤖 [MS3-PKG] [DEBUG] ✅ [analyzeJoiSchema] Processing object schema with 6 keys
🤖 [MS3-PKG] [DEBUG] 🤖 [MS3-PKG] [DEBUG] 🤖 [MS3-PKG] [DEBUG] 🤖 [MS3-PKG] [DEBUG] 🤖 [MS3-PKG] [DEBUG] 🤖 [MS3-PKG] [DEBUG] 🤖 [MS3-PKG] [DEBUG] 🔑 [analyzeJoiSchema] Processing field: workDir
🤖 [MS3-PKG] [DEBUG] 🤖 [MS3-PKG] [DEBUG] 🤖 [MS3-PKG] [DEBUG] 🤖 [MS3-PKG] [DEBUG] 🤖 [MS3-PKG] [DEBUG] 🤖 [MS3-PKG] [DEBUG] 🤖 [MS3-PKG] [DEBUG] 📝 [analyzeJoiSchema] Field description: {
  type: [32m&apos;string&apos;[39m,
  flags: {
    presence: [32m&apos;optional&apos;[39m,
    description: [32m&apos;Working directory for contract generation&apos;[39m
  }
}
🤖 [MS3-PKG] [DEBUG] 🤖 [MS3-PKG] [DEBUG] 🤖 [MS3-PKG] [DEBUG] 🤖 [MS3-PKG] [DEBUG] 🤖 [MS3-PKG] [DEBUG] 🤖 [MS3-PKG] [DEBUG] 🤖 [MS3-PKG] [DEBUG] 📊 [analyzeJoiSchema] Field workDir: type=string, required=false, message=&quot;Working directory for contract generation&quot;
🤖 [MS3-PKG] [DEBUG] 🤖 [MS3-PKG] [DEBUG] 🤖 [MS3-PKG] [DEBUG] 🤖 [MS3-PKG] [DEBUG] 🤖 [MS3-PKG] [DEBUG] 🤖 [MS3-PKG] [DEBUG] 🤖 [MS3-PKG] [DEBUG] 🔑 [analyzeJoiSchema] Processing field: hardhatConfig
🤖 [MS3-PKG] [DEBUG] 🤖 [MS3-PKG] [DEBUG] 🤖 [MS3-PKG] [DEBUG] 🤖 [MS3-PKG] [DEBUG] 🤖 [MS3-PKG] [DEBUG] 🤖 [MS3-PKG] [DEBUG] 🤖 [MS3-PKG] [DEBUG] 📝 [analyzeJoiSchema] Field description: {
  type: [32m&apos;object&apos;[39m,
  flags: {
    presence: [32m&apos;optional&apos;[39m,
    description: [32m&apos;Hardhat configuration options&apos;[39m
  },
  keys: {
    configFileName: { type: [32m&apos;string&apos;[39m, flags: [36m[Object][39m },
    customSettings: { type: [32m&apos;object&apos;[39m, flags: [36m[Object][39m }
  }
}
🤖 [MS3-PKG] [DEBUG] 🤖 [MS3-PKG] [DEBUG] 🤖 [MS3-PKG] [DEBUG] 🤖 [MS3-PKG] [DEBUG] 🤖 [MS3-PKG] [DEBUG] 🤖 [MS3-PKG] [DEBUG] 🤖 [MS3-PKG] [DEBUG] 📊 [analyzeJoiSchema] Field hardhatConfig: type=object, required=false, message=&quot;Hardhat configuration options&quot;
🤖 [MS3-PKG] [DEBUG] 🤖 [MS3-PKG] [DEBUG] 🤖 [MS3-PKG] [DEBUG] 🤖 [MS3-PKG] [DEBUG] 🤖 [MS3-PKG] [DEBUG] 🤖 [MS3-PKG] [DEBUG] 🤖 [MS3-PKG] [DEBUG] 🔄 [analyzeJoiSchema] Recursing into nested object: hardhatConfig
🤖 [MS3-PKG] [DEBUG] 🤖 [MS3-PKG] [DEBUG] 🤖 [MS3-PKG] [DEBUG] 🤖 [MS3-PKG] [DEBUG] 🤖 [MS3-PKG] [DEBUG] 🤖 [MS3-PKG] [DEBUG] 🤖 [MS3-PKG] [DEBUG] 🔑 [analyzeJoiSchema] Processing field: preserveOutput
🤖 [MS3-PKG] [DEBUG] 🤖 [MS3-PKG] [DEBUG] 🤖 [MS3-PKG] [DEBUG] 🤖 [MS3-PKG] [DEBUG] 🤖 [MS3-PKG] [DEBUG] 🤖 [MS3-PKG] [DEBUG] 🤖 [MS3-PKG] [DEBUG] 📝 [analyzeJoiSchema] Field description: {
  type: [32m&apos;boolean&apos;[39m,
  flags: {
    presence: [32m&apos;optional&apos;[39m,
    default: [33mfalse[39m,
    description: [32m&apos;Whether to preserve generated files&apos;[39m
  }
}
🤖 [MS3-PKG] [DEBUG] 🤖 [MS3-PKG] [DEBUG] 🤖 [MS3-PKG] [DEBUG] 🤖 [MS3-PKG] [DEBUG] 🤖 [MS3-PKG] [DEBUG] 🤖 [MS3-PKG] [DEBUG] 🤖 [MS3-PKG] [DEBUG] 📊 [analyzeJoiSchema] Field preserveOutput: type=boolean, required=false, message=&quot;Whether to preserve generated files&quot;
🤖 [MS3-PKG] [DEBUG] 🤖 [MS3-PKG] [DEBUG] 🤖 [MS3-PKG] [DEBUG] 🤖 [MS3-PKG] [DEBUG] 🤖 [MS3-PKG] [DEBUG] 🤖 [MS3-PKG] [DEBUG] 🤖 [MS3-PKG] [DEBUG] 🔑 [analyzeJoiSchema] Processing field: providerConfig
🤖 [MS3-PKG] [DEBUG] 🤖 [MS3-PKG] [DEBUG] 🤖 [MS3-PKG] [DEBUG] 🤖 [MS3-PKG] [DEBUG] 🤖 [MS3-PKG] [DEBUG] 🤖 [MS3-PKG] [DEBUG] 🤖 [MS3-PKG] [DEBUG] 📝 [analyzeJoiSchema] Field description: {
  type: [32m&apos;object&apos;[39m,
  flags: {
    presence: [32m&apos;optional&apos;[39m,
    description: [32m&apos;Network provider configuration&apos;[39m
  }
}
🤖 [MS3-PKG] [DEBUG] 🤖 [MS3-PKG] [DEBUG] 🤖 [MS3-PKG] [DEBUG] 🤖 [MS3-PKG] [DEBUG] 🤖 [MS3-PKG] [DEBUG] 🤖 [MS3-PKG] [DEBUG] 🤖 [MS3-PKG] [DEBUG] 📊 [analyzeJoiSchema] Field providerConfig: type=object, required=false, message=&quot;Network provider configuration&quot;
🤖 [MS3-PKG] [DEBUG] 🤖 [MS3-PKG] [DEBUG] 🤖 [MS3-PKG] [DEBUG] 🤖 [MS3-PKG] [DEBUG] 🤖 [MS3-PKG] [DEBUG] 🤖 [MS3-PKG] [DEBUG] 🤖 [MS3-PKG] [DEBUG] 🔑 [analyzeJoiSchema] Processing field: compilerSettings
🤖 [MS3-PKG] [DEBUG] 🤖 [MS3-PKG] [DEBUG] 🤖 [MS3-PKG] [DEBUG] 🤖 [MS3-PKG] [DEBUG] 🤖 [MS3-PKG] [DEBUG] 🤖 [MS3-PKG] [DEBUG] 🤖 [MS3-PKG] [DEBUG] 📝 [analyzeJoiSchema] Field description: {
  type: [32m&apos;object&apos;[39m,
  flags: { presence: [32m&apos;optional&apos;[39m, description: [32m&apos;Solidity compiler settings&apos;[39m },
  keys: {
    solcVersion: { type: [32m&apos;string&apos;[39m, flags: [36m[Object][39m },
    optimizer: { type: [32m&apos;boolean&apos;[39m, flags: [36m[Object][39m },
    optimizerRuns: { type: [32m&apos;number&apos;[39m, flags: [36m[Object][39m }
  }
}
🤖 [MS3-PKG] [DEBUG] 🤖 [MS3-PKG] [DEBUG] 🤖 [MS3-PKG] [DEBUG] 🤖 [MS3-PKG] [DEBUG] 🤖 [MS3-PKG] [DEBUG] 🤖 [MS3-PKG] [DEBUG] 🤖 [MS3-PKG] [DEBUG] 📊 [analyzeJoiSchema] Field compilerSettings: type=object, required=false, message=&quot;Solidity compiler settings&quot;
🤖 [MS3-PKG] [DEBUG] 🤖 [MS3-PKG] [DEBUG] 🤖 [MS3-PKG] [DEBUG] 🤖 [MS3-PKG] [DEBUG] 🤖 [MS3-PKG] [DEBUG] 🤖 [MS3-PKG] [DEBUG] 🤖 [MS3-PKG] [DEBUG] 🔄 [analyzeJoiSchema] Recursing into nested object: compilerSettings
🤖 [MS3-PKG] [DEBUG] 🤖 [MS3-PKG] [DEBUG] 🤖 [MS3-PKG] [DEBUG] 🤖 [MS3-PKG] [DEBUG] 🤖 [MS3-PKG] [DEBUG] 🤖 [MS3-PKG] [DEBUG] 🤖 [MS3-PKG] [DEBUG] 🔑 [analyzeJoiSchema] Processing field: solcVersion
🤖 [MS3-PKG] [DEBUG] 🤖 [MS3-PKG] [DEBUG] 🤖 [MS3-PKG] [DEBUG] 🤖 [MS3-PKG] [DEBUG] 🤖 [MS3-PKG] [DEBUG] 🤖 [MS3-PKG] [DEBUG] 🤖 [MS3-PKG] [DEBUG] 📝 [analyzeJoiSchema] Field description: {
  type: [32m&apos;string&apos;[39m,
  flags: { presence: [32m&apos;optional&apos;[39m, description: [32m&apos;Solidity compiler version&apos;[39m }
}
🤖 [MS3-PKG] [DEBUG] 🤖 [MS3-PKG] [DEBUG] 🤖 [MS3-PKG] [DEBUG] 🤖 [MS3-PKG] [DEBUG] 🤖 [MS3-PKG] [DEBUG] 🤖 [MS3-PKG] [DEBUG] 🤖 [MS3-PKG] [DEBUG] 📊 [analyzeJoiSchema] Field solcVersion: type=string, required=false, message=&quot;Solidity compiler version&quot;
🤖 [MS3-PKG] [INFO] 🤖 [MS3-PKG] [INFO] 🤖 [MS3-PKG] [INFO] 🤖 [MS3-PKG] [INFO] 🤖 [MS3-PKG] [INFO] 🤖 [MS3-PKG] [INFO] 🤖 [MS3-PKG] [INFO] 📊 [analyzeJoiSchema] Generated 11 requirements for options

🤖 [MS3-PKG] [INFO] 🤖 [MS3-PKG] [INFO] 🤖 [MS3-PKG] [INFO] 🤖 [MS3-PKG] [INFO] 🤖 [MS3-PKG] [INFO] 🤖 [MS3-PKG] [INFO] 🤖 [MS3-PKG] [INFO] DIR FOR .ENV C:\Users\gunne\Desktop\M3S-GITHUB\MS3\.env
🤖 [MS3-PKG] [INFO] 🤖 [MS3-PKG] [INFO] 🤖 [MS3-PKG] [INFO] 🤖 [MS3-PKG] [INFO] 🤖 [MS3-PKG] [INFO] 🤖 [MS3-PKG] [INFO] 🤖 [MS3-PKG] [INFO] 🤖 [MS3-PKG] Logging level set to: DEBUG
🤖 [MS3-PKG] [DEBUG] 🤖 [MS3-PKG] [DEBUG] 🤖 [MS3-PKG] [DEBUG] 🤖 [MS3-PKG] [DEBUG] 🤖 [MS3-PKG] [DEBUG] 🤖 [MS3-PKG] [DEBUG] 🤖 [MS3-PKG] [DEBUG] 🤖 [MS3-PKG] [DEBUG] 🔍 [getRequirements] Starting analysis for lifi
🤖 [MS3-PKG] [DEBUG] 🤖 [MS3-PKG] [DEBUG] 🤖 [MS3-PKG] [DEBUG] 🤖 [MS3-PKG] [DEBUG] 🤖 [MS3-PKG] [DEBUG] 🤖 [MS3-PKG] [DEBUG] 🤖 [MS3-PKG] [DEBUG] 🤖 [MS3-PKG] [DEBUG] 🔬 [analyzeJoiSchema] Analyzing schema at path: options
🤖 [MS3-PKG] [DEBUG] 🤖 [MS3-PKG] [DEBUG] 🤖 [MS3-PKG] [DEBUG] 🤖 [MS3-PKG] [DEBUG] 🤖 [MS3-PKG] [DEBUG] 🤖 [MS3-PKG] [DEBUG] 🤖 [MS3-PKG] [DEBUG] 🤖 [MS3-PKG] [DEBUG] 📋 [analyzeJoiSchema] Schema description type: object
🤖 [MS3-PKG] [DEBUG] 🤖 [MS3-PKG] [DEBUG] 🤖 [MS3-PKG] [DEBUG] 🤖 [MS3-PKG] [DEBUG] 🤖 [MS3-PKG] [DEBUG] 🤖 [MS3-PKG] [DEBUG] 🤖 [MS3-PKG] [DEBUG] 🤖 [MS3-PKG] [DEBUG] 📋 [analyzeJoiSchema] Schema keys: [
  [32m&apos;apiKey&apos;[39m,
  [32m&apos;timeout&apos;[39m,
  [32m&apos;retries&apos;[39m,
  [32m&apos;supportedChains&apos;[39m,
  [32m&apos;slippageConfig&apos;[39m,
  [32m&apos;wallet&apos;[39m,
  [32m&apos;rpcOverrides&apos;[39m
]
🤖 [MS3-PKG] [DEBUG] 🤖 [MS3-PKG] [DEBUG] 🤖 [MS3-PKG] [DEBUG] 🤖 [MS3-PKG] [DEBUG] 🤖 [MS3-PKG] [DEBUG] 🤖 [MS3-PKG] [DEBUG] 🤖 [MS3-PKG] [DEBUG] 🤖 [MS3-PKG] [DEBUG] ✅ [analyzeJoiSchema] Processing object schema with 7 keys
🤖 [MS3-PKG] [DEBUG] 🤖 [MS3-PKG] [DEBUG] 🤖 [MS3-PKG] [DEBUG] 🤖 [MS3-PKG] [DEBUG] 🤖 [MS3-PKG] [DEBUG] 🤖 [MS3-PKG] [DEBUG] 🤖 [MS3-PKG] [DEBUG] 🤖 [MS3-PKG] [DEBUG] 🔑 [analyzeJoiSchema] Processing field: apiKey
🤖 [MS3-PKG] [DEBUG] 🤖 [MS3-PKG] [DEBUG] 🤖 [MS3-PKG] [DEBUG] 🤖 [MS3-PKG] [DEBUG] 🤖 [MS3-PKG] [DEBUG] 🤖 [MS3-PKG] [DEBUG] 🤖 [MS3-PKG] [DEBUG] 🤖 [MS3-PKG] [DEBUG] 📝 [analyzeJoiSchema] Field description: {
  type: [32m&apos;string&apos;[39m,
  flags: {
    presence: [32m&apos;optional&apos;[39m,
    description: [32m&apos;Optional LiFi API key for enhanced rate limits&apos;[39m
  }
}
🤖 [MS3-PKG] [DEBUG] 🤖 [MS3-PKG] [DEBUG] 🤖 [MS3-PKG] [DEBUG] 🤖 [MS3-PKG] [DEBUG] 🤖 [MS3-PKG] [DEBUG] 🤖 [MS3-PKG] [DEBUG] 🤖 [MS3-PKG] [DEBUG] 🤖 [MS3-PKG] [DEBUG] 📊 [analyzeJoiSchema] Field apiKey: type=string, required=false, message=&quot;Optional LiFi API key for enhanced rate limits&quot;
🤖 [MS3-PKG] [DEBUG] 🤖 [MS3-PKG] [DEBUG] 🤖 [MS3-PKG] [DEBUG] 🤖 [MS3-PKG] [DEBUG] 🤖 [MS3-PKG] [DEBUG] 🤖 [MS3-PKG] [DEBUG] 🤖 [MS3-PKG] [DEBUG] 🤖 [MS3-PKG] [DEBUG] 🔑 [analyzeJoiSchema] Processing field: timeout
🤖 [MS3-PKG] [DEBUG] 🤖 [MS3-PKG] [DEBUG] 🤖 [MS3-PKG] [DEBUG] 🤖 [MS3-PKG] [DEBUG] 🤖 [MS3-PKG] [DEBUG] 🤖 [MS3-PKG] [DEBUG] 🤖 [MS3-PKG] [DEBUG] 🤖 [MS3-PKG] [DEBUG] 📝 [analyzeJoiSchema] Field description: {
  type: [32m&apos;number&apos;[39m,
  flags: { default: [33m60000[39m, description: [32m&apos;Request timeout in milliseconds&apos;[39m },
  rules: [ { name: [32m&apos;min&apos;[39m, args: [36m[Object][39m }, { name: [32m&apos;max&apos;[39m, args: [36m[Object][39m } ]
}
🤖 [MS3-PKG] [DEBUG] 🤖 [MS3-PKG] [DEBUG] 🤖 [MS3-PKG] [DEBUG] 🤖 [MS3-PKG] [DEBUG] 🤖 [MS3-PKG] [DEBUG] 🤖 [MS3-PKG] [DEBUG] 🤖 [MS3-PKG] [DEBUG] 🤖 [MS3-PKG] [DEBUG] 📊 [analyzeJoiSchema] Field timeout: type=number, required=true, message=&quot;Request timeout in milliseconds&quot;
🤖 [MS3-PKG] [DEBUG] 🤖 [MS3-PKG] [DEBUG] 🤖 [MS3-PKG] [DEBUG] 🤖 [MS3-PKG] [DEBUG] 🤖 [MS3-PKG] [DEBUG] 🤖 [MS3-PKG] [DEBUG] 🤖 [MS3-PKG] [DEBUG] 🤖 [MS3-PKG] [DEBUG] 🔑 [analyzeJoiSchema] Processing field: retries
🤖 [MS3-PKG] [DEBUG] 🤖 [MS3-PKG] [DEBUG] 🤖 [MS3-PKG] [DEBUG] 🤖 [MS3-PKG] [DEBUG] 🤖 [MS3-PKG] [DEBUG] 🤖 [MS3-PKG] [DEBUG] 🤖 [MS3-PKG] [DEBUG] 🤖 [MS3-PKG] [DEBUG] 📝 [analyzeJoiSchema] Field description: {
  type: [32m&apos;number&apos;[39m,
  flags: {
    default: [33m2[39m,
    description: [32m&apos;Number of retry attempts for failed requests&apos;[39m
  },
  rules: [
    { name: [32m&apos;integer&apos;[39m },
    { name: [32m&apos;min&apos;[39m, args: [36m[Object][39m },
    { name: [32m&apos;max&apos;[39m, args: [36m[Object][39m }
  ]
}
🤖 [MS3-PKG] [DEBUG] 🤖 [MS3-PKG] [DEBUG] 🤖 [MS3-PKG] [DEBUG] 🤖 [MS3-PKG] [DEBUG] 🤖 [MS3-PKG] [DEBUG] 🤖 [MS3-PKG] [DEBUG] 🤖 [MS3-PKG] [DEBUG] 🤖 [MS3-PKG] [DEBUG] 📊 [analyzeJoiSchema] Field retries: type=number, required=true, message=&quot;Number of retry attempts for failed requests&quot;
🤖 [MS3-PKG] [DEBUG] 🤖 [MS3-PKG] [DEBUG] 🤖 [MS3-PKG] [DEBUG] 🤖 [MS3-PKG] [DEBUG] 🤖 [MS3-PKG] [DEBUG] 🤖 [MS3-PKG] [DEBUG] 🤖 [MS3-PKG] [DEBUG] 🤖 [MS3-PKG] [DEBUG] 🔑 [analyzeJoiSchema] Processing field: supportedChains
🤖 [MS3-PKG] [DEBUG] 🤖 [MS3-PKG] [DEBUG] 🤖 [MS3-PKG] [DEBUG] 🤖 [MS3-PKG] [DEBUG] 🤖 [MS3-PKG] [DEBUG] 🤖 [MS3-PKG] [DEBUG] 🤖 [MS3-PKG] [DEBUG] 🤖 [MS3-PKG] [DEBUG] 📝 [analyzeJoiSchema] Field description: {
  type: [32m&apos;array&apos;[39m,
  flags: {
    presence: [32m&apos;optional&apos;[39m,
    description: [32m&apos;Override supported chain configurations&apos;[39m
  },
  items: [ { type: [32m&apos;object&apos;[39m, keys: [36m[Object][39m } ]
}
🤖 [MS3-PKG] [DEBUG] 🤖 [MS3-PKG] [DEBUG] 🤖 [MS3-PKG] [DEBUG] 🤖 [MS3-PKG] [DEBUG] 🤖 [MS3-PKG] [DEBUG] 🤖 [MS3-PKG] [DEBUG] 🤖 [MS3-PKG] [DEBUG] 🤖 [MS3-PKG] [DEBUG] 📊 [analyzeJoiSchema] Field supportedChains: type=array, required=false, message=&quot;Override supported chain configurations&quot;
🤖 [MS3-PKG] [DEBUG] 🤖 [MS3-PKG] [DEBUG] 🤖 [MS3-PKG] [DEBUG] 🤖 [MS3-PKG] [DEBUG] 🤖 [MS3-PKG] [DEBUG] 🤖 [MS3-PKG] [DEBUG] 🤖 [MS3-PKG] [DEBUG] 🤖 [MS3-PKG] [DEBUG] 🔑 [analyzeJoiSchema] Processing field: slippageConfig
🤖 [MS3-PKG] [DEBUG] 🤖 [MS3-PKG] [DEBUG] 🤖 [MS3-PKG] [DEBUG] 🤖 [MS3-PKG] [DEBUG] 🤖 [MS3-PKG] [DEBUG] 🤖 [MS3-PKG] [DEBUG] 🤖 [MS3-PKG] [DEBUG] 🤖 [MS3-PKG] [DEBUG] 📝 [analyzeJoiSchema] Field description: {
  type: [32m&apos;object&apos;[39m,
  flags: {
    presence: [32m&apos;optional&apos;[39m,
    description: [32m&apos;Slippage tolerance configuration&apos;[39m
  },
  keys: {
    defaultSlippage: { type: [32m&apos;number&apos;[39m, flags: [36m[Object][39m, rules: [36m[Array][39m },
    maxSlippage: { type: [32m&apos;number&apos;[39m, flags: [36m[Object][39m, rules: [36m[Array][39m }
  }
}
🤖 [MS3-PKG] [DEBUG] 🤖 [MS3-PKG] [DEBUG] 🤖 [MS3-PKG] [DEBUG] 🤖 [MS3-PKG] [DEBUG] 🤖 [MS3-PKG] [DEBUG] 🤖 [MS3-PKG] [DEBUG] 🤖 [MS3-PKG] [DEBUG] 🤖 [MS3-PKG] [DEBUG] 📊 [analyzeJoiSchema] Field slippageConfig: type=object, required=false, message=&quot;Slippage tolerance configuration&quot;
🤖 [MS3-PKG] [DEBUG] 🤖 [MS3-PKG] [DEBUG] 🤖 [MS3-PKG] [DEBUG] 🤖 [MS3-PKG] [DEBUG] 🤖 [MS3-PKG] [DEBUG] 🤖 [MS3-PKG] [DEBUG] 🤖 [MS3-PKG] [DEBUG] 🤖 [MS3-PKG] [DEBUG] 🔄 [analyzeJoiSchema] Recursing into nested object: slippageConfig
🤖 [MS3-PKG] [DEBUG] 🤖 [MS3-PKG] [DEBUG] 🤖 [MS3-PKG] [DEBUG] 🤖 [MS3-PKG] [DEBUG] 🤖 [MS3-PKG] [DEBUG] 🤖 [MS3-PKG] [DEBUG] 🤖 [MS3-PKG] [DEBUG] 🤖 [MS3-PKG] [DEBUG] 🔑 [analyzeJoiSchema] Processing field: wallet
🤖 [MS3-PKG] [DEBUG] 🤖 [MS3-PKG] [DEBUG] 🤖 [MS3-PKG] [DEBUG] 🤖 [MS3-PKG] [DEBUG] 🤖 [MS3-PKG] [DEBUG] 🤖 [MS3-PKG] [DEBUG] 🤖 [MS3-PKG] [DEBUG] 🤖 [MS3-PKG] [DEBUG] 📝 [analyzeJoiSchema] Field description: {
  type: [32m&apos;any&apos;[39m,
  flags: {
    presence: [32m&apos;optional&apos;[39m,
    description: [32m&apos;Wallet adapter instance for transaction execution&apos;[39m
  }
}
🤖 [MS3-PKG] [DEBUG] 🤖 [MS3-PKG] [DEBUG] 🤖 [MS3-PKG] [DEBUG] 🤖 [MS3-PKG] [DEBUG] 🤖 [MS3-PKG] [DEBUG] 🤖 [MS3-PKG] [DEBUG] 🤖 [MS3-PKG] [DEBUG] 🤖 [MS3-PKG] [DEBUG] 📊 [analyzeJoiSchema] Field wallet: type=any, required=false, message=&quot;Wallet adapter instance for transaction execution&quot;
🤖 [MS3-PKG] [DEBUG] 🤖 [MS3-PKG] [DEBUG] 🤖 [MS3-PKG] [DEBUG] 🤖 [MS3-PKG] [DEBUG] 🤖 [MS3-PKG] [DEBUG] 🤖 [MS3-PKG] [DEBUG] 🤖 [MS3-PKG] [DEBUG] 🤖 [MS3-PKG] [DEBUG] 🔑 [analyzeJoiSchema] Processing field: rpcOverrides
🤖 [MS3-PKG] [DEBUG] 🤖 [MS3-PKG] [DEBUG] 🤖 [MS3-PKG] [DEBUG] 🤖 [MS3-PKG] [DEBUG] 🤖 [MS3-PKG] [DEBUG] 🤖 [MS3-PKG] [DEBUG] 🤖 [MS3-PKG] [DEBUG] 🤖 [MS3-PKG] [DEBUG] 📝 [analyzeJoiSchema] Field description: {
  type: [32m&apos;any&apos;[39m,
  flags: { presence: [32m&apos;optional&apos;[39m, description: [32m&apos;rpcOverrides&apos;[39m }
}
🤖 [MS3-PKG] [DEBUG] 🤖 [MS3-PKG] [DEBUG] 🤖 [MS3-PKG] [DEBUG] 🤖 [MS3-PKG] [DEBUG] 🤖 [MS3-PKG] [DEBUG] 🤖 [MS3-PKG] [DEBUG] 🤖 [MS3-PKG] [DEBUG] 🤖 [MS3-PKG] [DEBUG] 📊 [analyzeJoiSchema] Field rpcOverrides: type=any, required=false, message=&quot;rpcOverrides&quot;
🤖 [MS3-PKG] [INFO] 🤖 [MS3-PKG] [INFO] 🤖 [MS3-PKG] [INFO] 🤖 [MS3-PKG] [INFO] 🤖 [MS3-PKG] [INFO] 🤖 [MS3-PKG] [INFO] 🤖 [MS3-PKG] [INFO] 🤖 [MS3-PKG] [INFO] 📊 [analyzeJoiSchema] Generated 9 requirements for options
🤖 [MS3-PKG] [DEBUG] 🤖 [MS3-PKG] [DEBUG] 🤖 [MS3-PKG] [DEBUG] 🤖 [MS3-PKG] [DEBUG] 🤖 [MS3-PKG] [DEBUG] 🤖 [MS3-PKG] [DEBUG] 🤖 [MS3-PKG] [DEBUG] 🤖 [MS3-PKG] [DEBUG] ✅ LiFi adapter registered with static compatibility matrix
🤖 [MS3-PKG] [DEBUG] 🤖 [MS3-PKG] [DEBUG] 🤖 [MS3-PKG] [DEBUG] 🤖 [MS3-PKG] [DEBUG] 🤖 [MS3-PKG] [DEBUG] 🤖 [MS3-PKG] [DEBUG] 🤖 [MS3-PKG] [DEBUG] 🤖 [MS3-PKG] [DEBUG] 📋 Generated requirements: [
  {
    path: [32m&apos;options.apiKey&apos;[39m,
    type: [32m&apos;string&apos;[39m,
    allowUndefined: [33mtrue[39m,
    message: [32m&apos;Optional LiFi API key for enhanced rate limits&apos;[39m
  },
  {
    path: [32m&apos;options.timeout&apos;[39m,
    type: [32m&apos;number&apos;[39m,
    allowUndefined: [33mfalse[39m,
    message: [32m&apos;Request timeout in milliseconds&apos;[39m
  },
  {
    path: [32m&apos;options.retries&apos;[39m,
    type: [32m&apos;number&apos;[39m,
    allowUndefined: [33mfalse[39m,
    message: [32m&apos;Number of retry attempts for failed requests&apos;[39m
  },
  {
    path: [32m&apos;options.supportedChains&apos;[39m,
    type: [32m&apos;array&apos;[39m,
    allowUndefined: [33mtrue[39m,
    message: [32m&apos;Override supported chain configurations&apos;[39m
  },
  {
    path: [32m&apos;options.slippageConfig&apos;[39m,
    type: [32m&apos;object&apos;[39m,
    allowUndefined: [33mtrue[39m,
    message: [32m&apos;Slippage tolerance configuration&apos;[39m
  },
  {
    path: [32m&apos;options.slippageConfig.defaultSlippage&apos;[39m,
    type: [32m&apos;number&apos;[39m,
    allowUndefined: [33mtrue[39m,
    message: [32m&apos;Default slippage tolerance (3%)&apos;[39m
  },
  {
    path: [32m&apos;options.slippageConfig.maxSlippage&apos;[39m,
    type: [32m&apos;number&apos;[39m,
    allowUndefined: [33mtrue[39m,
    message: [32m&apos;Maximum allowed slippage (10%)&apos;[39m
  },
  {
    path: [32m&apos;options.wallet&apos;[39m,
    type: [32m&apos;any&apos;[39m,
    allowUndefined: [33mtrue[39m,
    message: [32m&apos;Wallet adapter instance for transaction execution&apos;[39m
  },
  {
    path: [32m&apos;options.rpcOverrides&apos;[39m,
    type: [32m&apos;any&apos;[39m,
    allowUndefined: [33mtrue[39m,
    message: [32m&apos;rpcOverrides&apos;[39m
  }
]
🤖 [MS3-PKG] [DEBUG] 🤖 [MS3-PKG] [DEBUG] 🤖 [MS3-PKG] [DEBUG] 🤖 [MS3-PKG] [DEBUG] 🤖 [MS3-PKG] [DEBUG] 🤖 [MS3-PKG] [DEBUG] 🤖 [MS3-PKG] [DEBUG] 🤖 [MS3-PKG] [DEBUG] 🔧 Generated capabilities: [
  [32m&apos;IAdapterIdentity&apos;[39m,
  [32m&apos;IAdapterLifecycle&apos;[39m,
  [32m&apos;IQuoteProvider&apos;[39m,
  [32m&apos;IOperationHandler&apos;[39m,
  [32m&apos;IChainDiscovery&apos;[39m,
  [32m&apos;IGasEstimator&apos;[39m,
  [32m&apos;IOperationMaintenance&apos;[39m,
  [32m&apos;IEventEmitter&apos;[39m
]

            </system-out>
            <system-err>
🤖 [MS3-PKG] [WARN] 🤖 [MS3-PKG] [WARN] 🤖 [MS3-PKG] [WARN] 🤖 [MS3-PKG] [WARN] 🤖 [MS3-PKG] [WARN] 🤖 [MS3-PKG] [WARN] [getRequirements] No requirements found for ethers interface - using fallback.
🤖 [MS3-PKG] [WARN] 🤖 [MS3-PKG] [WARN] 🤖 [MS3-PKG] [WARN] 🤖 [MS3-PKG] [WARN] 🤖 [MS3-PKG] [WARN] 🤖 [MS3-PKG] [WARN] [getRequirements] Using fallback requirements for ethers

            </system-err>
        </testcase>
        <testcase classname="tests/00_Registry.test.ts" name="Auto-Generation System Tests (JOI-Based) &gt; Cross-Package Registry Architecture Test &gt; should still FAIL for adapters that are truly incompatible by environment" time="0.0435916">
            <system-out>
🤖 [MS3-PKG] [INFO] 🤖 [MS3-PKG] [INFO] 🤖 [MS3-PKG] [INFO] 🤖 [MS3-PKG] [INFO] 🤖 [MS3-PKG] [INFO] 🤖 [MS3-PKG] [INFO] 🤖 [MS3-PKG] [INFO] 🤖 [MS3-PKG] [INFO] DIR FOR .ENV C:\Users\gunne\Desktop\M3S-GITHUB\MS3\.env
🤖 [MS3-PKG] [INFO] 🤖 [MS3-PKG] [INFO] 🤖 [MS3-PKG] [INFO] 🤖 [MS3-PKG] [INFO] 🤖 [MS3-PKG] [INFO] 🤖 [MS3-PKG] [INFO] 🤖 [MS3-PKG] [INFO] 🤖 [MS3-PKG] [INFO] 🤖 [MS3-PKG] Logging level set to: DEBUG
🤖 [MS3-PKG] [DEBUG] 🤖 [MS3-PKG] [DEBUG] 🤖 [MS3-PKG] [DEBUG] 🤖 [MS3-PKG] [DEBUG] 🤖 [MS3-PKG] [DEBUG] 🤖 [MS3-PKG] [DEBUG] 🤖 [MS3-PKG] [DEBUG] 🤖 [MS3-PKG] [DEBUG] 🤖 [MS3-PKG] [DEBUG] 🔍 [getRequirements] Starting analysis for ethers
🤖 [MS3-PKG] [INFO] 🤖 [MS3-PKG] [INFO] 🤖 [MS3-PKG] [INFO] 🤖 [MS3-PKG] [INFO] 🤖 [MS3-PKG] [INFO] 🤖 [MS3-PKG] [INFO] 🤖 [MS3-PKG] [INFO] 🤖 [MS3-PKG] [INFO] 🤖 [MS3-PKG] [INFO] [getRequirements] Using fallback requirements for ethers
🤖 [MS3-PKG] [DEBUG] 🤖 [MS3-PKG] [DEBUG] 🤖 [MS3-PKG] [DEBUG] 🤖 [MS3-PKG] [DEBUG] 🤖 [MS3-PKG] [DEBUG] 🤖 [MS3-PKG] [DEBUG] 🤖 [MS3-PKG] [DEBUG] 🤖 [MS3-PKG] [DEBUG] 🤖 [MS3-PKG] [DEBUG] ✅ Ethers wallet adapter registered with static compatibility matrix
🤖 [MS3-PKG] [DEBUG] 🤖 [MS3-PKG] [DEBUG] 🤖 [MS3-PKG] [DEBUG] 🤖 [MS3-PKG] [DEBUG] 🤖 [MS3-PKG] [DEBUG] 🤖 [MS3-PKG] [DEBUG] 🤖 [MS3-PKG] [DEBUG] 🤖 [MS3-PKG] [DEBUG] 🤖 [MS3-PKG] [DEBUG] 📋 Generated requirements: [
  {
    path: [32m&apos;options.privateKey&apos;[39m,
    type: [32m&apos;string&apos;[39m,
    allowUndefined: [33mtrue[39m,
    message: [32m&apos;Private key for wallet (generates random if not provided)&apos;[39m
  },
  {
    path: [32m&apos;options.provider&apos;[39m,
    type: [32m&apos;object&apos;[39m,
    allowUndefined: [33mtrue[39m,
    message: [32m&apos;Optional provider configuration&apos;[39m
  }
]
🤖 [MS3-PKG] [DEBUG] 🤖 [MS3-PKG] [DEBUG] 🤖 [MS3-PKG] [DEBUG] 🤖 [MS3-PKG] [DEBUG] 🤖 [MS3-PKG] [DEBUG] 🤖 [MS3-PKG] [DEBUG] 🤖 [MS3-PKG] [DEBUG] 🤖 [MS3-PKG] [DEBUG] 🤖 [MS3-PKG] [DEBUG] 🌍 Generated environment: {
  supportedEnvironments: [ [32m&apos;server&apos;[39m, [32m&apos;browser&apos;[39m ],
  limitations: [
    [32m&apos;Browser environments should use secure key sources (hardware wallets, secure storage)&apos;[39m,
    [32m&apos;Consider Web3Auth adapter for OAuth-based browser authentication flows&apos;[39m,
    [32m&apos;Requires Node.js server environment&apos;[39m,
    [32m&apos;Cannot be used in browser environments&apos;[39m,
    [32m&apos;Requires browser environment with window and document objects&apos;[39m,
    [32m&apos;Cannot be used in Node.js server environments&apos;[39m,
    [32m&apos;May require user interaction for authentication flows&apos;[39m
  ],
  securityNotes: [
    [32m&apos;Private keys are processed during wallet creation but not stored persistently&apos;[39m,
    [32m&apos;Server environments provide better security for sensitive private key operations&apos;[39m,
    [32m&apos;Browser usage requires secure private key handling by the application&apos;[39m,
    [32m&apos;Server environments provide better security for sensitive operations&apos;[39m,
    [32m&apos;Ensure proper private key management and storage&apos;[39m,
    [32m&apos;Ensure secure handling of private keys in browser environment&apos;[39m,
    [32m&apos;Consider using hardware wallets for enhanced security&apos;[39m,
    [32m&apos;ethers adapter follows standard security practices&apos;[39m
  ]
}
🤖 [MS3-PKG] [DEBUG] 🤖 [MS3-PKG] [DEBUG] 🤖 [MS3-PKG] [DEBUG] 🤖 [MS3-PKG] [DEBUG] 🤖 [MS3-PKG] [DEBUG] 🤖 [MS3-PKG] [DEBUG] 🤖 [MS3-PKG] [DEBUG] 🤖 [MS3-PKG] [DEBUG] 🤖 [MS3-PKG] [DEBUG] 🔧 Generated capabilities: [
  [32m&apos;ICoreWallet&apos;[39m,
  [32m&apos;IEventEmitter&apos;[39m,
  [32m&apos;IMessageSigner&apos;[39m,
  [32m&apos;ITransactionHandler&apos;[39m,
  [32m&apos;IRPCHandler&apos;[39m,
  [32m&apos;ITypedDataSigner&apos;[39m,
  [32m&apos;IGasEstimation&apos;[39m,
  [32m&apos;ITokenOperations&apos;[39m,
  [32m&apos;ITransactionStatus&apos;[39m,
  [32m&apos;IAdapterLifecycle&apos;[39m
]
🤖 [MS3-PKG] [DEBUG] 🤖 [MS3-PKG] [DEBUG] 🤖 [MS3-PKG] [DEBUG] 🤖 [MS3-PKG] [DEBUG] 🤖 [MS3-PKG] [DEBUG] 🤖 [MS3-PKG] [DEBUG] 🤖 [MS3-PKG] [DEBUG] 🤖 [MS3-PKG] [DEBUG] 🤖 [MS3-PKG] [DEBUG] 🔍 [getRequirements] Starting analysis for web3auth
🤖 [MS3-PKG] [DEBUG] 🤖 [MS3-PKG] [DEBUG] 🤖 [MS3-PKG] [DEBUG] 🤖 [MS3-PKG] [DEBUG] 🤖 [MS3-PKG] [DEBUG] 🤖 [MS3-PKG] [DEBUG] 🤖 [MS3-PKG] [DEBUG] 🤖 [MS3-PKG] [DEBUG] 🤖 [MS3-PKG] [DEBUG] 🔬 [analyzeJoiSchema] Analyzing schema at path: options
🤖 [MS3-PKG] [DEBUG] 🤖 [MS3-PKG] [DEBUG] 🤖 [MS3-PKG] [DEBUG] 🤖 [MS3-PKG] [DEBUG] 🤖 [MS3-PKG] [DEBUG] 🤖 [MS3-PKG] [DEBUG] 🤖 [MS3-PKG] [DEBUG] 🤖 [MS3-PKG] [DEBUG] 🤖 [MS3-PKG] [DEBUG] 📋 [analyzeJoiSchema] Schema description type: object
🤖 [MS3-PKG] [DEBUG] 🤖 [MS3-PKG] [DEBUG] 🤖 [MS3-PKG] [DEBUG] 🤖 [MS3-PKG] [DEBUG] 🤖 [MS3-PKG] [DEBUG] 🤖 [MS3-PKG] [DEBUG] 🤖 [MS3-PKG] [DEBUG] 🤖 [MS3-PKG] [DEBUG] 🤖 [MS3-PKG] [DEBUG] 📋 [analyzeJoiSchema] Schema keys: [ [32m&apos;web3authConfig&apos;[39m, [32m&apos;multiChainRpcs&apos;[39m ]
🤖 [MS3-PKG] [DEBUG] 🤖 [MS3-PKG] [DEBUG] 🤖 [MS3-PKG] [DEBUG] 🤖 [MS3-PKG] [DEBUG] 🤖 [MS3-PKG] [DEBUG] 🤖 [MS3-PKG] [DEBUG] 🤖 [MS3-PKG] [DEBUG] 🤖 [MS3-PKG] [DEBUG] 🤖 [MS3-PKG] [DEBUG] ✅ [analyzeJoiSchema] Processing object schema with 2 keys
🤖 [MS3-PKG] [DEBUG] 🤖 [MS3-PKG] [DEBUG] 🤖 [MS3-PKG] [DEBUG] 🤖 [MS3-PKG] [DEBUG] 🤖 [MS3-PKG] [DEBUG] 🤖 [MS3-PKG] [DEBUG] 🤖 [MS3-PKG] [DEBUG] 🤖 [MS3-PKG] [DEBUG] 🤖 [MS3-PKG] [DEBUG] 🔑 [analyzeJoiSchema] Processing field: web3authConfig
🤖 [MS3-PKG] [DEBUG] 🤖 [MS3-PKG] [DEBUG] 🤖 [MS3-PKG] [DEBUG] 🤖 [MS3-PKG] [DEBUG] 🤖 [MS3-PKG] [DEBUG] 🤖 [MS3-PKG] [DEBUG] 🤖 [MS3-PKG] [DEBUG] 🤖 [MS3-PKG] [DEBUG] 🤖 [MS3-PKG] [DEBUG] 📝 [analyzeJoiSchema] Field description: {
  type: [32m&apos;object&apos;[39m,
  flags: {
    presence: [32m&apos;required&apos;[39m,
    description: [32m&apos;Web3Auth configuration object&apos;[39m
  },
  keys: {
    clientId: { type: [32m&apos;string&apos;[39m, flags: [36m[Object][39m },
    web3AuthNetwork: { type: [32m&apos;string&apos;[39m, flags: [36m[Object][39m, allow: [36m[Array][39m },
    chainConfig: { type: [32m&apos;object&apos;[39m, flags: [36m[Object][39m, keys: [36m[Object][39m },
    loginConfig: { type: [32m&apos;object&apos;[39m, flags: [36m[Object][39m },
    privateKeyProvider: { type: [32m&apos;any&apos;[39m, flags: [36m[Object][39m }
  }
}
🤖 [MS3-PKG] [DEBUG] 🤖 [MS3-PKG] [DEBUG] 🤖 [MS3-PKG] [DEBUG] 🤖 [MS3-PKG] [DEBUG] 🤖 [MS3-PKG] [DEBUG] 🤖 [MS3-PKG] [DEBUG] 🤖 [MS3-PKG] [DEBUG] 🤖 [MS3-PKG] [DEBUG] 🤖 [MS3-PKG] [DEBUG] 📊 [analyzeJoiSchema] Field web3authConfig: type=object, required=true, message=&quot;Web3Auth configuration object&quot;
🤖 [MS3-PKG] [DEBUG] 🤖 [MS3-PKG] [DEBUG] 🤖 [MS3-PKG] [DEBUG] 🤖 [MS3-PKG] [DEBUG] 🤖 [MS3-PKG] [DEBUG] 🤖 [MS3-PKG] [DEBUG] 🤖 [MS3-PKG] [DEBUG] 🤖 [MS3-PKG] [DEBUG] 🤖 [MS3-PKG] [DEBUG] 🔄 [analyzeJoiSchema] Recursing into nested object: web3authConfig
🤖 [MS3-PKG] [DEBUG] 🤖 [MS3-PKG] [DEBUG] 🤖 [MS3-PKG] [DEBUG] 🤖 [MS3-PKG] [DEBUG] 🤖 [MS3-PKG] [DEBUG] 🤖 [MS3-PKG] [DEBUG] 🤖 [MS3-PKG] [DEBUG] 🤖 [MS3-PKG] [DEBUG] 🤖 [MS3-PKG] [DEBUG] 🔑 [analyzeJoiSchema] Processing field: multiChainRpcs
🤖 [MS3-PKG] [DEBUG] 🤖 [MS3-PKG] [DEBUG] 🤖 [MS3-PKG] [DEBUG] 🤖 [MS3-PKG] [DEBUG] 🤖 [MS3-PKG] [DEBUG] 🤖 [MS3-PKG] [DEBUG] 🤖 [MS3-PKG] [DEBUG] 🤖 [MS3-PKG] [DEBUG] 🤖 [MS3-PKG] [DEBUG] 📝 [analyzeJoiSchema] Field description: {
  type: [32m&apos;object&apos;[39m,
  flags: {
    presence: [32m&apos;optional&apos;[39m,
    description: [32m&apos;Multi-chain RPC configuration - maps chain IDs to RPC URL arrays&apos;[39m
  },
  patterns: [ { schema: [36m[Object][39m, rule: [36m[Object][39m } ]
}
🤖 [MS3-PKG] [DEBUG] 🤖 [MS3-PKG] [DEBUG] 🤖 [MS3-PKG] [DEBUG] 🤖 [MS3-PKG] [DEBUG] 🤖 [MS3-PKG] [DEBUG] 🤖 [MS3-PKG] [DEBUG] 🤖 [MS3-PKG] [DEBUG] 🤖 [MS3-PKG] [DEBUG] 🤖 [MS3-PKG] [DEBUG] 📊 [analyzeJoiSchema] Field multiChainRpcs: type=object, required=false, message=&quot;Multi-chain RPC configuration - maps chain IDs to RPC URL arrays&quot;
🤖 [MS3-PKG] [INFO] 🤖 [MS3-PKG] [INFO] 🤖 [MS3-PKG] [INFO] 🤖 [MS3-PKG] [INFO] 🤖 [MS3-PKG] [INFO] 🤖 [MS3-PKG] [INFO] 🤖 [MS3-PKG] [INFO] 🤖 [MS3-PKG] [INFO] 🤖 [MS3-PKG] [INFO] 📊 [analyzeJoiSchema] Generated 14 requirements for options
🤖 [MS3-PKG] [DEBUG] 🤖 [MS3-PKG] [DEBUG] 🤖 [MS3-PKG] [DEBUG] 🤖 [MS3-PKG] [DEBUG] 🤖 [MS3-PKG] [DEBUG] 🤖 [MS3-PKG] [DEBUG] 🤖 [MS3-PKG] [DEBUG] 🤖 [MS3-PKG] [DEBUG] 🤖 [MS3-PKG] [DEBUG] ✅ Web3Auth wallet adapter registered with static compatibility matrix
🤖 [MS3-PKG] [DEBUG] 🤖 [MS3-PKG] [DEBUG] 🤖 [MS3-PKG] [DEBUG] 🤖 [MS3-PKG] [DEBUG] 🤖 [MS3-PKG] [DEBUG] 🤖 [MS3-PKG] [DEBUG] 🤖 [MS3-PKG] [DEBUG] 🤖 [MS3-PKG] [DEBUG] 🤖 [MS3-PKG] [DEBUG] 📋 Generated requirements: [
  {
    path: [32m&apos;options.web3authConfig&apos;[39m,
    type: [32m&apos;object&apos;[39m,
    allowUndefined: [33mfalse[39m,
    message: [32m&apos;Web3Auth configuration object&apos;[39m
  },
  {
    path: [32m&apos;options.web3authConfig.clientId&apos;[39m,
    type: [32m&apos;string&apos;[39m,
    allowUndefined: [33mfalse[39m,
    message: [32m&apos;Your Web3Auth Client ID&apos;[39m
  },
  {
    path: [32m&apos;options.web3authConfig.web3AuthNetwork&apos;[39m,
    type: [32m&apos;string&apos;[39m,
    allowUndefined: [33mfalse[39m,
    message: [32m&apos;Web3Auth Network environment&apos;[39m
  },
  {
    path: [32m&apos;options.web3authConfig.chainConfig&apos;[39m,
    type: [32m&apos;object&apos;[39m,
    allowUndefined: [33mfalse[39m,
    message: [32m&apos;Blockchain configuration&apos;[39m
  },
  {
    path: [32m&apos;options.web3authConfig.chainConfig.chainNamespace&apos;[39m,
    type: [32m&apos;string&apos;[39m,
    allowUndefined: [33mtrue[39m,
    message: [32m&apos;chainNamespace is optional and must be of type: string&apos;[39m
  },
  {
    path: [32m&apos;options.web3authConfig.chainConfig.chainId&apos;[39m,
    type: [32m&apos;string&apos;[39m,
    allowUndefined: [33mfalse[39m,
    message: [32m&apos;Blockchain chain ID (hexadecimal)&apos;[39m
  },
  {
    path: [32m&apos;options.web3authConfig.chainConfig.rpcTarget&apos;[39m,
    type: [32m&apos;string&apos;[39m,
    allowUndefined: [33mfalse[39m,
    message: [32m&apos;RPC endpoint URL&apos;[39m
  },
  {
    path: [32m&apos;options.web3authConfig.chainConfig.displayName&apos;[39m,
    type: [32m&apos;string&apos;[39m,
    allowUndefined: [33mfalse[39m,
    message: [32m&apos;Network display name&apos;[39m
  },
  {
    path: [32m&apos;options.web3authConfig.chainConfig.blockExplorerUrl&apos;[39m,
    type: [32m&apos;string&apos;[39m,
    allowUndefined: [33mfalse[39m,
    message: [32m&apos;Block explorer URL&apos;[39m
  },
  {
    path: [32m&apos;options.web3authConfig.chainConfig.ticker&apos;[39m,
    type: [32m&apos;string&apos;[39m,
    allowUndefined: [33mfalse[39m,
    message: [32m&apos;Native token ticker (e.g., ETH)&apos;[39m
  },
  {
    path: [32m&apos;options.web3authConfig.chainConfig.tickerName&apos;[39m,
    type: [32m&apos;string&apos;[39m,
    allowUndefined: [33mfalse[39m,
    message: [32m&apos;Native token name (e.g., Ethereum)&apos;[39m
  },
  {
    path: [32m&apos;options.web3authConfig.loginConfig&apos;[39m,
    type: [32m&apos;object&apos;[39m,
    allowUndefined: [33mfalse[39m,
    message: [32m&apos;OAuth provider configuration&apos;[39m
  },
  {
    path: [32m&apos;options.web3authConfig.privateKeyProvider&apos;[39m,
    type: [32m&apos;any&apos;[39m,
    allowUndefined: [33mtrue[39m,
    message: [32m&apos;Optional private key provider&apos;[39m
  },
  {
    path: [32m&apos;options.multiChainRpcs&apos;[39m,
    type: [32m&apos;object&apos;[39m,
    allowUndefined: [33mtrue[39m,
    message: [32m&apos;Multi-chain RPC configuration - maps chain IDs to RPC URL arrays&apos;[39m
  }
]
🤖 [MS3-PKG] [DEBUG] 🤖 [MS3-PKG] [DEBUG] 🤖 [MS3-PKG] [DEBUG] 🤖 [MS3-PKG] [DEBUG] 🤖 [MS3-PKG] [DEBUG] 🤖 [MS3-PKG] [DEBUG] 🤖 [MS3-PKG] [DEBUG] 🤖 [MS3-PKG] [DEBUG] 🤖 [MS3-PKG] [DEBUG] 🌍 Generated environment: {
  supportedEnvironments: [ [32m&apos;browser&apos;[39m ],
  limitations: [
    [32m&apos;Requires browser environment with Web3Auth SDK&apos;[39m,
    [32m&apos;Cannot be used in Node.js server environments&apos;[39m,
    [32m&apos;Requires user interaction for OAuth flows&apos;[39m,
    [32m&apos;Requires browser environment with window and document objects&apos;[39m,
    [32m&apos;May require user interaction for authentication flows&apos;[39m
  ],
  securityNotes: [
    [32m&apos;Web3Auth handles private key generation securely&apos;[39m,
    [32m&apos;OAuth-based authentication provides better UX&apos;[39m,
    [32m&apos;Private keys reconstructed in memory only&apos;[39m,
    [32m&apos;Ensure secure handling of private keys in browser environment&apos;[39m,
    [32m&apos;Consider using hardware wallets for enhanced security&apos;[39m,
    [32m&apos;web3auth adapter follows standard security practices&apos;[39m
  ]
}
🤖 [MS3-PKG] [DEBUG] 🤖 [MS3-PKG] [DEBUG] 🤖 [MS3-PKG] [DEBUG] 🤖 [MS3-PKG] [DEBUG] 🤖 [MS3-PKG] [DEBUG] 🤖 [MS3-PKG] [DEBUG] 🤖 [MS3-PKG] [DEBUG] 🤖 [MS3-PKG] [DEBUG] 🤖 [MS3-PKG] [DEBUG] 🔧 Generated capabilities: [
  [32m&apos;ICoreWallet&apos;[39m,
  [32m&apos;IEventEmitter&apos;[39m,
  [32m&apos;IMessageSigner&apos;[39m,
  [32m&apos;ITransactionHandler&apos;[39m,
  [32m&apos;ITypedDataSigner&apos;[39m,
  [32m&apos;IGasEstimation&apos;[39m,
  [32m&apos;ITokenOperations&apos;[39m,
  [32m&apos;IRPCHandler&apos;[39m,
  [32m&apos;ITransactionStatus&apos;[39m,
  [32m&apos;IAdapterLifecycle&apos;[39m
]

🤖 [MS3-PKG] [INFO] 🤖 [MS3-PKG] [INFO] 🤖 [MS3-PKG] [INFO] 🤖 [MS3-PKG] [INFO] 🤖 [MS3-PKG] [INFO] 🤖 [MS3-PKG] [INFO] 🤖 [MS3-PKG] [INFO] 🤖 [MS3-PKG] [INFO] 🤖 [MS3-PKG] [INFO] DIR FOR .ENV C:\Users\gunne\Desktop\M3S-GITHUB\MS3\.env
🤖 [MS3-PKG] [INFO] 🤖 [MS3-PKG] [INFO] 🤖 [MS3-PKG] [INFO] 🤖 [MS3-PKG] [INFO] 🤖 [MS3-PKG] [INFO] 🤖 [MS3-PKG] [INFO] 🤖 [MS3-PKG] [INFO] 🤖 [MS3-PKG] [INFO] 🤖 [MS3-PKG] [INFO] 🤖 [MS3-PKG] Logging level set to: DEBUG
🤖 [MS3-PKG] [DEBUG] 🤖 [MS3-PKG] [DEBUG] 🤖 [MS3-PKG] [DEBUG] 🤖 [MS3-PKG] [DEBUG] 🤖 [MS3-PKG] [DEBUG] 🤖 [MS3-PKG] [DEBUG] 🤖 [MS3-PKG] [DEBUG] 🤖 [MS3-PKG] [DEBUG] 🤖 [MS3-PKG] [DEBUG] 🤖 [MS3-PKG] [DEBUG] 🔍 [getRequirements] Starting analysis for openZeppelin
🤖 [MS3-PKG] [DEBUG] 🤖 [MS3-PKG] [DEBUG] 🤖 [MS3-PKG] [DEBUG] 🤖 [MS3-PKG] [DEBUG] 🤖 [MS3-PKG] [DEBUG] 🤖 [MS3-PKG] [DEBUG] 🤖 [MS3-PKG] [DEBUG] 🤖 [MS3-PKG] [DEBUG] 🤖 [MS3-PKG] [DEBUG] 🤖 [MS3-PKG] [DEBUG] 🔬 [analyzeJoiSchema] Analyzing schema at path: options
🤖 [MS3-PKG] [DEBUG] 🤖 [MS3-PKG] [DEBUG] 🤖 [MS3-PKG] [DEBUG] 🤖 [MS3-PKG] [DEBUG] 🤖 [MS3-PKG] [DEBUG] 🤖 [MS3-PKG] [DEBUG] 🤖 [MS3-PKG] [DEBUG] 🤖 [MS3-PKG] [DEBUG] 🤖 [MS3-PKG] [DEBUG] 🤖 [MS3-PKG] [DEBUG] 📋 [analyzeJoiSchema] Schema description type: object
🤖 [MS3-PKG] [DEBUG] 🤖 [MS3-PKG] [DEBUG] 🤖 [MS3-PKG] [DEBUG] 🤖 [MS3-PKG] [DEBUG] 🤖 [MS3-PKG] [DEBUG] 🤖 [MS3-PKG] [DEBUG] 🤖 [MS3-PKG] [DEBUG] 🤖 [MS3-PKG] [DEBUG] 🤖 [MS3-PKG] [DEBUG] 🤖 [MS3-PKG] [DEBUG] 📋 [analyzeJoiSchema] Schema keys: [
  [32m&apos;workDir&apos;[39m,
  [32m&apos;hardhatConfig&apos;[39m,
  [32m&apos;preserveOutput&apos;[39m,
  [32m&apos;providerConfig&apos;[39m,
  [32m&apos;compilerSettings&apos;[39m,
  [32m&apos;solcVersion&apos;[39m
]
🤖 [MS3-PKG] [DEBUG] 🤖 [MS3-PKG] [DEBUG] 🤖 [MS3-PKG] [DEBUG] 🤖 [MS3-PKG] [DEBUG] 🤖 [MS3-PKG] [DEBUG] 🤖 [MS3-PKG] [DEBUG] 🤖 [MS3-PKG] [DEBUG] 🤖 [MS3-PKG] [DEBUG] 🤖 [MS3-PKG] [DEBUG] 🤖 [MS3-PKG] [DEBUG] ✅ [analyzeJoiSchema] Processing object schema with 6 keys
🤖 [MS3-PKG] [DEBUG] 🤖 [MS3-PKG] [DEBUG] 🤖 [MS3-PKG] [DEBUG] 🤖 [MS3-PKG] [DEBUG] 🤖 [MS3-PKG] [DEBUG] 🤖 [MS3-PKG] [DEBUG] 🤖 [MS3-PKG] [DEBUG] 🤖 [MS3-PKG] [DEBUG] 🤖 [MS3-PKG] [DEBUG] 🤖 [MS3-PKG] [DEBUG] 🔑 [analyzeJoiSchema] Processing field: workDir
🤖 [MS3-PKG] [DEBUG] 🤖 [MS3-PKG] [DEBUG] 🤖 [MS3-PKG] [DEBUG] 🤖 [MS3-PKG] [DEBUG] 🤖 [MS3-PKG] [DEBUG] 🤖 [MS3-PKG] [DEBUG] 🤖 [MS3-PKG] [DEBUG] 🤖 [MS3-PKG] [DEBUG] 🤖 [MS3-PKG] [DEBUG] 🤖 [MS3-PKG] [DEBUG] 📝 [analyzeJoiSchema] Field description: {
  type: [32m&apos;string&apos;[39m,
  flags: {
    presence: [32m&apos;optional&apos;[39m,
    description: [32m&apos;Working directory for contract generation&apos;[39m
  }
}
🤖 [MS3-PKG] [DEBUG] 🤖 [MS3-PKG] [DEBUG] 🤖 [MS3-PKG] [DEBUG] 🤖 [MS3-PKG] [DEBUG] 🤖 [MS3-PKG] [DEBUG] 🤖 [MS3-PKG] [DEBUG] 🤖 [MS3-PKG] [DEBUG] 🤖 [MS3-PKG] [DEBUG] 🤖 [MS3-PKG] [DEBUG] 🤖 [MS3-PKG] [DEBUG] 📊 [analyzeJoiSchema] Field workDir: type=string, required=false, message=&quot;Working directory for contract generation&quot;
🤖 [MS3-PKG] [DEBUG] 🤖 [MS3-PKG] [DEBUG] 🤖 [MS3-PKG] [DEBUG] 🤖 [MS3-PKG] [DEBUG] 🤖 [MS3-PKG] [DEBUG] 🤖 [MS3-PKG] [DEBUG] 🤖 [MS3-PKG] [DEBUG] 🤖 [MS3-PKG] [DEBUG] 🤖 [MS3-PKG] [DEBUG] 🤖 [MS3-PKG] [DEBUG] 🔑 [analyzeJoiSchema] Processing field: hardhatConfig
🤖 [MS3-PKG] [DEBUG] 🤖 [MS3-PKG] [DEBUG] 🤖 [MS3-PKG] [DEBUG] 🤖 [MS3-PKG] [DEBUG] 🤖 [MS3-PKG] [DEBUG] 🤖 [MS3-PKG] [DEBUG] 🤖 [MS3-PKG] [DEBUG] 🤖 [MS3-PKG] [DEBUG] 🤖 [MS3-PKG] [DEBUG] 🤖 [MS3-PKG] [DEBUG] 📝 [analyzeJoiSchema] Field description: {
  type: [32m&apos;object&apos;[39m,
  flags: {
    presence: [32m&apos;optional&apos;[39m,
    description: [32m&apos;Hardhat configuration options&apos;[39m
  },
  keys: {
    configFileName: { type: [32m&apos;string&apos;[39m, flags: [36m[Object][39m },
    customSettings: { type: [32m&apos;object&apos;[39m, flags: [36m[Object][39m }
  }
}
🤖 [MS3-PKG] [DEBUG] 🤖 [MS3-PKG] [DEBUG] 🤖 [MS3-PKG] [DEBUG] 🤖 [MS3-PKG] [DEBUG] 🤖 [MS3-PKG] [DEBUG] 🤖 [MS3-PKG] [DEBUG] 🤖 [MS3-PKG] [DEBUG] 🤖 [MS3-PKG] [DEBUG] 🤖 [MS3-PKG] [DEBUG] 🤖 [MS3-PKG] [DEBUG] 📊 [analyzeJoiSchema] Field hardhatConfig: type=object, required=false, message=&quot;Hardhat configuration options&quot;
🤖 [MS3-PKG] [DEBUG] 🤖 [MS3-PKG] [DEBUG] 🤖 [MS3-PKG] [DEBUG] 🤖 [MS3-PKG] [DEBUG] 🤖 [MS3-PKG] [DEBUG] 🤖 [MS3-PKG] [DEBUG] 🤖 [MS3-PKG] [DEBUG] 🤖 [MS3-PKG] [DEBUG] 🤖 [MS3-PKG] [DEBUG] 🤖 [MS3-PKG] [DEBUG] 🔄 [analyzeJoiSchema] Recursing into nested object: hardhatConfig
🤖 [MS3-PKG] [DEBUG] 🤖 [MS3-PKG] [DEBUG] 🤖 [MS3-PKG] [DEBUG] 🤖 [MS3-PKG] [DEBUG] 🤖 [MS3-PKG] [DEBUG] 🤖 [MS3-PKG] [DEBUG] 🤖 [MS3-PKG] [DEBUG] 🤖 [MS3-PKG] [DEBUG] 🤖 [MS3-PKG] [DEBUG] 🤖 [MS3-PKG] [DEBUG] 🔑 [analyzeJoiSchema] Processing field: preserveOutput
🤖 [MS3-PKG] [DEBUG] 🤖 [MS3-PKG] [DEBUG] 🤖 [MS3-PKG] [DEBUG] 🤖 [MS3-PKG] [DEBUG] 🤖 [MS3-PKG] [DEBUG] 🤖 [MS3-PKG] [DEBUG] 🤖 [MS3-PKG] [DEBUG] 🤖 [MS3-PKG] [DEBUG] 🤖 [MS3-PKG] [DEBUG] 🤖 [MS3-PKG] [DEBUG] 📝 [analyzeJoiSchema] Field description: {
  type: [32m&apos;boolean&apos;[39m,
  flags: {
    presence: [32m&apos;optional&apos;[39m,
    default: [33mfalse[39m,
    description: [32m&apos;Whether to preserve generated files&apos;[39m
  }
}
🤖 [MS3-PKG] [DEBUG] 🤖 [MS3-PKG] [DEBUG] 🤖 [MS3-PKG] [DEBUG] 🤖 [MS3-PKG] [DEBUG] 🤖 [MS3-PKG] [DEBUG] 🤖 [MS3-PKG] [DEBUG] 🤖 [MS3-PKG] [DEBUG] 🤖 [MS3-PKG] [DEBUG] 🤖 [MS3-PKG] [DEBUG] 🤖 [MS3-PKG] [DEBUG] 📊 [analyzeJoiSchema] Field preserveOutput: type=boolean, required=false, message=&quot;Whether to preserve generated files&quot;
🤖 [MS3-PKG] [DEBUG] 🤖 [MS3-PKG] [DEBUG] 🤖 [MS3-PKG] [DEBUG] 🤖 [MS3-PKG] [DEBUG] 🤖 [MS3-PKG] [DEBUG] 🤖 [MS3-PKG] [DEBUG] 🤖 [MS3-PKG] [DEBUG] 🤖 [MS3-PKG] [DEBUG] 🤖 [MS3-PKG] [DEBUG] 🤖 [MS3-PKG] [DEBUG] 🔑 [analyzeJoiSchema] Processing field: providerConfig
🤖 [MS3-PKG] [DEBUG] 🤖 [MS3-PKG] [DEBUG] 🤖 [MS3-PKG] [DEBUG] 🤖 [MS3-PKG] [DEBUG] 🤖 [MS3-PKG] [DEBUG] 🤖 [MS3-PKG] [DEBUG] 🤖 [MS3-PKG] [DEBUG] 🤖 [MS3-PKG] [DEBUG] 🤖 [MS3-PKG] [DEBUG] 🤖 [MS3-PKG] [DEBUG] 📝 [analyzeJoiSchema] Field description: {
  type: [32m&apos;object&apos;[39m,
  flags: {
    presence: [32m&apos;optional&apos;[39m,
    description: [32m&apos;Network provider configuration&apos;[39m
  }
}
🤖 [MS3-PKG] [DEBUG] 🤖 [MS3-PKG] [DEBUG] 🤖 [MS3-PKG] [DEBUG] 🤖 [MS3-PKG] [DEBUG] 🤖 [MS3-PKG] [DEBUG] 🤖 [MS3-PKG] [DEBUG] 🤖 [MS3-PKG] [DEBUG] 🤖 [MS3-PKG] [DEBUG] 🤖 [MS3-PKG] [DEBUG] 🤖 [MS3-PKG] [DEBUG] 📊 [analyzeJoiSchema] Field providerConfig: type=object, required=false, message=&quot;Network provider configuration&quot;
🤖 [MS3-PKG] [DEBUG] 🤖 [MS3-PKG] [DEBUG] 🤖 [MS3-PKG] [DEBUG] 🤖 [MS3-PKG] [DEBUG] 🤖 [MS3-PKG] [DEBUG] 🤖 [MS3-PKG] [DEBUG] 🤖 [MS3-PKG] [DEBUG] 🤖 [MS3-PKG] [DEBUG] 🤖 [MS3-PKG] [DEBUG] 🤖 [MS3-PKG] [DEBUG] 🔑 [analyzeJoiSchema] Processing field: compilerSettings
🤖 [MS3-PKG] [DEBUG] 🤖 [MS3-PKG] [DEBUG] 🤖 [MS3-PKG] [DEBUG] 🤖 [MS3-PKG] [DEBUG] 🤖 [MS3-PKG] [DEBUG] 🤖 [MS3-PKG] [DEBUG] 🤖 [MS3-PKG] [DEBUG] 🤖 [MS3-PKG] [DEBUG] 🤖 [MS3-PKG] [DEBUG] 🤖 [MS3-PKG] [DEBUG] 📝 [analyzeJoiSchema] Field description: {
  type: [32m&apos;object&apos;[39m,
  flags: { presence: [32m&apos;optional&apos;[39m, description: [32m&apos;Solidity compiler settings&apos;[39m },
  keys: {
    solcVersion: { type: [32m&apos;string&apos;[39m, flags: [36m[Object][39m },
    optimizer: { type: [32m&apos;boolean&apos;[39m, flags: [36m[Object][39m },
    optimizerRuns: { type: [32m&apos;number&apos;[39m, flags: [36m[Object][39m }
  }
}
🤖 [MS3-PKG] [DEBUG] 🤖 [MS3-PKG] [DEBUG] 🤖 [MS3-PKG] [DEBUG] 🤖 [MS3-PKG] [DEBUG] 🤖 [MS3-PKG] [DEBUG] 🤖 [MS3-PKG] [DEBUG] 🤖 [MS3-PKG] [DEBUG] 🤖 [MS3-PKG] [DEBUG] 🤖 [MS3-PKG] [DEBUG] 🤖 [MS3-PKG] [DEBUG] 📊 [analyzeJoiSchema] Field compilerSettings: type=object, required=false, message=&quot;Solidity compiler settings&quot;
🤖 [MS3-PKG] [DEBUG] 🤖 [MS3-PKG] [DEBUG] 🤖 [MS3-PKG] [DEBUG] 🤖 [MS3-PKG] [DEBUG] 🤖 [MS3-PKG] [DEBUG] 🤖 [MS3-PKG] [DEBUG] 🤖 [MS3-PKG] [DEBUG] 🤖 [MS3-PKG] [DEBUG] 🤖 [MS3-PKG] [DEBUG] 🤖 [MS3-PKG] [DEBUG] 🔄 [analyzeJoiSchema] Recursing into nested object: compilerSettings
🤖 [MS3-PKG] [DEBUG] 🤖 [MS3-PKG] [DEBUG] 🤖 [MS3-PKG] [DEBUG] 🤖 [MS3-PKG] [DEBUG] 🤖 [MS3-PKG] [DEBUG] 🤖 [MS3-PKG] [DEBUG] 🤖 [MS3-PKG] [DEBUG] 🤖 [MS3-PKG] [DEBUG] 🤖 [MS3-PKG] [DEBUG] 🤖 [MS3-PKG] [DEBUG] 🔑 [analyzeJoiSchema] Processing field: solcVersion
🤖 [MS3-PKG] [DEBUG] 🤖 [MS3-PKG] [DEBUG] 🤖 [MS3-PKG] [DEBUG] 🤖 [MS3-PKG] [DEBUG] 🤖 [MS3-PKG] [DEBUG] 🤖 [MS3-PKG] [DEBUG] 🤖 [MS3-PKG] [DEBUG] 🤖 [MS3-PKG] [DEBUG] 🤖 [MS3-PKG] [DEBUG] 🤖 [MS3-PKG] [DEBUG] 📝 [analyzeJoiSchema] Field description: {
  type: [32m&apos;string&apos;[39m,
  flags: { presence: [32m&apos;optional&apos;[39m, description: [32m&apos;Solidity compiler version&apos;[39m }
}
🤖 [MS3-PKG] [DEBUG] 🤖 [MS3-PKG] [DEBUG] 🤖 [MS3-PKG] [DEBUG] 🤖 [MS3-PKG] [DEBUG] 🤖 [MS3-PKG] [DEBUG] 🤖 [MS3-PKG] [DEBUG] 🤖 [MS3-PKG] [DEBUG] 🤖 [MS3-PKG] [DEBUG] 🤖 [MS3-PKG] [DEBUG] 🤖 [MS3-PKG] [DEBUG] 📊 [analyzeJoiSchema] Field solcVersion: type=string, required=false, message=&quot;Solidity compiler version&quot;
🤖 [MS3-PKG] [INFO] 🤖 [MS3-PKG] [INFO] 🤖 [MS3-PKG] [INFO] 🤖 [MS3-PKG] [INFO] 🤖 [MS3-PKG] [INFO] 🤖 [MS3-PKG] [INFO] 🤖 [MS3-PKG] [INFO] 🤖 [MS3-PKG] [INFO] 🤖 [MS3-PKG] [INFO] 🤖 [MS3-PKG] [INFO] 📊 [analyzeJoiSchema] Generated 11 requirements for options

🤖 [MS3-PKG] [INFO] 🤖 [MS3-PKG] [INFO] 🤖 [MS3-PKG] [INFO] 🤖 [MS3-PKG] [INFO] 🤖 [MS3-PKG] [INFO] 🤖 [MS3-PKG] [INFO] 🤖 [MS3-PKG] [INFO] 🤖 [MS3-PKG] [INFO] 🤖 [MS3-PKG] [INFO] 🤖 [MS3-PKG] [INFO] DIR FOR .ENV C:\Users\gunne\Desktop\M3S-GITHUB\MS3\.env
🤖 [MS3-PKG] [INFO] 🤖 [MS3-PKG] [INFO] 🤖 [MS3-PKG] [INFO] 🤖 [MS3-PKG] [INFO] 🤖 [MS3-PKG] [INFO] 🤖 [MS3-PKG] [INFO] 🤖 [MS3-PKG] [INFO] 🤖 [MS3-PKG] [INFO] 🤖 [MS3-PKG] [INFO] 🤖 [MS3-PKG] [INFO] 🤖 [MS3-PKG] Logging level set to: DEBUG
🤖 [MS3-PKG] [DEBUG] 🤖 [MS3-PKG] [DEBUG] 🤖 [MS3-PKG] [DEBUG] 🤖 [MS3-PKG] [DEBUG] 🤖 [MS3-PKG] [DEBUG] 🤖 [MS3-PKG] [DEBUG] 🤖 [MS3-PKG] [DEBUG] 🤖 [MS3-PKG] [DEBUG] 🤖 [MS3-PKG] [DEBUG] 🤖 [MS3-PKG] [DEBUG] 🤖 [MS3-PKG] [DEBUG] 🔍 [getRequirements] Starting analysis for lifi
🤖 [MS3-PKG] [DEBUG] 🤖 [MS3-PKG] [DEBUG] 🤖 [MS3-PKG] [DEBUG] 🤖 [MS3-PKG] [DEBUG] 🤖 [MS3-PKG] [DEBUG] 🤖 [MS3-PKG] [DEBUG] 🤖 [MS3-PKG] [DEBUG] 🤖 [MS3-PKG] [DEBUG] 🤖 [MS3-PKG] [DEBUG] 🤖 [MS3-PKG] [DEBUG] 🤖 [MS3-PKG] [DEBUG] 🔬 [analyzeJoiSchema] Analyzing schema at path: options
🤖 [MS3-PKG] [DEBUG] 🤖 [MS3-PKG] [DEBUG] 🤖 [MS3-PKG] [DEBUG] 🤖 [MS3-PKG] [DEBUG] 🤖 [MS3-PKG] [DEBUG] 🤖 [MS3-PKG] [DEBUG] 🤖 [MS3-PKG] [DEBUG] 🤖 [MS3-PKG] [DEBUG] 🤖 [MS3-PKG] [DEBUG] 🤖 [MS3-PKG] [DEBUG] 🤖 [MS3-PKG] [DEBUG] 📋 [analyzeJoiSchema] Schema description type: object
🤖 [MS3-PKG] [DEBUG] 🤖 [MS3-PKG] [DEBUG] 🤖 [MS3-PKG] [DEBUG] 🤖 [MS3-PKG] [DEBUG] 🤖 [MS3-PKG] [DEBUG] 🤖 [MS3-PKG] [DEBUG] 🤖 [MS3-PKG] [DEBUG] 🤖 [MS3-PKG] [DEBUG] 🤖 [MS3-PKG] [DEBUG] 🤖 [MS3-PKG] [DEBUG] 🤖 [MS3-PKG] [DEBUG] 📋 [analyzeJoiSchema] Schema keys: [
  [32m&apos;apiKey&apos;[39m,
  [32m&apos;timeout&apos;[39m,
  [32m&apos;retries&apos;[39m,
  [32m&apos;supportedChains&apos;[39m,
  [32m&apos;slippageConfig&apos;[39m,
  [32m&apos;wallet&apos;[39m,
  [32m&apos;rpcOverrides&apos;[39m
]
🤖 [MS3-PKG] [DEBUG] 🤖 [MS3-PKG] [DEBUG] 🤖 [MS3-PKG] [DEBUG] 🤖 [MS3-PKG] [DEBUG] 🤖 [MS3-PKG] [DEBUG] 🤖 [MS3-PKG] [DEBUG] 🤖 [MS3-PKG] [DEBUG] 🤖 [MS3-PKG] [DEBUG] 🤖 [MS3-PKG] [DEBUG] 🤖 [MS3-PKG] [DEBUG] 🤖 [MS3-PKG] [DEBUG] ✅ [analyzeJoiSchema] Processing object schema with 7 keys
🤖 [MS3-PKG] [DEBUG] 🤖 [MS3-PKG] [DEBUG] 🤖 [MS3-PKG] [DEBUG] 🤖 [MS3-PKG] [DEBUG] 🤖 [MS3-PKG] [DEBUG] 🤖 [MS3-PKG] [DEBUG] 🤖 [MS3-PKG] [DEBUG] 🤖 [MS3-PKG] [DEBUG] 🤖 [MS3-PKG] [DEBUG] 🤖 [MS3-PKG] [DEBUG] 🤖 [MS3-PKG] [DEBUG] 🔑 [analyzeJoiSchema] Processing field: apiKey
🤖 [MS3-PKG] [DEBUG] 🤖 [MS3-PKG] [DEBUG] 🤖 [MS3-PKG] [DEBUG] 🤖 [MS3-PKG] [DEBUG] 🤖 [MS3-PKG] [DEBUG] 🤖 [MS3-PKG] [DEBUG] 🤖 [MS3-PKG] [DEBUG] 🤖 [MS3-PKG] [DEBUG] 🤖 [MS3-PKG] [DEBUG] 🤖 [MS3-PKG] [DEBUG] 🤖 [MS3-PKG] [DEBUG] 📝 [analyzeJoiSchema] Field description: {
  type: [32m&apos;string&apos;[39m,
  flags: {
    presence: [32m&apos;optional&apos;[39m,
    description: [32m&apos;Optional LiFi API key for enhanced rate limits&apos;[39m
  }
}
🤖 [MS3-PKG] [DEBUG] 🤖 [MS3-PKG] [DEBUG] 🤖 [MS3-PKG] [DEBUG] 🤖 [MS3-PKG] [DEBUG] 🤖 [MS3-PKG] [DEBUG] 🤖 [MS3-PKG] [DEBUG] 🤖 [MS3-PKG] [DEBUG] 🤖 [MS3-PKG] [DEBUG] 🤖 [MS3-PKG] [DEBUG] 🤖 [MS3-PKG] [DEBUG] 🤖 [MS3-PKG] [DEBUG] 📊 [analyzeJoiSchema] Field apiKey: type=string, required=false, message=&quot;Optional LiFi API key for enhanced rate limits&quot;
🤖 [MS3-PKG] [DEBUG] 🤖 [MS3-PKG] [DEBUG] 🤖 [MS3-PKG] [DEBUG] 🤖 [MS3-PKG] [DEBUG] 🤖 [MS3-PKG] [DEBUG] 🤖 [MS3-PKG] [DEBUG] 🤖 [MS3-PKG] [DEBUG] 🤖 [MS3-PKG] [DEBUG] 🤖 [MS3-PKG] [DEBUG] 🤖 [MS3-PKG] [DEBUG] 🤖 [MS3-PKG] [DEBUG] 🔑 [analyzeJoiSchema] Processing field: timeout
🤖 [MS3-PKG] [DEBUG] 🤖 [MS3-PKG] [DEBUG] 🤖 [MS3-PKG] [DEBUG] 🤖 [MS3-PKG] [DEBUG] 🤖 [MS3-PKG] [DEBUG] 🤖 [MS3-PKG] [DEBUG] 🤖 [MS3-PKG] [DEBUG] 🤖 [MS3-PKG] [DEBUG] 🤖 [MS3-PKG] [DEBUG] 🤖 [MS3-PKG] [DEBUG] 🤖 [MS3-PKG] [DEBUG] 📝 [analyzeJoiSchema] Field description: {
  type: [32m&apos;number&apos;[39m,
  flags: { default: [33m60000[39m, description: [32m&apos;Request timeout in milliseconds&apos;[39m },
  rules: [ { name: [32m&apos;min&apos;[39m, args: [36m[Object][39m }, { name: [32m&apos;max&apos;[39m, args: [36m[Object][39m } ]
}
🤖 [MS3-PKG] [DEBUG] 🤖 [MS3-PKG] [DEBUG] 🤖 [MS3-PKG] [DEBUG] 🤖 [MS3-PKG] [DEBUG] 🤖 [MS3-PKG] [DEBUG] 🤖 [MS3-PKG] [DEBUG] 🤖 [MS3-PKG] [DEBUG] 🤖 [MS3-PKG] [DEBUG] 🤖 [MS3-PKG] [DEBUG] 🤖 [MS3-PKG] [DEBUG] 🤖 [MS3-PKG] [DEBUG] 📊 [analyzeJoiSchema] Field timeout: type=number, required=true, message=&quot;Request timeout in milliseconds&quot;
🤖 [MS3-PKG] [DEBUG] 🤖 [MS3-PKG] [DEBUG] 🤖 [MS3-PKG] [DEBUG] 🤖 [MS3-PKG] [DEBUG] 🤖 [MS3-PKG] [DEBUG] 🤖 [MS3-PKG] [DEBUG] 🤖 [MS3-PKG] [DEBUG] 🤖 [MS3-PKG] [DEBUG] 🤖 [MS3-PKG] [DEBUG] 🤖 [MS3-PKG] [DEBUG] 🤖 [MS3-PKG] [DEBUG] 🔑 [analyzeJoiSchema] Processing field: retries
🤖 [MS3-PKG] [DEBUG] 🤖 [MS3-PKG] [DEBUG] 🤖 [MS3-PKG] [DEBUG] 🤖 [MS3-PKG] [DEBUG] 🤖 [MS3-PKG] [DEBUG] 🤖 [MS3-PKG] [DEBUG] 🤖 [MS3-PKG] [DEBUG] 🤖 [MS3-PKG] [DEBUG] 🤖 [MS3-PKG] [DEBUG] 🤖 [MS3-PKG] [DEBUG] 🤖 [MS3-PKG] [DEBUG] 📝 [analyzeJoiSchema] Field description: {
  type: [32m&apos;number&apos;[39m,
  flags: {
    default: [33m2[39m,
    description: [32m&apos;Number of retry attempts for failed requests&apos;[39m
  },
  rules: [
    { name: [32m&apos;integer&apos;[39m },
    { name: [32m&apos;min&apos;[39m, args: [36m[Object][39m },
    { name: [32m&apos;max&apos;[39m, args: [36m[Object][39m }
  ]
}
🤖 [MS3-PKG] [DEBUG] 🤖 [MS3-PKG] [DEBUG] 🤖 [MS3-PKG] [DEBUG] 🤖 [MS3-PKG] [DEBUG] 🤖 [MS3-PKG] [DEBUG] 🤖 [MS3-PKG] [DEBUG] 🤖 [MS3-PKG] [DEBUG] 🤖 [MS3-PKG] [DEBUG] 🤖 [MS3-PKG] [DEBUG] 🤖 [MS3-PKG] [DEBUG] 🤖 [MS3-PKG] [DEBUG] 📊 [analyzeJoiSchema] Field retries: type=number, required=true, message=&quot;Number of retry attempts for failed requests&quot;
🤖 [MS3-PKG] [DEBUG] 🤖 [MS3-PKG] [DEBUG] 🤖 [MS3-PKG] [DEBUG] 🤖 [MS3-PKG] [DEBUG] 🤖 [MS3-PKG] [DEBUG] 🤖 [MS3-PKG] [DEBUG] 🤖 [MS3-PKG] [DEBUG] 🤖 [MS3-PKG] [DEBUG] 🤖 [MS3-PKG] [DEBUG] 🤖 [MS3-PKG] [DEBUG] 🤖 [MS3-PKG] [DEBUG] 🔑 [analyzeJoiSchema] Processing field: supportedChains
🤖 [MS3-PKG] [DEBUG] 🤖 [MS3-PKG] [DEBUG] 🤖 [MS3-PKG] [DEBUG] 🤖 [MS3-PKG] [DEBUG] 🤖 [MS3-PKG] [DEBUG] 🤖 [MS3-PKG] [DEBUG] 🤖 [MS3-PKG] [DEBUG] 🤖 [MS3-PKG] [DEBUG] 🤖 [MS3-PKG] [DEBUG] 🤖 [MS3-PKG] [DEBUG] 🤖 [MS3-PKG] [DEBUG] 📝 [analyzeJoiSchema] Field description: {
  type: [32m&apos;array&apos;[39m,
  flags: {
    presence: [32m&apos;optional&apos;[39m,
    description: [32m&apos;Override supported chain configurations&apos;[39m
  },
  items: [ { type: [32m&apos;object&apos;[39m, keys: [36m[Object][39m } ]
}
🤖 [MS3-PKG] [DEBUG] 🤖 [MS3-PKG] [DEBUG] 🤖 [MS3-PKG] [DEBUG] 🤖 [MS3-PKG] [DEBUG] 🤖 [MS3-PKG] [DEBUG] 🤖 [MS3-PKG] [DEBUG] 🤖 [MS3-PKG] [DEBUG] 🤖 [MS3-PKG] [DEBUG] 🤖 [MS3-PKG] [DEBUG] 🤖 [MS3-PKG] [DEBUG] 🤖 [MS3-PKG] [DEBUG] 📊 [analyzeJoiSchema] Field supportedChains: type=array, required=false, message=&quot;Override supported chain configurations&quot;
🤖 [MS3-PKG] [DEBUG] 🤖 [MS3-PKG] [DEBUG] 🤖 [MS3-PKG] [DEBUG] 🤖 [MS3-PKG] [DEBUG] 🤖 [MS3-PKG] [DEBUG] 🤖 [MS3-PKG] [DEBUG] 🤖 [MS3-PKG] [DEBUG] 🤖 [MS3-PKG] [DEBUG] 🤖 [MS3-PKG] [DEBUG] 🤖 [MS3-PKG] [DEBUG] 🤖 [MS3-PKG] [DEBUG] 🔑 [analyzeJoiSchema] Processing field: slippageConfig
🤖 [MS3-PKG] [DEBUG] 🤖 [MS3-PKG] [DEBUG] 🤖 [MS3-PKG] [DEBUG] 🤖 [MS3-PKG] [DEBUG] 🤖 [MS3-PKG] [DEBUG] 🤖 [MS3-PKG] [DEBUG] 🤖 [MS3-PKG] [DEBUG] 🤖 [MS3-PKG] [DEBUG] 🤖 [MS3-PKG] [DEBUG] 🤖 [MS3-PKG] [DEBUG] 🤖 [MS3-PKG] [DEBUG] 📝 [analyzeJoiSchema] Field description: {
  type: [32m&apos;object&apos;[39m,
  flags: {
    presence: [32m&apos;optional&apos;[39m,
    description: [32m&apos;Slippage tolerance configuration&apos;[39m
  },
  keys: {
    defaultSlippage: { type: [32m&apos;number&apos;[39m, flags: [36m[Object][39m, rules: [36m[Array][39m },
    maxSlippage: { type: [32m&apos;number&apos;[39m, flags: [36m[Object][39m, rules: [36m[Array][39m }
  }
}
🤖 [MS3-PKG] [DEBUG] 🤖 [MS3-PKG] [DEBUG] 🤖 [MS3-PKG] [DEBUG] 🤖 [MS3-PKG] [DEBUG] 🤖 [MS3-PKG] [DEBUG] 🤖 [MS3-PKG] [DEBUG] 🤖 [MS3-PKG] [DEBUG] 🤖 [MS3-PKG] [DEBUG] 🤖 [MS3-PKG] [DEBUG] 🤖 [MS3-PKG] [DEBUG] 🤖 [MS3-PKG] [DEBUG] 📊 [analyzeJoiSchema] Field slippageConfig: type=object, required=false, message=&quot;Slippage tolerance configuration&quot;
🤖 [MS3-PKG] [DEBUG] 🤖 [MS3-PKG] [DEBUG] 🤖 [MS3-PKG] [DEBUG] 🤖 [MS3-PKG] [DEBUG] 🤖 [MS3-PKG] [DEBUG] 🤖 [MS3-PKG] [DEBUG] 🤖 [MS3-PKG] [DEBUG] 🤖 [MS3-PKG] [DEBUG] 🤖 [MS3-PKG] [DEBUG] 🤖 [MS3-PKG] [DEBUG] 🤖 [MS3-PKG] [DEBUG] 🔄 [analyzeJoiSchema] Recursing into nested object: slippageConfig
🤖 [MS3-PKG] [DEBUG] 🤖 [MS3-PKG] [DEBUG] 🤖 [MS3-PKG] [DEBUG] 🤖 [MS3-PKG] [DEBUG] 🤖 [MS3-PKG] [DEBUG] 🤖 [MS3-PKG] [DEBUG] 🤖 [MS3-PKG] [DEBUG] 🤖 [MS3-PKG] [DEBUG] 🤖 [MS3-PKG] [DEBUG] 🤖 [MS3-PKG] [DEBUG] 🤖 [MS3-PKG] [DEBUG] 🔑 [analyzeJoiSchema] Processing field: wallet
🤖 [MS3-PKG] [DEBUG] 🤖 [MS3-PKG] [DEBUG] 🤖 [MS3-PKG] [DEBUG] 🤖 [MS3-PKG] [DEBUG] 🤖 [MS3-PKG] [DEBUG] 🤖 [MS3-PKG] [DEBUG] 🤖 [MS3-PKG] [DEBUG] 🤖 [MS3-PKG] [DEBUG] 🤖 [MS3-PKG] [DEBUG] 🤖 [MS3-PKG] [DEBUG] 🤖 [MS3-PKG] [DEBUG] 📝 [analyzeJoiSchema] Field description: {
  type: [32m&apos;any&apos;[39m,
  flags: {
    presence: [32m&apos;optional&apos;[39m,
    description: [32m&apos;Wallet adapter instance for transaction execution&apos;[39m
  }
}
🤖 [MS3-PKG] [DEBUG] 🤖 [MS3-PKG] [DEBUG] 🤖 [MS3-PKG] [DEBUG] 🤖 [MS3-PKG] [DEBUG] 🤖 [MS3-PKG] [DEBUG] 🤖 [MS3-PKG] [DEBUG] 🤖 [MS3-PKG] [DEBUG] 🤖 [MS3-PKG] [DEBUG] 🤖 [MS3-PKG] [DEBUG] 🤖 [MS3-PKG] [DEBUG] 🤖 [MS3-PKG] [DEBUG] 📊 [analyzeJoiSchema] Field wallet: type=any, required=false, message=&quot;Wallet adapter instance for transaction execution&quot;
🤖 [MS3-PKG] [DEBUG] 🤖 [MS3-PKG] [DEBUG] 🤖 [MS3-PKG] [DEBUG] 🤖 [MS3-PKG] [DEBUG] 🤖 [MS3-PKG] [DEBUG] 🤖 [MS3-PKG] [DEBUG] 🤖 [MS3-PKG] [DEBUG] 🤖 [MS3-PKG] [DEBUG] 🤖 [MS3-PKG] [DEBUG] 🤖 [MS3-PKG] [DEBUG] 🤖 [MS3-PKG] [DEBUG] 🔑 [analyzeJoiSchema] Processing field: rpcOverrides
🤖 [MS3-PKG] [DEBUG] 🤖 [MS3-PKG] [DEBUG] 🤖 [MS3-PKG] [DEBUG] 🤖 [MS3-PKG] [DEBUG] 🤖 [MS3-PKG] [DEBUG] 🤖 [MS3-PKG] [DEBUG] 🤖 [MS3-PKG] [DEBUG] 🤖 [MS3-PKG] [DEBUG] 🤖 [MS3-PKG] [DEBUG] 🤖 [MS3-PKG] [DEBUG] 🤖 [MS3-PKG] [DEBUG] 📝 [analyzeJoiSchema] Field description: {
  type: [32m&apos;any&apos;[39m,
  flags: { presence: [32m&apos;optional&apos;[39m, description: [32m&apos;rpcOverrides&apos;[39m }
}
🤖 [MS3-PKG] [DEBUG] 🤖 [MS3-PKG] [DEBUG] 🤖 [MS3-PKG] [DEBUG] 🤖 [MS3-PKG] [DEBUG] 🤖 [MS3-PKG] [DEBUG] 🤖 [MS3-PKG] [DEBUG] 🤖 [MS3-PKG] [DEBUG] 🤖 [MS3-PKG] [DEBUG] 🤖 [MS3-PKG] [DEBUG] 🤖 [MS3-PKG] [DEBUG] 🤖 [MS3-PKG] [DEBUG] 📊 [analyzeJoiSchema] Field rpcOverrides: type=any, required=false, message=&quot;rpcOverrides&quot;
🤖 [MS3-PKG] [INFO] 🤖 [MS3-PKG] [INFO] 🤖 [MS3-PKG] [INFO] 🤖 [MS3-PKG] [INFO] 🤖 [MS3-PKG] [INFO] 🤖 [MS3-PKG] [INFO] 🤖 [MS3-PKG] [INFO] 🤖 [MS3-PKG] [INFO] 🤖 [MS3-PKG] [INFO] 🤖 [MS3-PKG] [INFO] 🤖 [MS3-PKG] [INFO] 📊 [analyzeJoiSchema] Generated 9 requirements for options
🤖 [MS3-PKG] [DEBUG] 🤖 [MS3-PKG] [DEBUG] 🤖 [MS3-PKG] [DEBUG] 🤖 [MS3-PKG] [DEBUG] 🤖 [MS3-PKG] [DEBUG] 🤖 [MS3-PKG] [DEBUG] 🤖 [MS3-PKG] [DEBUG] 🤖 [MS3-PKG] [DEBUG] 🤖 [MS3-PKG] [DEBUG] 🤖 [MS3-PKG] [DEBUG] 🤖 [MS3-PKG] [DEBUG] ✅ LiFi adapter registered with static compatibility matrix
🤖 [MS3-PKG] [DEBUG] 🤖 [MS3-PKG] [DEBUG] 🤖 [MS3-PKG] [DEBUG] 🤖 [MS3-PKG] [DEBUG] 🤖 [MS3-PKG] [DEBUG] 🤖 [MS3-PKG] [DEBUG] 🤖 [MS3-PKG] [DEBUG] 🤖 [MS3-PKG] [DEBUG] 🤖 [MS3-PKG] [DEBUG] 🤖 [MS3-PKG] [DEBUG] 🤖 [MS3-PKG] [DEBUG] 📋 Generated requirements: [
  {
    path: [32m&apos;options.apiKey&apos;[39m,
    type: [32m&apos;string&apos;[39m,
    allowUndefined: [33mtrue[39m,
    message: [32m&apos;Optional LiFi API key for enhanced rate limits&apos;[39m
  },
  {
    path: [32m&apos;options.timeout&apos;[39m,
    type: [32m&apos;number&apos;[39m,
    allowUndefined: [33mfalse[39m,
    message: [32m&apos;Request timeout in milliseconds&apos;[39m
  },
  {
    path: [32m&apos;options.retries&apos;[39m,
    type: [32m&apos;number&apos;[39m,
    allowUndefined: [33mfalse[39m,
    message: [32m&apos;Number of retry attempts for failed requests&apos;[39m
  },
  {
    path: [32m&apos;options.supportedChains&apos;[39m,
    type: [32m&apos;array&apos;[39m,
    allowUndefined: [33mtrue[39m,
    message: [32m&apos;Override supported chain configurations&apos;[39m
  },
  {
    path: [32m&apos;options.slippageConfig&apos;[39m,
    type: [32m&apos;object&apos;[39m,
    allowUndefined: [33mtrue[39m,
    message: [32m&apos;Slippage tolerance configuration&apos;[39m
  },
  {
    path: [32m&apos;options.slippageConfig.defaultSlippage&apos;[39m,
    type: [32m&apos;number&apos;[39m,
    allowUndefined: [33mtrue[39m,
    message: [32m&apos;Default slippage tolerance (3%)&apos;[39m
  },
  {
    path: [32m&apos;options.slippageConfig.maxSlippage&apos;[39m,
    type: [32m&apos;number&apos;[39m,
    allowUndefined: [33mtrue[39m,
    message: [32m&apos;Maximum allowed slippage (10%)&apos;[39m
  },
  {
    path: [32m&apos;options.wallet&apos;[39m,
    type: [32m&apos;any&apos;[39m,
    allowUndefined: [33mtrue[39m,
    message: [32m&apos;Wallet adapter instance for transaction execution&apos;[39m
  },
  {
    path: [32m&apos;options.rpcOverrides&apos;[39m,
    type: [32m&apos;any&apos;[39m,
    allowUndefined: [33mtrue[39m,
    message: [32m&apos;rpcOverrides&apos;[39m
  }
]
🤖 [MS3-PKG] [DEBUG] 🤖 [MS3-PKG] [DEBUG] 🤖 [MS3-PKG] [DEBUG] 🤖 [MS3-PKG] [DEBUG] 🤖 [MS3-PKG] [DEBUG] 🤖 [MS3-PKG] [DEBUG] 🤖 [MS3-PKG] [DEBUG] 🤖 [MS3-PKG] [DEBUG] 🤖 [MS3-PKG] [DEBUG] 🤖 [MS3-PKG] [DEBUG] 🤖 [MS3-PKG] [DEBUG] 🔧 Generated capabilities: [
  [32m&apos;IAdapterIdentity&apos;[39m,
  [32m&apos;IAdapterLifecycle&apos;[39m,
  [32m&apos;IQuoteProvider&apos;[39m,
  [32m&apos;IOperationHandler&apos;[39m,
  [32m&apos;IChainDiscovery&apos;[39m,
  [32m&apos;IGasEstimator&apos;[39m,
  [32m&apos;IOperationMaintenance&apos;[39m,
  [32m&apos;IEventEmitter&apos;[39m
]

            </system-out>
            <system-err>
🤖 [MS3-PKG] [WARN] 🤖 [MS3-PKG] [WARN] 🤖 [MS3-PKG] [WARN] 🤖 [MS3-PKG] [WARN] 🤖 [MS3-PKG] [WARN] 🤖 [MS3-PKG] [WARN] 🤖 [MS3-PKG] [WARN] 🤖 [MS3-PKG] [WARN] 🤖 [MS3-PKG] [WARN] [getRequirements] No requirements found for ethers interface - using fallback.
🤖 [MS3-PKG] [WARN] 🤖 [MS3-PKG] [WARN] 🤖 [MS3-PKG] [WARN] 🤖 [MS3-PKG] [WARN] 🤖 [MS3-PKG] [WARN] 🤖 [MS3-PKG] [WARN] 🤖 [MS3-PKG] [WARN] 🤖 [MS3-PKG] [WARN] 🤖 [MS3-PKG] [WARN] [getRequirements] Using fallback requirements for ethers

            </system-err>
        </testcase>
        <testcase classname="tests/00_Registry.test.ts" name="Auto-Generation System Tests (JOI-Based) &gt; Cross-Package Registry Architecture Test &gt; should work symmetrically for the crosschain package" time="0.0442032">
            <system-out>
🤖 [MS3-PKG] [INFO] 🤖 [MS3-PKG] [INFO] 🤖 [MS3-PKG] [INFO] 🤖 [MS3-PKG] [INFO] 🤖 [MS3-PKG] [INFO] 🤖 [MS3-PKG] [INFO] 🤖 [MS3-PKG] [INFO] 🤖 [MS3-PKG] [INFO] 🤖 [MS3-PKG] [INFO] 🤖 [MS3-PKG] [INFO] 🤖 [MS3-PKG] [INFO] DIR FOR .ENV C:\Users\gunne\Desktop\M3S-GITHUB\MS3\.env
🤖 [MS3-PKG] [INFO] 🤖 [MS3-PKG] [INFO] 🤖 [MS3-PKG] [INFO] 🤖 [MS3-PKG] [INFO] 🤖 [MS3-PKG] [INFO] 🤖 [MS3-PKG] [INFO] 🤖 [MS3-PKG] [INFO] 🤖 [MS3-PKG] [INFO] 🤖 [MS3-PKG] [INFO] 🤖 [MS3-PKG] [INFO] 🤖 [MS3-PKG] [INFO] 🤖 [MS3-PKG] Logging level set to: DEBUG
🤖 [MS3-PKG] [DEBUG] 🤖 [MS3-PKG] [DEBUG] 🤖 [MS3-PKG] [DEBUG] 🤖 [MS3-PKG] [DEBUG] 🤖 [MS3-PKG] [DEBUG] 🤖 [MS3-PKG] [DEBUG] 🤖 [MS3-PKG] [DEBUG] 🤖 [MS3-PKG] [DEBUG] 🤖 [MS3-PKG] [DEBUG] 🤖 [MS3-PKG] [DEBUG] 🤖 [MS3-PKG] [DEBUG] 🤖 [MS3-PKG] [DEBUG] 🔍 [getRequirements] Starting analysis for ethers
🤖 [MS3-PKG] [INFO] 🤖 [MS3-PKG] [INFO] 🤖 [MS3-PKG] [INFO] 🤖 [MS3-PKG] [INFO] 🤖 [MS3-PKG] [INFO] 🤖 [MS3-PKG] [INFO] 🤖 [MS3-PKG] [INFO] 🤖 [MS3-PKG] [INFO] 🤖 [MS3-PKG] [INFO] 🤖 [MS3-PKG] [INFO] 🤖 [MS3-PKG] [INFO] 🤖 [MS3-PKG] [INFO] [getRequirements] Using fallback requirements for ethers
🤖 [MS3-PKG] [DEBUG] 🤖 [MS3-PKG] [DEBUG] 🤖 [MS3-PKG] [DEBUG] 🤖 [MS3-PKG] [DEBUG] 🤖 [MS3-PKG] [DEBUG] 🤖 [MS3-PKG] [DEBUG] 🤖 [MS3-PKG] [DEBUG] 🤖 [MS3-PKG] [DEBUG] 🤖 [MS3-PKG] [DEBUG] 🤖 [MS3-PKG] [DEBUG] 🤖 [MS3-PKG] [DEBUG] 🤖 [MS3-PKG] [DEBUG] ✅ Ethers wallet adapter registered with static compatibility matrix
🤖 [MS3-PKG] [DEBUG] 🤖 [MS3-PKG] [DEBUG] 🤖 [MS3-PKG] [DEBUG] 🤖 [MS3-PKG] [DEBUG] 🤖 [MS3-PKG] [DEBUG] 🤖 [MS3-PKG] [DEBUG] 🤖 [MS3-PKG] [DEBUG] 🤖 [MS3-PKG] [DEBUG] 🤖 [MS3-PKG] [DEBUG] 🤖 [MS3-PKG] [DEBUG] 🤖 [MS3-PKG] [DEBUG] 🤖 [MS3-PKG] [DEBUG] 📋 Generated requirements: [
  {
    path: [32m&apos;options.privateKey&apos;[39m,
    type: [32m&apos;string&apos;[39m,
    allowUndefined: [33mtrue[39m,
    message: [32m&apos;Private key for wallet (generates random if not provided)&apos;[39m
  },
  {
    path: [32m&apos;options.provider&apos;[39m,
    type: [32m&apos;object&apos;[39m,
    allowUndefined: [33mtrue[39m,
    message: [32m&apos;Optional provider configuration&apos;[39m
  }
]
🤖 [MS3-PKG] [DEBUG] 🤖 [MS3-PKG] [DEBUG] 🤖 [MS3-PKG] [DEBUG] 🤖 [MS3-PKG] [DEBUG] 🤖 [MS3-PKG] [DEBUG] 🤖 [MS3-PKG] [DEBUG] 🤖 [MS3-PKG] [DEBUG] 🤖 [MS3-PKG] [DEBUG] 🤖 [MS3-PKG] [DEBUG] 🤖 [MS3-PKG] [DEBUG] 🤖 [MS3-PKG] [DEBUG] 🤖 [MS3-PKG] [DEBUG] 🌍 Generated environment: {
  supportedEnvironments: [ [32m&apos;server&apos;[39m, [32m&apos;browser&apos;[39m ],
  limitations: [
    [32m&apos;Browser environments should use secure key sources (hardware wallets, secure storage)&apos;[39m,
    [32m&apos;Consider Web3Auth adapter for OAuth-based browser authentication flows&apos;[39m,
    [32m&apos;Requires Node.js server environment&apos;[39m,
    [32m&apos;Cannot be used in browser environments&apos;[39m,
    [32m&apos;Requires browser environment with window and document objects&apos;[39m,
    [32m&apos;Cannot be used in Node.js server environments&apos;[39m,
    [32m&apos;May require user interaction for authentication flows&apos;[39m
  ],
  securityNotes: [
    [32m&apos;Private keys are processed during wallet creation but not stored persistently&apos;[39m,
    [32m&apos;Server environments provide better security for sensitive private key operations&apos;[39m,
    [32m&apos;Browser usage requires secure private key handling by the application&apos;[39m,
    [32m&apos;Server environments provide better security for sensitive operations&apos;[39m,
    [32m&apos;Ensure proper private key management and storage&apos;[39m,
    [32m&apos;Ensure secure handling of private keys in browser environment&apos;[39m,
    [32m&apos;Consider using hardware wallets for enhanced security&apos;[39m,
    [32m&apos;ethers adapter follows standard security practices&apos;[39m
  ]
}
🤖 [MS3-PKG] [DEBUG] 🤖 [MS3-PKG] [DEBUG] 🤖 [MS3-PKG] [DEBUG] 🤖 [MS3-PKG] [DEBUG] 🤖 [MS3-PKG] [DEBUG] 🤖 [MS3-PKG] [DEBUG] 🤖 [MS3-PKG] [DEBUG] 🤖 [MS3-PKG] [DEBUG] 🤖 [MS3-PKG] [DEBUG] 🤖 [MS3-PKG] [DEBUG] 🤖 [MS3-PKG] [DEBUG] 🤖 [MS3-PKG] [DEBUG] 🔧 Generated capabilities: [
  [32m&apos;ICoreWallet&apos;[39m,
  [32m&apos;IEventEmitter&apos;[39m,
  [32m&apos;IMessageSigner&apos;[39m,
  [32m&apos;ITransactionHandler&apos;[39m,
  [32m&apos;IRPCHandler&apos;[39m,
  [32m&apos;ITypedDataSigner&apos;[39m,
  [32m&apos;IGasEstimation&apos;[39m,
  [32m&apos;ITokenOperations&apos;[39m,
  [32m&apos;ITransactionStatus&apos;[39m,
  [32m&apos;IAdapterLifecycle&apos;[39m
]
🤖 [MS3-PKG] [DEBUG] 🤖 [MS3-PKG] [DEBUG] 🤖 [MS3-PKG] [DEBUG] 🤖 [MS3-PKG] [DEBUG] 🤖 [MS3-PKG] [DEBUG] 🤖 [MS3-PKG] [DEBUG] 🤖 [MS3-PKG] [DEBUG] 🤖 [MS3-PKG] [DEBUG] 🤖 [MS3-PKG] [DEBUG] 🤖 [MS3-PKG] [DEBUG] 🤖 [MS3-PKG] [DEBUG] 🤖 [MS3-PKG] [DEBUG] 🔍 [getRequirements] Starting analysis for web3auth
🤖 [MS3-PKG] [DEBUG] 🤖 [MS3-PKG] [DEBUG] 🤖 [MS3-PKG] [DEBUG] 🤖 [MS3-PKG] [DEBUG] 🤖 [MS3-PKG] [DEBUG] 🤖 [MS3-PKG] [DEBUG] 🤖 [MS3-PKG] [DEBUG] 🤖 [MS3-PKG] [DEBUG] 🤖 [MS3-PKG] [DEBUG] 🤖 [MS3-PKG] [DEBUG] 🤖 [MS3-PKG] [DEBUG] 🤖 [MS3-PKG] [DEBUG] 🔬 [analyzeJoiSchema] Analyzing schema at path: options
🤖 [MS3-PKG] [DEBUG] 🤖 [MS3-PKG] [DEBUG] 🤖 [MS3-PKG] [DEBUG] 🤖 [MS3-PKG] [DEBUG] 🤖 [MS3-PKG] [DEBUG] 🤖 [MS3-PKG] [DEBUG] 🤖 [MS3-PKG] [DEBUG] 🤖 [MS3-PKG] [DEBUG] 🤖 [MS3-PKG] [DEBUG] 🤖 [MS3-PKG] [DEBUG] 🤖 [MS3-PKG] [DEBUG] 🤖 [MS3-PKG] [DEBUG] 📋 [analyzeJoiSchema] Schema description type: object
🤖 [MS3-PKG] [DEBUG] 🤖 [MS3-PKG] [DEBUG] 🤖 [MS3-PKG] [DEBUG] 🤖 [MS3-PKG] [DEBUG] 🤖 [MS3-PKG] [DEBUG] 🤖 [MS3-PKG] [DEBUG] 🤖 [MS3-PKG] [DEBUG] 🤖 [MS3-PKG] [DEBUG] 🤖 [MS3-PKG] [DEBUG] 🤖 [MS3-PKG] [DEBUG] 🤖 [MS3-PKG] [DEBUG] 🤖 [MS3-PKG] [DEBUG] 📋 [analyzeJoiSchema] Schema keys: [ [32m&apos;web3authConfig&apos;[39m, [32m&apos;multiChainRpcs&apos;[39m ]
🤖 [MS3-PKG] [DEBUG] 🤖 [MS3-PKG] [DEBUG] 🤖 [MS3-PKG] [DEBUG] 🤖 [MS3-PKG] [DEBUG] 🤖 [MS3-PKG] [DEBUG] 🤖 [MS3-PKG] [DEBUG] 🤖 [MS3-PKG] [DEBUG] 🤖 [MS3-PKG] [DEBUG] 🤖 [MS3-PKG] [DEBUG] 🤖 [MS3-PKG] [DEBUG] 🤖 [MS3-PKG] [DEBUG] 🤖 [MS3-PKG] [DEBUG] ✅ [analyzeJoiSchema] Processing object schema with 2 keys
🤖 [MS3-PKG] [DEBUG] 🤖 [MS3-PKG] [DEBUG] 🤖 [MS3-PKG] [DEBUG] 🤖 [MS3-PKG] [DEBUG] 🤖 [MS3-PKG] [DEBUG] 🤖 [MS3-PKG] [DEBUG] 🤖 [MS3-PKG] [DEBUG] 🤖 [MS3-PKG] [DEBUG] 🤖 [MS3-PKG] [DEBUG] 🤖 [MS3-PKG] [DEBUG] 🤖 [MS3-PKG] [DEBUG] 🤖 [MS3-PKG] [DEBUG] 🔑 [analyzeJoiSchema] Processing field: web3authConfig
🤖 [MS3-PKG] [DEBUG] 🤖 [MS3-PKG] [DEBUG] 🤖 [MS3-PKG] [DEBUG] 🤖 [MS3-PKG] [DEBUG] 🤖 [MS3-PKG] [DEBUG] 🤖 [MS3-PKG] [DEBUG] 🤖 [MS3-PKG] [DEBUG] 🤖 [MS3-PKG] [DEBUG] 🤖 [MS3-PKG] [DEBUG] 🤖 [MS3-PKG] [DEBUG] 🤖 [MS3-PKG] [DEBUG] 🤖 [MS3-PKG] [DEBUG] 📝 [analyzeJoiSchema] Field description: {
  type: [32m&apos;object&apos;[39m,
  flags: {
    presence: [32m&apos;required&apos;[39m,
    description: [32m&apos;Web3Auth configuration object&apos;[39m
  },
  keys: {
    clientId: { type: [32m&apos;string&apos;[39m, flags: [36m[Object][39m },
    web3AuthNetwork: { type: [32m&apos;string&apos;[39m, flags: [36m[Object][39m, allow: [36m[Array][39m },
    chainConfig: { type: [32m&apos;object&apos;[39m, flags: [36m[Object][39m, keys: [36m[Object][39m },
    loginConfig: { type: [32m&apos;object&apos;[39m, flags: [36m[Object][39m },
    privateKeyProvider: { type: [32m&apos;any&apos;[39m, flags: [36m[Object][39m }
  }
}
🤖 [MS3-PKG] [DEBUG] 🤖 [MS3-PKG] [DEBUG] 🤖 [MS3-PKG] [DEBUG] 🤖 [MS3-PKG] [DEBUG] 🤖 [MS3-PKG] [DEBUG] 🤖 [MS3-PKG] [DEBUG] 🤖 [MS3-PKG] [DEBUG] 🤖 [MS3-PKG] [DEBUG] 🤖 [MS3-PKG] [DEBUG] 🤖 [MS3-PKG] [DEBUG] 🤖 [MS3-PKG] [DEBUG] 🤖 [MS3-PKG] [DEBUG] 📊 [analyzeJoiSchema] Field web3authConfig: type=object, required=true, message=&quot;Web3Auth configuration object&quot;
🤖 [MS3-PKG] [DEBUG] 🤖 [MS3-PKG] [DEBUG] 🤖 [MS3-PKG] [DEBUG] 🤖 [MS3-PKG] [DEBUG] 🤖 [MS3-PKG] [DEBUG] 🤖 [MS3-PKG] [DEBUG] 🤖 [MS3-PKG] [DEBUG] 🤖 [MS3-PKG] [DEBUG] 🤖 [MS3-PKG] [DEBUG] 🤖 [MS3-PKG] [DEBUG] 🤖 [MS3-PKG] [DEBUG] 🤖 [MS3-PKG] [DEBUG] 🔄 [analyzeJoiSchema] Recursing into nested object: web3authConfig
🤖 [MS3-PKG] [DEBUG] 🤖 [MS3-PKG] [DEBUG] 🤖 [MS3-PKG] [DEBUG] 🤖 [MS3-PKG] [DEBUG] 🤖 [MS3-PKG] [DEBUG] 🤖 [MS3-PKG] [DEBUG] 🤖 [MS3-PKG] [DEBUG] 🤖 [MS3-PKG] [DEBUG] 🤖 [MS3-PKG] [DEBUG] 🤖 [MS3-PKG] [DEBUG] 🤖 [MS3-PKG] [DEBUG] 🤖 [MS3-PKG] [DEBUG] 🔑 [analyzeJoiSchema] Processing field: multiChainRpcs
🤖 [MS3-PKG] [DEBUG] 🤖 [MS3-PKG] [DEBUG] 🤖 [MS3-PKG] [DEBUG] 🤖 [MS3-PKG] [DEBUG] 🤖 [MS3-PKG] [DEBUG] 🤖 [MS3-PKG] [DEBUG] 🤖 [MS3-PKG] [DEBUG] 🤖 [MS3-PKG] [DEBUG] 🤖 [MS3-PKG] [DEBUG] 🤖 [MS3-PKG] [DEBUG] 🤖 [MS3-PKG] [DEBUG] 🤖 [MS3-PKG] [DEBUG] 📝 [analyzeJoiSchema] Field description: {
  type: [32m&apos;object&apos;[39m,
  flags: {
    presence: [32m&apos;optional&apos;[39m,
    description: [32m&apos;Multi-chain RPC configuration - maps chain IDs to RPC URL arrays&apos;[39m
  },
  patterns: [ { schema: [36m[Object][39m, rule: [36m[Object][39m } ]
}
🤖 [MS3-PKG] [DEBUG] 🤖 [MS3-PKG] [DEBUG] 🤖 [MS3-PKG] [DEBUG] 🤖 [MS3-PKG] [DEBUG] 🤖 [MS3-PKG] [DEBUG] 🤖 [MS3-PKG] [DEBUG] 🤖 [MS3-PKG] [DEBUG] 🤖 [MS3-PKG] [DEBUG] 🤖 [MS3-PKG] [DEBUG] 🤖 [MS3-PKG] [DEBUG] 🤖 [MS3-PKG] [DEBUG] 🤖 [MS3-PKG] [DEBUG] 📊 [analyzeJoiSchema] Field multiChainRpcs: type=object, required=false, message=&quot;Multi-chain RPC configuration - maps chain IDs to RPC URL arrays&quot;
🤖 [MS3-PKG] [INFO] 🤖 [MS3-PKG] [INFO] 🤖 [MS3-PKG] [INFO] 🤖 [MS3-PKG] [INFO] 🤖 [MS3-PKG] [INFO] 🤖 [MS3-PKG] [INFO] 🤖 [MS3-PKG] [INFO] 🤖 [MS3-PKG] [INFO] 🤖 [MS3-PKG] [INFO] 🤖 [MS3-PKG] [INFO] 🤖 [MS3-PKG] [INFO] 🤖 [MS3-PKG] [INFO] 📊 [analyzeJoiSchema] Generated 14 requirements for options
🤖 [MS3-PKG] [DEBUG] 🤖 [MS3-PKG] [DEBUG] 🤖 [MS3-PKG] [DEBUG] 🤖 [MS3-PKG] [DEBUG] 🤖 [MS3-PKG] [DEBUG] 🤖 [MS3-PKG] [DEBUG] 🤖 [MS3-PKG] [DEBUG] 🤖 [MS3-PKG] [DEBUG] 🤖 [MS3-PKG] [DEBUG] 🤖 [MS3-PKG] [DEBUG] 🤖 [MS3-PKG] [DEBUG] 🤖 [MS3-PKG] [DEBUG] ✅ Web3Auth wallet adapter registered with static compatibility matrix
🤖 [MS3-PKG] [DEBUG] 🤖 [MS3-PKG] [DEBUG] 🤖 [MS3-PKG] [DEBUG] 🤖 [MS3-PKG] [DEBUG] 🤖 [MS3-PKG] [DEBUG] 🤖 [MS3-PKG] [DEBUG] 🤖 [MS3-PKG] [DEBUG] 🤖 [MS3-PKG] [DEBUG] 🤖 [MS3-PKG] [DEBUG] 🤖 [MS3-PKG] [DEBUG] 🤖 [MS3-PKG] [DEBUG] 🤖 [MS3-PKG] [DEBUG] 📋 Generated requirements: [
  {
    path: [32m&apos;options.web3authConfig&apos;[39m,
    type: [32m&apos;object&apos;[39m,
    allowUndefined: [33mfalse[39m,
    message: [32m&apos;Web3Auth configuration object&apos;[39m
  },
  {
    path: [32m&apos;options.web3authConfig.clientId&apos;[39m,
    type: [32m&apos;string&apos;[39m,
    allowUndefined: [33mfalse[39m,
    message: [32m&apos;Your Web3Auth Client ID&apos;[39m
  },
  {
    path: [32m&apos;options.web3authConfig.web3AuthNetwork&apos;[39m,
    type: [32m&apos;string&apos;[39m,
    allowUndefined: [33mfalse[39m,
    message: [32m&apos;Web3Auth Network environment&apos;[39m
  },
  {
    path: [32m&apos;options.web3authConfig.chainConfig&apos;[39m,
    type: [32m&apos;object&apos;[39m,
    allowUndefined: [33mfalse[39m,
    message: [32m&apos;Blockchain configuration&apos;[39m
  },
  {
    path: [32m&apos;options.web3authConfig.chainConfig.chainNamespace&apos;[39m,
    type: [32m&apos;string&apos;[39m,
    allowUndefined: [33mtrue[39m,
    message: [32m&apos;chainNamespace is optional and must be of type: string&apos;[39m
  },
  {
    path: [32m&apos;options.web3authConfig.chainConfig.chainId&apos;[39m,
    type: [32m&apos;string&apos;[39m,
    allowUndefined: [33mfalse[39m,
    message: [32m&apos;Blockchain chain ID (hexadecimal)&apos;[39m
  },
  {
    path: [32m&apos;options.web3authConfig.chainConfig.rpcTarget&apos;[39m,
    type: [32m&apos;string&apos;[39m,
    allowUndefined: [33mfalse[39m,
    message: [32m&apos;RPC endpoint URL&apos;[39m
  },
  {
    path: [32m&apos;options.web3authConfig.chainConfig.displayName&apos;[39m,
    type: [32m&apos;string&apos;[39m,
    allowUndefined: [33mfalse[39m,
    message: [32m&apos;Network display name&apos;[39m
  },
  {
    path: [32m&apos;options.web3authConfig.chainConfig.blockExplorerUrl&apos;[39m,
    type: [32m&apos;string&apos;[39m,
    allowUndefined: [33mfalse[39m,
    message: [32m&apos;Block explorer URL&apos;[39m
  },
  {
    path: [32m&apos;options.web3authConfig.chainConfig.ticker&apos;[39m,
    type: [32m&apos;string&apos;[39m,
    allowUndefined: [33mfalse[39m,
    message: [32m&apos;Native token ticker (e.g., ETH)&apos;[39m
  },
  {
    path: [32m&apos;options.web3authConfig.chainConfig.tickerName&apos;[39m,
    type: [32m&apos;string&apos;[39m,
    allowUndefined: [33mfalse[39m,
    message: [32m&apos;Native token name (e.g., Ethereum)&apos;[39m
  },
  {
    path: [32m&apos;options.web3authConfig.loginConfig&apos;[39m,
    type: [32m&apos;object&apos;[39m,
    allowUndefined: [33mfalse[39m,
    message: [32m&apos;OAuth provider configuration&apos;[39m
  },
  {
    path: [32m&apos;options.web3authConfig.privateKeyProvider&apos;[39m,
    type: [32m&apos;any&apos;[39m,
    allowUndefined: [33mtrue[39m,
    message: [32m&apos;Optional private key provider&apos;[39m
  },
  {
    path: [32m&apos;options.multiChainRpcs&apos;[39m,
    type: [32m&apos;object&apos;[39m,
    allowUndefined: [33mtrue[39m,
    message: [32m&apos;Multi-chain RPC configuration - maps chain IDs to RPC URL arrays&apos;[39m
  }
]
🤖 [MS3-PKG] [DEBUG] 🤖 [MS3-PKG] [DEBUG] 🤖 [MS3-PKG] [DEBUG] 🤖 [MS3-PKG] [DEBUG] 🤖 [MS3-PKG] [DEBUG] 🤖 [MS3-PKG] [DEBUG] 🤖 [MS3-PKG] [DEBUG] 🤖 [MS3-PKG] [DEBUG] 🤖 [MS3-PKG] [DEBUG] 🤖 [MS3-PKG] [DEBUG] 🤖 [MS3-PKG] [DEBUG] 🤖 [MS3-PKG] [DEBUG] 🌍 Generated environment: {
  supportedEnvironments: [ [32m&apos;browser&apos;[39m ],
  limitations: [
    [32m&apos;Requires browser environment with Web3Auth SDK&apos;[39m,
    [32m&apos;Cannot be used in Node.js server environments&apos;[39m,
    [32m&apos;Requires user interaction for OAuth flows&apos;[39m,
    [32m&apos;Requires browser environment with window and document objects&apos;[39m,
    [32m&apos;May require user interaction for authentication flows&apos;[39m
  ],
  securityNotes: [
    [32m&apos;Web3Auth handles private key generation securely&apos;[39m,
    [32m&apos;OAuth-based authentication provides better UX&apos;[39m,
    [32m&apos;Private keys reconstructed in memory only&apos;[39m,
    [32m&apos;Ensure secure handling of private keys in browser environment&apos;[39m,
    [32m&apos;Consider using hardware wallets for enhanced security&apos;[39m,
    [32m&apos;web3auth adapter follows standard security practices&apos;[39m
  ]
}
🤖 [MS3-PKG] [DEBUG] 🤖 [MS3-PKG] [DEBUG] 🤖 [MS3-PKG] [DEBUG] 🤖 [MS3-PKG] [DEBUG] 🤖 [MS3-PKG] [DEBUG] 🤖 [MS3-PKG] [DEBUG] 🤖 [MS3-PKG] [DEBUG] 🤖 [MS3-PKG] [DEBUG] 🤖 [MS3-PKG] [DEBUG] 🤖 [MS3-PKG] [DEBUG] 🤖 [MS3-PKG] [DEBUG] 🤖 [MS3-PKG] [DEBUG] 🔧 Generated capabilities: [
  [32m&apos;ICoreWallet&apos;[39m,
  [32m&apos;IEventEmitter&apos;[39m,
  [32m&apos;IMessageSigner&apos;[39m,
  [32m&apos;ITransactionHandler&apos;[39m,
  [32m&apos;ITypedDataSigner&apos;[39m,
  [32m&apos;IGasEstimation&apos;[39m,
  [32m&apos;ITokenOperations&apos;[39m,
  [32m&apos;IRPCHandler&apos;[39m,
  [32m&apos;ITransactionStatus&apos;[39m,
  [32m&apos;IAdapterLifecycle&apos;[39m
]

🤖 [MS3-PKG] [INFO] 🤖 [MS3-PKG] [INFO] 🤖 [MS3-PKG] [INFO] 🤖 [MS3-PKG] [INFO] 🤖 [MS3-PKG] [INFO] 🤖 [MS3-PKG] [INFO] 🤖 [MS3-PKG] [INFO] 🤖 [MS3-PKG] [INFO] 🤖 [MS3-PKG] [INFO] 🤖 [MS3-PKG] [INFO] 🤖 [MS3-PKG] [INFO] 🤖 [MS3-PKG] [INFO] DIR FOR .ENV C:\Users\gunne\Desktop\M3S-GITHUB\MS3\.env
🤖 [MS3-PKG] [INFO] 🤖 [MS3-PKG] [INFO] 🤖 [MS3-PKG] [INFO] 🤖 [MS3-PKG] [INFO] 🤖 [MS3-PKG] [INFO] 🤖 [MS3-PKG] [INFO] 🤖 [MS3-PKG] [INFO] 🤖 [MS3-PKG] [INFO] 🤖 [MS3-PKG] [INFO] 🤖 [MS3-PKG] [INFO] 🤖 [MS3-PKG] [INFO] 🤖 [MS3-PKG] [INFO] 🤖 [MS3-PKG] Logging level set to: DEBUG
🤖 [MS3-PKG] [DEBUG] 🤖 [MS3-PKG] [DEBUG] 🤖 [MS3-PKG] [DEBUG] 🤖 [MS3-PKG] [DEBUG] 🤖 [MS3-PKG] [DEBUG] 🤖 [MS3-PKG] [DEBUG] 🤖 [MS3-PKG] [DEBUG] 🤖 [MS3-PKG] [DEBUG] 🤖 [MS3-PKG] [DEBUG] 🤖 [MS3-PKG] [DEBUG] 🤖 [MS3-PKG] [DEBUG] 🤖 [MS3-PKG] [DEBUG] 🤖 [MS3-PKG] [DEBUG] 🔍 [getRequirements] Starting analysis for openZeppelin
🤖 [MS3-PKG] [DEBUG] 🤖 [MS3-PKG] [DEBUG] 🤖 [MS3-PKG] [DEBUG] 🤖 [MS3-PKG] [DEBUG] 🤖 [MS3-PKG] [DEBUG] 🤖 [MS3-PKG] [DEBUG] 🤖 [MS3-PKG] [DEBUG] 🤖 [MS3-PKG] [DEBUG] 🤖 [MS3-PKG] [DEBUG] 🤖 [MS3-PKG] [DEBUG] 🤖 [MS3-PKG] [DEBUG] 🤖 [MS3-PKG] [DEBUG] 🤖 [MS3-PKG] [DEBUG] 🔬 [analyzeJoiSchema] Analyzing schema at path: options
🤖 [MS3-PKG] [DEBUG] 🤖 [MS3-PKG] [DEBUG] 🤖 [MS3-PKG] [DEBUG] 🤖 [MS3-PKG] [DEBUG] 🤖 [MS3-PKG] [DEBUG] 🤖 [MS3-PKG] [DEBUG] 🤖 [MS3-PKG] [DEBUG] 🤖 [MS3-PKG] [DEBUG] 🤖 [MS3-PKG] [DEBUG] 🤖 [MS3-PKG] [DEBUG] 🤖 [MS3-PKG] [DEBUG] 🤖 [MS3-PKG] [DEBUG] 🤖 [MS3-PKG] [DEBUG] 📋 [analyzeJoiSchema] Schema description type: object
🤖 [MS3-PKG] [DEBUG] 🤖 [MS3-PKG] [DEBUG] 🤖 [MS3-PKG] [DEBUG] 🤖 [MS3-PKG] [DEBUG] 🤖 [MS3-PKG] [DEBUG] 🤖 [MS3-PKG] [DEBUG] 🤖 [MS3-PKG] [DEBUG] 🤖 [MS3-PKG] [DEBUG] 🤖 [MS3-PKG] [DEBUG] 🤖 [MS3-PKG] [DEBUG] 🤖 [MS3-PKG] [DEBUG] 🤖 [MS3-PKG] [DEBUG] 🤖 [MS3-PKG] [DEBUG] 📋 [analyzeJoiSchema] Schema keys: [
  [32m&apos;workDir&apos;[39m,
  [32m&apos;hardhatConfig&apos;[39m,
  [32m&apos;preserveOutput&apos;[39m,
  [32m&apos;providerConfig&apos;[39m,
  [32m&apos;compilerSettings&apos;[39m,
  [32m&apos;solcVersion&apos;[39m
]
🤖 [MS3-PKG] [DEBUG] 🤖 [MS3-PKG] [DEBUG] 🤖 [MS3-PKG] [DEBUG] 🤖 [MS3-PKG] [DEBUG] 🤖 [MS3-PKG] [DEBUG] 🤖 [MS3-PKG] [DEBUG] 🤖 [MS3-PKG] [DEBUG] 🤖 [MS3-PKG] [DEBUG] 🤖 [MS3-PKG] [DEBUG] 🤖 [MS3-PKG] [DEBUG] 🤖 [MS3-PKG] [DEBUG] 🤖 [MS3-PKG] [DEBUG] 🤖 [MS3-PKG] [DEBUG] ✅ [analyzeJoiSchema] Processing object schema with 6 keys
🤖 [MS3-PKG] [DEBUG] 🤖 [MS3-PKG] [DEBUG] 🤖 [MS3-PKG] [DEBUG] 🤖 [MS3-PKG] [DEBUG] 🤖 [MS3-PKG] [DEBUG] 🤖 [MS3-PKG] [DEBUG] 🤖 [MS3-PKG] [DEBUG] 🤖 [MS3-PKG] [DEBUG] 🤖 [MS3-PKG] [DEBUG] 🤖 [MS3-PKG] [DEBUG] 🤖 [MS3-PKG] [DEBUG] 🤖 [MS3-PKG] [DEBUG] 🤖 [MS3-PKG] [DEBUG] 🔑 [analyzeJoiSchema] Processing field: workDir
🤖 [MS3-PKG] [DEBUG] 🤖 [MS3-PKG] [DEBUG] 🤖 [MS3-PKG] [DEBUG] 🤖 [MS3-PKG] [DEBUG] 🤖 [MS3-PKG] [DEBUG] 🤖 [MS3-PKG] [DEBUG] 🤖 [MS3-PKG] [DEBUG] 🤖 [MS3-PKG] [DEBUG] 🤖 [MS3-PKG] [DEBUG] 🤖 [MS3-PKG] [DEBUG] 🤖 [MS3-PKG] [DEBUG] 🤖 [MS3-PKG] [DEBUG] 🤖 [MS3-PKG] [DEBUG] 📝 [analyzeJoiSchema] Field description: {
  type: [32m&apos;string&apos;[39m,
  flags: {
    presence: [32m&apos;optional&apos;[39m,
    description: [32m&apos;Working directory for contract generation&apos;[39m
  }
}
🤖 [MS3-PKG] [DEBUG] 🤖 [MS3-PKG] [DEBUG] 🤖 [MS3-PKG] [DEBUG] 🤖 [MS3-PKG] [DEBUG] 🤖 [MS3-PKG] [DEBUG] 🤖 [MS3-PKG] [DEBUG] 🤖 [MS3-PKG] [DEBUG] 🤖 [MS3-PKG] [DEBUG] 🤖 [MS3-PKG] [DEBUG] 🤖 [MS3-PKG] [DEBUG] 🤖 [MS3-PKG] [DEBUG] 🤖 [MS3-PKG] [DEBUG] 🤖 [MS3-PKG] [DEBUG] 📊 [analyzeJoiSchema] Field workDir: type=string, required=false, message=&quot;Working directory for contract generation&quot;
🤖 [MS3-PKG] [DEBUG] 🤖 [MS3-PKG] [DEBUG] 🤖 [MS3-PKG] [DEBUG] 🤖 [MS3-PKG] [DEBUG] 🤖 [MS3-PKG] [DEBUG] 🤖 [MS3-PKG] [DEBUG] 🤖 [MS3-PKG] [DEBUG] 🤖 [MS3-PKG] [DEBUG] 🤖 [MS3-PKG] [DEBUG] 🤖 [MS3-PKG] [DEBUG] 🤖 [MS3-PKG] [DEBUG] 🤖 [MS3-PKG] [DEBUG] 🤖 [MS3-PKG] [DEBUG] 🔑 [analyzeJoiSchema] Processing field: hardhatConfig
🤖 [MS3-PKG] [DEBUG] 🤖 [MS3-PKG] [DEBUG] 🤖 [MS3-PKG] [DEBUG] 🤖 [MS3-PKG] [DEBUG] 🤖 [MS3-PKG] [DEBUG] 🤖 [MS3-PKG] [DEBUG] 🤖 [MS3-PKG] [DEBUG] 🤖 [MS3-PKG] [DEBUG] 🤖 [MS3-PKG] [DEBUG] 🤖 [MS3-PKG] [DEBUG] 🤖 [MS3-PKG] [DEBUG] 🤖 [MS3-PKG] [DEBUG] 🤖 [MS3-PKG] [DEBUG] 📝 [analyzeJoiSchema] Field description: {
  type: [32m&apos;object&apos;[39m,
  flags: {
    presence: [32m&apos;optional&apos;[39m,
    description: [32m&apos;Hardhat configuration options&apos;[39m
  },
  keys: {
    configFileName: { type: [32m&apos;string&apos;[39m, flags: [36m[Object][39m },
    customSettings: { type: [32m&apos;object&apos;[39m, flags: [36m[Object][39m }
  }
}
🤖 [MS3-PKG] [DEBUG] 🤖 [MS3-PKG] [DEBUG] 🤖 [MS3-PKG] [DEBUG] 🤖 [MS3-PKG] [DEBUG] 🤖 [MS3-PKG] [DEBUG] 🤖 [MS3-PKG] [DEBUG] 🤖 [MS3-PKG] [DEBUG] 🤖 [MS3-PKG] [DEBUG] 🤖 [MS3-PKG] [DEBUG] 🤖 [MS3-PKG] [DEBUG] 🤖 [MS3-PKG] [DEBUG] 🤖 [MS3-PKG] [DEBUG] 🤖 [MS3-PKG] [DEBUG] 📊 [analyzeJoiSchema] Field hardhatConfig: type=object, required=false, message=&quot;Hardhat configuration options&quot;
🤖 [MS3-PKG] [DEBUG] 🤖 [MS3-PKG] [DEBUG] 🤖 [MS3-PKG] [DEBUG] 🤖 [MS3-PKG] [DEBUG] 🤖 [MS3-PKG] [DEBUG] 🤖 [MS3-PKG] [DEBUG] 🤖 [MS3-PKG] [DEBUG] 🤖 [MS3-PKG] [DEBUG] 🤖 [MS3-PKG] [DEBUG] 🤖 [MS3-PKG] [DEBUG] 🤖 [MS3-PKG] [DEBUG] 🤖 [MS3-PKG] [DEBUG] 🤖 [MS3-PKG] [DEBUG] 🔄 [analyzeJoiSchema] Recursing into nested object: hardhatConfig
🤖 [MS3-PKG] [DEBUG] 🤖 [MS3-PKG] [DEBUG] 🤖 [MS3-PKG] [DEBUG] 🤖 [MS3-PKG] [DEBUG] 🤖 [MS3-PKG] [DEBUG] 🤖 [MS3-PKG] [DEBUG] 🤖 [MS3-PKG] [DEBUG] 🤖 [MS3-PKG] [DEBUG] 🤖 [MS3-PKG] [DEBUG] 🤖 [MS3-PKG] [DEBUG] 🤖 [MS3-PKG] [DEBUG] 🤖 [MS3-PKG] [DEBUG] 🤖 [MS3-PKG] [DEBUG] 🔑 [analyzeJoiSchema] Processing field: preserveOutput
🤖 [MS3-PKG] [DEBUG] 🤖 [MS3-PKG] [DEBUG] 🤖 [MS3-PKG] [DEBUG] 🤖 [MS3-PKG] [DEBUG] 🤖 [MS3-PKG] [DEBUG] 🤖 [MS3-PKG] [DEBUG] 🤖 [MS3-PKG] [DEBUG] 🤖 [MS3-PKG] [DEBUG] 🤖 [MS3-PKG] [DEBUG] 🤖 [MS3-PKG] [DEBUG] 🤖 [MS3-PKG] [DEBUG] 🤖 [MS3-PKG] [DEBUG] 🤖 [MS3-PKG] [DEBUG] 📝 [analyzeJoiSchema] Field description: {
  type: [32m&apos;boolean&apos;[39m,
  flags: {
    presence: [32m&apos;optional&apos;[39m,
    default: [33mfalse[39m,
    description: [32m&apos;Whether to preserve generated files&apos;[39m
  }
}
🤖 [MS3-PKG] [DEBUG] 🤖 [MS3-PKG] [DEBUG] 🤖 [MS3-PKG] [DEBUG] 🤖 [MS3-PKG] [DEBUG] 🤖 [MS3-PKG] [DEBUG] 🤖 [MS3-PKG] [DEBUG] 🤖 [MS3-PKG] [DEBUG] 🤖 [MS3-PKG] [DEBUG] 🤖 [MS3-PKG] [DEBUG] 🤖 [MS3-PKG] [DEBUG] 🤖 [MS3-PKG] [DEBUG] 🤖 [MS3-PKG] [DEBUG] 🤖 [MS3-PKG] [DEBUG] 📊 [analyzeJoiSchema] Field preserveOutput: type=boolean, required=false, message=&quot;Whether to preserve generated files&quot;
🤖 [MS3-PKG] [DEBUG] 🤖 [MS3-PKG] [DEBUG] 🤖 [MS3-PKG] [DEBUG] 🤖 [MS3-PKG] [DEBUG] 🤖 [MS3-PKG] [DEBUG] 🤖 [MS3-PKG] [DEBUG] 🤖 [MS3-PKG] [DEBUG] 🤖 [MS3-PKG] [DEBUG] 🤖 [MS3-PKG] [DEBUG] 🤖 [MS3-PKG] [DEBUG] 🤖 [MS3-PKG] [DEBUG] 🤖 [MS3-PKG] [DEBUG] 🤖 [MS3-PKG] [DEBUG] 🔑 [analyzeJoiSchema] Processing field: providerConfig
🤖 [MS3-PKG] [DEBUG] 🤖 [MS3-PKG] [DEBUG] 🤖 [MS3-PKG] [DEBUG] 🤖 [MS3-PKG] [DEBUG] 🤖 [MS3-PKG] [DEBUG] 🤖 [MS3-PKG] [DEBUG] 🤖 [MS3-PKG] [DEBUG] 🤖 [MS3-PKG] [DEBUG] 🤖 [MS3-PKG] [DEBUG] 🤖 [MS3-PKG] [DEBUG] 🤖 [MS3-PKG] [DEBUG] 🤖 [MS3-PKG] [DEBUG] 🤖 [MS3-PKG] [DEBUG] 📝 [analyzeJoiSchema] Field description: {
  type: [32m&apos;object&apos;[39m,
  flags: {
    presence: [32m&apos;optional&apos;[39m,
    description: [32m&apos;Network provider configuration&apos;[39m
  }
}
🤖 [MS3-PKG] [DEBUG] 🤖 [MS3-PKG] [DEBUG] 🤖 [MS3-PKG] [DEBUG] 🤖 [MS3-PKG] [DEBUG] 🤖 [MS3-PKG] [DEBUG] 🤖 [MS3-PKG] [DEBUG] 🤖 [MS3-PKG] [DEBUG] 🤖 [MS3-PKG] [DEBUG] 🤖 [MS3-PKG] [DEBUG] 🤖 [MS3-PKG] [DEBUG] 🤖 [MS3-PKG] [DEBUG] 🤖 [MS3-PKG] [DEBUG] 🤖 [MS3-PKG] [DEBUG] 📊 [analyzeJoiSchema] Field providerConfig: type=object, required=false, message=&quot;Network provider configuration&quot;
🤖 [MS3-PKG] [DEBUG] 🤖 [MS3-PKG] [DEBUG] 🤖 [MS3-PKG] [DEBUG] 🤖 [MS3-PKG] [DEBUG] 🤖 [MS3-PKG] [DEBUG] 🤖 [MS3-PKG] [DEBUG] 🤖 [MS3-PKG] [DEBUG] 🤖 [MS3-PKG] [DEBUG] 🤖 [MS3-PKG] [DEBUG] 🤖 [MS3-PKG] [DEBUG] 🤖 [MS3-PKG] [DEBUG] 🤖 [MS3-PKG] [DEBUG] 🤖 [MS3-PKG] [DEBUG] 🔑 [analyzeJoiSchema] Processing field: compilerSettings
🤖 [MS3-PKG] [DEBUG] 🤖 [MS3-PKG] [DEBUG] 🤖 [MS3-PKG] [DEBUG] 🤖 [MS3-PKG] [DEBUG] 🤖 [MS3-PKG] [DEBUG] 🤖 [MS3-PKG] [DEBUG] 🤖 [MS3-PKG] [DEBUG] 🤖 [MS3-PKG] [DEBUG] 🤖 [MS3-PKG] [DEBUG] 🤖 [MS3-PKG] [DEBUG] 🤖 [MS3-PKG] [DEBUG] 🤖 [MS3-PKG] [DEBUG] 🤖 [MS3-PKG] [DEBUG] 📝 [analyzeJoiSchema] Field description: {
  type: [32m&apos;object&apos;[39m,
  flags: { presence: [32m&apos;optional&apos;[39m, description: [32m&apos;Solidity compiler settings&apos;[39m },
  keys: {
    solcVersion: { type: [32m&apos;string&apos;[39m, flags: [36m[Object][39m },
    optimizer: { type: [32m&apos;boolean&apos;[39m, flags: [36m[Object][39m },
    optimizerRuns: { type: [32m&apos;number&apos;[39m, flags: [36m[Object][39m }
  }
}
🤖 [MS3-PKG] [DEBUG] 🤖 [MS3-PKG] [DEBUG] 🤖 [MS3-PKG] [DEBUG] 🤖 [MS3-PKG] [DEBUG] 🤖 [MS3-PKG] [DEBUG] 🤖 [MS3-PKG] [DEBUG] 🤖 [MS3-PKG] [DEBUG] 🤖 [MS3-PKG] [DEBUG] 🤖 [MS3-PKG] [DEBUG] 🤖 [MS3-PKG] [DEBUG] 🤖 [MS3-PKG] [DEBUG] 🤖 [MS3-PKG] [DEBUG] 🤖 [MS3-PKG] [DEBUG] 📊 [analyzeJoiSchema] Field compilerSettings: type=object, required=false, message=&quot;Solidity compiler settings&quot;
🤖 [MS3-PKG] [DEBUG] 🤖 [MS3-PKG] [DEBUG] 🤖 [MS3-PKG] [DEBUG] 🤖 [MS3-PKG] [DEBUG] 🤖 [MS3-PKG] [DEBUG] 🤖 [MS3-PKG] [DEBUG] 🤖 [MS3-PKG] [DEBUG] 🤖 [MS3-PKG] [DEBUG] 🤖 [MS3-PKG] [DEBUG] 🤖 [MS3-PKG] [DEBUG] 🤖 [MS3-PKG] [DEBUG] 🤖 [MS3-PKG] [DEBUG] 🤖 [MS3-PKG] [DEBUG] 🔄 [analyzeJoiSchema] Recursing into nested object: compilerSettings
🤖 [MS3-PKG] [DEBUG] 🤖 [MS3-PKG] [DEBUG] 🤖 [MS3-PKG] [DEBUG] 🤖 [MS3-PKG] [DEBUG] 🤖 [MS3-PKG] [DEBUG] 🤖 [MS3-PKG] [DEBUG] 🤖 [MS3-PKG] [DEBUG] 🤖 [MS3-PKG] [DEBUG] 🤖 [MS3-PKG] [DEBUG] 🤖 [MS3-PKG] [DEBUG] 🤖 [MS3-PKG] [DEBUG] 🤖 [MS3-PKG] [DEBUG] 🤖 [MS3-PKG] [DEBUG] 🔑 [analyzeJoiSchema] Processing field: solcVersion
🤖 [MS3-PKG] [DEBUG] 🤖 [MS3-PKG] [DEBUG] 🤖 [MS3-PKG] [DEBUG] 🤖 [MS3-PKG] [DEBUG] 🤖 [MS3-PKG] [DEBUG] 🤖 [MS3-PKG] [DEBUG] 🤖 [MS3-PKG] [DEBUG] 🤖 [MS3-PKG] [DEBUG] 🤖 [MS3-PKG] [DEBUG] 🤖 [MS3-PKG] [DEBUG] 🤖 [MS3-PKG] [DEBUG] 🤖 [MS3-PKG] [DEBUG] 🤖 [MS3-PKG] [DEBUG] 📝 [analyzeJoiSchema] Field description: {
  type: [32m&apos;string&apos;[39m,
  flags: { presence: [32m&apos;optional&apos;[39m, description: [32m&apos;Solidity compiler version&apos;[39m }
}
🤖 [MS3-PKG] [DEBUG] 🤖 [MS3-PKG] [DEBUG] 🤖 [MS3-PKG] [DEBUG] 🤖 [MS3-PKG] [DEBUG] 🤖 [MS3-PKG] [DEBUG] 🤖 [MS3-PKG] [DEBUG] 🤖 [MS3-PKG] [DEBUG] 🤖 [MS3-PKG] [DEBUG] 🤖 [MS3-PKG] [DEBUG] 🤖 [MS3-PKG] [DEBUG] 🤖 [MS3-PKG] [DEBUG] 🤖 [MS3-PKG] [DEBUG] 🤖 [MS3-PKG] [DEBUG] 📊 [analyzeJoiSchema] Field solcVersion: type=string, required=false, message=&quot;Solidity compiler version&quot;
🤖 [MS3-PKG] [INFO] 🤖 [MS3-PKG] [INFO] 🤖 [MS3-PKG] [INFO] 🤖 [MS3-PKG] [INFO] 🤖 [MS3-PKG] [INFO] 🤖 [MS3-PKG] [INFO] 🤖 [MS3-PKG] [INFO] 🤖 [MS3-PKG] [INFO] 🤖 [MS3-PKG] [INFO] 🤖 [MS3-PKG] [INFO] 🤖 [MS3-PKG] [INFO] 🤖 [MS3-PKG] [INFO] 🤖 [MS3-PKG] [INFO] 📊 [analyzeJoiSchema] Generated 11 requirements for options

🤖 [MS3-PKG] [INFO] 🤖 [MS3-PKG] [INFO] 🤖 [MS3-PKG] [INFO] 🤖 [MS3-PKG] [INFO] 🤖 [MS3-PKG] [INFO] 🤖 [MS3-PKG] [INFO] 🤖 [MS3-PKG] [INFO] 🤖 [MS3-PKG] [INFO] 🤖 [MS3-PKG] [INFO] 🤖 [MS3-PKG] [INFO] 🤖 [MS3-PKG] [INFO] 🤖 [MS3-PKG] [INFO] 🤖 [MS3-PKG] [INFO] DIR FOR .ENV C:\Users\gunne\Desktop\M3S-GITHUB\MS3\.env
🤖 [MS3-PKG] [INFO] 🤖 [MS3-PKG] [INFO] 🤖 [MS3-PKG] [INFO] 🤖 [MS3-PKG] [INFO] 🤖 [MS3-PKG] [INFO] 🤖 [MS3-PKG] [INFO] 🤖 [MS3-PKG] [INFO] 🤖 [MS3-PKG] [INFO] 🤖 [MS3-PKG] [INFO] 🤖 [MS3-PKG] [INFO] 🤖 [MS3-PKG] [INFO] 🤖 [MS3-PKG] [INFO] 🤖 [MS3-PKG] [INFO] 🤖 [MS3-PKG] Logging level set to: DEBUG
🤖 [MS3-PKG] [DEBUG] 🤖 [MS3-PKG] [DEBUG] 🤖 [MS3-PKG] [DEBUG] 🤖 [MS3-PKG] [DEBUG] 🤖 [MS3-PKG] [DEBUG] 🤖 [MS3-PKG] [DEBUG] 🤖 [MS3-PKG] [DEBUG] 🤖 [MS3-PKG] [DEBUG] 🤖 [MS3-PKG] [DEBUG] 🤖 [MS3-PKG] [DEBUG] 🤖 [MS3-PKG] [DEBUG] 🤖 [MS3-PKG] [DEBUG] 🤖 [MS3-PKG] [DEBUG] 🤖 [MS3-PKG] [DEBUG] 🔍 [getRequirements] Starting analysis for lifi
🤖 [MS3-PKG] [DEBUG] 🤖 [MS3-PKG] [DEBUG] 🤖 [MS3-PKG] [DEBUG] 🤖 [MS3-PKG] [DEBUG] 🤖 [MS3-PKG] [DEBUG] 🤖 [MS3-PKG] [DEBUG] 🤖 [MS3-PKG] [DEBUG] 🤖 [MS3-PKG] [DEBUG] 🤖 [MS3-PKG] [DEBUG] 🤖 [MS3-PKG] [DEBUG] 🤖 [MS3-PKG] [DEBUG] 🤖 [MS3-PKG] [DEBUG] 🤖 [MS3-PKG] [DEBUG] 🤖 [MS3-PKG] [DEBUG] 🔬 [analyzeJoiSchema] Analyzing schema at path: options
🤖 [MS3-PKG] [DEBUG] 🤖 [MS3-PKG] [DEBUG] 🤖 [MS3-PKG] [DEBUG] 🤖 [MS3-PKG] [DEBUG] 🤖 [MS3-PKG] [DEBUG] 🤖 [MS3-PKG] [DEBUG] 🤖 [MS3-PKG] [DEBUG] 🤖 [MS3-PKG] [DEBUG] 🤖 [MS3-PKG] [DEBUG] 🤖 [MS3-PKG] [DEBUG] 🤖 [MS3-PKG] [DEBUG] 🤖 [MS3-PKG] [DEBUG] 🤖 [MS3-PKG] [DEBUG] 🤖 [MS3-PKG] [DEBUG] 📋 [analyzeJoiSchema] Schema description type: object
🤖 [MS3-PKG] [DEBUG] 🤖 [MS3-PKG] [DEBUG] 🤖 [MS3-PKG] [DEBUG] 🤖 [MS3-PKG] [DEBUG] 🤖 [MS3-PKG] [DEBUG] 🤖 [MS3-PKG] [DEBUG] 🤖 [MS3-PKG] [DEBUG] 🤖 [MS3-PKG] [DEBUG] 🤖 [MS3-PKG] [DEBUG] 🤖 [MS3-PKG] [DEBUG] 🤖 [MS3-PKG] [DEBUG] 🤖 [MS3-PKG] [DEBUG] 🤖 [MS3-PKG] [DEBUG] 🤖 [MS3-PKG] [DEBUG] 📋 [analyzeJoiSchema] Schema keys: [
  [32m&apos;apiKey&apos;[39m,
  [32m&apos;timeout&apos;[39m,
  [32m&apos;retries&apos;[39m,
  [32m&apos;supportedChains&apos;[39m,
  [32m&apos;slippageConfig&apos;[39m,
  [32m&apos;wallet&apos;[39m,
  [32m&apos;rpcOverrides&apos;[39m
]
🤖 [MS3-PKG] [DEBUG] 🤖 [MS3-PKG] [DEBUG] 🤖 [MS3-PKG] [DEBUG] 🤖 [MS3-PKG] [DEBUG] 🤖 [MS3-PKG] [DEBUG] 🤖 [MS3-PKG] [DEBUG] 🤖 [MS3-PKG] [DEBUG] 🤖 [MS3-PKG] [DEBUG] 🤖 [MS3-PKG] [DEBUG] 🤖 [MS3-PKG] [DEBUG] 🤖 [MS3-PKG] [DEBUG] 🤖 [MS3-PKG] [DEBUG] 🤖 [MS3-PKG] [DEBUG] 🤖 [MS3-PKG] [DEBUG] ✅ [analyzeJoiSchema] Processing object schema with 7 keys
🤖 [MS3-PKG] [DEBUG] 🤖 [MS3-PKG] [DEBUG] 🤖 [MS3-PKG] [DEBUG] 🤖 [MS3-PKG] [DEBUG] 🤖 [MS3-PKG] [DEBUG] 🤖 [MS3-PKG] [DEBUG] 🤖 [MS3-PKG] [DEBUG] 🤖 [MS3-PKG] [DEBUG] 🤖 [MS3-PKG] [DEBUG] 🤖 [MS3-PKG] [DEBUG] 🤖 [MS3-PKG] [DEBUG] 🤖 [MS3-PKG] [DEBUG] 🤖 [MS3-PKG] [DEBUG] 🤖 [MS3-PKG] [DEBUG] 🔑 [analyzeJoiSchema] Processing field: apiKey
🤖 [MS3-PKG] [DEBUG] 🤖 [MS3-PKG] [DEBUG] 🤖 [MS3-PKG] [DEBUG] 🤖 [MS3-PKG] [DEBUG] 🤖 [MS3-PKG] [DEBUG] 🤖 [MS3-PKG] [DEBUG] 🤖 [MS3-PKG] [DEBUG] 🤖 [MS3-PKG] [DEBUG] 🤖 [MS3-PKG] [DEBUG] 🤖 [MS3-PKG] [DEBUG] 🤖 [MS3-PKG] [DEBUG] 🤖 [MS3-PKG] [DEBUG] 🤖 [MS3-PKG] [DEBUG] 🤖 [MS3-PKG] [DEBUG] 📝 [analyzeJoiSchema] Field description: {
  type: [32m&apos;string&apos;[39m,
  flags: {
    presence: [32m&apos;optional&apos;[39m,
    description: [32m&apos;Optional LiFi API key for enhanced rate limits&apos;[39m
  }
}
🤖 [MS3-PKG] [DEBUG] 🤖 [MS3-PKG] [DEBUG] 🤖 [MS3-PKG] [DEBUG] 🤖 [MS3-PKG] [DEBUG] 🤖 [MS3-PKG] [DEBUG] 🤖 [MS3-PKG] [DEBUG] 🤖 [MS3-PKG] [DEBUG] 🤖 [MS3-PKG] [DEBUG] 🤖 [MS3-PKG] [DEBUG] 🤖 [MS3-PKG] [DEBUG] 🤖 [MS3-PKG] [DEBUG] 🤖 [MS3-PKG] [DEBUG] 🤖 [MS3-PKG] [DEBUG] 🤖 [MS3-PKG] [DEBUG] 📊 [analyzeJoiSchema] Field apiKey: type=string, required=false, message=&quot;Optional LiFi API key for enhanced rate limits&quot;
🤖 [MS3-PKG] [DEBUG] 🤖 [MS3-PKG] [DEBUG] 🤖 [MS3-PKG] [DEBUG] 🤖 [MS3-PKG] [DEBUG] 🤖 [MS3-PKG] [DEBUG] 🤖 [MS3-PKG] [DEBUG] 🤖 [MS3-PKG] [DEBUG] 🤖 [MS3-PKG] [DEBUG] 🤖 [MS3-PKG] [DEBUG] 🤖 [MS3-PKG] [DEBUG] 🤖 [MS3-PKG] [DEBUG] 🤖 [MS3-PKG] [DEBUG] 🤖 [MS3-PKG] [DEBUG] 🤖 [MS3-PKG] [DEBUG] 🔑 [analyzeJoiSchema] Processing field: timeout
🤖 [MS3-PKG] [DEBUG] 🤖 [MS3-PKG] [DEBUG] 🤖 [MS3-PKG] [DEBUG] 🤖 [MS3-PKG] [DEBUG] 🤖 [MS3-PKG] [DEBUG] 🤖 [MS3-PKG] [DEBUG] 🤖 [MS3-PKG] [DEBUG] 🤖 [MS3-PKG] [DEBUG] 🤖 [MS3-PKG] [DEBUG] 🤖 [MS3-PKG] [DEBUG] 🤖 [MS3-PKG] [DEBUG] 🤖 [MS3-PKG] [DEBUG] 🤖 [MS3-PKG] [DEBUG] 🤖 [MS3-PKG] [DEBUG] 📝 [analyzeJoiSchema] Field description: {
  type: [32m&apos;number&apos;[39m,
  flags: { default: [33m60000[39m, description: [32m&apos;Request timeout in milliseconds&apos;[39m },
  rules: [ { name: [32m&apos;min&apos;[39m, args: [36m[Object][39m }, { name: [32m&apos;max&apos;[39m, args: [36m[Object][39m } ]
}
🤖 [MS3-PKG] [DEBUG] 🤖 [MS3-PKG] [DEBUG] 🤖 [MS3-PKG] [DEBUG] 🤖 [MS3-PKG] [DEBUG] 🤖 [MS3-PKG] [DEBUG] 🤖 [MS3-PKG] [DEBUG] 🤖 [MS3-PKG] [DEBUG] 🤖 [MS3-PKG] [DEBUG] 🤖 [MS3-PKG] [DEBUG] 🤖 [MS3-PKG] [DEBUG] 🤖 [MS3-PKG] [DEBUG] 🤖 [MS3-PKG] [DEBUG] 🤖 [MS3-PKG] [DEBUG] 🤖 [MS3-PKG] [DEBUG] 📊 [analyzeJoiSchema] Field timeout: type=number, required=true, message=&quot;Request timeout in milliseconds&quot;
🤖 [MS3-PKG] [DEBUG] 🤖 [MS3-PKG] [DEBUG] 🤖 [MS3-PKG] [DEBUG] 🤖 [MS3-PKG] [DEBUG] 🤖 [MS3-PKG] [DEBUG] 🤖 [MS3-PKG] [DEBUG] 🤖 [MS3-PKG] [DEBUG] 🤖 [MS3-PKG] [DEBUG] 🤖 [MS3-PKG] [DEBUG] 🤖 [MS3-PKG] [DEBUG] 🤖 [MS3-PKG] [DEBUG] 🤖 [MS3-PKG] [DEBUG] 🤖 [MS3-PKG] [DEBUG] 🤖 [MS3-PKG] [DEBUG] 🔑 [analyzeJoiSchema] Processing field: retries
🤖 [MS3-PKG] [DEBUG] 🤖 [MS3-PKG] [DEBUG] 🤖 [MS3-PKG] [DEBUG] 🤖 [MS3-PKG] [DEBUG] 🤖 [MS3-PKG] [DEBUG] 🤖 [MS3-PKG] [DEBUG] 🤖 [MS3-PKG] [DEBUG] 🤖 [MS3-PKG] [DEBUG] 🤖 [MS3-PKG] [DEBUG] 🤖 [MS3-PKG] [DEBUG] 🤖 [MS3-PKG] [DEBUG] 🤖 [MS3-PKG] [DEBUG] 🤖 [MS3-PKG] [DEBUG] 🤖 [MS3-PKG] [DEBUG] 📝 [analyzeJoiSchema] Field description: {
  type: [32m&apos;number&apos;[39m,
  flags: {
    default: [33m2[39m,
    description: [32m&apos;Number of retry attempts for failed requests&apos;[39m
  },
  rules: [
    { name: [32m&apos;integer&apos;[39m },
    { name: [32m&apos;min&apos;[39m, args: [36m[Object][39m },
    { name: [32m&apos;max&apos;[39m, args: [36m[Object][39m }
  ]
}
🤖 [MS3-PKG] [DEBUG] 🤖 [MS3-PKG] [DEBUG] 🤖 [MS3-PKG] [DEBUG] 🤖 [MS3-PKG] [DEBUG] 🤖 [MS3-PKG] [DEBUG] 🤖 [MS3-PKG] [DEBUG] 🤖 [MS3-PKG] [DEBUG] 🤖 [MS3-PKG] [DEBUG] 🤖 [MS3-PKG] [DEBUG] 🤖 [MS3-PKG] [DEBUG] 🤖 [MS3-PKG] [DEBUG] 🤖 [MS3-PKG] [DEBUG] 🤖 [MS3-PKG] [DEBUG] 🤖 [MS3-PKG] [DEBUG] 📊 [analyzeJoiSchema] Field retries: type=number, required=true, message=&quot;Number of retry attempts for failed requests&quot;
🤖 [MS3-PKG] [DEBUG] 🤖 [MS3-PKG] [DEBUG] 🤖 [MS3-PKG] [DEBUG] 🤖 [MS3-PKG] [DEBUG] 🤖 [MS3-PKG] [DEBUG] 🤖 [MS3-PKG] [DEBUG] 🤖 [MS3-PKG] [DEBUG] 🤖 [MS3-PKG] [DEBUG] 🤖 [MS3-PKG] [DEBUG] 🤖 [MS3-PKG] [DEBUG] 🤖 [MS3-PKG] [DEBUG] 🤖 [MS3-PKG] [DEBUG] 🤖 [MS3-PKG] [DEBUG] 🤖 [MS3-PKG] [DEBUG] 🔑 [analyzeJoiSchema] Processing field: supportedChains
🤖 [MS3-PKG] [DEBUG] 🤖 [MS3-PKG] [DEBUG] 🤖 [MS3-PKG] [DEBUG] 🤖 [MS3-PKG] [DEBUG] 🤖 [MS3-PKG] [DEBUG] 🤖 [MS3-PKG] [DEBUG] 🤖 [MS3-PKG] [DEBUG] 🤖 [MS3-PKG] [DEBUG] 🤖 [MS3-PKG] [DEBUG] 🤖 [MS3-PKG] [DEBUG] 🤖 [MS3-PKG] [DEBUG] 🤖 [MS3-PKG] [DEBUG] 🤖 [MS3-PKG] [DEBUG] 🤖 [MS3-PKG] [DEBUG] 📝 [analyzeJoiSchema] Field description: {
  type: [32m&apos;array&apos;[39m,
  flags: {
    presence: [32m&apos;optional&apos;[39m,
    description: [32m&apos;Override supported chain configurations&apos;[39m
  },
  items: [ { type: [32m&apos;object&apos;[39m, keys: [36m[Object][39m } ]
}
🤖 [MS3-PKG] [DEBUG] 🤖 [MS3-PKG] [DEBUG] 🤖 [MS3-PKG] [DEBUG] 🤖 [MS3-PKG] [DEBUG] 🤖 [MS3-PKG] [DEBUG] 🤖 [MS3-PKG] [DEBUG] 🤖 [MS3-PKG] [DEBUG] 🤖 [MS3-PKG] [DEBUG] 🤖 [MS3-PKG] [DEBUG] 🤖 [MS3-PKG] [DEBUG] 🤖 [MS3-PKG] [DEBUG] 🤖 [MS3-PKG] [DEBUG] 🤖 [MS3-PKG] [DEBUG] 🤖 [MS3-PKG] [DEBUG] 📊 [analyzeJoiSchema] Field supportedChains: type=array, required=false, message=&quot;Override supported chain configurations&quot;
🤖 [MS3-PKG] [DEBUG] 🤖 [MS3-PKG] [DEBUG] 🤖 [MS3-PKG] [DEBUG] 🤖 [MS3-PKG] [DEBUG] 🤖 [MS3-PKG] [DEBUG] 🤖 [MS3-PKG] [DEBUG] 🤖 [MS3-PKG] [DEBUG] 🤖 [MS3-PKG] [DEBUG] 🤖 [MS3-PKG] [DEBUG] 🤖 [MS3-PKG] [DEBUG] 🤖 [MS3-PKG] [DEBUG] 🤖 [MS3-PKG] [DEBUG] 🤖 [MS3-PKG] [DEBUG] 🤖 [MS3-PKG] [DEBUG] 🔑 [analyzeJoiSchema] Processing field: slippageConfig
🤖 [MS3-PKG] [DEBUG] 🤖 [MS3-PKG] [DEBUG] 🤖 [MS3-PKG] [DEBUG] 🤖 [MS3-PKG] [DEBUG] 🤖 [MS3-PKG] [DEBUG] 🤖 [MS3-PKG] [DEBUG] 🤖 [MS3-PKG] [DEBUG] 🤖 [MS3-PKG] [DEBUG] 🤖 [MS3-PKG] [DEBUG] 🤖 [MS3-PKG] [DEBUG] 🤖 [MS3-PKG] [DEBUG] 🤖 [MS3-PKG] [DEBUG] 🤖 [MS3-PKG] [DEBUG] 🤖 [MS3-PKG] [DEBUG] 📝 [analyzeJoiSchema] Field description: {
  type: [32m&apos;object&apos;[39m,
  flags: {
    presence: [32m&apos;optional&apos;[39m,
    description: [32m&apos;Slippage tolerance configuration&apos;[39m
  },
  keys: {
    defaultSlippage: { type: [32m&apos;number&apos;[39m, flags: [36m[Object][39m, rules: [36m[Array][39m },
    maxSlippage: { type: [32m&apos;number&apos;[39m, flags: [36m[Object][39m, rules: [36m[Array][39m }
  }
}
🤖 [MS3-PKG] [DEBUG] 🤖 [MS3-PKG] [DEBUG] 🤖 [MS3-PKG] [DEBUG] 🤖 [MS3-PKG] [DEBUG] 🤖 [MS3-PKG] [DEBUG] 🤖 [MS3-PKG] [DEBUG] 🤖 [MS3-PKG] [DEBUG] 🤖 [MS3-PKG] [DEBUG] 🤖 [MS3-PKG] [DEBUG] 🤖 [MS3-PKG] [DEBUG] 🤖 [MS3-PKG] [DEBUG] 🤖 [MS3-PKG] [DEBUG] 🤖 [MS3-PKG] [DEBUG] 🤖 [MS3-PKG] [DEBUG] 📊 [analyzeJoiSchema] Field slippageConfig: type=object, required=false, message=&quot;Slippage tolerance configuration&quot;
🤖 [MS3-PKG] [DEBUG] 🤖 [MS3-PKG] [DEBUG] 🤖 [MS3-PKG] [DEBUG] 🤖 [MS3-PKG] [DEBUG] 🤖 [MS3-PKG] [DEBUG] 🤖 [MS3-PKG] [DEBUG] 🤖 [MS3-PKG] [DEBUG] 🤖 [MS3-PKG] [DEBUG] 🤖 [MS3-PKG] [DEBUG] 🤖 [MS3-PKG] [DEBUG] 🤖 [MS3-PKG] [DEBUG] 🤖 [MS3-PKG] [DEBUG] 🤖 [MS3-PKG] [DEBUG] 🤖 [MS3-PKG] [DEBUG] 🔄 [analyzeJoiSchema] Recursing into nested object: slippageConfig
🤖 [MS3-PKG] [DEBUG] 🤖 [MS3-PKG] [DEBUG] 🤖 [MS3-PKG] [DEBUG] 🤖 [MS3-PKG] [DEBUG] 🤖 [MS3-PKG] [DEBUG] 🤖 [MS3-PKG] [DEBUG] 🤖 [MS3-PKG] [DEBUG] 🤖 [MS3-PKG] [DEBUG] 🤖 [MS3-PKG] [DEBUG] 🤖 [MS3-PKG] [DEBUG] 🤖 [MS3-PKG] [DEBUG] 🤖 [MS3-PKG] [DEBUG] 🤖 [MS3-PKG] [DEBUG] 🤖 [MS3-PKG] [DEBUG] 🔑 [analyzeJoiSchema] Processing field: wallet
🤖 [MS3-PKG] [DEBUG] 🤖 [MS3-PKG] [DEBUG] 🤖 [MS3-PKG] [DEBUG] 🤖 [MS3-PKG] [DEBUG] 🤖 [MS3-PKG] [DEBUG] 🤖 [MS3-PKG] [DEBUG] 🤖 [MS3-PKG] [DEBUG] 🤖 [MS3-PKG] [DEBUG] 🤖 [MS3-PKG] [DEBUG] 🤖 [MS3-PKG] [DEBUG] 🤖 [MS3-PKG] [DEBUG] 🤖 [MS3-PKG] [DEBUG] 🤖 [MS3-PKG] [DEBUG] 🤖 [MS3-PKG] [DEBUG] 📝 [analyzeJoiSchema] Field description: {
  type: [32m&apos;any&apos;[39m,
  flags: {
    presence: [32m&apos;optional&apos;[39m,
    description: [32m&apos;Wallet adapter instance for transaction execution&apos;[39m
  }
}
🤖 [MS3-PKG] [DEBUG] 🤖 [MS3-PKG] [DEBUG] 🤖 [MS3-PKG] [DEBUG] 🤖 [MS3-PKG] [DEBUG] 🤖 [MS3-PKG] [DEBUG] 🤖 [MS3-PKG] [DEBUG] 🤖 [MS3-PKG] [DEBUG] 🤖 [MS3-PKG] [DEBUG] 🤖 [MS3-PKG] [DEBUG] 🤖 [MS3-PKG] [DEBUG] 🤖 [MS3-PKG] [DEBUG] 🤖 [MS3-PKG] [DEBUG] 🤖 [MS3-PKG] [DEBUG] 🤖 [MS3-PKG] [DEBUG] 📊 [analyzeJoiSchema] Field wallet: type=any, required=false, message=&quot;Wallet adapter instance for transaction execution&quot;
🤖 [MS3-PKG] [DEBUG] 🤖 [MS3-PKG] [DEBUG] 🤖 [MS3-PKG] [DEBUG] 🤖 [MS3-PKG] [DEBUG] 🤖 [MS3-PKG] [DEBUG] 🤖 [MS3-PKG] [DEBUG] 🤖 [MS3-PKG] [DEBUG] 🤖 [MS3-PKG] [DEBUG] 🤖 [MS3-PKG] [DEBUG] 🤖 [MS3-PKG] [DEBUG] 🤖 [MS3-PKG] [DEBUG] 🤖 [MS3-PKG] [DEBUG] 🤖 [MS3-PKG] [DEBUG] 🤖 [MS3-PKG] [DEBUG] 🔑 [analyzeJoiSchema] Processing field: rpcOverrides
🤖 [MS3-PKG] [DEBUG] 🤖 [MS3-PKG] [DEBUG] 🤖 [MS3-PKG] [DEBUG] 🤖 [MS3-PKG] [DEBUG] 🤖 [MS3-PKG] [DEBUG] 🤖 [MS3-PKG] [DEBUG] 🤖 [MS3-PKG] [DEBUG] 🤖 [MS3-PKG] [DEBUG] 🤖 [MS3-PKG] [DEBUG] 🤖 [MS3-PKG] [DEBUG] 🤖 [MS3-PKG] [DEBUG] 🤖 [MS3-PKG] [DEBUG] 🤖 [MS3-PKG] [DEBUG] 🤖 [MS3-PKG] [DEBUG] 📝 [analyzeJoiSchema] Field description: {
  type: [32m&apos;any&apos;[39m,
  flags: { presence: [32m&apos;optional&apos;[39m, description: [32m&apos;rpcOverrides&apos;[39m }
}
🤖 [MS3-PKG] [DEBUG] 🤖 [MS3-PKG] [DEBUG] 🤖 [MS3-PKG] [DEBUG] 🤖 [MS3-PKG] [DEBUG] 🤖 [MS3-PKG] [DEBUG] 🤖 [MS3-PKG] [DEBUG] 🤖 [MS3-PKG] [DEBUG] 🤖 [MS3-PKG] [DEBUG] 🤖 [MS3-PKG] [DEBUG] 🤖 [MS3-PKG] [DEBUG] 🤖 [MS3-PKG] [DEBUG] 🤖 [MS3-PKG] [DEBUG] 🤖 [MS3-PKG] [DEBUG] 🤖 [MS3-PKG] [DEBUG] 📊 [analyzeJoiSchema] Field rpcOverrides: type=any, required=false, message=&quot;rpcOverrides&quot;
🤖 [MS3-PKG] [INFO] 🤖 [MS3-PKG] [INFO] 🤖 [MS3-PKG] [INFO] 🤖 [MS3-PKG] [INFO] 🤖 [MS3-PKG] [INFO] 🤖 [MS3-PKG] [INFO] 🤖 [MS3-PKG] [INFO] 🤖 [MS3-PKG] [INFO] 🤖 [MS3-PKG] [INFO] 🤖 [MS3-PKG] [INFO] 🤖 [MS3-PKG] [INFO] 🤖 [MS3-PKG] [INFO] 🤖 [MS3-PKG] [INFO] 🤖 [MS3-PKG] [INFO] 📊 [analyzeJoiSchema] Generated 9 requirements for options
🤖 [MS3-PKG] [DEBUG] 🤖 [MS3-PKG] [DEBUG] 🤖 [MS3-PKG] [DEBUG] 🤖 [MS3-PKG] [DEBUG] 🤖 [MS3-PKG] [DEBUG] 🤖 [MS3-PKG] [DEBUG] 🤖 [MS3-PKG] [DEBUG] 🤖 [MS3-PKG] [DEBUG] 🤖 [MS3-PKG] [DEBUG] 🤖 [MS3-PKG] [DEBUG] 🤖 [MS3-PKG] [DEBUG] 🤖 [MS3-PKG] [DEBUG] 🤖 [MS3-PKG] [DEBUG] 🤖 [MS3-PKG] [DEBUG] ✅ LiFi adapter registered with static compatibility matrix
🤖 [MS3-PKG] [DEBUG] 🤖 [MS3-PKG] [DEBUG] 🤖 [MS3-PKG] [DEBUG] 🤖 [MS3-PKG] [DEBUG] 🤖 [MS3-PKG] [DEBUG] 🤖 [MS3-PKG] [DEBUG] 🤖 [MS3-PKG] [DEBUG] 🤖 [MS3-PKG] [DEBUG] 🤖 [MS3-PKG] [DEBUG] 🤖 [MS3-PKG] [DEBUG] 🤖 [MS3-PKG] [DEBUG] 🤖 [MS3-PKG] [DEBUG] 🤖 [MS3-PKG] [DEBUG] 🤖 [MS3-PKG] [DEBUG] 📋 Generated requirements: [
  {
    path: [32m&apos;options.apiKey&apos;[39m,
    type: [32m&apos;string&apos;[39m,
    allowUndefined: [33mtrue[39m,
    message: [32m&apos;Optional LiFi API key for enhanced rate limits&apos;[39m
  },
  {
    path: [32m&apos;options.timeout&apos;[39m,
    type: [32m&apos;number&apos;[39m,
    allowUndefined: [33mfalse[39m,
    message: [32m&apos;Request timeout in milliseconds&apos;[39m
  },
  {
    path: [32m&apos;options.retries&apos;[39m,
    type: [32m&apos;number&apos;[39m,
    allowUndefined: [33mfalse[39m,
    message: [32m&apos;Number of retry attempts for failed requests&apos;[39m
  },
  {
    path: [32m&apos;options.supportedChains&apos;[39m,
    type: [32m&apos;array&apos;[39m,
    allowUndefined: [33mtrue[39m,
    message: [32m&apos;Override supported chain configurations&apos;[39m
  },
  {
    path: [32m&apos;options.slippageConfig&apos;[39m,
    type: [32m&apos;object&apos;[39m,
    allowUndefined: [33mtrue[39m,
    message: [32m&apos;Slippage tolerance configuration&apos;[39m
  },
  {
    path: [32m&apos;options.slippageConfig.defaultSlippage&apos;[39m,
    type: [32m&apos;number&apos;[39m,
    allowUndefined: [33mtrue[39m,
    message: [32m&apos;Default slippage tolerance (3%)&apos;[39m
  },
  {
    path: [32m&apos;options.slippageConfig.maxSlippage&apos;[39m,
    type: [32m&apos;number&apos;[39m,
    allowUndefined: [33mtrue[39m,
    message: [32m&apos;Maximum allowed slippage (10%)&apos;[39m
  },
  {
    path: [32m&apos;options.wallet&apos;[39m,
    type: [32m&apos;any&apos;[39m,
    allowUndefined: [33mtrue[39m,
    message: [32m&apos;Wallet adapter instance for transaction execution&apos;[39m
  },
  {
    path: [32m&apos;options.rpcOverrides&apos;[39m,
    type: [32m&apos;any&apos;[39m,
    allowUndefined: [33mtrue[39m,
    message: [32m&apos;rpcOverrides&apos;[39m
  }
]
🤖 [MS3-PKG] [DEBUG] 🤖 [MS3-PKG] [DEBUG] 🤖 [MS3-PKG] [DEBUG] 🤖 [MS3-PKG] [DEBUG] 🤖 [MS3-PKG] [DEBUG] 🤖 [MS3-PKG] [DEBUG] 🤖 [MS3-PKG] [DEBUG] 🤖 [MS3-PKG] [DEBUG] 🤖 [MS3-PKG] [DEBUG] 🤖 [MS3-PKG] [DEBUG] 🤖 [MS3-PKG] [DEBUG] 🤖 [MS3-PKG] [DEBUG] 🤖 [MS3-PKG] [DEBUG] 🤖 [MS3-PKG] [DEBUG] 🔧 Generated capabilities: [
  [32m&apos;IAdapterIdentity&apos;[39m,
  [32m&apos;IAdapterLifecycle&apos;[39m,
  [32m&apos;IQuoteProvider&apos;[39m,
  [32m&apos;IOperationHandler&apos;[39m,
  [32m&apos;IChainDiscovery&apos;[39m,
  [32m&apos;IGasEstimator&apos;[39m,
  [32m&apos;IOperationMaintenance&apos;[39m,
  [32m&apos;IEventEmitter&apos;[39m
]

            </system-out>
            <system-err>
🤖 [MS3-PKG] [WARN] 🤖 [MS3-PKG] [WARN] 🤖 [MS3-PKG] [WARN] 🤖 [MS3-PKG] [WARN] 🤖 [MS3-PKG] [WARN] 🤖 [MS3-PKG] [WARN] 🤖 [MS3-PKG] [WARN] 🤖 [MS3-PKG] [WARN] 🤖 [MS3-PKG] [WARN] 🤖 [MS3-PKG] [WARN] 🤖 [MS3-PKG] [WARN] 🤖 [MS3-PKG] [WARN] [getRequirements] No requirements found for ethers interface - using fallback.
🤖 [MS3-PKG] [WARN] 🤖 [MS3-PKG] [WARN] 🤖 [MS3-PKG] [WARN] 🤖 [MS3-PKG] [WARN] 🤖 [MS3-PKG] [WARN] 🤖 [MS3-PKG] [WARN] 🤖 [MS3-PKG] [WARN] 🤖 [MS3-PKG] [WARN] 🤖 [MS3-PKG] [WARN] 🤖 [MS3-PKG] [WARN] 🤖 [MS3-PKG] [WARN] 🤖 [MS3-PKG] [WARN] [getRequirements] Using fallback requirements for ethers

            </system-err>
        </testcase>
        <testcase classname="tests/00_Registry.test.ts" name="Auto-Generation System Tests (JOI-Based) &gt; Performance and Load Tests &gt; should handle rapid adapter lookups efficiently" time="0.0012462">
        </testcase>
        <testcase classname="tests/00_Registry.test.ts" name="Auto-Generation System Tests (JOI-Based) &gt; Performance and Load Tests &gt; should handle bulk requirement generation efficiently" time="0.3078319">
            <system-out>
🤖 [MS3-PKG] [DEBUG] 🤖 [MS3-PKG] [DEBUG] 🤖 [MS3-PKG] [DEBUG] 🤖 [MS3-PKG] [DEBUG] 🤖 [MS3-PKG] [DEBUG] 🤖 [MS3-PKG] [DEBUG] 🤖 [MS3-PKG] [DEBUG] 🤖 [MS3-PKG] [DEBUG] 🤖 [MS3-PKG] [DEBUG] 🤖 [MS3-PKG] [DEBUG] 🤖 [MS3-PKG] [DEBUG] 🤖 [MS3-PKG] [DEBUG] 🤖 [MS3-PKG] [DEBUG] 🤖 [MS3-PKG] [DEBUG] 🔍 [getRequirements] Starting analysis for bulk-test-0
🤖 [MS3-PKG] [DEBUG] 🤖 [MS3-PKG] [DEBUG] 🤖 [MS3-PKG] [DEBUG] 🤖 [MS3-PKG] [DEBUG] 🤖 [MS3-PKG] [DEBUG] 🤖 [MS3-PKG] [DEBUG] 🤖 [MS3-PKG] [DEBUG] 🤖 [MS3-PKG] [DEBUG] 🤖 [MS3-PKG] [DEBUG] 🤖 [MS3-PKG] [DEBUG] 🤖 [MS3-PKG] [DEBUG] 🤖 [MS3-PKG] [DEBUG] 🤖 [MS3-PKG] [DEBUG] 🤖 [MS3-PKG] [DEBUG] 🔬 [analyzeJoiSchema] Analyzing schema at path: options
🤖 [MS3-PKG] [DEBUG] 🤖 [MS3-PKG] [DEBUG] 🤖 [MS3-PKG] [DEBUG] 🤖 [MS3-PKG] [DEBUG] 🤖 [MS3-PKG] [DEBUG] 🤖 [MS3-PKG] [DEBUG] 🤖 [MS3-PKG] [DEBUG] 🤖 [MS3-PKG] [DEBUG] 🤖 [MS3-PKG] [DEBUG] 🤖 [MS3-PKG] [DEBUG] 🤖 [MS3-PKG] [DEBUG] 🤖 [MS3-PKG] [DEBUG] 🤖 [MS3-PKG] [DEBUG] 🤖 [MS3-PKG] [DEBUG] 📋 [analyzeJoiSchema] Schema description type: object
🤖 [MS3-PKG] [DEBUG] 🤖 [MS3-PKG] [DEBUG] 🤖 [MS3-PKG] [DEBUG] 🤖 [MS3-PKG] [DEBUG] 🤖 [MS3-PKG] [DEBUG] 🤖 [MS3-PKG] [DEBUG] 🤖 [MS3-PKG] [DEBUG] 🤖 [MS3-PKG] [DEBUG] 🤖 [MS3-PKG] [DEBUG] 🤖 [MS3-PKG] [DEBUG] 🤖 [MS3-PKG] [DEBUG] 🤖 [MS3-PKG] [DEBUG] 🤖 [MS3-PKG] [DEBUG] 🤖 [MS3-PKG] [DEBUG] 📋 [analyzeJoiSchema] Schema keys: [ [32m&apos;privateKey&apos;[39m, [32m&apos;provider&apos;[39m, [32m&apos;multiChainRpcs&apos;[39m ]
🤖 [MS3-PKG] [DEBUG] 🤖 [MS3-PKG] [DEBUG] 🤖 [MS3-PKG] [DEBUG] 🤖 [MS3-PKG] [DEBUG] 🤖 [MS3-PKG] [DEBUG] 🤖 [MS3-PKG] [DEBUG] 🤖 [MS3-PKG] [DEBUG] 🤖 [MS3-PKG] [DEBUG] 🤖 [MS3-PKG] [DEBUG] 🤖 [MS3-PKG] [DEBUG] 🤖 [MS3-PKG] [DEBUG] 🤖 [MS3-PKG] [DEBUG] 🤖 [MS3-PKG] [DEBUG] 🤖 [MS3-PKG] [DEBUG] ✅ [analyzeJoiSchema] Processing object schema with 3 keys
🤖 [MS3-PKG] [DEBUG] 🤖 [MS3-PKG] [DEBUG] 🤖 [MS3-PKG] [DEBUG] 🤖 [MS3-PKG] [DEBUG] 🤖 [MS3-PKG] [DEBUG] 🤖 [MS3-PKG] [DEBUG] 🤖 [MS3-PKG] [DEBUG] 🤖 [MS3-PKG] [DEBUG] 🤖 [MS3-PKG] [DEBUG] 🤖 [MS3-PKG] [DEBUG] 🤖 [MS3-PKG] [DEBUG] 🤖 [MS3-PKG] [DEBUG] 🤖 [MS3-PKG] [DEBUG] 🤖 [MS3-PKG] [DEBUG] 🔑 [analyzeJoiSchema] Processing field: privateKey
🤖 [MS3-PKG] [DEBUG] 🤖 [MS3-PKG] [DEBUG] 🤖 [MS3-PKG] [DEBUG] 🤖 [MS3-PKG] [DEBUG] 🤖 [MS3-PKG] [DEBUG] 🤖 [MS3-PKG] [DEBUG] 🤖 [MS3-PKG] [DEBUG] 🤖 [MS3-PKG] [DEBUG] 🤖 [MS3-PKG] [DEBUG] 🤖 [MS3-PKG] [DEBUG] 🤖 [MS3-PKG] [DEBUG] 🤖 [MS3-PKG] [DEBUG] 🤖 [MS3-PKG] [DEBUG] 🤖 [MS3-PKG] [DEBUG] 📝 [analyzeJoiSchema] Field description: {
  type: [32m&apos;string&apos;[39m,
  flags: {
    presence: [32m&apos;required&apos;[39m,
    description: [32m&apos;Private key for wallet (generates random if not provided)&apos;[39m
  },
  rules: [ { name: [32m&apos;pattern&apos;[39m, args: [36m[Object][39m } ]
}
🤖 [MS3-PKG] [DEBUG] 🤖 [MS3-PKG] [DEBUG] 🤖 [MS3-PKG] [DEBUG] 🤖 [MS3-PKG] [DEBUG] 🤖 [MS3-PKG] [DEBUG] 🤖 [MS3-PKG] [DEBUG] 🤖 [MS3-PKG] [DEBUG] 🤖 [MS3-PKG] [DEBUG] 🤖 [MS3-PKG] [DEBUG] 🤖 [MS3-PKG] [DEBUG] 🤖 [MS3-PKG] [DEBUG] 🤖 [MS3-PKG] [DEBUG] 🤖 [MS3-PKG] [DEBUG] 🤖 [MS3-PKG] [DEBUG] 📊 [analyzeJoiSchema] Field privateKey: type=string, required=true, message=&quot;Private key for wallet (generates random if not provided)&quot;
🤖 [MS3-PKG] [DEBUG] 🤖 [MS3-PKG] [DEBUG] 🤖 [MS3-PKG] [DEBUG] 🤖 [MS3-PKG] [DEBUG] 🤖 [MS3-PKG] [DEBUG] 🤖 [MS3-PKG] [DEBUG] 🤖 [MS3-PKG] [DEBUG] 🤖 [MS3-PKG] [DEBUG] 🤖 [MS3-PKG] [DEBUG] 🤖 [MS3-PKG] [DEBUG] 🤖 [MS3-PKG] [DEBUG] 🤖 [MS3-PKG] [DEBUG] 🤖 [MS3-PKG] [DEBUG] 🤖 [MS3-PKG] [DEBUG] 🔑 [analyzeJoiSchema] Processing field: provider
🤖 [MS3-PKG] [DEBUG] 🤖 [MS3-PKG] [DEBUG] 🤖 [MS3-PKG] [DEBUG] 🤖 [MS3-PKG] [DEBUG] 🤖 [MS3-PKG] [DEBUG] 🤖 [MS3-PKG] [DEBUG] 🤖 [MS3-PKG] [DEBUG] 🤖 [MS3-PKG] [DEBUG] 🤖 [MS3-PKG] [DEBUG] 🤖 [MS3-PKG] [DEBUG] 🤖 [MS3-PKG] [DEBUG] 🤖 [MS3-PKG] [DEBUG] 🤖 [MS3-PKG] [DEBUG] 🤖 [MS3-PKG] [DEBUG] 📝 [analyzeJoiSchema] Field description: {
  type: [32m&apos;object&apos;[39m,
  flags: {
    presence: [32m&apos;optional&apos;[39m,
    description: [32m&apos;Optional provider configuration&apos;[39m
  },
  keys: {
    name: { type: [32m&apos;string&apos;[39m, flags: [36m[Object][39m },
    chainId: { type: [32m&apos;string&apos;[39m, flags: [36m[Object][39m, rules: [36m[Array][39m },
    rpcUrls: { type: [32m&apos;array&apos;[39m, flags: [36m[Object][39m, rules: [36m[Array][39m, items: [36m[Array][39m },
    displayName: { type: [32m&apos;string&apos;[39m, flags: [36m[Object][39m }
  }
}
🤖 [MS3-PKG] [DEBUG] 🤖 [MS3-PKG] [DEBUG] 🤖 [MS3-PKG] [DEBUG] 🤖 [MS3-PKG] [DEBUG] 🤖 [MS3-PKG] [DEBUG] 🤖 [MS3-PKG] [DEBUG] 🤖 [MS3-PKG] [DEBUG] 🤖 [MS3-PKG] [DEBUG] 🤖 [MS3-PKG] [DEBUG] 🤖 [MS3-PKG] [DEBUG] 🤖 [MS3-PKG] [DEBUG] 🤖 [MS3-PKG] [DEBUG] 🤖 [MS3-PKG] [DEBUG] 🤖 [MS3-PKG] [DEBUG] 📊 [analyzeJoiSchema] Field provider: type=object, required=false, message=&quot;Optional provider configuration&quot;
🤖 [MS3-PKG] [DEBUG] 🤖 [MS3-PKG] [DEBUG] 🤖 [MS3-PKG] [DEBUG] 🤖 [MS3-PKG] [DEBUG] 🤖 [MS3-PKG] [DEBUG] 🤖 [MS3-PKG] [DEBUG] 🤖 [MS3-PKG] [DEBUG] 🤖 [MS3-PKG] [DEBUG] 🤖 [MS3-PKG] [DEBUG] 🤖 [MS3-PKG] [DEBUG] 🤖 [MS3-PKG] [DEBUG] 🤖 [MS3-PKG] [DEBUG] 🤖 [MS3-PKG] [DEBUG] 🤖 [MS3-PKG] [DEBUG] 🔄 [analyzeJoiSchema] Recursing into nested object: provider
🤖 [MS3-PKG] [DEBUG] 🤖 [MS3-PKG] [DEBUG] 🤖 [MS3-PKG] [DEBUG] 🤖 [MS3-PKG] [DEBUG] 🤖 [MS3-PKG] [DEBUG] 🤖 [MS3-PKG] [DEBUG] 🤖 [MS3-PKG] [DEBUG] 🤖 [MS3-PKG] [DEBUG] 🤖 [MS3-PKG] [DEBUG] 🤖 [MS3-PKG] [DEBUG] 🤖 [MS3-PKG] [DEBUG] 🤖 [MS3-PKG] [DEBUG] 🤖 [MS3-PKG] [DEBUG] 🤖 [MS3-PKG] [DEBUG] 🔑 [analyzeJoiSchema] Processing field: multiChainRpcs
🤖 [MS3-PKG] [DEBUG] 🤖 [MS3-PKG] [DEBUG] 🤖 [MS3-PKG] [DEBUG] 🤖 [MS3-PKG] [DEBUG] 🤖 [MS3-PKG] [DEBUG] 🤖 [MS3-PKG] [DEBUG] 🤖 [MS3-PKG] [DEBUG] 🤖 [MS3-PKG] [DEBUG] 🤖 [MS3-PKG] [DEBUG] 🤖 [MS3-PKG] [DEBUG] 🤖 [MS3-PKG] [DEBUG] 🤖 [MS3-PKG] [DEBUG] 🤖 [MS3-PKG] [DEBUG] 🤖 [MS3-PKG] [DEBUG] 📝 [analyzeJoiSchema] Field description: {
  type: [32m&apos;object&apos;[39m,
  flags: {
    presence: [32m&apos;optional&apos;[39m,
    description: [32m&apos;Multi-chain RPC configuration - maps chain IDs to RPC URL arrays&apos;[39m
  },
  patterns: [ { schema: [36m[Object][39m, rule: [36m[Object][39m } ]
}
🤖 [MS3-PKG] [DEBUG] 🤖 [MS3-PKG] [DEBUG] 🤖 [MS3-PKG] [DEBUG] 🤖 [MS3-PKG] [DEBUG] 🤖 [MS3-PKG] [DEBUG] 🤖 [MS3-PKG] [DEBUG] 🤖 [MS3-PKG] [DEBUG] 🤖 [MS3-PKG] [DEBUG] 🤖 [MS3-PKG] [DEBUG] 🤖 [MS3-PKG] [DEBUG] 🤖 [MS3-PKG] [DEBUG] 🤖 [MS3-PKG] [DEBUG] 🤖 [MS3-PKG] [DEBUG] 🤖 [MS3-PKG] [DEBUG] 📊 [analyzeJoiSchema] Field multiChainRpcs: type=object, required=false, message=&quot;Multi-chain RPC configuration - maps chain IDs to RPC URL arrays&quot;
🤖 [MS3-PKG] [INFO] 🤖 [MS3-PKG] [INFO] 🤖 [MS3-PKG] [INFO] 🤖 [MS3-PKG] [INFO] 🤖 [MS3-PKG] [INFO] 🤖 [MS3-PKG] [INFO] 🤖 [MS3-PKG] [INFO] 🤖 [MS3-PKG] [INFO] 🤖 [MS3-PKG] [INFO] 🤖 [MS3-PKG] [INFO] 🤖 [MS3-PKG] [INFO] 🤖 [MS3-PKG] [INFO] 🤖 [MS3-PKG] [INFO] 🤖 [MS3-PKG] [INFO] 📊 [analyzeJoiSchema] Generated 7 requirements for options
🤖 [MS3-PKG] [DEBUG] 🤖 [MS3-PKG] [DEBUG] 🤖 [MS3-PKG] [DEBUG] 🤖 [MS3-PKG] [DEBUG] 🤖 [MS3-PKG] [DEBUG] 🤖 [MS3-PKG] [DEBUG] 🤖 [MS3-PKG] [DEBUG] 🤖 [MS3-PKG] [DEBUG] 🤖 [MS3-PKG] [DEBUG] 🤖 [MS3-PKG] [DEBUG] 🤖 [MS3-PKG] [DEBUG] 🤖 [MS3-PKG] [DEBUG] 🤖 [MS3-PKG] [DEBUG] 🤖 [MS3-PKG] [DEBUG] 🔍 [getRequirements] Starting analysis for bulk-test-0
🤖 [MS3-PKG] [DEBUG] 🤖 [MS3-PKG] [DEBUG] 🤖 [MS3-PKG] [DEBUG] 🤖 [MS3-PKG] [DEBUG] 🤖 [MS3-PKG] [DEBUG] 🤖 [MS3-PKG] [DEBUG] 🤖 [MS3-PKG] [DEBUG] 🤖 [MS3-PKG] [DEBUG] 🤖 [MS3-PKG] [DEBUG] 🤖 [MS3-PKG] [DEBUG] 🤖 [MS3-PKG] [DEBUG] 🤖 [MS3-PKG] [DEBUG] 🤖 [MS3-PKG] [DEBUG] 🤖 [MS3-PKG] [DEBUG] 🔬 [analyzeJoiSchema] Analyzing schema at path: options
🤖 [MS3-PKG] [DEBUG] 🤖 [MS3-PKG] [DEBUG] 🤖 [MS3-PKG] [DEBUG] 🤖 [MS3-PKG] [DEBUG] 🤖 [MS3-PKG] [DEBUG] 🤖 [MS3-PKG] [DEBUG] 🤖 [MS3-PKG] [DEBUG] 🤖 [MS3-PKG] [DEBUG] 🤖 [MS3-PKG] [DEBUG] 🤖 [MS3-PKG] [DEBUG] 🤖 [MS3-PKG] [DEBUG] 🤖 [MS3-PKG] [DEBUG] 🤖 [MS3-PKG] [DEBUG] 🤖 [MS3-PKG] [DEBUG] 📋 [analyzeJoiSchema] Schema description type: object
🤖 [MS3-PKG] [DEBUG] 🤖 [MS3-PKG] [DEBUG] 🤖 [MS3-PKG] [DEBUG] 🤖 [MS3-PKG] [DEBUG] 🤖 [MS3-PKG] [DEBUG] 🤖 [MS3-PKG] [DEBUG] 🤖 [MS3-PKG] [DEBUG] 🤖 [MS3-PKG] [DEBUG] 🤖 [MS3-PKG] [DEBUG] 🤖 [MS3-PKG] [DEBUG] 🤖 [MS3-PKG] [DEBUG] 🤖 [MS3-PKG] [DEBUG] 🤖 [MS3-PKG] [DEBUG] 🤖 [MS3-PKG] [DEBUG] 📋 [analyzeJoiSchema] Schema keys: [ [32m&apos;web3authConfig&apos;[39m, [32m&apos;multiChainRpcs&apos;[39m ]
🤖 [MS3-PKG] [DEBUG] 🤖 [MS3-PKG] [DEBUG] 🤖 [MS3-PKG] [DEBUG] 🤖 [MS3-PKG] [DEBUG] 🤖 [MS3-PKG] [DEBUG] 🤖 [MS3-PKG] [DEBUG] 🤖 [MS3-PKG] [DEBUG] 🤖 [MS3-PKG] [DEBUG] 🤖 [MS3-PKG] [DEBUG] 🤖 [MS3-PKG] [DEBUG] 🤖 [MS3-PKG] [DEBUG] 🤖 [MS3-PKG] [DEBUG] 🤖 [MS3-PKG] [DEBUG] 🤖 [MS3-PKG] [DEBUG] ✅ [analyzeJoiSchema] Processing object schema with 2 keys
🤖 [MS3-PKG] [DEBUG] 🤖 [MS3-PKG] [DEBUG] 🤖 [MS3-PKG] [DEBUG] 🤖 [MS3-PKG] [DEBUG] 🤖 [MS3-PKG] [DEBUG] 🤖 [MS3-PKG] [DEBUG] 🤖 [MS3-PKG] [DEBUG] 🤖 [MS3-PKG] [DEBUG] 🤖 [MS3-PKG] [DEBUG] 🤖 [MS3-PKG] [DEBUG] 🤖 [MS3-PKG] [DEBUG] 🤖 [MS3-PKG] [DEBUG] 🤖 [MS3-PKG] [DEBUG] 🤖 [MS3-PKG] [DEBUG] 🔑 [analyzeJoiSchema] Processing field: web3authConfig
🤖 [MS3-PKG] [DEBUG] 🤖 [MS3-PKG] [DEBUG] 🤖 [MS3-PKG] [DEBUG] 🤖 [MS3-PKG] [DEBUG] 🤖 [MS3-PKG] [DEBUG] 🤖 [MS3-PKG] [DEBUG] 🤖 [MS3-PKG] [DEBUG] 🤖 [MS3-PKG] [DEBUG] 🤖 [MS3-PKG] [DEBUG] 🤖 [MS3-PKG] [DEBUG] 🤖 [MS3-PKG] [DEBUG] 🤖 [MS3-PKG] [DEBUG] 🤖 [MS3-PKG] [DEBUG] 🤖 [MS3-PKG] [DEBUG] 📝 [analyzeJoiSchema] Field description: {
  type: [32m&apos;object&apos;[39m,
  flags: {
    presence: [32m&apos;required&apos;[39m,
    description: [32m&apos;Web3Auth configuration object&apos;[39m
  },
  keys: {
    clientId: { type: [32m&apos;string&apos;[39m, flags: [36m[Object][39m },
    web3AuthNetwork: { type: [32m&apos;string&apos;[39m, flags: [36m[Object][39m, allow: [36m[Array][39m },
    chainConfig: { type: [32m&apos;object&apos;[39m, flags: [36m[Object][39m, keys: [36m[Object][39m },
    loginConfig: { type: [32m&apos;object&apos;[39m, flags: [36m[Object][39m },
    privateKeyProvider: { type: [32m&apos;any&apos;[39m, flags: [36m[Object][39m }
  }
}
🤖 [MS3-PKG] [DEBUG] 🤖 [MS3-PKG] [DEBUG] 🤖 [MS3-PKG] [DEBUG] 🤖 [MS3-PKG] [DEBUG] 🤖 [MS3-PKG] [DEBUG] 🤖 [MS3-PKG] [DEBUG] 🤖 [MS3-PKG] [DEBUG] 🤖 [MS3-PKG] [DEBUG] 🤖 [MS3-PKG] [DEBUG] 🤖 [MS3-PKG] [DEBUG] 🤖 [MS3-PKG] [DEBUG] 🤖 [MS3-PKG] [DEBUG] 🤖 [MS3-PKG] [DEBUG] 🤖 [MS3-PKG] [DEBUG] 📊 [analyzeJoiSchema] Field web3authConfig: type=object, required=true, message=&quot;Web3Auth configuration object&quot;
🤖 [MS3-PKG] [DEBUG] 🤖 [MS3-PKG] [DEBUG] 🤖 [MS3-PKG] [DEBUG] 🤖 [MS3-PKG] [DEBUG] 🤖 [MS3-PKG] [DEBUG] 🤖 [MS3-PKG] [DEBUG] 🤖 [MS3-PKG] [DEBUG] 🤖 [MS3-PKG] [DEBUG] 🤖 [MS3-PKG] [DEBUG] 🤖 [MS3-PKG] [DEBUG] 🤖 [MS3-PKG] [DEBUG] 🤖 [MS3-PKG] [DEBUG] 🤖 [MS3-PKG] [DEBUG] 🤖 [MS3-PKG] [DEBUG] 🔄 [analyzeJoiSchema] Recursing into nested object: web3authConfig
🤖 [MS3-PKG] [DEBUG] 🤖 [MS3-PKG] [DEBUG] 🤖 [MS3-PKG] [DEBUG] 🤖 [MS3-PKG] [DEBUG] 🤖 [MS3-PKG] [DEBUG] 🤖 [MS3-PKG] [DEBUG] 🤖 [MS3-PKG] [DEBUG] 🤖 [MS3-PKG] [DEBUG] 🤖 [MS3-PKG] [DEBUG] 🤖 [MS3-PKG] [DEBUG] 🤖 [MS3-PKG] [DEBUG] 🤖 [MS3-PKG] [DEBUG] 🤖 [MS3-PKG] [DEBUG] 🤖 [MS3-PKG] [DEBUG] 🔑 [analyzeJoiSchema] Processing field: multiChainRpcs
🤖 [MS3-PKG] [DEBUG] 🤖 [MS3-PKG] [DEBUG] 🤖 [MS3-PKG] [DEBUG] 🤖 [MS3-PKG] [DEBUG] 🤖 [MS3-PKG] [DEBUG] 🤖 [MS3-PKG] [DEBUG] 🤖 [MS3-PKG] [DEBUG] 🤖 [MS3-PKG] [DEBUG] 🤖 [MS3-PKG] [DEBUG] 🤖 [MS3-PKG] [DEBUG] 🤖 [MS3-PKG] [DEBUG] 🤖 [MS3-PKG] [DEBUG] 🤖 [MS3-PKG] [DEBUG] 🤖 [MS3-PKG] [DEBUG] 📝 [analyzeJoiSchema] Field description: {
  type: [32m&apos;object&apos;[39m,
  flags: {
    presence: [32m&apos;optional&apos;[39m,
    description: [32m&apos;Multi-chain RPC configuration - maps chain IDs to RPC URL arrays&apos;[39m
  },
  patterns: [ { schema: [36m[Object][39m, rule: [36m[Object][39m } ]
}
🤖 [MS3-PKG] [DEBUG] 🤖 [MS3-PKG] [DEBUG] 🤖 [MS3-PKG] [DEBUG] 🤖 [MS3-PKG] [DEBUG] 🤖 [MS3-PKG] [DEBUG] 🤖 [MS3-PKG] [DEBUG] 🤖 [MS3-PKG] [DEBUG] 🤖 [MS3-PKG] [DEBUG] 🤖 [MS3-PKG] [DEBUG] 🤖 [MS3-PKG] [DEBUG] 🤖 [MS3-PKG] [DEBUG] 🤖 [MS3-PKG] [DEBUG] 🤖 [MS3-PKG] [DEBUG] 🤖 [MS3-PKG] [DEBUG] 📊 [analyzeJoiSchema] Field multiChainRpcs: type=object, required=false, message=&quot;Multi-chain RPC configuration - maps chain IDs to RPC URL arrays&quot;
🤖 [MS3-PKG] [INFO] 🤖 [MS3-PKG] [INFO] 🤖 [MS3-PKG] [INFO] 🤖 [MS3-PKG] [INFO] 🤖 [MS3-PKG] [INFO] 🤖 [MS3-PKG] [INFO] 🤖 [MS3-PKG] [INFO] 🤖 [MS3-PKG] [INFO] 🤖 [MS3-PKG] [INFO] 🤖 [MS3-PKG] [INFO] 🤖 [MS3-PKG] [INFO] 🤖 [MS3-PKG] [INFO] 🤖 [MS3-PKG] [INFO] 🤖 [MS3-PKG] [INFO] 📊 [analyzeJoiSchema] Generated 14 requirements for options
🤖 [MS3-PKG] [DEBUG] 🤖 [MS3-PKG] [DEBUG] 🤖 [MS3-PKG] [DEBUG] 🤖 [MS3-PKG] [DEBUG] 🤖 [MS3-PKG] [DEBUG] 🤖 [MS3-PKG] [DEBUG] 🤖 [MS3-PKG] [DEBUG] 🤖 [MS3-PKG] [DEBUG] 🤖 [MS3-PKG] [DEBUG] 🤖 [MS3-PKG] [DEBUG] 🤖 [MS3-PKG] [DEBUG] 🤖 [MS3-PKG] [DEBUG] 🤖 [MS3-PKG] [DEBUG] 🤖 [MS3-PKG] [DEBUG] 🔍 [getRequirements] Starting analysis for bulk-test-1
🤖 [MS3-PKG] [DEBUG] 🤖 [MS3-PKG] [DEBUG] 🤖 [MS3-PKG] [DEBUG] 🤖 [MS3-PKG] [DEBUG] 🤖 [MS3-PKG] [DEBUG] 🤖 [MS3-PKG] [DEBUG] 🤖 [MS3-PKG] [DEBUG] 🤖 [MS3-PKG] [DEBUG] 🤖 [MS3-PKG] [DEBUG] 🤖 [MS3-PKG] [DEBUG] 🤖 [MS3-PKG] [DEBUG] 🤖 [MS3-PKG] [DEBUG] 🤖 [MS3-PKG] [DEBUG] 🤖 [MS3-PKG] [DEBUG] 🔬 [analyzeJoiSchema] Analyzing schema at path: options
🤖 [MS3-PKG] [DEBUG] 🤖 [MS3-PKG] [DEBUG] 🤖 [MS3-PKG] [DEBUG] 🤖 [MS3-PKG] [DEBUG] 🤖 [MS3-PKG] [DEBUG] 🤖 [MS3-PKG] [DEBUG] 🤖 [MS3-PKG] [DEBUG] 🤖 [MS3-PKG] [DEBUG] 🤖 [MS3-PKG] [DEBUG] 🤖 [MS3-PKG] [DEBUG] 🤖 [MS3-PKG] [DEBUG] 🤖 [MS3-PKG] [DEBUG] 🤖 [MS3-PKG] [DEBUG] 🤖 [MS3-PKG] [DEBUG] 📋 [analyzeJoiSchema] Schema description type: object
🤖 [MS3-PKG] [DEBUG] 🤖 [MS3-PKG] [DEBUG] 🤖 [MS3-PKG] [DEBUG] 🤖 [MS3-PKG] [DEBUG] 🤖 [MS3-PKG] [DEBUG] 🤖 [MS3-PKG] [DEBUG] 🤖 [MS3-PKG] [DEBUG] 🤖 [MS3-PKG] [DEBUG] 🤖 [MS3-PKG] [DEBUG] 🤖 [MS3-PKG] [DEBUG] 🤖 [MS3-PKG] [DEBUG] 🤖 [MS3-PKG] [DEBUG] 🤖 [MS3-PKG] [DEBUG] 🤖 [MS3-PKG] [DEBUG] 📋 [analyzeJoiSchema] Schema keys: [ [32m&apos;privateKey&apos;[39m, [32m&apos;provider&apos;[39m, [32m&apos;multiChainRpcs&apos;[39m ]
🤖 [MS3-PKG] [DEBUG] 🤖 [MS3-PKG] [DEBUG] 🤖 [MS3-PKG] [DEBUG] 🤖 [MS3-PKG] [DEBUG] 🤖 [MS3-PKG] [DEBUG] 🤖 [MS3-PKG] [DEBUG] 🤖 [MS3-PKG] [DEBUG] 🤖 [MS3-PKG] [DEBUG] 🤖 [MS3-PKG] [DEBUG] 🤖 [MS3-PKG] [DEBUG] 🤖 [MS3-PKG] [DEBUG] 🤖 [MS3-PKG] [DEBUG] 🤖 [MS3-PKG] [DEBUG] 🤖 [MS3-PKG] [DEBUG] ✅ [analyzeJoiSchema] Processing object schema with 3 keys
🤖 [MS3-PKG] [DEBUG] 🤖 [MS3-PKG] [DEBUG] 🤖 [MS3-PKG] [DEBUG] 🤖 [MS3-PKG] [DEBUG] 🤖 [MS3-PKG] [DEBUG] 🤖 [MS3-PKG] [DEBUG] 🤖 [MS3-PKG] [DEBUG] 🤖 [MS3-PKG] [DEBUG] 🤖 [MS3-PKG] [DEBUG] 🤖 [MS3-PKG] [DEBUG] 🤖 [MS3-PKG] [DEBUG] 🤖 [MS3-PKG] [DEBUG] 🤖 [MS3-PKG] [DEBUG] 🤖 [MS3-PKG] [DEBUG] 🔑 [analyzeJoiSchema] Processing field: privateKey
🤖 [MS3-PKG] [DEBUG] 🤖 [MS3-PKG] [DEBUG] 🤖 [MS3-PKG] [DEBUG] 🤖 [MS3-PKG] [DEBUG] 🤖 [MS3-PKG] [DEBUG] 🤖 [MS3-PKG] [DEBUG] 🤖 [MS3-PKG] [DEBUG] 🤖 [MS3-PKG] [DEBUG] 🤖 [MS3-PKG] [DEBUG] 🤖 [MS3-PKG] [DEBUG] 🤖 [MS3-PKG] [DEBUG] 🤖 [MS3-PKG] [DEBUG] 🤖 [MS3-PKG] [DEBUG] 🤖 [MS3-PKG] [DEBUG] 📝 [analyzeJoiSchema] Field description: {
  type: [32m&apos;string&apos;[39m,
  flags: {
    presence: [32m&apos;required&apos;[39m,
    description: [32m&apos;Private key for wallet (generates random if not provided)&apos;[39m
  },
  rules: [ { name: [32m&apos;pattern&apos;[39m, args: [36m[Object][39m } ]
}
🤖 [MS3-PKG] [DEBUG] 🤖 [MS3-PKG] [DEBUG] 🤖 [MS3-PKG] [DEBUG] 🤖 [MS3-PKG] [DEBUG] 🤖 [MS3-PKG] [DEBUG] 🤖 [MS3-PKG] [DEBUG] 🤖 [MS3-PKG] [DEBUG] 🤖 [MS3-PKG] [DEBUG] 🤖 [MS3-PKG] [DEBUG] 🤖 [MS3-PKG] [DEBUG] 🤖 [MS3-PKG] [DEBUG] 🤖 [MS3-PKG] [DEBUG] 🤖 [MS3-PKG] [DEBUG] 🤖 [MS3-PKG] [DEBUG] 📊 [analyzeJoiSchema] Field privateKey: type=string, required=true, message=&quot;Private key for wallet (generates random if not provided)&quot;
🤖 [MS3-PKG] [DEBUG] 🤖 [MS3-PKG] [DEBUG] 🤖 [MS3-PKG] [DEBUG] 🤖 [MS3-PKG] [DEBUG] 🤖 [MS3-PKG] [DEBUG] 🤖 [MS3-PKG] [DEBUG] 🤖 [MS3-PKG] [DEBUG] 🤖 [MS3-PKG] [DEBUG] 🤖 [MS3-PKG] [DEBUG] 🤖 [MS3-PKG] [DEBUG] 🤖 [MS3-PKG] [DEBUG] 🤖 [MS3-PKG] [DEBUG] 🤖 [MS3-PKG] [DEBUG] 🤖 [MS3-PKG] [DEBUG] 🔑 [analyzeJoiSchema] Processing field: provider
🤖 [MS3-PKG] [DEBUG] 🤖 [MS3-PKG] [DEBUG] 🤖 [MS3-PKG] [DEBUG] 🤖 [MS3-PKG] [DEBUG] 🤖 [MS3-PKG] [DEBUG] 🤖 [MS3-PKG] [DEBUG] 🤖 [MS3-PKG] [DEBUG] 🤖 [MS3-PKG] [DEBUG] 🤖 [MS3-PKG] [DEBUG] 🤖 [MS3-PKG] [DEBUG] 🤖 [MS3-PKG] [DEBUG] 🤖 [MS3-PKG] [DEBUG] 🤖 [MS3-PKG] [DEBUG] 🤖 [MS3-PKG] [DEBUG] 📝 [analyzeJoiSchema] Field description: {
  type: [32m&apos;object&apos;[39m,
  flags: {
    presence: [32m&apos;optional&apos;[39m,
    description: [32m&apos;Optional provider configuration&apos;[39m
  },
  keys: {
    name: { type: [32m&apos;string&apos;[39m, flags: [36m[Object][39m },
    chainId: { type: [32m&apos;string&apos;[39m, flags: [36m[Object][39m, rules: [36m[Array][39m },
    rpcUrls: { type: [32m&apos;array&apos;[39m, flags: [36m[Object][39m, rules: [36m[Array][39m, items: [36m[Array][39m },
    displayName: { type: [32m&apos;string&apos;[39m, flags: [36m[Object][39m }
  }
}
🤖 [MS3-PKG] [DEBUG] 🤖 [MS3-PKG] [DEBUG] 🤖 [MS3-PKG] [DEBUG] 🤖 [MS3-PKG] [DEBUG] 🤖 [MS3-PKG] [DEBUG] 🤖 [MS3-PKG] [DEBUG] 🤖 [MS3-PKG] [DEBUG] 🤖 [MS3-PKG] [DEBUG] 🤖 [MS3-PKG] [DEBUG] 🤖 [MS3-PKG] [DEBUG] 🤖 [MS3-PKG] [DEBUG] 🤖 [MS3-PKG] [DEBUG] 🤖 [MS3-PKG] [DEBUG] 🤖 [MS3-PKG] [DEBUG] 📊 [analyzeJoiSchema] Field provider: type=object, required=false, message=&quot;Optional provider configuration&quot;
🤖 [MS3-PKG] [DEBUG] 🤖 [MS3-PKG] [DEBUG] 🤖 [MS3-PKG] [DEBUG] 🤖 [MS3-PKG] [DEBUG] 🤖 [MS3-PKG] [DEBUG] 🤖 [MS3-PKG] [DEBUG] 🤖 [MS3-PKG] [DEBUG] 🤖 [MS3-PKG] [DEBUG] 🤖 [MS3-PKG] [DEBUG] 🤖 [MS3-PKG] [DEBUG] 🤖 [MS3-PKG] [DEBUG] 🤖 [MS3-PKG] [DEBUG] 🤖 [MS3-PKG] [DEBUG] 🤖 [MS3-PKG] [DEBUG] 🔄 [analyzeJoiSchema] Recursing into nested object: provider
🤖 [MS3-PKG] [DEBUG] 🤖 [MS3-PKG] [DEBUG] 🤖 [MS3-PKG] [DEBUG] 🤖 [MS3-PKG] [DEBUG] 🤖 [MS3-PKG] [DEBUG] 🤖 [MS3-PKG] [DEBUG] 🤖 [MS3-PKG] [DEBUG] 🤖 [MS3-PKG] [DEBUG] 🤖 [MS3-PKG] [DEBUG] 🤖 [MS3-PKG] [DEBUG] 🤖 [MS3-PKG] [DEBUG] 🤖 [MS3-PKG] [DEBUG] 🤖 [MS3-PKG] [DEBUG] 🤖 [MS3-PKG] [DEBUG] 🔑 [analyzeJoiSchema] Processing field: multiChainRpcs
🤖 [MS3-PKG] [DEBUG] 🤖 [MS3-PKG] [DEBUG] 🤖 [MS3-PKG] [DEBUG] 🤖 [MS3-PKG] [DEBUG] 🤖 [MS3-PKG] [DEBUG] 🤖 [MS3-PKG] [DEBUG] 🤖 [MS3-PKG] [DEBUG] 🤖 [MS3-PKG] [DEBUG] 🤖 [MS3-PKG] [DEBUG] 🤖 [MS3-PKG] [DEBUG] 🤖 [MS3-PKG] [DEBUG] 🤖 [MS3-PKG] [DEBUG] 🤖 [MS3-PKG] [DEBUG] 🤖 [MS3-PKG] [DEBUG] 📝 [analyzeJoiSchema] Field description: {
  type: [32m&apos;object&apos;[39m,
  flags: {
    presence: [32m&apos;optional&apos;[39m,
    description: [32m&apos;Multi-chain RPC configuration - maps chain IDs to RPC URL arrays&apos;[39m
  },
  patterns: [ { schema: [36m[Object][39m, rule: [36m[Object][39m } ]
}
🤖 [MS3-PKG] [DEBUG] 🤖 [MS3-PKG] [DEBUG] 🤖 [MS3-PKG] [DEBUG] 🤖 [MS3-PKG] [DEBUG] 🤖 [MS3-PKG] [DEBUG] 🤖 [MS3-PKG] [DEBUG] 🤖 [MS3-PKG] [DEBUG] 🤖 [MS3-PKG] [DEBUG] 🤖 [MS3-PKG] [DEBUG] 🤖 [MS3-PKG] [DEBUG] 🤖 [MS3-PKG] [DEBUG] 🤖 [MS3-PKG] [DEBUG] 🤖 [MS3-PKG] [DEBUG] 🤖 [MS3-PKG] [DEBUG] 📊 [analyzeJoiSchema] Field multiChainRpcs: type=object, required=false, message=&quot;Multi-chain RPC configuration - maps chain IDs to RPC URL arrays&quot;
🤖 [MS3-PKG] [INFO] 🤖 [MS3-PKG] [INFO] 🤖 [MS3-PKG] [INFO] 🤖 [MS3-PKG] [INFO] 🤖 [MS3-PKG] [INFO] 🤖 [MS3-PKG] [INFO] 🤖 [MS3-PKG] [INFO] 🤖 [MS3-PKG] [INFO] 🤖 [MS3-PKG] [INFO] 🤖 [MS3-PKG] [INFO] 🤖 [MS3-PKG] [INFO] 🤖 [MS3-PKG] [INFO] 🤖 [MS3-PKG] [INFO] 🤖 [MS3-PKG] [INFO] 📊 [analyzeJoiSchema] Generated 7 requirements for options
🤖 [MS3-PKG] [DEBUG] 🤖 [MS3-PKG] [DEBUG] 🤖 [MS3-PKG] [DEBUG] 🤖 [MS3-PKG] [DEBUG] 🤖 [MS3-PKG] [DEBUG] 🤖 [MS3-PKG] [DEBUG] 🤖 [MS3-PKG] [DEBUG] 🤖 [MS3-PKG] [DEBUG] 🤖 [MS3-PKG] [DEBUG] 🤖 [MS3-PKG] [DEBUG] 🤖 [MS3-PKG] [DEBUG] 🤖 [MS3-PKG] [DEBUG] 🤖 [MS3-PKG] [DEBUG] 🤖 [MS3-PKG] [DEBUG] 🔍 [getRequirements] Starting analysis for bulk-test-1
🤖 [MS3-PKG] [DEBUG] 🤖 [MS3-PKG] [DEBUG] 🤖 [MS3-PKG] [DEBUG] 🤖 [MS3-PKG] [DEBUG] 🤖 [MS3-PKG] [DEBUG] 🤖 [MS3-PKG] [DEBUG] 🤖 [MS3-PKG] [DEBUG] 🤖 [MS3-PKG] [DEBUG] 🤖 [MS3-PKG] [DEBUG] 🤖 [MS3-PKG] [DEBUG] 🤖 [MS3-PKG] [DEBUG] 🤖 [MS3-PKG] [DEBUG] 🤖 [MS3-PKG] [DEBUG] 🤖 [MS3-PKG] [DEBUG] 🔬 [analyzeJoiSchema] Analyzing schema at path: options
🤖 [MS3-PKG] [DEBUG] 🤖 [MS3-PKG] [DEBUG] 🤖 [MS3-PKG] [DEBUG] 🤖 [MS3-PKG] [DEBUG] 🤖 [MS3-PKG] [DEBUG] 🤖 [MS3-PKG] [DEBUG] 🤖 [MS3-PKG] [DEBUG] 🤖 [MS3-PKG] [DEBUG] 🤖 [MS3-PKG] [DEBUG] 🤖 [MS3-PKG] [DEBUG] 🤖 [MS3-PKG] [DEBUG] 🤖 [MS3-PKG] [DEBUG] 🤖 [MS3-PKG] [DEBUG] 🤖 [MS3-PKG] [DEBUG] 📋 [analyzeJoiSchema] Schema description type: object
🤖 [MS3-PKG] [DEBUG] 🤖 [MS3-PKG] [DEBUG] 🤖 [MS3-PKG] [DEBUG] 🤖 [MS3-PKG] [DEBUG] 🤖 [MS3-PKG] [DEBUG] 🤖 [MS3-PKG] [DEBUG] 🤖 [MS3-PKG] [DEBUG] 🤖 [MS3-PKG] [DEBUG] 🤖 [MS3-PKG] [DEBUG] 🤖 [MS3-PKG] [DEBUG] 🤖 [MS3-PKG] [DEBUG] 🤖 [MS3-PKG] [DEBUG] 🤖 [MS3-PKG] [DEBUG] 🤖 [MS3-PKG] [DEBUG] 📋 [analyzeJoiSchema] Schema keys: [ [32m&apos;web3authConfig&apos;[39m, [32m&apos;multiChainRpcs&apos;[39m ]
🤖 [MS3-PKG] [DEBUG] 🤖 [MS3-PKG] [DEBUG] 🤖 [MS3-PKG] [DEBUG] 🤖 [MS3-PKG] [DEBUG] 🤖 [MS3-PKG] [DEBUG] 🤖 [MS3-PKG] [DEBUG] 🤖 [MS3-PKG] [DEBUG] 🤖 [MS3-PKG] [DEBUG] 🤖 [MS3-PKG] [DEBUG] 🤖 [MS3-PKG] [DEBUG] 🤖 [MS3-PKG] [DEBUG] 🤖 [MS3-PKG] [DEBUG] 🤖 [MS3-PKG] [DEBUG] 🤖 [MS3-PKG] [DEBUG] ✅ [analyzeJoiSchema] Processing object schema with 2 keys
🤖 [MS3-PKG] [DEBUG] 🤖 [MS3-PKG] [DEBUG] 🤖 [MS3-PKG] [DEBUG] 🤖 [MS3-PKG] [DEBUG] 🤖 [MS3-PKG] [DEBUG] 🤖 [MS3-PKG] [DEBUG] 🤖 [MS3-PKG] [DEBUG] 🤖 [MS3-PKG] [DEBUG] 🤖 [MS3-PKG] [DEBUG] 🤖 [MS3-PKG] [DEBUG] 🤖 [MS3-PKG] [DEBUG] 🤖 [MS3-PKG] [DEBUG] 🤖 [MS3-PKG] [DEBUG] 🤖 [MS3-PKG] [DEBUG] 🔑 [analyzeJoiSchema] Processing field: web3authConfig
🤖 [MS3-PKG] [DEBUG] 🤖 [MS3-PKG] [DEBUG] 🤖 [MS3-PKG] [DEBUG] 🤖 [MS3-PKG] [DEBUG] 🤖 [MS3-PKG] [DEBUG] 🤖 [MS3-PKG] [DEBUG] 🤖 [MS3-PKG] [DEBUG] 🤖 [MS3-PKG] [DEBUG] 🤖 [MS3-PKG] [DEBUG] 🤖 [MS3-PKG] [DEBUG] 🤖 [MS3-PKG] [DEBUG] 🤖 [MS3-PKG] [DEBUG] 🤖 [MS3-PKG] [DEBUG] 🤖 [MS3-PKG] [DEBUG] 📝 [analyzeJoiSchema] Field description: {
  type: [32m&apos;object&apos;[39m,
  flags: {
    presence: [32m&apos;required&apos;[39m,
    description: [32m&apos;Web3Auth configuration object&apos;[39m
  },
  keys: {
    clientId: { type: [32m&apos;string&apos;[39m, flags: [36m[Object][39m },
    web3AuthNetwork: { type: [32m&apos;string&apos;[39m, flags: [36m[Object][39m, allow: [36m[Array][39m },
    chainConfig: { type: [32m&apos;object&apos;[39m, flags: [36m[Object][39m, keys: [36m[Object][39m },
    loginConfig: { type: [32m&apos;object&apos;[39m, flags: [36m[Object][39m },
    privateKeyProvider: { type: [32m&apos;any&apos;[39m, flags: [36m[Object][39m }
  }
}
🤖 [MS3-PKG] [DEBUG] 🤖 [MS3-PKG] [DEBUG] 🤖 [MS3-PKG] [DEBUG] 🤖 [MS3-PKG] [DEBUG] 🤖 [MS3-PKG] [DEBUG] 🤖 [MS3-PKG] [DEBUG] 🤖 [MS3-PKG] [DEBUG] 🤖 [MS3-PKG] [DEBUG] 🤖 [MS3-PKG] [DEBUG] 🤖 [MS3-PKG] [DEBUG] 🤖 [MS3-PKG] [DEBUG] 🤖 [MS3-PKG] [DEBUG] 🤖 [MS3-PKG] [DEBUG] 🤖 [MS3-PKG] [DEBUG] 📊 [analyzeJoiSchema] Field web3authConfig: type=object, required=true, message=&quot;Web3Auth configuration object&quot;
🤖 [MS3-PKG] [DEBUG] 🤖 [MS3-PKG] [DEBUG] 🤖 [MS3-PKG] [DEBUG] 🤖 [MS3-PKG] [DEBUG] 🤖 [MS3-PKG] [DEBUG] 🤖 [MS3-PKG] [DEBUG] 🤖 [MS3-PKG] [DEBUG] 🤖 [MS3-PKG] [DEBUG] 🤖 [MS3-PKG] [DEBUG] 🤖 [MS3-PKG] [DEBUG] 🤖 [MS3-PKG] [DEBUG] 🤖 [MS3-PKG] [DEBUG] 🤖 [MS3-PKG] [DEBUG] 🤖 [MS3-PKG] [DEBUG] 🔄 [analyzeJoiSchema] Recursing into nested object: web3authConfig
🤖 [MS3-PKG] [DEBUG] 🤖 [MS3-PKG] [DEBUG] 🤖 [MS3-PKG] [DEBUG] 🤖 [MS3-PKG] [DEBUG] 🤖 [MS3-PKG] [DEBUG] 🤖 [MS3-PKG] [DEBUG] 🤖 [MS3-PKG] [DEBUG] 🤖 [MS3-PKG] [DEBUG] 🤖 [MS3-PKG] [DEBUG] 🤖 [MS3-PKG] [DEBUG] 🤖 [MS3-PKG] [DEBUG] 🤖 [MS3-PKG] [DEBUG] 🤖 [MS3-PKG] [DEBUG] 🤖 [MS3-PKG] [DEBUG] 🔑 [analyzeJoiSchema] Processing field: multiChainRpcs
🤖 [MS3-PKG] [DEBUG] 🤖 [MS3-PKG] [DEBUG] 🤖 [MS3-PKG] [DEBUG] 🤖 [MS3-PKG] [DEBUG] 🤖 [MS3-PKG] [DEBUG] 🤖 [MS3-PKG] [DEBUG] 🤖 [MS3-PKG] [DEBUG] 🤖 [MS3-PKG] [DEBUG] 🤖 [MS3-PKG] [DEBUG] 🤖 [MS3-PKG] [DEBUG] 🤖 [MS3-PKG] [DEBUG] 🤖 [MS3-PKG] [DEBUG] 🤖 [MS3-PKG] [DEBUG] 🤖 [MS3-PKG] [DEBUG] 📝 [analyzeJoiSchema] Field description: {
  type: [32m&apos;object&apos;[39m,
  flags: {
    presence: [32m&apos;optional&apos;[39m,
    description: [32m&apos;Multi-chain RPC configuration - maps chain IDs to RPC URL arrays&apos;[39m
  },
  patterns: [ { schema: [36m[Object][39m, rule: [36m[Object][39m } ]
}
🤖 [MS3-PKG] [DEBUG] 🤖 [MS3-PKG] [DEBUG] 🤖 [MS3-PKG] [DEBUG] 🤖 [MS3-PKG] [DEBUG] 🤖 [MS3-PKG] [DEBUG] 🤖 [MS3-PKG] [DEBUG] 🤖 [MS3-PKG] [DEBUG] 🤖 [MS3-PKG] [DEBUG] 🤖 [MS3-PKG] [DEBUG] 🤖 [MS3-PKG] [DEBUG] 🤖 [MS3-PKG] [DEBUG] 🤖 [MS3-PKG] [DEBUG] 🤖 [MS3-PKG] [DEBUG] 🤖 [MS3-PKG] [DEBUG] 📊 [analyzeJoiSchema] Field multiChainRpcs: type=object, required=false, message=&quot;Multi-chain RPC configuration - maps chain IDs to RPC URL arrays&quot;
🤖 [MS3-PKG] [INFO] 🤖 [MS3-PKG] [INFO] 🤖 [MS3-PKG] [INFO] 🤖 [MS3-PKG] [INFO] 🤖 [MS3-PKG] [INFO] 🤖 [MS3-PKG] [INFO] 🤖 [MS3-PKG] [INFO] 🤖 [MS3-PKG] [INFO] 🤖 [MS3-PKG] [INFO] 🤖 [MS3-PKG] [INFO] 🤖 [MS3-PKG] [INFO] 🤖 [MS3-PKG] [INFO] 🤖 [MS3-PKG] [INFO] 🤖 [MS3-PKG] [INFO] 📊 [analyzeJoiSchema] Generated 14 requirements for options
🤖 [MS3-PKG] [DEBUG] 🤖 [MS3-PKG] [DEBUG] 🤖 [MS3-PKG] [DEBUG] 🤖 [MS3-PKG] [DEBUG] 🤖 [MS3-PKG] [DEBUG] 🤖 [MS3-PKG] [DEBUG] 🤖 [MS3-PKG] [DEBUG] 🤖 [MS3-PKG] [DEBUG] 🤖 [MS3-PKG] [DEBUG] 🤖 [MS3-PKG] [DEBUG] 🤖 [MS3-PKG] [DEBUG] 🤖 [MS3-PKG] [DEBUG] 🤖 [MS3-PKG] [DEBUG] 🤖 [MS3-PKG] [DEBUG] 🔍 [getRequirements] Starting analysis for bulk-test-2
🤖 [MS3-PKG] [DEBUG] 🤖 [MS3-PKG] [DEBUG] 🤖 [MS3-PKG] [DEBUG] 🤖 [MS3-PKG] [DEBUG] 🤖 [MS3-PKG] [DEBUG] 🤖 [MS3-PKG] [DEBUG] 🤖 [MS3-PKG] [DEBUG] 🤖 [MS3-PKG] [DEBUG] 🤖 [MS3-PKG] [DEBUG] 🤖 [MS3-PKG] [DEBUG] 🤖 [MS3-PKG] [DEBUG] 🤖 [MS3-PKG] [DEBUG] 🤖 [MS3-PKG] [DEBUG] 🤖 [MS3-PKG] [DEBUG] 🔬 [analyzeJoiSchema] Analyzing schema at path: options
🤖 [MS3-PKG] [DEBUG] 🤖 [MS3-PKG] [DEBUG] 🤖 [MS3-PKG] [DEBUG] 🤖 [MS3-PKG] [DEBUG] 🤖 [MS3-PKG] [DEBUG] 🤖 [MS3-PKG] [DEBUG] 🤖 [MS3-PKG] [DEBUG] 🤖 [MS3-PKG] [DEBUG] 🤖 [MS3-PKG] [DEBUG] 🤖 [MS3-PKG] [DEBUG] 🤖 [MS3-PKG] [DEBUG] 🤖 [MS3-PKG] [DEBUG] 🤖 [MS3-PKG] [DEBUG] 🤖 [MS3-PKG] [DEBUG] 📋 [analyzeJoiSchema] Schema description type: object
🤖 [MS3-PKG] [DEBUG] 🤖 [MS3-PKG] [DEBUG] 🤖 [MS3-PKG] [DEBUG] 🤖 [MS3-PKG] [DEBUG] 🤖 [MS3-PKG] [DEBUG] 🤖 [MS3-PKG] [DEBUG] 🤖 [MS3-PKG] [DEBUG] 🤖 [MS3-PKG] [DEBUG] 🤖 [MS3-PKG] [DEBUG] 🤖 [MS3-PKG] [DEBUG] 🤖 [MS3-PKG] [DEBUG] 🤖 [MS3-PKG] [DEBUG] 🤖 [MS3-PKG] [DEBUG] 🤖 [MS3-PKG] [DEBUG] 📋 [analyzeJoiSchema] Schema keys: [ [32m&apos;privateKey&apos;[39m, [32m&apos;provider&apos;[39m, [32m&apos;multiChainRpcs&apos;[39m ]
🤖 [MS3-PKG] [DEBUG] 🤖 [MS3-PKG] [DEBUG] 🤖 [MS3-PKG] [DEBUG] 🤖 [MS3-PKG] [DEBUG] 🤖 [MS3-PKG] [DEBUG] 🤖 [MS3-PKG] [DEBUG] 🤖 [MS3-PKG] [DEBUG] 🤖 [MS3-PKG] [DEBUG] 🤖 [MS3-PKG] [DEBUG] 🤖 [MS3-PKG] [DEBUG] 🤖 [MS3-PKG] [DEBUG] 🤖 [MS3-PKG] [DEBUG] 🤖 [MS3-PKG] [DEBUG] 🤖 [MS3-PKG] [DEBUG] ✅ [analyzeJoiSchema] Processing object schema with 3 keys
🤖 [MS3-PKG] [DEBUG] 🤖 [MS3-PKG] [DEBUG] 🤖 [MS3-PKG] [DEBUG] 🤖 [MS3-PKG] [DEBUG] 🤖 [MS3-PKG] [DEBUG] 🤖 [MS3-PKG] [DEBUG] 🤖 [MS3-PKG] [DEBUG] 🤖 [MS3-PKG] [DEBUG] 🤖 [MS3-PKG] [DEBUG] 🤖 [MS3-PKG] [DEBUG] 🤖 [MS3-PKG] [DEBUG] 🤖 [MS3-PKG] [DEBUG] 🤖 [MS3-PKG] [DEBUG] 🤖 [MS3-PKG] [DEBUG] 🔑 [analyzeJoiSchema] Processing field: privateKey
🤖 [MS3-PKG] [DEBUG] 🤖 [MS3-PKG] [DEBUG] 🤖 [MS3-PKG] [DEBUG] 🤖 [MS3-PKG] [DEBUG] 🤖 [MS3-PKG] [DEBUG] 🤖 [MS3-PKG] [DEBUG] 🤖 [MS3-PKG] [DEBUG] 🤖 [MS3-PKG] [DEBUG] 🤖 [MS3-PKG] [DEBUG] 🤖 [MS3-PKG] [DEBUG] 🤖 [MS3-PKG] [DEBUG] 🤖 [MS3-PKG] [DEBUG] 🤖 [MS3-PKG] [DEBUG] 🤖 [MS3-PKG] [DEBUG] 📝 [analyzeJoiSchema] Field description: {
  type: [32m&apos;string&apos;[39m,
  flags: {
    presence: [32m&apos;required&apos;[39m,
    description: [32m&apos;Private key for wallet (generates random if not provided)&apos;[39m
  },
  rules: [ { name: [32m&apos;pattern&apos;[39m, args: [36m[Object][39m } ]
}
🤖 [MS3-PKG] [DEBUG] 🤖 [MS3-PKG] [DEBUG] 🤖 [MS3-PKG] [DEBUG] 🤖 [MS3-PKG] [DEBUG] 🤖 [MS3-PKG] [DEBUG] 🤖 [MS3-PKG] [DEBUG] 🤖 [MS3-PKG] [DEBUG] 🤖 [MS3-PKG] [DEBUG] 🤖 [MS3-PKG] [DEBUG] 🤖 [MS3-PKG] [DEBUG] 🤖 [MS3-PKG] [DEBUG] 🤖 [MS3-PKG] [DEBUG] 🤖 [MS3-PKG] [DEBUG] 🤖 [MS3-PKG] [DEBUG] 📊 [analyzeJoiSchema] Field privateKey: type=string, required=true, message=&quot;Private key for wallet (generates random if not provided)&quot;
🤖 [MS3-PKG] [DEBUG] 🤖 [MS3-PKG] [DEBUG] 🤖 [MS3-PKG] [DEBUG] 🤖 [MS3-PKG] [DEBUG] 🤖 [MS3-PKG] [DEBUG] 🤖 [MS3-PKG] [DEBUG] 🤖 [MS3-PKG] [DEBUG] 🤖 [MS3-PKG] [DEBUG] 🤖 [MS3-PKG] [DEBUG] 🤖 [MS3-PKG] [DEBUG] 🤖 [MS3-PKG] [DEBUG] 🤖 [MS3-PKG] [DEBUG] 🤖 [MS3-PKG] [DEBUG] 🤖 [MS3-PKG] [DEBUG] 🔑 [analyzeJoiSchema] Processing field: provider
🤖 [MS3-PKG] [DEBUG] 🤖 [MS3-PKG] [DEBUG] 🤖 [MS3-PKG] [DEBUG] 🤖 [MS3-PKG] [DEBUG] 🤖 [MS3-PKG] [DEBUG] 🤖 [MS3-PKG] [DEBUG] 🤖 [MS3-PKG] [DEBUG] 🤖 [MS3-PKG] [DEBUG] 🤖 [MS3-PKG] [DEBUG] 🤖 [MS3-PKG] [DEBUG] 🤖 [MS3-PKG] [DEBUG] 🤖 [MS3-PKG] [DEBUG] 🤖 [MS3-PKG] [DEBUG] 🤖 [MS3-PKG] [DEBUG] 📝 [analyzeJoiSchema] Field description: {
  type: [32m&apos;object&apos;[39m,
  flags: {
    presence: [32m&apos;optional&apos;[39m,
    description: [32m&apos;Optional provider configuration&apos;[39m
  },
  keys: {
    name: { type: [32m&apos;string&apos;[39m, flags: [36m[Object][39m },
    chainId: { type: [32m&apos;string&apos;[39m, flags: [36m[Object][39m, rules: [36m[Array][39m },
    rpcUrls: { type: [32m&apos;array&apos;[39m, flags: [36m[Object][39m, rules: [36m[Array][39m, items: [36m[Array][39m },
    displayName: { type: [32m&apos;string&apos;[39m, flags: [36m[Object][39m }
  }
}
🤖 [MS3-PKG] [DEBUG] 🤖 [MS3-PKG] [DEBUG] 🤖 [MS3-PKG] [DEBUG] 🤖 [MS3-PKG] [DEBUG] 🤖 [MS3-PKG] [DEBUG] 🤖 [MS3-PKG] [DEBUG] 🤖 [MS3-PKG] [DEBUG] 🤖 [MS3-PKG] [DEBUG] 🤖 [MS3-PKG] [DEBUG] 🤖 [MS3-PKG] [DEBUG] 🤖 [MS3-PKG] [DEBUG] 🤖 [MS3-PKG] [DEBUG] 🤖 [MS3-PKG] [DEBUG] 🤖 [MS3-PKG] [DEBUG] 📊 [analyzeJoiSchema] Field provider: type=object, required=false, message=&quot;Optional provider configuration&quot;
🤖 [MS3-PKG] [DEBUG] 🤖 [MS3-PKG] [DEBUG] 🤖 [MS3-PKG] [DEBUG] 🤖 [MS3-PKG] [DEBUG] 🤖 [MS3-PKG] [DEBUG] 🤖 [MS3-PKG] [DEBUG] 🤖 [MS3-PKG] [DEBUG] 🤖 [MS3-PKG] [DEBUG] 🤖 [MS3-PKG] [DEBUG] 🤖 [MS3-PKG] [DEBUG] 🤖 [MS3-PKG] [DEBUG] 🤖 [MS3-PKG] [DEBUG] 🤖 [MS3-PKG] [DEBUG] 🤖 [MS3-PKG] [DEBUG] 🔄 [analyzeJoiSchema] Recursing into nested object: provider
🤖 [MS3-PKG] [DEBUG] 🤖 [MS3-PKG] [DEBUG] 🤖 [MS3-PKG] [DEBUG] 🤖 [MS3-PKG] [DEBUG] 🤖 [MS3-PKG] [DEBUG] 🤖 [MS3-PKG] [DEBUG] 🤖 [MS3-PKG] [DEBUG] 🤖 [MS3-PKG] [DEBUG] 🤖 [MS3-PKG] [DEBUG] 🤖 [MS3-PKG] [DEBUG] 🤖 [MS3-PKG] [DEBUG] 🤖 [MS3-PKG] [DEBUG] 🤖 [MS3-PKG] [DEBUG] 🤖 [MS3-PKG] [DEBUG] 🔑 [analyzeJoiSchema] Processing field: multiChainRpcs
🤖 [MS3-PKG] [DEBUG] 🤖 [MS3-PKG] [DEBUG] 🤖 [MS3-PKG] [DEBUG] 🤖 [MS3-PKG] [DEBUG] 🤖 [MS3-PKG] [DEBUG] 🤖 [MS3-PKG] [DEBUG] 🤖 [MS3-PKG] [DEBUG] 🤖 [MS3-PKG] [DEBUG] 🤖 [MS3-PKG] [DEBUG] 🤖 [MS3-PKG] [DEBUG] 🤖 [MS3-PKG] [DEBUG] 🤖 [MS3-PKG] [DEBUG] 🤖 [MS3-PKG] [DEBUG] 🤖 [MS3-PKG] [DEBUG] 📝 [analyzeJoiSchema] Field description: {
  type: [32m&apos;object&apos;[39m,
  flags: {
    presence: [32m&apos;optional&apos;[39m,
    description: [32m&apos;Multi-chain RPC configuration - maps chain IDs to RPC URL arrays&apos;[39m
  },
  patterns: [ { schema: [36m[Object][39m, rule: [36m[Object][39m } ]
}
🤖 [MS3-PKG] [DEBUG] 🤖 [MS3-PKG] [DEBUG] 🤖 [MS3-PKG] [DEBUG] 🤖 [MS3-PKG] [DEBUG] 🤖 [MS3-PKG] [DEBUG] 🤖 [MS3-PKG] [DEBUG] 🤖 [MS3-PKG] [DEBUG] 🤖 [MS3-PKG] [DEBUG] 🤖 [MS3-PKG] [DEBUG] 🤖 [MS3-PKG] [DEBUG] 🤖 [MS3-PKG] [DEBUG] 🤖 [MS3-PKG] [DEBUG] 🤖 [MS3-PKG] [DEBUG] 🤖 [MS3-PKG] [DEBUG] 📊 [analyzeJoiSchema] Field multiChainRpcs: type=object, required=false, message=&quot;Multi-chain RPC configuration - maps chain IDs to RPC URL arrays&quot;
🤖 [MS3-PKG] [INFO] 🤖 [MS3-PKG] [INFO] 🤖 [MS3-PKG] [INFO] 🤖 [MS3-PKG] [INFO] 🤖 [MS3-PKG] [INFO] 🤖 [MS3-PKG] [INFO] 🤖 [MS3-PKG] [INFO] 🤖 [MS3-PKG] [INFO] 🤖 [MS3-PKG] [INFO] 🤖 [MS3-PKG] [INFO] 🤖 [MS3-PKG] [INFO] 🤖 [MS3-PKG] [INFO] 🤖 [MS3-PKG] [INFO] 🤖 [MS3-PKG] [INFO] 📊 [analyzeJoiSchema] Generated 7 requirements for options
🤖 [MS3-PKG] [DEBUG] 🤖 [MS3-PKG] [DEBUG] 🤖 [MS3-PKG] [DEBUG] 🤖 [MS3-PKG] [DEBUG] 🤖 [MS3-PKG] [DEBUG] 🤖 [MS3-PKG] [DEBUG] 🤖 [MS3-PKG] [DEBUG] 🤖 [MS3-PKG] [DEBUG] 🤖 [MS3-PKG] [DEBUG] 🤖 [MS3-PKG] [DEBUG] 🤖 [MS3-PKG] [DEBUG] 🤖 [MS3-PKG] [DEBUG] 🤖 [MS3-PKG] [DEBUG] 🤖 [MS3-PKG] [DEBUG] 🔍 [getRequirements] Starting analysis for bulk-test-2
🤖 [MS3-PKG] [DEBUG] 🤖 [MS3-PKG] [DEBUG] 🤖 [MS3-PKG] [DEBUG] 🤖 [MS3-PKG] [DEBUG] 🤖 [MS3-PKG] [DEBUG] 🤖 [MS3-PKG] [DEBUG] 🤖 [MS3-PKG] [DEBUG] 🤖 [MS3-PKG] [DEBUG] 🤖 [MS3-PKG] [DEBUG] 🤖 [MS3-PKG] [DEBUG] 🤖 [MS3-PKG] [DEBUG] 🤖 [MS3-PKG] [DEBUG] 🤖 [MS3-PKG] [DEBUG] 🤖 [MS3-PKG] [DEBUG] 🔬 [analyzeJoiSchema] Analyzing schema at path: options
🤖 [MS3-PKG] [DEBUG] 🤖 [MS3-PKG] [DEBUG] 🤖 [MS3-PKG] [DEBUG] 🤖 [MS3-PKG] [DEBUG] 🤖 [MS3-PKG] [DEBUG] 🤖 [MS3-PKG] [DEBUG] 🤖 [MS3-PKG] [DEBUG] 🤖 [MS3-PKG] [DEBUG] 🤖 [MS3-PKG] [DEBUG] 🤖 [MS3-PKG] [DEBUG] 🤖 [MS3-PKG] [DEBUG] 🤖 [MS3-PKG] [DEBUG] 🤖 [MS3-PKG] [DEBUG] 🤖 [MS3-PKG] [DEBUG] 📋 [analyzeJoiSchema] Schema description type: object
🤖 [MS3-PKG] [DEBUG] 🤖 [MS3-PKG] [DEBUG] 🤖 [MS3-PKG] [DEBUG] 🤖 [MS3-PKG] [DEBUG] 🤖 [MS3-PKG] [DEBUG] 🤖 [MS3-PKG] [DEBUG] 🤖 [MS3-PKG] [DEBUG] 🤖 [MS3-PKG] [DEBUG] 🤖 [MS3-PKG] [DEBUG] 🤖 [MS3-PKG] [DEBUG] 🤖 [MS3-PKG] [DEBUG] 🤖 [MS3-PKG] [DEBUG] 🤖 [MS3-PKG] [DEBUG] 🤖 [MS3-PKG] [DEBUG] 📋 [analyzeJoiSchema] Schema keys: [ [32m&apos;web3authConfig&apos;[39m, [32m&apos;multiChainRpcs&apos;[39m ]
🤖 [MS3-PKG] [DEBUG] 🤖 [MS3-PKG] [DEBUG] 🤖 [MS3-PKG] [DEBUG] 🤖 [MS3-PKG] [DEBUG] 🤖 [MS3-PKG] [DEBUG] 🤖 [MS3-PKG] [DEBUG] 🤖 [MS3-PKG] [DEBUG] 🤖 [MS3-PKG] [DEBUG] 🤖 [MS3-PKG] [DEBUG] 🤖 [MS3-PKG] [DEBUG] 🤖 [MS3-PKG] [DEBUG] 🤖 [MS3-PKG] [DEBUG] 🤖 [MS3-PKG] [DEBUG] 🤖 [MS3-PKG] [DEBUG] ✅ [analyzeJoiSchema] Processing object schema with 2 keys
🤖 [MS3-PKG] [DEBUG] 🤖 [MS3-PKG] [DEBUG] 🤖 [MS3-PKG] [DEBUG] 🤖 [MS3-PKG] [DEBUG] 🤖 [MS3-PKG] [DEBUG] 🤖 [MS3-PKG] [DEBUG] 🤖 [MS3-PKG] [DEBUG] 🤖 [MS3-PKG] [DEBUG] 🤖 [MS3-PKG] [DEBUG] 🤖 [MS3-PKG] [DEBUG] 🤖 [MS3-PKG] [DEBUG] 🤖 [MS3-PKG] [DEBUG] 🤖 [MS3-PKG] [DEBUG] 🤖 [MS3-PKG] [DEBUG] 🔑 [analyzeJoiSchema] Processing field: web3authConfig
🤖 [MS3-PKG] [DEBUG] 🤖 [MS3-PKG] [DEBUG] 🤖 [MS3-PKG] [DEBUG] 🤖 [MS3-PKG] [DEBUG] 🤖 [MS3-PKG] [DEBUG] 🤖 [MS3-PKG] [DEBUG] 🤖 [MS3-PKG] [DEBUG] 🤖 [MS3-PKG] [DEBUG] 🤖 [MS3-PKG] [DEBUG] 🤖 [MS3-PKG] [DEBUG] 🤖 [MS3-PKG] [DEBUG] 🤖 [MS3-PKG] [DEBUG] 🤖 [MS3-PKG] [DEBUG] 🤖 [MS3-PKG] [DEBUG] 📝 [analyzeJoiSchema] Field description: {
  type: [32m&apos;object&apos;[39m,
  flags: {
    presence: [32m&apos;required&apos;[39m,
    description: [32m&apos;Web3Auth configuration object&apos;[39m
  },
  keys: {
    clientId: { type: [32m&apos;string&apos;[39m, flags: [36m[Object][39m },
    web3AuthNetwork: { type: [32m&apos;string&apos;[39m, flags: [36m[Object][39m, allow: [36m[Array][39m },
    chainConfig: { type: [32m&apos;object&apos;[39m, flags: [36m[Object][39m, keys: [36m[Object][39m },
    loginConfig: { type: [32m&apos;object&apos;[39m, flags: [36m[Object][39m },
    privateKeyProvider: { type: [32m&apos;any&apos;[39m, flags: [36m[Object][39m }
  }
}
🤖 [MS3-PKG] [DEBUG] 🤖 [MS3-PKG] [DEBUG] 🤖 [MS3-PKG] [DEBUG] 🤖 [MS3-PKG] [DEBUG] 🤖 [MS3-PKG] [DEBUG] 🤖 [MS3-PKG] [DEBUG] 🤖 [MS3-PKG] [DEBUG] 🤖 [MS3-PKG] [DEBUG] 🤖 [MS3-PKG] [DEBUG] 🤖 [MS3-PKG] [DEBUG] 🤖 [MS3-PKG] [DEBUG] 🤖 [MS3-PKG] [DEBUG] 🤖 [MS3-PKG] [DEBUG] 🤖 [MS3-PKG] [DEBUG] 📊 [analyzeJoiSchema] Field web3authConfig: type=object, required=true, message=&quot;Web3Auth configuration object&quot;
🤖 [MS3-PKG] [DEBUG] 🤖 [MS3-PKG] [DEBUG] 🤖 [MS3-PKG] [DEBUG] 🤖 [MS3-PKG] [DEBUG] 🤖 [MS3-PKG] [DEBUG] 🤖 [MS3-PKG] [DEBUG] 🤖 [MS3-PKG] [DEBUG] 🤖 [MS3-PKG] [DEBUG] 🤖 [MS3-PKG] [DEBUG] 🤖 [MS3-PKG] [DEBUG] 🤖 [MS3-PKG] [DEBUG] 🤖 [MS3-PKG] [DEBUG] 🤖 [MS3-PKG] [DEBUG] 🤖 [MS3-PKG] [DEBUG] 🔄 [analyzeJoiSchema] Recursing into nested object: web3authConfig
🤖 [MS3-PKG] [DEBUG] 🤖 [MS3-PKG] [DEBUG] 🤖 [MS3-PKG] [DEBUG] 🤖 [MS3-PKG] [DEBUG] 🤖 [MS3-PKG] [DEBUG] 🤖 [MS3-PKG] [DEBUG] 🤖 [MS3-PKG] [DEBUG] 🤖 [MS3-PKG] [DEBUG] 🤖 [MS3-PKG] [DEBUG] 🤖 [MS3-PKG] [DEBUG] 🤖 [MS3-PKG] [DEBUG] 🤖 [MS3-PKG] [DEBUG] 🤖 [MS3-PKG] [DEBUG] 🤖 [MS3-PKG] [DEBUG] 🔑 [analyzeJoiSchema] Processing field: multiChainRpcs
🤖 [MS3-PKG] [DEBUG] 🤖 [MS3-PKG] [DEBUG] 🤖 [MS3-PKG] [DEBUG] 🤖 [MS3-PKG] [DEBUG] 🤖 [MS3-PKG] [DEBUG] 🤖 [MS3-PKG] [DEBUG] 🤖 [MS3-PKG] [DEBUG] 🤖 [MS3-PKG] [DEBUG] 🤖 [MS3-PKG] [DEBUG] 🤖 [MS3-PKG] [DEBUG] 🤖 [MS3-PKG] [DEBUG] 🤖 [MS3-PKG] [DEBUG] 🤖 [MS3-PKG] [DEBUG] 🤖 [MS3-PKG] [DEBUG] 📝 [analyzeJoiSchema] Field description: {
  type: [32m&apos;object&apos;[39m,
  flags: {
    presence: [32m&apos;optional&apos;[39m,
    description: [32m&apos;Multi-chain RPC configuration - maps chain IDs to RPC URL arrays&apos;[39m
  },
  patterns: [ { schema: [36m[Object][39m, rule: [36m[Object][39m } ]
}
🤖 [MS3-PKG] [DEBUG] 🤖 [MS3-PKG] [DEBUG] 🤖 [MS3-PKG] [DEBUG] 🤖 [MS3-PKG] [DEBUG] 🤖 [MS3-PKG] [DEBUG] 🤖 [MS3-PKG] [DEBUG] 🤖 [MS3-PKG] [DEBUG] 🤖 [MS3-PKG] [DEBUG] 🤖 [MS3-PKG] [DEBUG] 🤖 [MS3-PKG] [DEBUG] 🤖 [MS3-PKG] [DEBUG] 🤖 [MS3-PKG] [DEBUG] 🤖 [MS3-PKG] [DEBUG] 🤖 [MS3-PKG] [DEBUG] 📊 [analyzeJoiSchema] Field multiChainRpcs: type=object, required=false, message=&quot;Multi-chain RPC configuration - maps chain IDs to RPC URL arrays&quot;
🤖 [MS3-PKG] [INFO] 🤖 [MS3-PKG] [INFO] 🤖 [MS3-PKG] [INFO] 🤖 [MS3-PKG] [INFO] 🤖 [MS3-PKG] [INFO] 🤖 [MS3-PKG] [INFO] 🤖 [MS3-PKG] [INFO] 🤖 [MS3-PKG] [INFO] 🤖 [MS3-PKG] [INFO] 🤖 [MS3-PKG] [INFO] 🤖 [MS3-PKG] [INFO] 🤖 [MS3-PKG] [INFO] 🤖 [MS3-PKG] [INFO] 🤖 [MS3-PKG] [INFO] 📊 [analyzeJoiSchema] Generated 14 requirements for options
🤖 [MS3-PKG] [DEBUG] 🤖 [MS3-PKG] [DEBUG] 🤖 [MS3-PKG] [DEBUG] 🤖 [MS3-PKG] [DEBUG] 🤖 [MS3-PKG] [DEBUG] 🤖 [MS3-PKG] [DEBUG] 🤖 [MS3-PKG] [DEBUG] 🤖 [MS3-PKG] [DEBUG] 🤖 [MS3-PKG] [DEBUG] 🤖 [MS3-PKG] [DEBUG] 🤖 [MS3-PKG] [DEBUG] 🤖 [MS3-PKG] [DEBUG] 🤖 [MS3-PKG] [DEBUG] 🤖 [MS3-PKG] [DEBUG] 🔍 [getRequirements] Starting analysis for bulk-test-3
🤖 [MS3-PKG] [DEBUG] 🤖 [MS3-PKG] [DEBUG] 🤖 [MS3-PKG] [DEBUG] 🤖 [MS3-PKG] [DEBUG] 🤖 [MS3-PKG] [DEBUG] 🤖 [MS3-PKG] [DEBUG] 🤖 [MS3-PKG] [DEBUG] 🤖 [MS3-PKG] [DEBUG] 🤖 [MS3-PKG] [DEBUG] 🤖 [MS3-PKG] [DEBUG] 🤖 [MS3-PKG] [DEBUG] 🤖 [MS3-PKG] [DEBUG] 🤖 [MS3-PKG] [DEBUG] 🤖 [MS3-PKG] [DEBUG] 🔬 [analyzeJoiSchema] Analyzing schema at path: options
🤖 [MS3-PKG] [DEBUG] 🤖 [MS3-PKG] [DEBUG] 🤖 [MS3-PKG] [DEBUG] 🤖 [MS3-PKG] [DEBUG] 🤖 [MS3-PKG] [DEBUG] 🤖 [MS3-PKG] [DEBUG] 🤖 [MS3-PKG] [DEBUG] 🤖 [MS3-PKG] [DEBUG] 🤖 [MS3-PKG] [DEBUG] 🤖 [MS3-PKG] [DEBUG] 🤖 [MS3-PKG] [DEBUG] 🤖 [MS3-PKG] [DEBUG] 🤖 [MS3-PKG] [DEBUG] 🤖 [MS3-PKG] [DEBUG] 📋 [analyzeJoiSchema] Schema description type: object
🤖 [MS3-PKG] [DEBUG] 🤖 [MS3-PKG] [DEBUG] 🤖 [MS3-PKG] [DEBUG] 🤖 [MS3-PKG] [DEBUG] 🤖 [MS3-PKG] [DEBUG] 🤖 [MS3-PKG] [DEBUG] 🤖 [MS3-PKG] [DEBUG] 🤖 [MS3-PKG] [DEBUG] 🤖 [MS3-PKG] [DEBUG] 🤖 [MS3-PKG] [DEBUG] 🤖 [MS3-PKG] [DEBUG] 🤖 [MS3-PKG] [DEBUG] 🤖 [MS3-PKG] [DEBUG] 🤖 [MS3-PKG] [DEBUG] 📋 [analyzeJoiSchema] Schema keys: [ [32m&apos;privateKey&apos;[39m, [32m&apos;provider&apos;[39m, [32m&apos;multiChainRpcs&apos;[39m ]
🤖 [MS3-PKG] [DEBUG] 🤖 [MS3-PKG] [DEBUG] 🤖 [MS3-PKG] [DEBUG] 🤖 [MS3-PKG] [DEBUG] 🤖 [MS3-PKG] [DEBUG] 🤖 [MS3-PKG] [DEBUG] 🤖 [MS3-PKG] [DEBUG] 🤖 [MS3-PKG] [DEBUG] 🤖 [MS3-PKG] [DEBUG] 🤖 [MS3-PKG] [DEBUG] 🤖 [MS3-PKG] [DEBUG] 🤖 [MS3-PKG] [DEBUG] 🤖 [MS3-PKG] [DEBUG] 🤖 [MS3-PKG] [DEBUG] ✅ [analyzeJoiSchema] Processing object schema with 3 keys
🤖 [MS3-PKG] [DEBUG] 🤖 [MS3-PKG] [DEBUG] 🤖 [MS3-PKG] [DEBUG] 🤖 [MS3-PKG] [DEBUG] 🤖 [MS3-PKG] [DEBUG] 🤖 [MS3-PKG] [DEBUG] 🤖 [MS3-PKG] [DEBUG] 🤖 [MS3-PKG] [DEBUG] 🤖 [MS3-PKG] [DEBUG] 🤖 [MS3-PKG] [DEBUG] 🤖 [MS3-PKG] [DEBUG] 🤖 [MS3-PKG] [DEBUG] 🤖 [MS3-PKG] [DEBUG] 🤖 [MS3-PKG] [DEBUG] 🔑 [analyzeJoiSchema] Processing field: privateKey
🤖 [MS3-PKG] [DEBUG] 🤖 [MS3-PKG] [DEBUG] 🤖 [MS3-PKG] [DEBUG] 🤖 [MS3-PKG] [DEBUG] 🤖 [MS3-PKG] [DEBUG] 🤖 [MS3-PKG] [DEBUG] 🤖 [MS3-PKG] [DEBUG] 🤖 [MS3-PKG] [DEBUG] 🤖 [MS3-PKG] [DEBUG] 🤖 [MS3-PKG] [DEBUG] 🤖 [MS3-PKG] [DEBUG] 🤖 [MS3-PKG] [DEBUG] 🤖 [MS3-PKG] [DEBUG] 🤖 [MS3-PKG] [DEBUG] 📝 [analyzeJoiSchema] Field description: {
  type: [32m&apos;string&apos;[39m,
  flags: {
    presence: [32m&apos;required&apos;[39m,
    description: [32m&apos;Private key for wallet (generates random if not provided)&apos;[39m
  },
  rules: [ { name: [32m&apos;pattern&apos;[39m, args: [36m[Object][39m } ]
}
🤖 [MS3-PKG] [DEBUG] 🤖 [MS3-PKG] [DEBUG] 🤖 [MS3-PKG] [DEBUG] 🤖 [MS3-PKG] [DEBUG] 🤖 [MS3-PKG] [DEBUG] 🤖 [MS3-PKG] [DEBUG] 🤖 [MS3-PKG] [DEBUG] 🤖 [MS3-PKG] [DEBUG] 🤖 [MS3-PKG] [DEBUG] 🤖 [MS3-PKG] [DEBUG] 🤖 [MS3-PKG] [DEBUG] 🤖 [MS3-PKG] [DEBUG] 🤖 [MS3-PKG] [DEBUG] 🤖 [MS3-PKG] [DEBUG] 📊 [analyzeJoiSchema] Field privateKey: type=string, required=true, message=&quot;Private key for wallet (generates random if not provided)&quot;
🤖 [MS3-PKG] [DEBUG] 🤖 [MS3-PKG] [DEBUG] 🤖 [MS3-PKG] [DEBUG] 🤖 [MS3-PKG] [DEBUG] 🤖 [MS3-PKG] [DEBUG] 🤖 [MS3-PKG] [DEBUG] 🤖 [MS3-PKG] [DEBUG] 🤖 [MS3-PKG] [DEBUG] 🤖 [MS3-PKG] [DEBUG] 🤖 [MS3-PKG] [DEBUG] 🤖 [MS3-PKG] [DEBUG] 🤖 [MS3-PKG] [DEBUG] 🤖 [MS3-PKG] [DEBUG] 🤖 [MS3-PKG] [DEBUG] 🔑 [analyzeJoiSchema] Processing field: provider
🤖 [MS3-PKG] [DEBUG] 🤖 [MS3-PKG] [DEBUG] 🤖 [MS3-PKG] [DEBUG] 🤖 [MS3-PKG] [DEBUG] 🤖 [MS3-PKG] [DEBUG] 🤖 [MS3-PKG] [DEBUG] 🤖 [MS3-PKG] [DEBUG] 🤖 [MS3-PKG] [DEBUG] 🤖 [MS3-PKG] [DEBUG] 🤖 [MS3-PKG] [DEBUG] 🤖 [MS3-PKG] [DEBUG] 🤖 [MS3-PKG] [DEBUG] 🤖 [MS3-PKG] [DEBUG] 🤖 [MS3-PKG] [DEBUG] 📝 [analyzeJoiSchema] Field description: {
  type: [32m&apos;object&apos;[39m,
  flags: {
    presence: [32m&apos;optional&apos;[39m,
    description: [32m&apos;Optional provider configuration&apos;[39m
  },
  keys: {
    name: { type: [32m&apos;string&apos;[39m, flags: [36m[Object][39m },
    chainId: { type: [32m&apos;string&apos;[39m, flags: [36m[Object][39m, rules: [36m[Array][39m },
    rpcUrls: { type: [32m&apos;array&apos;[39m, flags: [36m[Object][39m, rules: [36m[Array][39m, items: [36m[Array][39m },
    displayName: { type: [32m&apos;string&apos;[39m, flags: [36m[Object][39m }
  }
}
🤖 [MS3-PKG] [DEBUG] 🤖 [MS3-PKG] [DEBUG] 🤖 [MS3-PKG] [DEBUG] 🤖 [MS3-PKG] [DEBUG] 🤖 [MS3-PKG] [DEBUG] 🤖 [MS3-PKG] [DEBUG] 🤖 [MS3-PKG] [DEBUG] 🤖 [MS3-PKG] [DEBUG] 🤖 [MS3-PKG] [DEBUG] 🤖 [MS3-PKG] [DEBUG] 🤖 [MS3-PKG] [DEBUG] 🤖 [MS3-PKG] [DEBUG] 🤖 [MS3-PKG] [DEBUG] 🤖 [MS3-PKG] [DEBUG] 📊 [analyzeJoiSchema] Field provider: type=object, required=false, message=&quot;Optional provider configuration&quot;
🤖 [MS3-PKG] [DEBUG] 🤖 [MS3-PKG] [DEBUG] 🤖 [MS3-PKG] [DEBUG] 🤖 [MS3-PKG] [DEBUG] 🤖 [MS3-PKG] [DEBUG] 🤖 [MS3-PKG] [DEBUG] 🤖 [MS3-PKG] [DEBUG] 🤖 [MS3-PKG] [DEBUG] 🤖 [MS3-PKG] [DEBUG] 🤖 [MS3-PKG] [DEBUG] 🤖 [MS3-PKG] [DEBUG] 🤖 [MS3-PKG] [DEBUG] 🤖 [MS3-PKG] [DEBUG] 🤖 [MS3-PKG] [DEBUG] 🔄 [analyzeJoiSchema] Recursing into nested object: provider
🤖 [MS3-PKG] [DEBUG] 🤖 [MS3-PKG] [DEBUG] 🤖 [MS3-PKG] [DEBUG] 🤖 [MS3-PKG] [DEBUG] 🤖 [MS3-PKG] [DEBUG] 🤖 [MS3-PKG] [DEBUG] 🤖 [MS3-PKG] [DEBUG] 🤖 [MS3-PKG] [DEBUG] 🤖 [MS3-PKG] [DEBUG] 🤖 [MS3-PKG] [DEBUG] 🤖 [MS3-PKG] [DEBUG] 🤖 [MS3-PKG] [DEBUG] 🤖 [MS3-PKG] [DEBUG] 🤖 [MS3-PKG] [DEBUG] 🔑 [analyzeJoiSchema] Processing field: multiChainRpcs
🤖 [MS3-PKG] [DEBUG] 🤖 [MS3-PKG] [DEBUG] 🤖 [MS3-PKG] [DEBUG] 🤖 [MS3-PKG] [DEBUG] 🤖 [MS3-PKG] [DEBUG] 🤖 [MS3-PKG] [DEBUG] 🤖 [MS3-PKG] [DEBUG] 🤖 [MS3-PKG] [DEBUG] 🤖 [MS3-PKG] [DEBUG] 🤖 [MS3-PKG] [DEBUG] 🤖 [MS3-PKG] [DEBUG] 🤖 [MS3-PKG] [DEBUG] 🤖 [MS3-PKG] [DEBUG] 🤖 [MS3-PKG] [DEBUG] 📝 [analyzeJoiSchema] Field description: {
  type: [32m&apos;object&apos;[39m,
  flags: {
    presence: [32m&apos;optional&apos;[39m,
    description: [32m&apos;Multi-chain RPC configuration - maps chain IDs to RPC URL arrays&apos;[39m
  },
  patterns: [ { schema: [36m[Object][39m, rule: [36m[Object][39m } ]
}
🤖 [MS3-PKG] [DEBUG] 🤖 [MS3-PKG] [DEBUG] 🤖 [MS3-PKG] [DEBUG] 🤖 [MS3-PKG] [DEBUG] 🤖 [MS3-PKG] [DEBUG] 🤖 [MS3-PKG] [DEBUG] 🤖 [MS3-PKG] [DEBUG] 🤖 [MS3-PKG] [DEBUG] 🤖 [MS3-PKG] [DEBUG] 🤖 [MS3-PKG] [DEBUG] 🤖 [MS3-PKG] [DEBUG] 🤖 [MS3-PKG] [DEBUG] 🤖 [MS3-PKG] [DEBUG] 🤖 [MS3-PKG] [DEBUG] 📊 [analyzeJoiSchema] Field multiChainRpcs: type=object, required=false, message=&quot;Multi-chain RPC configuration - maps chain IDs to RPC URL arrays&quot;
🤖 [MS3-PKG] [INFO] 🤖 [MS3-PKG] [INFO] 🤖 [MS3-PKG] [INFO] 🤖 [MS3-PKG] [INFO] 🤖 [MS3-PKG] [INFO] 🤖 [MS3-PKG] [INFO] 🤖 [MS3-PKG] [INFO] 🤖 [MS3-PKG] [INFO] 🤖 [MS3-PKG] [INFO] 🤖 [MS3-PKG] [INFO] 🤖 [MS3-PKG] [INFO] 🤖 [MS3-PKG] [INFO] 🤖 [MS3-PKG] [INFO] 🤖 [MS3-PKG] [INFO] 📊 [analyzeJoiSchema] Generated 7 requirements for options
🤖 [MS3-PKG] [DEBUG] 🤖 [MS3-PKG] [DEBUG] 🤖 [MS3-PKG] [DEBUG] 🤖 [MS3-PKG] [DEBUG] 🤖 [MS3-PKG] [DEBUG] 🤖 [MS3-PKG] [DEBUG] 🤖 [MS3-PKG] [DEBUG] 🤖 [MS3-PKG] [DEBUG] 🤖 [MS3-PKG] [DEBUG] 🤖 [MS3-PKG] [DEBUG] 🤖 [MS3-PKG] [DEBUG] 🤖 [MS3-PKG] [DEBUG] 🤖 [MS3-PKG] [DEBUG] 🤖 [MS3-PKG] [DEBUG] 🔍 [getRequirements] Starting analysis for bulk-test-3
🤖 [MS3-PKG] [DEBUG] 🤖 [MS3-PKG] [DEBUG] 🤖 [MS3-PKG] [DEBUG] 🤖 [MS3-PKG] [DEBUG] 🤖 [MS3-PKG] [DEBUG] 🤖 [MS3-PKG] [DEBUG] 🤖 [MS3-PKG] [DEBUG] 🤖 [MS3-PKG] [DEBUG] 🤖 [MS3-PKG] [DEBUG] 🤖 [MS3-PKG] [DEBUG] 🤖 [MS3-PKG] [DEBUG] 🤖 [MS3-PKG] [DEBUG] 🤖 [MS3-PKG] [DEBUG] 🤖 [MS3-PKG] [DEBUG] 🔬 [analyzeJoiSchema] Analyzing schema at path: options
🤖 [MS3-PKG] [DEBUG] 🤖 [MS3-PKG] [DEBUG] 🤖 [MS3-PKG] [DEBUG] 🤖 [MS3-PKG] [DEBUG] 🤖 [MS3-PKG] [DEBUG] 🤖 [MS3-PKG] [DEBUG] 🤖 [MS3-PKG] [DEBUG] 🤖 [MS3-PKG] [DEBUG] 🤖 [MS3-PKG] [DEBUG] 🤖 [MS3-PKG] [DEBUG] 🤖 [MS3-PKG] [DEBUG] 🤖 [MS3-PKG] [DEBUG] 🤖 [MS3-PKG] [DEBUG] 🤖 [MS3-PKG] [DEBUG] 📋 [analyzeJoiSchema] Schema description type: object
🤖 [MS3-PKG] [DEBUG] 🤖 [MS3-PKG] [DEBUG] 🤖 [MS3-PKG] [DEBUG] 🤖 [MS3-PKG] [DEBUG] 🤖 [MS3-PKG] [DEBUG] 🤖 [MS3-PKG] [DEBUG] 🤖 [MS3-PKG] [DEBUG] 🤖 [MS3-PKG] [DEBUG] 🤖 [MS3-PKG] [DEBUG] 🤖 [MS3-PKG] [DEBUG] 🤖 [MS3-PKG] [DEBUG] 🤖 [MS3-PKG] [DEBUG] 🤖 [MS3-PKG] [DEBUG] 🤖 [MS3-PKG] [DEBUG] 📋 [analyzeJoiSchema] Schema keys: [ [32m&apos;web3authConfig&apos;[39m, [32m&apos;multiChainRpcs&apos;[39m ]
🤖 [MS3-PKG] [DEBUG] 🤖 [MS3-PKG] [DEBUG] 🤖 [MS3-PKG] [DEBUG] 🤖 [MS3-PKG] [DEBUG] 🤖 [MS3-PKG] [DEBUG] 🤖 [MS3-PKG] [DEBUG] 🤖 [MS3-PKG] [DEBUG] 🤖 [MS3-PKG] [DEBUG] 🤖 [MS3-PKG] [DEBUG] 🤖 [MS3-PKG] [DEBUG] 🤖 [MS3-PKG] [DEBUG] 🤖 [MS3-PKG] [DEBUG] 🤖 [MS3-PKG] [DEBUG] 🤖 [MS3-PKG] [DEBUG] ✅ [analyzeJoiSchema] Processing object schema with 2 keys
🤖 [MS3-PKG] [DEBUG] 🤖 [MS3-PKG] [DEBUG] 🤖 [MS3-PKG] [DEBUG] 🤖 [MS3-PKG] [DEBUG] 🤖 [MS3-PKG] [DEBUG] 🤖 [MS3-PKG] [DEBUG] 🤖 [MS3-PKG] [DEBUG] 🤖 [MS3-PKG] [DEBUG] 🤖 [MS3-PKG] [DEBUG] 🤖 [MS3-PKG] [DEBUG] 🤖 [MS3-PKG] [DEBUG] 🤖 [MS3-PKG] [DEBUG] 🤖 [MS3-PKG] [DEBUG] 🤖 [MS3-PKG] [DEBUG] 🔑 [analyzeJoiSchema] Processing field: web3authConfig
🤖 [MS3-PKG] [DEBUG] 🤖 [MS3-PKG] [DEBUG] 🤖 [MS3-PKG] [DEBUG] 🤖 [MS3-PKG] [DEBUG] 🤖 [MS3-PKG] [DEBUG] 🤖 [MS3-PKG] [DEBUG] 🤖 [MS3-PKG] [DEBUG] 🤖 [MS3-PKG] [DEBUG] 🤖 [MS3-PKG] [DEBUG] 🤖 [MS3-PKG] [DEBUG] 🤖 [MS3-PKG] [DEBUG] 🤖 [MS3-PKG] [DEBUG] 🤖 [MS3-PKG] [DEBUG] 🤖 [MS3-PKG] [DEBUG] 📝 [analyzeJoiSchema] Field description: {
  type: [32m&apos;object&apos;[39m,
  flags: {
    presence: [32m&apos;required&apos;[39m,
    description: [32m&apos;Web3Auth configuration object&apos;[39m
  },
  keys: {
    clientId: { type: [32m&apos;string&apos;[39m, flags: [36m[Object][39m },
    web3AuthNetwork: { type: [32m&apos;string&apos;[39m, flags: [36m[Object][39m, allow: [36m[Array][39m },
    chainConfig: { type: [32m&apos;object&apos;[39m, flags: [36m[Object][39m, keys: [36m[Object][39m },
    loginConfig: { type: [32m&apos;object&apos;[39m, flags: [36m[Object][39m },
    privateKeyProvider: { type: [32m&apos;any&apos;[39m, flags: [36m[Object][39m }
  }
}
🤖 [MS3-PKG] [DEBUG] 🤖 [MS3-PKG] [DEBUG] 🤖 [MS3-PKG] [DEBUG] 🤖 [MS3-PKG] [DEBUG] 🤖 [MS3-PKG] [DEBUG] 🤖 [MS3-PKG] [DEBUG] 🤖 [MS3-PKG] [DEBUG] 🤖 [MS3-PKG] [DEBUG] 🤖 [MS3-PKG] [DEBUG] 🤖 [MS3-PKG] [DEBUG] 🤖 [MS3-PKG] [DEBUG] 🤖 [MS3-PKG] [DEBUG] 🤖 [MS3-PKG] [DEBUG] 🤖 [MS3-PKG] [DEBUG] 📊 [analyzeJoiSchema] Field web3authConfig: type=object, required=true, message=&quot;Web3Auth configuration object&quot;
🤖 [MS3-PKG] [DEBUG] 🤖 [MS3-PKG] [DEBUG] 🤖 [MS3-PKG] [DEBUG] 🤖 [MS3-PKG] [DEBUG] 🤖 [MS3-PKG] [DEBUG] 🤖 [MS3-PKG] [DEBUG] 🤖 [MS3-PKG] [DEBUG] 🤖 [MS3-PKG] [DEBUG] 🤖 [MS3-PKG] [DEBUG] 🤖 [MS3-PKG] [DEBUG] 🤖 [MS3-PKG] [DEBUG] 🤖 [MS3-PKG] [DEBUG] 🤖 [MS3-PKG] [DEBUG] 🤖 [MS3-PKG] [DEBUG] 🔄 [analyzeJoiSchema] Recursing into nested object: web3authConfig
🤖 [MS3-PKG] [DEBUG] 🤖 [MS3-PKG] [DEBUG] 🤖 [MS3-PKG] [DEBUG] 🤖 [MS3-PKG] [DEBUG] 🤖 [MS3-PKG] [DEBUG] 🤖 [MS3-PKG] [DEBUG] 🤖 [MS3-PKG] [DEBUG] 🤖 [MS3-PKG] [DEBUG] 🤖 [MS3-PKG] [DEBUG] 🤖 [MS3-PKG] [DEBUG] 🤖 [MS3-PKG] [DEBUG] 🤖 [MS3-PKG] [DEBUG] 🤖 [MS3-PKG] [DEBUG] 🤖 [MS3-PKG] [DEBUG] 🔑 [analyzeJoiSchema] Processing field: multiChainRpcs
🤖 [MS3-PKG] [DEBUG] 🤖 [MS3-PKG] [DEBUG] 🤖 [MS3-PKG] [DEBUG] 🤖 [MS3-PKG] [DEBUG] 🤖 [MS3-PKG] [DEBUG] 🤖 [MS3-PKG] [DEBUG] 🤖 [MS3-PKG] [DEBUG] 🤖 [MS3-PKG] [DEBUG] 🤖 [MS3-PKG] [DEBUG] 🤖 [MS3-PKG] [DEBUG] 🤖 [MS3-PKG] [DEBUG] 🤖 [MS3-PKG] [DEBUG] 🤖 [MS3-PKG] [DEBUG] 🤖 [MS3-PKG] [DEBUG] 📝 [analyzeJoiSchema] Field description: {
  type: [32m&apos;object&apos;[39m,
  flags: {
    presence: [32m&apos;optional&apos;[39m,
    description: [32m&apos;Multi-chain RPC configuration - maps chain IDs to RPC URL arrays&apos;[39m
  },
  patterns: [ { schema: [36m[Object][39m, rule: [36m[Object][39m } ]
}
🤖 [MS3-PKG] [DEBUG] 🤖 [MS3-PKG] [DEBUG] 🤖 [MS3-PKG] [DEBUG] 🤖 [MS3-PKG] [DEBUG] 🤖 [MS3-PKG] [DEBUG] 🤖 [MS3-PKG] [DEBUG] 🤖 [MS3-PKG] [DEBUG] 🤖 [MS3-PKG] [DEBUG] 🤖 [MS3-PKG] [DEBUG] 🤖 [MS3-PKG] [DEBUG] 🤖 [MS3-PKG] [DEBUG] 🤖 [MS3-PKG] [DEBUG] 🤖 [MS3-PKG] [DEBUG] 🤖 [MS3-PKG] [DEBUG] 📊 [analyzeJoiSchema] Field multiChainRpcs: type=object, required=false, message=&quot;Multi-chain RPC configuration - maps chain IDs to RPC URL arrays&quot;
🤖 [MS3-PKG] [INFO] 🤖 [MS3-PKG] [INFO] 🤖 [MS3-PKG] [INFO] 🤖 [MS3-PKG] [INFO] 🤖 [MS3-PKG] [INFO] 🤖 [MS3-PKG] [INFO] 🤖 [MS3-PKG] [INFO] 🤖 [MS3-PKG] [INFO] 🤖 [MS3-PKG] [INFO] 🤖 [MS3-PKG] [INFO] 🤖 [MS3-PKG] [INFO] 🤖 [MS3-PKG] [INFO] 🤖 [MS3-PKG] [INFO] 🤖 [MS3-PKG] [INFO] 📊 [analyzeJoiSchema] Generated 14 requirements for options
🤖 [MS3-PKG] [DEBUG] 🤖 [MS3-PKG] [DEBUG] 🤖 [MS3-PKG] [DEBUG] 🤖 [MS3-PKG] [DEBUG] 🤖 [MS3-PKG] [DEBUG] 🤖 [MS3-PKG] [DEBUG] 🤖 [MS3-PKG] [DEBUG] 🤖 [MS3-PKG] [DEBUG] 🤖 [MS3-PKG] [DEBUG] 🤖 [MS3-PKG] [DEBUG] 🤖 [MS3-PKG] [DEBUG] 🤖 [MS3-PKG] [DEBUG] 🤖 [MS3-PKG] [DEBUG] 🤖 [MS3-PKG] [DEBUG] 🔍 [getRequirements] Starting analysis for bulk-test-4
🤖 [MS3-PKG] [DEBUG] 🤖 [MS3-PKG] [DEBUG] 🤖 [MS3-PKG] [DEBUG] 🤖 [MS3-PKG] [DEBUG] 🤖 [MS3-PKG] [DEBUG] 🤖 [MS3-PKG] [DEBUG] 🤖 [MS3-PKG] [DEBUG] 🤖 [MS3-PKG] [DEBUG] 🤖 [MS3-PKG] [DEBUG] 🤖 [MS3-PKG] [DEBUG] 🤖 [MS3-PKG] [DEBUG] 🤖 [MS3-PKG] [DEBUG] 🤖 [MS3-PKG] [DEBUG] 🤖 [MS3-PKG] [DEBUG] 🔬 [analyzeJoiSchema] Analyzing schema at path: options
🤖 [MS3-PKG] [DEBUG] 🤖 [MS3-PKG] [DEBUG] 🤖 [MS3-PKG] [DEBUG] 🤖 [MS3-PKG] [DEBUG] 🤖 [MS3-PKG] [DEBUG] 🤖 [MS3-PKG] [DEBUG] 🤖 [MS3-PKG] [DEBUG] 🤖 [MS3-PKG] [DEBUG] 🤖 [MS3-PKG] [DEBUG] 🤖 [MS3-PKG] [DEBUG] 🤖 [MS3-PKG] [DEBUG] 🤖 [MS3-PKG] [DEBUG] 🤖 [MS3-PKG] [DEBUG] 🤖 [MS3-PKG] [DEBUG] 📋 [analyzeJoiSchema] Schema description type: object
🤖 [MS3-PKG] [DEBUG] 🤖 [MS3-PKG] [DEBUG] 🤖 [MS3-PKG] [DEBUG] 🤖 [MS3-PKG] [DEBUG] 🤖 [MS3-PKG] [DEBUG] 🤖 [MS3-PKG] [DEBUG] 🤖 [MS3-PKG] [DEBUG] 🤖 [MS3-PKG] [DEBUG] 🤖 [MS3-PKG] [DEBUG] 🤖 [MS3-PKG] [DEBUG] 🤖 [MS3-PKG] [DEBUG] 🤖 [MS3-PKG] [DEBUG] 🤖 [MS3-PKG] [DEBUG] 🤖 [MS3-PKG] [DEBUG] 📋 [analyzeJoiSchema] Schema keys: [ [32m&apos;privateKey&apos;[39m, [32m&apos;provider&apos;[39m, [32m&apos;multiChainRpcs&apos;[39m ]
🤖 [MS3-PKG] [DEBUG] 🤖 [MS3-PKG] [DEBUG] 🤖 [MS3-PKG] [DEBUG] 🤖 [MS3-PKG] [DEBUG] 🤖 [MS3-PKG] [DEBUG] 🤖 [MS3-PKG] [DEBUG] 🤖 [MS3-PKG] [DEBUG] 🤖 [MS3-PKG] [DEBUG] 🤖 [MS3-PKG] [DEBUG] 🤖 [MS3-PKG] [DEBUG] 🤖 [MS3-PKG] [DEBUG] 🤖 [MS3-PKG] [DEBUG] 🤖 [MS3-PKG] [DEBUG] 🤖 [MS3-PKG] [DEBUG] ✅ [analyzeJoiSchema] Processing object schema with 3 keys
🤖 [MS3-PKG] [DEBUG] 🤖 [MS3-PKG] [DEBUG] 🤖 [MS3-PKG] [DEBUG] 🤖 [MS3-PKG] [DEBUG] 🤖 [MS3-PKG] [DEBUG] 🤖 [MS3-PKG] [DEBUG] 🤖 [MS3-PKG] [DEBUG] 🤖 [MS3-PKG] [DEBUG] 🤖 [MS3-PKG] [DEBUG] 🤖 [MS3-PKG] [DEBUG] 🤖 [MS3-PKG] [DEBUG] 🤖 [MS3-PKG] [DEBUG] 🤖 [MS3-PKG] [DEBUG] 🤖 [MS3-PKG] [DEBUG] 🔑 [analyzeJoiSchema] Processing field: privateKey
🤖 [MS3-PKG] [DEBUG] 🤖 [MS3-PKG] [DEBUG] 🤖 [MS3-PKG] [DEBUG] 🤖 [MS3-PKG] [DEBUG] 🤖 [MS3-PKG] [DEBUG] 🤖 [MS3-PKG] [DEBUG] 🤖 [MS3-PKG] [DEBUG] 🤖 [MS3-PKG] [DEBUG] 🤖 [MS3-PKG] [DEBUG] 🤖 [MS3-PKG] [DEBUG] 🤖 [MS3-PKG] [DEBUG] 🤖 [MS3-PKG] [DEBUG] 🤖 [MS3-PKG] [DEBUG] 🤖 [MS3-PKG] [DEBUG] 📝 [analyzeJoiSchema] Field description: {
  type: [32m&apos;string&apos;[39m,
  flags: {
    presence: [32m&apos;required&apos;[39m,
    description: [32m&apos;Private key for wallet (generates random if not provided)&apos;[39m
  },
  rules: [ { name: [32m&apos;pattern&apos;[39m, args: [36m[Object][39m } ]
}
🤖 [MS3-PKG] [DEBUG] 🤖 [MS3-PKG] [DEBUG] 🤖 [MS3-PKG] [DEBUG] 🤖 [MS3-PKG] [DEBUG] 🤖 [MS3-PKG] [DEBUG] 🤖 [MS3-PKG] [DEBUG] 🤖 [MS3-PKG] [DEBUG] 🤖 [MS3-PKG] [DEBUG] 🤖 [MS3-PKG] [DEBUG] 🤖 [MS3-PKG] [DEBUG] 🤖 [MS3-PKG] [DEBUG] 🤖 [MS3-PKG] [DEBUG] 🤖 [MS3-PKG] [DEBUG] 🤖 [MS3-PKG] [DEBUG] 📊 [analyzeJoiSchema] Field privateKey: type=string, required=true, message=&quot;Private key for wallet (generates random if not provided)&quot;
🤖 [MS3-PKG] [DEBUG] 🤖 [MS3-PKG] [DEBUG] 🤖 [MS3-PKG] [DEBUG] 🤖 [MS3-PKG] [DEBUG] 🤖 [MS3-PKG] [DEBUG] 🤖 [MS3-PKG] [DEBUG] 🤖 [MS3-PKG] [DEBUG] 🤖 [MS3-PKG] [DEBUG] 🤖 [MS3-PKG] [DEBUG] 🤖 [MS3-PKG] [DEBUG] 🤖 [MS3-PKG] [DEBUG] 🤖 [MS3-PKG] [DEBUG] 🤖 [MS3-PKG] [DEBUG] 🤖 [MS3-PKG] [DEBUG] 🔑 [analyzeJoiSchema] Processing field: provider
🤖 [MS3-PKG] [DEBUG] 🤖 [MS3-PKG] [DEBUG] 🤖 [MS3-PKG] [DEBUG] 🤖 [MS3-PKG] [DEBUG] 🤖 [MS3-PKG] [DEBUG] 🤖 [MS3-PKG] [DEBUG] 🤖 [MS3-PKG] [DEBUG] 🤖 [MS3-PKG] [DEBUG] 🤖 [MS3-PKG] [DEBUG] 🤖 [MS3-PKG] [DEBUG] 🤖 [MS3-PKG] [DEBUG] 🤖 [MS3-PKG] [DEBUG] 🤖 [MS3-PKG] [DEBUG] 🤖 [MS3-PKG] [DEBUG] 📝 [analyzeJoiSchema] Field description: {
  type: [32m&apos;object&apos;[39m,
  flags: {
    presence: [32m&apos;optional&apos;[39m,
    description: [32m&apos;Optional provider configuration&apos;[39m
  },
  keys: {
    name: { type: [32m&apos;string&apos;[39m, flags: [36m[Object][39m },
    chainId: { type: [32m&apos;string&apos;[39m, flags: [36m[Object][39m, rules: [36m[Array][39m },
    rpcUrls: { type: [32m&apos;array&apos;[39m, flags: [36m[Object][39m, rules: [36m[Array][39m, items: [36m[Array][39m },
    displayName: { type: [32m&apos;string&apos;[39m, flags: [36m[Object][39m }
  }
}
🤖 [MS3-PKG] [DEBUG] 🤖 [MS3-PKG] [DEBUG] 🤖 [MS3-PKG] [DEBUG] 🤖 [MS3-PKG] [DEBUG] 🤖 [MS3-PKG] [DEBUG] 🤖 [MS3-PKG] [DEBUG] 🤖 [MS3-PKG] [DEBUG] 🤖 [MS3-PKG] [DEBUG] 🤖 [MS3-PKG] [DEBUG] 🤖 [MS3-PKG] [DEBUG] 🤖 [MS3-PKG] [DEBUG] 🤖 [MS3-PKG] [DEBUG] 🤖 [MS3-PKG] [DEBUG] 🤖 [MS3-PKG] [DEBUG] 📊 [analyzeJoiSchema] Field provider: type=object, required=false, message=&quot;Optional provider configuration&quot;
🤖 [MS3-PKG] [DEBUG] 🤖 [MS3-PKG] [DEBUG] 🤖 [MS3-PKG] [DEBUG] 🤖 [MS3-PKG] [DEBUG] 🤖 [MS3-PKG] [DEBUG] 🤖 [MS3-PKG] [DEBUG] 🤖 [MS3-PKG] [DEBUG] 🤖 [MS3-PKG] [DEBUG] 🤖 [MS3-PKG] [DEBUG] 🤖 [MS3-PKG] [DEBUG] 🤖 [MS3-PKG] [DEBUG] 🤖 [MS3-PKG] [DEBUG] 🤖 [MS3-PKG] [DEBUG] 🤖 [MS3-PKG] [DEBUG] 🔄 [analyzeJoiSchema] Recursing into nested object: provider
🤖 [MS3-PKG] [DEBUG] 🤖 [MS3-PKG] [DEBUG] 🤖 [MS3-PKG] [DEBUG] 🤖 [MS3-PKG] [DEBUG] 🤖 [MS3-PKG] [DEBUG] 🤖 [MS3-PKG] [DEBUG] 🤖 [MS3-PKG] [DEBUG] 🤖 [MS3-PKG] [DEBUG] 🤖 [MS3-PKG] [DEBUG] 🤖 [MS3-PKG] [DEBUG] 🤖 [MS3-PKG] [DEBUG] 🤖 [MS3-PKG] [DEBUG] 🤖 [MS3-PKG] [DEBUG] 🤖 [MS3-PKG] [DEBUG] 🔑 [analyzeJoiSchema] Processing field: multiChainRpcs
🤖 [MS3-PKG] [DEBUG] 🤖 [MS3-PKG] [DEBUG] 🤖 [MS3-PKG] [DEBUG] 🤖 [MS3-PKG] [DEBUG] 🤖 [MS3-PKG] [DEBUG] 🤖 [MS3-PKG] [DEBUG] 🤖 [MS3-PKG] [DEBUG] 🤖 [MS3-PKG] [DEBUG] 🤖 [MS3-PKG] [DEBUG] 🤖 [MS3-PKG] [DEBUG] 🤖 [MS3-PKG] [DEBUG] 🤖 [MS3-PKG] [DEBUG] 🤖 [MS3-PKG] [DEBUG] 🤖 [MS3-PKG] [DEBUG] 📝 [analyzeJoiSchema] Field description: {
  type: [32m&apos;object&apos;[39m,
  flags: {
    presence: [32m&apos;optional&apos;[39m,
    description: [32m&apos;Multi-chain RPC configuration - maps chain IDs to RPC URL arrays&apos;[39m
  },
  patterns: [ { schema: [36m[Object][39m, rule: [36m[Object][39m } ]
}
🤖 [MS3-PKG] [DEBUG] 🤖 [MS3-PKG] [DEBUG] 🤖 [MS3-PKG] [DEBUG] 🤖 [MS3-PKG] [DEBUG] 🤖 [MS3-PKG] [DEBUG] 🤖 [MS3-PKG] [DEBUG] 🤖 [MS3-PKG] [DEBUG] 🤖 [MS3-PKG] [DEBUG] 🤖 [MS3-PKG] [DEBUG] 🤖 [MS3-PKG] [DEBUG] 🤖 [MS3-PKG] [DEBUG] 🤖 [MS3-PKG] [DEBUG] 🤖 [MS3-PKG] [DEBUG] 🤖 [MS3-PKG] [DEBUG] 📊 [analyzeJoiSchema] Field multiChainRpcs: type=object, required=false, message=&quot;Multi-chain RPC configuration - maps chain IDs to RPC URL arrays&quot;
🤖 [MS3-PKG] [INFO] 🤖 [MS3-PKG] [INFO] 🤖 [MS3-PKG] [INFO] 🤖 [MS3-PKG] [INFO] 🤖 [MS3-PKG] [INFO] 🤖 [MS3-PKG] [INFO] 🤖 [MS3-PKG] [INFO] 🤖 [MS3-PKG] [INFO] 🤖 [MS3-PKG] [INFO] 🤖 [MS3-PKG] [INFO] 🤖 [MS3-PKG] [INFO] 🤖 [MS3-PKG] [INFO] 🤖 [MS3-PKG] [INFO] 🤖 [MS3-PKG] [INFO] 📊 [analyzeJoiSchema] Generated 7 requirements for options
🤖 [MS3-PKG] [DEBUG] 🤖 [MS3-PKG] [DEBUG] 🤖 [MS3-PKG] [DEBUG] 🤖 [MS3-PKG] [DEBUG] 🤖 [MS3-PKG] [DEBUG] 🤖 [MS3-PKG] [DEBUG] 🤖 [MS3-PKG] [DEBUG] 🤖 [MS3-PKG] [DEBUG] 🤖 [MS3-PKG] [DEBUG] 🤖 [MS3-PKG] [DEBUG] 🤖 [MS3-PKG] [DEBUG] 🤖 [MS3-PKG] [DEBUG] 🤖 [MS3-PKG] [DEBUG] 🤖 [MS3-PKG] [DEBUG] 🔍 [getRequirements] Starting analysis for bulk-test-4
🤖 [MS3-PKG] [DEBUG] 🤖 [MS3-PKG] [DEBUG] 🤖 [MS3-PKG] [DEBUG] 🤖 [MS3-PKG] [DEBUG] 🤖 [MS3-PKG] [DEBUG] 🤖 [MS3-PKG] [DEBUG] 🤖 [MS3-PKG] [DEBUG] 🤖 [MS3-PKG] [DEBUG] 🤖 [MS3-PKG] [DEBUG] 🤖 [MS3-PKG] [DEBUG] 🤖 [MS3-PKG] [DEBUG] 🤖 [MS3-PKG] [DEBUG] 🤖 [MS3-PKG] [DEBUG] 🤖 [MS3-PKG] [DEBUG] 🔬 [analyzeJoiSchema] Analyzing schema at path: options
🤖 [MS3-PKG] [DEBUG] 🤖 [MS3-PKG] [DEBUG] 🤖 [MS3-PKG] [DEBUG] 🤖 [MS3-PKG] [DEBUG] 🤖 [MS3-PKG] [DEBUG] 🤖 [MS3-PKG] [DEBUG] 🤖 [MS3-PKG] [DEBUG] 🤖 [MS3-PKG] [DEBUG] 🤖 [MS3-PKG] [DEBUG] 🤖 [MS3-PKG] [DEBUG] 🤖 [MS3-PKG] [DEBUG] 🤖 [MS3-PKG] [DEBUG] 🤖 [MS3-PKG] [DEBUG] 🤖 [MS3-PKG] [DEBUG] 📋 [analyzeJoiSchema] Schema description type: object
🤖 [MS3-PKG] [DEBUG] 🤖 [MS3-PKG] [DEBUG] 🤖 [MS3-PKG] [DEBUG] 🤖 [MS3-PKG] [DEBUG] 🤖 [MS3-PKG] [DEBUG] 🤖 [MS3-PKG] [DEBUG] 🤖 [MS3-PKG] [DEBUG] 🤖 [MS3-PKG] [DEBUG] 🤖 [MS3-PKG] [DEBUG] 🤖 [MS3-PKG] [DEBUG] 🤖 [MS3-PKG] [DEBUG] 🤖 [MS3-PKG] [DEBUG] 🤖 [MS3-PKG] [DEBUG] 🤖 [MS3-PKG] [DEBUG] 📋 [analyzeJoiSchema] Schema keys: [ [32m&apos;web3authConfig&apos;[39m, [32m&apos;multiChainRpcs&apos;[39m ]
🤖 [MS3-PKG] [DEBUG] 🤖 [MS3-PKG] [DEBUG] 🤖 [MS3-PKG] [DEBUG] 🤖 [MS3-PKG] [DEBUG] 🤖 [MS3-PKG] [DEBUG] 🤖 [MS3-PKG] [DEBUG] 🤖 [MS3-PKG] [DEBUG] 🤖 [MS3-PKG] [DEBUG] 🤖 [MS3-PKG] [DEBUG] 🤖 [MS3-PKG] [DEBUG] 🤖 [MS3-PKG] [DEBUG] 🤖 [MS3-PKG] [DEBUG] 🤖 [MS3-PKG] [DEBUG] 🤖 [MS3-PKG] [DEBUG] ✅ [analyzeJoiSchema] Processing object schema with 2 keys
🤖 [MS3-PKG] [DEBUG] 🤖 [MS3-PKG] [DEBUG] 🤖 [MS3-PKG] [DEBUG] 🤖 [MS3-PKG] [DEBUG] 🤖 [MS3-PKG] [DEBUG] 🤖 [MS3-PKG] [DEBUG] 🤖 [MS3-PKG] [DEBUG] 🤖 [MS3-PKG] [DEBUG] 🤖 [MS3-PKG] [DEBUG] 🤖 [MS3-PKG] [DEBUG] 🤖 [MS3-PKG] [DEBUG] 🤖 [MS3-PKG] [DEBUG] 🤖 [MS3-PKG] [DEBUG] 🤖 [MS3-PKG] [DEBUG] 🔑 [analyzeJoiSchema] Processing field: web3authConfig
🤖 [MS3-PKG] [DEBUG] 🤖 [MS3-PKG] [DEBUG] 🤖 [MS3-PKG] [DEBUG] 🤖 [MS3-PKG] [DEBUG] 🤖 [MS3-PKG] [DEBUG] 🤖 [MS3-PKG] [DEBUG] 🤖 [MS3-PKG] [DEBUG] 🤖 [MS3-PKG] [DEBUG] 🤖 [MS3-PKG] [DEBUG] 🤖 [MS3-PKG] [DEBUG] 🤖 [MS3-PKG] [DEBUG] 🤖 [MS3-PKG] [DEBUG] 🤖 [MS3-PKG] [DEBUG] 🤖 [MS3-PKG] [DEBUG] 📝 [analyzeJoiSchema] Field description: {
  type: [32m&apos;object&apos;[39m,
  flags: {
    presence: [32m&apos;required&apos;[39m,
    description: [32m&apos;Web3Auth configuration object&apos;[39m
  },
  keys: {
    clientId: { type: [32m&apos;string&apos;[39m, flags: [36m[Object][39m },
    web3AuthNetwork: { type: [32m&apos;string&apos;[39m, flags: [36m[Object][39m, allow: [36m[Array][39m },
    chainConfig: { type: [32m&apos;object&apos;[39m, flags: [36m[Object][39m, keys: [36m[Object][39m },
    loginConfig: { type: [32m&apos;object&apos;[39m, flags: [36m[Object][39m },
    privateKeyProvider: { type: [32m&apos;any&apos;[39m, flags: [36m[Object][39m }
  }
}
🤖 [MS3-PKG] [DEBUG] 🤖 [MS3-PKG] [DEBUG] 🤖 [MS3-PKG] [DEBUG] 🤖 [MS3-PKG] [DEBUG] 🤖 [MS3-PKG] [DEBUG] 🤖 [MS3-PKG] [DEBUG] 🤖 [MS3-PKG] [DEBUG] 🤖 [MS3-PKG] [DEBUG] 🤖 [MS3-PKG] [DEBUG] 🤖 [MS3-PKG] [DEBUG] 🤖 [MS3-PKG] [DEBUG] 🤖 [MS3-PKG] [DEBUG] 🤖 [MS3-PKG] [DEBUG] 🤖 [MS3-PKG] [DEBUG] 📊 [analyzeJoiSchema] Field web3authConfig: type=object, required=true, message=&quot;Web3Auth configuration object&quot;
🤖 [MS3-PKG] [DEBUG] 🤖 [MS3-PKG] [DEBUG] 🤖 [MS3-PKG] [DEBUG] 🤖 [MS3-PKG] [DEBUG] 🤖 [MS3-PKG] [DEBUG] 🤖 [MS3-PKG] [DEBUG] 🤖 [MS3-PKG] [DEBUG] 🤖 [MS3-PKG] [DEBUG] 🤖 [MS3-PKG] [DEBUG] 🤖 [MS3-PKG] [DEBUG] 🤖 [MS3-PKG] [DEBUG] 🤖 [MS3-PKG] [DEBUG] 🤖 [MS3-PKG] [DEBUG] 🤖 [MS3-PKG] [DEBUG] 🔄 [analyzeJoiSchema] Recursing into nested object: web3authConfig
🤖 [MS3-PKG] [DEBUG] 🤖 [MS3-PKG] [DEBUG] 🤖 [MS3-PKG] [DEBUG] 🤖 [MS3-PKG] [DEBUG] 🤖 [MS3-PKG] [DEBUG] 🤖 [MS3-PKG] [DEBUG] 🤖 [MS3-PKG] [DEBUG] 🤖 [MS3-PKG] [DEBUG] 🤖 [MS3-PKG] [DEBUG] 🤖 [MS3-PKG] [DEBUG] 🤖 [MS3-PKG] [DEBUG] 🤖 [MS3-PKG] [DEBUG] 🤖 [MS3-PKG] [DEBUG] 🤖 [MS3-PKG] [DEBUG] 🔑 [analyzeJoiSchema] Processing field: multiChainRpcs
🤖 [MS3-PKG] [DEBUG] 🤖 [MS3-PKG] [DEBUG] 🤖 [MS3-PKG] [DEBUG] 🤖 [MS3-PKG] [DEBUG] 🤖 [MS3-PKG] [DEBUG] 🤖 [MS3-PKG] [DEBUG] 🤖 [MS3-PKG] [DEBUG] 🤖 [MS3-PKG] [DEBUG] 🤖 [MS3-PKG] [DEBUG] 🤖 [MS3-PKG] [DEBUG] 🤖 [MS3-PKG] [DEBUG] 🤖 [MS3-PKG] [DEBUG] 🤖 [MS3-PKG] [DEBUG] 🤖 [MS3-PKG] [DEBUG] 📝 [analyzeJoiSchema] Field description: {
  type: [32m&apos;object&apos;[39m,
  flags: {
    presence: [32m&apos;optional&apos;[39m,
    description: [32m&apos;Multi-chain RPC configuration - maps chain IDs to RPC URL arrays&apos;[39m
  },
  patterns: [ { schema: [36m[Object][39m, rule: [36m[Object][39m } ]
}
🤖 [MS3-PKG] [DEBUG] 🤖 [MS3-PKG] [DEBUG] 🤖 [MS3-PKG] [DEBUG] 🤖 [MS3-PKG] [DEBUG] 🤖 [MS3-PKG] [DEBUG] 🤖 [MS3-PKG] [DEBUG] 🤖 [MS3-PKG] [DEBUG] 🤖 [MS3-PKG] [DEBUG] 🤖 [MS3-PKG] [DEBUG] 🤖 [MS3-PKG] [DEBUG] 🤖 [MS3-PKG] [DEBUG] 🤖 [MS3-PKG] [DEBUG] 🤖 [MS3-PKG] [DEBUG] 🤖 [MS3-PKG] [DEBUG] 📊 [analyzeJoiSchema] Field multiChainRpcs: type=object, required=false, message=&quot;Multi-chain RPC configuration - maps chain IDs to RPC URL arrays&quot;
🤖 [MS3-PKG] [INFO] 🤖 [MS3-PKG] [INFO] 🤖 [MS3-PKG] [INFO] 🤖 [MS3-PKG] [INFO] 🤖 [MS3-PKG] [INFO] 🤖 [MS3-PKG] [INFO] 🤖 [MS3-PKG] [INFO] 🤖 [MS3-PKG] [INFO] 🤖 [MS3-PKG] [INFO] 🤖 [MS3-PKG] [INFO] 🤖 [MS3-PKG] [INFO] 🤖 [MS3-PKG] [INFO] 🤖 [MS3-PKG] [INFO] 🤖 [MS3-PKG] [INFO] 📊 [analyzeJoiSchema] Generated 14 requirements for options
🤖 [MS3-PKG] [DEBUG] 🤖 [MS3-PKG] [DEBUG] 🤖 [MS3-PKG] [DEBUG] 🤖 [MS3-PKG] [DEBUG] 🤖 [MS3-PKG] [DEBUG] 🤖 [MS3-PKG] [DEBUG] 🤖 [MS3-PKG] [DEBUG] 🤖 [MS3-PKG] [DEBUG] 🤖 [MS3-PKG] [DEBUG] 🤖 [MS3-PKG] [DEBUG] 🤖 [MS3-PKG] [DEBUG] 🤖 [MS3-PKG] [DEBUG] 🤖 [MS3-PKG] [DEBUG] 🤖 [MS3-PKG] [DEBUG] 🔍 [getRequirements] Starting analysis for bulk-test-5
🤖 [MS3-PKG] [DEBUG] 🤖 [MS3-PKG] [DEBUG] 🤖 [MS3-PKG] [DEBUG] 🤖 [MS3-PKG] [DEBUG] 🤖 [MS3-PKG] [DEBUG] 🤖 [MS3-PKG] [DEBUG] 🤖 [MS3-PKG] [DEBUG] 🤖 [MS3-PKG] [DEBUG] 🤖 [MS3-PKG] [DEBUG] 🤖 [MS3-PKG] [DEBUG] 🤖 [MS3-PKG] [DEBUG] 🤖 [MS3-PKG] [DEBUG] 🤖 [MS3-PKG] [DEBUG] 🤖 [MS3-PKG] [DEBUG] 🔬 [analyzeJoiSchema] Analyzing schema at path: options
🤖 [MS3-PKG] [DEBUG] 🤖 [MS3-PKG] [DEBUG] 🤖 [MS3-PKG] [DEBUG] 🤖 [MS3-PKG] [DEBUG] 🤖 [MS3-PKG] [DEBUG] 🤖 [MS3-PKG] [DEBUG] 🤖 [MS3-PKG] [DEBUG] 🤖 [MS3-PKG] [DEBUG] 🤖 [MS3-PKG] [DEBUG] 🤖 [MS3-PKG] [DEBUG] 🤖 [MS3-PKG] [DEBUG] 🤖 [MS3-PKG] [DEBUG] 🤖 [MS3-PKG] [DEBUG] 🤖 [MS3-PKG] [DEBUG] 📋 [analyzeJoiSchema] Schema description type: object
🤖 [MS3-PKG] [DEBUG] 🤖 [MS3-PKG] [DEBUG] 🤖 [MS3-PKG] [DEBUG] 🤖 [MS3-PKG] [DEBUG] 🤖 [MS3-PKG] [DEBUG] 🤖 [MS3-PKG] [DEBUG] 🤖 [MS3-PKG] [DEBUG] 🤖 [MS3-PKG] [DEBUG] 🤖 [MS3-PKG] [DEBUG] 🤖 [MS3-PKG] [DEBUG] 🤖 [MS3-PKG] [DEBUG] 🤖 [MS3-PKG] [DEBUG] 🤖 [MS3-PKG] [DEBUG] 🤖 [MS3-PKG] [DEBUG] 📋 [analyzeJoiSchema] Schema keys: [ [32m&apos;privateKey&apos;[39m, [32m&apos;provider&apos;[39m, [32m&apos;multiChainRpcs&apos;[39m ]
🤖 [MS3-PKG] [DEBUG] 🤖 [MS3-PKG] [DEBUG] 🤖 [MS3-PKG] [DEBUG] 🤖 [MS3-PKG] [DEBUG] 🤖 [MS3-PKG] [DEBUG] 🤖 [MS3-PKG] [DEBUG] 🤖 [MS3-PKG] [DEBUG] 🤖 [MS3-PKG] [DEBUG] 🤖 [MS3-PKG] [DEBUG] 🤖 [MS3-PKG] [DEBUG] 🤖 [MS3-PKG] [DEBUG] 🤖 [MS3-PKG] [DEBUG] 🤖 [MS3-PKG] [DEBUG] 🤖 [MS3-PKG] [DEBUG] ✅ [analyzeJoiSchema] Processing object schema with 3 keys
🤖 [MS3-PKG] [DEBUG] 🤖 [MS3-PKG] [DEBUG] 🤖 [MS3-PKG] [DEBUG] 🤖 [MS3-PKG] [DEBUG] 🤖 [MS3-PKG] [DEBUG] 🤖 [MS3-PKG] [DEBUG] 🤖 [MS3-PKG] [DEBUG] 🤖 [MS3-PKG] [DEBUG] 🤖 [MS3-PKG] [DEBUG] 🤖 [MS3-PKG] [DEBUG] 🤖 [MS3-PKG] [DEBUG] 🤖 [MS3-PKG] [DEBUG] 🤖 [MS3-PKG] [DEBUG] 🤖 [MS3-PKG] [DEBUG] 🔑 [analyzeJoiSchema] Processing field: privateKey
🤖 [MS3-PKG] [DEBUG] 🤖 [MS3-PKG] [DEBUG] 🤖 [MS3-PKG] [DEBUG] 🤖 [MS3-PKG] [DEBUG] 🤖 [MS3-PKG] [DEBUG] 🤖 [MS3-PKG] [DEBUG] 🤖 [MS3-PKG] [DEBUG] 🤖 [MS3-PKG] [DEBUG] 🤖 [MS3-PKG] [DEBUG] 🤖 [MS3-PKG] [DEBUG] 🤖 [MS3-PKG] [DEBUG] 🤖 [MS3-PKG] [DEBUG] 🤖 [MS3-PKG] [DEBUG] 🤖 [MS3-PKG] [DEBUG] 📝 [analyzeJoiSchema] Field description: {
  type: [32m&apos;string&apos;[39m,
  flags: {
    presence: [32m&apos;required&apos;[39m,
    description: [32m&apos;Private key for wallet (generates random if not provided)&apos;[39m
  },
  rules: [ { name: [32m&apos;pattern&apos;[39m, args: [36m[Object][39m } ]
}
🤖 [MS3-PKG] [DEBUG] 🤖 [MS3-PKG] [DEBUG] 🤖 [MS3-PKG] [DEBUG] 🤖 [MS3-PKG] [DEBUG] 🤖 [MS3-PKG] [DEBUG] 🤖 [MS3-PKG] [DEBUG] 🤖 [MS3-PKG] [DEBUG] 🤖 [MS3-PKG] [DEBUG] 🤖 [MS3-PKG] [DEBUG] 🤖 [MS3-PKG] [DEBUG] 🤖 [MS3-PKG] [DEBUG] 🤖 [MS3-PKG] [DEBUG] 🤖 [MS3-PKG] [DEBUG] 🤖 [MS3-PKG] [DEBUG] 📊 [analyzeJoiSchema] Field privateKey: type=string, required=true, message=&quot;Private key for wallet (generates random if not provided)&quot;
🤖 [MS3-PKG] [DEBUG] 🤖 [MS3-PKG] [DEBUG] 🤖 [MS3-PKG] [DEBUG] 🤖 [MS3-PKG] [DEBUG] 🤖 [MS3-PKG] [DEBUG] 🤖 [MS3-PKG] [DEBUG] 🤖 [MS3-PKG] [DEBUG] 🤖 [MS3-PKG] [DEBUG] 🤖 [MS3-PKG] [DEBUG] 🤖 [MS3-PKG] [DEBUG] 🤖 [MS3-PKG] [DEBUG] 🤖 [MS3-PKG] [DEBUG] 🤖 [MS3-PKG] [DEBUG] 🤖 [MS3-PKG] [DEBUG] 🔑 [analyzeJoiSchema] Processing field: provider
🤖 [MS3-PKG] [DEBUG] 🤖 [MS3-PKG] [DEBUG] 🤖 [MS3-PKG] [DEBUG] 🤖 [MS3-PKG] [DEBUG] 🤖 [MS3-PKG] [DEBUG] 🤖 [MS3-PKG] [DEBUG] 🤖 [MS3-PKG] [DEBUG] 🤖 [MS3-PKG] [DEBUG] 🤖 [MS3-PKG] [DEBUG] 🤖 [MS3-PKG] [DEBUG] 🤖 [MS3-PKG] [DEBUG] 🤖 [MS3-PKG] [DEBUG] 🤖 [MS3-PKG] [DEBUG] 🤖 [MS3-PKG] [DEBUG] 📝 [analyzeJoiSchema] Field description: {
  type: [32m&apos;object&apos;[39m,
  flags: {
    presence: [32m&apos;optional&apos;[39m,
    description: [32m&apos;Optional provider configuration&apos;[39m
  },
  keys: {
    name: { type: [32m&apos;string&apos;[39m, flags: [36m[Object][39m },
    chainId: { type: [32m&apos;string&apos;[39m, flags: [36m[Object][39m, rules: [36m[Array][39m },
    rpcUrls: { type: [32m&apos;array&apos;[39m, flags: [36m[Object][39m, rules: [36m[Array][39m, items: [36m[Array][39m },
    displayName: { type: [32m&apos;string&apos;[39m, flags: [36m[Object][39m }
  }
}
🤖 [MS3-PKG] [DEBUG] 🤖 [MS3-PKG] [DEBUG] 🤖 [MS3-PKG] [DEBUG] 🤖 [MS3-PKG] [DEBUG] 🤖 [MS3-PKG] [DEBUG] 🤖 [MS3-PKG] [DEBUG] 🤖 [MS3-PKG] [DEBUG] 🤖 [MS3-PKG] [DEBUG] 🤖 [MS3-PKG] [DEBUG] 🤖 [MS3-PKG] [DEBUG] 🤖 [MS3-PKG] [DEBUG] 🤖 [MS3-PKG] [DEBUG] 🤖 [MS3-PKG] [DEBUG] 🤖 [MS3-PKG] [DEBUG] 📊 [analyzeJoiSchema] Field provider: type=object, required=false, message=&quot;Optional provider configuration&quot;
🤖 [MS3-PKG] [DEBUG] 🤖 [MS3-PKG] [DEBUG] 🤖 [MS3-PKG] [DEBUG] 🤖 [MS3-PKG] [DEBUG] 🤖 [MS3-PKG] [DEBUG] 🤖 [MS3-PKG] [DEBUG] 🤖 [MS3-PKG] [DEBUG] 🤖 [MS3-PKG] [DEBUG] 🤖 [MS3-PKG] [DEBUG] 🤖 [MS3-PKG] [DEBUG] 🤖 [MS3-PKG] [DEBUG] 🤖 [MS3-PKG] [DEBUG] 🤖 [MS3-PKG] [DEBUG] 🤖 [MS3-PKG] [DEBUG] 🔄 [analyzeJoiSchema] Recursing into nested object: provider
🤖 [MS3-PKG] [DEBUG] 🤖 [MS3-PKG] [DEBUG] 🤖 [MS3-PKG] [DEBUG] 🤖 [MS3-PKG] [DEBUG] 🤖 [MS3-PKG] [DEBUG] 🤖 [MS3-PKG] [DEBUG] 🤖 [MS3-PKG] [DEBUG] 🤖 [MS3-PKG] [DEBUG] 🤖 [MS3-PKG] [DEBUG] 🤖 [MS3-PKG] [DEBUG] 🤖 [MS3-PKG] [DEBUG] 🤖 [MS3-PKG] [DEBUG] 🤖 [MS3-PKG] [DEBUG] 🤖 [MS3-PKG] [DEBUG] 🔑 [analyzeJoiSchema] Processing field: multiChainRpcs
🤖 [MS3-PKG] [DEBUG] 🤖 [MS3-PKG] [DEBUG] 🤖 [MS3-PKG] [DEBUG] 🤖 [MS3-PKG] [DEBUG] 🤖 [MS3-PKG] [DEBUG] 🤖 [MS3-PKG] [DEBUG] 🤖 [MS3-PKG] [DEBUG] 🤖 [MS3-PKG] [DEBUG] 🤖 [MS3-PKG] [DEBUG] 🤖 [MS3-PKG] [DEBUG] 🤖 [MS3-PKG] [DEBUG] 🤖 [MS3-PKG] [DEBUG] 🤖 [MS3-PKG] [DEBUG] 🤖 [MS3-PKG] [DEBUG] 📝 [analyzeJoiSchema] Field description: {
  type: [32m&apos;object&apos;[39m,
  flags: {
    presence: [32m&apos;optional&apos;[39m,
    description: [32m&apos;Multi-chain RPC configuration - maps chain IDs to RPC URL arrays&apos;[39m
  },
  patterns: [ { schema: [36m[Object][39m, rule: [36m[Object][39m } ]
}
🤖 [MS3-PKG] [DEBUG] 🤖 [MS3-PKG] [DEBUG] 🤖 [MS3-PKG] [DEBUG] 🤖 [MS3-PKG] [DEBUG] 🤖 [MS3-PKG] [DEBUG] 🤖 [MS3-PKG] [DEBUG] 🤖 [MS3-PKG] [DEBUG] 🤖 [MS3-PKG] [DEBUG] 🤖 [MS3-PKG] [DEBUG] 🤖 [MS3-PKG] [DEBUG] 🤖 [MS3-PKG] [DEBUG] 🤖 [MS3-PKG] [DEBUG] 🤖 [MS3-PKG] [DEBUG] 🤖 [MS3-PKG] [DEBUG] 📊 [analyzeJoiSchema] Field multiChainRpcs: type=object, required=false, message=&quot;Multi-chain RPC configuration - maps chain IDs to RPC URL arrays&quot;
🤖 [MS3-PKG] [INFO] 🤖 [MS3-PKG] [INFO] 🤖 [MS3-PKG] [INFO] 🤖 [MS3-PKG] [INFO] 🤖 [MS3-PKG] [INFO] 🤖 [MS3-PKG] [INFO] 🤖 [MS3-PKG] [INFO] 🤖 [MS3-PKG] [INFO] 🤖 [MS3-PKG] [INFO] 🤖 [MS3-PKG] [INFO] 🤖 [MS3-PKG] [INFO] 🤖 [MS3-PKG] [INFO] 🤖 [MS3-PKG] [INFO] 🤖 [MS3-PKG] [INFO] 📊 [analyzeJoiSchema] Generated 7 requirements for options
🤖 [MS3-PKG] [DEBUG] 🤖 [MS3-PKG] [DEBUG] 🤖 [MS3-PKG] [DEBUG] 🤖 [MS3-PKG] [DEBUG] 🤖 [MS3-PKG] [DEBUG] 🤖 [MS3-PKG] [DEBUG] 🤖 [MS3-PKG] [DEBUG] 🤖 [MS3-PKG] [DEBUG] 🤖 [MS3-PKG] [DEBUG] 🤖 [MS3-PKG] [DEBUG] 🤖 [MS3-PKG] [DEBUG] 🤖 [MS3-PKG] [DEBUG] 🤖 [MS3-PKG] [DEBUG] 🤖 [MS3-PKG] [DEBUG] 🔍 [getRequirements] Starting analysis for bulk-test-5
🤖 [MS3-PKG] [DEBUG] 🤖 [MS3-PKG] [DEBUG] 🤖 [MS3-PKG] [DEBUG] 🤖 [MS3-PKG] [DEBUG] 🤖 [MS3-PKG] [DEBUG] 🤖 [MS3-PKG] [DEBUG] 🤖 [MS3-PKG] [DEBUG] 🤖 [MS3-PKG] [DEBUG] 🤖 [MS3-PKG] [DEBUG] 🤖 [MS3-PKG] [DEBUG] 🤖 [MS3-PKG] [DEBUG] 🤖 [MS3-PKG] [DEBUG] 🤖 [MS3-PKG] [DEBUG] 🤖 [MS3-PKG] [DEBUG] 🔬 [analyzeJoiSchema] Analyzing schema at path: options
🤖 [MS3-PKG] [DEBUG] 🤖 [MS3-PKG] [DEBUG] 🤖 [MS3-PKG] [DEBUG] 🤖 [MS3-PKG] [DEBUG] 🤖 [MS3-PKG] [DEBUG] 🤖 [MS3-PKG] [DEBUG] 🤖 [MS3-PKG] [DEBUG] 🤖 [MS3-PKG] [DEBUG] 🤖 [MS3-PKG] [DEBUG] 🤖 [MS3-PKG] [DEBUG] 🤖 [MS3-PKG] [DEBUG] 🤖 [MS3-PKG] [DEBUG] 🤖 [MS3-PKG] [DEBUG] 🤖 [MS3-PKG] [DEBUG] 📋 [analyzeJoiSchema] Schema description type: object
🤖 [MS3-PKG] [DEBUG] 🤖 [MS3-PKG] [DEBUG] 🤖 [MS3-PKG] [DEBUG] 🤖 [MS3-PKG] [DEBUG] 🤖 [MS3-PKG] [DEBUG] 🤖 [MS3-PKG] [DEBUG] 🤖 [MS3-PKG] [DEBUG] 🤖 [MS3-PKG] [DEBUG] 🤖 [MS3-PKG] [DEBUG] 🤖 [MS3-PKG] [DEBUG] 🤖 [MS3-PKG] [DEBUG] 🤖 [MS3-PKG] [DEBUG] 🤖 [MS3-PKG] [DEBUG] 🤖 [MS3-PKG] [DEBUG] 📋 [analyzeJoiSchema] Schema keys: [ [32m&apos;web3authConfig&apos;[39m, [32m&apos;multiChainRpcs&apos;[39m ]
🤖 [MS3-PKG] [DEBUG] 🤖 [MS3-PKG] [DEBUG] 🤖 [MS3-PKG] [DEBUG] 🤖 [MS3-PKG] [DEBUG] 🤖 [MS3-PKG] [DEBUG] 🤖 [MS3-PKG] [DEBUG] 🤖 [MS3-PKG] [DEBUG] 🤖 [MS3-PKG] [DEBUG] 🤖 [MS3-PKG] [DEBUG] 🤖 [MS3-PKG] [DEBUG] 🤖 [MS3-PKG] [DEBUG] 🤖 [MS3-PKG] [DEBUG] 🤖 [MS3-PKG] [DEBUG] 🤖 [MS3-PKG] [DEBUG] ✅ [analyzeJoiSchema] Processing object schema with 2 keys
🤖 [MS3-PKG] [DEBUG] 🤖 [MS3-PKG] [DEBUG] 🤖 [MS3-PKG] [DEBUG] 🤖 [MS3-PKG] [DEBUG] 🤖 [MS3-PKG] [DEBUG] 🤖 [MS3-PKG] [DEBUG] 🤖 [MS3-PKG] [DEBUG] 🤖 [MS3-PKG] [DEBUG] 🤖 [MS3-PKG] [DEBUG] 🤖 [MS3-PKG] [DEBUG] 🤖 [MS3-PKG] [DEBUG] 🤖 [MS3-PKG] [DEBUG] 🤖 [MS3-PKG] [DEBUG] 🤖 [MS3-PKG] [DEBUG] 🔑 [analyzeJoiSchema] Processing field: web3authConfig
🤖 [MS3-PKG] [DEBUG] 🤖 [MS3-PKG] [DEBUG] 🤖 [MS3-PKG] [DEBUG] 🤖 [MS3-PKG] [DEBUG] 🤖 [MS3-PKG] [DEBUG] 🤖 [MS3-PKG] [DEBUG] 🤖 [MS3-PKG] [DEBUG] 🤖 [MS3-PKG] [DEBUG] 🤖 [MS3-PKG] [DEBUG] 🤖 [MS3-PKG] [DEBUG] 🤖 [MS3-PKG] [DEBUG] 🤖 [MS3-PKG] [DEBUG] 🤖 [MS3-PKG] [DEBUG] 🤖 [MS3-PKG] [DEBUG] 📝 [analyzeJoiSchema] Field description: {
  type: [32m&apos;object&apos;[39m,
  flags: {
    presence: [32m&apos;required&apos;[39m,
    description: [32m&apos;Web3Auth configuration object&apos;[39m
  },
  keys: {
    clientId: { type: [32m&apos;string&apos;[39m, flags: [36m[Object][39m },
    web3AuthNetwork: { type: [32m&apos;string&apos;[39m, flags: [36m[Object][39m, allow: [36m[Array][39m },
    chainConfig: { type: [32m&apos;object&apos;[39m, flags: [36m[Object][39m, keys: [36m[Object][39m },
    loginConfig: { type: [32m&apos;object&apos;[39m, flags: [36m[Object][39m },
    privateKeyProvider: { type: [32m&apos;any&apos;[39m, flags: [36m[Object][39m }
  }
}
🤖 [MS3-PKG] [DEBUG] 🤖 [MS3-PKG] [DEBUG] 🤖 [MS3-PKG] [DEBUG] 🤖 [MS3-PKG] [DEBUG] 🤖 [MS3-PKG] [DEBUG] 🤖 [MS3-PKG] [DEBUG] 🤖 [MS3-PKG] [DEBUG] 🤖 [MS3-PKG] [DEBUG] 🤖 [MS3-PKG] [DEBUG] 🤖 [MS3-PKG] [DEBUG] 🤖 [MS3-PKG] [DEBUG] 🤖 [MS3-PKG] [DEBUG] 🤖 [MS3-PKG] [DEBUG] 🤖 [MS3-PKG] [DEBUG] 📊 [analyzeJoiSchema] Field web3authConfig: type=object, required=true, message=&quot;Web3Auth configuration object&quot;
🤖 [MS3-PKG] [DEBUG] 🤖 [MS3-PKG] [DEBUG] 🤖 [MS3-PKG] [DEBUG] 🤖 [MS3-PKG] [DEBUG] 🤖 [MS3-PKG] [DEBUG] 🤖 [MS3-PKG] [DEBUG] 🤖 [MS3-PKG] [DEBUG] 🤖 [MS3-PKG] [DEBUG] 🤖 [MS3-PKG] [DEBUG] 🤖 [MS3-PKG] [DEBUG] 🤖 [MS3-PKG] [DEBUG] 🤖 [MS3-PKG] [DEBUG] 🤖 [MS3-PKG] [DEBUG] 🤖 [MS3-PKG] [DEBUG] 🔄 [analyzeJoiSchema] Recursing into nested object: web3authConfig
🤖 [MS3-PKG] [DEBUG] 🤖 [MS3-PKG] [DEBUG] 🤖 [MS3-PKG] [DEBUG] 🤖 [MS3-PKG] [DEBUG] 🤖 [MS3-PKG] [DEBUG] 🤖 [MS3-PKG] [DEBUG] 🤖 [MS3-PKG] [DEBUG] 🤖 [MS3-PKG] [DEBUG] 🤖 [MS3-PKG] [DEBUG] 🤖 [MS3-PKG] [DEBUG] 🤖 [MS3-PKG] [DEBUG] 🤖 [MS3-PKG] [DEBUG] 🤖 [MS3-PKG] [DEBUG] 🤖 [MS3-PKG] [DEBUG] 🔑 [analyzeJoiSchema] Processing field: multiChainRpcs
🤖 [MS3-PKG] [DEBUG] 🤖 [MS3-PKG] [DEBUG] 🤖 [MS3-PKG] [DEBUG] 🤖 [MS3-PKG] [DEBUG] 🤖 [MS3-PKG] [DEBUG] 🤖 [MS3-PKG] [DEBUG] 🤖 [MS3-PKG] [DEBUG] 🤖 [MS3-PKG] [DEBUG] 🤖 [MS3-PKG] [DEBUG] 🤖 [MS3-PKG] [DEBUG] 🤖 [MS3-PKG] [DEBUG] 🤖 [MS3-PKG] [DEBUG] 🤖 [MS3-PKG] [DEBUG] 🤖 [MS3-PKG] [DEBUG] 📝 [analyzeJoiSchema] Field description: {
  type: [32m&apos;object&apos;[39m,
  flags: {
    presence: [32m&apos;optional&apos;[39m,
    description: [32m&apos;Multi-chain RPC configuration - maps chain IDs to RPC URL arrays&apos;[39m
  },
  patterns: [ { schema: [36m[Object][39m, rule: [36m[Object][39m } ]
}
🤖 [MS3-PKG] [DEBUG] 🤖 [MS3-PKG] [DEBUG] 🤖 [MS3-PKG] [DEBUG] 🤖 [MS3-PKG] [DEBUG] 🤖 [MS3-PKG] [DEBUG] 🤖 [MS3-PKG] [DEBUG] 🤖 [MS3-PKG] [DEBUG] 🤖 [MS3-PKG] [DEBUG] 🤖 [MS3-PKG] [DEBUG] 🤖 [MS3-PKG] [DEBUG] 🤖 [MS3-PKG] [DEBUG] 🤖 [MS3-PKG] [DEBUG] 🤖 [MS3-PKG] [DEBUG] 🤖 [MS3-PKG] [DEBUG] 📊 [analyzeJoiSchema] Field multiChainRpcs: type=object, required=false, message=&quot;Multi-chain RPC configuration - maps chain IDs to RPC URL arrays&quot;
🤖 [MS3-PKG] [INFO] 🤖 [MS3-PKG] [INFO] 🤖 [MS3-PKG] [INFO] 🤖 [MS3-PKG] [INFO] 🤖 [MS3-PKG] [INFO] 🤖 [MS3-PKG] [INFO] 🤖 [MS3-PKG] [INFO] 🤖 [MS3-PKG] [INFO] 🤖 [MS3-PKG] [INFO] 🤖 [MS3-PKG] [INFO] 🤖 [MS3-PKG] [INFO] 🤖 [MS3-PKG] [INFO] 🤖 [MS3-PKG] [INFO] 🤖 [MS3-PKG] [INFO] 📊 [analyzeJoiSchema] Generated 14 requirements for options
🤖 [MS3-PKG] [DEBUG] 🤖 [MS3-PKG] [DEBUG] 🤖 [MS3-PKG] [DEBUG] 🤖 [MS3-PKG] [DEBUG] 🤖 [MS3-PKG] [DEBUG] 🤖 [MS3-PKG] [DEBUG] 🤖 [MS3-PKG] [DEBUG] 🤖 [MS3-PKG] [DEBUG] 🤖 [MS3-PKG] [DEBUG] 🤖 [MS3-PKG] [DEBUG] 🤖 [MS3-PKG] [DEBUG] 🤖 [MS3-PKG] [DEBUG] 🤖 [MS3-PKG] [DEBUG] 🤖 [MS3-PKG] [DEBUG] 🔍 [getRequirements] Starting analysis for bulk-test-6
🤖 [MS3-PKG] [DEBUG] 🤖 [MS3-PKG] [DEBUG] 🤖 [MS3-PKG] [DEBUG] 🤖 [MS3-PKG] [DEBUG] 🤖 [MS3-PKG] [DEBUG] 🤖 [MS3-PKG] [DEBUG] 🤖 [MS3-PKG] [DEBUG] 🤖 [MS3-PKG] [DEBUG] 🤖 [MS3-PKG] [DEBUG] 🤖 [MS3-PKG] [DEBUG] 🤖 [MS3-PKG] [DEBUG] 🤖 [MS3-PKG] [DEBUG] 🤖 [MS3-PKG] [DEBUG] 🤖 [MS3-PKG] [DEBUG] 🔬 [analyzeJoiSchema] Analyzing schema at path: options
🤖 [MS3-PKG] [DEBUG] 🤖 [MS3-PKG] [DEBUG] 🤖 [MS3-PKG] [DEBUG] 🤖 [MS3-PKG] [DEBUG] 🤖 [MS3-PKG] [DEBUG] 🤖 [MS3-PKG] [DEBUG] 🤖 [MS3-PKG] [DEBUG] 🤖 [MS3-PKG] [DEBUG] 🤖 [MS3-PKG] [DEBUG] 🤖 [MS3-PKG] [DEBUG] 🤖 [MS3-PKG] [DEBUG] 🤖 [MS3-PKG] [DEBUG] 🤖 [MS3-PKG] [DEBUG] 🤖 [MS3-PKG] [DEBUG] 📋 [analyzeJoiSchema] Schema description type: object
🤖 [MS3-PKG] [DEBUG] 🤖 [MS3-PKG] [DEBUG] 🤖 [MS3-PKG] [DEBUG] 🤖 [MS3-PKG] [DEBUG] 🤖 [MS3-PKG] [DEBUG] 🤖 [MS3-PKG] [DEBUG] 🤖 [MS3-PKG] [DEBUG] 🤖 [MS3-PKG] [DEBUG] 🤖 [MS3-PKG] [DEBUG] 🤖 [MS3-PKG] [DEBUG] 🤖 [MS3-PKG] [DEBUG] 🤖 [MS3-PKG] [DEBUG] 🤖 [MS3-PKG] [DEBUG] 🤖 [MS3-PKG] [DEBUG] 📋 [analyzeJoiSchema] Schema keys: [ [32m&apos;privateKey&apos;[39m, [32m&apos;provider&apos;[39m, [32m&apos;multiChainRpcs&apos;[39m ]
🤖 [MS3-PKG] [DEBUG] 🤖 [MS3-PKG] [DEBUG] 🤖 [MS3-PKG] [DEBUG] 🤖 [MS3-PKG] [DEBUG] 🤖 [MS3-PKG] [DEBUG] 🤖 [MS3-PKG] [DEBUG] 🤖 [MS3-PKG] [DEBUG] 🤖 [MS3-PKG] [DEBUG] 🤖 [MS3-PKG] [DEBUG] 🤖 [MS3-PKG] [DEBUG] 🤖 [MS3-PKG] [DEBUG] 🤖 [MS3-PKG] [DEBUG] 🤖 [MS3-PKG] [DEBUG] 🤖 [MS3-PKG] [DEBUG] ✅ [analyzeJoiSchema] Processing object schema with 3 keys
🤖 [MS3-PKG] [DEBUG] 🤖 [MS3-PKG] [DEBUG] 🤖 [MS3-PKG] [DEBUG] 🤖 [MS3-PKG] [DEBUG] 🤖 [MS3-PKG] [DEBUG] 🤖 [MS3-PKG] [DEBUG] 🤖 [MS3-PKG] [DEBUG] 🤖 [MS3-PKG] [DEBUG] 🤖 [MS3-PKG] [DEBUG] 🤖 [MS3-PKG] [DEBUG] 🤖 [MS3-PKG] [DEBUG] 🤖 [MS3-PKG] [DEBUG] 🤖 [MS3-PKG] [DEBUG] 🤖 [MS3-PKG] [DEBUG] 🔑 [analyzeJoiSchema] Processing field: privateKey
🤖 [MS3-PKG] [DEBUG] 🤖 [MS3-PKG] [DEBUG] 🤖 [MS3-PKG] [DEBUG] 🤖 [MS3-PKG] [DEBUG] 🤖 [MS3-PKG] [DEBUG] 🤖 [MS3-PKG] [DEBUG] 🤖 [MS3-PKG] [DEBUG] 🤖 [MS3-PKG] [DEBUG] 🤖 [MS3-PKG] [DEBUG] 🤖 [MS3-PKG] [DEBUG] 🤖 [MS3-PKG] [DEBUG] 🤖 [MS3-PKG] [DEBUG] 🤖 [MS3-PKG] [DEBUG] 🤖 [MS3-PKG] [DEBUG] 📝 [analyzeJoiSchema] Field description: {
  type: [32m&apos;string&apos;[39m,
  flags: {
    presence: [32m&apos;required&apos;[39m,
    description: [32m&apos;Private key for wallet (generates random if not provided)&apos;[39m
  },
  rules: [ { name: [32m&apos;pattern&apos;[39m, args: [36m[Object][39m } ]
}
🤖 [MS3-PKG] [DEBUG] 🤖 [MS3-PKG] [DEBUG] 🤖 [MS3-PKG] [DEBUG] 🤖 [MS3-PKG] [DEBUG] 🤖 [MS3-PKG] [DEBUG] 🤖 [MS3-PKG] [DEBUG] 🤖 [MS3-PKG] [DEBUG] 🤖 [MS3-PKG] [DEBUG] 🤖 [MS3-PKG] [DEBUG] 🤖 [MS3-PKG] [DEBUG] 🤖 [MS3-PKG] [DEBUG] 🤖 [MS3-PKG] [DEBUG] 🤖 [MS3-PKG] [DEBUG] 🤖 [MS3-PKG] [DEBUG] 📊 [analyzeJoiSchema] Field privateKey: type=string, required=true, message=&quot;Private key for wallet (generates random if not provided)&quot;
🤖 [MS3-PKG] [DEBUG] 🤖 [MS3-PKG] [DEBUG] 🤖 [MS3-PKG] [DEBUG] 🤖 [MS3-PKG] [DEBUG] 🤖 [MS3-PKG] [DEBUG] 🤖 [MS3-PKG] [DEBUG] 🤖 [MS3-PKG] [DEBUG] 🤖 [MS3-PKG] [DEBUG] 🤖 [MS3-PKG] [DEBUG] 🤖 [MS3-PKG] [DEBUG] 🤖 [MS3-PKG] [DEBUG] 🤖 [MS3-PKG] [DEBUG] 🤖 [MS3-PKG] [DEBUG] 🤖 [MS3-PKG] [DEBUG] 🔑 [analyzeJoiSchema] Processing field: provider
🤖 [MS3-PKG] [DEBUG] 🤖 [MS3-PKG] [DEBUG] 🤖 [MS3-PKG] [DEBUG] 🤖 [MS3-PKG] [DEBUG] 🤖 [MS3-PKG] [DEBUG] 🤖 [MS3-PKG] [DEBUG] 🤖 [MS3-PKG] [DEBUG] 🤖 [MS3-PKG] [DEBUG] 🤖 [MS3-PKG] [DEBUG] 🤖 [MS3-PKG] [DEBUG] 🤖 [MS3-PKG] [DEBUG] 🤖 [MS3-PKG] [DEBUG] 🤖 [MS3-PKG] [DEBUG] 🤖 [MS3-PKG] [DEBUG] 📝 [analyzeJoiSchema] Field description: {
  type: [32m&apos;object&apos;[39m,
  flags: {
    presence: [32m&apos;optional&apos;[39m,
    description: [32m&apos;Optional provider configuration&apos;[39m
  },
  keys: {
    name: { type: [32m&apos;string&apos;[39m, flags: [36m[Object][39m },
    chainId: { type: [32m&apos;string&apos;[39m, flags: [36m[Object][39m, rules: [36m[Array][39m },
    rpcUrls: { type: [32m&apos;array&apos;[39m, flags: [36m[Object][39m, rules: [36m[Array][39m, items: [36m[Array][39m },
    displayName: { type: [32m&apos;string&apos;[39m, flags: [36m[Object][39m }
  }
}
🤖 [MS3-PKG] [DEBUG] 🤖 [MS3-PKG] [DEBUG] 🤖 [MS3-PKG] [DEBUG] 🤖 [MS3-PKG] [DEBUG] 🤖 [MS3-PKG] [DEBUG] 🤖 [MS3-PKG] [DEBUG] 🤖 [MS3-PKG] [DEBUG] 🤖 [MS3-PKG] [DEBUG] 🤖 [MS3-PKG] [DEBUG] 🤖 [MS3-PKG] [DEBUG] 🤖 [MS3-PKG] [DEBUG] 🤖 [MS3-PKG] [DEBUG] 🤖 [MS3-PKG] [DEBUG] 🤖 [MS3-PKG] [DEBUG] 📊 [analyzeJoiSchema] Field provider: type=object, required=false, message=&quot;Optional provider configuration&quot;
🤖 [MS3-PKG] [DEBUG] 🤖 [MS3-PKG] [DEBUG] 🤖 [MS3-PKG] [DEBUG] 🤖 [MS3-PKG] [DEBUG] 🤖 [MS3-PKG] [DEBUG] 🤖 [MS3-PKG] [DEBUG] 🤖 [MS3-PKG] [DEBUG] 🤖 [MS3-PKG] [DEBUG] 🤖 [MS3-PKG] [DEBUG] 🤖 [MS3-PKG] [DEBUG] 🤖 [MS3-PKG] [DEBUG] 🤖 [MS3-PKG] [DEBUG] 🤖 [MS3-PKG] [DEBUG] 🤖 [MS3-PKG] [DEBUG] 🔄 [analyzeJoiSchema] Recursing into nested object: provider
🤖 [MS3-PKG] [DEBUG] 🤖 [MS3-PKG] [DEBUG] 🤖 [MS3-PKG] [DEBUG] 🤖 [MS3-PKG] [DEBUG] 🤖 [MS3-PKG] [DEBUG] 🤖 [MS3-PKG] [DEBUG] 🤖 [MS3-PKG] [DEBUG] 🤖 [MS3-PKG] [DEBUG] 🤖 [MS3-PKG] [DEBUG] 🤖 [MS3-PKG] [DEBUG] 🤖 [MS3-PKG] [DEBUG] 🤖 [MS3-PKG] [DEBUG] 🤖 [MS3-PKG] [DEBUG] 🤖 [MS3-PKG] [DEBUG] 🔑 [analyzeJoiSchema] Processing field: multiChainRpcs
🤖 [MS3-PKG] [DEBUG] 🤖 [MS3-PKG] [DEBUG] 🤖 [MS3-PKG] [DEBUG] 🤖 [MS3-PKG] [DEBUG] 🤖 [MS3-PKG] [DEBUG] 🤖 [MS3-PKG] [DEBUG] 🤖 [MS3-PKG] [DEBUG] 🤖 [MS3-PKG] [DEBUG] 🤖 [MS3-PKG] [DEBUG] 🤖 [MS3-PKG] [DEBUG] 🤖 [MS3-PKG] [DEBUG] 🤖 [MS3-PKG] [DEBUG] 🤖 [MS3-PKG] [DEBUG] 🤖 [MS3-PKG] [DEBUG] 📝 [analyzeJoiSchema] Field description: {
  type: [32m&apos;object&apos;[39m,
  flags: {
    presence: [32m&apos;optional&apos;[39m,
    description: [32m&apos;Multi-chain RPC configuration - maps chain IDs to RPC URL arrays&apos;[39m
  },
  patterns: [ { schema: [36m[Object][39m, rule: [36m[Object][39m } ]
}
🤖 [MS3-PKG] [DEBUG] 🤖 [MS3-PKG] [DEBUG] 🤖 [MS3-PKG] [DEBUG] 🤖 [MS3-PKG] [DEBUG] 🤖 [MS3-PKG] [DEBUG] 🤖 [MS3-PKG] [DEBUG] 🤖 [MS3-PKG] [DEBUG] 🤖 [MS3-PKG] [DEBUG] 🤖 [MS3-PKG] [DEBUG] 🤖 [MS3-PKG] [DEBUG] 🤖 [MS3-PKG] [DEBUG] 🤖 [MS3-PKG] [DEBUG] 🤖 [MS3-PKG] [DEBUG] 🤖 [MS3-PKG] [DEBUG] 📊 [analyzeJoiSchema] Field multiChainRpcs: type=object, required=false, message=&quot;Multi-chain RPC configuration - maps chain IDs to RPC URL arrays&quot;
🤖 [MS3-PKG] [INFO] 🤖 [MS3-PKG] [INFO] 🤖 [MS3-PKG] [INFO] 🤖 [MS3-PKG] [INFO] 🤖 [MS3-PKG] [INFO] 🤖 [MS3-PKG] [INFO] 🤖 [MS3-PKG] [INFO] 🤖 [MS3-PKG] [INFO] 🤖 [MS3-PKG] [INFO] 🤖 [MS3-PKG] [INFO] 🤖 [MS3-PKG] [INFO] 🤖 [MS3-PKG] [INFO] 🤖 [MS3-PKG] [INFO] 🤖 [MS3-PKG] [INFO] 📊 [analyzeJoiSchema] Generated 7 requirements for options
🤖 [MS3-PKG] [DEBUG] 🤖 [MS3-PKG] [DEBUG] 🤖 [MS3-PKG] [DEBUG] 🤖 [MS3-PKG] [DEBUG] 🤖 [MS3-PKG] [DEBUG] 🤖 [MS3-PKG] [DEBUG] 🤖 [MS3-PKG] [DEBUG] 🤖 [MS3-PKG] [DEBUG] 🤖 [MS3-PKG] [DEBUG] 🤖 [MS3-PKG] [DEBUG] 🤖 [MS3-PKG] [DEBUG] 🤖 [MS3-PKG] [DEBUG] 🤖 [MS3-PKG] [DEBUG] 🤖 [MS3-PKG] [DEBUG] 🔍 [getRequirements] Starting analysis for bulk-test-6
🤖 [MS3-PKG] [DEBUG] 🤖 [MS3-PKG] [DEBUG] 🤖 [MS3-PKG] [DEBUG] 🤖 [MS3-PKG] [DEBUG] 🤖 [MS3-PKG] [DEBUG] 🤖 [MS3-PKG] [DEBUG] 🤖 [MS3-PKG] [DEBUG] 🤖 [MS3-PKG] [DEBUG] 🤖 [MS3-PKG] [DEBUG] 🤖 [MS3-PKG] [DEBUG] 🤖 [MS3-PKG] [DEBUG] 🤖 [MS3-PKG] [DEBUG] 🤖 [MS3-PKG] [DEBUG] 🤖 [MS3-PKG] [DEBUG] 🔬 [analyzeJoiSchema] Analyzing schema at path: options
🤖 [MS3-PKG] [DEBUG] 🤖 [MS3-PKG] [DEBUG] 🤖 [MS3-PKG] [DEBUG] 🤖 [MS3-PKG] [DEBUG] 🤖 [MS3-PKG] [DEBUG] 🤖 [MS3-PKG] [DEBUG] 🤖 [MS3-PKG] [DEBUG] 🤖 [MS3-PKG] [DEBUG] 🤖 [MS3-PKG] [DEBUG] 🤖 [MS3-PKG] [DEBUG] 🤖 [MS3-PKG] [DEBUG] 🤖 [MS3-PKG] [DEBUG] 🤖 [MS3-PKG] [DEBUG] 🤖 [MS3-PKG] [DEBUG] 📋 [analyzeJoiSchema] Schema description type: object
🤖 [MS3-PKG] [DEBUG] 🤖 [MS3-PKG] [DEBUG] 🤖 [MS3-PKG] [DEBUG] 🤖 [MS3-PKG] [DEBUG] 🤖 [MS3-PKG] [DEBUG] 🤖 [MS3-PKG] [DEBUG] 🤖 [MS3-PKG] [DEBUG] 🤖 [MS3-PKG] [DEBUG] 🤖 [MS3-PKG] [DEBUG] 🤖 [MS3-PKG] [DEBUG] 🤖 [MS3-PKG] [DEBUG] 🤖 [MS3-PKG] [DEBUG] 🤖 [MS3-PKG] [DEBUG] 🤖 [MS3-PKG] [DEBUG] 📋 [analyzeJoiSchema] Schema keys: [ [32m&apos;web3authConfig&apos;[39m, [32m&apos;multiChainRpcs&apos;[39m ]
🤖 [MS3-PKG] [DEBUG] 🤖 [MS3-PKG] [DEBUG] 🤖 [MS3-PKG] [DEBUG] 🤖 [MS3-PKG] [DEBUG] 🤖 [MS3-PKG] [DEBUG] 🤖 [MS3-PKG] [DEBUG] 🤖 [MS3-PKG] [DEBUG] 🤖 [MS3-PKG] [DEBUG] 🤖 [MS3-PKG] [DEBUG] 🤖 [MS3-PKG] [DEBUG] 🤖 [MS3-PKG] [DEBUG] 🤖 [MS3-PKG] [DEBUG] 🤖 [MS3-PKG] [DEBUG] 🤖 [MS3-PKG] [DEBUG] ✅ [analyzeJoiSchema] Processing object schema with 2 keys
🤖 [MS3-PKG] [DEBUG] 🤖 [MS3-PKG] [DEBUG] 🤖 [MS3-PKG] [DEBUG] 🤖 [MS3-PKG] [DEBUG] 🤖 [MS3-PKG] [DEBUG] 🤖 [MS3-PKG] [DEBUG] 🤖 [MS3-PKG] [DEBUG] 🤖 [MS3-PKG] [DEBUG] 🤖 [MS3-PKG] [DEBUG] 🤖 [MS3-PKG] [DEBUG] 🤖 [MS3-PKG] [DEBUG] 🤖 [MS3-PKG] [DEBUG] 🤖 [MS3-PKG] [DEBUG] 🤖 [MS3-PKG] [DEBUG] 🔑 [analyzeJoiSchema] Processing field: web3authConfig
🤖 [MS3-PKG] [DEBUG] 🤖 [MS3-PKG] [DEBUG] 🤖 [MS3-PKG] [DEBUG] 🤖 [MS3-PKG] [DEBUG] 🤖 [MS3-PKG] [DEBUG] 🤖 [MS3-PKG] [DEBUG] 🤖 [MS3-PKG] [DEBUG] 🤖 [MS3-PKG] [DEBUG] 🤖 [MS3-PKG] [DEBUG] 🤖 [MS3-PKG] [DEBUG] 🤖 [MS3-PKG] [DEBUG] 🤖 [MS3-PKG] [DEBUG] 🤖 [MS3-PKG] [DEBUG] 🤖 [MS3-PKG] [DEBUG] 📝 [analyzeJoiSchema] Field description: {
  type: [32m&apos;object&apos;[39m,
  flags: {
    presence: [32m&apos;required&apos;[39m,
    description: [32m&apos;Web3Auth configuration object&apos;[39m
  },
  keys: {
    clientId: { type: [32m&apos;string&apos;[39m, flags: [36m[Object][39m },
    web3AuthNetwork: { type: [32m&apos;string&apos;[39m, flags: [36m[Object][39m, allow: [36m[Array][39m },
    chainConfig: { type: [32m&apos;object&apos;[39m, flags: [36m[Object][39m, keys: [36m[Object][39m },
    loginConfig: { type: [32m&apos;object&apos;[39m, flags: [36m[Object][39m },
    privateKeyProvider: { type: [32m&apos;any&apos;[39m, flags: [36m[Object][39m }
  }
}
🤖 [MS3-PKG] [DEBUG] 🤖 [MS3-PKG] [DEBUG] 🤖 [MS3-PKG] [DEBUG] 🤖 [MS3-PKG] [DEBUG] 🤖 [MS3-PKG] [DEBUG] 🤖 [MS3-PKG] [DEBUG] 🤖 [MS3-PKG] [DEBUG] 🤖 [MS3-PKG] [DEBUG] 🤖 [MS3-PKG] [DEBUG] 🤖 [MS3-PKG] [DEBUG] 🤖 [MS3-PKG] [DEBUG] 🤖 [MS3-PKG] [DEBUG] 🤖 [MS3-PKG] [DEBUG] 🤖 [MS3-PKG] [DEBUG] 📊 [analyzeJoiSchema] Field web3authConfig: type=object, required=true, message=&quot;Web3Auth configuration object&quot;
🤖 [MS3-PKG] [DEBUG] 🤖 [MS3-PKG] [DEBUG] 🤖 [MS3-PKG] [DEBUG] 🤖 [MS3-PKG] [DEBUG] 🤖 [MS3-PKG] [DEBUG] 🤖 [MS3-PKG] [DEBUG] 🤖 [MS3-PKG] [DEBUG] 🤖 [MS3-PKG] [DEBUG] 🤖 [MS3-PKG] [DEBUG] 🤖 [MS3-PKG] [DEBUG] 🤖 [MS3-PKG] [DEBUG] 🤖 [MS3-PKG] [DEBUG] 🤖 [MS3-PKG] [DEBUG] 🤖 [MS3-PKG] [DEBUG] 🔄 [analyzeJoiSchema] Recursing into nested object: web3authConfig
🤖 [MS3-PKG] [DEBUG] 🤖 [MS3-PKG] [DEBUG] 🤖 [MS3-PKG] [DEBUG] 🤖 [MS3-PKG] [DEBUG] 🤖 [MS3-PKG] [DEBUG] 🤖 [MS3-PKG] [DEBUG] 🤖 [MS3-PKG] [DEBUG] 🤖 [MS3-PKG] [DEBUG] 🤖 [MS3-PKG] [DEBUG] 🤖 [MS3-PKG] [DEBUG] 🤖 [MS3-PKG] [DEBUG] 🤖 [MS3-PKG] [DEBUG] 🤖 [MS3-PKG] [DEBUG] 🤖 [MS3-PKG] [DEBUG] 🔑 [analyzeJoiSchema] Processing field: multiChainRpcs
🤖 [MS3-PKG] [DEBUG] 🤖 [MS3-PKG] [DEBUG] 🤖 [MS3-PKG] [DEBUG] 🤖 [MS3-PKG] [DEBUG] 🤖 [MS3-PKG] [DEBUG] 🤖 [MS3-PKG] [DEBUG] 🤖 [MS3-PKG] [DEBUG] 🤖 [MS3-PKG] [DEBUG] 🤖 [MS3-PKG] [DEBUG] 🤖 [MS3-PKG] [DEBUG] 🤖 [MS3-PKG] [DEBUG] 🤖 [MS3-PKG] [DEBUG] 🤖 [MS3-PKG] [DEBUG] 🤖 [MS3-PKG] [DEBUG] 📝 [analyzeJoiSchema] Field description: {
  type: [32m&apos;object&apos;[39m,
  flags: {
    presence: [32m&apos;optional&apos;[39m,
    description: [32m&apos;Multi-chain RPC configuration - maps chain IDs to RPC URL arrays&apos;[39m
  },
  patterns: [ { schema: [36m[Object][39m, rule: [36m[Object][39m } ]
}
🤖 [MS3-PKG] [DEBUG] 🤖 [MS3-PKG] [DEBUG] 🤖 [MS3-PKG] [DEBUG] 🤖 [MS3-PKG] [DEBUG] 🤖 [MS3-PKG] [DEBUG] 🤖 [MS3-PKG] [DEBUG] 🤖 [MS3-PKG] [DEBUG] 🤖 [MS3-PKG] [DEBUG] 🤖 [MS3-PKG] [DEBUG] 🤖 [MS3-PKG] [DEBUG] 🤖 [MS3-PKG] [DEBUG] 🤖 [MS3-PKG] [DEBUG] 🤖 [MS3-PKG] [DEBUG] 🤖 [MS3-PKG] [DEBUG] 📊 [analyzeJoiSchema] Field multiChainRpcs: type=object, required=false, message=&quot;Multi-chain RPC configuration - maps chain IDs to RPC URL arrays&quot;
🤖 [MS3-PKG] [INFO] 🤖 [MS3-PKG] [INFO] 🤖 [MS3-PKG] [INFO] 🤖 [MS3-PKG] [INFO] 🤖 [MS3-PKG] [INFO] 🤖 [MS3-PKG] [INFO] 🤖 [MS3-PKG] [INFO] 🤖 [MS3-PKG] [INFO] 🤖 [MS3-PKG] [INFO] 🤖 [MS3-PKG] [INFO] 🤖 [MS3-PKG] [INFO] 🤖 [MS3-PKG] [INFO] 🤖 [MS3-PKG] [INFO] 🤖 [MS3-PKG] [INFO] 📊 [analyzeJoiSchema] Generated 14 requirements for options
🤖 [MS3-PKG] [DEBUG] 🤖 [MS3-PKG] [DEBUG] 🤖 [MS3-PKG] [DEBUG] 🤖 [MS3-PKG] [DEBUG] 🤖 [MS3-PKG] [DEBUG] 🤖 [MS3-PKG] [DEBUG] 🤖 [MS3-PKG] [DEBUG] 🤖 [MS3-PKG] [DEBUG] 🤖 [MS3-PKG] [DEBUG] 🤖 [MS3-PKG] [DEBUG] 🤖 [MS3-PKG] [DEBUG] 🤖 [MS3-PKG] [DEBUG] 🤖 [MS3-PKG] [DEBUG] 🤖 [MS3-PKG] [DEBUG] 🔍 [getRequirements] Starting analysis for bulk-test-7
🤖 [MS3-PKG] [DEBUG] 🤖 [MS3-PKG] [DEBUG] 🤖 [MS3-PKG] [DEBUG] 🤖 [MS3-PKG] [DEBUG] 🤖 [MS3-PKG] [DEBUG] 🤖 [MS3-PKG] [DEBUG] 🤖 [MS3-PKG] [DEBUG] 🤖 [MS3-PKG] [DEBUG] 🤖 [MS3-PKG] [DEBUG] 🤖 [MS3-PKG] [DEBUG] 🤖 [MS3-PKG] [DEBUG] 🤖 [MS3-PKG] [DEBUG] 🤖 [MS3-PKG] [DEBUG] 🤖 [MS3-PKG] [DEBUG] 🔬 [analyzeJoiSchema] Analyzing schema at path: options
🤖 [MS3-PKG] [DEBUG] 🤖 [MS3-PKG] [DEBUG] 🤖 [MS3-PKG] [DEBUG] 🤖 [MS3-PKG] [DEBUG] 🤖 [MS3-PKG] [DEBUG] 🤖 [MS3-PKG] [DEBUG] 🤖 [MS3-PKG] [DEBUG] 🤖 [MS3-PKG] [DEBUG] 🤖 [MS3-PKG] [DEBUG] 🤖 [MS3-PKG] [DEBUG] 🤖 [MS3-PKG] [DEBUG] 🤖 [MS3-PKG] [DEBUG] 🤖 [MS3-PKG] [DEBUG] 🤖 [MS3-PKG] [DEBUG] 📋 [analyzeJoiSchema] Schema description type: object
🤖 [MS3-PKG] [DEBUG] 🤖 [MS3-PKG] [DEBUG] 🤖 [MS3-PKG] [DEBUG] 🤖 [MS3-PKG] [DEBUG] 🤖 [MS3-PKG] [DEBUG] 🤖 [MS3-PKG] [DEBUG] 🤖 [MS3-PKG] [DEBUG] 🤖 [MS3-PKG] [DEBUG] 🤖 [MS3-PKG] [DEBUG] 🤖 [MS3-PKG] [DEBUG] 🤖 [MS3-PKG] [DEBUG] 🤖 [MS3-PKG] [DEBUG] 🤖 [MS3-PKG] [DEBUG] 🤖 [MS3-PKG] [DEBUG] 📋 [analyzeJoiSchema] Schema keys: [ [32m&apos;privateKey&apos;[39m, [32m&apos;provider&apos;[39m, [32m&apos;multiChainRpcs&apos;[39m ]
🤖 [MS3-PKG] [DEBUG] 🤖 [MS3-PKG] [DEBUG] 🤖 [MS3-PKG] [DEBUG] 🤖 [MS3-PKG] [DEBUG] 🤖 [MS3-PKG] [DEBUG] 🤖 [MS3-PKG] [DEBUG] 🤖 [MS3-PKG] [DEBUG] 🤖 [MS3-PKG] [DEBUG] 🤖 [MS3-PKG] [DEBUG] 🤖 [MS3-PKG] [DEBUG] 🤖 [MS3-PKG] [DEBUG] 🤖 [MS3-PKG] [DEBUG] 🤖 [MS3-PKG] [DEBUG] 🤖 [MS3-PKG] [DEBUG] ✅ [analyzeJoiSchema] Processing object schema with 3 keys
🤖 [MS3-PKG] [DEBUG] 🤖 [MS3-PKG] [DEBUG] 🤖 [MS3-PKG] [DEBUG] 🤖 [MS3-PKG] [DEBUG] 🤖 [MS3-PKG] [DEBUG] 🤖 [MS3-PKG] [DEBUG] 🤖 [MS3-PKG] [DEBUG] 🤖 [MS3-PKG] [DEBUG] 🤖 [MS3-PKG] [DEBUG] 🤖 [MS3-PKG] [DEBUG] 🤖 [MS3-PKG] [DEBUG] 🤖 [MS3-PKG] [DEBUG] 🤖 [MS3-PKG] [DEBUG] 🤖 [MS3-PKG] [DEBUG] 🔑 [analyzeJoiSchema] Processing field: privateKey
🤖 [MS3-PKG] [DEBUG] 🤖 [MS3-PKG] [DEBUG] 🤖 [MS3-PKG] [DEBUG] 🤖 [MS3-PKG] [DEBUG] 🤖 [MS3-PKG] [DEBUG] 🤖 [MS3-PKG] [DEBUG] 🤖 [MS3-PKG] [DEBUG] 🤖 [MS3-PKG] [DEBUG] 🤖 [MS3-PKG] [DEBUG] 🤖 [MS3-PKG] [DEBUG] 🤖 [MS3-PKG] [DEBUG] 🤖 [MS3-PKG] [DEBUG] 🤖 [MS3-PKG] [DEBUG] 🤖 [MS3-PKG] [DEBUG] 📝 [analyzeJoiSchema] Field description: {
  type: [32m&apos;string&apos;[39m,
  flags: {
    presence: [32m&apos;required&apos;[39m,
    description: [32m&apos;Private key for wallet (generates random if not provided)&apos;[39m
  },
  rules: [ { name: [32m&apos;pattern&apos;[39m, args: [36m[Object][39m } ]
}
🤖 [MS3-PKG] [DEBUG] 🤖 [MS3-PKG] [DEBUG] 🤖 [MS3-PKG] [DEBUG] 🤖 [MS3-PKG] [DEBUG] 🤖 [MS3-PKG] [DEBUG] 🤖 [MS3-PKG] [DEBUG] 🤖 [MS3-PKG] [DEBUG] 🤖 [MS3-PKG] [DEBUG] 🤖 [MS3-PKG] [DEBUG] 🤖 [MS3-PKG] [DEBUG] 🤖 [MS3-PKG] [DEBUG] 🤖 [MS3-PKG] [DEBUG] 🤖 [MS3-PKG] [DEBUG] 🤖 [MS3-PKG] [DEBUG] 📊 [analyzeJoiSchema] Field privateKey: type=string, required=true, message=&quot;Private key for wallet (generates random if not provided)&quot;
🤖 [MS3-PKG] [DEBUG] 🤖 [MS3-PKG] [DEBUG] 🤖 [MS3-PKG] [DEBUG] 🤖 [MS3-PKG] [DEBUG] 🤖 [MS3-PKG] [DEBUG] 🤖 [MS3-PKG] [DEBUG] 🤖 [MS3-PKG] [DEBUG] 🤖 [MS3-PKG] [DEBUG] 🤖 [MS3-PKG] [DEBUG] 🤖 [MS3-PKG] [DEBUG] 🤖 [MS3-PKG] [DEBUG] 🤖 [MS3-PKG] [DEBUG] 🤖 [MS3-PKG] [DEBUG] 🤖 [MS3-PKG] [DEBUG] 🔑 [analyzeJoiSchema] Processing field: provider
🤖 [MS3-PKG] [DEBUG] 🤖 [MS3-PKG] [DEBUG] 🤖 [MS3-PKG] [DEBUG] 🤖 [MS3-PKG] [DEBUG] 🤖 [MS3-PKG] [DEBUG] 🤖 [MS3-PKG] [DEBUG] 🤖 [MS3-PKG] [DEBUG] 🤖 [MS3-PKG] [DEBUG] 🤖 [MS3-PKG] [DEBUG] 🤖 [MS3-PKG] [DEBUG] 🤖 [MS3-PKG] [DEBUG] 🤖 [MS3-PKG] [DEBUG] 🤖 [MS3-PKG] [DEBUG] 🤖 [MS3-PKG] [DEBUG] 📝 [analyzeJoiSchema] Field description: {
  type: [32m&apos;object&apos;[39m,
  flags: {
    presence: [32m&apos;optional&apos;[39m,
    description: [32m&apos;Optional provider configuration&apos;[39m
  },
  keys: {
    name: { type: [32m&apos;string&apos;[39m, flags: [36m[Object][39m },
    chainId: { type: [32m&apos;string&apos;[39m, flags: [36m[Object][39m, rules: [36m[Array][39m },
    rpcUrls: { type: [32m&apos;array&apos;[39m, flags: [36m[Object][39m, rules: [36m[Array][39m, items: [36m[Array][39m },
    displayName: { type: [32m&apos;string&apos;[39m, flags: [36m[Object][39m }
  }
}
🤖 [MS3-PKG] [DEBUG] 🤖 [MS3-PKG] [DEBUG] 🤖 [MS3-PKG] [DEBUG] 🤖 [MS3-PKG] [DEBUG] 🤖 [MS3-PKG] [DEBUG] 🤖 [MS3-PKG] [DEBUG] 🤖 [MS3-PKG] [DEBUG] 🤖 [MS3-PKG] [DEBUG] 🤖 [MS3-PKG] [DEBUG] 🤖 [MS3-PKG] [DEBUG] 🤖 [MS3-PKG] [DEBUG] 🤖 [MS3-PKG] [DEBUG] 🤖 [MS3-PKG] [DEBUG] 🤖 [MS3-PKG] [DEBUG] 📊 [analyzeJoiSchema] Field provider: type=object, required=false, message=&quot;Optional provider configuration&quot;
🤖 [MS3-PKG] [DEBUG] 🤖 [MS3-PKG] [DEBUG] 🤖 [MS3-PKG] [DEBUG] 🤖 [MS3-PKG] [DEBUG] 🤖 [MS3-PKG] [DEBUG] 🤖 [MS3-PKG] [DEBUG] 🤖 [MS3-PKG] [DEBUG] 🤖 [MS3-PKG] [DEBUG] 🤖 [MS3-PKG] [DEBUG] 🤖 [MS3-PKG] [DEBUG] 🤖 [MS3-PKG] [DEBUG] 🤖 [MS3-PKG] [DEBUG] 🤖 [MS3-PKG] [DEBUG] 🤖 [MS3-PKG] [DEBUG] 🔄 [analyzeJoiSchema] Recursing into nested object: provider
🤖 [MS3-PKG] [DEBUG] 🤖 [MS3-PKG] [DEBUG] 🤖 [MS3-PKG] [DEBUG] 🤖 [MS3-PKG] [DEBUG] 🤖 [MS3-PKG] [DEBUG] 🤖 [MS3-PKG] [DEBUG] 🤖 [MS3-PKG] [DEBUG] 🤖 [MS3-PKG] [DEBUG] 🤖 [MS3-PKG] [DEBUG] 🤖 [MS3-PKG] [DEBUG] 🤖 [MS3-PKG] [DEBUG] 🤖 [MS3-PKG] [DEBUG] 🤖 [MS3-PKG] [DEBUG] 🤖 [MS3-PKG] [DEBUG] 🔑 [analyzeJoiSchema] Processing field: multiChainRpcs
🤖 [MS3-PKG] [DEBUG] 🤖 [MS3-PKG] [DEBUG] 🤖 [MS3-PKG] [DEBUG] 🤖 [MS3-PKG] [DEBUG] 🤖 [MS3-PKG] [DEBUG] 🤖 [MS3-PKG] [DEBUG] 🤖 [MS3-PKG] [DEBUG] 🤖 [MS3-PKG] [DEBUG] 🤖 [MS3-PKG] [DEBUG] 🤖 [MS3-PKG] [DEBUG] 🤖 [MS3-PKG] [DEBUG] 🤖 [MS3-PKG] [DEBUG] 🤖 [MS3-PKG] [DEBUG] 🤖 [MS3-PKG] [DEBUG] 📝 [analyzeJoiSchema] Field description: {
  type: [32m&apos;object&apos;[39m,
  flags: {
    presence: [32m&apos;optional&apos;[39m,
    description: [32m&apos;Multi-chain RPC configuration - maps chain IDs to RPC URL arrays&apos;[39m
  },
  patterns: [ { schema: [36m[Object][39m, rule: [36m[Object][39m } ]
}
🤖 [MS3-PKG] [DEBUG] 🤖 [MS3-PKG] [DEBUG] 🤖 [MS3-PKG] [DEBUG] 🤖 [MS3-PKG] [DEBUG] 🤖 [MS3-PKG] [DEBUG] 🤖 [MS3-PKG] [DEBUG] 🤖 [MS3-PKG] [DEBUG] 🤖 [MS3-PKG] [DEBUG] 🤖 [MS3-PKG] [DEBUG] 🤖 [MS3-PKG] [DEBUG] 🤖 [MS3-PKG] [DEBUG] 🤖 [MS3-PKG] [DEBUG] 🤖 [MS3-PKG] [DEBUG] 🤖 [MS3-PKG] [DEBUG] 📊 [analyzeJoiSchema] Field multiChainRpcs: type=object, required=false, message=&quot;Multi-chain RPC configuration - maps chain IDs to RPC URL arrays&quot;
🤖 [MS3-PKG] [INFO] 🤖 [MS3-PKG] [INFO] 🤖 [MS3-PKG] [INFO] 🤖 [MS3-PKG] [INFO] 🤖 [MS3-PKG] [INFO] 🤖 [MS3-PKG] [INFO] 🤖 [MS3-PKG] [INFO] 🤖 [MS3-PKG] [INFO] 🤖 [MS3-PKG] [INFO] 🤖 [MS3-PKG] [INFO] 🤖 [MS3-PKG] [INFO] 🤖 [MS3-PKG] [INFO] 🤖 [MS3-PKG] [INFO] 🤖 [MS3-PKG] [INFO] 📊 [analyzeJoiSchema] Generated 7 requirements for options
🤖 [MS3-PKG] [DEBUG] 🤖 [MS3-PKG] [DEBUG] 🤖 [MS3-PKG] [DEBUG] 🤖 [MS3-PKG] [DEBUG] 🤖 [MS3-PKG] [DEBUG] 🤖 [MS3-PKG] [DEBUG] 🤖 [MS3-PKG] [DEBUG] 🤖 [MS3-PKG] [DEBUG] 🤖 [MS3-PKG] [DEBUG] 🤖 [MS3-PKG] [DEBUG] 🤖 [MS3-PKG] [DEBUG] 🤖 [MS3-PKG] [DEBUG] 🤖 [MS3-PKG] [DEBUG] 🤖 [MS3-PKG] [DEBUG] 🔍 [getRequirements] Starting analysis for bulk-test-7
🤖 [MS3-PKG] [DEBUG] 🤖 [MS3-PKG] [DEBUG] 🤖 [MS3-PKG] [DEBUG] 🤖 [MS3-PKG] [DEBUG] 🤖 [MS3-PKG] [DEBUG] 🤖 [MS3-PKG] [DEBUG] 🤖 [MS3-PKG] [DEBUG] 🤖 [MS3-PKG] [DEBUG] 🤖 [MS3-PKG] [DEBUG] 🤖 [MS3-PKG] [DEBUG] 🤖 [MS3-PKG] [DEBUG] 🤖 [MS3-PKG] [DEBUG] 🤖 [MS3-PKG] [DEBUG] 🤖 [MS3-PKG] [DEBUG] 🔬 [analyzeJoiSchema] Analyzing schema at path: options
🤖 [MS3-PKG] [DEBUG] 🤖 [MS3-PKG] [DEBUG] 🤖 [MS3-PKG] [DEBUG] 🤖 [MS3-PKG] [DEBUG] 🤖 [MS3-PKG] [DEBUG] 🤖 [MS3-PKG] [DEBUG] 🤖 [MS3-PKG] [DEBUG] 🤖 [MS3-PKG] [DEBUG] 🤖 [MS3-PKG] [DEBUG] 🤖 [MS3-PKG] [DEBUG] 🤖 [MS3-PKG] [DEBUG] 🤖 [MS3-PKG] [DEBUG] 🤖 [MS3-PKG] [DEBUG] 🤖 [MS3-PKG] [DEBUG] 📋 [analyzeJoiSchema] Schema description type: object
🤖 [MS3-PKG] [DEBUG] 🤖 [MS3-PKG] [DEBUG] 🤖 [MS3-PKG] [DEBUG] 🤖 [MS3-PKG] [DEBUG] 🤖 [MS3-PKG] [DEBUG] 🤖 [MS3-PKG] [DEBUG] 🤖 [MS3-PKG] [DEBUG] 🤖 [MS3-PKG] [DEBUG] 🤖 [MS3-PKG] [DEBUG] 🤖 [MS3-PKG] [DEBUG] 🤖 [MS3-PKG] [DEBUG] 🤖 [MS3-PKG] [DEBUG] 🤖 [MS3-PKG] [DEBUG] 🤖 [MS3-PKG] [DEBUG] 📋 [analyzeJoiSchema] Schema keys: [ [32m&apos;web3authConfig&apos;[39m, [32m&apos;multiChainRpcs&apos;[39m ]
🤖 [MS3-PKG] [DEBUG] 🤖 [MS3-PKG] [DEBUG] 🤖 [MS3-PKG] [DEBUG] 🤖 [MS3-PKG] [DEBUG] 🤖 [MS3-PKG] [DEBUG] 🤖 [MS3-PKG] [DEBUG] 🤖 [MS3-PKG] [DEBUG] 🤖 [MS3-PKG] [DEBUG] 🤖 [MS3-PKG] [DEBUG] 🤖 [MS3-PKG] [DEBUG] 🤖 [MS3-PKG] [DEBUG] 🤖 [MS3-PKG] [DEBUG] 🤖 [MS3-PKG] [DEBUG] 🤖 [MS3-PKG] [DEBUG] ✅ [analyzeJoiSchema] Processing object schema with 2 keys
🤖 [MS3-PKG] [DEBUG] 🤖 [MS3-PKG] [DEBUG] 🤖 [MS3-PKG] [DEBUG] 🤖 [MS3-PKG] [DEBUG] 🤖 [MS3-PKG] [DEBUG] 🤖 [MS3-PKG] [DEBUG] 🤖 [MS3-PKG] [DEBUG] 🤖 [MS3-PKG] [DEBUG] 🤖 [MS3-PKG] [DEBUG] 🤖 [MS3-PKG] [DEBUG] 🤖 [MS3-PKG] [DEBUG] 🤖 [MS3-PKG] [DEBUG] 🤖 [MS3-PKG] [DEBUG] 🤖 [MS3-PKG] [DEBUG] 🔑 [analyzeJoiSchema] Processing field: web3authConfig
🤖 [MS3-PKG] [DEBUG] 🤖 [MS3-PKG] [DEBUG] 🤖 [MS3-PKG] [DEBUG] 🤖 [MS3-PKG] [DEBUG] 🤖 [MS3-PKG] [DEBUG] 🤖 [MS3-PKG] [DEBUG] 🤖 [MS3-PKG] [DEBUG] 🤖 [MS3-PKG] [DEBUG] 🤖 [MS3-PKG] [DEBUG] 🤖 [MS3-PKG] [DEBUG] 🤖 [MS3-PKG] [DEBUG] 🤖 [MS3-PKG] [DEBUG] 🤖 [MS3-PKG] [DEBUG] 🤖 [MS3-PKG] [DEBUG] 📝 [analyzeJoiSchema] Field description: {
  type: [32m&apos;object&apos;[39m,
  flags: {
    presence: [32m&apos;required&apos;[39m,
    description: [32m&apos;Web3Auth configuration object&apos;[39m
  },
  keys: {
    clientId: { type: [32m&apos;string&apos;[39m, flags: [36m[Object][39m },
    web3AuthNetwork: { type: [32m&apos;string&apos;[39m, flags: [36m[Object][39m, allow: [36m[Array][39m },
    chainConfig: { type: [32m&apos;object&apos;[39m, flags: [36m[Object][39m, keys: [36m[Object][39m },
    loginConfig: { type: [32m&apos;object&apos;[39m, flags: [36m[Object][39m },
    privateKeyProvider: { type: [32m&apos;any&apos;[39m, flags: [36m[Object][39m }
  }
}
🤖 [MS3-PKG] [DEBUG] 🤖 [MS3-PKG] [DEBUG] 🤖 [MS3-PKG] [DEBUG] 🤖 [MS3-PKG] [DEBUG] 🤖 [MS3-PKG] [DEBUG] 🤖 [MS3-PKG] [DEBUG] 🤖 [MS3-PKG] [DEBUG] 🤖 [MS3-PKG] [DEBUG] 🤖 [MS3-PKG] [DEBUG] 🤖 [MS3-PKG] [DEBUG] 🤖 [MS3-PKG] [DEBUG] 🤖 [MS3-PKG] [DEBUG] 🤖 [MS3-PKG] [DEBUG] 🤖 [MS3-PKG] [DEBUG] 📊 [analyzeJoiSchema] Field web3authConfig: type=object, required=true, message=&quot;Web3Auth configuration object&quot;
🤖 [MS3-PKG] [DEBUG] 🤖 [MS3-PKG] [DEBUG] 🤖 [MS3-PKG] [DEBUG] 🤖 [MS3-PKG] [DEBUG] 🤖 [MS3-PKG] [DEBUG] 🤖 [MS3-PKG] [DEBUG] 🤖 [MS3-PKG] [DEBUG] 🤖 [MS3-PKG] [DEBUG] 🤖 [MS3-PKG] [DEBUG] 🤖 [MS3-PKG] [DEBUG] 🤖 [MS3-PKG] [DEBUG] 🤖 [MS3-PKG] [DEBUG] 🤖 [MS3-PKG] [DEBUG] 🤖 [MS3-PKG] [DEBUG] 🔄 [analyzeJoiSchema] Recursing into nested object: web3authConfig
🤖 [MS3-PKG] [DEBUG] 🤖 [MS3-PKG] [DEBUG] 🤖 [MS3-PKG] [DEBUG] 🤖 [MS3-PKG] [DEBUG] 🤖 [MS3-PKG] [DEBUG] 🤖 [MS3-PKG] [DEBUG] 🤖 [MS3-PKG] [DEBUG] 🤖 [MS3-PKG] [DEBUG] 🤖 [MS3-PKG] [DEBUG] 🤖 [MS3-PKG] [DEBUG] 🤖 [MS3-PKG] [DEBUG] 🤖 [MS3-PKG] [DEBUG] 🤖 [MS3-PKG] [DEBUG] 🤖 [MS3-PKG] [DEBUG] 🔑 [analyzeJoiSchema] Processing field: multiChainRpcs
🤖 [MS3-PKG] [DEBUG] 🤖 [MS3-PKG] [DEBUG] 🤖 [MS3-PKG] [DEBUG] 🤖 [MS3-PKG] [DEBUG] 🤖 [MS3-PKG] [DEBUG] 🤖 [MS3-PKG] [DEBUG] 🤖 [MS3-PKG] [DEBUG] 🤖 [MS3-PKG] [DEBUG] 🤖 [MS3-PKG] [DEBUG] 🤖 [MS3-PKG] [DEBUG] 🤖 [MS3-PKG] [DEBUG] 🤖 [MS3-PKG] [DEBUG] 🤖 [MS3-PKG] [DEBUG] 🤖 [MS3-PKG] [DEBUG] 📝 [analyzeJoiSchema] Field description: {
  type: [32m&apos;object&apos;[39m,
  flags: {
    presence: [32m&apos;optional&apos;[39m,
    description: [32m&apos;Multi-chain RPC configuration - maps chain IDs to RPC URL arrays&apos;[39m
  },
  patterns: [ { schema: [36m[Object][39m, rule: [36m[Object][39m } ]
}
🤖 [MS3-PKG] [DEBUG] 🤖 [MS3-PKG] [DEBUG] 🤖 [MS3-PKG] [DEBUG] 🤖 [MS3-PKG] [DEBUG] 🤖 [MS3-PKG] [DEBUG] 🤖 [MS3-PKG] [DEBUG] 🤖 [MS3-PKG] [DEBUG] 🤖 [MS3-PKG] [DEBUG] 🤖 [MS3-PKG] [DEBUG] 🤖 [MS3-PKG] [DEBUG] 🤖 [MS3-PKG] [DEBUG] 🤖 [MS3-PKG] [DEBUG] 🤖 [MS3-PKG] [DEBUG] 🤖 [MS3-PKG] [DEBUG] 📊 [analyzeJoiSchema] Field multiChainRpcs: type=object, required=false, message=&quot;Multi-chain RPC configuration - maps chain IDs to RPC URL arrays&quot;
🤖 [MS3-PKG] [INFO] 🤖 [MS3-PKG] [INFO] 🤖 [MS3-PKG] [INFO] 🤖 [MS3-PKG] [INFO] 🤖 [MS3-PKG] [INFO] 🤖 [MS3-PKG] [INFO] 🤖 [MS3-PKG] [INFO] 🤖 [MS3-PKG] [INFO] 🤖 [MS3-PKG] [INFO] 🤖 [MS3-PKG] [INFO] 🤖 [MS3-PKG] [INFO] 🤖 [MS3-PKG] [INFO] 🤖 [MS3-PKG] [INFO] 🤖 [MS3-PKG] [INFO] 📊 [analyzeJoiSchema] Generated 14 requirements for options
🤖 [MS3-PKG] [DEBUG] 🤖 [MS3-PKG] [DEBUG] 🤖 [MS3-PKG] [DEBUG] 🤖 [MS3-PKG] [DEBUG] 🤖 [MS3-PKG] [DEBUG] 🤖 [MS3-PKG] [DEBUG] 🤖 [MS3-PKG] [DEBUG] 🤖 [MS3-PKG] [DEBUG] 🤖 [MS3-PKG] [DEBUG] 🤖 [MS3-PKG] [DEBUG] 🤖 [MS3-PKG] [DEBUG] 🤖 [MS3-PKG] [DEBUG] 🤖 [MS3-PKG] [DEBUG] 🤖 [MS3-PKG] [DEBUG] 🔍 [getRequirements] Starting analysis for bulk-test-8
🤖 [MS3-PKG] [DEBUG] 🤖 [MS3-PKG] [DEBUG] 🤖 [MS3-PKG] [DEBUG] 🤖 [MS3-PKG] [DEBUG] 🤖 [MS3-PKG] [DEBUG] 🤖 [MS3-PKG] [DEBUG] 🤖 [MS3-PKG] [DEBUG] 🤖 [MS3-PKG] [DEBUG] 🤖 [MS3-PKG] [DEBUG] 🤖 [MS3-PKG] [DEBUG] 🤖 [MS3-PKG] [DEBUG] 🤖 [MS3-PKG] [DEBUG] 🤖 [MS3-PKG] [DEBUG] 🤖 [MS3-PKG] [DEBUG] 🔬 [analyzeJoiSchema] Analyzing schema at path: options
🤖 [MS3-PKG] [DEBUG] 🤖 [MS3-PKG] [DEBUG] 🤖 [MS3-PKG] [DEBUG] 🤖 [MS3-PKG] [DEBUG] 🤖 [MS3-PKG] [DEBUG] 🤖 [MS3-PKG] [DEBUG] 🤖 [MS3-PKG] [DEBUG] 🤖 [MS3-PKG] [DEBUG] 🤖 [MS3-PKG] [DEBUG] 🤖 [MS3-PKG] [DEBUG] 🤖 [MS3-PKG] [DEBUG] 🤖 [MS3-PKG] [DEBUG] 🤖 [MS3-PKG] [DEBUG] 🤖 [MS3-PKG] [DEBUG] 📋 [analyzeJoiSchema] Schema description type: object
🤖 [MS3-PKG] [DEBUG] 🤖 [MS3-PKG] [DEBUG] 🤖 [MS3-PKG] [DEBUG] 🤖 [MS3-PKG] [DEBUG] 🤖 [MS3-PKG] [DEBUG] 🤖 [MS3-PKG] [DEBUG] 🤖 [MS3-PKG] [DEBUG] 🤖 [MS3-PKG] [DEBUG] 🤖 [MS3-PKG] [DEBUG] 🤖 [MS3-PKG] [DEBUG] 🤖 [MS3-PKG] [DEBUG] 🤖 [MS3-PKG] [DEBUG] 🤖 [MS3-PKG] [DEBUG] 🤖 [MS3-PKG] [DEBUG] 📋 [analyzeJoiSchema] Schema keys: [ [32m&apos;privateKey&apos;[39m, [32m&apos;provider&apos;[39m, [32m&apos;multiChainRpcs&apos;[39m ]
🤖 [MS3-PKG] [DEBUG] 🤖 [MS3-PKG] [DEBUG] 🤖 [MS3-PKG] [DEBUG] 🤖 [MS3-PKG] [DEBUG] 🤖 [MS3-PKG] [DEBUG] 🤖 [MS3-PKG] [DEBUG] 🤖 [MS3-PKG] [DEBUG] 🤖 [MS3-PKG] [DEBUG] 🤖 [MS3-PKG] [DEBUG] 🤖 [MS3-PKG] [DEBUG] 🤖 [MS3-PKG] [DEBUG] 🤖 [MS3-PKG] [DEBUG] 🤖 [MS3-PKG] [DEBUG] 🤖 [MS3-PKG] [DEBUG] ✅ [analyzeJoiSchema] Processing object schema with 3 keys
🤖 [MS3-PKG] [DEBUG] 🤖 [MS3-PKG] [DEBUG] 🤖 [MS3-PKG] [DEBUG] 🤖 [MS3-PKG] [DEBUG] 🤖 [MS3-PKG] [DEBUG] 🤖 [MS3-PKG] [DEBUG] 🤖 [MS3-PKG] [DEBUG] 🤖 [MS3-PKG] [DEBUG] 🤖 [MS3-PKG] [DEBUG] 🤖 [MS3-PKG] [DEBUG] 🤖 [MS3-PKG] [DEBUG] 🤖 [MS3-PKG] [DEBUG] 🤖 [MS3-PKG] [DEBUG] 🤖 [MS3-PKG] [DEBUG] 🔑 [analyzeJoiSchema] Processing field: privateKey
🤖 [MS3-PKG] [DEBUG] 🤖 [MS3-PKG] [DEBUG] 🤖 [MS3-PKG] [DEBUG] 🤖 [MS3-PKG] [DEBUG] 🤖 [MS3-PKG] [DEBUG] 🤖 [MS3-PKG] [DEBUG] 🤖 [MS3-PKG] [DEBUG] 🤖 [MS3-PKG] [DEBUG] 🤖 [MS3-PKG] [DEBUG] 🤖 [MS3-PKG] [DEBUG] 🤖 [MS3-PKG] [DEBUG] 🤖 [MS3-PKG] [DEBUG] 🤖 [MS3-PKG] [DEBUG] 🤖 [MS3-PKG] [DEBUG] 📝 [analyzeJoiSchema] Field description: {
  type: [32m&apos;string&apos;[39m,
  flags: {
    presence: [32m&apos;required&apos;[39m,
    description: [32m&apos;Private key for wallet (generates random if not provided)&apos;[39m
  },
  rules: [ { name: [32m&apos;pattern&apos;[39m, args: [36m[Object][39m } ]
}
🤖 [MS3-PKG] [DEBUG] 🤖 [MS3-PKG] [DEBUG] 🤖 [MS3-PKG] [DEBUG] 🤖 [MS3-PKG] [DEBUG] 🤖 [MS3-PKG] [DEBUG] 🤖 [MS3-PKG] [DEBUG] 🤖 [MS3-PKG] [DEBUG] 🤖 [MS3-PKG] [DEBUG] 🤖 [MS3-PKG] [DEBUG] 🤖 [MS3-PKG] [DEBUG] 🤖 [MS3-PKG] [DEBUG] 🤖 [MS3-PKG] [DEBUG] 🤖 [MS3-PKG] [DEBUG] 🤖 [MS3-PKG] [DEBUG] 📊 [analyzeJoiSchema] Field privateKey: type=string, required=true, message=&quot;Private key for wallet (generates random if not provided)&quot;
🤖 [MS3-PKG] [DEBUG] 🤖 [MS3-PKG] [DEBUG] 🤖 [MS3-PKG] [DEBUG] 🤖 [MS3-PKG] [DEBUG] 🤖 [MS3-PKG] [DEBUG] 🤖 [MS3-PKG] [DEBUG] 🤖 [MS3-PKG] [DEBUG] 🤖 [MS3-PKG] [DEBUG] 🤖 [MS3-PKG] [DEBUG] 🤖 [MS3-PKG] [DEBUG] 🤖 [MS3-PKG] [DEBUG] 🤖 [MS3-PKG] [DEBUG] 🤖 [MS3-PKG] [DEBUG] 🤖 [MS3-PKG] [DEBUG] 🔑 [analyzeJoiSchema] Processing field: provider
🤖 [MS3-PKG] [DEBUG] 🤖 [MS3-PKG] [DEBUG] 🤖 [MS3-PKG] [DEBUG] 🤖 [MS3-PKG] [DEBUG] 🤖 [MS3-PKG] [DEBUG] 🤖 [MS3-PKG] [DEBUG] 🤖 [MS3-PKG] [DEBUG] 🤖 [MS3-PKG] [DEBUG] 🤖 [MS3-PKG] [DEBUG] 🤖 [MS3-PKG] [DEBUG] 🤖 [MS3-PKG] [DEBUG] 🤖 [MS3-PKG] [DEBUG] 🤖 [MS3-PKG] [DEBUG] 🤖 [MS3-PKG] [DEBUG] 📝 [analyzeJoiSchema] Field description: {
  type: [32m&apos;object&apos;[39m,
  flags: {
    presence: [32m&apos;optional&apos;[39m,
    description: [32m&apos;Optional provider configuration&apos;[39m
  },
  keys: {
    name: { type: [32m&apos;string&apos;[39m, flags: [36m[Object][39m },
    chainId: { type: [32m&apos;string&apos;[39m, flags: [36m[Object][39m, rules: [36m[Array][39m },
    rpcUrls: { type: [32m&apos;array&apos;[39m, flags: [36m[Object][39m, rules: [36m[Array][39m, items: [36m[Array][39m },
    displayName: { type: [32m&apos;string&apos;[39m, flags: [36m[Object][39m }
  }
}
🤖 [MS3-PKG] [DEBUG] 🤖 [MS3-PKG] [DEBUG] 🤖 [MS3-PKG] [DEBUG] 🤖 [MS3-PKG] [DEBUG] 🤖 [MS3-PKG] [DEBUG] 🤖 [MS3-PKG] [DEBUG] 🤖 [MS3-PKG] [DEBUG] 🤖 [MS3-PKG] [DEBUG] 🤖 [MS3-PKG] [DEBUG] 🤖 [MS3-PKG] [DEBUG] 🤖 [MS3-PKG] [DEBUG] 🤖 [MS3-PKG] [DEBUG] 🤖 [MS3-PKG] [DEBUG] 🤖 [MS3-PKG] [DEBUG] 📊 [analyzeJoiSchema] Field provider: type=object, required=false, message=&quot;Optional provider configuration&quot;
🤖 [MS3-PKG] [DEBUG] 🤖 [MS3-PKG] [DEBUG] 🤖 [MS3-PKG] [DEBUG] 🤖 [MS3-PKG] [DEBUG] 🤖 [MS3-PKG] [DEBUG] 🤖 [MS3-PKG] [DEBUG] 🤖 [MS3-PKG] [DEBUG] 🤖 [MS3-PKG] [DEBUG] 🤖 [MS3-PKG] [DEBUG] 🤖 [MS3-PKG] [DEBUG] 🤖 [MS3-PKG] [DEBUG] 🤖 [MS3-PKG] [DEBUG] 🤖 [MS3-PKG] [DEBUG] 🤖 [MS3-PKG] [DEBUG] 🔄 [analyzeJoiSchema] Recursing into nested object: provider
🤖 [MS3-PKG] [DEBUG] 🤖 [MS3-PKG] [DEBUG] 🤖 [MS3-PKG] [DEBUG] 🤖 [MS3-PKG] [DEBUG] 🤖 [MS3-PKG] [DEBUG] 🤖 [MS3-PKG] [DEBUG] 🤖 [MS3-PKG] [DEBUG] 🤖 [MS3-PKG] [DEBUG] 🤖 [MS3-PKG] [DEBUG] 🤖 [MS3-PKG] [DEBUG] 🤖 [MS3-PKG] [DEBUG] 🤖 [MS3-PKG] [DEBUG] 🤖 [MS3-PKG] [DEBUG] 🤖 [MS3-PKG] [DEBUG] 🔑 [analyzeJoiSchema] Processing field: multiChainRpcs
🤖 [MS3-PKG] [DEBUG] 🤖 [MS3-PKG] [DEBUG] 🤖 [MS3-PKG] [DEBUG] 🤖 [MS3-PKG] [DEBUG] 🤖 [MS3-PKG] [DEBUG] 🤖 [MS3-PKG] [DEBUG] 🤖 [MS3-PKG] [DEBUG] 🤖 [MS3-PKG] [DEBUG] 🤖 [MS3-PKG] [DEBUG] 🤖 [MS3-PKG] [DEBUG] 🤖 [MS3-PKG] [DEBUG] 🤖 [MS3-PKG] [DEBUG] 🤖 [MS3-PKG] [DEBUG] 🤖 [MS3-PKG] [DEBUG] 📝 [analyzeJoiSchema] Field description: {
  type: [32m&apos;object&apos;[39m,
  flags: {
    presence: [32m&apos;optional&apos;[39m,
    description: [32m&apos;Multi-chain RPC configuration - maps chain IDs to RPC URL arrays&apos;[39m
  },
  patterns: [ { schema: [36m[Object][39m, rule: [36m[Object][39m } ]
}
🤖 [MS3-PKG] [DEBUG] 🤖 [MS3-PKG] [DEBUG] 🤖 [MS3-PKG] [DEBUG] 🤖 [MS3-PKG] [DEBUG] 🤖 [MS3-PKG] [DEBUG] 🤖 [MS3-PKG] [DEBUG] 🤖 [MS3-PKG] [DEBUG] 🤖 [MS3-PKG] [DEBUG] 🤖 [MS3-PKG] [DEBUG] 🤖 [MS3-PKG] [DEBUG] 🤖 [MS3-PKG] [DEBUG] 🤖 [MS3-PKG] [DEBUG] 🤖 [MS3-PKG] [DEBUG] 🤖 [MS3-PKG] [DEBUG] 📊 [analyzeJoiSchema] Field multiChainRpcs: type=object, required=false, message=&quot;Multi-chain RPC configuration - maps chain IDs to RPC URL arrays&quot;
🤖 [MS3-PKG] [INFO] 🤖 [MS3-PKG] [INFO] 🤖 [MS3-PKG] [INFO] 🤖 [MS3-PKG] [INFO] 🤖 [MS3-PKG] [INFO] 🤖 [MS3-PKG] [INFO] 🤖 [MS3-PKG] [INFO] 🤖 [MS3-PKG] [INFO] 🤖 [MS3-PKG] [INFO] 🤖 [MS3-PKG] [INFO] 🤖 [MS3-PKG] [INFO] 🤖 [MS3-PKG] [INFO] 🤖 [MS3-PKG] [INFO] 🤖 [MS3-PKG] [INFO] 📊 [analyzeJoiSchema] Generated 7 requirements for options
🤖 [MS3-PKG] [DEBUG] 🤖 [MS3-PKG] [DEBUG] 🤖 [MS3-PKG] [DEBUG] 🤖 [MS3-PKG] [DEBUG] 🤖 [MS3-PKG] [DEBUG] 🤖 [MS3-PKG] [DEBUG] 🤖 [MS3-PKG] [DEBUG] 🤖 [MS3-PKG] [DEBUG] 🤖 [MS3-PKG] [DEBUG] 🤖 [MS3-PKG] [DEBUG] 🤖 [MS3-PKG] [DEBUG] 🤖 [MS3-PKG] [DEBUG] 🤖 [MS3-PKG] [DEBUG] 🤖 [MS3-PKG] [DEBUG] 🔍 [getRequirements] Starting analysis for bulk-test-8
🤖 [MS3-PKG] [DEBUG] 🤖 [MS3-PKG] [DEBUG] 🤖 [MS3-PKG] [DEBUG] 🤖 [MS3-PKG] [DEBUG] 🤖 [MS3-PKG] [DEBUG] 🤖 [MS3-PKG] [DEBUG] 🤖 [MS3-PKG] [DEBUG] 🤖 [MS3-PKG] [DEBUG] 🤖 [MS3-PKG] [DEBUG] 🤖 [MS3-PKG] [DEBUG] 🤖 [MS3-PKG] [DEBUG] 🤖 [MS3-PKG] [DEBUG] 🤖 [MS3-PKG] [DEBUG] 🤖 [MS3-PKG] [DEBUG] 🔬 [analyzeJoiSchema] Analyzing schema at path: options
🤖 [MS3-PKG] [DEBUG] 🤖 [MS3-PKG] [DEBUG] 🤖 [MS3-PKG] [DEBUG] 🤖 [MS3-PKG] [DEBUG] 🤖 [MS3-PKG] [DEBUG] 🤖 [MS3-PKG] [DEBUG] 🤖 [MS3-PKG] [DEBUG] 🤖 [MS3-PKG] [DEBUG] 🤖 [MS3-PKG] [DEBUG] 🤖 [MS3-PKG] [DEBUG] 🤖 [MS3-PKG] [DEBUG] 🤖 [MS3-PKG] [DEBUG] 🤖 [MS3-PKG] [DEBUG] 🤖 [MS3-PKG] [DEBUG] 📋 [analyzeJoiSchema] Schema description type: object
🤖 [MS3-PKG] [DEBUG] 🤖 [MS3-PKG] [DEBUG] 🤖 [MS3-PKG] [DEBUG] 🤖 [MS3-PKG] [DEBUG] 🤖 [MS3-PKG] [DEBUG] 🤖 [MS3-PKG] [DEBUG] 🤖 [MS3-PKG] [DEBUG] 🤖 [MS3-PKG] [DEBUG] 🤖 [MS3-PKG] [DEBUG] 🤖 [MS3-PKG] [DEBUG] 🤖 [MS3-PKG] [DEBUG] 🤖 [MS3-PKG] [DEBUG] 🤖 [MS3-PKG] [DEBUG] 🤖 [MS3-PKG] [DEBUG] 📋 [analyzeJoiSchema] Schema keys: [ [32m&apos;web3authConfig&apos;[39m, [32m&apos;multiChainRpcs&apos;[39m ]
🤖 [MS3-PKG] [DEBUG] 🤖 [MS3-PKG] [DEBUG] 🤖 [MS3-PKG] [DEBUG] 🤖 [MS3-PKG] [DEBUG] 🤖 [MS3-PKG] [DEBUG] 🤖 [MS3-PKG] [DEBUG] 🤖 [MS3-PKG] [DEBUG] 🤖 [MS3-PKG] [DEBUG] 🤖 [MS3-PKG] [DEBUG] 🤖 [MS3-PKG] [DEBUG] 🤖 [MS3-PKG] [DEBUG] 🤖 [MS3-PKG] [DEBUG] 🤖 [MS3-PKG] [DEBUG] 🤖 [MS3-PKG] [DEBUG] ✅ [analyzeJoiSchema] Processing object schema with 2 keys
🤖 [MS3-PKG] [DEBUG] 🤖 [MS3-PKG] [DEBUG] 🤖 [MS3-PKG] [DEBUG] 🤖 [MS3-PKG] [DEBUG] 🤖 [MS3-PKG] [DEBUG] 🤖 [MS3-PKG] [DEBUG] 🤖 [MS3-PKG] [DEBUG] 🤖 [MS3-PKG] [DEBUG] 🤖 [MS3-PKG] [DEBUG] 🤖 [MS3-PKG] [DEBUG] 🤖 [MS3-PKG] [DEBUG] 🤖 [MS3-PKG] [DEBUG] 🤖 [MS3-PKG] [DEBUG] 🤖 [MS3-PKG] [DEBUG] 🔑 [analyzeJoiSchema] Processing field: web3authConfig
🤖 [MS3-PKG] [DEBUG] 🤖 [MS3-PKG] [DEBUG] 🤖 [MS3-PKG] [DEBUG] 🤖 [MS3-PKG] [DEBUG] 🤖 [MS3-PKG] [DEBUG] 🤖 [MS3-PKG] [DEBUG] 🤖 [MS3-PKG] [DEBUG] 🤖 [MS3-PKG] [DEBUG] 🤖 [MS3-PKG] [DEBUG] 🤖 [MS3-PKG] [DEBUG] 🤖 [MS3-PKG] [DEBUG] 🤖 [MS3-PKG] [DEBUG] 🤖 [MS3-PKG] [DEBUG] 🤖 [MS3-PKG] [DEBUG] 📝 [analyzeJoiSchema] Field description: {
  type: [32m&apos;object&apos;[39m,
  flags: {
    presence: [32m&apos;required&apos;[39m,
    description: [32m&apos;Web3Auth configuration object&apos;[39m
  },
  keys: {
    clientId: { type: [32m&apos;string&apos;[39m, flags: [36m[Object][39m },
    web3AuthNetwork: { type: [32m&apos;string&apos;[39m, flags: [36m[Object][39m, allow: [36m[Array][39m },
    chainConfig: { type: [32m&apos;object&apos;[39m, flags: [36m[Object][39m, keys: [36m[Object][39m },
    loginConfig: { type: [32m&apos;object&apos;[39m, flags: [36m[Object][39m },
    privateKeyProvider: { type: [32m&apos;any&apos;[39m, flags: [36m[Object][39m }
  }
}
🤖 [MS3-PKG] [DEBUG] 🤖 [MS3-PKG] [DEBUG] 🤖 [MS3-PKG] [DEBUG] 🤖 [MS3-PKG] [DEBUG] 🤖 [MS3-PKG] [DEBUG] 🤖 [MS3-PKG] [DEBUG] 🤖 [MS3-PKG] [DEBUG] 🤖 [MS3-PKG] [DEBUG] 🤖 [MS3-PKG] [DEBUG] 🤖 [MS3-PKG] [DEBUG] 🤖 [MS3-PKG] [DEBUG] 🤖 [MS3-PKG] [DEBUG] 🤖 [MS3-PKG] [DEBUG] 🤖 [MS3-PKG] [DEBUG] 📊 [analyzeJoiSchema] Field web3authConfig: type=object, required=true, message=&quot;Web3Auth configuration object&quot;
🤖 [MS3-PKG] [DEBUG] 🤖 [MS3-PKG] [DEBUG] 🤖 [MS3-PKG] [DEBUG] 🤖 [MS3-PKG] [DEBUG] 🤖 [MS3-PKG] [DEBUG] 🤖 [MS3-PKG] [DEBUG] 🤖 [MS3-PKG] [DEBUG] 🤖 [MS3-PKG] [DEBUG] 🤖 [MS3-PKG] [DEBUG] 🤖 [MS3-PKG] [DEBUG] 🤖 [MS3-PKG] [DEBUG] 🤖 [MS3-PKG] [DEBUG] 🤖 [MS3-PKG] [DEBUG] 🤖 [MS3-PKG] [DEBUG] 🔄 [analyzeJoiSchema] Recursing into nested object: web3authConfig
🤖 [MS3-PKG] [DEBUG] 🤖 [MS3-PKG] [DEBUG] 🤖 [MS3-PKG] [DEBUG] 🤖 [MS3-PKG] [DEBUG] 🤖 [MS3-PKG] [DEBUG] 🤖 [MS3-PKG] [DEBUG] 🤖 [MS3-PKG] [DEBUG] 🤖 [MS3-PKG] [DEBUG] 🤖 [MS3-PKG] [DEBUG] 🤖 [MS3-PKG] [DEBUG] 🤖 [MS3-PKG] [DEBUG] 🤖 [MS3-PKG] [DEBUG] 🤖 [MS3-PKG] [DEBUG] 🤖 [MS3-PKG] [DEBUG] 🔑 [analyzeJoiSchema] Processing field: multiChainRpcs
🤖 [MS3-PKG] [DEBUG] 🤖 [MS3-PKG] [DEBUG] 🤖 [MS3-PKG] [DEBUG] 🤖 [MS3-PKG] [DEBUG] 🤖 [MS3-PKG] [DEBUG] 🤖 [MS3-PKG] [DEBUG] 🤖 [MS3-PKG] [DEBUG] 🤖 [MS3-PKG] [DEBUG] 🤖 [MS3-PKG] [DEBUG] 🤖 [MS3-PKG] [DEBUG] 🤖 [MS3-PKG] [DEBUG] 🤖 [MS3-PKG] [DEBUG] 🤖 [MS3-PKG] [DEBUG] 🤖 [MS3-PKG] [DEBUG] 📝 [analyzeJoiSchema] Field description: {
  type: [32m&apos;object&apos;[39m,
  flags: {
    presence: [32m&apos;optional&apos;[39m,
    description: [32m&apos;Multi-chain RPC configuration - maps chain IDs to RPC URL arrays&apos;[39m
  },
  patterns: [ { schema: [36m[Object][39m, rule: [36m[Object][39m } ]
}
🤖 [MS3-PKG] [DEBUG] 🤖 [MS3-PKG] [DEBUG] 🤖 [MS3-PKG] [DEBUG] 🤖 [MS3-PKG] [DEBUG] 🤖 [MS3-PKG] [DEBUG] 🤖 [MS3-PKG] [DEBUG] 🤖 [MS3-PKG] [DEBUG] 🤖 [MS3-PKG] [DEBUG] 🤖 [MS3-PKG] [DEBUG] 🤖 [MS3-PKG] [DEBUG] 🤖 [MS3-PKG] [DEBUG] 🤖 [MS3-PKG] [DEBUG] 🤖 [MS3-PKG] [DEBUG] 🤖 [MS3-PKG] [DEBUG] 📊 [analyzeJoiSchema] Field multiChainRpcs: type=object, required=false, message=&quot;Multi-chain RPC configuration - maps chain IDs to RPC URL arrays&quot;
🤖 [MS3-PKG] [INFO] 🤖 [MS3-PKG] [INFO] 🤖 [MS3-PKG] [INFO] 🤖 [MS3-PKG] [INFO] 🤖 [MS3-PKG] [INFO] 🤖 [MS3-PKG] [INFO] 🤖 [MS3-PKG] [INFO] 🤖 [MS3-PKG] [INFO] 🤖 [MS3-PKG] [INFO] 🤖 [MS3-PKG] [INFO] 🤖 [MS3-PKG] [INFO] 🤖 [MS3-PKG] [INFO] 🤖 [MS3-PKG] [INFO] 🤖 [MS3-PKG] [INFO] 📊 [analyzeJoiSchema] Generated 14 requirements for options
🤖 [MS3-PKG] [DEBUG] 🤖 [MS3-PKG] [DEBUG] 🤖 [MS3-PKG] [DEBUG] 🤖 [MS3-PKG] [DEBUG] 🤖 [MS3-PKG] [DEBUG] 🤖 [MS3-PKG] [DEBUG] 🤖 [MS3-PKG] [DEBUG] 🤖 [MS3-PKG] [DEBUG] 🤖 [MS3-PKG] [DEBUG] 🤖 [MS3-PKG] [DEBUG] 🤖 [MS3-PKG] [DEBUG] 🤖 [MS3-PKG] [DEBUG] 🤖 [MS3-PKG] [DEBUG] 🤖 [MS3-PKG] [DEBUG] 🔍 [getRequirements] Starting analysis for bulk-test-9
🤖 [MS3-PKG] [DEBUG] 🤖 [MS3-PKG] [DEBUG] 🤖 [MS3-PKG] [DEBUG] 🤖 [MS3-PKG] [DEBUG] 🤖 [MS3-PKG] [DEBUG] 🤖 [MS3-PKG] [DEBUG] 🤖 [MS3-PKG] [DEBUG] 🤖 [MS3-PKG] [DEBUG] 🤖 [MS3-PKG] [DEBUG] 🤖 [MS3-PKG] [DEBUG] 🤖 [MS3-PKG] [DEBUG] 🤖 [MS3-PKG] [DEBUG] 🤖 [MS3-PKG] [DEBUG] 🤖 [MS3-PKG] [DEBUG] 🔬 [analyzeJoiSchema] Analyzing schema at path: options
🤖 [MS3-PKG] [DEBUG] 🤖 [MS3-PKG] [DEBUG] 🤖 [MS3-PKG] [DEBUG] 🤖 [MS3-PKG] [DEBUG] 🤖 [MS3-PKG] [DEBUG] 🤖 [MS3-PKG] [DEBUG] 🤖 [MS3-PKG] [DEBUG] 🤖 [MS3-PKG] [DEBUG] 🤖 [MS3-PKG] [DEBUG] 🤖 [MS3-PKG] [DEBUG] 🤖 [MS3-PKG] [DEBUG] 🤖 [MS3-PKG] [DEBUG] 🤖 [MS3-PKG] [DEBUG] 🤖 [MS3-PKG] [DEBUG] 📋 [analyzeJoiSchema] Schema description type: object
🤖 [MS3-PKG] [DEBUG] 🤖 [MS3-PKG] [DEBUG] 🤖 [MS3-PKG] [DEBUG] 🤖 [MS3-PKG] [DEBUG] 🤖 [MS3-PKG] [DEBUG] 🤖 [MS3-PKG] [DEBUG] 🤖 [MS3-PKG] [DEBUG] 🤖 [MS3-PKG] [DEBUG] 🤖 [MS3-PKG] [DEBUG] 🤖 [MS3-PKG] [DEBUG] 🤖 [MS3-PKG] [DEBUG] 🤖 [MS3-PKG] [DEBUG] 🤖 [MS3-PKG] [DEBUG] 🤖 [MS3-PKG] [DEBUG] 📋 [analyzeJoiSchema] Schema keys: [ [32m&apos;privateKey&apos;[39m, [32m&apos;provider&apos;[39m, [32m&apos;multiChainRpcs&apos;[39m ]
🤖 [MS3-PKG] [DEBUG] 🤖 [MS3-PKG] [DEBUG] 🤖 [MS3-PKG] [DEBUG] 🤖 [MS3-PKG] [DEBUG] 🤖 [MS3-PKG] [DEBUG] 🤖 [MS3-PKG] [DEBUG] 🤖 [MS3-PKG] [DEBUG] 🤖 [MS3-PKG] [DEBUG] 🤖 [MS3-PKG] [DEBUG] 🤖 [MS3-PKG] [DEBUG] 🤖 [MS3-PKG] [DEBUG] 🤖 [MS3-PKG] [DEBUG] 🤖 [MS3-PKG] [DEBUG] 🤖 [MS3-PKG] [DEBUG] ✅ [analyzeJoiSchema] Processing object schema with 3 keys
🤖 [MS3-PKG] [DEBUG] 🤖 [MS3-PKG] [DEBUG] 🤖 [MS3-PKG] [DEBUG] 🤖 [MS3-PKG] [DEBUG] 🤖 [MS3-PKG] [DEBUG] 🤖 [MS3-PKG] [DEBUG] 🤖 [MS3-PKG] [DEBUG] 🤖 [MS3-PKG] [DEBUG] 🤖 [MS3-PKG] [DEBUG] 🤖 [MS3-PKG] [DEBUG] 🤖 [MS3-PKG] [DEBUG] 🤖 [MS3-PKG] [DEBUG] 🤖 [MS3-PKG] [DEBUG] 🤖 [MS3-PKG] [DEBUG] 🔑 [analyzeJoiSchema] Processing field: privateKey
🤖 [MS3-PKG] [DEBUG] 🤖 [MS3-PKG] [DEBUG] 🤖 [MS3-PKG] [DEBUG] 🤖 [MS3-PKG] [DEBUG] 🤖 [MS3-PKG] [DEBUG] 🤖 [MS3-PKG] [DEBUG] 🤖 [MS3-PKG] [DEBUG] 🤖 [MS3-PKG] [DEBUG] 🤖 [MS3-PKG] [DEBUG] 🤖 [MS3-PKG] [DEBUG] 🤖 [MS3-PKG] [DEBUG] 🤖 [MS3-PKG] [DEBUG] 🤖 [MS3-PKG] [DEBUG] 🤖 [MS3-PKG] [DEBUG] 📝 [analyzeJoiSchema] Field description: {
  type: [32m&apos;string&apos;[39m,
  flags: {
    presence: [32m&apos;required&apos;[39m,
    description: [32m&apos;Private key for wallet (generates random if not provided)&apos;[39m
  },
  rules: [ { name: [32m&apos;pattern&apos;[39m, args: [36m[Object][39m } ]
}
🤖 [MS3-PKG] [DEBUG] 🤖 [MS3-PKG] [DEBUG] 🤖 [MS3-PKG] [DEBUG] 🤖 [MS3-PKG] [DEBUG] 🤖 [MS3-PKG] [DEBUG] 🤖 [MS3-PKG] [DEBUG] 🤖 [MS3-PKG] [DEBUG] 🤖 [MS3-PKG] [DEBUG] 🤖 [MS3-PKG] [DEBUG] 🤖 [MS3-PKG] [DEBUG] 🤖 [MS3-PKG] [DEBUG] 🤖 [MS3-PKG] [DEBUG] 🤖 [MS3-PKG] [DEBUG] 🤖 [MS3-PKG] [DEBUG] 📊 [analyzeJoiSchema] Field privateKey: type=string, required=true, message=&quot;Private key for wallet (generates random if not provided)&quot;
🤖 [MS3-PKG] [DEBUG] 🤖 [MS3-PKG] [DEBUG] 🤖 [MS3-PKG] [DEBUG] 🤖 [MS3-PKG] [DEBUG] 🤖 [MS3-PKG] [DEBUG] 🤖 [MS3-PKG] [DEBUG] 🤖 [MS3-PKG] [DEBUG] 🤖 [MS3-PKG] [DEBUG] 🤖 [MS3-PKG] [DEBUG] 🤖 [MS3-PKG] [DEBUG] 🤖 [MS3-PKG] [DEBUG] 🤖 [MS3-PKG] [DEBUG] 🤖 [MS3-PKG] [DEBUG] 🤖 [MS3-PKG] [DEBUG] 🔑 [analyzeJoiSchema] Processing field: provider
🤖 [MS3-PKG] [DEBUG] 🤖 [MS3-PKG] [DEBUG] 🤖 [MS3-PKG] [DEBUG] 🤖 [MS3-PKG] [DEBUG] 🤖 [MS3-PKG] [DEBUG] 🤖 [MS3-PKG] [DEBUG] 🤖 [MS3-PKG] [DEBUG] 🤖 [MS3-PKG] [DEBUG] 🤖 [MS3-PKG] [DEBUG] 🤖 [MS3-PKG] [DEBUG] 🤖 [MS3-PKG] [DEBUG] 🤖 [MS3-PKG] [DEBUG] 🤖 [MS3-PKG] [DEBUG] 🤖 [MS3-PKG] [DEBUG] 📝 [analyzeJoiSchema] Field description: {
  type: [32m&apos;object&apos;[39m,
  flags: {
    presence: [32m&apos;optional&apos;[39m,
    description: [32m&apos;Optional provider configuration&apos;[39m
  },
  keys: {
    name: { type: [32m&apos;string&apos;[39m, flags: [36m[Object][39m },
    chainId: { type: [32m&apos;string&apos;[39m, flags: [36m[Object][39m, rules: [36m[Array][39m },
    rpcUrls: { type: [32m&apos;array&apos;[39m, flags: [36m[Object][39m, rules: [36m[Array][39m, items: [36m[Array][39m },
    displayName: { type: [32m&apos;string&apos;[39m, flags: [36m[Object][39m }
  }
}
🤖 [MS3-PKG] [DEBUG] 🤖 [MS3-PKG] [DEBUG] 🤖 [MS3-PKG] [DEBUG] 🤖 [MS3-PKG] [DEBUG] 🤖 [MS3-PKG] [DEBUG] 🤖 [MS3-PKG] [DEBUG] 🤖 [MS3-PKG] [DEBUG] 🤖 [MS3-PKG] [DEBUG] 🤖 [MS3-PKG] [DEBUG] 🤖 [MS3-PKG] [DEBUG] 🤖 [MS3-PKG] [DEBUG] 🤖 [MS3-PKG] [DEBUG] 🤖 [MS3-PKG] [DEBUG] 🤖 [MS3-PKG] [DEBUG] 📊 [analyzeJoiSchema] Field provider: type=object, required=false, message=&quot;Optional provider configuration&quot;
🤖 [MS3-PKG] [DEBUG] 🤖 [MS3-PKG] [DEBUG] 🤖 [MS3-PKG] [DEBUG] 🤖 [MS3-PKG] [DEBUG] 🤖 [MS3-PKG] [DEBUG] 🤖 [MS3-PKG] [DEBUG] 🤖 [MS3-PKG] [DEBUG] 🤖 [MS3-PKG] [DEBUG] 🤖 [MS3-PKG] [DEBUG] 🤖 [MS3-PKG] [DEBUG] 🤖 [MS3-PKG] [DEBUG] 🤖 [MS3-PKG] [DEBUG] 🤖 [MS3-PKG] [DEBUG] 🤖 [MS3-PKG] [DEBUG] 🔄 [analyzeJoiSchema] Recursing into nested object: provider
🤖 [MS3-PKG] [DEBUG] 🤖 [MS3-PKG] [DEBUG] 🤖 [MS3-PKG] [DEBUG] 🤖 [MS3-PKG] [DEBUG] 🤖 [MS3-PKG] [DEBUG] 🤖 [MS3-PKG] [DEBUG] 🤖 [MS3-PKG] [DEBUG] 🤖 [MS3-PKG] [DEBUG] 🤖 [MS3-PKG] [DEBUG] 🤖 [MS3-PKG] [DEBUG] 🤖 [MS3-PKG] [DEBUG] 🤖 [MS3-PKG] [DEBUG] 🤖 [MS3-PKG] [DEBUG] 🤖 [MS3-PKG] [DEBUG] 🔑 [analyzeJoiSchema] Processing field: multiChainRpcs
🤖 [MS3-PKG] [DEBUG] 🤖 [MS3-PKG] [DEBUG] 🤖 [MS3-PKG] [DEBUG] 🤖 [MS3-PKG] [DEBUG] 🤖 [MS3-PKG] [DEBUG] 🤖 [MS3-PKG] [DEBUG] 🤖 [MS3-PKG] [DEBUG] 🤖 [MS3-PKG] [DEBUG] 🤖 [MS3-PKG] [DEBUG] 🤖 [MS3-PKG] [DEBUG] 🤖 [MS3-PKG] [DEBUG] 🤖 [MS3-PKG] [DEBUG] 🤖 [MS3-PKG] [DEBUG] 🤖 [MS3-PKG] [DEBUG] 📝 [analyzeJoiSchema] Field description: {
  type: [32m&apos;object&apos;[39m,
  flags: {
    presence: [32m&apos;optional&apos;[39m,
    description: [32m&apos;Multi-chain RPC configuration - maps chain IDs to RPC URL arrays&apos;[39m
  },
  patterns: [ { schema: [36m[Object][39m, rule: [36m[Object][39m } ]
}
🤖 [MS3-PKG] [DEBUG] 🤖 [MS3-PKG] [DEBUG] 🤖 [MS3-PKG] [DEBUG] 🤖 [MS3-PKG] [DEBUG] 🤖 [MS3-PKG] [DEBUG] 🤖 [MS3-PKG] [DEBUG] 🤖 [MS3-PKG] [DEBUG] 🤖 [MS3-PKG] [DEBUG] 🤖 [MS3-PKG] [DEBUG] 🤖 [MS3-PKG] [DEBUG] 🤖 [MS3-PKG] [DEBUG] 🤖 [MS3-PKG] [DEBUG] 🤖 [MS3-PKG] [DEBUG] 🤖 [MS3-PKG] [DEBUG] 📊 [analyzeJoiSchema] Field multiChainRpcs: type=object, required=false, message=&quot;Multi-chain RPC configuration - maps chain IDs to RPC URL arrays&quot;
🤖 [MS3-PKG] [INFO] 🤖 [MS3-PKG] [INFO] 🤖 [MS3-PKG] [INFO] 🤖 [MS3-PKG] [INFO] 🤖 [MS3-PKG] [INFO] 🤖 [MS3-PKG] [INFO] 🤖 [MS3-PKG] [INFO] 🤖 [MS3-PKG] [INFO] 🤖 [MS3-PKG] [INFO] 🤖 [MS3-PKG] [INFO] 🤖 [MS3-PKG] [INFO] 🤖 [MS3-PKG] [INFO] 🤖 [MS3-PKG] [INFO] 🤖 [MS3-PKG] [INFO] 📊 [analyzeJoiSchema] Generated 7 requirements for options
🤖 [MS3-PKG] [DEBUG] 🤖 [MS3-PKG] [DEBUG] 🤖 [MS3-PKG] [DEBUG] 🤖 [MS3-PKG] [DEBUG] 🤖 [MS3-PKG] [DEBUG] 🤖 [MS3-PKG] [DEBUG] 🤖 [MS3-PKG] [DEBUG] 🤖 [MS3-PKG] [DEBUG] 🤖 [MS3-PKG] [DEBUG] 🤖 [MS3-PKG] [DEBUG] 🤖 [MS3-PKG] [DEBUG] 🤖 [MS3-PKG] [DEBUG] 🤖 [MS3-PKG] [DEBUG] 🤖 [MS3-PKG] [DEBUG] 🔍 [getRequirements] Starting analysis for bulk-test-9
🤖 [MS3-PKG] [DEBUG] 🤖 [MS3-PKG] [DEBUG] 🤖 [MS3-PKG] [DEBUG] 🤖 [MS3-PKG] [DEBUG] 🤖 [MS3-PKG] [DEBUG] 🤖 [MS3-PKG] [DEBUG] 🤖 [MS3-PKG] [DEBUG] 🤖 [MS3-PKG] [DEBUG] 🤖 [MS3-PKG] [DEBUG] 🤖 [MS3-PKG] [DEBUG] 🤖 [MS3-PKG] [DEBUG] 🤖 [MS3-PKG] [DEBUG] 🤖 [MS3-PKG] [DEBUG] 🤖 [MS3-PKG] [DEBUG] 🔬 [analyzeJoiSchema] Analyzing schema at path: options
🤖 [MS3-PKG] [DEBUG] 🤖 [MS3-PKG] [DEBUG] 🤖 [MS3-PKG] [DEBUG] 🤖 [MS3-PKG] [DEBUG] 🤖 [MS3-PKG] [DEBUG] 🤖 [MS3-PKG] [DEBUG] 🤖 [MS3-PKG] [DEBUG] 🤖 [MS3-PKG] [DEBUG] 🤖 [MS3-PKG] [DEBUG] 🤖 [MS3-PKG] [DEBUG] 🤖 [MS3-PKG] [DEBUG] 🤖 [MS3-PKG] [DEBUG] 🤖 [MS3-PKG] [DEBUG] 🤖 [MS3-PKG] [DEBUG] 📋 [analyzeJoiSchema] Schema description type: object
🤖 [MS3-PKG] [DEBUG] 🤖 [MS3-PKG] [DEBUG] 🤖 [MS3-PKG] [DEBUG] 🤖 [MS3-PKG] [DEBUG] 🤖 [MS3-PKG] [DEBUG] 🤖 [MS3-PKG] [DEBUG] 🤖 [MS3-PKG] [DEBUG] 🤖 [MS3-PKG] [DEBUG] 🤖 [MS3-PKG] [DEBUG] 🤖 [MS3-PKG] [DEBUG] 🤖 [MS3-PKG] [DEBUG] 🤖 [MS3-PKG] [DEBUG] 🤖 [MS3-PKG] [DEBUG] 🤖 [MS3-PKG] [DEBUG] 📋 [analyzeJoiSchema] Schema keys: [ [32m&apos;web3authConfig&apos;[39m, [32m&apos;multiChainRpcs&apos;[39m ]
🤖 [MS3-PKG] [DEBUG] 🤖 [MS3-PKG] [DEBUG] 🤖 [MS3-PKG] [DEBUG] 🤖 [MS3-PKG] [DEBUG] 🤖 [MS3-PKG] [DEBUG] 🤖 [MS3-PKG] [DEBUG] 🤖 [MS3-PKG] [DEBUG] 🤖 [MS3-PKG] [DEBUG] 🤖 [MS3-PKG] [DEBUG] 🤖 [MS3-PKG] [DEBUG] 🤖 [MS3-PKG] [DEBUG] 🤖 [MS3-PKG] [DEBUG] 🤖 [MS3-PKG] [DEBUG] 🤖 [MS3-PKG] [DEBUG] ✅ [analyzeJoiSchema] Processing object schema with 2 keys
🤖 [MS3-PKG] [DEBUG] 🤖 [MS3-PKG] [DEBUG] 🤖 [MS3-PKG] [DEBUG] 🤖 [MS3-PKG] [DEBUG] 🤖 [MS3-PKG] [DEBUG] 🤖 [MS3-PKG] [DEBUG] 🤖 [MS3-PKG] [DEBUG] 🤖 [MS3-PKG] [DEBUG] 🤖 [MS3-PKG] [DEBUG] 🤖 [MS3-PKG] [DEBUG] 🤖 [MS3-PKG] [DEBUG] 🤖 [MS3-PKG] [DEBUG] 🤖 [MS3-PKG] [DEBUG] 🤖 [MS3-PKG] [DEBUG] 🔑 [analyzeJoiSchema] Processing field: web3authConfig
🤖 [MS3-PKG] [DEBUG] 🤖 [MS3-PKG] [DEBUG] 🤖 [MS3-PKG] [DEBUG] 🤖 [MS3-PKG] [DEBUG] 🤖 [MS3-PKG] [DEBUG] 🤖 [MS3-PKG] [DEBUG] 🤖 [MS3-PKG] [DEBUG] 🤖 [MS3-PKG] [DEBUG] 🤖 [MS3-PKG] [DEBUG] 🤖 [MS3-PKG] [DEBUG] 🤖 [MS3-PKG] [DEBUG] 🤖 [MS3-PKG] [DEBUG] 🤖 [MS3-PKG] [DEBUG] 🤖 [MS3-PKG] [DEBUG] 📝 [analyzeJoiSchema] Field description: {
  type: [32m&apos;object&apos;[39m,
  flags: {
    presence: [32m&apos;required&apos;[39m,
    description: [32m&apos;Web3Auth configuration object&apos;[39m
  },
  keys: {
    clientId: { type: [32m&apos;string&apos;[39m, flags: [36m[Object][39m },
    web3AuthNetwork: { type: [32m&apos;string&apos;[39m, flags: [36m[Object][39m, allow: [36m[Array][39m },
    chainConfig: { type: [32m&apos;object&apos;[39m, flags: [36m[Object][39m, keys: [36m[Object][39m },
    loginConfig: { type: [32m&apos;object&apos;[39m, flags: [36m[Object][39m },
    privateKeyProvider: { type: [32m&apos;any&apos;[39m, flags: [36m[Object][39m }
  }
}
🤖 [MS3-PKG] [DEBUG] 🤖 [MS3-PKG] [DEBUG] 🤖 [MS3-PKG] [DEBUG] 🤖 [MS3-PKG] [DEBUG] 🤖 [MS3-PKG] [DEBUG] 🤖 [MS3-PKG] [DEBUG] 🤖 [MS3-PKG] [DEBUG] 🤖 [MS3-PKG] [DEBUG] 🤖 [MS3-PKG] [DEBUG] 🤖 [MS3-PKG] [DEBUG] 🤖 [MS3-PKG] [DEBUG] 🤖 [MS3-PKG] [DEBUG] 🤖 [MS3-PKG] [DEBUG] 🤖 [MS3-PKG] [DEBUG] 📊 [analyzeJoiSchema] Field web3authConfig: type=object, required=true, message=&quot;Web3Auth configuration object&quot;
🤖 [MS3-PKG] [DEBUG] 🤖 [MS3-PKG] [DEBUG] 🤖 [MS3-PKG] [DEBUG] 🤖 [MS3-PKG] [DEBUG] 🤖 [MS3-PKG] [DEBUG] 🤖 [MS3-PKG] [DEBUG] 🤖 [MS3-PKG] [DEBUG] 🤖 [MS3-PKG] [DEBUG] 🤖 [MS3-PKG] [DEBUG] 🤖 [MS3-PKG] [DEBUG] 🤖 [MS3-PKG] [DEBUG] 🤖 [MS3-PKG] [DEBUG] 🤖 [MS3-PKG] [DEBUG] 🤖 [MS3-PKG] [DEBUG] 🔄 [analyzeJoiSchema] Recursing into nested object: web3authConfig
🤖 [MS3-PKG] [DEBUG] 🤖 [MS3-PKG] [DEBUG] 🤖 [MS3-PKG] [DEBUG] 🤖 [MS3-PKG] [DEBUG] 🤖 [MS3-PKG] [DEBUG] 🤖 [MS3-PKG] [DEBUG] 🤖 [MS3-PKG] [DEBUG] 🤖 [MS3-PKG] [DEBUG] 🤖 [MS3-PKG] [DEBUG] 🤖 [MS3-PKG] [DEBUG] 🤖 [MS3-PKG] [DEBUG] 🤖 [MS3-PKG] [DEBUG] 🤖 [MS3-PKG] [DEBUG] 🤖 [MS3-PKG] [DEBUG] 🔑 [analyzeJoiSchema] Processing field: multiChainRpcs
🤖 [MS3-PKG] [DEBUG] 🤖 [MS3-PKG] [DEBUG] 🤖 [MS3-PKG] [DEBUG] 🤖 [MS3-PKG] [DEBUG] 🤖 [MS3-PKG] [DEBUG] 🤖 [MS3-PKG] [DEBUG] 🤖 [MS3-PKG] [DEBUG] 🤖 [MS3-PKG] [DEBUG] 🤖 [MS3-PKG] [DEBUG] 🤖 [MS3-PKG] [DEBUG] 🤖 [MS3-PKG] [DEBUG] 🤖 [MS3-PKG] [DEBUG] 🤖 [MS3-PKG] [DEBUG] 🤖 [MS3-PKG] [DEBUG] 📝 [analyzeJoiSchema] Field description: {
  type: [32m&apos;object&apos;[39m,
  flags: {
    presence: [32m&apos;optional&apos;[39m,
    description: [32m&apos;Multi-chain RPC configuration - maps chain IDs to RPC URL arrays&apos;[39m
  },
  patterns: [ { schema: [36m[Object][39m, rule: [36m[Object][39m } ]
}
🤖 [MS3-PKG] [DEBUG] 🤖 [MS3-PKG] [DEBUG] 🤖 [MS3-PKG] [DEBUG] 🤖 [MS3-PKG] [DEBUG] 🤖 [MS3-PKG] [DEBUG] 🤖 [MS3-PKG] [DEBUG] 🤖 [MS3-PKG] [DEBUG] 🤖 [MS3-PKG] [DEBUG] 🤖 [MS3-PKG] [DEBUG] 🤖 [MS3-PKG] [DEBUG] 🤖 [MS3-PKG] [DEBUG] 🤖 [MS3-PKG] [DEBUG] 🤖 [MS3-PKG] [DEBUG] 🤖 [MS3-PKG] [DEBUG] 📊 [analyzeJoiSchema] Field multiChainRpcs: type=object, required=false, message=&quot;Multi-chain RPC configuration - maps chain IDs to RPC URL arrays&quot;
🤖 [MS3-PKG] [INFO] 🤖 [MS3-PKG] [INFO] 🤖 [MS3-PKG] [INFO] 🤖 [MS3-PKG] [INFO] 🤖 [MS3-PKG] [INFO] 🤖 [MS3-PKG] [INFO] 🤖 [MS3-PKG] [INFO] 🤖 [MS3-PKG] [INFO] 🤖 [MS3-PKG] [INFO] 🤖 [MS3-PKG] [INFO] 🤖 [MS3-PKG] [INFO] 🤖 [MS3-PKG] [INFO] 🤖 [MS3-PKG] [INFO] 🤖 [MS3-PKG] [INFO] 📊 [analyzeJoiSchema] Generated 14 requirements for options
🤖 [MS3-PKG] [DEBUG] 🤖 [MS3-PKG] [DEBUG] 🤖 [MS3-PKG] [DEBUG] 🤖 [MS3-PKG] [DEBUG] 🤖 [MS3-PKG] [DEBUG] 🤖 [MS3-PKG] [DEBUG] 🤖 [MS3-PKG] [DEBUG] 🤖 [MS3-PKG] [DEBUG] 🤖 [MS3-PKG] [DEBUG] 🤖 [MS3-PKG] [DEBUG] 🤖 [MS3-PKG] [DEBUG] 🤖 [MS3-PKG] [DEBUG] 🤖 [MS3-PKG] [DEBUG] 🤖 [MS3-PKG] [DEBUG] 🔍 [getRequirements] Starting analysis for bulk-test-10
🤖 [MS3-PKG] [DEBUG] 🤖 [MS3-PKG] [DEBUG] 🤖 [MS3-PKG] [DEBUG] 🤖 [MS3-PKG] [DEBUG] 🤖 [MS3-PKG] [DEBUG] 🤖 [MS3-PKG] [DEBUG] 🤖 [MS3-PKG] [DEBUG] 🤖 [MS3-PKG] [DEBUG] 🤖 [MS3-PKG] [DEBUG] 🤖 [MS3-PKG] [DEBUG] 🤖 [MS3-PKG] [DEBUG] 🤖 [MS3-PKG] [DEBUG] 🤖 [MS3-PKG] [DEBUG] 🤖 [MS3-PKG] [DEBUG] 🔬 [analyzeJoiSchema] Analyzing schema at path: options
🤖 [MS3-PKG] [DEBUG] 🤖 [MS3-PKG] [DEBUG] 🤖 [MS3-PKG] [DEBUG] 🤖 [MS3-PKG] [DEBUG] 🤖 [MS3-PKG] [DEBUG] 🤖 [MS3-PKG] [DEBUG] 🤖 [MS3-PKG] [DEBUG] 🤖 [MS3-PKG] [DEBUG] 🤖 [MS3-PKG] [DEBUG] 🤖 [MS3-PKG] [DEBUG] 🤖 [MS3-PKG] [DEBUG] 🤖 [MS3-PKG] [DEBUG] 🤖 [MS3-PKG] [DEBUG] 🤖 [MS3-PKG] [DEBUG] 📋 [analyzeJoiSchema] Schema description type: object
🤖 [MS3-PKG] [DEBUG] 🤖 [MS3-PKG] [DEBUG] 🤖 [MS3-PKG] [DEBUG] 🤖 [MS3-PKG] [DEBUG] 🤖 [MS3-PKG] [DEBUG] 🤖 [MS3-PKG] [DEBUG] 🤖 [MS3-PKG] [DEBUG] 🤖 [MS3-PKG] [DEBUG] 🤖 [MS3-PKG] [DEBUG] 🤖 [MS3-PKG] [DEBUG] 🤖 [MS3-PKG] [DEBUG] 🤖 [MS3-PKG] [DEBUG] 🤖 [MS3-PKG] [DEBUG] 🤖 [MS3-PKG] [DEBUG] 📋 [analyzeJoiSchema] Schema keys: [ [32m&apos;privateKey&apos;[39m, [32m&apos;provider&apos;[39m, [32m&apos;multiChainRpcs&apos;[39m ]
🤖 [MS3-PKG] [DEBUG] 🤖 [MS3-PKG] [DEBUG] 🤖 [MS3-PKG] [DEBUG] 🤖 [MS3-PKG] [DEBUG] 🤖 [MS3-PKG] [DEBUG] 🤖 [MS3-PKG] [DEBUG] 🤖 [MS3-PKG] [DEBUG] 🤖 [MS3-PKG] [DEBUG] 🤖 [MS3-PKG] [DEBUG] 🤖 [MS3-PKG] [DEBUG] 🤖 [MS3-PKG] [DEBUG] 🤖 [MS3-PKG] [DEBUG] 🤖 [MS3-PKG] [DEBUG] 🤖 [MS3-PKG] [DEBUG] ✅ [analyzeJoiSchema] Processing object schema with 3 keys
🤖 [MS3-PKG] [DEBUG] 🤖 [MS3-PKG] [DEBUG] 🤖 [MS3-PKG] [DEBUG] 🤖 [MS3-PKG] [DEBUG] 🤖 [MS3-PKG] [DEBUG] 🤖 [MS3-PKG] [DEBUG] 🤖 [MS3-PKG] [DEBUG] 🤖 [MS3-PKG] [DEBUG] 🤖 [MS3-PKG] [DEBUG] 🤖 [MS3-PKG] [DEBUG] 🤖 [MS3-PKG] [DEBUG] 🤖 [MS3-PKG] [DEBUG] 🤖 [MS3-PKG] [DEBUG] 🤖 [MS3-PKG] [DEBUG] 🔑 [analyzeJoiSchema] Processing field: privateKey
🤖 [MS3-PKG] [DEBUG] 🤖 [MS3-PKG] [DEBUG] 🤖 [MS3-PKG] [DEBUG] 🤖 [MS3-PKG] [DEBUG] 🤖 [MS3-PKG] [DEBUG] 🤖 [MS3-PKG] [DEBUG] 🤖 [MS3-PKG] [DEBUG] 🤖 [MS3-PKG] [DEBUG] 🤖 [MS3-PKG] [DEBUG] 🤖 [MS3-PKG] [DEBUG] 🤖 [MS3-PKG] [DEBUG] 🤖 [MS3-PKG] [DEBUG] 🤖 [MS3-PKG] [DEBUG] 🤖 [MS3-PKG] [DEBUG] 📝 [analyzeJoiSchema] Field description: {
  type: [32m&apos;string&apos;[39m,
  flags: {
    presence: [32m&apos;required&apos;[39m,
    description: [32m&apos;Private key for wallet (generates random if not provided)&apos;[39m
  },
  rules: [ { name: [32m&apos;pattern&apos;[39m, args: [36m[Object][39m } ]
}
🤖 [MS3-PKG] [DEBUG] 🤖 [MS3-PKG] [DEBUG] 🤖 [MS3-PKG] [DEBUG] 🤖 [MS3-PKG] [DEBUG] 🤖 [MS3-PKG] [DEBUG] 🤖 [MS3-PKG] [DEBUG] 🤖 [MS3-PKG] [DEBUG] 🤖 [MS3-PKG] [DEBUG] 🤖 [MS3-PKG] [DEBUG] 🤖 [MS3-PKG] [DEBUG] 🤖 [MS3-PKG] [DEBUG] 🤖 [MS3-PKG] [DEBUG] 🤖 [MS3-PKG] [DEBUG] 🤖 [MS3-PKG] [DEBUG] 📊 [analyzeJoiSchema] Field privateKey: type=string, required=true, message=&quot;Private key for wallet (generates random if not provided)&quot;
🤖 [MS3-PKG] [DEBUG] 🤖 [MS3-PKG] [DEBUG] 🤖 [MS3-PKG] [DEBUG] 🤖 [MS3-PKG] [DEBUG] 🤖 [MS3-PKG] [DEBUG] 🤖 [MS3-PKG] [DEBUG] 🤖 [MS3-PKG] [DEBUG] 🤖 [MS3-PKG] [DEBUG] 🤖 [MS3-PKG] [DEBUG] 🤖 [MS3-PKG] [DEBUG] 🤖 [MS3-PKG] [DEBUG] 🤖 [MS3-PKG] [DEBUG] 🤖 [MS3-PKG] [DEBUG] 🤖 [MS3-PKG] [DEBUG] 🔑 [analyzeJoiSchema] Processing field: provider
🤖 [MS3-PKG] [DEBUG] 🤖 [MS3-PKG] [DEBUG] 🤖 [MS3-PKG] [DEBUG] 🤖 [MS3-PKG] [DEBUG] 🤖 [MS3-PKG] [DEBUG] 🤖 [MS3-PKG] [DEBUG] 🤖 [MS3-PKG] [DEBUG] 🤖 [MS3-PKG] [DEBUG] 🤖 [MS3-PKG] [DEBUG] 🤖 [MS3-PKG] [DEBUG] 🤖 [MS3-PKG] [DEBUG] 🤖 [MS3-PKG] [DEBUG] 🤖 [MS3-PKG] [DEBUG] 🤖 [MS3-PKG] [DEBUG] 📝 [analyzeJoiSchema] Field description: {
  type: [32m&apos;object&apos;[39m,
  flags: {
    presence: [32m&apos;optional&apos;[39m,
    description: [32m&apos;Optional provider configuration&apos;[39m
  },
  keys: {
    name: { type: [32m&apos;string&apos;[39m, flags: [36m[Object][39m },
    chainId: { type: [32m&apos;string&apos;[39m, flags: [36m[Object][39m, rules: [36m[Array][39m },
    rpcUrls: { type: [32m&apos;array&apos;[39m, flags: [36m[Object][39m, rules: [36m[Array][39m, items: [36m[Array][39m },
    displayName: { type: [32m&apos;string&apos;[39m, flags: [36m[Object][39m }
  }
}
🤖 [MS3-PKG] [DEBUG] 🤖 [MS3-PKG] [DEBUG] 🤖 [MS3-PKG] [DEBUG] 🤖 [MS3-PKG] [DEBUG] 🤖 [MS3-PKG] [DEBUG] 🤖 [MS3-PKG] [DEBUG] 🤖 [MS3-PKG] [DEBUG] 🤖 [MS3-PKG] [DEBUG] 🤖 [MS3-PKG] [DEBUG] 🤖 [MS3-PKG] [DEBUG] 🤖 [MS3-PKG] [DEBUG] 🤖 [MS3-PKG] [DEBUG] 🤖 [MS3-PKG] [DEBUG] 🤖 [MS3-PKG] [DEBUG] 📊 [analyzeJoiSchema] Field provider: type=object, required=false, message=&quot;Optional provider configuration&quot;
🤖 [MS3-PKG] [DEBUG] 🤖 [MS3-PKG] [DEBUG] 🤖 [MS3-PKG] [DEBUG] 🤖 [MS3-PKG] [DEBUG] 🤖 [MS3-PKG] [DEBUG] 🤖 [MS3-PKG] [DEBUG] 🤖 [MS3-PKG] [DEBUG] 🤖 [MS3-PKG] [DEBUG] 🤖 [MS3-PKG] [DEBUG] 🤖 [MS3-PKG] [DEBUG] 🤖 [MS3-PKG] [DEBUG] 🤖 [MS3-PKG] [DEBUG] 🤖 [MS3-PKG] [DEBUG] 🤖 [MS3-PKG] [DEBUG] 🔄 [analyzeJoiSchema] Recursing into nested object: provider
🤖 [MS3-PKG] [DEBUG] 🤖 [MS3-PKG] [DEBUG] 🤖 [MS3-PKG] [DEBUG] 🤖 [MS3-PKG] [DEBUG] 🤖 [MS3-PKG] [DEBUG] 🤖 [MS3-PKG] [DEBUG] 🤖 [MS3-PKG] [DEBUG] 🤖 [MS3-PKG] [DEBUG] 🤖 [MS3-PKG] [DEBUG] 🤖 [MS3-PKG] [DEBUG] 🤖 [MS3-PKG] [DEBUG] 🤖 [MS3-PKG] [DEBUG] 🤖 [MS3-PKG] [DEBUG] 🤖 [MS3-PKG] [DEBUG] 🔑 [analyzeJoiSchema] Processing field: multiChainRpcs
🤖 [MS3-PKG] [DEBUG] 🤖 [MS3-PKG] [DEBUG] 🤖 [MS3-PKG] [DEBUG] 🤖 [MS3-PKG] [DEBUG] 🤖 [MS3-PKG] [DEBUG] 🤖 [MS3-PKG] [DEBUG] 🤖 [MS3-PKG] [DEBUG] 🤖 [MS3-PKG] [DEBUG] 🤖 [MS3-PKG] [DEBUG] 🤖 [MS3-PKG] [DEBUG] 🤖 [MS3-PKG] [DEBUG] 🤖 [MS3-PKG] [DEBUG] 🤖 [MS3-PKG] [DEBUG] 🤖 [MS3-PKG] [DEBUG] 📝 [analyzeJoiSchema] Field description: {
  type: [32m&apos;object&apos;[39m,
  flags: {
    presence: [32m&apos;optional&apos;[39m,
    description: [32m&apos;Multi-chain RPC configuration - maps chain IDs to RPC URL arrays&apos;[39m
  },
  patterns: [ { schema: [36m[Object][39m, rule: [36m[Object][39m } ]
}
🤖 [MS3-PKG] [DEBUG] 🤖 [MS3-PKG] [DEBUG] 🤖 [MS3-PKG] [DEBUG] 🤖 [MS3-PKG] [DEBUG] 🤖 [MS3-PKG] [DEBUG] 🤖 [MS3-PKG] [DEBUG] 🤖 [MS3-PKG] [DEBUG] 🤖 [MS3-PKG] [DEBUG] 🤖 [MS3-PKG] [DEBUG] 🤖 [MS3-PKG] [DEBUG] 🤖 [MS3-PKG] [DEBUG] 🤖 [MS3-PKG] [DEBUG] 🤖 [MS3-PKG] [DEBUG] 🤖 [MS3-PKG] [DEBUG] 📊 [analyzeJoiSchema] Field multiChainRpcs: type=object, required=false, message=&quot;Multi-chain RPC configuration - maps chain IDs to RPC URL arrays&quot;
🤖 [MS3-PKG] [INFO] 🤖 [MS3-PKG] [INFO] 🤖 [MS3-PKG] [INFO] 🤖 [MS3-PKG] [INFO] 🤖 [MS3-PKG] [INFO] 🤖 [MS3-PKG] [INFO] 🤖 [MS3-PKG] [INFO] 🤖 [MS3-PKG] [INFO] 🤖 [MS3-PKG] [INFO] 🤖 [MS3-PKG] [INFO] 🤖 [MS3-PKG] [INFO] 🤖 [MS3-PKG] [INFO] 🤖 [MS3-PKG] [INFO] 🤖 [MS3-PKG] [INFO] 📊 [analyzeJoiSchema] Generated 7 requirements for options
🤖 [MS3-PKG] [DEBUG] 🤖 [MS3-PKG] [DEBUG] 🤖 [MS3-PKG] [DEBUG] 🤖 [MS3-PKG] [DEBUG] 🤖 [MS3-PKG] [DEBUG] 🤖 [MS3-PKG] [DEBUG] 🤖 [MS3-PKG] [DEBUG] 🤖 [MS3-PKG] [DEBUG] 🤖 [MS3-PKG] [DEBUG] 🤖 [MS3-PKG] [DEBUG] 🤖 [MS3-PKG] [DEBUG] 🤖 [MS3-PKG] [DEBUG] 🤖 [MS3-PKG] [DEBUG] 🤖 [MS3-PKG] [DEBUG] 🔍 [getRequirements] Starting analysis for bulk-test-10
🤖 [MS3-PKG] [DEBUG] 🤖 [MS3-PKG] [DEBUG] 🤖 [MS3-PKG] [DEBUG] 🤖 [MS3-PKG] [DEBUG] 🤖 [MS3-PKG] [DEBUG] 🤖 [MS3-PKG] [DEBUG] 🤖 [MS3-PKG] [DEBUG] 🤖 [MS3-PKG] [DEBUG] 🤖 [MS3-PKG] [DEBUG] 🤖 [MS3-PKG] [DEBUG] 🤖 [MS3-PKG] [DEBUG] 🤖 [MS3-PKG] [DEBUG] 🤖 [MS3-PKG] [DEBUG] 🤖 [MS3-PKG] [DEBUG] 🔬 [analyzeJoiSchema] Analyzing schema at path: options
🤖 [MS3-PKG] [DEBUG] 🤖 [MS3-PKG] [DEBUG] 🤖 [MS3-PKG] [DEBUG] 🤖 [MS3-PKG] [DEBUG] 🤖 [MS3-PKG] [DEBUG] 🤖 [MS3-PKG] [DEBUG] 🤖 [MS3-PKG] [DEBUG] 🤖 [MS3-PKG] [DEBUG] 🤖 [MS3-PKG] [DEBUG] 🤖 [MS3-PKG] [DEBUG] 🤖 [MS3-PKG] [DEBUG] 🤖 [MS3-PKG] [DEBUG] 🤖 [MS3-PKG] [DEBUG] 🤖 [MS3-PKG] [DEBUG] 📋 [analyzeJoiSchema] Schema description type: object
🤖 [MS3-PKG] [DEBUG] 🤖 [MS3-PKG] [DEBUG] 🤖 [MS3-PKG] [DEBUG] 🤖 [MS3-PKG] [DEBUG] 🤖 [MS3-PKG] [DEBUG] 🤖 [MS3-PKG] [DEBUG] 🤖 [MS3-PKG] [DEBUG] 🤖 [MS3-PKG] [DEBUG] 🤖 [MS3-PKG] [DEBUG] 🤖 [MS3-PKG] [DEBUG] 🤖 [MS3-PKG] [DEBUG] 🤖 [MS3-PKG] [DEBUG] 🤖 [MS3-PKG] [DEBUG] 🤖 [MS3-PKG] [DEBUG] 📋 [analyzeJoiSchema] Schema keys: [ [32m&apos;web3authConfig&apos;[39m, [32m&apos;multiChainRpcs&apos;[39m ]
🤖 [MS3-PKG] [DEBUG] 🤖 [MS3-PKG] [DEBUG] 🤖 [MS3-PKG] [DEBUG] 🤖 [MS3-PKG] [DEBUG] 🤖 [MS3-PKG] [DEBUG] 🤖 [MS3-PKG] [DEBUG] 🤖 [MS3-PKG] [DEBUG] 🤖 [MS3-PKG] [DEBUG] 🤖 [MS3-PKG] [DEBUG] 🤖 [MS3-PKG] [DEBUG] 🤖 [MS3-PKG] [DEBUG] 🤖 [MS3-PKG] [DEBUG] 🤖 [MS3-PKG] [DEBUG] 🤖 [MS3-PKG] [DEBUG] ✅ [analyzeJoiSchema] Processing object schema with 2 keys
🤖 [MS3-PKG] [DEBUG] 🤖 [MS3-PKG] [DEBUG] 🤖 [MS3-PKG] [DEBUG] 🤖 [MS3-PKG] [DEBUG] 🤖 [MS3-PKG] [DEBUG] 🤖 [MS3-PKG] [DEBUG] 🤖 [MS3-PKG] [DEBUG] 🤖 [MS3-PKG] [DEBUG] 🤖 [MS3-PKG] [DEBUG] 🤖 [MS3-PKG] [DEBUG] 🤖 [MS3-PKG] [DEBUG] 🤖 [MS3-PKG] [DEBUG] 🤖 [MS3-PKG] [DEBUG] 🤖 [MS3-PKG] [DEBUG] 🔑 [analyzeJoiSchema] Processing field: web3authConfig
🤖 [MS3-PKG] [DEBUG] 🤖 [MS3-PKG] [DEBUG] 🤖 [MS3-PKG] [DEBUG] 🤖 [MS3-PKG] [DEBUG] 🤖 [MS3-PKG] [DEBUG] 🤖 [MS3-PKG] [DEBUG] 🤖 [MS3-PKG] [DEBUG] 🤖 [MS3-PKG] [DEBUG] 🤖 [MS3-PKG] [DEBUG] 🤖 [MS3-PKG] [DEBUG] 🤖 [MS3-PKG] [DEBUG] 🤖 [MS3-PKG] [DEBUG] 🤖 [MS3-PKG] [DEBUG] 🤖 [MS3-PKG] [DEBUG] 📝 [analyzeJoiSchema] Field description: {
  type: [32m&apos;object&apos;[39m,
  flags: {
    presence: [32m&apos;required&apos;[39m,
    description: [32m&apos;Web3Auth configuration object&apos;[39m
  },
  keys: {
    clientId: { type: [32m&apos;string&apos;[39m, flags: [36m[Object][39m },
    web3AuthNetwork: { type: [32m&apos;string&apos;[39m, flags: [36m[Object][39m, allow: [36m[Array][39m },
    chainConfig: { type: [32m&apos;object&apos;[39m, flags: [36m[Object][39m, keys: [36m[Object][39m },
    loginConfig: { type: [32m&apos;object&apos;[39m, flags: [36m[Object][39m },
    privateKeyProvider: { type: [32m&apos;any&apos;[39m, flags: [36m[Object][39m }
  }
}
🤖 [MS3-PKG] [DEBUG] 🤖 [MS3-PKG] [DEBUG] 🤖 [MS3-PKG] [DEBUG] 🤖 [MS3-PKG] [DEBUG] 🤖 [MS3-PKG] [DEBUG] 🤖 [MS3-PKG] [DEBUG] 🤖 [MS3-PKG] [DEBUG] 🤖 [MS3-PKG] [DEBUG] 🤖 [MS3-PKG] [DEBUG] 🤖 [MS3-PKG] [DEBUG] 🤖 [MS3-PKG] [DEBUG] 🤖 [MS3-PKG] [DEBUG] 🤖 [MS3-PKG] [DEBUG] 🤖 [MS3-PKG] [DEBUG] 📊 [analyzeJoiSchema] Field web3authConfig: type=object, required=true, message=&quot;Web3Auth configuration object&quot;
🤖 [MS3-PKG] [DEBUG] 🤖 [MS3-PKG] [DEBUG] 🤖 [MS3-PKG] [DEBUG] 🤖 [MS3-PKG] [DEBUG] 🤖 [MS3-PKG] [DEBUG] 🤖 [MS3-PKG] [DEBUG] 🤖 [MS3-PKG] [DEBUG] 🤖 [MS3-PKG] [DEBUG] 🤖 [MS3-PKG] [DEBUG] 🤖 [MS3-PKG] [DEBUG] 🤖 [MS3-PKG] [DEBUG] 🤖 [MS3-PKG] [DEBUG] 🤖 [MS3-PKG] [DEBUG] 🤖 [MS3-PKG] [DEBUG] 🔄 [analyzeJoiSchema] Recursing into nested object: web3authConfig
🤖 [MS3-PKG] [DEBUG] 🤖 [MS3-PKG] [DEBUG] 🤖 [MS3-PKG] [DEBUG] 🤖 [MS3-PKG] [DEBUG] 🤖 [MS3-PKG] [DEBUG] 🤖 [MS3-PKG] [DEBUG] 🤖 [MS3-PKG] [DEBUG] 🤖 [MS3-PKG] [DEBUG] 🤖 [MS3-PKG] [DEBUG] 🤖 [MS3-PKG] [DEBUG] 🤖 [MS3-PKG] [DEBUG] 🤖 [MS3-PKG] [DEBUG] 🤖 [MS3-PKG] [DEBUG] 🤖 [MS3-PKG] [DEBUG] 🔑 [analyzeJoiSchema] Processing field: multiChainRpcs
🤖 [MS3-PKG] [DEBUG] 🤖 [MS3-PKG] [DEBUG] 🤖 [MS3-PKG] [DEBUG] 🤖 [MS3-PKG] [DEBUG] 🤖 [MS3-PKG] [DEBUG] 🤖 [MS3-PKG] [DEBUG] 🤖 [MS3-PKG] [DEBUG] 🤖 [MS3-PKG] [DEBUG] 🤖 [MS3-PKG] [DEBUG] 🤖 [MS3-PKG] [DEBUG] 🤖 [MS3-PKG] [DEBUG] 🤖 [MS3-PKG] [DEBUG] 🤖 [MS3-PKG] [DEBUG] 🤖 [MS3-PKG] [DEBUG] 📝 [analyzeJoiSchema] Field description: {
  type: [32m&apos;object&apos;[39m,
  flags: {
    presence: [32m&apos;optional&apos;[39m,
    description: [32m&apos;Multi-chain RPC configuration - maps chain IDs to RPC URL arrays&apos;[39m
  },
  patterns: [ { schema: [36m[Object][39m, rule: [36m[Object][39m } ]
}
🤖 [MS3-PKG] [DEBUG] 🤖 [MS3-PKG] [DEBUG] 🤖 [MS3-PKG] [DEBUG] 🤖 [MS3-PKG] [DEBUG] 🤖 [MS3-PKG] [DEBUG] 🤖 [MS3-PKG] [DEBUG] 🤖 [MS3-PKG] [DEBUG] 🤖 [MS3-PKG] [DEBUG] 🤖 [MS3-PKG] [DEBUG] 🤖 [MS3-PKG] [DEBUG] 🤖 [MS3-PKG] [DEBUG] 🤖 [MS3-PKG] [DEBUG] 🤖 [MS3-PKG] [DEBUG] 🤖 [MS3-PKG] [DEBUG] 📊 [analyzeJoiSchema] Field multiChainRpcs: type=object, required=false, message=&quot;Multi-chain RPC configuration - maps chain IDs to RPC URL arrays&quot;
🤖 [MS3-PKG] [INFO] 🤖 [MS3-PKG] [INFO] 🤖 [MS3-PKG] [INFO] 🤖 [MS3-PKG] [INFO] 🤖 [MS3-PKG] [INFO] 🤖 [MS3-PKG] [INFO] 🤖 [MS3-PKG] [INFO] 🤖 [MS3-PKG] [INFO] 🤖 [MS3-PKG] [INFO] 🤖 [MS3-PKG] [INFO] 🤖 [MS3-PKG] [INFO] 🤖 [MS3-PKG] [INFO] 🤖 [MS3-PKG] [INFO] 🤖 [MS3-PKG] [INFO] 📊 [analyzeJoiSchema] Generated 14 requirements for options
🤖 [MS3-PKG] [DEBUG] 🤖 [MS3-PKG] [DEBUG] 🤖 [MS3-PKG] [DEBUG] 🤖 [MS3-PKG] [DEBUG] 🤖 [MS3-PKG] [DEBUG] 🤖 [MS3-PKG] [DEBUG] 🤖 [MS3-PKG] [DEBUG] 🤖 [MS3-PKG] [DEBUG] 🤖 [MS3-PKG] [DEBUG] 🤖 [MS3-PKG] [DEBUG] 🤖 [MS3-PKG] [DEBUG] 🤖 [MS3-PKG] [DEBUG] 🤖 [MS3-PKG] [DEBUG] 🤖 [MS3-PKG] [DEBUG] 🔍 [getRequirements] Starting analysis for bulk-test-11
🤖 [MS3-PKG] [DEBUG] 🤖 [MS3-PKG] [DEBUG] 🤖 [MS3-PKG] [DEBUG] 🤖 [MS3-PKG] [DEBUG] 🤖 [MS3-PKG] [DEBUG] 🤖 [MS3-PKG] [DEBUG] 🤖 [MS3-PKG] [DEBUG] 🤖 [MS3-PKG] [DEBUG] 🤖 [MS3-PKG] [DEBUG] 🤖 [MS3-PKG] [DEBUG] 🤖 [MS3-PKG] [DEBUG] 🤖 [MS3-PKG] [DEBUG] 🤖 [MS3-PKG] [DEBUG] 🤖 [MS3-PKG] [DEBUG] 🔬 [analyzeJoiSchema] Analyzing schema at path: options
🤖 [MS3-PKG] [DEBUG] 🤖 [MS3-PKG] [DEBUG] 🤖 [MS3-PKG] [DEBUG] 🤖 [MS3-PKG] [DEBUG] 🤖 [MS3-PKG] [DEBUG] 🤖 [MS3-PKG] [DEBUG] 🤖 [MS3-PKG] [DEBUG] 🤖 [MS3-PKG] [DEBUG] 🤖 [MS3-PKG] [DEBUG] 🤖 [MS3-PKG] [DEBUG] 🤖 [MS3-PKG] [DEBUG] 🤖 [MS3-PKG] [DEBUG] 🤖 [MS3-PKG] [DEBUG] 🤖 [MS3-PKG] [DEBUG] 📋 [analyzeJoiSchema] Schema description type: object
🤖 [MS3-PKG] [DEBUG] 🤖 [MS3-PKG] [DEBUG] 🤖 [MS3-PKG] [DEBUG] 🤖 [MS3-PKG] [DEBUG] 🤖 [MS3-PKG] [DEBUG] 🤖 [MS3-PKG] [DEBUG] 🤖 [MS3-PKG] [DEBUG] 🤖 [MS3-PKG] [DEBUG] 🤖 [MS3-PKG] [DEBUG] 🤖 [MS3-PKG] [DEBUG] 🤖 [MS3-PKG] [DEBUG] 🤖 [MS3-PKG] [DEBUG] 🤖 [MS3-PKG] [DEBUG] 🤖 [MS3-PKG] [DEBUG] 📋 [analyzeJoiSchema] Schema keys: [ [32m&apos;privateKey&apos;[39m, [32m&apos;provider&apos;[39m, [32m&apos;multiChainRpcs&apos;[39m ]
🤖 [MS3-PKG] [DEBUG] 🤖 [MS3-PKG] [DEBUG] 🤖 [MS3-PKG] [DEBUG] 🤖 [MS3-PKG] [DEBUG] 🤖 [MS3-PKG] [DEBUG] 🤖 [MS3-PKG] [DEBUG] 🤖 [MS3-PKG] [DEBUG] 🤖 [MS3-PKG] [DEBUG] 🤖 [MS3-PKG] [DEBUG] 🤖 [MS3-PKG] [DEBUG] 🤖 [MS3-PKG] [DEBUG] 🤖 [MS3-PKG] [DEBUG] 🤖 [MS3-PKG] [DEBUG] 🤖 [MS3-PKG] [DEBUG] ✅ [analyzeJoiSchema] Processing object schema with 3 keys
🤖 [MS3-PKG] [DEBUG] 🤖 [MS3-PKG] [DEBUG] 🤖 [MS3-PKG] [DEBUG] 🤖 [MS3-PKG] [DEBUG] 🤖 [MS3-PKG] [DEBUG] 🤖 [MS3-PKG] [DEBUG] 🤖 [MS3-PKG] [DEBUG] 🤖 [MS3-PKG] [DEBUG] 🤖 [MS3-PKG] [DEBUG] 🤖 [MS3-PKG] [DEBUG] 🤖 [MS3-PKG] [DEBUG] 🤖 [MS3-PKG] [DEBUG] 🤖 [MS3-PKG] [DEBUG] 🤖 [MS3-PKG] [DEBUG] 🔑 [analyzeJoiSchema] Processing field: privateKey
🤖 [MS3-PKG] [DEBUG] 🤖 [MS3-PKG] [DEBUG] 🤖 [MS3-PKG] [DEBUG] 🤖 [MS3-PKG] [DEBUG] 🤖 [MS3-PKG] [DEBUG] 🤖 [MS3-PKG] [DEBUG] 🤖 [MS3-PKG] [DEBUG] 🤖 [MS3-PKG] [DEBUG] 🤖 [MS3-PKG] [DEBUG] 🤖 [MS3-PKG] [DEBUG] 🤖 [MS3-PKG] [DEBUG] 🤖 [MS3-PKG] [DEBUG] 🤖 [MS3-PKG] [DEBUG] 🤖 [MS3-PKG] [DEBUG] 📝 [analyzeJoiSchema] Field description: {
  type: [32m&apos;string&apos;[39m,
  flags: {
    presence: [32m&apos;required&apos;[39m,
    description: [32m&apos;Private key for wallet (generates random if not provided)&apos;[39m
  },
  rules: [ { name: [32m&apos;pattern&apos;[39m, args: [36m[Object][39m } ]
}
🤖 [MS3-PKG] [DEBUG] 🤖 [MS3-PKG] [DEBUG] 🤖 [MS3-PKG] [DEBUG] 🤖 [MS3-PKG] [DEBUG] 🤖 [MS3-PKG] [DEBUG] 🤖 [MS3-PKG] [DEBUG] 🤖 [MS3-PKG] [DEBUG] 🤖 [MS3-PKG] [DEBUG] 🤖 [MS3-PKG] [DEBUG] 🤖 [MS3-PKG] [DEBUG] 🤖 [MS3-PKG] [DEBUG] 🤖 [MS3-PKG] [DEBUG] 🤖 [MS3-PKG] [DEBUG] 🤖 [MS3-PKG] [DEBUG] 📊 [analyzeJoiSchema] Field privateKey: type=string, required=true, message=&quot;Private key for wallet (generates random if not provided)&quot;
🤖 [MS3-PKG] [DEBUG] 🤖 [MS3-PKG] [DEBUG] 🤖 [MS3-PKG] [DEBUG] 🤖 [MS3-PKG] [DEBUG] 🤖 [MS3-PKG] [DEBUG] 🤖 [MS3-PKG] [DEBUG] 🤖 [MS3-PKG] [DEBUG] 🤖 [MS3-PKG] [DEBUG] 🤖 [MS3-PKG] [DEBUG] 🤖 [MS3-PKG] [DEBUG] 🤖 [MS3-PKG] [DEBUG] 🤖 [MS3-PKG] [DEBUG] 🤖 [MS3-PKG] [DEBUG] 🤖 [MS3-PKG] [DEBUG] 🔑 [analyzeJoiSchema] Processing field: provider
🤖 [MS3-PKG] [DEBUG] 🤖 [MS3-PKG] [DEBUG] 🤖 [MS3-PKG] [DEBUG] 🤖 [MS3-PKG] [DEBUG] 🤖 [MS3-PKG] [DEBUG] 🤖 [MS3-PKG] [DEBUG] 🤖 [MS3-PKG] [DEBUG] 🤖 [MS3-PKG] [DEBUG] 🤖 [MS3-PKG] [DEBUG] 🤖 [MS3-PKG] [DEBUG] 🤖 [MS3-PKG] [DEBUG] 🤖 [MS3-PKG] [DEBUG] 🤖 [MS3-PKG] [DEBUG] 🤖 [MS3-PKG] [DEBUG] 📝 [analyzeJoiSchema] Field description: {
  type: [32m&apos;object&apos;[39m,
  flags: {
    presence: [32m&apos;optional&apos;[39m,
    description: [32m&apos;Optional provider configuration&apos;[39m
  },
  keys: {
    name: { type: [32m&apos;string&apos;[39m, flags: [36m[Object][39m },
    chainId: { type: [32m&apos;string&apos;[39m, flags: [36m[Object][39m, rules: [36m[Array][39m },
    rpcUrls: { type: [32m&apos;array&apos;[39m, flags: [36m[Object][39m, rules: [36m[Array][39m, items: [36m[Array][39m },
    displayName: { type: [32m&apos;string&apos;[39m, flags: [36m[Object][39m }
  }
}
🤖 [MS3-PKG] [DEBUG] 🤖 [MS3-PKG] [DEBUG] 🤖 [MS3-PKG] [DEBUG] 🤖 [MS3-PKG] [DEBUG] 🤖 [MS3-PKG] [DEBUG] 🤖 [MS3-PKG] [DEBUG] 🤖 [MS3-PKG] [DEBUG] 🤖 [MS3-PKG] [DEBUG] 🤖 [MS3-PKG] [DEBUG] 🤖 [MS3-PKG] [DEBUG] 🤖 [MS3-PKG] [DEBUG] 🤖 [MS3-PKG] [DEBUG] 🤖 [MS3-PKG] [DEBUG] 🤖 [MS3-PKG] [DEBUG] 📊 [analyzeJoiSchema] Field provider: type=object, required=false, message=&quot;Optional provider configuration&quot;
🤖 [MS3-PKG] [DEBUG] 🤖 [MS3-PKG] [DEBUG] 🤖 [MS3-PKG] [DEBUG] 🤖 [MS3-PKG] [DEBUG] 🤖 [MS3-PKG] [DEBUG] 🤖 [MS3-PKG] [DEBUG] 🤖 [MS3-PKG] [DEBUG] 🤖 [MS3-PKG] [DEBUG] 🤖 [MS3-PKG] [DEBUG] 🤖 [MS3-PKG] [DEBUG] 🤖 [MS3-PKG] [DEBUG] 🤖 [MS3-PKG] [DEBUG] 🤖 [MS3-PKG] [DEBUG] 🤖 [MS3-PKG] [DEBUG] 🔄 [analyzeJoiSchema] Recursing into nested object: provider
🤖 [MS3-PKG] [DEBUG] 🤖 [MS3-PKG] [DEBUG] 🤖 [MS3-PKG] [DEBUG] 🤖 [MS3-PKG] [DEBUG] 🤖 [MS3-PKG] [DEBUG] 🤖 [MS3-PKG] [DEBUG] 🤖 [MS3-PKG] [DEBUG] 🤖 [MS3-PKG] [DEBUG] 🤖 [MS3-PKG] [DEBUG] 🤖 [MS3-PKG] [DEBUG] 🤖 [MS3-PKG] [DEBUG] 🤖 [MS3-PKG] [DEBUG] 🤖 [MS3-PKG] [DEBUG] 🤖 [MS3-PKG] [DEBUG] 🔑 [analyzeJoiSchema] Processing field: multiChainRpcs
🤖 [MS3-PKG] [DEBUG] 🤖 [MS3-PKG] [DEBUG] 🤖 [MS3-PKG] [DEBUG] 🤖 [MS3-PKG] [DEBUG] 🤖 [MS3-PKG] [DEBUG] 🤖 [MS3-PKG] [DEBUG] 🤖 [MS3-PKG] [DEBUG] 🤖 [MS3-PKG] [DEBUG] 🤖 [MS3-PKG] [DEBUG] 🤖 [MS3-PKG] [DEBUG] 🤖 [MS3-PKG] [DEBUG] 🤖 [MS3-PKG] [DEBUG] 🤖 [MS3-PKG] [DEBUG] 🤖 [MS3-PKG] [DEBUG] 📝 [analyzeJoiSchema] Field description: {
  type: [32m&apos;object&apos;[39m,
  flags: {
    presence: [32m&apos;optional&apos;[39m,
    description: [32m&apos;Multi-chain RPC configuration - maps chain IDs to RPC URL arrays&apos;[39m
  },
  patterns: [ { schema: [36m[Object][39m, rule: [36m[Object][39m } ]
}
🤖 [MS3-PKG] [DEBUG] 🤖 [MS3-PKG] [DEBUG] 🤖 [MS3-PKG] [DEBUG] 🤖 [MS3-PKG] [DEBUG] 🤖 [MS3-PKG] [DEBUG] 🤖 [MS3-PKG] [DEBUG] 🤖 [MS3-PKG] [DEBUG] 🤖 [MS3-PKG] [DEBUG] 🤖 [MS3-PKG] [DEBUG] 🤖 [MS3-PKG] [DEBUG] 🤖 [MS3-PKG] [DEBUG] 🤖 [MS3-PKG] [DEBUG] 🤖 [MS3-PKG] [DEBUG] 🤖 [MS3-PKG] [DEBUG] 📊 [analyzeJoiSchema] Field multiChainRpcs: type=object, required=false, message=&quot;Multi-chain RPC configuration - maps chain IDs to RPC URL arrays&quot;
🤖 [MS3-PKG] [INFO] 🤖 [MS3-PKG] [INFO] 🤖 [MS3-PKG] [INFO] 🤖 [MS3-PKG] [INFO] 🤖 [MS3-PKG] [INFO] 🤖 [MS3-PKG] [INFO] 🤖 [MS3-PKG] [INFO] 🤖 [MS3-PKG] [INFO] 🤖 [MS3-PKG] [INFO] 🤖 [MS3-PKG] [INFO] 🤖 [MS3-PKG] [INFO] 🤖 [MS3-PKG] [INFO] 🤖 [MS3-PKG] [INFO] 🤖 [MS3-PKG] [INFO] 📊 [analyzeJoiSchema] Generated 7 requirements for options
🤖 [MS3-PKG] [DEBUG] 🤖 [MS3-PKG] [DEBUG] 🤖 [MS3-PKG] [DEBUG] 🤖 [MS3-PKG] [DEBUG] 🤖 [MS3-PKG] [DEBUG] 🤖 [MS3-PKG] [DEBUG] 🤖 [MS3-PKG] [DEBUG] 🤖 [MS3-PKG] [DEBUG] 🤖 [MS3-PKG] [DEBUG] 🤖 [MS3-PKG] [DEBUG] 🤖 [MS3-PKG] [DEBUG] 🤖 [MS3-PKG] [DEBUG] 🤖 [MS3-PKG] [DEBUG] 🤖 [MS3-PKG] [DEBUG] 🔍 [getRequirements] Starting analysis for bulk-test-11
🤖 [MS3-PKG] [DEBUG] 🤖 [MS3-PKG] [DEBUG] 🤖 [MS3-PKG] [DEBUG] 🤖 [MS3-PKG] [DEBUG] 🤖 [MS3-PKG] [DEBUG] 🤖 [MS3-PKG] [DEBUG] 🤖 [MS3-PKG] [DEBUG] 🤖 [MS3-PKG] [DEBUG] 🤖 [MS3-PKG] [DEBUG] 🤖 [MS3-PKG] [DEBUG] 🤖 [MS3-PKG] [DEBUG] 🤖 [MS3-PKG] [DEBUG] 🤖 [MS3-PKG] [DEBUG] 🤖 [MS3-PKG] [DEBUG] 🔬 [analyzeJoiSchema] Analyzing schema at path: options
🤖 [MS3-PKG] [DEBUG] 🤖 [MS3-PKG] [DEBUG] 🤖 [MS3-PKG] [DEBUG] 🤖 [MS3-PKG] [DEBUG] 🤖 [MS3-PKG] [DEBUG] 🤖 [MS3-PKG] [DEBUG] 🤖 [MS3-PKG] [DEBUG] 🤖 [MS3-PKG] [DEBUG] 🤖 [MS3-PKG] [DEBUG] 🤖 [MS3-PKG] [DEBUG] 🤖 [MS3-PKG] [DEBUG] 🤖 [MS3-PKG] [DEBUG] 🤖 [MS3-PKG] [DEBUG] 🤖 [MS3-PKG] [DEBUG] 📋 [analyzeJoiSchema] Schema description type: object
🤖 [MS3-PKG] [DEBUG] 🤖 [MS3-PKG] [DEBUG] 🤖 [MS3-PKG] [DEBUG] 🤖 [MS3-PKG] [DEBUG] 🤖 [MS3-PKG] [DEBUG] 🤖 [MS3-PKG] [DEBUG] 🤖 [MS3-PKG] [DEBUG] 🤖 [MS3-PKG] [DEBUG] 🤖 [MS3-PKG] [DEBUG] 🤖 [MS3-PKG] [DEBUG] 🤖 [MS3-PKG] [DEBUG] 🤖 [MS3-PKG] [DEBUG] 🤖 [MS3-PKG] [DEBUG] 🤖 [MS3-PKG] [DEBUG] 📋 [analyzeJoiSchema] Schema keys: [ [32m&apos;web3authConfig&apos;[39m, [32m&apos;multiChainRpcs&apos;[39m ]
🤖 [MS3-PKG] [DEBUG] 🤖 [MS3-PKG] [DEBUG] 🤖 [MS3-PKG] [DEBUG] 🤖 [MS3-PKG] [DEBUG] 🤖 [MS3-PKG] [DEBUG] 🤖 [MS3-PKG] [DEBUG] 🤖 [MS3-PKG] [DEBUG] 🤖 [MS3-PKG] [DEBUG] 🤖 [MS3-PKG] [DEBUG] 🤖 [MS3-PKG] [DEBUG] 🤖 [MS3-PKG] [DEBUG] 🤖 [MS3-PKG] [DEBUG] 🤖 [MS3-PKG] [DEBUG] 🤖 [MS3-PKG] [DEBUG] ✅ [analyzeJoiSchema] Processing object schema with 2 keys
🤖 [MS3-PKG] [DEBUG] 🤖 [MS3-PKG] [DEBUG] 🤖 [MS3-PKG] [DEBUG] 🤖 [MS3-PKG] [DEBUG] 🤖 [MS3-PKG] [DEBUG] 🤖 [MS3-PKG] [DEBUG] 🤖 [MS3-PKG] [DEBUG] 🤖 [MS3-PKG] [DEBUG] 🤖 [MS3-PKG] [DEBUG] 🤖 [MS3-PKG] [DEBUG] 🤖 [MS3-PKG] [DEBUG] 🤖 [MS3-PKG] [DEBUG] 🤖 [MS3-PKG] [DEBUG] 🤖 [MS3-PKG] [DEBUG] 🔑 [analyzeJoiSchema] Processing field: web3authConfig
🤖 [MS3-PKG] [DEBUG] 🤖 [MS3-PKG] [DEBUG] 🤖 [MS3-PKG] [DEBUG] 🤖 [MS3-PKG] [DEBUG] 🤖 [MS3-PKG] [DEBUG] 🤖 [MS3-PKG] [DEBUG] 🤖 [MS3-PKG] [DEBUG] 🤖 [MS3-PKG] [DEBUG] 🤖 [MS3-PKG] [DEBUG] 🤖 [MS3-PKG] [DEBUG] 🤖 [MS3-PKG] [DEBUG] 🤖 [MS3-PKG] [DEBUG] 🤖 [MS3-PKG] [DEBUG] 🤖 [MS3-PKG] [DEBUG] 📝 [analyzeJoiSchema] Field description: {
  type: [32m&apos;object&apos;[39m,
  flags: {
    presence: [32m&apos;required&apos;[39m,
    description: [32m&apos;Web3Auth configuration object&apos;[39m
  },
  keys: {
    clientId: { type: [32m&apos;string&apos;[39m, flags: [36m[Object][39m },
    web3AuthNetwork: { type: [32m&apos;string&apos;[39m, flags: [36m[Object][39m, allow: [36m[Array][39m },
    chainConfig: { type: [32m&apos;object&apos;[39m, flags: [36m[Object][39m, keys: [36m[Object][39m },
    loginConfig: { type: [32m&apos;object&apos;[39m, flags: [36m[Object][39m },
    privateKeyProvider: { type: [32m&apos;any&apos;[39m, flags: [36m[Object][39m }
  }
}
🤖 [MS3-PKG] [DEBUG] 🤖 [MS3-PKG] [DEBUG] 🤖 [MS3-PKG] [DEBUG] 🤖 [MS3-PKG] [DEBUG] 🤖 [MS3-PKG] [DEBUG] 🤖 [MS3-PKG] [DEBUG] 🤖 [MS3-PKG] [DEBUG] 🤖 [MS3-PKG] [DEBUG] 🤖 [MS3-PKG] [DEBUG] 🤖 [MS3-PKG] [DEBUG] 🤖 [MS3-PKG] [DEBUG] 🤖 [MS3-PKG] [DEBUG] 🤖 [MS3-PKG] [DEBUG] 🤖 [MS3-PKG] [DEBUG] 📊 [analyzeJoiSchema] Field web3authConfig: type=object, required=true, message=&quot;Web3Auth configuration object&quot;
🤖 [MS3-PKG] [DEBUG] 🤖 [MS3-PKG] [DEBUG] 🤖 [MS3-PKG] [DEBUG] 🤖 [MS3-PKG] [DEBUG] 🤖 [MS3-PKG] [DEBUG] 🤖 [MS3-PKG] [DEBUG] 🤖 [MS3-PKG] [DEBUG] 🤖 [MS3-PKG] [DEBUG] 🤖 [MS3-PKG] [DEBUG] 🤖 [MS3-PKG] [DEBUG] 🤖 [MS3-PKG] [DEBUG] 🤖 [MS3-PKG] [DEBUG] 🤖 [MS3-PKG] [DEBUG] 🤖 [MS3-PKG] [DEBUG] 🔄 [analyzeJoiSchema] Recursing into nested object: web3authConfig
🤖 [MS3-PKG] [DEBUG] 🤖 [MS3-PKG] [DEBUG] 🤖 [MS3-PKG] [DEBUG] 🤖 [MS3-PKG] [DEBUG] 🤖 [MS3-PKG] [DEBUG] 🤖 [MS3-PKG] [DEBUG] 🤖 [MS3-PKG] [DEBUG] 🤖 [MS3-PKG] [DEBUG] 🤖 [MS3-PKG] [DEBUG] 🤖 [MS3-PKG] [DEBUG] 🤖 [MS3-PKG] [DEBUG] 🤖 [MS3-PKG] [DEBUG] 🤖 [MS3-PKG] [DEBUG] 🤖 [MS3-PKG] [DEBUG] 🔑 [analyzeJoiSchema] Processing field: multiChainRpcs
🤖 [MS3-PKG] [DEBUG] 🤖 [MS3-PKG] [DEBUG] 🤖 [MS3-PKG] [DEBUG] 🤖 [MS3-PKG] [DEBUG] 🤖 [MS3-PKG] [DEBUG] 🤖 [MS3-PKG] [DEBUG] 🤖 [MS3-PKG] [DEBUG] 🤖 [MS3-PKG] [DEBUG] 🤖 [MS3-PKG] [DEBUG] 🤖 [MS3-PKG] [DEBUG] 🤖 [MS3-PKG] [DEBUG] 🤖 [MS3-PKG] [DEBUG] 🤖 [MS3-PKG] [DEBUG] 🤖 [MS3-PKG] [DEBUG] 📝 [analyzeJoiSchema] Field description: {
  type: [32m&apos;object&apos;[39m,
  flags: {
    presence: [32m&apos;optional&apos;[39m,
    description: [32m&apos;Multi-chain RPC configuration - maps chain IDs to RPC URL arrays&apos;[39m
  },
  patterns: [ { schema: [36m[Object][39m, rule: [36m[Object][39m } ]
}
🤖 [MS3-PKG] [DEBUG] 🤖 [MS3-PKG] [DEBUG] 🤖 [MS3-PKG] [DEBUG] 🤖 [MS3-PKG] [DEBUG] 🤖 [MS3-PKG] [DEBUG] 🤖 [MS3-PKG] [DEBUG] 🤖 [MS3-PKG] [DEBUG] 🤖 [MS3-PKG] [DEBUG] 🤖 [MS3-PKG] [DEBUG] 🤖 [MS3-PKG] [DEBUG] 🤖 [MS3-PKG] [DEBUG] 🤖 [MS3-PKG] [DEBUG] 🤖 [MS3-PKG] [DEBUG] 🤖 [MS3-PKG] [DEBUG] 📊 [analyzeJoiSchema] Field multiChainRpcs: type=object, required=false, message=&quot;Multi-chain RPC configuration - maps chain IDs to RPC URL arrays&quot;
🤖 [MS3-PKG] [INFO] 🤖 [MS3-PKG] [INFO] 🤖 [MS3-PKG] [INFO] 🤖 [MS3-PKG] [INFO] 🤖 [MS3-PKG] [INFO] 🤖 [MS3-PKG] [INFO] 🤖 [MS3-PKG] [INFO] 🤖 [MS3-PKG] [INFO] 🤖 [MS3-PKG] [INFO] 🤖 [MS3-PKG] [INFO] 🤖 [MS3-PKG] [INFO] 🤖 [MS3-PKG] [INFO] 🤖 [MS3-PKG] [INFO] 🤖 [MS3-PKG] [INFO] 📊 [analyzeJoiSchema] Generated 14 requirements for options
🤖 [MS3-PKG] [DEBUG] 🤖 [MS3-PKG] [DEBUG] 🤖 [MS3-PKG] [DEBUG] 🤖 [MS3-PKG] [DEBUG] 🤖 [MS3-PKG] [DEBUG] 🤖 [MS3-PKG] [DEBUG] 🤖 [MS3-PKG] [DEBUG] 🤖 [MS3-PKG] [DEBUG] 🤖 [MS3-PKG] [DEBUG] 🤖 [MS3-PKG] [DEBUG] 🤖 [MS3-PKG] [DEBUG] 🤖 [MS3-PKG] [DEBUG] 🤖 [MS3-PKG] [DEBUG] 🤖 [MS3-PKG] [DEBUG] 🔍 [getRequirements] Starting analysis for bulk-test-12
🤖 [MS3-PKG] [DEBUG] 🤖 [MS3-PKG] [DEBUG] 🤖 [MS3-PKG] [DEBUG] 🤖 [MS3-PKG] [DEBUG] 🤖 [MS3-PKG] [DEBUG] 🤖 [MS3-PKG] [DEBUG] 🤖 [MS3-PKG] [DEBUG] 🤖 [MS3-PKG] [DEBUG] 🤖 [MS3-PKG] [DEBUG] 🤖 [MS3-PKG] [DEBUG] 🤖 [MS3-PKG] [DEBUG] 🤖 [MS3-PKG] [DEBUG] 🤖 [MS3-PKG] [DEBUG] 🤖 [MS3-PKG] [DEBUG] 🔬 [analyzeJoiSchema] Analyzing schema at path: options
🤖 [MS3-PKG] [DEBUG] 🤖 [MS3-PKG] [DEBUG] 🤖 [MS3-PKG] [DEBUG] 🤖 [MS3-PKG] [DEBUG] 🤖 [MS3-PKG] [DEBUG] 🤖 [MS3-PKG] [DEBUG] 🤖 [MS3-PKG] [DEBUG] 🤖 [MS3-PKG] [DEBUG] 🤖 [MS3-PKG] [DEBUG] 🤖 [MS3-PKG] [DEBUG] 🤖 [MS3-PKG] [DEBUG] 🤖 [MS3-PKG] [DEBUG] 🤖 [MS3-PKG] [DEBUG] 🤖 [MS3-PKG] [DEBUG] 📋 [analyzeJoiSchema] Schema description type: object
🤖 [MS3-PKG] [DEBUG] 🤖 [MS3-PKG] [DEBUG] 🤖 [MS3-PKG] [DEBUG] 🤖 [MS3-PKG] [DEBUG] 🤖 [MS3-PKG] [DEBUG] 🤖 [MS3-PKG] [DEBUG] 🤖 [MS3-PKG] [DEBUG] 🤖 [MS3-PKG] [DEBUG] 🤖 [MS3-PKG] [DEBUG] 🤖 [MS3-PKG] [DEBUG] 🤖 [MS3-PKG] [DEBUG] 🤖 [MS3-PKG] [DEBUG] 🤖 [MS3-PKG] [DEBUG] 🤖 [MS3-PKG] [DEBUG] 📋 [analyzeJoiSchema] Schema keys: [ [32m&apos;privateKey&apos;[39m, [32m&apos;provider&apos;[39m, [32m&apos;multiChainRpcs&apos;[39m ]
🤖 [MS3-PKG] [DEBUG] 🤖 [MS3-PKG] [DEBUG] 🤖 [MS3-PKG] [DEBUG] 🤖 [MS3-PKG] [DEBUG] 🤖 [MS3-PKG] [DEBUG] 🤖 [MS3-PKG] [DEBUG] 🤖 [MS3-PKG] [DEBUG] 🤖 [MS3-PKG] [DEBUG] 🤖 [MS3-PKG] [DEBUG] 🤖 [MS3-PKG] [DEBUG] 🤖 [MS3-PKG] [DEBUG] 🤖 [MS3-PKG] [DEBUG] 🤖 [MS3-PKG] [DEBUG] 🤖 [MS3-PKG] [DEBUG] ✅ [analyzeJoiSchema] Processing object schema with 3 keys
🤖 [MS3-PKG] [DEBUG] 🤖 [MS3-PKG] [DEBUG] 🤖 [MS3-PKG] [DEBUG] 🤖 [MS3-PKG] [DEBUG] 🤖 [MS3-PKG] [DEBUG] 🤖 [MS3-PKG] [DEBUG] 🤖 [MS3-PKG] [DEBUG] 🤖 [MS3-PKG] [DEBUG] 🤖 [MS3-PKG] [DEBUG] 🤖 [MS3-PKG] [DEBUG] 🤖 [MS3-PKG] [DEBUG] 🤖 [MS3-PKG] [DEBUG] 🤖 [MS3-PKG] [DEBUG] 🤖 [MS3-PKG] [DEBUG] 🔑 [analyzeJoiSchema] Processing field: privateKey
🤖 [MS3-PKG] [DEBUG] 🤖 [MS3-PKG] [DEBUG] 🤖 [MS3-PKG] [DEBUG] 🤖 [MS3-PKG] [DEBUG] 🤖 [MS3-PKG] [DEBUG] 🤖 [MS3-PKG] [DEBUG] 🤖 [MS3-PKG] [DEBUG] 🤖 [MS3-PKG] [DEBUG] 🤖 [MS3-PKG] [DEBUG] 🤖 [MS3-PKG] [DEBUG] 🤖 [MS3-PKG] [DEBUG] 🤖 [MS3-PKG] [DEBUG] 🤖 [MS3-PKG] [DEBUG] 🤖 [MS3-PKG] [DEBUG] 📝 [analyzeJoiSchema] Field description: {
  type: [32m&apos;string&apos;[39m,
  flags: {
    presence: [32m&apos;required&apos;[39m,
    description: [32m&apos;Private key for wallet (generates random if not provided)&apos;[39m
  },
  rules: [ { name: [32m&apos;pattern&apos;[39m, args: [36m[Object][39m } ]
}
🤖 [MS3-PKG] [DEBUG] 🤖 [MS3-PKG] [DEBUG] 🤖 [MS3-PKG] [DEBUG] 🤖 [MS3-PKG] [DEBUG] 🤖 [MS3-PKG] [DEBUG] 🤖 [MS3-PKG] [DEBUG] 🤖 [MS3-PKG] [DEBUG] 🤖 [MS3-PKG] [DEBUG] 🤖 [MS3-PKG] [DEBUG] 🤖 [MS3-PKG] [DEBUG] 🤖 [MS3-PKG] [DEBUG] 🤖 [MS3-PKG] [DEBUG] 🤖 [MS3-PKG] [DEBUG] 🤖 [MS3-PKG] [DEBUG] 📊 [analyzeJoiSchema] Field privateKey: type=string, required=true, message=&quot;Private key for wallet (generates random if not provided)&quot;
🤖 [MS3-PKG] [DEBUG] 🤖 [MS3-PKG] [DEBUG] 🤖 [MS3-PKG] [DEBUG] 🤖 [MS3-PKG] [DEBUG] 🤖 [MS3-PKG] [DEBUG] 🤖 [MS3-PKG] [DEBUG] 🤖 [MS3-PKG] [DEBUG] 🤖 [MS3-PKG] [DEBUG] 🤖 [MS3-PKG] [DEBUG] 🤖 [MS3-PKG] [DEBUG] 🤖 [MS3-PKG] [DEBUG] 🤖 [MS3-PKG] [DEBUG] 🤖 [MS3-PKG] [DEBUG] 🤖 [MS3-PKG] [DEBUG] 🔑 [analyzeJoiSchema] Processing field: provider
🤖 [MS3-PKG] [DEBUG] 🤖 [MS3-PKG] [DEBUG] 🤖 [MS3-PKG] [DEBUG] 🤖 [MS3-PKG] [DEBUG] 🤖 [MS3-PKG] [DEBUG] 🤖 [MS3-PKG] [DEBUG] 🤖 [MS3-PKG] [DEBUG] 🤖 [MS3-PKG] [DEBUG] 🤖 [MS3-PKG] [DEBUG] 🤖 [MS3-PKG] [DEBUG] 🤖 [MS3-PKG] [DEBUG] 🤖 [MS3-PKG] [DEBUG] 🤖 [MS3-PKG] [DEBUG] 🤖 [MS3-PKG] [DEBUG] 📝 [analyzeJoiSchema] Field description: {
  type: [32m&apos;object&apos;[39m,
  flags: {
    presence: [32m&apos;optional&apos;[39m,
    description: [32m&apos;Optional provider configuration&apos;[39m
  },
  keys: {
    name: { type: [32m&apos;string&apos;[39m, flags: [36m[Object][39m },
    chainId: { type: [32m&apos;string&apos;[39m, flags: [36m[Object][39m, rules: [36m[Array][39m },
    rpcUrls: { type: [32m&apos;array&apos;[39m, flags: [36m[Object][39m, rules: [36m[Array][39m, items: [36m[Array][39m },
    displayName: { type: [32m&apos;string&apos;[39m, flags: [36m[Object][39m }
  }
}
🤖 [MS3-PKG] [DEBUG] 🤖 [MS3-PKG] [DEBUG] 🤖 [MS3-PKG] [DEBUG] 🤖 [MS3-PKG] [DEBUG] 🤖 [MS3-PKG] [DEBUG] 🤖 [MS3-PKG] [DEBUG] 🤖 [MS3-PKG] [DEBUG] 🤖 [MS3-PKG] [DEBUG] 🤖 [MS3-PKG] [DEBUG] 🤖 [MS3-PKG] [DEBUG] 🤖 [MS3-PKG] [DEBUG] 🤖 [MS3-PKG] [DEBUG] 🤖 [MS3-PKG] [DEBUG] 🤖 [MS3-PKG] [DEBUG] 📊 [analyzeJoiSchema] Field provider: type=object, required=false, message=&quot;Optional provider configuration&quot;
🤖 [MS3-PKG] [DEBUG] 🤖 [MS3-PKG] [DEBUG] 🤖 [MS3-PKG] [DEBUG] 🤖 [MS3-PKG] [DEBUG] 🤖 [MS3-PKG] [DEBUG] 🤖 [MS3-PKG] [DEBUG] 🤖 [MS3-PKG] [DEBUG] 🤖 [MS3-PKG] [DEBUG] 🤖 [MS3-PKG] [DEBUG] 🤖 [MS3-PKG] [DEBUG] 🤖 [MS3-PKG] [DEBUG] 🤖 [MS3-PKG] [DEBUG] 🤖 [MS3-PKG] [DEBUG] 🤖 [MS3-PKG] [DEBUG] 🔄 [analyzeJoiSchema] Recursing into nested object: provider
🤖 [MS3-PKG] [DEBUG] 🤖 [MS3-PKG] [DEBUG] 🤖 [MS3-PKG] [DEBUG] 🤖 [MS3-PKG] [DEBUG] 🤖 [MS3-PKG] [DEBUG] 🤖 [MS3-PKG] [DEBUG] 🤖 [MS3-PKG] [DEBUG] 🤖 [MS3-PKG] [DEBUG] 🤖 [MS3-PKG] [DEBUG] 🤖 [MS3-PKG] [DEBUG] 🤖 [MS3-PKG] [DEBUG] 🤖 [MS3-PKG] [DEBUG] 🤖 [MS3-PKG] [DEBUG] 🤖 [MS3-PKG] [DEBUG] 🔑 [analyzeJoiSchema] Processing field: multiChainRpcs
🤖 [MS3-PKG] [DEBUG] 🤖 [MS3-PKG] [DEBUG] 🤖 [MS3-PKG] [DEBUG] 🤖 [MS3-PKG] [DEBUG] 🤖 [MS3-PKG] [DEBUG] 🤖 [MS3-PKG] [DEBUG] 🤖 [MS3-PKG] [DEBUG] 🤖 [MS3-PKG] [DEBUG] 🤖 [MS3-PKG] [DEBUG] 🤖 [MS3-PKG] [DEBUG] 🤖 [MS3-PKG] [DEBUG] 🤖 [MS3-PKG] [DEBUG] 🤖 [MS3-PKG] [DEBUG] 🤖 [MS3-PKG] [DEBUG] 📝 [analyzeJoiSchema] Field description: {
  type: [32m&apos;object&apos;[39m,
  flags: {
    presence: [32m&apos;optional&apos;[39m,
    description: [32m&apos;Multi-chain RPC configuration - maps chain IDs to RPC URL arrays&apos;[39m
  },
  patterns: [ { schema: [36m[Object][39m, rule: [36m[Object][39m } ]
}
🤖 [MS3-PKG] [DEBUG] 🤖 [MS3-PKG] [DEBUG] 🤖 [MS3-PKG] [DEBUG] 🤖 [MS3-PKG] [DEBUG] 🤖 [MS3-PKG] [DEBUG] 🤖 [MS3-PKG] [DEBUG] 🤖 [MS3-PKG] [DEBUG] 🤖 [MS3-PKG] [DEBUG] 🤖 [MS3-PKG] [DEBUG] 🤖 [MS3-PKG] [DEBUG] 🤖 [MS3-PKG] [DEBUG] 🤖 [MS3-PKG] [DEBUG] 🤖 [MS3-PKG] [DEBUG] 🤖 [MS3-PKG] [DEBUG] 📊 [analyzeJoiSchema] Field multiChainRpcs: type=object, required=false, message=&quot;Multi-chain RPC configuration - maps chain IDs to RPC URL arrays&quot;
🤖 [MS3-PKG] [INFO] 🤖 [MS3-PKG] [INFO] 🤖 [MS3-PKG] [INFO] 🤖 [MS3-PKG] [INFO] 🤖 [MS3-PKG] [INFO] 🤖 [MS3-PKG] [INFO] 🤖 [MS3-PKG] [INFO] 🤖 [MS3-PKG] [INFO] 🤖 [MS3-PKG] [INFO] 🤖 [MS3-PKG] [INFO] 🤖 [MS3-PKG] [INFO] 🤖 [MS3-PKG] [INFO] 🤖 [MS3-PKG] [INFO] 🤖 [MS3-PKG] [INFO] 📊 [analyzeJoiSchema] Generated 7 requirements for options
🤖 [MS3-PKG] [DEBUG] 🤖 [MS3-PKG] [DEBUG] 🤖 [MS3-PKG] [DEBUG] 🤖 [MS3-PKG] [DEBUG] 🤖 [MS3-PKG] [DEBUG] 🤖 [MS3-PKG] [DEBUG] 🤖 [MS3-PKG] [DEBUG] 🤖 [MS3-PKG] [DEBUG] 🤖 [MS3-PKG] [DEBUG] 🤖 [MS3-PKG] [DEBUG] 🤖 [MS3-PKG] [DEBUG] 🤖 [MS3-PKG] [DEBUG] 🤖 [MS3-PKG] [DEBUG] 🤖 [MS3-PKG] [DEBUG] 🔍 [getRequirements] Starting analysis for bulk-test-12
🤖 [MS3-PKG] [DEBUG] 🤖 [MS3-PKG] [DEBUG] 🤖 [MS3-PKG] [DEBUG] 🤖 [MS3-PKG] [DEBUG] 🤖 [MS3-PKG] [DEBUG] 🤖 [MS3-PKG] [DEBUG] 🤖 [MS3-PKG] [DEBUG] 🤖 [MS3-PKG] [DEBUG] 🤖 [MS3-PKG] [DEBUG] 🤖 [MS3-PKG] [DEBUG] 🤖 [MS3-PKG] [DEBUG] 🤖 [MS3-PKG] [DEBUG] 🤖 [MS3-PKG] [DEBUG] 🤖 [MS3-PKG] [DEBUG] 🔬 [analyzeJoiSchema] Analyzing schema at path: options
🤖 [MS3-PKG] [DEBUG] 🤖 [MS3-PKG] [DEBUG] 🤖 [MS3-PKG] [DEBUG] 🤖 [MS3-PKG] [DEBUG] 🤖 [MS3-PKG] [DEBUG] 🤖 [MS3-PKG] [DEBUG] 🤖 [MS3-PKG] [DEBUG] 🤖 [MS3-PKG] [DEBUG] 🤖 [MS3-PKG] [DEBUG] 🤖 [MS3-PKG] [DEBUG] 🤖 [MS3-PKG] [DEBUG] 🤖 [MS3-PKG] [DEBUG] 🤖 [MS3-PKG] [DEBUG] 🤖 [MS3-PKG] [DEBUG] 📋 [analyzeJoiSchema] Schema description type: object
🤖 [MS3-PKG] [DEBUG] 🤖 [MS3-PKG] [DEBUG] 🤖 [MS3-PKG] [DEBUG] 🤖 [MS3-PKG] [DEBUG] 🤖 [MS3-PKG] [DEBUG] 🤖 [MS3-PKG] [DEBUG] 🤖 [MS3-PKG] [DEBUG] 🤖 [MS3-PKG] [DEBUG] 🤖 [MS3-PKG] [DEBUG] 🤖 [MS3-PKG] [DEBUG] 🤖 [MS3-PKG] [DEBUG] 🤖 [MS3-PKG] [DEBUG] 🤖 [MS3-PKG] [DEBUG] 🤖 [MS3-PKG] [DEBUG] 📋 [analyzeJoiSchema] Schema keys: [ [32m&apos;web3authConfig&apos;[39m, [32m&apos;multiChainRpcs&apos;[39m ]
🤖 [MS3-PKG] [DEBUG] 🤖 [MS3-PKG] [DEBUG] 🤖 [MS3-PKG] [DEBUG] 🤖 [MS3-PKG] [DEBUG] 🤖 [MS3-PKG] [DEBUG] 🤖 [MS3-PKG] [DEBUG] 🤖 [MS3-PKG] [DEBUG] 🤖 [MS3-PKG] [DEBUG] 🤖 [MS3-PKG] [DEBUG] 🤖 [MS3-PKG] [DEBUG] 🤖 [MS3-PKG] [DEBUG] 🤖 [MS3-PKG] [DEBUG] 🤖 [MS3-PKG] [DEBUG] 🤖 [MS3-PKG] [DEBUG] ✅ [analyzeJoiSchema] Processing object schema with 2 keys
🤖 [MS3-PKG] [DEBUG] 🤖 [MS3-PKG] [DEBUG] 🤖 [MS3-PKG] [DEBUG] 🤖 [MS3-PKG] [DEBUG] 🤖 [MS3-PKG] [DEBUG] 🤖 [MS3-PKG] [DEBUG] 🤖 [MS3-PKG] [DEBUG] 🤖 [MS3-PKG] [DEBUG] 🤖 [MS3-PKG] [DEBUG] 🤖 [MS3-PKG] [DEBUG] 🤖 [MS3-PKG] [DEBUG] 🤖 [MS3-PKG] [DEBUG] 🤖 [MS3-PKG] [DEBUG] 🤖 [MS3-PKG] [DEBUG] 🔑 [analyzeJoiSchema] Processing field: web3authConfig
🤖 [MS3-PKG] [DEBUG] 🤖 [MS3-PKG] [DEBUG] 🤖 [MS3-PKG] [DEBUG] 🤖 [MS3-PKG] [DEBUG] 🤖 [MS3-PKG] [DEBUG] 🤖 [MS3-PKG] [DEBUG] 🤖 [MS3-PKG] [DEBUG] 🤖 [MS3-PKG] [DEBUG] 🤖 [MS3-PKG] [DEBUG] 🤖 [MS3-PKG] [DEBUG] 🤖 [MS3-PKG] [DEBUG] 🤖 [MS3-PKG] [DEBUG] 🤖 [MS3-PKG] [DEBUG] 🤖 [MS3-PKG] [DEBUG] 📝 [analyzeJoiSchema] Field description: {
  type: [32m&apos;object&apos;[39m,
  flags: {
    presence: [32m&apos;required&apos;[39m,
    description: [32m&apos;Web3Auth configuration object&apos;[39m
  },
  keys: {
    clientId: { type: [32m&apos;string&apos;[39m, flags: [36m[Object][39m },
    web3AuthNetwork: { type: [32m&apos;string&apos;[39m, flags: [36m[Object][39m, allow: [36m[Array][39m },
    chainConfig: { type: [32m&apos;object&apos;[39m, flags: [36m[Object][39m, keys: [36m[Object][39m },
    loginConfig: { type: [32m&apos;object&apos;[39m, flags: [36m[Object][39m },
    privateKeyProvider: { type: [32m&apos;any&apos;[39m, flags: [36m[Object][39m }
  }
}
🤖 [MS3-PKG] [DEBUG] 🤖 [MS3-PKG] [DEBUG] 🤖 [MS3-PKG] [DEBUG] 🤖 [MS3-PKG] [DEBUG] 🤖 [MS3-PKG] [DEBUG] 🤖 [MS3-PKG] [DEBUG] 🤖 [MS3-PKG] [DEBUG] 🤖 [MS3-PKG] [DEBUG] 🤖 [MS3-PKG] [DEBUG] 🤖 [MS3-PKG] [DEBUG] 🤖 [MS3-PKG] [DEBUG] 🤖 [MS3-PKG] [DEBUG] 🤖 [MS3-PKG] [DEBUG] 🤖 [MS3-PKG] [DEBUG] 📊 [analyzeJoiSchema] Field web3authConfig: type=object, required=true, message=&quot;Web3Auth configuration object&quot;
🤖 [MS3-PKG] [DEBUG] 🤖 [MS3-PKG] [DEBUG] 🤖 [MS3-PKG] [DEBUG] 🤖 [MS3-PKG] [DEBUG] 🤖 [MS3-PKG] [DEBUG] 🤖 [MS3-PKG] [DEBUG] 🤖 [MS3-PKG] [DEBUG] 🤖 [MS3-PKG] [DEBUG] 🤖 [MS3-PKG] [DEBUG] 🤖 [MS3-PKG] [DEBUG] 🤖 [MS3-PKG] [DEBUG] 🤖 [MS3-PKG] [DEBUG] 🤖 [MS3-PKG] [DEBUG] 🤖 [MS3-PKG] [DEBUG] 🔄 [analyzeJoiSchema] Recursing into nested object: web3authConfig
🤖 [MS3-PKG] [DEBUG] 🤖 [MS3-PKG] [DEBUG] 🤖 [MS3-PKG] [DEBUG] 🤖 [MS3-PKG] [DEBUG] 🤖 [MS3-PKG] [DEBUG] 🤖 [MS3-PKG] [DEBUG] 🤖 [MS3-PKG] [DEBUG] 🤖 [MS3-PKG] [DEBUG] 🤖 [MS3-PKG] [DEBUG] 🤖 [MS3-PKG] [DEBUG] 🤖 [MS3-PKG] [DEBUG] 🤖 [MS3-PKG] [DEBUG] 🤖 [MS3-PKG] [DEBUG] 🤖 [MS3-PKG] [DEBUG] 🔑 [analyzeJoiSchema] Processing field: multiChainRpcs
🤖 [MS3-PKG] [DEBUG] 🤖 [MS3-PKG] [DEBUG] 🤖 [MS3-PKG] [DEBUG] 🤖 [MS3-PKG] [DEBUG] 🤖 [MS3-PKG] [DEBUG] 🤖 [MS3-PKG] [DEBUG] 🤖 [MS3-PKG] [DEBUG] 🤖 [MS3-PKG] [DEBUG] 🤖 [MS3-PKG] [DEBUG] 🤖 [MS3-PKG] [DEBUG] 🤖 [MS3-PKG] [DEBUG] 🤖 [MS3-PKG] [DEBUG] 🤖 [MS3-PKG] [DEBUG] 🤖 [MS3-PKG] [DEBUG] 📝 [analyzeJoiSchema] Field description: {
  type: [32m&apos;object&apos;[39m,
  flags: {
    presence: [32m&apos;optional&apos;[39m,
    description: [32m&apos;Multi-chain RPC configuration - maps chain IDs to RPC URL arrays&apos;[39m
  },
  patterns: [ { schema: [36m[Object][39m, rule: [36m[Object][39m } ]
}
🤖 [MS3-PKG] [DEBUG] 🤖 [MS3-PKG] [DEBUG] 🤖 [MS3-PKG] [DEBUG] 🤖 [MS3-PKG] [DEBUG] 🤖 [MS3-PKG] [DEBUG] 🤖 [MS3-PKG] [DEBUG] 🤖 [MS3-PKG] [DEBUG] 🤖 [MS3-PKG] [DEBUG] 🤖 [MS3-PKG] [DEBUG] 🤖 [MS3-PKG] [DEBUG] 🤖 [MS3-PKG] [DEBUG] 🤖 [MS3-PKG] [DEBUG] 🤖 [MS3-PKG] [DEBUG] 🤖 [MS3-PKG] [DEBUG] 📊 [analyzeJoiSchema] Field multiChainRpcs: type=object, required=false, message=&quot;Multi-chain RPC configuration - maps chain IDs to RPC URL arrays&quot;
🤖 [MS3-PKG] [INFO] 🤖 [MS3-PKG] [INFO] 🤖 [MS3-PKG] [INFO] 🤖 [MS3-PKG] [INFO] 🤖 [MS3-PKG] [INFO] 🤖 [MS3-PKG] [INFO] 🤖 [MS3-PKG] [INFO] 🤖 [MS3-PKG] [INFO] 🤖 [MS3-PKG] [INFO] 🤖 [MS3-PKG] [INFO] 🤖 [MS3-PKG] [INFO] 🤖 [MS3-PKG] [INFO] 🤖 [MS3-PKG] [INFO] 🤖 [MS3-PKG] [INFO] 📊 [analyzeJoiSchema] Generated 14 requirements for options
🤖 [MS3-PKG] [DEBUG] 🤖 [MS3-PKG] [DEBUG] 🤖 [MS3-PKG] [DEBUG] 🤖 [MS3-PKG] [DEBUG] 🤖 [MS3-PKG] [DEBUG] 🤖 [MS3-PKG] [DEBUG] 🤖 [MS3-PKG] [DEBUG] 🤖 [MS3-PKG] [DEBUG] 🤖 [MS3-PKG] [DEBUG] 🤖 [MS3-PKG] [DEBUG] 🤖 [MS3-PKG] [DEBUG] 🤖 [MS3-PKG] [DEBUG] 🤖 [MS3-PKG] [DEBUG] 🤖 [MS3-PKG] [DEBUG] 🔍 [getRequirements] Starting analysis for bulk-test-13
🤖 [MS3-PKG] [DEBUG] 🤖 [MS3-PKG] [DEBUG] 🤖 [MS3-PKG] [DEBUG] 🤖 [MS3-PKG] [DEBUG] 🤖 [MS3-PKG] [DEBUG] 🤖 [MS3-PKG] [DEBUG] 🤖 [MS3-PKG] [DEBUG] 🤖 [MS3-PKG] [DEBUG] 🤖 [MS3-PKG] [DEBUG] 🤖 [MS3-PKG] [DEBUG] 🤖 [MS3-PKG] [DEBUG] 🤖 [MS3-PKG] [DEBUG] 🤖 [MS3-PKG] [DEBUG] 🤖 [MS3-PKG] [DEBUG] 🔬 [analyzeJoiSchema] Analyzing schema at path: options
🤖 [MS3-PKG] [DEBUG] 🤖 [MS3-PKG] [DEBUG] 🤖 [MS3-PKG] [DEBUG] 🤖 [MS3-PKG] [DEBUG] 🤖 [MS3-PKG] [DEBUG] 🤖 [MS3-PKG] [DEBUG] 🤖 [MS3-PKG] [DEBUG] 🤖 [MS3-PKG] [DEBUG] 🤖 [MS3-PKG] [DEBUG] 🤖 [MS3-PKG] [DEBUG] 🤖 [MS3-PKG] [DEBUG] 🤖 [MS3-PKG] [DEBUG] 🤖 [MS3-PKG] [DEBUG] 🤖 [MS3-PKG] [DEBUG] 📋 [analyzeJoiSchema] Schema description type: object
🤖 [MS3-PKG] [DEBUG] 🤖 [MS3-PKG] [DEBUG] 🤖 [MS3-PKG] [DEBUG] 🤖 [MS3-PKG] [DEBUG] 🤖 [MS3-PKG] [DEBUG] 🤖 [MS3-PKG] [DEBUG] 🤖 [MS3-PKG] [DEBUG] 🤖 [MS3-PKG] [DEBUG] 🤖 [MS3-PKG] [DEBUG] 🤖 [MS3-PKG] [DEBUG] 🤖 [MS3-PKG] [DEBUG] 🤖 [MS3-PKG] [DEBUG] 🤖 [MS3-PKG] [DEBUG] 🤖 [MS3-PKG] [DEBUG] 📋 [analyzeJoiSchema] Schema keys: [ [32m&apos;privateKey&apos;[39m, [32m&apos;provider&apos;[39m, [32m&apos;multiChainRpcs&apos;[39m ]
🤖 [MS3-PKG] [DEBUG] 🤖 [MS3-PKG] [DEBUG] 🤖 [MS3-PKG] [DEBUG] 🤖 [MS3-PKG] [DEBUG] 🤖 [MS3-PKG] [DEBUG] 🤖 [MS3-PKG] [DEBUG] 🤖 [MS3-PKG] [DEBUG] 🤖 [MS3-PKG] [DEBUG] 🤖 [MS3-PKG] [DEBUG] 🤖 [MS3-PKG] [DEBUG] 🤖 [MS3-PKG] [DEBUG] 🤖 [MS3-PKG] [DEBUG] 🤖 [MS3-PKG] [DEBUG] 🤖 [MS3-PKG] [DEBUG] ✅ [analyzeJoiSchema] Processing object schema with 3 keys
🤖 [MS3-PKG] [DEBUG] 🤖 [MS3-PKG] [DEBUG] 🤖 [MS3-PKG] [DEBUG] 🤖 [MS3-PKG] [DEBUG] 🤖 [MS3-PKG] [DEBUG] 🤖 [MS3-PKG] [DEBUG] 🤖 [MS3-PKG] [DEBUG] 🤖 [MS3-PKG] [DEBUG] 🤖 [MS3-PKG] [DEBUG] 🤖 [MS3-PKG] [DEBUG] 🤖 [MS3-PKG] [DEBUG] 🤖 [MS3-PKG] [DEBUG] 🤖 [MS3-PKG] [DEBUG] 🤖 [MS3-PKG] [DEBUG] 🔑 [analyzeJoiSchema] Processing field: privateKey
🤖 [MS3-PKG] [DEBUG] 🤖 [MS3-PKG] [DEBUG] 🤖 [MS3-PKG] [DEBUG] 🤖 [MS3-PKG] [DEBUG] 🤖 [MS3-PKG] [DEBUG] 🤖 [MS3-PKG] [DEBUG] 🤖 [MS3-PKG] [DEBUG] 🤖 [MS3-PKG] [DEBUG] 🤖 [MS3-PKG] [DEBUG] 🤖 [MS3-PKG] [DEBUG] 🤖 [MS3-PKG] [DEBUG] 🤖 [MS3-PKG] [DEBUG] 🤖 [MS3-PKG] [DEBUG] 🤖 [MS3-PKG] [DEBUG] 📝 [analyzeJoiSchema] Field description: {
  type: [32m&apos;string&apos;[39m,
  flags: {
    presence: [32m&apos;required&apos;[39m,
    description: [32m&apos;Private key for wallet (generates random if not provided)&apos;[39m
  },
  rules: [ { name: [32m&apos;pattern&apos;[39m, args: [36m[Object][39m } ]
}
🤖 [MS3-PKG] [DEBUG] 🤖 [MS3-PKG] [DEBUG] 🤖 [MS3-PKG] [DEBUG] 🤖 [MS3-PKG] [DEBUG] 🤖 [MS3-PKG] [DEBUG] 🤖 [MS3-PKG] [DEBUG] 🤖 [MS3-PKG] [DEBUG] 🤖 [MS3-PKG] [DEBUG] 🤖 [MS3-PKG] [DEBUG] 🤖 [MS3-PKG] [DEBUG] 🤖 [MS3-PKG] [DEBUG] 🤖 [MS3-PKG] [DEBUG] 🤖 [MS3-PKG] [DEBUG] 🤖 [MS3-PKG] [DEBUG] 📊 [analyzeJoiSchema] Field privateKey: type=string, required=true, message=&quot;Private key for wallet (generates random if not provided)&quot;
🤖 [MS3-PKG] [DEBUG] 🤖 [MS3-PKG] [DEBUG] 🤖 [MS3-PKG] [DEBUG] 🤖 [MS3-PKG] [DEBUG] 🤖 [MS3-PKG] [DEBUG] 🤖 [MS3-PKG] [DEBUG] 🤖 [MS3-PKG] [DEBUG] 🤖 [MS3-PKG] [DEBUG] 🤖 [MS3-PKG] [DEBUG] 🤖 [MS3-PKG] [DEBUG] 🤖 [MS3-PKG] [DEBUG] 🤖 [MS3-PKG] [DEBUG] 🤖 [MS3-PKG] [DEBUG] 🤖 [MS3-PKG] [DEBUG] 🔑 [analyzeJoiSchema] Processing field: provider
🤖 [MS3-PKG] [DEBUG] 🤖 [MS3-PKG] [DEBUG] 🤖 [MS3-PKG] [DEBUG] 🤖 [MS3-PKG] [DEBUG] 🤖 [MS3-PKG] [DEBUG] 🤖 [MS3-PKG] [DEBUG] 🤖 [MS3-PKG] [DEBUG] 🤖 [MS3-PKG] [DEBUG] 🤖 [MS3-PKG] [DEBUG] 🤖 [MS3-PKG] [DEBUG] 🤖 [MS3-PKG] [DEBUG] 🤖 [MS3-PKG] [DEBUG] 🤖 [MS3-PKG] [DEBUG] 🤖 [MS3-PKG] [DEBUG] 📝 [analyzeJoiSchema] Field description: {
  type: [32m&apos;object&apos;[39m,
  flags: {
    presence: [32m&apos;optional&apos;[39m,
    description: [32m&apos;Optional provider configuration&apos;[39m
  },
  keys: {
    name: { type: [32m&apos;string&apos;[39m, flags: [36m[Object][39m },
    chainId: { type: [32m&apos;string&apos;[39m, flags: [36m[Object][39m, rules: [36m[Array][39m },
    rpcUrls: { type: [32m&apos;array&apos;[39m, flags: [36m[Object][39m, rules: [36m[Array][39m, items: [36m[Array][39m },
    displayName: { type: [32m&apos;string&apos;[39m, flags: [36m[Object][39m }
  }
}
🤖 [MS3-PKG] [DEBUG] 🤖 [MS3-PKG] [DEBUG] 🤖 [MS3-PKG] [DEBUG] 🤖 [MS3-PKG] [DEBUG] 🤖 [MS3-PKG] [DEBUG] 🤖 [MS3-PKG] [DEBUG] 🤖 [MS3-PKG] [DEBUG] 🤖 [MS3-PKG] [DEBUG] 🤖 [MS3-PKG] [DEBUG] 🤖 [MS3-PKG] [DEBUG] 🤖 [MS3-PKG] [DEBUG] 🤖 [MS3-PKG] [DEBUG] 🤖 [MS3-PKG] [DEBUG] 🤖 [MS3-PKG] [DEBUG] 📊 [analyzeJoiSchema] Field provider: type=object, required=false, message=&quot;Optional provider configuration&quot;
🤖 [MS3-PKG] [DEBUG] 🤖 [MS3-PKG] [DEBUG] 🤖 [MS3-PKG] [DEBUG] 🤖 [MS3-PKG] [DEBUG] 🤖 [MS3-PKG] [DEBUG] 🤖 [MS3-PKG] [DEBUG] 🤖 [MS3-PKG] [DEBUG] 🤖 [MS3-PKG] [DEBUG] 🤖 [MS3-PKG] [DEBUG] 🤖 [MS3-PKG] [DEBUG] 🤖 [MS3-PKG] [DEBUG] 🤖 [MS3-PKG] [DEBUG] 🤖 [MS3-PKG] [DEBUG] 🤖 [MS3-PKG] [DEBUG] 🔄 [analyzeJoiSchema] Recursing into nested object: provider
🤖 [MS3-PKG] [DEBUG] 🤖 [MS3-PKG] [DEBUG] 🤖 [MS3-PKG] [DEBUG] 🤖 [MS3-PKG] [DEBUG] 🤖 [MS3-PKG] [DEBUG] 🤖 [MS3-PKG] [DEBUG] 🤖 [MS3-PKG] [DEBUG] 🤖 [MS3-PKG] [DEBUG] 🤖 [MS3-PKG] [DEBUG] 🤖 [MS3-PKG] [DEBUG] 🤖 [MS3-PKG] [DEBUG] 🤖 [MS3-PKG] [DEBUG] 🤖 [MS3-PKG] [DEBUG] 🤖 [MS3-PKG] [DEBUG] 🔑 [analyzeJoiSchema] Processing field: multiChainRpcs
🤖 [MS3-PKG] [DEBUG] 🤖 [MS3-PKG] [DEBUG] 🤖 [MS3-PKG] [DEBUG] 🤖 [MS3-PKG] [DEBUG] 🤖 [MS3-PKG] [DEBUG] 🤖 [MS3-PKG] [DEBUG] 🤖 [MS3-PKG] [DEBUG] 🤖 [MS3-PKG] [DEBUG] 🤖 [MS3-PKG] [DEBUG] 🤖 [MS3-PKG] [DEBUG] 🤖 [MS3-PKG] [DEBUG] 🤖 [MS3-PKG] [DEBUG] 🤖 [MS3-PKG] [DEBUG] 🤖 [MS3-PKG] [DEBUG] 📝 [analyzeJoiSchema] Field description: {
  type: [32m&apos;object&apos;[39m,
  flags: {
    presence: [32m&apos;optional&apos;[39m,
    description: [32m&apos;Multi-chain RPC configuration - maps chain IDs to RPC URL arrays&apos;[39m
  },
  patterns: [ { schema: [36m[Object][39m, rule: [36m[Object][39m } ]
}
🤖 [MS3-PKG] [DEBUG] 🤖 [MS3-PKG] [DEBUG] 🤖 [MS3-PKG] [DEBUG] 🤖 [MS3-PKG] [DEBUG] 🤖 [MS3-PKG] [DEBUG] 🤖 [MS3-PKG] [DEBUG] 🤖 [MS3-PKG] [DEBUG] 🤖 [MS3-PKG] [DEBUG] 🤖 [MS3-PKG] [DEBUG] 🤖 [MS3-PKG] [DEBUG] 🤖 [MS3-PKG] [DEBUG] 🤖 [MS3-PKG] [DEBUG] 🤖 [MS3-PKG] [DEBUG] 🤖 [MS3-PKG] [DEBUG] 📊 [analyzeJoiSchema] Field multiChainRpcs: type=object, required=false, message=&quot;Multi-chain RPC configuration - maps chain IDs to RPC URL arrays&quot;
🤖 [MS3-PKG] [INFO] 🤖 [MS3-PKG] [INFO] 🤖 [MS3-PKG] [INFO] 🤖 [MS3-PKG] [INFO] 🤖 [MS3-PKG] [INFO] 🤖 [MS3-PKG] [INFO] 🤖 [MS3-PKG] [INFO] 🤖 [MS3-PKG] [INFO] 🤖 [MS3-PKG] [INFO] 🤖 [MS3-PKG] [INFO] 🤖 [MS3-PKG] [INFO] 🤖 [MS3-PKG] [INFO] 🤖 [MS3-PKG] [INFO] 🤖 [MS3-PKG] [INFO] 📊 [analyzeJoiSchema] Generated 7 requirements for options
🤖 [MS3-PKG] [DEBUG] 🤖 [MS3-PKG] [DEBUG] 🤖 [MS3-PKG] [DEBUG] 🤖 [MS3-PKG] [DEBUG] 🤖 [MS3-PKG] [DEBUG] 🤖 [MS3-PKG] [DEBUG] 🤖 [MS3-PKG] [DEBUG] 🤖 [MS3-PKG] [DEBUG] 🤖 [MS3-PKG] [DEBUG] 🤖 [MS3-PKG] [DEBUG] 🤖 [MS3-PKG] [DEBUG] 🤖 [MS3-PKG] [DEBUG] 🤖 [MS3-PKG] [DEBUG] 🤖 [MS3-PKG] [DEBUG] 🔍 [getRequirements] Starting analysis for bulk-test-13
🤖 [MS3-PKG] [DEBUG] 🤖 [MS3-PKG] [DEBUG] 🤖 [MS3-PKG] [DEBUG] 🤖 [MS3-PKG] [DEBUG] 🤖 [MS3-PKG] [DEBUG] 🤖 [MS3-PKG] [DEBUG] 🤖 [MS3-PKG] [DEBUG] 🤖 [MS3-PKG] [DEBUG] 🤖 [MS3-PKG] [DEBUG] 🤖 [MS3-PKG] [DEBUG] 🤖 [MS3-PKG] [DEBUG] 🤖 [MS3-PKG] [DEBUG] 🤖 [MS3-PKG] [DEBUG] 🤖 [MS3-PKG] [DEBUG] 🔬 [analyzeJoiSchema] Analyzing schema at path: options
🤖 [MS3-PKG] [DEBUG] 🤖 [MS3-PKG] [DEBUG] 🤖 [MS3-PKG] [DEBUG] 🤖 [MS3-PKG] [DEBUG] 🤖 [MS3-PKG] [DEBUG] 🤖 [MS3-PKG] [DEBUG] 🤖 [MS3-PKG] [DEBUG] 🤖 [MS3-PKG] [DEBUG] 🤖 [MS3-PKG] [DEBUG] 🤖 [MS3-PKG] [DEBUG] 🤖 [MS3-PKG] [DEBUG] 🤖 [MS3-PKG] [DEBUG] 🤖 [MS3-PKG] [DEBUG] 🤖 [MS3-PKG] [DEBUG] 📋 [analyzeJoiSchema] Schema description type: object
🤖 [MS3-PKG] [DEBUG] 🤖 [MS3-PKG] [DEBUG] 🤖 [MS3-PKG] [DEBUG] 🤖 [MS3-PKG] [DEBUG] 🤖 [MS3-PKG] [DEBUG] 🤖 [MS3-PKG] [DEBUG] 🤖 [MS3-PKG] [DEBUG] 🤖 [MS3-PKG] [DEBUG] 🤖 [MS3-PKG] [DEBUG] 🤖 [MS3-PKG] [DEBUG] 🤖 [MS3-PKG] [DEBUG] 🤖 [MS3-PKG] [DEBUG] 🤖 [MS3-PKG] [DEBUG] 🤖 [MS3-PKG] [DEBUG] 📋 [analyzeJoiSchema] Schema keys: [ [32m&apos;web3authConfig&apos;[39m, [32m&apos;multiChainRpcs&apos;[39m ]
🤖 [MS3-PKG] [DEBUG] 🤖 [MS3-PKG] [DEBUG] 🤖 [MS3-PKG] [DEBUG] 🤖 [MS3-PKG] [DEBUG] 🤖 [MS3-PKG] [DEBUG] 🤖 [MS3-PKG] [DEBUG] 🤖 [MS3-PKG] [DEBUG] 🤖 [MS3-PKG] [DEBUG] 🤖 [MS3-PKG] [DEBUG] 🤖 [MS3-PKG] [DEBUG] 🤖 [MS3-PKG] [DEBUG] 🤖 [MS3-PKG] [DEBUG] 🤖 [MS3-PKG] [DEBUG] 🤖 [MS3-PKG] [DEBUG] ✅ [analyzeJoiSchema] Processing object schema with 2 keys
🤖 [MS3-PKG] [DEBUG] 🤖 [MS3-PKG] [DEBUG] 🤖 [MS3-PKG] [DEBUG] 🤖 [MS3-PKG] [DEBUG] 🤖 [MS3-PKG] [DEBUG] 🤖 [MS3-PKG] [DEBUG] 🤖 [MS3-PKG] [DEBUG] 🤖 [MS3-PKG] [DEBUG] 🤖 [MS3-PKG] [DEBUG] 🤖 [MS3-PKG] [DEBUG] 🤖 [MS3-PKG] [DEBUG] 🤖 [MS3-PKG] [DEBUG] 🤖 [MS3-PKG] [DEBUG] 🤖 [MS3-PKG] [DEBUG] 🔑 [analyzeJoiSchema] Processing field: web3authConfig
🤖 [MS3-PKG] [DEBUG] 🤖 [MS3-PKG] [DEBUG] 🤖 [MS3-PKG] [DEBUG] 🤖 [MS3-PKG] [DEBUG] 🤖 [MS3-PKG] [DEBUG] 🤖 [MS3-PKG] [DEBUG] 🤖 [MS3-PKG] [DEBUG] 🤖 [MS3-PKG] [DEBUG] 🤖 [MS3-PKG] [DEBUG] 🤖 [MS3-PKG] [DEBUG] 🤖 [MS3-PKG] [DEBUG] 🤖 [MS3-PKG] [DEBUG] 🤖 [MS3-PKG] [DEBUG] 🤖 [MS3-PKG] [DEBUG] 📝 [analyzeJoiSchema] Field description: {
  type: [32m&apos;object&apos;[39m,
  flags: {
    presence: [32m&apos;required&apos;[39m,
    description: [32m&apos;Web3Auth configuration object&apos;[39m
  },
  keys: {
    clientId: { type: [32m&apos;string&apos;[39m, flags: [36m[Object][39m },
    web3AuthNetwork: { type: [32m&apos;string&apos;[39m, flags: [36m[Object][39m, allow: [36m[Array][39m },
    chainConfig: { type: [32m&apos;object&apos;[39m, flags: [36m[Object][39m, keys: [36m[Object][39m },
    loginConfig: { type: [32m&apos;object&apos;[39m, flags: [36m[Object][39m },
    privateKeyProvider: { type: [32m&apos;any&apos;[39m, flags: [36m[Object][39m }
  }
}
🤖 [MS3-PKG] [DEBUG] 🤖 [MS3-PKG] [DEBUG] 🤖 [MS3-PKG] [DEBUG] 🤖 [MS3-PKG] [DEBUG] 🤖 [MS3-PKG] [DEBUG] 🤖 [MS3-PKG] [DEBUG] 🤖 [MS3-PKG] [DEBUG] 🤖 [MS3-PKG] [DEBUG] 🤖 [MS3-PKG] [DEBUG] 🤖 [MS3-PKG] [DEBUG] 🤖 [MS3-PKG] [DEBUG] 🤖 [MS3-PKG] [DEBUG] 🤖 [MS3-PKG] [DEBUG] 🤖 [MS3-PKG] [DEBUG] 📊 [analyzeJoiSchema] Field web3authConfig: type=object, required=true, message=&quot;Web3Auth configuration object&quot;
🤖 [MS3-PKG] [DEBUG] 🤖 [MS3-PKG] [DEBUG] 🤖 [MS3-PKG] [DEBUG] 🤖 [MS3-PKG] [DEBUG] 🤖 [MS3-PKG] [DEBUG] 🤖 [MS3-PKG] [DEBUG] 🤖 [MS3-PKG] [DEBUG] 🤖 [MS3-PKG] [DEBUG] 🤖 [MS3-PKG] [DEBUG] 🤖 [MS3-PKG] [DEBUG] 🤖 [MS3-PKG] [DEBUG] 🤖 [MS3-PKG] [DEBUG] 🤖 [MS3-PKG] [DEBUG] 🤖 [MS3-PKG] [DEBUG] 🔄 [analyzeJoiSchema] Recursing into nested object: web3authConfig
🤖 [MS3-PKG] [DEBUG] 🤖 [MS3-PKG] [DEBUG] 🤖 [MS3-PKG] [DEBUG] 🤖 [MS3-PKG] [DEBUG] 🤖 [MS3-PKG] [DEBUG] 🤖 [MS3-PKG] [DEBUG] 🤖 [MS3-PKG] [DEBUG] 🤖 [MS3-PKG] [DEBUG] 🤖 [MS3-PKG] [DEBUG] 🤖 [MS3-PKG] [DEBUG] 🤖 [MS3-PKG] [DEBUG] 🤖 [MS3-PKG] [DEBUG] 🤖 [MS3-PKG] [DEBUG] 🤖 [MS3-PKG] [DEBUG] 🔑 [analyzeJoiSchema] Processing field: multiChainRpcs
🤖 [MS3-PKG] [DEBUG] 🤖 [MS3-PKG] [DEBUG] 🤖 [MS3-PKG] [DEBUG] 🤖 [MS3-PKG] [DEBUG] 🤖 [MS3-PKG] [DEBUG] 🤖 [MS3-PKG] [DEBUG] 🤖 [MS3-PKG] [DEBUG] 🤖 [MS3-PKG] [DEBUG] 🤖 [MS3-PKG] [DEBUG] 🤖 [MS3-PKG] [DEBUG] 🤖 [MS3-PKG] [DEBUG] 🤖 [MS3-PKG] [DEBUG] 🤖 [MS3-PKG] [DEBUG] 🤖 [MS3-PKG] [DEBUG] 📝 [analyzeJoiSchema] Field description: {
  type: [32m&apos;object&apos;[39m,
  flags: {
    presence: [32m&apos;optional&apos;[39m,
    description: [32m&apos;Multi-chain RPC configuration - maps chain IDs to RPC URL arrays&apos;[39m
  },
  patterns: [ { schema: [36m[Object][39m, rule: [36m[Object][39m } ]
}
🤖 [MS3-PKG] [DEBUG] 🤖 [MS3-PKG] [DEBUG] 🤖 [MS3-PKG] [DEBUG] 🤖 [MS3-PKG] [DEBUG] 🤖 [MS3-PKG] [DEBUG] 🤖 [MS3-PKG] [DEBUG] 🤖 [MS3-PKG] [DEBUG] 🤖 [MS3-PKG] [DEBUG] 🤖 [MS3-PKG] [DEBUG] 🤖 [MS3-PKG] [DEBUG] 🤖 [MS3-PKG] [DEBUG] 🤖 [MS3-PKG] [DEBUG] 🤖 [MS3-PKG] [DEBUG] 🤖 [MS3-PKG] [DEBUG] 📊 [analyzeJoiSchema] Field multiChainRpcs: type=object, required=false, message=&quot;Multi-chain RPC configuration - maps chain IDs to RPC URL arrays&quot;
🤖 [MS3-PKG] [INFO] 🤖 [MS3-PKG] [INFO] 🤖 [MS3-PKG] [INFO] 🤖 [MS3-PKG] [INFO] 🤖 [MS3-PKG] [INFO] 🤖 [MS3-PKG] [INFO] 🤖 [MS3-PKG] [INFO] 🤖 [MS3-PKG] [INFO] 🤖 [MS3-PKG] [INFO] 🤖 [MS3-PKG] [INFO] 🤖 [MS3-PKG] [INFO] 🤖 [MS3-PKG] [INFO] 🤖 [MS3-PKG] [INFO] 🤖 [MS3-PKG] [INFO] 📊 [analyzeJoiSchema] Generated 14 requirements for options
🤖 [MS3-PKG] [DEBUG] 🤖 [MS3-PKG] [DEBUG] 🤖 [MS3-PKG] [DEBUG] 🤖 [MS3-PKG] [DEBUG] 🤖 [MS3-PKG] [DEBUG] 🤖 [MS3-PKG] [DEBUG] 🤖 [MS3-PKG] [DEBUG] 🤖 [MS3-PKG] [DEBUG] 🤖 [MS3-PKG] [DEBUG] 🤖 [MS3-PKG] [DEBUG] 🤖 [MS3-PKG] [DEBUG] 🤖 [MS3-PKG] [DEBUG] 🤖 [MS3-PKG] [DEBUG] 🤖 [MS3-PKG] [DEBUG] 🔍 [getRequirements] Starting analysis for bulk-test-14
🤖 [MS3-PKG] [DEBUG] 🤖 [MS3-PKG] [DEBUG] 🤖 [MS3-PKG] [DEBUG] 🤖 [MS3-PKG] [DEBUG] 🤖 [MS3-PKG] [DEBUG] 🤖 [MS3-PKG] [DEBUG] 🤖 [MS3-PKG] [DEBUG] 🤖 [MS3-PKG] [DEBUG] 🤖 [MS3-PKG] [DEBUG] 🤖 [MS3-PKG] [DEBUG] 🤖 [MS3-PKG] [DEBUG] 🤖 [MS3-PKG] [DEBUG] 🤖 [MS3-PKG] [DEBUG] 🤖 [MS3-PKG] [DEBUG] 🔬 [analyzeJoiSchema] Analyzing schema at path: options
🤖 [MS3-PKG] [DEBUG] 🤖 [MS3-PKG] [DEBUG] 🤖 [MS3-PKG] [DEBUG] 🤖 [MS3-PKG] [DEBUG] 🤖 [MS3-PKG] [DEBUG] 🤖 [MS3-PKG] [DEBUG] 🤖 [MS3-PKG] [DEBUG] 🤖 [MS3-PKG] [DEBUG] 🤖 [MS3-PKG] [DEBUG] 🤖 [MS3-PKG] [DEBUG] 🤖 [MS3-PKG] [DEBUG] 🤖 [MS3-PKG] [DEBUG] 🤖 [MS3-PKG] [DEBUG] 🤖 [MS3-PKG] [DEBUG] 📋 [analyzeJoiSchema] Schema description type: object
🤖 [MS3-PKG] [DEBUG] 🤖 [MS3-PKG] [DEBUG] 🤖 [MS3-PKG] [DEBUG] 🤖 [MS3-PKG] [DEBUG] 🤖 [MS3-PKG] [DEBUG] 🤖 [MS3-PKG] [DEBUG] 🤖 [MS3-PKG] [DEBUG] 🤖 [MS3-PKG] [DEBUG] 🤖 [MS3-PKG] [DEBUG] 🤖 [MS3-PKG] [DEBUG] 🤖 [MS3-PKG] [DEBUG] 🤖 [MS3-PKG] [DEBUG] 🤖 [MS3-PKG] [DEBUG] 🤖 [MS3-PKG] [DEBUG] 📋 [analyzeJoiSchema] Schema keys: [ [32m&apos;privateKey&apos;[39m, [32m&apos;provider&apos;[39m, [32m&apos;multiChainRpcs&apos;[39m ]
🤖 [MS3-PKG] [DEBUG] 🤖 [MS3-PKG] [DEBUG] 🤖 [MS3-PKG] [DEBUG] 🤖 [MS3-PKG] [DEBUG] 🤖 [MS3-PKG] [DEBUG] 🤖 [MS3-PKG] [DEBUG] 🤖 [MS3-PKG] [DEBUG] 🤖 [MS3-PKG] [DEBUG] 🤖 [MS3-PKG] [DEBUG] 🤖 [MS3-PKG] [DEBUG] 🤖 [MS3-PKG] [DEBUG] 🤖 [MS3-PKG] [DEBUG] 🤖 [MS3-PKG] [DEBUG] 🤖 [MS3-PKG] [DEBUG] ✅ [analyzeJoiSchema] Processing object schema with 3 keys
🤖 [MS3-PKG] [DEBUG] 🤖 [MS3-PKG] [DEBUG] 🤖 [MS3-PKG] [DEBUG] 🤖 [MS3-PKG] [DEBUG] 🤖 [MS3-PKG] [DEBUG] 🤖 [MS3-PKG] [DEBUG] 🤖 [MS3-PKG] [DEBUG] 🤖 [MS3-PKG] [DEBUG] 🤖 [MS3-PKG] [DEBUG] 🤖 [MS3-PKG] [DEBUG] 🤖 [MS3-PKG] [DEBUG] 🤖 [MS3-PKG] [DEBUG] 🤖 [MS3-PKG] [DEBUG] 🤖 [MS3-PKG] [DEBUG] 🔑 [analyzeJoiSchema] Processing field: privateKey
🤖 [MS3-PKG] [DEBUG] 🤖 [MS3-PKG] [DEBUG] 🤖 [MS3-PKG] [DEBUG] 🤖 [MS3-PKG] [DEBUG] 🤖 [MS3-PKG] [DEBUG] 🤖 [MS3-PKG] [DEBUG] 🤖 [MS3-PKG] [DEBUG] 🤖 [MS3-PKG] [DEBUG] 🤖 [MS3-PKG] [DEBUG] 🤖 [MS3-PKG] [DEBUG] 🤖 [MS3-PKG] [DEBUG] 🤖 [MS3-PKG] [DEBUG] 🤖 [MS3-PKG] [DEBUG] 🤖 [MS3-PKG] [DEBUG] 📝 [analyzeJoiSchema] Field description: {
  type: [32m&apos;string&apos;[39m,
  flags: {
    presence: [32m&apos;required&apos;[39m,
    description: [32m&apos;Private key for wallet (generates random if not provided)&apos;[39m
  },
  rules: [ { name: [32m&apos;pattern&apos;[39m, args: [36m[Object][39m } ]
}
🤖 [MS3-PKG] [DEBUG] 🤖 [MS3-PKG] [DEBUG] 🤖 [MS3-PKG] [DEBUG] 🤖 [MS3-PKG] [DEBUG] 🤖 [MS3-PKG] [DEBUG] 🤖 [MS3-PKG] [DEBUG] 🤖 [MS3-PKG] [DEBUG] 🤖 [MS3-PKG] [DEBUG] 🤖 [MS3-PKG] [DEBUG] 🤖 [MS3-PKG] [DEBUG] 🤖 [MS3-PKG] [DEBUG] 🤖 [MS3-PKG] [DEBUG] 🤖 [MS3-PKG] [DEBUG] 🤖 [MS3-PKG] [DEBUG] 📊 [analyzeJoiSchema] Field privateKey: type=string, required=true, message=&quot;Private key for wallet (generates random if not provided)&quot;
🤖 [MS3-PKG] [DEBUG] 🤖 [MS3-PKG] [DEBUG] 🤖 [MS3-PKG] [DEBUG] 🤖 [MS3-PKG] [DEBUG] 🤖 [MS3-PKG] [DEBUG] 🤖 [MS3-PKG] [DEBUG] 🤖 [MS3-PKG] [DEBUG] 🤖 [MS3-PKG] [DEBUG] 🤖 [MS3-PKG] [DEBUG] 🤖 [MS3-PKG] [DEBUG] 🤖 [MS3-PKG] [DEBUG] 🤖 [MS3-PKG] [DEBUG] 🤖 [MS3-PKG] [DEBUG] 🤖 [MS3-PKG] [DEBUG] 🔑 [analyzeJoiSchema] Processing field: provider
🤖 [MS3-PKG] [DEBUG] 🤖 [MS3-PKG] [DEBUG] 🤖 [MS3-PKG] [DEBUG] 🤖 [MS3-PKG] [DEBUG] 🤖 [MS3-PKG] [DEBUG] 🤖 [MS3-PKG] [DEBUG] 🤖 [MS3-PKG] [DEBUG] 🤖 [MS3-PKG] [DEBUG] 🤖 [MS3-PKG] [DEBUG] 🤖 [MS3-PKG] [DEBUG] 🤖 [MS3-PKG] [DEBUG] 🤖 [MS3-PKG] [DEBUG] 🤖 [MS3-PKG] [DEBUG] 🤖 [MS3-PKG] [DEBUG] 📝 [analyzeJoiSchema] Field description: {
  type: [32m&apos;object&apos;[39m,
  flags: {
    presence: [32m&apos;optional&apos;[39m,
    description: [32m&apos;Optional provider configuration&apos;[39m
  },
  keys: {
    name: { type: [32m&apos;string&apos;[39m, flags: [36m[Object][39m },
    chainId: { type: [32m&apos;string&apos;[39m, flags: [36m[Object][39m, rules: [36m[Array][39m },
    rpcUrls: { type: [32m&apos;array&apos;[39m, flags: [36m[Object][39m, rules: [36m[Array][39m, items: [36m[Array][39m },
    displayName: { type: [32m&apos;string&apos;[39m, flags: [36m[Object][39m }
  }
}
🤖 [MS3-PKG] [DEBUG] 🤖 [MS3-PKG] [DEBUG] 🤖 [MS3-PKG] [DEBUG] 🤖 [MS3-PKG] [DEBUG] 🤖 [MS3-PKG] [DEBUG] 🤖 [MS3-PKG] [DEBUG] 🤖 [MS3-PKG] [DEBUG] 🤖 [MS3-PKG] [DEBUG] 🤖 [MS3-PKG] [DEBUG] 🤖 [MS3-PKG] [DEBUG] 🤖 [MS3-PKG] [DEBUG] 🤖 [MS3-PKG] [DEBUG] 🤖 [MS3-PKG] [DEBUG] 🤖 [MS3-PKG] [DEBUG] 📊 [analyzeJoiSchema] Field provider: type=object, required=false, message=&quot;Optional provider configuration&quot;
🤖 [MS3-PKG] [DEBUG] 🤖 [MS3-PKG] [DEBUG] 🤖 [MS3-PKG] [DEBUG] 🤖 [MS3-PKG] [DEBUG] 🤖 [MS3-PKG] [DEBUG] 🤖 [MS3-PKG] [DEBUG] 🤖 [MS3-PKG] [DEBUG] 🤖 [MS3-PKG] [DEBUG] 🤖 [MS3-PKG] [DEBUG] 🤖 [MS3-PKG] [DEBUG] 🤖 [MS3-PKG] [DEBUG] 🤖 [MS3-PKG] [DEBUG] 🤖 [MS3-PKG] [DEBUG] 🤖 [MS3-PKG] [DEBUG] 🔄 [analyzeJoiSchema] Recursing into nested object: provider
🤖 [MS3-PKG] [DEBUG] 🤖 [MS3-PKG] [DEBUG] 🤖 [MS3-PKG] [DEBUG] 🤖 [MS3-PKG] [DEBUG] 🤖 [MS3-PKG] [DEBUG] 🤖 [MS3-PKG] [DEBUG] 🤖 [MS3-PKG] [DEBUG] 🤖 [MS3-PKG] [DEBUG] 🤖 [MS3-PKG] [DEBUG] 🤖 [MS3-PKG] [DEBUG] 🤖 [MS3-PKG] [DEBUG] 🤖 [MS3-PKG] [DEBUG] 🤖 [MS3-PKG] [DEBUG] 🤖 [MS3-PKG] [DEBUG] 🔑 [analyzeJoiSchema] Processing field: multiChainRpcs
🤖 [MS3-PKG] [DEBUG] 🤖 [MS3-PKG] [DEBUG] 🤖 [MS3-PKG] [DEBUG] 🤖 [MS3-PKG] [DEBUG] 🤖 [MS3-PKG] [DEBUG] 🤖 [MS3-PKG] [DEBUG] 🤖 [MS3-PKG] [DEBUG] 🤖 [MS3-PKG] [DEBUG] 🤖 [MS3-PKG] [DEBUG] 🤖 [MS3-PKG] [DEBUG] 🤖 [MS3-PKG] [DEBUG] 🤖 [MS3-PKG] [DEBUG] 🤖 [MS3-PKG] [DEBUG] 🤖 [MS3-PKG] [DEBUG] 📝 [analyzeJoiSchema] Field description: {
  type: [32m&apos;object&apos;[39m,
  flags: {
    presence: [32m&apos;optional&apos;[39m,
    description: [32m&apos;Multi-chain RPC configuration - maps chain IDs to RPC URL arrays&apos;[39m
  },
  patterns: [ { schema: [36m[Object][39m, rule: [36m[Object][39m } ]
}
🤖 [MS3-PKG] [DEBUG] 🤖 [MS3-PKG] [DEBUG] 🤖 [MS3-PKG] [DEBUG] 🤖 [MS3-PKG] [DEBUG] 🤖 [MS3-PKG] [DEBUG] 🤖 [MS3-PKG] [DEBUG] 🤖 [MS3-PKG] [DEBUG] 🤖 [MS3-PKG] [DEBUG] 🤖 [MS3-PKG] [DEBUG] 🤖 [MS3-PKG] [DEBUG] 🤖 [MS3-PKG] [DEBUG] 🤖 [MS3-PKG] [DEBUG] 🤖 [MS3-PKG] [DEBUG] 🤖 [MS3-PKG] [DEBUG] 📊 [analyzeJoiSchema] Field multiChainRpcs: type=object, required=false, message=&quot;Multi-chain RPC configuration - maps chain IDs to RPC URL arrays&quot;
🤖 [MS3-PKG] [INFO] 🤖 [MS3-PKG] [INFO] 🤖 [MS3-PKG] [INFO] 🤖 [MS3-PKG] [INFO] 🤖 [MS3-PKG] [INFO] 🤖 [MS3-PKG] [INFO] 🤖 [MS3-PKG] [INFO] 🤖 [MS3-PKG] [INFO] 🤖 [MS3-PKG] [INFO] 🤖 [MS3-PKG] [INFO] 🤖 [MS3-PKG] [INFO] 🤖 [MS3-PKG] [INFO] 🤖 [MS3-PKG] [INFO] 🤖 [MS3-PKG] [INFO] 📊 [analyzeJoiSchema] Generated 7 requirements for options
🤖 [MS3-PKG] [DEBUG] 🤖 [MS3-PKG] [DEBUG] 🤖 [MS3-PKG] [DEBUG] 🤖 [MS3-PKG] [DEBUG] 🤖 [MS3-PKG] [DEBUG] 🤖 [MS3-PKG] [DEBUG] 🤖 [MS3-PKG] [DEBUG] 🤖 [MS3-PKG] [DEBUG] 🤖 [MS3-PKG] [DEBUG] 🤖 [MS3-PKG] [DEBUG] 🤖 [MS3-PKG] [DEBUG] 🤖 [MS3-PKG] [DEBUG] 🤖 [MS3-PKG] [DEBUG] 🤖 [MS3-PKG] [DEBUG] 🔍 [getRequirements] Starting analysis for bulk-test-14
🤖 [MS3-PKG] [DEBUG] 🤖 [MS3-PKG] [DEBUG] 🤖 [MS3-PKG] [DEBUG] 🤖 [MS3-PKG] [DEBUG] 🤖 [MS3-PKG] [DEBUG] 🤖 [MS3-PKG] [DEBUG] 🤖 [MS3-PKG] [DEBUG] 🤖 [MS3-PKG] [DEBUG] 🤖 [MS3-PKG] [DEBUG] 🤖 [MS3-PKG] [DEBUG] 🤖 [MS3-PKG] [DEBUG] 🤖 [MS3-PKG] [DEBUG] 🤖 [MS3-PKG] [DEBUG] 🤖 [MS3-PKG] [DEBUG] 🔬 [analyzeJoiSchema] Analyzing schema at path: options
🤖 [MS3-PKG] [DEBUG] 🤖 [MS3-PKG] [DEBUG] 🤖 [MS3-PKG] [DEBUG] 🤖 [MS3-PKG] [DEBUG] 🤖 [MS3-PKG] [DEBUG] 🤖 [MS3-PKG] [DEBUG] 🤖 [MS3-PKG] [DEBUG] 🤖 [MS3-PKG] [DEBUG] 🤖 [MS3-PKG] [DEBUG] 🤖 [MS3-PKG] [DEBUG] 🤖 [MS3-PKG] [DEBUG] 🤖 [MS3-PKG] [DEBUG] 🤖 [MS3-PKG] [DEBUG] 🤖 [MS3-PKG] [DEBUG] 📋 [analyzeJoiSchema] Schema description type: object
🤖 [MS3-PKG] [DEBUG] 🤖 [MS3-PKG] [DEBUG] 🤖 [MS3-PKG] [DEBUG] 🤖 [MS3-PKG] [DEBUG] 🤖 [MS3-PKG] [DEBUG] 🤖 [MS3-PKG] [DEBUG] 🤖 [MS3-PKG] [DEBUG] 🤖 [MS3-PKG] [DEBUG] 🤖 [MS3-PKG] [DEBUG] 🤖 [MS3-PKG] [DEBUG] 🤖 [MS3-PKG] [DEBUG] 🤖 [MS3-PKG] [DEBUG] 🤖 [MS3-PKG] [DEBUG] 🤖 [MS3-PKG] [DEBUG] 📋 [analyzeJoiSchema] Schema keys: [ [32m&apos;web3authConfig&apos;[39m, [32m&apos;multiChainRpcs&apos;[39m ]
🤖 [MS3-PKG] [DEBUG] 🤖 [MS3-PKG] [DEBUG] 🤖 [MS3-PKG] [DEBUG] 🤖 [MS3-PKG] [DEBUG] 🤖 [MS3-PKG] [DEBUG] 🤖 [MS3-PKG] [DEBUG] 🤖 [MS3-PKG] [DEBUG] 🤖 [MS3-PKG] [DEBUG] 🤖 [MS3-PKG] [DEBUG] 🤖 [MS3-PKG] [DEBUG] 🤖 [MS3-PKG] [DEBUG] 🤖 [MS3-PKG] [DEBUG] 🤖 [MS3-PKG] [DEBUG] 🤖 [MS3-PKG] [DEBUG] ✅ [analyzeJoiSchema] Processing object schema with 2 keys
🤖 [MS3-PKG] [DEBUG] 🤖 [MS3-PKG] [DEBUG] 🤖 [MS3-PKG] [DEBUG] 🤖 [MS3-PKG] [DEBUG] 🤖 [MS3-PKG] [DEBUG] 🤖 [MS3-PKG] [DEBUG] 🤖 [MS3-PKG] [DEBUG] 🤖 [MS3-PKG] [DEBUG] 🤖 [MS3-PKG] [DEBUG] 🤖 [MS3-PKG] [DEBUG] 🤖 [MS3-PKG] [DEBUG] 🤖 [MS3-PKG] [DEBUG] 🤖 [MS3-PKG] [DEBUG] 🤖 [MS3-PKG] [DEBUG] 🔑 [analyzeJoiSchema] Processing field: web3authConfig
🤖 [MS3-PKG] [DEBUG] 🤖 [MS3-PKG] [DEBUG] 🤖 [MS3-PKG] [DEBUG] 🤖 [MS3-PKG] [DEBUG] 🤖 [MS3-PKG] [DEBUG] 🤖 [MS3-PKG] [DEBUG] 🤖 [MS3-PKG] [DEBUG] 🤖 [MS3-PKG] [DEBUG] 🤖 [MS3-PKG] [DEBUG] 🤖 [MS3-PKG] [DEBUG] 🤖 [MS3-PKG] [DEBUG] 🤖 [MS3-PKG] [DEBUG] 🤖 [MS3-PKG] [DEBUG] 🤖 [MS3-PKG] [DEBUG] 📝 [analyzeJoiSchema] Field description: {
  type: [32m&apos;object&apos;[39m,
  flags: {
    presence: [32m&apos;required&apos;[39m,
    description: [32m&apos;Web3Auth configuration object&apos;[39m
  },
  keys: {
    clientId: { type: [32m&apos;string&apos;[39m, flags: [36m[Object][39m },
    web3AuthNetwork: { type: [32m&apos;string&apos;[39m, flags: [36m[Object][39m, allow: [36m[Array][39m },
    chainConfig: { type: [32m&apos;object&apos;[39m, flags: [36m[Object][39m, keys: [36m[Object][39m },
    loginConfig: { type: [32m&apos;object&apos;[39m, flags: [36m[Object][39m },
    privateKeyProvider: { type: [32m&apos;any&apos;[39m, flags: [36m[Object][39m }
  }
}
🤖 [MS3-PKG] [DEBUG] 🤖 [MS3-PKG] [DEBUG] 🤖 [MS3-PKG] [DEBUG] 🤖 [MS3-PKG] [DEBUG] 🤖 [MS3-PKG] [DEBUG] 🤖 [MS3-PKG] [DEBUG] 🤖 [MS3-PKG] [DEBUG] 🤖 [MS3-PKG] [DEBUG] 🤖 [MS3-PKG] [DEBUG] 🤖 [MS3-PKG] [DEBUG] 🤖 [MS3-PKG] [DEBUG] 🤖 [MS3-PKG] [DEBUG] 🤖 [MS3-PKG] [DEBUG] 🤖 [MS3-PKG] [DEBUG] 📊 [analyzeJoiSchema] Field web3authConfig: type=object, required=true, message=&quot;Web3Auth configuration object&quot;
🤖 [MS3-PKG] [DEBUG] 🤖 [MS3-PKG] [DEBUG] 🤖 [MS3-PKG] [DEBUG] 🤖 [MS3-PKG] [DEBUG] 🤖 [MS3-PKG] [DEBUG] 🤖 [MS3-PKG] [DEBUG] 🤖 [MS3-PKG] [DEBUG] 🤖 [MS3-PKG] [DEBUG] 🤖 [MS3-PKG] [DEBUG] 🤖 [MS3-PKG] [DEBUG] 🤖 [MS3-PKG] [DEBUG] 🤖 [MS3-PKG] [DEBUG] 🤖 [MS3-PKG] [DEBUG] 🤖 [MS3-PKG] [DEBUG] 🔄 [analyzeJoiSchema] Recursing into nested object: web3authConfig
🤖 [MS3-PKG] [DEBUG] 🤖 [MS3-PKG] [DEBUG] 🤖 [MS3-PKG] [DEBUG] 🤖 [MS3-PKG] [DEBUG] 🤖 [MS3-PKG] [DEBUG] 🤖 [MS3-PKG] [DEBUG] 🤖 [MS3-PKG] [DEBUG] 🤖 [MS3-PKG] [DEBUG] 🤖 [MS3-PKG] [DEBUG] 🤖 [MS3-PKG] [DEBUG] 🤖 [MS3-PKG] [DEBUG] 🤖 [MS3-PKG] [DEBUG] 🤖 [MS3-PKG] [DEBUG] 🤖 [MS3-PKG] [DEBUG] 🔑 [analyzeJoiSchema] Processing field: multiChainRpcs
🤖 [MS3-PKG] [DEBUG] 🤖 [MS3-PKG] [DEBUG] 🤖 [MS3-PKG] [DEBUG] 🤖 [MS3-PKG] [DEBUG] 🤖 [MS3-PKG] [DEBUG] 🤖 [MS3-PKG] [DEBUG] 🤖 [MS3-PKG] [DEBUG] 🤖 [MS3-PKG] [DEBUG] 🤖 [MS3-PKG] [DEBUG] 🤖 [MS3-PKG] [DEBUG] 🤖 [MS3-PKG] [DEBUG] 🤖 [MS3-PKG] [DEBUG] 🤖 [MS3-PKG] [DEBUG] 🤖 [MS3-PKG] [DEBUG] 📝 [analyzeJoiSchema] Field description: {
  type: [32m&apos;object&apos;[39m,
  flags: {
    presence: [32m&apos;optional&apos;[39m,
    description: [32m&apos;Multi-chain RPC configuration - maps chain IDs to RPC URL arrays&apos;[39m
  },
  patterns: [ { schema: [36m[Object][39m, rule: [36m[Object][39m } ]
}
🤖 [MS3-PKG] [DEBUG] 🤖 [MS3-PKG] [DEBUG] 🤖 [MS3-PKG] [DEBUG] 🤖 [MS3-PKG] [DEBUG] 🤖 [MS3-PKG] [DEBUG] 🤖 [MS3-PKG] [DEBUG] 🤖 [MS3-PKG] [DEBUG] 🤖 [MS3-PKG] [DEBUG] 🤖 [MS3-PKG] [DEBUG] 🤖 [MS3-PKG] [DEBUG] 🤖 [MS3-PKG] [DEBUG] 🤖 [MS3-PKG] [DEBUG] 🤖 [MS3-PKG] [DEBUG] 🤖 [MS3-PKG] [DEBUG] 📊 [analyzeJoiSchema] Field multiChainRpcs: type=object, required=false, message=&quot;Multi-chain RPC configuration - maps chain IDs to RPC URL arrays&quot;
🤖 [MS3-PKG] [INFO] 🤖 [MS3-PKG] [INFO] 🤖 [MS3-PKG] [INFO] 🤖 [MS3-PKG] [INFO] 🤖 [MS3-PKG] [INFO] 🤖 [MS3-PKG] [INFO] 🤖 [MS3-PKG] [INFO] 🤖 [MS3-PKG] [INFO] 🤖 [MS3-PKG] [INFO] 🤖 [MS3-PKG] [INFO] 🤖 [MS3-PKG] [INFO] 🤖 [MS3-PKG] [INFO] 🤖 [MS3-PKG] [INFO] 🤖 [MS3-PKG] [INFO] 📊 [analyzeJoiSchema] Generated 14 requirements for options
🤖 [MS3-PKG] [DEBUG] 🤖 [MS3-PKG] [DEBUG] 🤖 [MS3-PKG] [DEBUG] 🤖 [MS3-PKG] [DEBUG] 🤖 [MS3-PKG] [DEBUG] 🤖 [MS3-PKG] [DEBUG] 🤖 [MS3-PKG] [DEBUG] 🤖 [MS3-PKG] [DEBUG] 🤖 [MS3-PKG] [DEBUG] 🤖 [MS3-PKG] [DEBUG] 🤖 [MS3-PKG] [DEBUG] 🤖 [MS3-PKG] [DEBUG] 🤖 [MS3-PKG] [DEBUG] 🤖 [MS3-PKG] [DEBUG] 🔍 [getRequirements] Starting analysis for bulk-test-15
🤖 [MS3-PKG] [DEBUG] 🤖 [MS3-PKG] [DEBUG] 🤖 [MS3-PKG] [DEBUG] 🤖 [MS3-PKG] [DEBUG] 🤖 [MS3-PKG] [DEBUG] 🤖 [MS3-PKG] [DEBUG] 🤖 [MS3-PKG] [DEBUG] 🤖 [MS3-PKG] [DEBUG] 🤖 [MS3-PKG] [DEBUG] 🤖 [MS3-PKG] [DEBUG] 🤖 [MS3-PKG] [DEBUG] 🤖 [MS3-PKG] [DEBUG] 🤖 [MS3-PKG] [DEBUG] 🤖 [MS3-PKG] [DEBUG] 🔬 [analyzeJoiSchema] Analyzing schema at path: options
🤖 [MS3-PKG] [DEBUG] 🤖 [MS3-PKG] [DEBUG] 🤖 [MS3-PKG] [DEBUG] 🤖 [MS3-PKG] [DEBUG] 🤖 [MS3-PKG] [DEBUG] 🤖 [MS3-PKG] [DEBUG] 🤖 [MS3-PKG] [DEBUG] 🤖 [MS3-PKG] [DEBUG] 🤖 [MS3-PKG] [DEBUG] 🤖 [MS3-PKG] [DEBUG] 🤖 [MS3-PKG] [DEBUG] 🤖 [MS3-PKG] [DEBUG] 🤖 [MS3-PKG] [DEBUG] 🤖 [MS3-PKG] [DEBUG] 📋 [analyzeJoiSchema] Schema description type: object
🤖 [MS3-PKG] [DEBUG] 🤖 [MS3-PKG] [DEBUG] 🤖 [MS3-PKG] [DEBUG] 🤖 [MS3-PKG] [DEBUG] 🤖 [MS3-PKG] [DEBUG] 🤖 [MS3-PKG] [DEBUG] 🤖 [MS3-PKG] [DEBUG] 🤖 [MS3-PKG] [DEBUG] 🤖 [MS3-PKG] [DEBUG] 🤖 [MS3-PKG] [DEBUG] 🤖 [MS3-PKG] [DEBUG] 🤖 [MS3-PKG] [DEBUG] 🤖 [MS3-PKG] [DEBUG] 🤖 [MS3-PKG] [DEBUG] 📋 [analyzeJoiSchema] Schema keys: [ [32m&apos;privateKey&apos;[39m, [32m&apos;provider&apos;[39m, [32m&apos;multiChainRpcs&apos;[39m ]
🤖 [MS3-PKG] [DEBUG] 🤖 [MS3-PKG] [DEBUG] 🤖 [MS3-PKG] [DEBUG] 🤖 [MS3-PKG] [DEBUG] 🤖 [MS3-PKG] [DEBUG] 🤖 [MS3-PKG] [DEBUG] 🤖 [MS3-PKG] [DEBUG] 🤖 [MS3-PKG] [DEBUG] 🤖 [MS3-PKG] [DEBUG] 🤖 [MS3-PKG] [DEBUG] 🤖 [MS3-PKG] [DEBUG] 🤖 [MS3-PKG] [DEBUG] 🤖 [MS3-PKG] [DEBUG] 🤖 [MS3-PKG] [DEBUG] ✅ [analyzeJoiSchema] Processing object schema with 3 keys
🤖 [MS3-PKG] [DEBUG] 🤖 [MS3-PKG] [DEBUG] 🤖 [MS3-PKG] [DEBUG] 🤖 [MS3-PKG] [DEBUG] 🤖 [MS3-PKG] [DEBUG] 🤖 [MS3-PKG] [DEBUG] 🤖 [MS3-PKG] [DEBUG] 🤖 [MS3-PKG] [DEBUG] 🤖 [MS3-PKG] [DEBUG] 🤖 [MS3-PKG] [DEBUG] 🤖 [MS3-PKG] [DEBUG] 🤖 [MS3-PKG] [DEBUG] 🤖 [MS3-PKG] [DEBUG] 🤖 [MS3-PKG] [DEBUG] 🔑 [analyzeJoiSchema] Processing field: privateKey
🤖 [MS3-PKG] [DEBUG] 🤖 [MS3-PKG] [DEBUG] 🤖 [MS3-PKG] [DEBUG] 🤖 [MS3-PKG] [DEBUG] 🤖 [MS3-PKG] [DEBUG] 🤖 [MS3-PKG] [DEBUG] 🤖 [MS3-PKG] [DEBUG] 🤖 [MS3-PKG] [DEBUG] 🤖 [MS3-PKG] [DEBUG] 🤖 [MS3-PKG] [DEBUG] 🤖 [MS3-PKG] [DEBUG] 🤖 [MS3-PKG] [DEBUG] 🤖 [MS3-PKG] [DEBUG] 🤖 [MS3-PKG] [DEBUG] 📝 [analyzeJoiSchema] Field description: {
  type: [32m&apos;string&apos;[39m,
  flags: {
    presence: [32m&apos;required&apos;[39m,
    description: [32m&apos;Private key for wallet (generates random if not provided)&apos;[39m
  },
  rules: [ { name: [32m&apos;pattern&apos;[39m, args: [36m[Object][39m } ]
}
🤖 [MS3-PKG] [DEBUG] 🤖 [MS3-PKG] [DEBUG] 🤖 [MS3-PKG] [DEBUG] 🤖 [MS3-PKG] [DEBUG] 🤖 [MS3-PKG] [DEBUG] 🤖 [MS3-PKG] [DEBUG] 🤖 [MS3-PKG] [DEBUG] 🤖 [MS3-PKG] [DEBUG] 🤖 [MS3-PKG] [DEBUG] 🤖 [MS3-PKG] [DEBUG] 🤖 [MS3-PKG] [DEBUG] 🤖 [MS3-PKG] [DEBUG] 🤖 [MS3-PKG] [DEBUG] 🤖 [MS3-PKG] [DEBUG] 📊 [analyzeJoiSchema] Field privateKey: type=string, required=true, message=&quot;Private key for wallet (generates random if not provided)&quot;
🤖 [MS3-PKG] [DEBUG] 🤖 [MS3-PKG] [DEBUG] 🤖 [MS3-PKG] [DEBUG] 🤖 [MS3-PKG] [DEBUG] 🤖 [MS3-PKG] [DEBUG] 🤖 [MS3-PKG] [DEBUG] 🤖 [MS3-PKG] [DEBUG] 🤖 [MS3-PKG] [DEBUG] 🤖 [MS3-PKG] [DEBUG] 🤖 [MS3-PKG] [DEBUG] 🤖 [MS3-PKG] [DEBUG] 🤖 [MS3-PKG] [DEBUG] 🤖 [MS3-PKG] [DEBUG] 🤖 [MS3-PKG] [DEBUG] 🔑 [analyzeJoiSchema] Processing field: provider
🤖 [MS3-PKG] [DEBUG] 🤖 [MS3-PKG] [DEBUG] 🤖 [MS3-PKG] [DEBUG] 🤖 [MS3-PKG] [DEBUG] 🤖 [MS3-PKG] [DEBUG] 🤖 [MS3-PKG] [DEBUG] 🤖 [MS3-PKG] [DEBUG] 🤖 [MS3-PKG] [DEBUG] 🤖 [MS3-PKG] [DEBUG] 🤖 [MS3-PKG] [DEBUG] 🤖 [MS3-PKG] [DEBUG] 🤖 [MS3-PKG] [DEBUG] 🤖 [MS3-PKG] [DEBUG] 🤖 [MS3-PKG] [DEBUG] 📝 [analyzeJoiSchema] Field description: {
  type: [32m&apos;object&apos;[39m,
  flags: {
    presence: [32m&apos;optional&apos;[39m,
    description: [32m&apos;Optional provider configuration&apos;[39m
  },
  keys: {
    name: { type: [32m&apos;string&apos;[39m, flags: [36m[Object][39m },
    chainId: { type: [32m&apos;string&apos;[39m, flags: [36m[Object][39m, rules: [36m[Array][39m },
    rpcUrls: { type: [32m&apos;array&apos;[39m, flags: [36m[Object][39m, rules: [36m[Array][39m, items: [36m[Array][39m },
    displayName: { type: [32m&apos;string&apos;[39m, flags: [36m[Object][39m }
  }
}
🤖 [MS3-PKG] [DEBUG] 🤖 [MS3-PKG] [DEBUG] 🤖 [MS3-PKG] [DEBUG] 🤖 [MS3-PKG] [DEBUG] 🤖 [MS3-PKG] [DEBUG] 🤖 [MS3-PKG] [DEBUG] 🤖 [MS3-PKG] [DEBUG] 🤖 [MS3-PKG] [DEBUG] 🤖 [MS3-PKG] [DEBUG] 🤖 [MS3-PKG] [DEBUG] 🤖 [MS3-PKG] [DEBUG] 🤖 [MS3-PKG] [DEBUG] 🤖 [MS3-PKG] [DEBUG] 🤖 [MS3-PKG] [DEBUG] 📊 [analyzeJoiSchema] Field provider: type=object, required=false, message=&quot;Optional provider configuration&quot;
🤖 [MS3-PKG] [DEBUG] 🤖 [MS3-PKG] [DEBUG] 🤖 [MS3-PKG] [DEBUG] 🤖 [MS3-PKG] [DEBUG] 🤖 [MS3-PKG] [DEBUG] 🤖 [MS3-PKG] [DEBUG] 🤖 [MS3-PKG] [DEBUG] 🤖 [MS3-PKG] [DEBUG] 🤖 [MS3-PKG] [DEBUG] 🤖 [MS3-PKG] [DEBUG] 🤖 [MS3-PKG] [DEBUG] 🤖 [MS3-PKG] [DEBUG] 🤖 [MS3-PKG] [DEBUG] 🤖 [MS3-PKG] [DEBUG] 🔄 [analyzeJoiSchema] Recursing into nested object: provider
🤖 [MS3-PKG] [DEBUG] 🤖 [MS3-PKG] [DEBUG] 🤖 [MS3-PKG] [DEBUG] 🤖 [MS3-PKG] [DEBUG] 🤖 [MS3-PKG] [DEBUG] 🤖 [MS3-PKG] [DEBUG] 🤖 [MS3-PKG] [DEBUG] 🤖 [MS3-PKG] [DEBUG] 🤖 [MS3-PKG] [DEBUG] 🤖 [MS3-PKG] [DEBUG] 🤖 [MS3-PKG] [DEBUG] 🤖 [MS3-PKG] [DEBUG] 🤖 [MS3-PKG] [DEBUG] 🤖 [MS3-PKG] [DEBUG] 🔑 [analyzeJoiSchema] Processing field: multiChainRpcs
🤖 [MS3-PKG] [DEBUG] 🤖 [MS3-PKG] [DEBUG] 🤖 [MS3-PKG] [DEBUG] 🤖 [MS3-PKG] [DEBUG] 🤖 [MS3-PKG] [DEBUG] 🤖 [MS3-PKG] [DEBUG] 🤖 [MS3-PKG] [DEBUG] 🤖 [MS3-PKG] [DEBUG] 🤖 [MS3-PKG] [DEBUG] 🤖 [MS3-PKG] [DEBUG] 🤖 [MS3-PKG] [DEBUG] 🤖 [MS3-PKG] [DEBUG] 🤖 [MS3-PKG] [DEBUG] 🤖 [MS3-PKG] [DEBUG] 📝 [analyzeJoiSchema] Field description: {
  type: [32m&apos;object&apos;[39m,
  flags: {
    presence: [32m&apos;optional&apos;[39m,
    description: [32m&apos;Multi-chain RPC configuration - maps chain IDs to RPC URL arrays&apos;[39m
  },
  patterns: [ { schema: [36m[Object][39m, rule: [36m[Object][39m } ]
}
🤖 [MS3-PKG] [DEBUG] 🤖 [MS3-PKG] [DEBUG] 🤖 [MS3-PKG] [DEBUG] 🤖 [MS3-PKG] [DEBUG] 🤖 [MS3-PKG] [DEBUG] 🤖 [MS3-PKG] [DEBUG] 🤖 [MS3-PKG] [DEBUG] 🤖 [MS3-PKG] [DEBUG] 🤖 [MS3-PKG] [DEBUG] 🤖 [MS3-PKG] [DEBUG] 🤖 [MS3-PKG] [DEBUG] 🤖 [MS3-PKG] [DEBUG] 🤖 [MS3-PKG] [DEBUG] 🤖 [MS3-PKG] [DEBUG] 📊 [analyzeJoiSchema] Field multiChainRpcs: type=object, required=false, message=&quot;Multi-chain RPC configuration - maps chain IDs to RPC URL arrays&quot;
🤖 [MS3-PKG] [INFO] 🤖 [MS3-PKG] [INFO] 🤖 [MS3-PKG] [INFO] 🤖 [MS3-PKG] [INFO] 🤖 [MS3-PKG] [INFO] 🤖 [MS3-PKG] [INFO] 🤖 [MS3-PKG] [INFO] 🤖 [MS3-PKG] [INFO] 🤖 [MS3-PKG] [INFO] 🤖 [MS3-PKG] [INFO] 🤖 [MS3-PKG] [INFO] 🤖 [MS3-PKG] [INFO] 🤖 [MS3-PKG] [INFO] 🤖 [MS3-PKG] [INFO] 📊 [analyzeJoiSchema] Generated 7 requirements for options
🤖 [MS3-PKG] [DEBUG] 🤖 [MS3-PKG] [DEBUG] 🤖 [MS3-PKG] [DEBUG] 🤖 [MS3-PKG] [DEBUG] 🤖 [MS3-PKG] [DEBUG] 🤖 [MS3-PKG] [DEBUG] 🤖 [MS3-PKG] [DEBUG] 🤖 [MS3-PKG] [DEBUG] 🤖 [MS3-PKG] [DEBUG] 🤖 [MS3-PKG] [DEBUG] 🤖 [MS3-PKG] [DEBUG] 🤖 [MS3-PKG] [DEBUG] 🤖 [MS3-PKG] [DEBUG] 🤖 [MS3-PKG] [DEBUG] 🔍 [getRequirements] Starting analysis for bulk-test-15
🤖 [MS3-PKG] [DEBUG] 🤖 [MS3-PKG] [DEBUG] 🤖 [MS3-PKG] [DEBUG] 🤖 [MS3-PKG] [DEBUG] 🤖 [MS3-PKG] [DEBUG] 🤖 [MS3-PKG] [DEBUG] 🤖 [MS3-PKG] [DEBUG] 🤖 [MS3-PKG] [DEBUG] 🤖 [MS3-PKG] [DEBUG] 🤖 [MS3-PKG] [DEBUG] 🤖 [MS3-PKG] [DEBUG] 🤖 [MS3-PKG] [DEBUG] 🤖 [MS3-PKG] [DEBUG] 🤖 [MS3-PKG] [DEBUG] 🔬 [analyzeJoiSchema] Analyzing schema at path: options
🤖 [MS3-PKG] [DEBUG] 🤖 [MS3-PKG] [DEBUG] 🤖 [MS3-PKG] [DEBUG] 🤖 [MS3-PKG] [DEBUG] 🤖 [MS3-PKG] [DEBUG] 🤖 [MS3-PKG] [DEBUG] 🤖 [MS3-PKG] [DEBUG] 🤖 [MS3-PKG] [DEBUG] 🤖 [MS3-PKG] [DEBUG] 🤖 [MS3-PKG] [DEBUG] 🤖 [MS3-PKG] [DEBUG] 🤖 [MS3-PKG] [DEBUG] 🤖 [MS3-PKG] [DEBUG] 🤖 [MS3-PKG] [DEBUG] 📋 [analyzeJoiSchema] Schema description type: object
🤖 [MS3-PKG] [DEBUG] 🤖 [MS3-PKG] [DEBUG] 🤖 [MS3-PKG] [DEBUG] 🤖 [MS3-PKG] [DEBUG] 🤖 [MS3-PKG] [DEBUG] 🤖 [MS3-PKG] [DEBUG] 🤖 [MS3-PKG] [DEBUG] 🤖 [MS3-PKG] [DEBUG] 🤖 [MS3-PKG] [DEBUG] 🤖 [MS3-PKG] [DEBUG] 🤖 [MS3-PKG] [DEBUG] 🤖 [MS3-PKG] [DEBUG] 🤖 [MS3-PKG] [DEBUG] 🤖 [MS3-PKG] [DEBUG] 📋 [analyzeJoiSchema] Schema keys: [ [32m&apos;web3authConfig&apos;[39m, [32m&apos;multiChainRpcs&apos;[39m ]
🤖 [MS3-PKG] [DEBUG] 🤖 [MS3-PKG] [DEBUG] 🤖 [MS3-PKG] [DEBUG] 🤖 [MS3-PKG] [DEBUG] 🤖 [MS3-PKG] [DEBUG] 🤖 [MS3-PKG] [DEBUG] 🤖 [MS3-PKG] [DEBUG] 🤖 [MS3-PKG] [DEBUG] 🤖 [MS3-PKG] [DEBUG] 🤖 [MS3-PKG] [DEBUG] 🤖 [MS3-PKG] [DEBUG] 🤖 [MS3-PKG] [DEBUG] 🤖 [MS3-PKG] [DEBUG] 🤖 [MS3-PKG] [DEBUG] ✅ [analyzeJoiSchema] Processing object schema with 2 keys
🤖 [MS3-PKG] [DEBUG] 🤖 [MS3-PKG] [DEBUG] 🤖 [MS3-PKG] [DEBUG] 🤖 [MS3-PKG] [DEBUG] 🤖 [MS3-PKG] [DEBUG] 🤖 [MS3-PKG] [DEBUG] 🤖 [MS3-PKG] [DEBUG] 🤖 [MS3-PKG] [DEBUG] 🤖 [MS3-PKG] [DEBUG] 🤖 [MS3-PKG] [DEBUG] 🤖 [MS3-PKG] [DEBUG] 🤖 [MS3-PKG] [DEBUG] 🤖 [MS3-PKG] [DEBUG] 🤖 [MS3-PKG] [DEBUG] 🔑 [analyzeJoiSchema] Processing field: web3authConfig
🤖 [MS3-PKG] [DEBUG] 🤖 [MS3-PKG] [DEBUG] 🤖 [MS3-PKG] [DEBUG] 🤖 [MS3-PKG] [DEBUG] 🤖 [MS3-PKG] [DEBUG] 🤖 [MS3-PKG] [DEBUG] 🤖 [MS3-PKG] [DEBUG] 🤖 [MS3-PKG] [DEBUG] 🤖 [MS3-PKG] [DEBUG] 🤖 [MS3-PKG] [DEBUG] 🤖 [MS3-PKG] [DEBUG] 🤖 [MS3-PKG] [DEBUG] 🤖 [MS3-PKG] [DEBUG] 🤖 [MS3-PKG] [DEBUG] 📝 [analyzeJoiSchema] Field description: {
  type: [32m&apos;object&apos;[39m,
  flags: {
    presence: [32m&apos;required&apos;[39m,
    description: [32m&apos;Web3Auth configuration object&apos;[39m
  },
  keys: {
    clientId: { type: [32m&apos;string&apos;[39m, flags: [36m[Object][39m },
    web3AuthNetwork: { type: [32m&apos;string&apos;[39m, flags: [36m[Object][39m, allow: [36m[Array][39m },
    chainConfig: { type: [32m&apos;object&apos;[39m, flags: [36m[Object][39m, keys: [36m[Object][39m },
    loginConfig: { type: [32m&apos;object&apos;[39m, flags: [36m[Object][39m },
    privateKeyProvider: { type: [32m&apos;any&apos;[39m, flags: [36m[Object][39m }
  }
}
🤖 [MS3-PKG] [DEBUG] 🤖 [MS3-PKG] [DEBUG] 🤖 [MS3-PKG] [DEBUG] 🤖 [MS3-PKG] [DEBUG] 🤖 [MS3-PKG] [DEBUG] 🤖 [MS3-PKG] [DEBUG] 🤖 [MS3-PKG] [DEBUG] 🤖 [MS3-PKG] [DEBUG] 🤖 [MS3-PKG] [DEBUG] 🤖 [MS3-PKG] [DEBUG] 🤖 [MS3-PKG] [DEBUG] 🤖 [MS3-PKG] [DEBUG] 🤖 [MS3-PKG] [DEBUG] 🤖 [MS3-PKG] [DEBUG] 📊 [analyzeJoiSchema] Field web3authConfig: type=object, required=true, message=&quot;Web3Auth configuration object&quot;
🤖 [MS3-PKG] [DEBUG] 🤖 [MS3-PKG] [DEBUG] 🤖 [MS3-PKG] [DEBUG] 🤖 [MS3-PKG] [DEBUG] 🤖 [MS3-PKG] [DEBUG] 🤖 [MS3-PKG] [DEBUG] 🤖 [MS3-PKG] [DEBUG] 🤖 [MS3-PKG] [DEBUG] 🤖 [MS3-PKG] [DEBUG] 🤖 [MS3-PKG] [DEBUG] 🤖 [MS3-PKG] [DEBUG] 🤖 [MS3-PKG] [DEBUG] 🤖 [MS3-PKG] [DEBUG] 🤖 [MS3-PKG] [DEBUG] 🔄 [analyzeJoiSchema] Recursing into nested object: web3authConfig
🤖 [MS3-PKG] [DEBUG] 🤖 [MS3-PKG] [DEBUG] 🤖 [MS3-PKG] [DEBUG] 🤖 [MS3-PKG] [DEBUG] 🤖 [MS3-PKG] [DEBUG] 🤖 [MS3-PKG] [DEBUG] 🤖 [MS3-PKG] [DEBUG] 🤖 [MS3-PKG] [DEBUG] 🤖 [MS3-PKG] [DEBUG] 🤖 [MS3-PKG] [DEBUG] 🤖 [MS3-PKG] [DEBUG] 🤖 [MS3-PKG] [DEBUG] 🤖 [MS3-PKG] [DEBUG] 🤖 [MS3-PKG] [DEBUG] 🔑 [analyzeJoiSchema] Processing field: multiChainRpcs
🤖 [MS3-PKG] [DEBUG] 🤖 [MS3-PKG] [DEBUG] 🤖 [MS3-PKG] [DEBUG] 🤖 [MS3-PKG] [DEBUG] 🤖 [MS3-PKG] [DEBUG] 🤖 [MS3-PKG] [DEBUG] 🤖 [MS3-PKG] [DEBUG] 🤖 [MS3-PKG] [DEBUG] 🤖 [MS3-PKG] [DEBUG] 🤖 [MS3-PKG] [DEBUG] 🤖 [MS3-PKG] [DEBUG] 🤖 [MS3-PKG] [DEBUG] 🤖 [MS3-PKG] [DEBUG] 🤖 [MS3-PKG] [DEBUG] 📝 [analyzeJoiSchema] Field description: {
  type: [32m&apos;object&apos;[39m,
  flags: {
    presence: [32m&apos;optional&apos;[39m,
    description: [32m&apos;Multi-chain RPC configuration - maps chain IDs to RPC URL arrays&apos;[39m
  },
  patterns: [ { schema: [36m[Object][39m, rule: [36m[Object][39m } ]
}
🤖 [MS3-PKG] [DEBUG] 🤖 [MS3-PKG] [DEBUG] 🤖 [MS3-PKG] [DEBUG] 🤖 [MS3-PKG] [DEBUG] 🤖 [MS3-PKG] [DEBUG] 🤖 [MS3-PKG] [DEBUG] 🤖 [MS3-PKG] [DEBUG] 🤖 [MS3-PKG] [DEBUG] 🤖 [MS3-PKG] [DEBUG] 🤖 [MS3-PKG] [DEBUG] 🤖 [MS3-PKG] [DEBUG] 🤖 [MS3-PKG] [DEBUG] 🤖 [MS3-PKG] [DEBUG] 🤖 [MS3-PKG] [DEBUG] 📊 [analyzeJoiSchema] Field multiChainRpcs: type=object, required=false, message=&quot;Multi-chain RPC configuration - maps chain IDs to RPC URL arrays&quot;
🤖 [MS3-PKG] [INFO] 🤖 [MS3-PKG] [INFO] 🤖 [MS3-PKG] [INFO] 🤖 [MS3-PKG] [INFO] 🤖 [MS3-PKG] [INFO] 🤖 [MS3-PKG] [INFO] 🤖 [MS3-PKG] [INFO] 🤖 [MS3-PKG] [INFO] 🤖 [MS3-PKG] [INFO] 🤖 [MS3-PKG] [INFO] 🤖 [MS3-PKG] [INFO] 🤖 [MS3-PKG] [INFO] 🤖 [MS3-PKG] [INFO] 🤖 [MS3-PKG] [INFO] 📊 [analyzeJoiSchema] Generated 14 requirements for options
🤖 [MS3-PKG] [DEBUG] 🤖 [MS3-PKG] [DEBUG] 🤖 [MS3-PKG] [DEBUG] 🤖 [MS3-PKG] [DEBUG] 🤖 [MS3-PKG] [DEBUG] 🤖 [MS3-PKG] [DEBUG] 🤖 [MS3-PKG] [DEBUG] 🤖 [MS3-PKG] [DEBUG] 🤖 [MS3-PKG] [DEBUG] 🤖 [MS3-PKG] [DEBUG] 🤖 [MS3-PKG] [DEBUG] 🤖 [MS3-PKG] [DEBUG] 🤖 [MS3-PKG] [DEBUG] 🤖 [MS3-PKG] [DEBUG] 🔍 [getRequirements] Starting analysis for bulk-test-16
🤖 [MS3-PKG] [DEBUG] 🤖 [MS3-PKG] [DEBUG] 🤖 [MS3-PKG] [DEBUG] 🤖 [MS3-PKG] [DEBUG] 🤖 [MS3-PKG] [DEBUG] 🤖 [MS3-PKG] [DEBUG] 🤖 [MS3-PKG] [DEBUG] 🤖 [MS3-PKG] [DEBUG] 🤖 [MS3-PKG] [DEBUG] 🤖 [MS3-PKG] [DEBUG] 🤖 [MS3-PKG] [DEBUG] 🤖 [MS3-PKG] [DEBUG] 🤖 [MS3-PKG] [DEBUG] 🤖 [MS3-PKG] [DEBUG] 🔬 [analyzeJoiSchema] Analyzing schema at path: options
🤖 [MS3-PKG] [DEBUG] 🤖 [MS3-PKG] [DEBUG] 🤖 [MS3-PKG] [DEBUG] 🤖 [MS3-PKG] [DEBUG] 🤖 [MS3-PKG] [DEBUG] 🤖 [MS3-PKG] [DEBUG] 🤖 [MS3-PKG] [DEBUG] 🤖 [MS3-PKG] [DEBUG] 🤖 [MS3-PKG] [DEBUG] 🤖 [MS3-PKG] [DEBUG] 🤖 [MS3-PKG] [DEBUG] 🤖 [MS3-PKG] [DEBUG] 🤖 [MS3-PKG] [DEBUG] 🤖 [MS3-PKG] [DEBUG] 📋 [analyzeJoiSchema] Schema description type: object
🤖 [MS3-PKG] [DEBUG] 🤖 [MS3-PKG] [DEBUG] 🤖 [MS3-PKG] [DEBUG] 🤖 [MS3-PKG] [DEBUG] 🤖 [MS3-PKG] [DEBUG] 🤖 [MS3-PKG] [DEBUG] 🤖 [MS3-PKG] [DEBUG] 🤖 [MS3-PKG] [DEBUG] 🤖 [MS3-PKG] [DEBUG] 🤖 [MS3-PKG] [DEBUG] 🤖 [MS3-PKG] [DEBUG] 🤖 [MS3-PKG] [DEBUG] 🤖 [MS3-PKG] [DEBUG] 🤖 [MS3-PKG] [DEBUG] 📋 [analyzeJoiSchema] Schema keys: [ [32m&apos;privateKey&apos;[39m, [32m&apos;provider&apos;[39m, [32m&apos;multiChainRpcs&apos;[39m ]
🤖 [MS3-PKG] [DEBUG] 🤖 [MS3-PKG] [DEBUG] 🤖 [MS3-PKG] [DEBUG] 🤖 [MS3-PKG] [DEBUG] 🤖 [MS3-PKG] [DEBUG] 🤖 [MS3-PKG] [DEBUG] 🤖 [MS3-PKG] [DEBUG] 🤖 [MS3-PKG] [DEBUG] 🤖 [MS3-PKG] [DEBUG] 🤖 [MS3-PKG] [DEBUG] 🤖 [MS3-PKG] [DEBUG] 🤖 [MS3-PKG] [DEBUG] 🤖 [MS3-PKG] [DEBUG] 🤖 [MS3-PKG] [DEBUG] ✅ [analyzeJoiSchema] Processing object schema with 3 keys
🤖 [MS3-PKG] [DEBUG] 🤖 [MS3-PKG] [DEBUG] 🤖 [MS3-PKG] [DEBUG] 🤖 [MS3-PKG] [DEBUG] 🤖 [MS3-PKG] [DEBUG] 🤖 [MS3-PKG] [DEBUG] 🤖 [MS3-PKG] [DEBUG] 🤖 [MS3-PKG] [DEBUG] 🤖 [MS3-PKG] [DEBUG] 🤖 [MS3-PKG] [DEBUG] 🤖 [MS3-PKG] [DEBUG] 🤖 [MS3-PKG] [DEBUG] 🤖 [MS3-PKG] [DEBUG] 🤖 [MS3-PKG] [DEBUG] 🔑 [analyzeJoiSchema] Processing field: privateKey
🤖 [MS3-PKG] [DEBUG] 🤖 [MS3-PKG] [DEBUG] 🤖 [MS3-PKG] [DEBUG] 🤖 [MS3-PKG] [DEBUG] 🤖 [MS3-PKG] [DEBUG] 🤖 [MS3-PKG] [DEBUG] 🤖 [MS3-PKG] [DEBUG] 🤖 [MS3-PKG] [DEBUG] 🤖 [MS3-PKG] [DEBUG] 🤖 [MS3-PKG] [DEBUG] 🤖 [MS3-PKG] [DEBUG] 🤖 [MS3-PKG] [DEBUG] 🤖 [MS3-PKG] [DEBUG] 🤖 [MS3-PKG] [DEBUG] 📝 [analyzeJoiSchema] Field description: {
  type: [32m&apos;string&apos;[39m,
  flags: {
    presence: [32m&apos;required&apos;[39m,
    description: [32m&apos;Private key for wallet (generates random if not provided)&apos;[39m
  },
  rules: [ { name: [32m&apos;pattern&apos;[39m, args: [36m[Object][39m } ]
}
🤖 [MS3-PKG] [DEBUG] 🤖 [MS3-PKG] [DEBUG] 🤖 [MS3-PKG] [DEBUG] 🤖 [MS3-PKG] [DEBUG] 🤖 [MS3-PKG] [DEBUG] 🤖 [MS3-PKG] [DEBUG] 🤖 [MS3-PKG] [DEBUG] 🤖 [MS3-PKG] [DEBUG] 🤖 [MS3-PKG] [DEBUG] 🤖 [MS3-PKG] [DEBUG] 🤖 [MS3-PKG] [DEBUG] 🤖 [MS3-PKG] [DEBUG] 🤖 [MS3-PKG] [DEBUG] 🤖 [MS3-PKG] [DEBUG] 📊 [analyzeJoiSchema] Field privateKey: type=string, required=true, message=&quot;Private key for wallet (generates random if not provided)&quot;
🤖 [MS3-PKG] [DEBUG] 🤖 [MS3-PKG] [DEBUG] 🤖 [MS3-PKG] [DEBUG] 🤖 [MS3-PKG] [DEBUG] 🤖 [MS3-PKG] [DEBUG] 🤖 [MS3-PKG] [DEBUG] 🤖 [MS3-PKG] [DEBUG] 🤖 [MS3-PKG] [DEBUG] 🤖 [MS3-PKG] [DEBUG] 🤖 [MS3-PKG] [DEBUG] 🤖 [MS3-PKG] [DEBUG] 🤖 [MS3-PKG] [DEBUG] 🤖 [MS3-PKG] [DEBUG] 🤖 [MS3-PKG] [DEBUG] 🔑 [analyzeJoiSchema] Processing field: provider
🤖 [MS3-PKG] [DEBUG] 🤖 [MS3-PKG] [DEBUG] 🤖 [MS3-PKG] [DEBUG] 🤖 [MS3-PKG] [DEBUG] 🤖 [MS3-PKG] [DEBUG] 🤖 [MS3-PKG] [DEBUG] 🤖 [MS3-PKG] [DEBUG] 🤖 [MS3-PKG] [DEBUG] 🤖 [MS3-PKG] [DEBUG] 🤖 [MS3-PKG] [DEBUG] 🤖 [MS3-PKG] [DEBUG] 🤖 [MS3-PKG] [DEBUG] 🤖 [MS3-PKG] [DEBUG] 🤖 [MS3-PKG] [DEBUG] 📝 [analyzeJoiSchema] Field description: {
  type: [32m&apos;object&apos;[39m,
  flags: {
    presence: [32m&apos;optional&apos;[39m,
    description: [32m&apos;Optional provider configuration&apos;[39m
  },
  keys: {
    name: { type: [32m&apos;string&apos;[39m, flags: [36m[Object][39m },
    chainId: { type: [32m&apos;string&apos;[39m, flags: [36m[Object][39m, rules: [36m[Array][39m },
    rpcUrls: { type: [32m&apos;array&apos;[39m, flags: [36m[Object][39m, rules: [36m[Array][39m, items: [36m[Array][39m },
    displayName: { type: [32m&apos;string&apos;[39m, flags: [36m[Object][39m }
  }
}
🤖 [MS3-PKG] [DEBUG] 🤖 [MS3-PKG] [DEBUG] 🤖 [MS3-PKG] [DEBUG] 🤖 [MS3-PKG] [DEBUG] 🤖 [MS3-PKG] [DEBUG] 🤖 [MS3-PKG] [DEBUG] 🤖 [MS3-PKG] [DEBUG] 🤖 [MS3-PKG] [DEBUG] 🤖 [MS3-PKG] [DEBUG] 🤖 [MS3-PKG] [DEBUG] 🤖 [MS3-PKG] [DEBUG] 🤖 [MS3-PKG] [DEBUG] 🤖 [MS3-PKG] [DEBUG] 🤖 [MS3-PKG] [DEBUG] 📊 [analyzeJoiSchema] Field provider: type=object, required=false, message=&quot;Optional provider configuration&quot;
🤖 [MS3-PKG] [DEBUG] 🤖 [MS3-PKG] [DEBUG] 🤖 [MS3-PKG] [DEBUG] 🤖 [MS3-PKG] [DEBUG] 🤖 [MS3-PKG] [DEBUG] 🤖 [MS3-PKG] [DEBUG] 🤖 [MS3-PKG] [DEBUG] 🤖 [MS3-PKG] [DEBUG] 🤖 [MS3-PKG] [DEBUG] 🤖 [MS3-PKG] [DEBUG] 🤖 [MS3-PKG] [DEBUG] 🤖 [MS3-PKG] [DEBUG] 🤖 [MS3-PKG] [DEBUG] 🤖 [MS3-PKG] [DEBUG] 🔄 [analyzeJoiSchema] Recursing into nested object: provider
🤖 [MS3-PKG] [DEBUG] 🤖 [MS3-PKG] [DEBUG] 🤖 [MS3-PKG] [DEBUG] 🤖 [MS3-PKG] [DEBUG] 🤖 [MS3-PKG] [DEBUG] 🤖 [MS3-PKG] [DEBUG] 🤖 [MS3-PKG] [DEBUG] 🤖 [MS3-PKG] [DEBUG] 🤖 [MS3-PKG] [DEBUG] 🤖 [MS3-PKG] [DEBUG] 🤖 [MS3-PKG] [DEBUG] 🤖 [MS3-PKG] [DEBUG] 🤖 [MS3-PKG] [DEBUG] 🤖 [MS3-PKG] [DEBUG] 🔑 [analyzeJoiSchema] Processing field: multiChainRpcs
🤖 [MS3-PKG] [DEBUG] 🤖 [MS3-PKG] [DEBUG] 🤖 [MS3-PKG] [DEBUG] 🤖 [MS3-PKG] [DEBUG] 🤖 [MS3-PKG] [DEBUG] 🤖 [MS3-PKG] [DEBUG] 🤖 [MS3-PKG] [DEBUG] 🤖 [MS3-PKG] [DEBUG] 🤖 [MS3-PKG] [DEBUG] 🤖 [MS3-PKG] [DEBUG] 🤖 [MS3-PKG] [DEBUG] 🤖 [MS3-PKG] [DEBUG] 🤖 [MS3-PKG] [DEBUG] 🤖 [MS3-PKG] [DEBUG] 📝 [analyzeJoiSchema] Field description: {
  type: [32m&apos;object&apos;[39m,
  flags: {
    presence: [32m&apos;optional&apos;[39m,
    description: [32m&apos;Multi-chain RPC configuration - maps chain IDs to RPC URL arrays&apos;[39m
  },
  patterns: [ { schema: [36m[Object][39m, rule: [36m[Object][39m } ]
}
🤖 [MS3-PKG] [DEBUG] 🤖 [MS3-PKG] [DEBUG] 🤖 [MS3-PKG] [DEBUG] 🤖 [MS3-PKG] [DEBUG] 🤖 [MS3-PKG] [DEBUG] 🤖 [MS3-PKG] [DEBUG] 🤖 [MS3-PKG] [DEBUG] 🤖 [MS3-PKG] [DEBUG] 🤖 [MS3-PKG] [DEBUG] 🤖 [MS3-PKG] [DEBUG] 🤖 [MS3-PKG] [DEBUG] 🤖 [MS3-PKG] [DEBUG] 🤖 [MS3-PKG] [DEBUG] 🤖 [MS3-PKG] [DEBUG] 📊 [analyzeJoiSchema] Field multiChainRpcs: type=object, required=false, message=&quot;Multi-chain RPC configuration - maps chain IDs to RPC URL arrays&quot;
🤖 [MS3-PKG] [INFO] 🤖 [MS3-PKG] [INFO] 🤖 [MS3-PKG] [INFO] 🤖 [MS3-PKG] [INFO] 🤖 [MS3-PKG] [INFO] 🤖 [MS3-PKG] [INFO] 🤖 [MS3-PKG] [INFO] 🤖 [MS3-PKG] [INFO] 🤖 [MS3-PKG] [INFO] 🤖 [MS3-PKG] [INFO] 🤖 [MS3-PKG] [INFO] 🤖 [MS3-PKG] [INFO] 🤖 [MS3-PKG] [INFO] 🤖 [MS3-PKG] [INFO] 📊 [analyzeJoiSchema] Generated 7 requirements for options
🤖 [MS3-PKG] [DEBUG] 🤖 [MS3-PKG] [DEBUG] 🤖 [MS3-PKG] [DEBUG] 🤖 [MS3-PKG] [DEBUG] 🤖 [MS3-PKG] [DEBUG] 🤖 [MS3-PKG] [DEBUG] 🤖 [MS3-PKG] [DEBUG] 🤖 [MS3-PKG] [DEBUG] 🤖 [MS3-PKG] [DEBUG] 🤖 [MS3-PKG] [DEBUG] 🤖 [MS3-PKG] [DEBUG] 🤖 [MS3-PKG] [DEBUG] 🤖 [MS3-PKG] [DEBUG] 🤖 [MS3-PKG] [DEBUG] 🔍 [getRequirements] Starting analysis for bulk-test-16
🤖 [MS3-PKG] [DEBUG] 🤖 [MS3-PKG] [DEBUG] 🤖 [MS3-PKG] [DEBUG] 🤖 [MS3-PKG] [DEBUG] 🤖 [MS3-PKG] [DEBUG] 🤖 [MS3-PKG] [DEBUG] 🤖 [MS3-PKG] [DEBUG] 🤖 [MS3-PKG] [DEBUG] 🤖 [MS3-PKG] [DEBUG] 🤖 [MS3-PKG] [DEBUG] 🤖 [MS3-PKG] [DEBUG] 🤖 [MS3-PKG] [DEBUG] 🤖 [MS3-PKG] [DEBUG] 🤖 [MS3-PKG] [DEBUG] 🔬 [analyzeJoiSchema] Analyzing schema at path: options
🤖 [MS3-PKG] [DEBUG] 🤖 [MS3-PKG] [DEBUG] 🤖 [MS3-PKG] [DEBUG] 🤖 [MS3-PKG] [DEBUG] 🤖 [MS3-PKG] [DEBUG] 🤖 [MS3-PKG] [DEBUG] 🤖 [MS3-PKG] [DEBUG] 🤖 [MS3-PKG] [DEBUG] 🤖 [MS3-PKG] [DEBUG] 🤖 [MS3-PKG] [DEBUG] 🤖 [MS3-PKG] [DEBUG] 🤖 [MS3-PKG] [DEBUG] 🤖 [MS3-PKG] [DEBUG] 🤖 [MS3-PKG] [DEBUG] 📋 [analyzeJoiSchema] Schema description type: object
🤖 [MS3-PKG] [DEBUG] 🤖 [MS3-PKG] [DEBUG] 🤖 [MS3-PKG] [DEBUG] 🤖 [MS3-PKG] [DEBUG] 🤖 [MS3-PKG] [DEBUG] 🤖 [MS3-PKG] [DEBUG] 🤖 [MS3-PKG] [DEBUG] 🤖 [MS3-PKG] [DEBUG] 🤖 [MS3-PKG] [DEBUG] 🤖 [MS3-PKG] [DEBUG] 🤖 [MS3-PKG] [DEBUG] 🤖 [MS3-PKG] [DEBUG] 🤖 [MS3-PKG] [DEBUG] 🤖 [MS3-PKG] [DEBUG] 📋 [analyzeJoiSchema] Schema keys: [ [32m&apos;web3authConfig&apos;[39m, [32m&apos;multiChainRpcs&apos;[39m ]
🤖 [MS3-PKG] [DEBUG] 🤖 [MS3-PKG] [DEBUG] 🤖 [MS3-PKG] [DEBUG] 🤖 [MS3-PKG] [DEBUG] 🤖 [MS3-PKG] [DEBUG] 🤖 [MS3-PKG] [DEBUG] 🤖 [MS3-PKG] [DEBUG] 🤖 [MS3-PKG] [DEBUG] 🤖 [MS3-PKG] [DEBUG] 🤖 [MS3-PKG] [DEBUG] 🤖 [MS3-PKG] [DEBUG] 🤖 [MS3-PKG] [DEBUG] 🤖 [MS3-PKG] [DEBUG] 🤖 [MS3-PKG] [DEBUG] ✅ [analyzeJoiSchema] Processing object schema with 2 keys
🤖 [MS3-PKG] [DEBUG] 🤖 [MS3-PKG] [DEBUG] 🤖 [MS3-PKG] [DEBUG] 🤖 [MS3-PKG] [DEBUG] 🤖 [MS3-PKG] [DEBUG] 🤖 [MS3-PKG] [DEBUG] 🤖 [MS3-PKG] [DEBUG] 🤖 [MS3-PKG] [DEBUG] 🤖 [MS3-PKG] [DEBUG] 🤖 [MS3-PKG] [DEBUG] 🤖 [MS3-PKG] [DEBUG] 🤖 [MS3-PKG] [DEBUG] 🤖 [MS3-PKG] [DEBUG] 🤖 [MS3-PKG] [DEBUG] 🔑 [analyzeJoiSchema] Processing field: web3authConfig
🤖 [MS3-PKG] [DEBUG] 🤖 [MS3-PKG] [DEBUG] 🤖 [MS3-PKG] [DEBUG] 🤖 [MS3-PKG] [DEBUG] 🤖 [MS3-PKG] [DEBUG] 🤖 [MS3-PKG] [DEBUG] 🤖 [MS3-PKG] [DEBUG] 🤖 [MS3-PKG] [DEBUG] 🤖 [MS3-PKG] [DEBUG] 🤖 [MS3-PKG] [DEBUG] 🤖 [MS3-PKG] [DEBUG] 🤖 [MS3-PKG] [DEBUG] 🤖 [MS3-PKG] [DEBUG] 🤖 [MS3-PKG] [DEBUG] 📝 [analyzeJoiSchema] Field description: {
  type: [32m&apos;object&apos;[39m,
  flags: {
    presence: [32m&apos;required&apos;[39m,
    description: [32m&apos;Web3Auth configuration object&apos;[39m
  },
  keys: {
    clientId: { type: [32m&apos;string&apos;[39m, flags: [36m[Object][39m },
    web3AuthNetwork: { type: [32m&apos;string&apos;[39m, flags: [36m[Object][39m, allow: [36m[Array][39m },
    chainConfig: { type: [32m&apos;object&apos;[39m, flags: [36m[Object][39m, keys: [36m[Object][39m },
    loginConfig: { type: [32m&apos;object&apos;[39m, flags: [36m[Object][39m },
    privateKeyProvider: { type: [32m&apos;any&apos;[39m, flags: [36m[Object][39m }
  }
}
🤖 [MS3-PKG] [DEBUG] 🤖 [MS3-PKG] [DEBUG] 🤖 [MS3-PKG] [DEBUG] 🤖 [MS3-PKG] [DEBUG] 🤖 [MS3-PKG] [DEBUG] 🤖 [MS3-PKG] [DEBUG] 🤖 [MS3-PKG] [DEBUG] 🤖 [MS3-PKG] [DEBUG] 🤖 [MS3-PKG] [DEBUG] 🤖 [MS3-PKG] [DEBUG] 🤖 [MS3-PKG] [DEBUG] 🤖 [MS3-PKG] [DEBUG] 🤖 [MS3-PKG] [DEBUG] 🤖 [MS3-PKG] [DEBUG] 📊 [analyzeJoiSchema] Field web3authConfig: type=object, required=true, message=&quot;Web3Auth configuration object&quot;
🤖 [MS3-PKG] [DEBUG] 🤖 [MS3-PKG] [DEBUG] 🤖 [MS3-PKG] [DEBUG] 🤖 [MS3-PKG] [DEBUG] 🤖 [MS3-PKG] [DEBUG] 🤖 [MS3-PKG] [DEBUG] 🤖 [MS3-PKG] [DEBUG] 🤖 [MS3-PKG] [DEBUG] 🤖 [MS3-PKG] [DEBUG] 🤖 [MS3-PKG] [DEBUG] 🤖 [MS3-PKG] [DEBUG] 🤖 [MS3-PKG] [DEBUG] 🤖 [MS3-PKG] [DEBUG] 🤖 [MS3-PKG] [DEBUG] 🔄 [analyzeJoiSchema] Recursing into nested object: web3authConfig
🤖 [MS3-PKG] [DEBUG] 🤖 [MS3-PKG] [DEBUG] 🤖 [MS3-PKG] [DEBUG] 🤖 [MS3-PKG] [DEBUG] 🤖 [MS3-PKG] [DEBUG] 🤖 [MS3-PKG] [DEBUG] 🤖 [MS3-PKG] [DEBUG] 🤖 [MS3-PKG] [DEBUG] 🤖 [MS3-PKG] [DEBUG] 🤖 [MS3-PKG] [DEBUG] 🤖 [MS3-PKG] [DEBUG] 🤖 [MS3-PKG] [DEBUG] 🤖 [MS3-PKG] [DEBUG] 🤖 [MS3-PKG] [DEBUG] 🔑 [analyzeJoiSchema] Processing field: multiChainRpcs
🤖 [MS3-PKG] [DEBUG] 🤖 [MS3-PKG] [DEBUG] 🤖 [MS3-PKG] [DEBUG] 🤖 [MS3-PKG] [DEBUG] 🤖 [MS3-PKG] [DEBUG] 🤖 [MS3-PKG] [DEBUG] 🤖 [MS3-PKG] [DEBUG] 🤖 [MS3-PKG] [DEBUG] 🤖 [MS3-PKG] [DEBUG] 🤖 [MS3-PKG] [DEBUG] 🤖 [MS3-PKG] [DEBUG] 🤖 [MS3-PKG] [DEBUG] 🤖 [MS3-PKG] [DEBUG] 🤖 [MS3-PKG] [DEBUG] 📝 [analyzeJoiSchema] Field description: {
  type: [32m&apos;object&apos;[39m,
  flags: {
    presence: [32m&apos;optional&apos;[39m,
    description: [32m&apos;Multi-chain RPC configuration - maps chain IDs to RPC URL arrays&apos;[39m
  },
  patterns: [ { schema: [36m[Object][39m, rule: [36m[Object][39m } ]
}
🤖 [MS3-PKG] [DEBUG] 🤖 [MS3-PKG] [DEBUG] 🤖 [MS3-PKG] [DEBUG] 🤖 [MS3-PKG] [DEBUG] 🤖 [MS3-PKG] [DEBUG] 🤖 [MS3-PKG] [DEBUG] 🤖 [MS3-PKG] [DEBUG] 🤖 [MS3-PKG] [DEBUG] 🤖 [MS3-PKG] [DEBUG] 🤖 [MS3-PKG] [DEBUG] 🤖 [MS3-PKG] [DEBUG] 🤖 [MS3-PKG] [DEBUG] 🤖 [MS3-PKG] [DEBUG] 🤖 [MS3-PKG] [DEBUG] 📊 [analyzeJoiSchema] Field multiChainRpcs: type=object, required=false, message=&quot;Multi-chain RPC configuration - maps chain IDs to RPC URL arrays&quot;
🤖 [MS3-PKG] [INFO] 🤖 [MS3-PKG] [INFO] 🤖 [MS3-PKG] [INFO] 🤖 [MS3-PKG] [INFO] 🤖 [MS3-PKG] [INFO] 🤖 [MS3-PKG] [INFO] 🤖 [MS3-PKG] [INFO] 🤖 [MS3-PKG] [INFO] 🤖 [MS3-PKG] [INFO] 🤖 [MS3-PKG] [INFO] 🤖 [MS3-PKG] [INFO] 🤖 [MS3-PKG] [INFO] 🤖 [MS3-PKG] [INFO] 🤖 [MS3-PKG] [INFO] 📊 [analyzeJoiSchema] Generated 14 requirements for options
🤖 [MS3-PKG] [DEBUG] 🤖 [MS3-PKG] [DEBUG] 🤖 [MS3-PKG] [DEBUG] 🤖 [MS3-PKG] [DEBUG] 🤖 [MS3-PKG] [DEBUG] 🤖 [MS3-PKG] [DEBUG] 🤖 [MS3-PKG] [DEBUG] 🤖 [MS3-PKG] [DEBUG] 🤖 [MS3-PKG] [DEBUG] 🤖 [MS3-PKG] [DEBUG] 🤖 [MS3-PKG] [DEBUG] 🤖 [MS3-PKG] [DEBUG] 🤖 [MS3-PKG] [DEBUG] 🤖 [MS3-PKG] [DEBUG] 🔍 [getRequirements] Starting analysis for bulk-test-17
🤖 [MS3-PKG] [DEBUG] 🤖 [MS3-PKG] [DEBUG] 🤖 [MS3-PKG] [DEBUG] 🤖 [MS3-PKG] [DEBUG] 🤖 [MS3-PKG] [DEBUG] 🤖 [MS3-PKG] [DEBUG] 🤖 [MS3-PKG] [DEBUG] 🤖 [MS3-PKG] [DEBUG] 🤖 [MS3-PKG] [DEBUG] 🤖 [MS3-PKG] [DEBUG] 🤖 [MS3-PKG] [DEBUG] 🤖 [MS3-PKG] [DEBUG] 🤖 [MS3-PKG] [DEBUG] 🤖 [MS3-PKG] [DEBUG] 🔬 [analyzeJoiSchema] Analyzing schema at path: options
🤖 [MS3-PKG] [DEBUG] 🤖 [MS3-PKG] [DEBUG] 🤖 [MS3-PKG] [DEBUG] 🤖 [MS3-PKG] [DEBUG] 🤖 [MS3-PKG] [DEBUG] 🤖 [MS3-PKG] [DEBUG] 🤖 [MS3-PKG] [DEBUG] 🤖 [MS3-PKG] [DEBUG] 🤖 [MS3-PKG] [DEBUG] 🤖 [MS3-PKG] [DEBUG] 🤖 [MS3-PKG] [DEBUG] 🤖 [MS3-PKG] [DEBUG] 🤖 [MS3-PKG] [DEBUG] 🤖 [MS3-PKG] [DEBUG] 📋 [analyzeJoiSchema] Schema description type: object
🤖 [MS3-PKG] [DEBUG] 🤖 [MS3-PKG] [DEBUG] 🤖 [MS3-PKG] [DEBUG] 🤖 [MS3-PKG] [DEBUG] 🤖 [MS3-PKG] [DEBUG] 🤖 [MS3-PKG] [DEBUG] 🤖 [MS3-PKG] [DEBUG] 🤖 [MS3-PKG] [DEBUG] 🤖 [MS3-PKG] [DEBUG] 🤖 [MS3-PKG] [DEBUG] 🤖 [MS3-PKG] [DEBUG] 🤖 [MS3-PKG] [DEBUG] 🤖 [MS3-PKG] [DEBUG] 🤖 [MS3-PKG] [DEBUG] 📋 [analyzeJoiSchema] Schema keys: [ [32m&apos;privateKey&apos;[39m, [32m&apos;provider&apos;[39m, [32m&apos;multiChainRpcs&apos;[39m ]
🤖 [MS3-PKG] [DEBUG] 🤖 [MS3-PKG] [DEBUG] 🤖 [MS3-PKG] [DEBUG] 🤖 [MS3-PKG] [DEBUG] 🤖 [MS3-PKG] [DEBUG] 🤖 [MS3-PKG] [DEBUG] 🤖 [MS3-PKG] [DEBUG] 🤖 [MS3-PKG] [DEBUG] 🤖 [MS3-PKG] [DEBUG] 🤖 [MS3-PKG] [DEBUG] 🤖 [MS3-PKG] [DEBUG] 🤖 [MS3-PKG] [DEBUG] 🤖 [MS3-PKG] [DEBUG] 🤖 [MS3-PKG] [DEBUG] ✅ [analyzeJoiSchema] Processing object schema with 3 keys
🤖 [MS3-PKG] [DEBUG] 🤖 [MS3-PKG] [DEBUG] 🤖 [MS3-PKG] [DEBUG] 🤖 [MS3-PKG] [DEBUG] 🤖 [MS3-PKG] [DEBUG] 🤖 [MS3-PKG] [DEBUG] 🤖 [MS3-PKG] [DEBUG] 🤖 [MS3-PKG] [DEBUG] 🤖 [MS3-PKG] [DEBUG] 🤖 [MS3-PKG] [DEBUG] 🤖 [MS3-PKG] [DEBUG] 🤖 [MS3-PKG] [DEBUG] 🤖 [MS3-PKG] [DEBUG] 🤖 [MS3-PKG] [DEBUG] 🔑 [analyzeJoiSchema] Processing field: privateKey
🤖 [MS3-PKG] [DEBUG] 🤖 [MS3-PKG] [DEBUG] 🤖 [MS3-PKG] [DEBUG] 🤖 [MS3-PKG] [DEBUG] 🤖 [MS3-PKG] [DEBUG] 🤖 [MS3-PKG] [DEBUG] 🤖 [MS3-PKG] [DEBUG] 🤖 [MS3-PKG] [DEBUG] 🤖 [MS3-PKG] [DEBUG] 🤖 [MS3-PKG] [DEBUG] 🤖 [MS3-PKG] [DEBUG] 🤖 [MS3-PKG] [DEBUG] 🤖 [MS3-PKG] [DEBUG] 🤖 [MS3-PKG] [DEBUG] 📝 [analyzeJoiSchema] Field description: {
  type: [32m&apos;string&apos;[39m,
  flags: {
    presence: [32m&apos;required&apos;[39m,
    description: [32m&apos;Private key for wallet (generates random if not provided)&apos;[39m
  },
  rules: [ { name: [32m&apos;pattern&apos;[39m, args: [36m[Object][39m } ]
}
🤖 [MS3-PKG] [DEBUG] 🤖 [MS3-PKG] [DEBUG] 🤖 [MS3-PKG] [DEBUG] 🤖 [MS3-PKG] [DEBUG] 🤖 [MS3-PKG] [DEBUG] 🤖 [MS3-PKG] [DEBUG] 🤖 [MS3-PKG] [DEBUG] 🤖 [MS3-PKG] [DEBUG] 🤖 [MS3-PKG] [DEBUG] 🤖 [MS3-PKG] [DEBUG] 🤖 [MS3-PKG] [DEBUG] 🤖 [MS3-PKG] [DEBUG] 🤖 [MS3-PKG] [DEBUG] 🤖 [MS3-PKG] [DEBUG] 📊 [analyzeJoiSchema] Field privateKey: type=string, required=true, message=&quot;Private key for wallet (generates random if not provided)&quot;
🤖 [MS3-PKG] [DEBUG] 🤖 [MS3-PKG] [DEBUG] 🤖 [MS3-PKG] [DEBUG] 🤖 [MS3-PKG] [DEBUG] 🤖 [MS3-PKG] [DEBUG] 🤖 [MS3-PKG] [DEBUG] 🤖 [MS3-PKG] [DEBUG] 🤖 [MS3-PKG] [DEBUG] 🤖 [MS3-PKG] [DEBUG] 🤖 [MS3-PKG] [DEBUG] 🤖 [MS3-PKG] [DEBUG] 🤖 [MS3-PKG] [DEBUG] 🤖 [MS3-PKG] [DEBUG] 🤖 [MS3-PKG] [DEBUG] 🔑 [analyzeJoiSchema] Processing field: provider
🤖 [MS3-PKG] [DEBUG] 🤖 [MS3-PKG] [DEBUG] 🤖 [MS3-PKG] [DEBUG] 🤖 [MS3-PKG] [DEBUG] 🤖 [MS3-PKG] [DEBUG] 🤖 [MS3-PKG] [DEBUG] 🤖 [MS3-PKG] [DEBUG] 🤖 [MS3-PKG] [DEBUG] 🤖 [MS3-PKG] [DEBUG] 🤖 [MS3-PKG] [DEBUG] 🤖 [MS3-PKG] [DEBUG] 🤖 [MS3-PKG] [DEBUG] 🤖 [MS3-PKG] [DEBUG] 🤖 [MS3-PKG] [DEBUG] 📝 [analyzeJoiSchema] Field description: {
  type: [32m&apos;object&apos;[39m,
  flags: {
    presence: [32m&apos;optional&apos;[39m,
    description: [32m&apos;Optional provider configuration&apos;[39m
  },
  keys: {
    name: { type: [32m&apos;string&apos;[39m, flags: [36m[Object][39m },
    chainId: { type: [32m&apos;string&apos;[39m, flags: [36m[Object][39m, rules: [36m[Array][39m },
    rpcUrls: { type: [32m&apos;array&apos;[39m, flags: [36m[Object][39m, rules: [36m[Array][39m, items: [36m[Array][39m },
    displayName: { type: [32m&apos;string&apos;[39m, flags: [36m[Object][39m }
  }
}
🤖 [MS3-PKG] [DEBUG] 🤖 [MS3-PKG] [DEBUG] 🤖 [MS3-PKG] [DEBUG] 🤖 [MS3-PKG] [DEBUG] 🤖 [MS3-PKG] [DEBUG] 🤖 [MS3-PKG] [DEBUG] 🤖 [MS3-PKG] [DEBUG] 🤖 [MS3-PKG] [DEBUG] 🤖 [MS3-PKG] [DEBUG] 🤖 [MS3-PKG] [DEBUG] 🤖 [MS3-PKG] [DEBUG] 🤖 [MS3-PKG] [DEBUG] 🤖 [MS3-PKG] [DEBUG] 🤖 [MS3-PKG] [DEBUG] 📊 [analyzeJoiSchema] Field provider: type=object, required=false, message=&quot;Optional provider configuration&quot;
🤖 [MS3-PKG] [DEBUG] 🤖 [MS3-PKG] [DEBUG] 🤖 [MS3-PKG] [DEBUG] 🤖 [MS3-PKG] [DEBUG] 🤖 [MS3-PKG] [DEBUG] 🤖 [MS3-PKG] [DEBUG] 🤖 [MS3-PKG] [DEBUG] 🤖 [MS3-PKG] [DEBUG] 🤖 [MS3-PKG] [DEBUG] 🤖 [MS3-PKG] [DEBUG] 🤖 [MS3-PKG] [DEBUG] 🤖 [MS3-PKG] [DEBUG] 🤖 [MS3-PKG] [DEBUG] 🤖 [MS3-PKG] [DEBUG] 🔄 [analyzeJoiSchema] Recursing into nested object: provider
🤖 [MS3-PKG] [DEBUG] 🤖 [MS3-PKG] [DEBUG] 🤖 [MS3-PKG] [DEBUG] 🤖 [MS3-PKG] [DEBUG] 🤖 [MS3-PKG] [DEBUG] 🤖 [MS3-PKG] [DEBUG] 🤖 [MS3-PKG] [DEBUG] 🤖 [MS3-PKG] [DEBUG] 🤖 [MS3-PKG] [DEBUG] 🤖 [MS3-PKG] [DEBUG] 🤖 [MS3-PKG] [DEBUG] 🤖 [MS3-PKG] [DEBUG] 🤖 [MS3-PKG] [DEBUG] 🤖 [MS3-PKG] [DEBUG] 🔑 [analyzeJoiSchema] Processing field: multiChainRpcs
🤖 [MS3-PKG] [DEBUG] 🤖 [MS3-PKG] [DEBUG] 🤖 [MS3-PKG] [DEBUG] 🤖 [MS3-PKG] [DEBUG] 🤖 [MS3-PKG] [DEBUG] 🤖 [MS3-PKG] [DEBUG] 🤖 [MS3-PKG] [DEBUG] 🤖 [MS3-PKG] [DEBUG] 🤖 [MS3-PKG] [DEBUG] 🤖 [MS3-PKG] [DEBUG] 🤖 [MS3-PKG] [DEBUG] 🤖 [MS3-PKG] [DEBUG] 🤖 [MS3-PKG] [DEBUG] 🤖 [MS3-PKG] [DEBUG] 📝 [analyzeJoiSchema] Field description: {
  type: [32m&apos;object&apos;[39m,
  flags: {
    presence: [32m&apos;optional&apos;[39m,
    description: [32m&apos;Multi-chain RPC configuration - maps chain IDs to RPC URL arrays&apos;[39m
  },
  patterns: [ { schema: [36m[Object][39m, rule: [36m[Object][39m } ]
}
🤖 [MS3-PKG] [DEBUG] 🤖 [MS3-PKG] [DEBUG] 🤖 [MS3-PKG] [DEBUG] 🤖 [MS3-PKG] [DEBUG] 🤖 [MS3-PKG] [DEBUG] 🤖 [MS3-PKG] [DEBUG] 🤖 [MS3-PKG] [DEBUG] 🤖 [MS3-PKG] [DEBUG] 🤖 [MS3-PKG] [DEBUG] 🤖 [MS3-PKG] [DEBUG] 🤖 [MS3-PKG] [DEBUG] 🤖 [MS3-PKG] [DEBUG] 🤖 [MS3-PKG] [DEBUG] 🤖 [MS3-PKG] [DEBUG] 📊 [analyzeJoiSchema] Field multiChainRpcs: type=object, required=false, message=&quot;Multi-chain RPC configuration - maps chain IDs to RPC URL arrays&quot;
🤖 [MS3-PKG] [INFO] 🤖 [MS3-PKG] [INFO] 🤖 [MS3-PKG] [INFO] 🤖 [MS3-PKG] [INFO] 🤖 [MS3-PKG] [INFO] 🤖 [MS3-PKG] [INFO] 🤖 [MS3-PKG] [INFO] 🤖 [MS3-PKG] [INFO] 🤖 [MS3-PKG] [INFO] 🤖 [MS3-PKG] [INFO] 🤖 [MS3-PKG] [INFO] 🤖 [MS3-PKG] [INFO] 🤖 [MS3-PKG] [INFO] 🤖 [MS3-PKG] [INFO] 📊 [analyzeJoiSchema] Generated 7 requirements for options
🤖 [MS3-PKG] [DEBUG] 🤖 [MS3-PKG] [DEBUG] 🤖 [MS3-PKG] [DEBUG] 🤖 [MS3-PKG] [DEBUG] 🤖 [MS3-PKG] [DEBUG] 🤖 [MS3-PKG] [DEBUG] 🤖 [MS3-PKG] [DEBUG] 🤖 [MS3-PKG] [DEBUG] 🤖 [MS3-PKG] [DEBUG] 🤖 [MS3-PKG] [DEBUG] 🤖 [MS3-PKG] [DEBUG] 🤖 [MS3-PKG] [DEBUG] 🤖 [MS3-PKG] [DEBUG] 🤖 [MS3-PKG] [DEBUG] 🔍 [getRequirements] Starting analysis for bulk-test-17
🤖 [MS3-PKG] [DEBUG] 🤖 [MS3-PKG] [DEBUG] 🤖 [MS3-PKG] [DEBUG] 🤖 [MS3-PKG] [DEBUG] 🤖 [MS3-PKG] [DEBUG] 🤖 [MS3-PKG] [DEBUG] 🤖 [MS3-PKG] [DEBUG] 🤖 [MS3-PKG] [DEBUG] 🤖 [MS3-PKG] [DEBUG] 🤖 [MS3-PKG] [DEBUG] 🤖 [MS3-PKG] [DEBUG] 🤖 [MS3-PKG] [DEBUG] 🤖 [MS3-PKG] [DEBUG] 🤖 [MS3-PKG] [DEBUG] 🔬 [analyzeJoiSchema] Analyzing schema at path: options
🤖 [MS3-PKG] [DEBUG] 🤖 [MS3-PKG] [DEBUG] 🤖 [MS3-PKG] [DEBUG] 🤖 [MS3-PKG] [DEBUG] 🤖 [MS3-PKG] [DEBUG] 🤖 [MS3-PKG] [DEBUG] 🤖 [MS3-PKG] [DEBUG] 🤖 [MS3-PKG] [DEBUG] 🤖 [MS3-PKG] [DEBUG] 🤖 [MS3-PKG] [DEBUG] 🤖 [MS3-PKG] [DEBUG] 🤖 [MS3-PKG] [DEBUG] 🤖 [MS3-PKG] [DEBUG] 🤖 [MS3-PKG] [DEBUG] 📋 [analyzeJoiSchema] Schema description type: object
🤖 [MS3-PKG] [DEBUG] 🤖 [MS3-PKG] [DEBUG] 🤖 [MS3-PKG] [DEBUG] 🤖 [MS3-PKG] [DEBUG] 🤖 [MS3-PKG] [DEBUG] 🤖 [MS3-PKG] [DEBUG] 🤖 [MS3-PKG] [DEBUG] 🤖 [MS3-PKG] [DEBUG] 🤖 [MS3-PKG] [DEBUG] 🤖 [MS3-PKG] [DEBUG] 🤖 [MS3-PKG] [DEBUG] 🤖 [MS3-PKG] [DEBUG] 🤖 [MS3-PKG] [DEBUG] 🤖 [MS3-PKG] [DEBUG] 📋 [analyzeJoiSchema] Schema keys: [ [32m&apos;web3authConfig&apos;[39m, [32m&apos;multiChainRpcs&apos;[39m ]
🤖 [MS3-PKG] [DEBUG] 🤖 [MS3-PKG] [DEBUG] 🤖 [MS3-PKG] [DEBUG] 🤖 [MS3-PKG] [DEBUG] 🤖 [MS3-PKG] [DEBUG] 🤖 [MS3-PKG] [DEBUG] 🤖 [MS3-PKG] [DEBUG] 🤖 [MS3-PKG] [DEBUG] 🤖 [MS3-PKG] [DEBUG] 🤖 [MS3-PKG] [DEBUG] 🤖 [MS3-PKG] [DEBUG] 🤖 [MS3-PKG] [DEBUG] 🤖 [MS3-PKG] [DEBUG] 🤖 [MS3-PKG] [DEBUG] ✅ [analyzeJoiSchema] Processing object schema with 2 keys
🤖 [MS3-PKG] [DEBUG] 🤖 [MS3-PKG] [DEBUG] 🤖 [MS3-PKG] [DEBUG] 🤖 [MS3-PKG] [DEBUG] 🤖 [MS3-PKG] [DEBUG] 🤖 [MS3-PKG] [DEBUG] 🤖 [MS3-PKG] [DEBUG] 🤖 [MS3-PKG] [DEBUG] 🤖 [MS3-PKG] [DEBUG] 🤖 [MS3-PKG] [DEBUG] 🤖 [MS3-PKG] [DEBUG] 🤖 [MS3-PKG] [DEBUG] 🤖 [MS3-PKG] [DEBUG] 🤖 [MS3-PKG] [DEBUG] 🔑 [analyzeJoiSchema] Processing field: web3authConfig
🤖 [MS3-PKG] [DEBUG] 🤖 [MS3-PKG] [DEBUG] 🤖 [MS3-PKG] [DEBUG] 🤖 [MS3-PKG] [DEBUG] 🤖 [MS3-PKG] [DEBUG] 🤖 [MS3-PKG] [DEBUG] 🤖 [MS3-PKG] [DEBUG] 🤖 [MS3-PKG] [DEBUG] 🤖 [MS3-PKG] [DEBUG] 🤖 [MS3-PKG] [DEBUG] 🤖 [MS3-PKG] [DEBUG] 🤖 [MS3-PKG] [DEBUG] 🤖 [MS3-PKG] [DEBUG] 🤖 [MS3-PKG] [DEBUG] 📝 [analyzeJoiSchema] Field description: {
  type: [32m&apos;object&apos;[39m,
  flags: {
    presence: [32m&apos;required&apos;[39m,
    description: [32m&apos;Web3Auth configuration object&apos;[39m
  },
  keys: {
    clientId: { type: [32m&apos;string&apos;[39m, flags: [36m[Object][39m },
    web3AuthNetwork: { type: [32m&apos;string&apos;[39m, flags: [36m[Object][39m, allow: [36m[Array][39m },
    chainConfig: { type: [32m&apos;object&apos;[39m, flags: [36m[Object][39m, keys: [36m[Object][39m },
    loginConfig: { type: [32m&apos;object&apos;[39m, flags: [36m[Object][39m },
    privateKeyProvider: { type: [32m&apos;any&apos;[39m, flags: [36m[Object][39m }
  }
}
🤖 [MS3-PKG] [DEBUG] 🤖 [MS3-PKG] [DEBUG] 🤖 [MS3-PKG] [DEBUG] 🤖 [MS3-PKG] [DEBUG] 🤖 [MS3-PKG] [DEBUG] 🤖 [MS3-PKG] [DEBUG] 🤖 [MS3-PKG] [DEBUG] 🤖 [MS3-PKG] [DEBUG] 🤖 [MS3-PKG] [DEBUG] 🤖 [MS3-PKG] [DEBUG] 🤖 [MS3-PKG] [DEBUG] 🤖 [MS3-PKG] [DEBUG] 🤖 [MS3-PKG] [DEBUG] 🤖 [MS3-PKG] [DEBUG] 📊 [analyzeJoiSchema] Field web3authConfig: type=object, required=true, message=&quot;Web3Auth configuration object&quot;
🤖 [MS3-PKG] [DEBUG] 🤖 [MS3-PKG] [DEBUG] 🤖 [MS3-PKG] [DEBUG] 🤖 [MS3-PKG] [DEBUG] 🤖 [MS3-PKG] [DEBUG] 🤖 [MS3-PKG] [DEBUG] 🤖 [MS3-PKG] [DEBUG] 🤖 [MS3-PKG] [DEBUG] 🤖 [MS3-PKG] [DEBUG] 🤖 [MS3-PKG] [DEBUG] 🤖 [MS3-PKG] [DEBUG] 🤖 [MS3-PKG] [DEBUG] 🤖 [MS3-PKG] [DEBUG] 🤖 [MS3-PKG] [DEBUG] 🔄 [analyzeJoiSchema] Recursing into nested object: web3authConfig
🤖 [MS3-PKG] [DEBUG] 🤖 [MS3-PKG] [DEBUG] 🤖 [MS3-PKG] [DEBUG] 🤖 [MS3-PKG] [DEBUG] 🤖 [MS3-PKG] [DEBUG] 🤖 [MS3-PKG] [DEBUG] 🤖 [MS3-PKG] [DEBUG] 🤖 [MS3-PKG] [DEBUG] 🤖 [MS3-PKG] [DEBUG] 🤖 [MS3-PKG] [DEBUG] 🤖 [MS3-PKG] [DEBUG] 🤖 [MS3-PKG] [DEBUG] 🤖 [MS3-PKG] [DEBUG] 🤖 [MS3-PKG] [DEBUG] 🔑 [analyzeJoiSchema] Processing field: multiChainRpcs
🤖 [MS3-PKG] [DEBUG] 🤖 [MS3-PKG] [DEBUG] 🤖 [MS3-PKG] [DEBUG] 🤖 [MS3-PKG] [DEBUG] 🤖 [MS3-PKG] [DEBUG] 🤖 [MS3-PKG] [DEBUG] 🤖 [MS3-PKG] [DEBUG] 🤖 [MS3-PKG] [DEBUG] 🤖 [MS3-PKG] [DEBUG] 🤖 [MS3-PKG] [DEBUG] 🤖 [MS3-PKG] [DEBUG] 🤖 [MS3-PKG] [DEBUG] 🤖 [MS3-PKG] [DEBUG] 🤖 [MS3-PKG] [DEBUG] 📝 [analyzeJoiSchema] Field description: {
  type: [32m&apos;object&apos;[39m,
  flags: {
    presence: [32m&apos;optional&apos;[39m,
    description: [32m&apos;Multi-chain RPC configuration - maps chain IDs to RPC URL arrays&apos;[39m
  },
  patterns: [ { schema: [36m[Object][39m, rule: [36m[Object][39m } ]
}
🤖 [MS3-PKG] [DEBUG] 🤖 [MS3-PKG] [DEBUG] 🤖 [MS3-PKG] [DEBUG] 🤖 [MS3-PKG] [DEBUG] 🤖 [MS3-PKG] [DEBUG] 🤖 [MS3-PKG] [DEBUG] 🤖 [MS3-PKG] [DEBUG] 🤖 [MS3-PKG] [DEBUG] 🤖 [MS3-PKG] [DEBUG] 🤖 [MS3-PKG] [DEBUG] 🤖 [MS3-PKG] [DEBUG] 🤖 [MS3-PKG] [DEBUG] 🤖 [MS3-PKG] [DEBUG] 🤖 [MS3-PKG] [DEBUG] 📊 [analyzeJoiSchema] Field multiChainRpcs: type=object, required=false, message=&quot;Multi-chain RPC configuration - maps chain IDs to RPC URL arrays&quot;
🤖 [MS3-PKG] [INFO] 🤖 [MS3-PKG] [INFO] 🤖 [MS3-PKG] [INFO] 🤖 [MS3-PKG] [INFO] 🤖 [MS3-PKG] [INFO] 🤖 [MS3-PKG] [INFO] 🤖 [MS3-PKG] [INFO] 🤖 [MS3-PKG] [INFO] 🤖 [MS3-PKG] [INFO] 🤖 [MS3-PKG] [INFO] 🤖 [MS3-PKG] [INFO] 🤖 [MS3-PKG] [INFO] 🤖 [MS3-PKG] [INFO] 🤖 [MS3-PKG] [INFO] 📊 [analyzeJoiSchema] Generated 14 requirements for options
🤖 [MS3-PKG] [DEBUG] 🤖 [MS3-PKG] [DEBUG] 🤖 [MS3-PKG] [DEBUG] 🤖 [MS3-PKG] [DEBUG] 🤖 [MS3-PKG] [DEBUG] 🤖 [MS3-PKG] [DEBUG] 🤖 [MS3-PKG] [DEBUG] 🤖 [MS3-PKG] [DEBUG] 🤖 [MS3-PKG] [DEBUG] 🤖 [MS3-PKG] [DEBUG] 🤖 [MS3-PKG] [DEBUG] 🤖 [MS3-PKG] [DEBUG] 🤖 [MS3-PKG] [DEBUG] 🤖 [MS3-PKG] [DEBUG] 🔍 [getRequirements] Starting analysis for bulk-test-18
🤖 [MS3-PKG] [DEBUG] 🤖 [MS3-PKG] [DEBUG] 🤖 [MS3-PKG] [DEBUG] 🤖 [MS3-PKG] [DEBUG] 🤖 [MS3-PKG] [DEBUG] 🤖 [MS3-PKG] [DEBUG] 🤖 [MS3-PKG] [DEBUG] 🤖 [MS3-PKG] [DEBUG] 🤖 [MS3-PKG] [DEBUG] 🤖 [MS3-PKG] [DEBUG] 🤖 [MS3-PKG] [DEBUG] 🤖 [MS3-PKG] [DEBUG] 🤖 [MS3-PKG] [DEBUG] 🤖 [MS3-PKG] [DEBUG] 🔬 [analyzeJoiSchema] Analyzing schema at path: options
🤖 [MS3-PKG] [DEBUG] 🤖 [MS3-PKG] [DEBUG] 🤖 [MS3-PKG] [DEBUG] 🤖 [MS3-PKG] [DEBUG] 🤖 [MS3-PKG] [DEBUG] 🤖 [MS3-PKG] [DEBUG] 🤖 [MS3-PKG] [DEBUG] 🤖 [MS3-PKG] [DEBUG] 🤖 [MS3-PKG] [DEBUG] 🤖 [MS3-PKG] [DEBUG] 🤖 [MS3-PKG] [DEBUG] 🤖 [MS3-PKG] [DEBUG] 🤖 [MS3-PKG] [DEBUG] 🤖 [MS3-PKG] [DEBUG] 📋 [analyzeJoiSchema] Schema description type: object
🤖 [MS3-PKG] [DEBUG] 🤖 [MS3-PKG] [DEBUG] 🤖 [MS3-PKG] [DEBUG] 🤖 [MS3-PKG] [DEBUG] 🤖 [MS3-PKG] [DEBUG] 🤖 [MS3-PKG] [DEBUG] 🤖 [MS3-PKG] [DEBUG] 🤖 [MS3-PKG] [DEBUG] 🤖 [MS3-PKG] [DEBUG] 🤖 [MS3-PKG] [DEBUG] 🤖 [MS3-PKG] [DEBUG] 🤖 [MS3-PKG] [DEBUG] 🤖 [MS3-PKG] [DEBUG] 🤖 [MS3-PKG] [DEBUG] 📋 [analyzeJoiSchema] Schema keys: [ [32m&apos;privateKey&apos;[39m, [32m&apos;provider&apos;[39m, [32m&apos;multiChainRpcs&apos;[39m ]
🤖 [MS3-PKG] [DEBUG] 🤖 [MS3-PKG] [DEBUG] 🤖 [MS3-PKG] [DEBUG] 🤖 [MS3-PKG] [DEBUG] 🤖 [MS3-PKG] [DEBUG] 🤖 [MS3-PKG] [DEBUG] 🤖 [MS3-PKG] [DEBUG] 🤖 [MS3-PKG] [DEBUG] 🤖 [MS3-PKG] [DEBUG] 🤖 [MS3-PKG] [DEBUG] 🤖 [MS3-PKG] [DEBUG] 🤖 [MS3-PKG] [DEBUG] 🤖 [MS3-PKG] [DEBUG] 🤖 [MS3-PKG] [DEBUG] ✅ [analyzeJoiSchema] Processing object schema with 3 keys
🤖 [MS3-PKG] [DEBUG] 🤖 [MS3-PKG] [DEBUG] 🤖 [MS3-PKG] [DEBUG] 🤖 [MS3-PKG] [DEBUG] 🤖 [MS3-PKG] [DEBUG] 🤖 [MS3-PKG] [DEBUG] 🤖 [MS3-PKG] [DEBUG] 🤖 [MS3-PKG] [DEBUG] 🤖 [MS3-PKG] [DEBUG] 🤖 [MS3-PKG] [DEBUG] 🤖 [MS3-PKG] [DEBUG] 🤖 [MS3-PKG] [DEBUG] 🤖 [MS3-PKG] [DEBUG] 🤖 [MS3-PKG] [DEBUG] 🔑 [analyzeJoiSchema] Processing field: privateKey
🤖 [MS3-PKG] [DEBUG] 🤖 [MS3-PKG] [DEBUG] 🤖 [MS3-PKG] [DEBUG] 🤖 [MS3-PKG] [DEBUG] 🤖 [MS3-PKG] [DEBUG] 🤖 [MS3-PKG] [DEBUG] 🤖 [MS3-PKG] [DEBUG] 🤖 [MS3-PKG] [DEBUG] 🤖 [MS3-PKG] [DEBUG] 🤖 [MS3-PKG] [DEBUG] 🤖 [MS3-PKG] [DEBUG] 🤖 [MS3-PKG] [DEBUG] 🤖 [MS3-PKG] [DEBUG] 🤖 [MS3-PKG] [DEBUG] 📝 [analyzeJoiSchema] Field description: {
  type: [32m&apos;string&apos;[39m,
  flags: {
    presence: [32m&apos;required&apos;[39m,
    description: [32m&apos;Private key for wallet (generates random if not provided)&apos;[39m
  },
  rules: [ { name: [32m&apos;pattern&apos;[39m, args: [36m[Object][39m } ]
}
🤖 [MS3-PKG] [DEBUG] 🤖 [MS3-PKG] [DEBUG] 🤖 [MS3-PKG] [DEBUG] 🤖 [MS3-PKG] [DEBUG] 🤖 [MS3-PKG] [DEBUG] 🤖 [MS3-PKG] [DEBUG] 🤖 [MS3-PKG] [DEBUG] 🤖 [MS3-PKG] [DEBUG] 🤖 [MS3-PKG] [DEBUG] 🤖 [MS3-PKG] [DEBUG] 🤖 [MS3-PKG] [DEBUG] 🤖 [MS3-PKG] [DEBUG] 🤖 [MS3-PKG] [DEBUG] 🤖 [MS3-PKG] [DEBUG] 📊 [analyzeJoiSchema] Field privateKey: type=string, required=true, message=&quot;Private key for wallet (generates random if not provided)&quot;
🤖 [MS3-PKG] [DEBUG] 🤖 [MS3-PKG] [DEBUG] 🤖 [MS3-PKG] [DEBUG] 🤖 [MS3-PKG] [DEBUG] 🤖 [MS3-PKG] [DEBUG] 🤖 [MS3-PKG] [DEBUG] 🤖 [MS3-PKG] [DEBUG] 🤖 [MS3-PKG] [DEBUG] 🤖 [MS3-PKG] [DEBUG] 🤖 [MS3-PKG] [DEBUG] 🤖 [MS3-PKG] [DEBUG] 🤖 [MS3-PKG] [DEBUG] 🤖 [MS3-PKG] [DEBUG] 🤖 [MS3-PKG] [DEBUG] 🔑 [analyzeJoiSchema] Processing field: provider
🤖 [MS3-PKG] [DEBUG] 🤖 [MS3-PKG] [DEBUG] 🤖 [MS3-PKG] [DEBUG] 🤖 [MS3-PKG] [DEBUG] 🤖 [MS3-PKG] [DEBUG] 🤖 [MS3-PKG] [DEBUG] 🤖 [MS3-PKG] [DEBUG] 🤖 [MS3-PKG] [DEBUG] 🤖 [MS3-PKG] [DEBUG] 🤖 [MS3-PKG] [DEBUG] 🤖 [MS3-PKG] [DEBUG] 🤖 [MS3-PKG] [DEBUG] 🤖 [MS3-PKG] [DEBUG] 🤖 [MS3-PKG] [DEBUG] 📝 [analyzeJoiSchema] Field description: {
  type: [32m&apos;object&apos;[39m,
  flags: {
    presence: [32m&apos;optional&apos;[39m,
    description: [32m&apos;Optional provider configuration&apos;[39m
  },
  keys: {
    name: { type: [32m&apos;string&apos;[39m, flags: [36m[Object][39m },
    chainId: { type: [32m&apos;string&apos;[39m, flags: [36m[Object][39m, rules: [36m[Array][39m },
    rpcUrls: { type: [32m&apos;array&apos;[39m, flags: [36m[Object][39m, rules: [36m[Array][39m, items: [36m[Array][39m },
    displayName: { type: [32m&apos;string&apos;[39m, flags: [36m[Object][39m }
  }
}
🤖 [MS3-PKG] [DEBUG] 🤖 [MS3-PKG] [DEBUG] 🤖 [MS3-PKG] [DEBUG] 🤖 [MS3-PKG] [DEBUG] 🤖 [MS3-PKG] [DEBUG] 🤖 [MS3-PKG] [DEBUG] 🤖 [MS3-PKG] [DEBUG] 🤖 [MS3-PKG] [DEBUG] 🤖 [MS3-PKG] [DEBUG] 🤖 [MS3-PKG] [DEBUG] 🤖 [MS3-PKG] [DEBUG] 🤖 [MS3-PKG] [DEBUG] 🤖 [MS3-PKG] [DEBUG] 🤖 [MS3-PKG] [DEBUG] 📊 [analyzeJoiSchema] Field provider: type=object, required=false, message=&quot;Optional provider configuration&quot;
🤖 [MS3-PKG] [DEBUG] 🤖 [MS3-PKG] [DEBUG] 🤖 [MS3-PKG] [DEBUG] 🤖 [MS3-PKG] [DEBUG] 🤖 [MS3-PKG] [DEBUG] 🤖 [MS3-PKG] [DEBUG] 🤖 [MS3-PKG] [DEBUG] 🤖 [MS3-PKG] [DEBUG] 🤖 [MS3-PKG] [DEBUG] 🤖 [MS3-PKG] [DEBUG] 🤖 [MS3-PKG] [DEBUG] 🤖 [MS3-PKG] [DEBUG] 🤖 [MS3-PKG] [DEBUG] 🤖 [MS3-PKG] [DEBUG] 🔄 [analyzeJoiSchema] Recursing into nested object: provider
🤖 [MS3-PKG] [DEBUG] 🤖 [MS3-PKG] [DEBUG] 🤖 [MS3-PKG] [DEBUG] 🤖 [MS3-PKG] [DEBUG] 🤖 [MS3-PKG] [DEBUG] 🤖 [MS3-PKG] [DEBUG] 🤖 [MS3-PKG] [DEBUG] 🤖 [MS3-PKG] [DEBUG] 🤖 [MS3-PKG] [DEBUG] 🤖 [MS3-PKG] [DEBUG] 🤖 [MS3-PKG] [DEBUG] 🤖 [MS3-PKG] [DEBUG] 🤖 [MS3-PKG] [DEBUG] 🤖 [MS3-PKG] [DEBUG] 🔑 [analyzeJoiSchema] Processing field: multiChainRpcs
🤖 [MS3-PKG] [DEBUG] 🤖 [MS3-PKG] [DEBUG] 🤖 [MS3-PKG] [DEBUG] 🤖 [MS3-PKG] [DEBUG] 🤖 [MS3-PKG] [DEBUG] 🤖 [MS3-PKG] [DEBUG] 🤖 [MS3-PKG] [DEBUG] 🤖 [MS3-PKG] [DEBUG] 🤖 [MS3-PKG] [DEBUG] 🤖 [MS3-PKG] [DEBUG] 🤖 [MS3-PKG] [DEBUG] 🤖 [MS3-PKG] [DEBUG] 🤖 [MS3-PKG] [DEBUG] 🤖 [MS3-PKG] [DEBUG] 📝 [analyzeJoiSchema] Field description: {
  type: [32m&apos;object&apos;[39m,
  flags: {
    presence: [32m&apos;optional&apos;[39m,
    description: [32m&apos;Multi-chain RPC configuration - maps chain IDs to RPC URL arrays&apos;[39m
  },
  patterns: [ { schema: [36m[Object][39m, rule: [36m[Object][39m } ]
}
🤖 [MS3-PKG] [DEBUG] 🤖 [MS3-PKG] [DEBUG] 🤖 [MS3-PKG] [DEBUG] 🤖 [MS3-PKG] [DEBUG] 🤖 [MS3-PKG] [DEBUG] 🤖 [MS3-PKG] [DEBUG] 🤖 [MS3-PKG] [DEBUG] 🤖 [MS3-PKG] [DEBUG] 🤖 [MS3-PKG] [DEBUG] 🤖 [MS3-PKG] [DEBUG] 🤖 [MS3-PKG] [DEBUG] 🤖 [MS3-PKG] [DEBUG] 🤖 [MS3-PKG] [DEBUG] 🤖 [MS3-PKG] [DEBUG] 📊 [analyzeJoiSchema] Field multiChainRpcs: type=object, required=false, message=&quot;Multi-chain RPC configuration - maps chain IDs to RPC URL arrays&quot;
🤖 [MS3-PKG] [INFO] 🤖 [MS3-PKG] [INFO] 🤖 [MS3-PKG] [INFO] 🤖 [MS3-PKG] [INFO] 🤖 [MS3-PKG] [INFO] 🤖 [MS3-PKG] [INFO] 🤖 [MS3-PKG] [INFO] 🤖 [MS3-PKG] [INFO] 🤖 [MS3-PKG] [INFO] 🤖 [MS3-PKG] [INFO] 🤖 [MS3-PKG] [INFO] 🤖 [MS3-PKG] [INFO] 🤖 [MS3-PKG] [INFO] 🤖 [MS3-PKG] [INFO] 📊 [analyzeJoiSchema] Generated 7 requirements for options
🤖 [MS3-PKG] [DEBUG] 🤖 [MS3-PKG] [DEBUG] 🤖 [MS3-PKG] [DEBUG] 🤖 [MS3-PKG] [DEBUG] 🤖 [MS3-PKG] [DEBUG] 🤖 [MS3-PKG] [DEBUG] 🤖 [MS3-PKG] [DEBUG] 🤖 [MS3-PKG] [DEBUG] 🤖 [MS3-PKG] [DEBUG] 🤖 [MS3-PKG] [DEBUG] 🤖 [MS3-PKG] [DEBUG] 🤖 [MS3-PKG] [DEBUG] 🤖 [MS3-PKG] [DEBUG] 🤖 [MS3-PKG] [DEBUG] 🔍 [getRequirements] Starting analysis for bulk-test-18
🤖 [MS3-PKG] [DEBUG] 🤖 [MS3-PKG] [DEBUG] 🤖 [MS3-PKG] [DEBUG] 🤖 [MS3-PKG] [DEBUG] 🤖 [MS3-PKG] [DEBUG] 🤖 [MS3-PKG] [DEBUG] 🤖 [MS3-PKG] [DEBUG] 🤖 [MS3-PKG] [DEBUG] 🤖 [MS3-PKG] [DEBUG] 🤖 [MS3-PKG] [DEBUG] 🤖 [MS3-PKG] [DEBUG] 🤖 [MS3-PKG] [DEBUG] 🤖 [MS3-PKG] [DEBUG] 🤖 [MS3-PKG] [DEBUG] 🔬 [analyzeJoiSchema] Analyzing schema at path: options
🤖 [MS3-PKG] [DEBUG] 🤖 [MS3-PKG] [DEBUG] 🤖 [MS3-PKG] [DEBUG] 🤖 [MS3-PKG] [DEBUG] 🤖 [MS3-PKG] [DEBUG] 🤖 [MS3-PKG] [DEBUG] 🤖 [MS3-PKG] [DEBUG] 🤖 [MS3-PKG] [DEBUG] 🤖 [MS3-PKG] [DEBUG] 🤖 [MS3-PKG] [DEBUG] 🤖 [MS3-PKG] [DEBUG] 🤖 [MS3-PKG] [DEBUG] 🤖 [MS3-PKG] [DEBUG] 🤖 [MS3-PKG] [DEBUG] 📋 [analyzeJoiSchema] Schema description type: object
🤖 [MS3-PKG] [DEBUG] 🤖 [MS3-PKG] [DEBUG] 🤖 [MS3-PKG] [DEBUG] 🤖 [MS3-PKG] [DEBUG] 🤖 [MS3-PKG] [DEBUG] 🤖 [MS3-PKG] [DEBUG] 🤖 [MS3-PKG] [DEBUG] 🤖 [MS3-PKG] [DEBUG] 🤖 [MS3-PKG] [DEBUG] 🤖 [MS3-PKG] [DEBUG] 🤖 [MS3-PKG] [DEBUG] 🤖 [MS3-PKG] [DEBUG] 🤖 [MS3-PKG] [DEBUG] 🤖 [MS3-PKG] [DEBUG] 📋 [analyzeJoiSchema] Schema keys: [ [32m&apos;web3authConfig&apos;[39m, [32m&apos;multiChainRpcs&apos;[39m ]
🤖 [MS3-PKG] [DEBUG] 🤖 [MS3-PKG] [DEBUG] 🤖 [MS3-PKG] [DEBUG] 🤖 [MS3-PKG] [DEBUG] 🤖 [MS3-PKG] [DEBUG] 🤖 [MS3-PKG] [DEBUG] 🤖 [MS3-PKG] [DEBUG] 🤖 [MS3-PKG] [DEBUG] 🤖 [MS3-PKG] [DEBUG] 🤖 [MS3-PKG] [DEBUG] 🤖 [MS3-PKG] [DEBUG] 🤖 [MS3-PKG] [DEBUG] 🤖 [MS3-PKG] [DEBUG] 🤖 [MS3-PKG] [DEBUG] ✅ [analyzeJoiSchema] Processing object schema with 2 keys
🤖 [MS3-PKG] [DEBUG] 🤖 [MS3-PKG] [DEBUG] 🤖 [MS3-PKG] [DEBUG] 🤖 [MS3-PKG] [DEBUG] 🤖 [MS3-PKG] [DEBUG] 🤖 [MS3-PKG] [DEBUG] 🤖 [MS3-PKG] [DEBUG] 🤖 [MS3-PKG] [DEBUG] 🤖 [MS3-PKG] [DEBUG] 🤖 [MS3-PKG] [DEBUG] 🤖 [MS3-PKG] [DEBUG] 🤖 [MS3-PKG] [DEBUG] 🤖 [MS3-PKG] [DEBUG] 🤖 [MS3-PKG] [DEBUG] 🔑 [analyzeJoiSchema] Processing field: web3authConfig
🤖 [MS3-PKG] [DEBUG] 🤖 [MS3-PKG] [DEBUG] 🤖 [MS3-PKG] [DEBUG] 🤖 [MS3-PKG] [DEBUG] 🤖 [MS3-PKG] [DEBUG] 🤖 [MS3-PKG] [DEBUG] 🤖 [MS3-PKG] [DEBUG] 🤖 [MS3-PKG] [DEBUG] 🤖 [MS3-PKG] [DEBUG] 🤖 [MS3-PKG] [DEBUG] 🤖 [MS3-PKG] [DEBUG] 🤖 [MS3-PKG] [DEBUG] 🤖 [MS3-PKG] [DEBUG] 🤖 [MS3-PKG] [DEBUG] 📝 [analyzeJoiSchema] Field description: {
  type: [32m&apos;object&apos;[39m,
  flags: {
    presence: [32m&apos;required&apos;[39m,
    description: [32m&apos;Web3Auth configuration object&apos;[39m
  },
  keys: {
    clientId: { type: [32m&apos;string&apos;[39m, flags: [36m[Object][39m },
    web3AuthNetwork: { type: [32m&apos;string&apos;[39m, flags: [36m[Object][39m, allow: [36m[Array][39m },
    chainConfig: { type: [32m&apos;object&apos;[39m, flags: [36m[Object][39m, keys: [36m[Object][39m },
    loginConfig: { type: [32m&apos;object&apos;[39m, flags: [36m[Object][39m },
    privateKeyProvider: { type: [32m&apos;any&apos;[39m, flags: [36m[Object][39m }
  }
}
🤖 [MS3-PKG] [DEBUG] 🤖 [MS3-PKG] [DEBUG] 🤖 [MS3-PKG] [DEBUG] 🤖 [MS3-PKG] [DEBUG] 🤖 [MS3-PKG] [DEBUG] 🤖 [MS3-PKG] [DEBUG] 🤖 [MS3-PKG] [DEBUG] 🤖 [MS3-PKG] [DEBUG] 🤖 [MS3-PKG] [DEBUG] 🤖 [MS3-PKG] [DEBUG] 🤖 [MS3-PKG] [DEBUG] 🤖 [MS3-PKG] [DEBUG] 🤖 [MS3-PKG] [DEBUG] 🤖 [MS3-PKG] [DEBUG] 📊 [analyzeJoiSchema] Field web3authConfig: type=object, required=true, message=&quot;Web3Auth configuration object&quot;
🤖 [MS3-PKG] [DEBUG] 🤖 [MS3-PKG] [DEBUG] 🤖 [MS3-PKG] [DEBUG] 🤖 [MS3-PKG] [DEBUG] 🤖 [MS3-PKG] [DEBUG] 🤖 [MS3-PKG] [DEBUG] 🤖 [MS3-PKG] [DEBUG] 🤖 [MS3-PKG] [DEBUG] 🤖 [MS3-PKG] [DEBUG] 🤖 [MS3-PKG] [DEBUG] 🤖 [MS3-PKG] [DEBUG] 🤖 [MS3-PKG] [DEBUG] 🤖 [MS3-PKG] [DEBUG] 🤖 [MS3-PKG] [DEBUG] 🔄 [analyzeJoiSchema] Recursing into nested object: web3authConfig
🤖 [MS3-PKG] [DEBUG] 🤖 [MS3-PKG] [DEBUG] 🤖 [MS3-PKG] [DEBUG] 🤖 [MS3-PKG] [DEBUG] 🤖 [MS3-PKG] [DEBUG] 🤖 [MS3-PKG] [DEBUG] 🤖 [MS3-PKG] [DEBUG] 🤖 [MS3-PKG] [DEBUG] 🤖 [MS3-PKG] [DEBUG] 🤖 [MS3-PKG] [DEBUG] 🤖 [MS3-PKG] [DEBUG] 🤖 [MS3-PKG] [DEBUG] 🤖 [MS3-PKG] [DEBUG] 🤖 [MS3-PKG] [DEBUG] 🔑 [analyzeJoiSchema] Processing field: multiChainRpcs
🤖 [MS3-PKG] [DEBUG] 🤖 [MS3-PKG] [DEBUG] 🤖 [MS3-PKG] [DEBUG] 🤖 [MS3-PKG] [DEBUG] 🤖 [MS3-PKG] [DEBUG] 🤖 [MS3-PKG] [DEBUG] 🤖 [MS3-PKG] [DEBUG] 🤖 [MS3-PKG] [DEBUG] 🤖 [MS3-PKG] [DEBUG] 🤖 [MS3-PKG] [DEBUG] 🤖 [MS3-PKG] [DEBUG] 🤖 [MS3-PKG] [DEBUG] 🤖 [MS3-PKG] [DEBUG] 🤖 [MS3-PKG] [DEBUG] 📝 [analyzeJoiSchema] Field description: {
  type: [32m&apos;object&apos;[39m,
  flags: {
    presence: [32m&apos;optional&apos;[39m,
    description: [32m&apos;Multi-chain RPC configuration - maps chain IDs to RPC URL arrays&apos;[39m
  },
  patterns: [ { schema: [36m[Object][39m, rule: [36m[Object][39m } ]
}
🤖 [MS3-PKG] [DEBUG] 🤖 [MS3-PKG] [DEBUG] 🤖 [MS3-PKG] [DEBUG] 🤖 [MS3-PKG] [DEBUG] 🤖 [MS3-PKG] [DEBUG] 🤖 [MS3-PKG] [DEBUG] 🤖 [MS3-PKG] [DEBUG] 🤖 [MS3-PKG] [DEBUG] 🤖 [MS3-PKG] [DEBUG] 🤖 [MS3-PKG] [DEBUG] 🤖 [MS3-PKG] [DEBUG] 🤖 [MS3-PKG] [DEBUG] 🤖 [MS3-PKG] [DEBUG] 🤖 [MS3-PKG] [DEBUG] 📊 [analyzeJoiSchema] Field multiChainRpcs: type=object, required=false, message=&quot;Multi-chain RPC configuration - maps chain IDs to RPC URL arrays&quot;
🤖 [MS3-PKG] [INFO] 🤖 [MS3-PKG] [INFO] 🤖 [MS3-PKG] [INFO] 🤖 [MS3-PKG] [INFO] 🤖 [MS3-PKG] [INFO] 🤖 [MS3-PKG] [INFO] 🤖 [MS3-PKG] [INFO] 🤖 [MS3-PKG] [INFO] 🤖 [MS3-PKG] [INFO] 🤖 [MS3-PKG] [INFO] 🤖 [MS3-PKG] [INFO] 🤖 [MS3-PKG] [INFO] 🤖 [MS3-PKG] [INFO] 🤖 [MS3-PKG] [INFO] 📊 [analyzeJoiSchema] Generated 14 requirements for options
🤖 [MS3-PKG] [DEBUG] 🤖 [MS3-PKG] [DEBUG] 🤖 [MS3-PKG] [DEBUG] 🤖 [MS3-PKG] [DEBUG] 🤖 [MS3-PKG] [DEBUG] 🤖 [MS3-PKG] [DEBUG] 🤖 [MS3-PKG] [DEBUG] 🤖 [MS3-PKG] [DEBUG] 🤖 [MS3-PKG] [DEBUG] 🤖 [MS3-PKG] [DEBUG] 🤖 [MS3-PKG] [DEBUG] 🤖 [MS3-PKG] [DEBUG] 🤖 [MS3-PKG] [DEBUG] 🤖 [MS3-PKG] [DEBUG] 🔍 [getRequirements] Starting analysis for bulk-test-19
🤖 [MS3-PKG] [DEBUG] 🤖 [MS3-PKG] [DEBUG] 🤖 [MS3-PKG] [DEBUG] 🤖 [MS3-PKG] [DEBUG] 🤖 [MS3-PKG] [DEBUG] 🤖 [MS3-PKG] [DEBUG] 🤖 [MS3-PKG] [DEBUG] 🤖 [MS3-PKG] [DEBUG] 🤖 [MS3-PKG] [DEBUG] 🤖 [MS3-PKG] [DEBUG] 🤖 [MS3-PKG] [DEBUG] 🤖 [MS3-PKG] [DEBUG] 🤖 [MS3-PKG] [DEBUG] 🤖 [MS3-PKG] [DEBUG] 🔬 [analyzeJoiSchema] Analyzing schema at path: options
🤖 [MS3-PKG] [DEBUG] 🤖 [MS3-PKG] [DEBUG] 🤖 [MS3-PKG] [DEBUG] 🤖 [MS3-PKG] [DEBUG] 🤖 [MS3-PKG] [DEBUG] 🤖 [MS3-PKG] [DEBUG] 🤖 [MS3-PKG] [DEBUG] 🤖 [MS3-PKG] [DEBUG] 🤖 [MS3-PKG] [DEBUG] 🤖 [MS3-PKG] [DEBUG] 🤖 [MS3-PKG] [DEBUG] 🤖 [MS3-PKG] [DEBUG] 🤖 [MS3-PKG] [DEBUG] 🤖 [MS3-PKG] [DEBUG] 📋 [analyzeJoiSchema] Schema description type: object
🤖 [MS3-PKG] [DEBUG] 🤖 [MS3-PKG] [DEBUG] 🤖 [MS3-PKG] [DEBUG] 🤖 [MS3-PKG] [DEBUG] 🤖 [MS3-PKG] [DEBUG] 🤖 [MS3-PKG] [DEBUG] 🤖 [MS3-PKG] [DEBUG] 🤖 [MS3-PKG] [DEBUG] 🤖 [MS3-PKG] [DEBUG] 🤖 [MS3-PKG] [DEBUG] 🤖 [MS3-PKG] [DEBUG] 🤖 [MS3-PKG] [DEBUG] 🤖 [MS3-PKG] [DEBUG] 🤖 [MS3-PKG] [DEBUG] 📋 [analyzeJoiSchema] Schema keys: [ [32m&apos;privateKey&apos;[39m, [32m&apos;provider&apos;[39m, [32m&apos;multiChainRpcs&apos;[39m ]
🤖 [MS3-PKG] [DEBUG] 🤖 [MS3-PKG] [DEBUG] 🤖 [MS3-PKG] [DEBUG] 🤖 [MS3-PKG] [DEBUG] 🤖 [MS3-PKG] [DEBUG] 🤖 [MS3-PKG] [DEBUG] 🤖 [MS3-PKG] [DEBUG] 🤖 [MS3-PKG] [DEBUG] 🤖 [MS3-PKG] [DEBUG] 🤖 [MS3-PKG] [DEBUG] 🤖 [MS3-PKG] [DEBUG] 🤖 [MS3-PKG] [DEBUG] 🤖 [MS3-PKG] [DEBUG] 🤖 [MS3-PKG] [DEBUG] ✅ [analyzeJoiSchema] Processing object schema with 3 keys
🤖 [MS3-PKG] [DEBUG] 🤖 [MS3-PKG] [DEBUG] 🤖 [MS3-PKG] [DEBUG] 🤖 [MS3-PKG] [DEBUG] 🤖 [MS3-PKG] [DEBUG] 🤖 [MS3-PKG] [DEBUG] 🤖 [MS3-PKG] [DEBUG] 🤖 [MS3-PKG] [DEBUG] 🤖 [MS3-PKG] [DEBUG] 🤖 [MS3-PKG] [DEBUG] 🤖 [MS3-PKG] [DEBUG] 🤖 [MS3-PKG] [DEBUG] 🤖 [MS3-PKG] [DEBUG] 🤖 [MS3-PKG] [DEBUG] 🔑 [analyzeJoiSchema] Processing field: privateKey
🤖 [MS3-PKG] [DEBUG] 🤖 [MS3-PKG] [DEBUG] 🤖 [MS3-PKG] [DEBUG] 🤖 [MS3-PKG] [DEBUG] 🤖 [MS3-PKG] [DEBUG] 🤖 [MS3-PKG] [DEBUG] 🤖 [MS3-PKG] [DEBUG] 🤖 [MS3-PKG] [DEBUG] 🤖 [MS3-PKG] [DEBUG] 🤖 [MS3-PKG] [DEBUG] 🤖 [MS3-PKG] [DEBUG] 🤖 [MS3-PKG] [DEBUG] 🤖 [MS3-PKG] [DEBUG] 🤖 [MS3-PKG] [DEBUG] 📝 [analyzeJoiSchema] Field description: {
  type: [32m&apos;string&apos;[39m,
  flags: {
    presence: [32m&apos;required&apos;[39m,
    description: [32m&apos;Private key for wallet (generates random if not provided)&apos;[39m
  },
  rules: [ { name: [32m&apos;pattern&apos;[39m, args: [36m[Object][39m } ]
}
🤖 [MS3-PKG] [DEBUG] 🤖 [MS3-PKG] [DEBUG] 🤖 [MS3-PKG] [DEBUG] 🤖 [MS3-PKG] [DEBUG] 🤖 [MS3-PKG] [DEBUG] 🤖 [MS3-PKG] [DEBUG] 🤖 [MS3-PKG] [DEBUG] 🤖 [MS3-PKG] [DEBUG] 🤖 [MS3-PKG] [DEBUG] 🤖 [MS3-PKG] [DEBUG] 🤖 [MS3-PKG] [DEBUG] 🤖 [MS3-PKG] [DEBUG] 🤖 [MS3-PKG] [DEBUG] 🤖 [MS3-PKG] [DEBUG] 📊 [analyzeJoiSchema] Field privateKey: type=string, required=true, message=&quot;Private key for wallet (generates random if not provided)&quot;
🤖 [MS3-PKG] [DEBUG] 🤖 [MS3-PKG] [DEBUG] 🤖 [MS3-PKG] [DEBUG] 🤖 [MS3-PKG] [DEBUG] 🤖 [MS3-PKG] [DEBUG] 🤖 [MS3-PKG] [DEBUG] 🤖 [MS3-PKG] [DEBUG] 🤖 [MS3-PKG] [DEBUG] 🤖 [MS3-PKG] [DEBUG] 🤖 [MS3-PKG] [DEBUG] 🤖 [MS3-PKG] [DEBUG] 🤖 [MS3-PKG] [DEBUG] 🤖 [MS3-PKG] [DEBUG] 🤖 [MS3-PKG] [DEBUG] 🔑 [analyzeJoiSchema] Processing field: provider
🤖 [MS3-PKG] [DEBUG] 🤖 [MS3-PKG] [DEBUG] 🤖 [MS3-PKG] [DEBUG] 🤖 [MS3-PKG] [DEBUG] 🤖 [MS3-PKG] [DEBUG] 🤖 [MS3-PKG] [DEBUG] 🤖 [MS3-PKG] [DEBUG] 🤖 [MS3-PKG] [DEBUG] 🤖 [MS3-PKG] [DEBUG] 🤖 [MS3-PKG] [DEBUG] 🤖 [MS3-PKG] [DEBUG] 🤖 [MS3-PKG] [DEBUG] 🤖 [MS3-PKG] [DEBUG] 🤖 [MS3-PKG] [DEBUG] 📝 [analyzeJoiSchema] Field description: {
  type: [32m&apos;object&apos;[39m,
  flags: {
    presence: [32m&apos;optional&apos;[39m,
    description: [32m&apos;Optional provider configuration&apos;[39m
  },
  keys: {
    name: { type: [32m&apos;string&apos;[39m, flags: [36m[Object][39m },
    chainId: { type: [32m&apos;string&apos;[39m, flags: [36m[Object][39m, rules: [36m[Array][39m },
    rpcUrls: { type: [32m&apos;array&apos;[39m, flags: [36m[Object][39m, rules: [36m[Array][39m, items: [36m[Array][39m },
    displayName: { type: [32m&apos;string&apos;[39m, flags: [36m[Object][39m }
  }
}
🤖 [MS3-PKG] [DEBUG] 🤖 [MS3-PKG] [DEBUG] 🤖 [MS3-PKG] [DEBUG] 🤖 [MS3-PKG] [DEBUG] 🤖 [MS3-PKG] [DEBUG] 🤖 [MS3-PKG] [DEBUG] 🤖 [MS3-PKG] [DEBUG] 🤖 [MS3-PKG] [DEBUG] 🤖 [MS3-PKG] [DEBUG] 🤖 [MS3-PKG] [DEBUG] 🤖 [MS3-PKG] [DEBUG] 🤖 [MS3-PKG] [DEBUG] 🤖 [MS3-PKG] [DEBUG] 🤖 [MS3-PKG] [DEBUG] 📊 [analyzeJoiSchema] Field provider: type=object, required=false, message=&quot;Optional provider configuration&quot;
🤖 [MS3-PKG] [DEBUG] 🤖 [MS3-PKG] [DEBUG] 🤖 [MS3-PKG] [DEBUG] 🤖 [MS3-PKG] [DEBUG] 🤖 [MS3-PKG] [DEBUG] 🤖 [MS3-PKG] [DEBUG] 🤖 [MS3-PKG] [DEBUG] 🤖 [MS3-PKG] [DEBUG] 🤖 [MS3-PKG] [DEBUG] 🤖 [MS3-PKG] [DEBUG] 🤖 [MS3-PKG] [DEBUG] 🤖 [MS3-PKG] [DEBUG] 🤖 [MS3-PKG] [DEBUG] 🤖 [MS3-PKG] [DEBUG] 🔄 [analyzeJoiSchema] Recursing into nested object: provider
🤖 [MS3-PKG] [DEBUG] 🤖 [MS3-PKG] [DEBUG] 🤖 [MS3-PKG] [DEBUG] 🤖 [MS3-PKG] [DEBUG] 🤖 [MS3-PKG] [DEBUG] 🤖 [MS3-PKG] [DEBUG] 🤖 [MS3-PKG] [DEBUG] 🤖 [MS3-PKG] [DEBUG] 🤖 [MS3-PKG] [DEBUG] 🤖 [MS3-PKG] [DEBUG] 🤖 [MS3-PKG] [DEBUG] 🤖 [MS3-PKG] [DEBUG] 🤖 [MS3-PKG] [DEBUG] 🤖 [MS3-PKG] [DEBUG] 🔑 [analyzeJoiSchema] Processing field: multiChainRpcs
🤖 [MS3-PKG] [DEBUG] 🤖 [MS3-PKG] [DEBUG] 🤖 [MS3-PKG] [DEBUG] 🤖 [MS3-PKG] [DEBUG] 🤖 [MS3-PKG] [DEBUG] 🤖 [MS3-PKG] [DEBUG] 🤖 [MS3-PKG] [DEBUG] 🤖 [MS3-PKG] [DEBUG] 🤖 [MS3-PKG] [DEBUG] 🤖 [MS3-PKG] [DEBUG] 🤖 [MS3-PKG] [DEBUG] 🤖 [MS3-PKG] [DEBUG] 🤖 [MS3-PKG] [DEBUG] 🤖 [MS3-PKG] [DEBUG] 📝 [analyzeJoiSchema] Field description: {
  type: [32m&apos;object&apos;[39m,
  flags: {
    presence: [32m&apos;optional&apos;[39m,
    description: [32m&apos;Multi-chain RPC configuration - maps chain IDs to RPC URL arrays&apos;[39m
  },
  patterns: [ { schema: [36m[Object][39m, rule: [36m[Object][39m } ]
}
🤖 [MS3-PKG] [DEBUG] 🤖 [MS3-PKG] [DEBUG] 🤖 [MS3-PKG] [DEBUG] 🤖 [MS3-PKG] [DEBUG] 🤖 [MS3-PKG] [DEBUG] 🤖 [MS3-PKG] [DEBUG] 🤖 [MS3-PKG] [DEBUG] 🤖 [MS3-PKG] [DEBUG] 🤖 [MS3-PKG] [DEBUG] 🤖 [MS3-PKG] [DEBUG] 🤖 [MS3-PKG] [DEBUG] 🤖 [MS3-PKG] [DEBUG] 🤖 [MS3-PKG] [DEBUG] 🤖 [MS3-PKG] [DEBUG] 📊 [analyzeJoiSchema] Field multiChainRpcs: type=object, required=false, message=&quot;Multi-chain RPC configuration - maps chain IDs to RPC URL arrays&quot;
🤖 [MS3-PKG] [INFO] 🤖 [MS3-PKG] [INFO] 🤖 [MS3-PKG] [INFO] 🤖 [MS3-PKG] [INFO] 🤖 [MS3-PKG] [INFO] 🤖 [MS3-PKG] [INFO] 🤖 [MS3-PKG] [INFO] 🤖 [MS3-PKG] [INFO] 🤖 [MS3-PKG] [INFO] 🤖 [MS3-PKG] [INFO] 🤖 [MS3-PKG] [INFO] 🤖 [MS3-PKG] [INFO] 🤖 [MS3-PKG] [INFO] 🤖 [MS3-PKG] [INFO] 📊 [analyzeJoiSchema] Generated 7 requirements for options
🤖 [MS3-PKG] [DEBUG] 🤖 [MS3-PKG] [DEBUG] 🤖 [MS3-PKG] [DEBUG] 🤖 [MS3-PKG] [DEBUG] 🤖 [MS3-PKG] [DEBUG] 🤖 [MS3-PKG] [DEBUG] 🤖 [MS3-PKG] [DEBUG] 🤖 [MS3-PKG] [DEBUG] 🤖 [MS3-PKG] [DEBUG] 🤖 [MS3-PKG] [DEBUG] 🤖 [MS3-PKG] [DEBUG] 🤖 [MS3-PKG] [DEBUG] 🤖 [MS3-PKG] [DEBUG] 🤖 [MS3-PKG] [DEBUG] 🔍 [getRequirements] Starting analysis for bulk-test-19
🤖 [MS3-PKG] [DEBUG] 🤖 [MS3-PKG] [DEBUG] 🤖 [MS3-PKG] [DEBUG] 🤖 [MS3-PKG] [DEBUG] 🤖 [MS3-PKG] [DEBUG] 🤖 [MS3-PKG] [DEBUG] 🤖 [MS3-PKG] [DEBUG] 🤖 [MS3-PKG] [DEBUG] 🤖 [MS3-PKG] [DEBUG] 🤖 [MS3-PKG] [DEBUG] 🤖 [MS3-PKG] [DEBUG] 🤖 [MS3-PKG] [DEBUG] 🤖 [MS3-PKG] [DEBUG] 🤖 [MS3-PKG] [DEBUG] 🔬 [analyzeJoiSchema] Analyzing schema at path: options
🤖 [MS3-PKG] [DEBUG] 🤖 [MS3-PKG] [DEBUG] 🤖 [MS3-PKG] [DEBUG] 🤖 [MS3-PKG] [DEBUG] 🤖 [MS3-PKG] [DEBUG] 🤖 [MS3-PKG] [DEBUG] 🤖 [MS3-PKG] [DEBUG] 🤖 [MS3-PKG] [DEBUG] 🤖 [MS3-PKG] [DEBUG] 🤖 [MS3-PKG] [DEBUG] 🤖 [MS3-PKG] [DEBUG] 🤖 [MS3-PKG] [DEBUG] 🤖 [MS3-PKG] [DEBUG] 🤖 [MS3-PKG] [DEBUG] 📋 [analyzeJoiSchema] Schema description type: object
🤖 [MS3-PKG] [DEBUG] 🤖 [MS3-PKG] [DEBUG] 🤖 [MS3-PKG] [DEBUG] 🤖 [MS3-PKG] [DEBUG] 🤖 [MS3-PKG] [DEBUG] 🤖 [MS3-PKG] [DEBUG] 🤖 [MS3-PKG] [DEBUG] 🤖 [MS3-PKG] [DEBUG] 🤖 [MS3-PKG] [DEBUG] 🤖 [MS3-PKG] [DEBUG] 🤖 [MS3-PKG] [DEBUG] 🤖 [MS3-PKG] [DEBUG] 🤖 [MS3-PKG] [DEBUG] 🤖 [MS3-PKG] [DEBUG] 📋 [analyzeJoiSchema] Schema keys: [ [32m&apos;web3authConfig&apos;[39m, [32m&apos;multiChainRpcs&apos;[39m ]
🤖 [MS3-PKG] [DEBUG] 🤖 [MS3-PKG] [DEBUG] 🤖 [MS3-PKG] [DEBUG] 🤖 [MS3-PKG] [DEBUG] 🤖 [MS3-PKG] [DEBUG] 🤖 [MS3-PKG] [DEBUG] 🤖 [MS3-PKG] [DEBUG] 🤖 [MS3-PKG] [DEBUG] 🤖 [MS3-PKG] [DEBUG] 🤖 [MS3-PKG] [DEBUG] 🤖 [MS3-PKG] [DEBUG] 🤖 [MS3-PKG] [DEBUG] 🤖 [MS3-PKG] [DEBUG] 🤖 [MS3-PKG] [DEBUG] ✅ [analyzeJoiSchema] Processing object schema with 2 keys
🤖 [MS3-PKG] [DEBUG] 🤖 [MS3-PKG] [DEBUG] 🤖 [MS3-PKG] [DEBUG] 🤖 [MS3-PKG] [DEBUG] 🤖 [MS3-PKG] [DEBUG] 🤖 [MS3-PKG] [DEBUG] 🤖 [MS3-PKG] [DEBUG] 🤖 [MS3-PKG] [DEBUG] 🤖 [MS3-PKG] [DEBUG] 🤖 [MS3-PKG] [DEBUG] 🤖 [MS3-PKG] [DEBUG] 🤖 [MS3-PKG] [DEBUG] 🤖 [MS3-PKG] [DEBUG] 🤖 [MS3-PKG] [DEBUG] 🔑 [analyzeJoiSchema] Processing field: web3authConfig
🤖 [MS3-PKG] [DEBUG] 🤖 [MS3-PKG] [DEBUG] 🤖 [MS3-PKG] [DEBUG] 🤖 [MS3-PKG] [DEBUG] 🤖 [MS3-PKG] [DEBUG] 🤖 [MS3-PKG] [DEBUG] 🤖 [MS3-PKG] [DEBUG] 🤖 [MS3-PKG] [DEBUG] 🤖 [MS3-PKG] [DEBUG] 🤖 [MS3-PKG] [DEBUG] 🤖 [MS3-PKG] [DEBUG] 🤖 [MS3-PKG] [DEBUG] 🤖 [MS3-PKG] [DEBUG] 🤖 [MS3-PKG] [DEBUG] 📝 [analyzeJoiSchema] Field description: {
  type: [32m&apos;object&apos;[39m,
  flags: {
    presence: [32m&apos;required&apos;[39m,
    description: [32m&apos;Web3Auth configuration object&apos;[39m
  },
  keys: {
    clientId: { type: [32m&apos;string&apos;[39m, flags: [36m[Object][39m },
    web3AuthNetwork: { type: [32m&apos;string&apos;[39m, flags: [36m[Object][39m, allow: [36m[Array][39m },
    chainConfig: { type: [32m&apos;object&apos;[39m, flags: [36m[Object][39m, keys: [36m[Object][39m },
    loginConfig: { type: [32m&apos;object&apos;[39m, flags: [36m[Object][39m },
    privateKeyProvider: { type: [32m&apos;any&apos;[39m, flags: [36m[Object][39m }
  }
}
🤖 [MS3-PKG] [DEBUG] 🤖 [MS3-PKG] [DEBUG] 🤖 [MS3-PKG] [DEBUG] 🤖 [MS3-PKG] [DEBUG] 🤖 [MS3-PKG] [DEBUG] 🤖 [MS3-PKG] [DEBUG] 🤖 [MS3-PKG] [DEBUG] 🤖 [MS3-PKG] [DEBUG] 🤖 [MS3-PKG] [DEBUG] 🤖 [MS3-PKG] [DEBUG] 🤖 [MS3-PKG] [DEBUG] 🤖 [MS3-PKG] [DEBUG] 🤖 [MS3-PKG] [DEBUG] 🤖 [MS3-PKG] [DEBUG] 📊 [analyzeJoiSchema] Field web3authConfig: type=object, required=true, message=&quot;Web3Auth configuration object&quot;
🤖 [MS3-PKG] [DEBUG] 🤖 [MS3-PKG] [DEBUG] 🤖 [MS3-PKG] [DEBUG] 🤖 [MS3-PKG] [DEBUG] 🤖 [MS3-PKG] [DEBUG] 🤖 [MS3-PKG] [DEBUG] 🤖 [MS3-PKG] [DEBUG] 🤖 [MS3-PKG] [DEBUG] 🤖 [MS3-PKG] [DEBUG] 🤖 [MS3-PKG] [DEBUG] 🤖 [MS3-PKG] [DEBUG] 🤖 [MS3-PKG] [DEBUG] 🤖 [MS3-PKG] [DEBUG] 🤖 [MS3-PKG] [DEBUG] 🔄 [analyzeJoiSchema] Recursing into nested object: web3authConfig
🤖 [MS3-PKG] [DEBUG] 🤖 [MS3-PKG] [DEBUG] 🤖 [MS3-PKG] [DEBUG] 🤖 [MS3-PKG] [DEBUG] 🤖 [MS3-PKG] [DEBUG] 🤖 [MS3-PKG] [DEBUG] 🤖 [MS3-PKG] [DEBUG] 🤖 [MS3-PKG] [DEBUG] 🤖 [MS3-PKG] [DEBUG] 🤖 [MS3-PKG] [DEBUG] 🤖 [MS3-PKG] [DEBUG] 🤖 [MS3-PKG] [DEBUG] 🤖 [MS3-PKG] [DEBUG] 🤖 [MS3-PKG] [DEBUG] 🔑 [analyzeJoiSchema] Processing field: multiChainRpcs
🤖 [MS3-PKG] [DEBUG] 🤖 [MS3-PKG] [DEBUG] 🤖 [MS3-PKG] [DEBUG] 🤖 [MS3-PKG] [DEBUG] 🤖 [MS3-PKG] [DEBUG] 🤖 [MS3-PKG] [DEBUG] 🤖 [MS3-PKG] [DEBUG] 🤖 [MS3-PKG] [DEBUG] 🤖 [MS3-PKG] [DEBUG] 🤖 [MS3-PKG] [DEBUG] 🤖 [MS3-PKG] [DEBUG] 🤖 [MS3-PKG] [DEBUG] 🤖 [MS3-PKG] [DEBUG] 🤖 [MS3-PKG] [DEBUG] 📝 [analyzeJoiSchema] Field description: {
  type: [32m&apos;object&apos;[39m,
  flags: {
    presence: [32m&apos;optional&apos;[39m,
    description: [32m&apos;Multi-chain RPC configuration - maps chain IDs to RPC URL arrays&apos;[39m
  },
  patterns: [ { schema: [36m[Object][39m, rule: [36m[Object][39m } ]
}
🤖 [MS3-PKG] [DEBUG] 🤖 [MS3-PKG] [DEBUG] 🤖 [MS3-PKG] [DEBUG] 🤖 [MS3-PKG] [DEBUG] 🤖 [MS3-PKG] [DEBUG] 🤖 [MS3-PKG] [DEBUG] 🤖 [MS3-PKG] [DEBUG] 🤖 [MS3-PKG] [DEBUG] 🤖 [MS3-PKG] [DEBUG] 🤖 [MS3-PKG] [DEBUG] 🤖 [MS3-PKG] [DEBUG] 🤖 [MS3-PKG] [DEBUG] 🤖 [MS3-PKG] [DEBUG] 🤖 [MS3-PKG] [DEBUG] 📊 [analyzeJoiSchema] Field multiChainRpcs: type=object, required=false, message=&quot;Multi-chain RPC configuration - maps chain IDs to RPC URL arrays&quot;
🤖 [MS3-PKG] [INFO] 🤖 [MS3-PKG] [INFO] 🤖 [MS3-PKG] [INFO] 🤖 [MS3-PKG] [INFO] 🤖 [MS3-PKG] [INFO] 🤖 [MS3-PKG] [INFO] 🤖 [MS3-PKG] [INFO] 🤖 [MS3-PKG] [INFO] 🤖 [MS3-PKG] [INFO] 🤖 [MS3-PKG] [INFO] 🤖 [MS3-PKG] [INFO] 🤖 [MS3-PKG] [INFO] 🤖 [MS3-PKG] [INFO] 🤖 [MS3-PKG] [INFO] 📊 [analyzeJoiSchema] Generated 14 requirements for options
🤖 [MS3-PKG] [DEBUG] 🤖 [MS3-PKG] [DEBUG] 🤖 [MS3-PKG] [DEBUG] 🤖 [MS3-PKG] [DEBUG] 🤖 [MS3-PKG] [DEBUG] 🤖 [MS3-PKG] [DEBUG] 🤖 [MS3-PKG] [DEBUG] 🤖 [MS3-PKG] [DEBUG] 🤖 [MS3-PKG] [DEBUG] 🤖 [MS3-PKG] [DEBUG] 🤖 [MS3-PKG] [DEBUG] 🤖 [MS3-PKG] [DEBUG] 🤖 [MS3-PKG] [DEBUG] 🤖 [MS3-PKG] [DEBUG] 🔍 [getRequirements] Starting analysis for bulk-test-20
🤖 [MS3-PKG] [DEBUG] 🤖 [MS3-PKG] [DEBUG] 🤖 [MS3-PKG] [DEBUG] 🤖 [MS3-PKG] [DEBUG] 🤖 [MS3-PKG] [DEBUG] 🤖 [MS3-PKG] [DEBUG] 🤖 [MS3-PKG] [DEBUG] 🤖 [MS3-PKG] [DEBUG] 🤖 [MS3-PKG] [DEBUG] 🤖 [MS3-PKG] [DEBUG] 🤖 [MS3-PKG] [DEBUG] 🤖 [MS3-PKG] [DEBUG] 🤖 [MS3-PKG] [DEBUG] 🤖 [MS3-PKG] [DEBUG] 🔬 [analyzeJoiSchema] Analyzing schema at path: options
🤖 [MS3-PKG] [DEBUG] 🤖 [MS3-PKG] [DEBUG] 🤖 [MS3-PKG] [DEBUG] 🤖 [MS3-PKG] [DEBUG] 🤖 [MS3-PKG] [DEBUG] 🤖 [MS3-PKG] [DEBUG] 🤖 [MS3-PKG] [DEBUG] 🤖 [MS3-PKG] [DEBUG] 🤖 [MS3-PKG] [DEBUG] 🤖 [MS3-PKG] [DEBUG] 🤖 [MS3-PKG] [DEBUG] 🤖 [MS3-PKG] [DEBUG] 🤖 [MS3-PKG] [DEBUG] 🤖 [MS3-PKG] [DEBUG] 📋 [analyzeJoiSchema] Schema description type: object
🤖 [MS3-PKG] [DEBUG] 🤖 [MS3-PKG] [DEBUG] 🤖 [MS3-PKG] [DEBUG] 🤖 [MS3-PKG] [DEBUG] 🤖 [MS3-PKG] [DEBUG] 🤖 [MS3-PKG] [DEBUG] 🤖 [MS3-PKG] [DEBUG] 🤖 [MS3-PKG] [DEBUG] 🤖 [MS3-PKG] [DEBUG] 🤖 [MS3-PKG] [DEBUG] 🤖 [MS3-PKG] [DEBUG] 🤖 [MS3-PKG] [DEBUG] 🤖 [MS3-PKG] [DEBUG] 🤖 [MS3-PKG] [DEBUG] 📋 [analyzeJoiSchema] Schema keys: [ [32m&apos;privateKey&apos;[39m, [32m&apos;provider&apos;[39m, [32m&apos;multiChainRpcs&apos;[39m ]
🤖 [MS3-PKG] [DEBUG] 🤖 [MS3-PKG] [DEBUG] 🤖 [MS3-PKG] [DEBUG] 🤖 [MS3-PKG] [DEBUG] 🤖 [MS3-PKG] [DEBUG] 🤖 [MS3-PKG] [DEBUG] 🤖 [MS3-PKG] [DEBUG] 🤖 [MS3-PKG] [DEBUG] 🤖 [MS3-PKG] [DEBUG] 🤖 [MS3-PKG] [DEBUG] 🤖 [MS3-PKG] [DEBUG] 🤖 [MS3-PKG] [DEBUG] 🤖 [MS3-PKG] [DEBUG] 🤖 [MS3-PKG] [DEBUG] ✅ [analyzeJoiSchema] Processing object schema with 3 keys
🤖 [MS3-PKG] [DEBUG] 🤖 [MS3-PKG] [DEBUG] 🤖 [MS3-PKG] [DEBUG] 🤖 [MS3-PKG] [DEBUG] 🤖 [MS3-PKG] [DEBUG] 🤖 [MS3-PKG] [DEBUG] 🤖 [MS3-PKG] [DEBUG] 🤖 [MS3-PKG] [DEBUG] 🤖 [MS3-PKG] [DEBUG] 🤖 [MS3-PKG] [DEBUG] 🤖 [MS3-PKG] [DEBUG] 🤖 [MS3-PKG] [DEBUG] 🤖 [MS3-PKG] [DEBUG] 🤖 [MS3-PKG] [DEBUG] 🔑 [analyzeJoiSchema] Processing field: privateKey
🤖 [MS3-PKG] [DEBUG] 🤖 [MS3-PKG] [DEBUG] 🤖 [MS3-PKG] [DEBUG] 🤖 [MS3-PKG] [DEBUG] 🤖 [MS3-PKG] [DEBUG] 🤖 [MS3-PKG] [DEBUG] 🤖 [MS3-PKG] [DEBUG] 🤖 [MS3-PKG] [DEBUG] 🤖 [MS3-PKG] [DEBUG] 🤖 [MS3-PKG] [DEBUG] 🤖 [MS3-PKG] [DEBUG] 🤖 [MS3-PKG] [DEBUG] 🤖 [MS3-PKG] [DEBUG] 🤖 [MS3-PKG] [DEBUG] 📝 [analyzeJoiSchema] Field description: {
  type: [32m&apos;string&apos;[39m,
  flags: {
    presence: [32m&apos;required&apos;[39m,
    description: [32m&apos;Private key for wallet (generates random if not provided)&apos;[39m
  },
  rules: [ { name: [32m&apos;pattern&apos;[39m, args: [36m[Object][39m } ]
}
🤖 [MS3-PKG] [DEBUG] 🤖 [MS3-PKG] [DEBUG] 🤖 [MS3-PKG] [DEBUG] 🤖 [MS3-PKG] [DEBUG] 🤖 [MS3-PKG] [DEBUG] 🤖 [MS3-PKG] [DEBUG] 🤖 [MS3-PKG] [DEBUG] 🤖 [MS3-PKG] [DEBUG] 🤖 [MS3-PKG] [DEBUG] 🤖 [MS3-PKG] [DEBUG] 🤖 [MS3-PKG] [DEBUG] 🤖 [MS3-PKG] [DEBUG] 🤖 [MS3-PKG] [DEBUG] 🤖 [MS3-PKG] [DEBUG] 📊 [analyzeJoiSchema] Field privateKey: type=string, required=true, message=&quot;Private key for wallet (generates random if not provided)&quot;
🤖 [MS3-PKG] [DEBUG] 🤖 [MS3-PKG] [DEBUG] 🤖 [MS3-PKG] [DEBUG] 🤖 [MS3-PKG] [DEBUG] 🤖 [MS3-PKG] [DEBUG] 🤖 [MS3-PKG] [DEBUG] 🤖 [MS3-PKG] [DEBUG] 🤖 [MS3-PKG] [DEBUG] 🤖 [MS3-PKG] [DEBUG] 🤖 [MS3-PKG] [DEBUG] 🤖 [MS3-PKG] [DEBUG] 🤖 [MS3-PKG] [DEBUG] 🤖 [MS3-PKG] [DEBUG] 🤖 [MS3-PKG] [DEBUG] 🔑 [analyzeJoiSchema] Processing field: provider
🤖 [MS3-PKG] [DEBUG] 🤖 [MS3-PKG] [DEBUG] 🤖 [MS3-PKG] [DEBUG] 🤖 [MS3-PKG] [DEBUG] 🤖 [MS3-PKG] [DEBUG] 🤖 [MS3-PKG] [DEBUG] 🤖 [MS3-PKG] [DEBUG] 🤖 [MS3-PKG] [DEBUG] 🤖 [MS3-PKG] [DEBUG] 🤖 [MS3-PKG] [DEBUG] 🤖 [MS3-PKG] [DEBUG] 🤖 [MS3-PKG] [DEBUG] 🤖 [MS3-PKG] [DEBUG] 🤖 [MS3-PKG] [DEBUG] 📝 [analyzeJoiSchema] Field description: {
  type: [32m&apos;object&apos;[39m,
  flags: {
    presence: [32m&apos;optional&apos;[39m,
    description: [32m&apos;Optional provider configuration&apos;[39m
  },
  keys: {
    name: { type: [32m&apos;string&apos;[39m, flags: [36m[Object][39m },
    chainId: { type: [32m&apos;string&apos;[39m, flags: [36m[Object][39m, rules: [36m[Array][39m },
    rpcUrls: { type: [32m&apos;array&apos;[39m, flags: [36m[Object][39m, rules: [36m[Array][39m, items: [36m[Array][39m },
    displayName: { type: [32m&apos;string&apos;[39m, flags: [36m[Object][39m }
  }
}
🤖 [MS3-PKG] [DEBUG] 🤖 [MS3-PKG] [DEBUG] 🤖 [MS3-PKG] [DEBUG] 🤖 [MS3-PKG] [DEBUG] 🤖 [MS3-PKG] [DEBUG] 🤖 [MS3-PKG] [DEBUG] 🤖 [MS3-PKG] [DEBUG] 🤖 [MS3-PKG] [DEBUG] 🤖 [MS3-PKG] [DEBUG] 🤖 [MS3-PKG] [DEBUG] 🤖 [MS3-PKG] [DEBUG] 🤖 [MS3-PKG] [DEBUG] 🤖 [MS3-PKG] [DEBUG] 🤖 [MS3-PKG] [DEBUG] 📊 [analyzeJoiSchema] Field provider: type=object, required=false, message=&quot;Optional provider configuration&quot;
🤖 [MS3-PKG] [DEBUG] 🤖 [MS3-PKG] [DEBUG] 🤖 [MS3-PKG] [DEBUG] 🤖 [MS3-PKG] [DEBUG] 🤖 [MS3-PKG] [DEBUG] 🤖 [MS3-PKG] [DEBUG] 🤖 [MS3-PKG] [DEBUG] 🤖 [MS3-PKG] [DEBUG] 🤖 [MS3-PKG] [DEBUG] 🤖 [MS3-PKG] [DEBUG] 🤖 [MS3-PKG] [DEBUG] 🤖 [MS3-PKG] [DEBUG] 🤖 [MS3-PKG] [DEBUG] 🤖 [MS3-PKG] [DEBUG] 🔄 [analyzeJoiSchema] Recursing into nested object: provider
🤖 [MS3-PKG] [DEBUG] 🤖 [MS3-PKG] [DEBUG] 🤖 [MS3-PKG] [DEBUG] 🤖 [MS3-PKG] [DEBUG] 🤖 [MS3-PKG] [DEBUG] 🤖 [MS3-PKG] [DEBUG] 🤖 [MS3-PKG] [DEBUG] 🤖 [MS3-PKG] [DEBUG] 🤖 [MS3-PKG] [DEBUG] 🤖 [MS3-PKG] [DEBUG] 🤖 [MS3-PKG] [DEBUG] 🤖 [MS3-PKG] [DEBUG] 🤖 [MS3-PKG] [DEBUG] 🤖 [MS3-PKG] [DEBUG] 🔑 [analyzeJoiSchema] Processing field: multiChainRpcs
🤖 [MS3-PKG] [DEBUG] 🤖 [MS3-PKG] [DEBUG] 🤖 [MS3-PKG] [DEBUG] 🤖 [MS3-PKG] [DEBUG] 🤖 [MS3-PKG] [DEBUG] 🤖 [MS3-PKG] [DEBUG] 🤖 [MS3-PKG] [DEBUG] 🤖 [MS3-PKG] [DEBUG] 🤖 [MS3-PKG] [DEBUG] 🤖 [MS3-PKG] [DEBUG] 🤖 [MS3-PKG] [DEBUG] 🤖 [MS3-PKG] [DEBUG] 🤖 [MS3-PKG] [DEBUG] 🤖 [MS3-PKG] [DEBUG] 📝 [analyzeJoiSchema] Field description: {
  type: [32m&apos;object&apos;[39m,
  flags: {
    presence: [32m&apos;optional&apos;[39m,
    description: [32m&apos;Multi-chain RPC configuration - maps chain IDs to RPC URL arrays&apos;[39m
  },
  patterns: [ { schema: [36m[Object][39m, rule: [36m[Object][39m } ]
}
🤖 [MS3-PKG] [DEBUG] 🤖 [MS3-PKG] [DEBUG] 🤖 [MS3-PKG] [DEBUG] 🤖 [MS3-PKG] [DEBUG] 🤖 [MS3-PKG] [DEBUG] 🤖 [MS3-PKG] [DEBUG] 🤖 [MS3-PKG] [DEBUG] 🤖 [MS3-PKG] [DEBUG] 🤖 [MS3-PKG] [DEBUG] 🤖 [MS3-PKG] [DEBUG] 🤖 [MS3-PKG] [DEBUG] 🤖 [MS3-PKG] [DEBUG] 🤖 [MS3-PKG] [DEBUG] 🤖 [MS3-PKG] [DEBUG] 📊 [analyzeJoiSchema] Field multiChainRpcs: type=object, required=false, message=&quot;Multi-chain RPC configuration - maps chain IDs to RPC URL arrays&quot;
🤖 [MS3-PKG] [INFO] 🤖 [MS3-PKG] [INFO] 🤖 [MS3-PKG] [INFO] 🤖 [MS3-PKG] [INFO] 🤖 [MS3-PKG] [INFO] 🤖 [MS3-PKG] [INFO] 🤖 [MS3-PKG] [INFO] 🤖 [MS3-PKG] [INFO] 🤖 [MS3-PKG] [INFO] 🤖 [MS3-PKG] [INFO] 🤖 [MS3-PKG] [INFO] 🤖 [MS3-PKG] [INFO] 🤖 [MS3-PKG] [INFO] 🤖 [MS3-PKG] [INFO] 📊 [analyzeJoiSchema] Generated 7 requirements for options
🤖 [MS3-PKG] [DEBUG] 🤖 [MS3-PKG] [DEBUG] 🤖 [MS3-PKG] [DEBUG] 🤖 [MS3-PKG] [DEBUG] 🤖 [MS3-PKG] [DEBUG] 🤖 [MS3-PKG] [DEBUG] 🤖 [MS3-PKG] [DEBUG] 🤖 [MS3-PKG] [DEBUG] 🤖 [MS3-PKG] [DEBUG] 🤖 [MS3-PKG] [DEBUG] 🤖 [MS3-PKG] [DEBUG] 🤖 [MS3-PKG] [DEBUG] 🤖 [MS3-PKG] [DEBUG] 🤖 [MS3-PKG] [DEBUG] 🔍 [getRequirements] Starting analysis for bulk-test-20
🤖 [MS3-PKG] [DEBUG] 🤖 [MS3-PKG] [DEBUG] 🤖 [MS3-PKG] [DEBUG] 🤖 [MS3-PKG] [DEBUG] 🤖 [MS3-PKG] [DEBUG] 🤖 [MS3-PKG] [DEBUG] 🤖 [MS3-PKG] [DEBUG] 🤖 [MS3-PKG] [DEBUG] 🤖 [MS3-PKG] [DEBUG] 🤖 [MS3-PKG] [DEBUG] 🤖 [MS3-PKG] [DEBUG] 🤖 [MS3-PKG] [DEBUG] 🤖 [MS3-PKG] [DEBUG] 🤖 [MS3-PKG] [DEBUG] 🔬 [analyzeJoiSchema] Analyzing schema at path: options
🤖 [MS3-PKG] [DEBUG] 🤖 [MS3-PKG] [DEBUG] 🤖 [MS3-PKG] [DEBUG] 🤖 [MS3-PKG] [DEBUG] 🤖 [MS3-PKG] [DEBUG] 🤖 [MS3-PKG] [DEBUG] 🤖 [MS3-PKG] [DEBUG] 🤖 [MS3-PKG] [DEBUG] 🤖 [MS3-PKG] [DEBUG] 🤖 [MS3-PKG] [DEBUG] 🤖 [MS3-PKG] [DEBUG] 🤖 [MS3-PKG] [DEBUG] 🤖 [MS3-PKG] [DEBUG] 🤖 [MS3-PKG] [DEBUG] 📋 [analyzeJoiSchema] Schema description type: object
🤖 [MS3-PKG] [DEBUG] 🤖 [MS3-PKG] [DEBUG] 🤖 [MS3-PKG] [DEBUG] 🤖 [MS3-PKG] [DEBUG] 🤖 [MS3-PKG] [DEBUG] 🤖 [MS3-PKG] [DEBUG] 🤖 [MS3-PKG] [DEBUG] 🤖 [MS3-PKG] [DEBUG] 🤖 [MS3-PKG] [DEBUG] 🤖 [MS3-PKG] [DEBUG] 🤖 [MS3-PKG] [DEBUG] 🤖 [MS3-PKG] [DEBUG] 🤖 [MS3-PKG] [DEBUG] 🤖 [MS3-PKG] [DEBUG] 📋 [analyzeJoiSchema] Schema keys: [ [32m&apos;web3authConfig&apos;[39m, [32m&apos;multiChainRpcs&apos;[39m ]
🤖 [MS3-PKG] [DEBUG] 🤖 [MS3-PKG] [DEBUG] 🤖 [MS3-PKG] [DEBUG] 🤖 [MS3-PKG] [DEBUG] 🤖 [MS3-PKG] [DEBUG] 🤖 [MS3-PKG] [DEBUG] 🤖 [MS3-PKG] [DEBUG] 🤖 [MS3-PKG] [DEBUG] 🤖 [MS3-PKG] [DEBUG] 🤖 [MS3-PKG] [DEBUG] 🤖 [MS3-PKG] [DEBUG] 🤖 [MS3-PKG] [DEBUG] 🤖 [MS3-PKG] [DEBUG] 🤖 [MS3-PKG] [DEBUG] ✅ [analyzeJoiSchema] Processing object schema with 2 keys
🤖 [MS3-PKG] [DEBUG] 🤖 [MS3-PKG] [DEBUG] 🤖 [MS3-PKG] [DEBUG] 🤖 [MS3-PKG] [DEBUG] 🤖 [MS3-PKG] [DEBUG] 🤖 [MS3-PKG] [DEBUG] 🤖 [MS3-PKG] [DEBUG] 🤖 [MS3-PKG] [DEBUG] 🤖 [MS3-PKG] [DEBUG] 🤖 [MS3-PKG] [DEBUG] 🤖 [MS3-PKG] [DEBUG] 🤖 [MS3-PKG] [DEBUG] 🤖 [MS3-PKG] [DEBUG] 🤖 [MS3-PKG] [DEBUG] 🔑 [analyzeJoiSchema] Processing field: web3authConfig
🤖 [MS3-PKG] [DEBUG] 🤖 [MS3-PKG] [DEBUG] 🤖 [MS3-PKG] [DEBUG] 🤖 [MS3-PKG] [DEBUG] 🤖 [MS3-PKG] [DEBUG] 🤖 [MS3-PKG] [DEBUG] 🤖 [MS3-PKG] [DEBUG] 🤖 [MS3-PKG] [DEBUG] 🤖 [MS3-PKG] [DEBUG] 🤖 [MS3-PKG] [DEBUG] 🤖 [MS3-PKG] [DEBUG] 🤖 [MS3-PKG] [DEBUG] 🤖 [MS3-PKG] [DEBUG] 🤖 [MS3-PKG] [DEBUG] 📝 [analyzeJoiSchema] Field description: {
  type: [32m&apos;object&apos;[39m,
  flags: {
    presence: [32m&apos;required&apos;[39m,
    description: [32m&apos;Web3Auth configuration object&apos;[39m
  },
  keys: {
    clientId: { type: [32m&apos;string&apos;[39m, flags: [36m[Object][39m },
    web3AuthNetwork: { type: [32m&apos;string&apos;[39m, flags: [36m[Object][39m, allow: [36m[Array][39m },
    chainConfig: { type: [32m&apos;object&apos;[39m, flags: [36m[Object][39m, keys: [36m[Object][39m },
    loginConfig: { type: [32m&apos;object&apos;[39m, flags: [36m[Object][39m },
    privateKeyProvider: { type: [32m&apos;any&apos;[39m, flags: [36m[Object][39m }
  }
}
🤖 [MS3-PKG] [DEBUG] 🤖 [MS3-PKG] [DEBUG] 🤖 [MS3-PKG] [DEBUG] 🤖 [MS3-PKG] [DEBUG] 🤖 [MS3-PKG] [DEBUG] 🤖 [MS3-PKG] [DEBUG] 🤖 [MS3-PKG] [DEBUG] 🤖 [MS3-PKG] [DEBUG] 🤖 [MS3-PKG] [DEBUG] 🤖 [MS3-PKG] [DEBUG] 🤖 [MS3-PKG] [DEBUG] 🤖 [MS3-PKG] [DEBUG] 🤖 [MS3-PKG] [DEBUG] 🤖 [MS3-PKG] [DEBUG] 📊 [analyzeJoiSchema] Field web3authConfig: type=object, required=true, message=&quot;Web3Auth configuration object&quot;
🤖 [MS3-PKG] [DEBUG] 🤖 [MS3-PKG] [DEBUG] 🤖 [MS3-PKG] [DEBUG] 🤖 [MS3-PKG] [DEBUG] 🤖 [MS3-PKG] [DEBUG] 🤖 [MS3-PKG] [DEBUG] 🤖 [MS3-PKG] [DEBUG] 🤖 [MS3-PKG] [DEBUG] 🤖 [MS3-PKG] [DEBUG] 🤖 [MS3-PKG] [DEBUG] 🤖 [MS3-PKG] [DEBUG] 🤖 [MS3-PKG] [DEBUG] 🤖 [MS3-PKG] [DEBUG] 🤖 [MS3-PKG] [DEBUG] 🔄 [analyzeJoiSchema] Recursing into nested object: web3authConfig
🤖 [MS3-PKG] [DEBUG] 🤖 [MS3-PKG] [DEBUG] 🤖 [MS3-PKG] [DEBUG] 🤖 [MS3-PKG] [DEBUG] 🤖 [MS3-PKG] [DEBUG] 🤖 [MS3-PKG] [DEBUG] 🤖 [MS3-PKG] [DEBUG] 🤖 [MS3-PKG] [DEBUG] 🤖 [MS3-PKG] [DEBUG] 🤖 [MS3-PKG] [DEBUG] 🤖 [MS3-PKG] [DEBUG] 🤖 [MS3-PKG] [DEBUG] 🤖 [MS3-PKG] [DEBUG] 🤖 [MS3-PKG] [DEBUG] 🔑 [analyzeJoiSchema] Processing field: multiChainRpcs
🤖 [MS3-PKG] [DEBUG] 🤖 [MS3-PKG] [DEBUG] 🤖 [MS3-PKG] [DEBUG] 🤖 [MS3-PKG] [DEBUG] 🤖 [MS3-PKG] [DEBUG] 🤖 [MS3-PKG] [DEBUG] 🤖 [MS3-PKG] [DEBUG] 🤖 [MS3-PKG] [DEBUG] 🤖 [MS3-PKG] [DEBUG] 🤖 [MS3-PKG] [DEBUG] 🤖 [MS3-PKG] [DEBUG] 🤖 [MS3-PKG] [DEBUG] 🤖 [MS3-PKG] [DEBUG] 🤖 [MS3-PKG] [DEBUG] 📝 [analyzeJoiSchema] Field description: {
  type: [32m&apos;object&apos;[39m,
  flags: {
    presence: [32m&apos;optional&apos;[39m,
    description: [32m&apos;Multi-chain RPC configuration - maps chain IDs to RPC URL arrays&apos;[39m
  },
  patterns: [ { schema: [36m[Object][39m, rule: [36m[Object][39m } ]
}
🤖 [MS3-PKG] [DEBUG] 🤖 [MS3-PKG] [DEBUG] 🤖 [MS3-PKG] [DEBUG] 🤖 [MS3-PKG] [DEBUG] 🤖 [MS3-PKG] [DEBUG] 🤖 [MS3-PKG] [DEBUG] 🤖 [MS3-PKG] [DEBUG] 🤖 [MS3-PKG] [DEBUG] 🤖 [MS3-PKG] [DEBUG] 🤖 [MS3-PKG] [DEBUG] 🤖 [MS3-PKG] [DEBUG] 🤖 [MS3-PKG] [DEBUG] 🤖 [MS3-PKG] [DEBUG] 🤖 [MS3-PKG] [DEBUG] 📊 [analyzeJoiSchema] Field multiChainRpcs: type=object, required=false, message=&quot;Multi-chain RPC configuration - maps chain IDs to RPC URL arrays&quot;
🤖 [MS3-PKG] [INFO] 🤖 [MS3-PKG] [INFO] 🤖 [MS3-PKG] [INFO] 🤖 [MS3-PKG] [INFO] 🤖 [MS3-PKG] [INFO] 🤖 [MS3-PKG] [INFO] 🤖 [MS3-PKG] [INFO] 🤖 [MS3-PKG] [INFO] 🤖 [MS3-PKG] [INFO] 🤖 [MS3-PKG] [INFO] 🤖 [MS3-PKG] [INFO] 🤖 [MS3-PKG] [INFO] 🤖 [MS3-PKG] [INFO] 🤖 [MS3-PKG] [INFO] 📊 [analyzeJoiSchema] Generated 14 requirements for options
🤖 [MS3-PKG] [DEBUG] 🤖 [MS3-PKG] [DEBUG] 🤖 [MS3-PKG] [DEBUG] 🤖 [MS3-PKG] [DEBUG] 🤖 [MS3-PKG] [DEBUG] 🤖 [MS3-PKG] [DEBUG] 🤖 [MS3-PKG] [DEBUG] 🤖 [MS3-PKG] [DEBUG] 🤖 [MS3-PKG] [DEBUG] 🤖 [MS3-PKG] [DEBUG] 🤖 [MS3-PKG] [DEBUG] 🤖 [MS3-PKG] [DEBUG] 🤖 [MS3-PKG] [DEBUG] 🤖 [MS3-PKG] [DEBUG] 🔍 [getRequirements] Starting analysis for bulk-test-21
🤖 [MS3-PKG] [DEBUG] 🤖 [MS3-PKG] [DEBUG] 🤖 [MS3-PKG] [DEBUG] 🤖 [MS3-PKG] [DEBUG] 🤖 [MS3-PKG] [DEBUG] 🤖 [MS3-PKG] [DEBUG] 🤖 [MS3-PKG] [DEBUG] 🤖 [MS3-PKG] [DEBUG] 🤖 [MS3-PKG] [DEBUG] 🤖 [MS3-PKG] [DEBUG] 🤖 [MS3-PKG] [DEBUG] 🤖 [MS3-PKG] [DEBUG] 🤖 [MS3-PKG] [DEBUG] 🤖 [MS3-PKG] [DEBUG] 🔬 [analyzeJoiSchema] Analyzing schema at path: options
🤖 [MS3-PKG] [DEBUG] 🤖 [MS3-PKG] [DEBUG] 🤖 [MS3-PKG] [DEBUG] 🤖 [MS3-PKG] [DEBUG] 🤖 [MS3-PKG] [DEBUG] 🤖 [MS3-PKG] [DEBUG] 🤖 [MS3-PKG] [DEBUG] 🤖 [MS3-PKG] [DEBUG] 🤖 [MS3-PKG] [DEBUG] 🤖 [MS3-PKG] [DEBUG] 🤖 [MS3-PKG] [DEBUG] 🤖 [MS3-PKG] [DEBUG] 🤖 [MS3-PKG] [DEBUG] 🤖 [MS3-PKG] [DEBUG] 📋 [analyzeJoiSchema] Schema description type: object
🤖 [MS3-PKG] [DEBUG] 🤖 [MS3-PKG] [DEBUG] 🤖 [MS3-PKG] [DEBUG] 🤖 [MS3-PKG] [DEBUG] 🤖 [MS3-PKG] [DEBUG] 🤖 [MS3-PKG] [DEBUG] 🤖 [MS3-PKG] [DEBUG] 🤖 [MS3-PKG] [DEBUG] 🤖 [MS3-PKG] [DEBUG] 🤖 [MS3-PKG] [DEBUG] 🤖 [MS3-PKG] [DEBUG] 🤖 [MS3-PKG] [DEBUG] 🤖 [MS3-PKG] [DEBUG] 🤖 [MS3-PKG] [DEBUG] 📋 [analyzeJoiSchema] Schema keys: [ [32m&apos;privateKey&apos;[39m, [32m&apos;provider&apos;[39m, [32m&apos;multiChainRpcs&apos;[39m ]
🤖 [MS3-PKG] [DEBUG] 🤖 [MS3-PKG] [DEBUG] 🤖 [MS3-PKG] [DEBUG] 🤖 [MS3-PKG] [DEBUG] 🤖 [MS3-PKG] [DEBUG] 🤖 [MS3-PKG] [DEBUG] 🤖 [MS3-PKG] [DEBUG] 🤖 [MS3-PKG] [DEBUG] 🤖 [MS3-PKG] [DEBUG] 🤖 [MS3-PKG] [DEBUG] 🤖 [MS3-PKG] [DEBUG] 🤖 [MS3-PKG] [DEBUG] 🤖 [MS3-PKG] [DEBUG] 🤖 [MS3-PKG] [DEBUG] ✅ [analyzeJoiSchema] Processing object schema with 3 keys
🤖 [MS3-PKG] [DEBUG] 🤖 [MS3-PKG] [DEBUG] 🤖 [MS3-PKG] [DEBUG] 🤖 [MS3-PKG] [DEBUG] 🤖 [MS3-PKG] [DEBUG] 🤖 [MS3-PKG] [DEBUG] 🤖 [MS3-PKG] [DEBUG] 🤖 [MS3-PKG] [DEBUG] 🤖 [MS3-PKG] [DEBUG] 🤖 [MS3-PKG] [DEBUG] 🤖 [MS3-PKG] [DEBUG] 🤖 [MS3-PKG] [DEBUG] 🤖 [MS3-PKG] [DEBUG] 🤖 [MS3-PKG] [DEBUG] 🔑 [analyzeJoiSchema] Processing field: privateKey
🤖 [MS3-PKG] [DEBUG] 🤖 [MS3-PKG] [DEBUG] 🤖 [MS3-PKG] [DEBUG] 🤖 [MS3-PKG] [DEBUG] 🤖 [MS3-PKG] [DEBUG] 🤖 [MS3-PKG] [DEBUG] 🤖 [MS3-PKG] [DEBUG] 🤖 [MS3-PKG] [DEBUG] 🤖 [MS3-PKG] [DEBUG] 🤖 [MS3-PKG] [DEBUG] 🤖 [MS3-PKG] [DEBUG] 🤖 [MS3-PKG] [DEBUG] 🤖 [MS3-PKG] [DEBUG] 🤖 [MS3-PKG] [DEBUG] 📝 [analyzeJoiSchema] Field description: {
  type: [32m&apos;string&apos;[39m,
  flags: {
    presence: [32m&apos;required&apos;[39m,
    description: [32m&apos;Private key for wallet (generates random if not provided)&apos;[39m
  },
  rules: [ { name: [32m&apos;pattern&apos;[39m, args: [36m[Object][39m } ]
}
🤖 [MS3-PKG] [DEBUG] 🤖 [MS3-PKG] [DEBUG] 🤖 [MS3-PKG] [DEBUG] 🤖 [MS3-PKG] [DEBUG] 🤖 [MS3-PKG] [DEBUG] 🤖 [MS3-PKG] [DEBUG] 🤖 [MS3-PKG] [DEBUG] 🤖 [MS3-PKG] [DEBUG] 🤖 [MS3-PKG] [DEBUG] 🤖 [MS3-PKG] [DEBUG] 🤖 [MS3-PKG] [DEBUG] 🤖 [MS3-PKG] [DEBUG] 🤖 [MS3-PKG] [DEBUG] 🤖 [MS3-PKG] [DEBUG] 📊 [analyzeJoiSchema] Field privateKey: type=string, required=true, message=&quot;Private key for wallet (generates random if not provided)&quot;
🤖 [MS3-PKG] [DEBUG] 🤖 [MS3-PKG] [DEBUG] 🤖 [MS3-PKG] [DEBUG] 🤖 [MS3-PKG] [DEBUG] 🤖 [MS3-PKG] [DEBUG] 🤖 [MS3-PKG] [DEBUG] 🤖 [MS3-PKG] [DEBUG] 🤖 [MS3-PKG] [DEBUG] 🤖 [MS3-PKG] [DEBUG] 🤖 [MS3-PKG] [DEBUG] 🤖 [MS3-PKG] [DEBUG] 🤖 [MS3-PKG] [DEBUG] 🤖 [MS3-PKG] [DEBUG] 🤖 [MS3-PKG] [DEBUG] 🔑 [analyzeJoiSchema] Processing field: provider
🤖 [MS3-PKG] [DEBUG] 🤖 [MS3-PKG] [DEBUG] 🤖 [MS3-PKG] [DEBUG] 🤖 [MS3-PKG] [DEBUG] 🤖 [MS3-PKG] [DEBUG] 🤖 [MS3-PKG] [DEBUG] 🤖 [MS3-PKG] [DEBUG] 🤖 [MS3-PKG] [DEBUG] 🤖 [MS3-PKG] [DEBUG] 🤖 [MS3-PKG] [DEBUG] 🤖 [MS3-PKG] [DEBUG] 🤖 [MS3-PKG] [DEBUG] 🤖 [MS3-PKG] [DEBUG] 🤖 [MS3-PKG] [DEBUG] 📝 [analyzeJoiSchema] Field description: {
  type: [32m&apos;object&apos;[39m,
  flags: {
    presence: [32m&apos;optional&apos;[39m,
    description: [32m&apos;Optional provider configuration&apos;[39m
  },
  keys: {
    name: { type: [32m&apos;string&apos;[39m, flags: [36m[Object][39m },
    chainId: { type: [32m&apos;string&apos;[39m, flags: [36m[Object][39m, rules: [36m[Array][39m },
    rpcUrls: { type: [32m&apos;array&apos;[39m, flags: [36m[Object][39m, rules: [36m[Array][39m, items: [36m[Array][39m },
    displayName: { type: [32m&apos;string&apos;[39m, flags: [36m[Object][39m }
  }
}
🤖 [MS3-PKG] [DEBUG] 🤖 [MS3-PKG] [DEBUG] 🤖 [MS3-PKG] [DEBUG] 🤖 [MS3-PKG] [DEBUG] 🤖 [MS3-PKG] [DEBUG] 🤖 [MS3-PKG] [DEBUG] 🤖 [MS3-PKG] [DEBUG] 🤖 [MS3-PKG] [DEBUG] 🤖 [MS3-PKG] [DEBUG] 🤖 [MS3-PKG] [DEBUG] 🤖 [MS3-PKG] [DEBUG] 🤖 [MS3-PKG] [DEBUG] 🤖 [MS3-PKG] [DEBUG] 🤖 [MS3-PKG] [DEBUG] 📊 [analyzeJoiSchema] Field provider: type=object, required=false, message=&quot;Optional provider configuration&quot;
🤖 [MS3-PKG] [DEBUG] 🤖 [MS3-PKG] [DEBUG] 🤖 [MS3-PKG] [DEBUG] 🤖 [MS3-PKG] [DEBUG] 🤖 [MS3-PKG] [DEBUG] 🤖 [MS3-PKG] [DEBUG] 🤖 [MS3-PKG] [DEBUG] 🤖 [MS3-PKG] [DEBUG] 🤖 [MS3-PKG] [DEBUG] 🤖 [MS3-PKG] [DEBUG] 🤖 [MS3-PKG] [DEBUG] 🤖 [MS3-PKG] [DEBUG] 🤖 [MS3-PKG] [DEBUG] 🤖 [MS3-PKG] [DEBUG] 🔄 [analyzeJoiSchema] Recursing into nested object: provider
🤖 [MS3-PKG] [DEBUG] 🤖 [MS3-PKG] [DEBUG] 🤖 [MS3-PKG] [DEBUG] 🤖 [MS3-PKG] [DEBUG] 🤖 [MS3-PKG] [DEBUG] 🤖 [MS3-PKG] [DEBUG] 🤖 [MS3-PKG] [DEBUG] 🤖 [MS3-PKG] [DEBUG] 🤖 [MS3-PKG] [DEBUG] 🤖 [MS3-PKG] [DEBUG] 🤖 [MS3-PKG] [DEBUG] 🤖 [MS3-PKG] [DEBUG] 🤖 [MS3-PKG] [DEBUG] 🤖 [MS3-PKG] [DEBUG] 🔑 [analyzeJoiSchema] Processing field: multiChainRpcs
🤖 [MS3-PKG] [DEBUG] 🤖 [MS3-PKG] [DEBUG] 🤖 [MS3-PKG] [DEBUG] 🤖 [MS3-PKG] [DEBUG] 🤖 [MS3-PKG] [DEBUG] 🤖 [MS3-PKG] [DEBUG] 🤖 [MS3-PKG] [DEBUG] 🤖 [MS3-PKG] [DEBUG] 🤖 [MS3-PKG] [DEBUG] 🤖 [MS3-PKG] [DEBUG] 🤖 [MS3-PKG] [DEBUG] 🤖 [MS3-PKG] [DEBUG] 🤖 [MS3-PKG] [DEBUG] 🤖 [MS3-PKG] [DEBUG] 📝 [analyzeJoiSchema] Field description: {
  type: [32m&apos;object&apos;[39m,
  flags: {
    presence: [32m&apos;optional&apos;[39m,
    description: [32m&apos;Multi-chain RPC configuration - maps chain IDs to RPC URL arrays&apos;[39m
  },
  patterns: [ { schema: [36m[Object][39m, rule: [36m[Object][39m } ]
}
🤖 [MS3-PKG] [DEBUG] 🤖 [MS3-PKG] [DEBUG] 🤖 [MS3-PKG] [DEBUG] 🤖 [MS3-PKG] [DEBUG] 🤖 [MS3-PKG] [DEBUG] 🤖 [MS3-PKG] [DEBUG] 🤖 [MS3-PKG] [DEBUG] 🤖 [MS3-PKG] [DEBUG] 🤖 [MS3-PKG] [DEBUG] 🤖 [MS3-PKG] [DEBUG] 🤖 [MS3-PKG] [DEBUG] 🤖 [MS3-PKG] [DEBUG] 🤖 [MS3-PKG] [DEBUG] 🤖 [MS3-PKG] [DEBUG] 📊 [analyzeJoiSchema] Field multiChainRpcs: type=object, required=false, message=&quot;Multi-chain RPC configuration - maps chain IDs to RPC URL arrays&quot;
🤖 [MS3-PKG] [INFO] 🤖 [MS3-PKG] [INFO] 🤖 [MS3-PKG] [INFO] 🤖 [MS3-PKG] [INFO] 🤖 [MS3-PKG] [INFO] 🤖 [MS3-PKG] [INFO] 🤖 [MS3-PKG] [INFO] 🤖 [MS3-PKG] [INFO] 🤖 [MS3-PKG] [INFO] 🤖 [MS3-PKG] [INFO] 🤖 [MS3-PKG] [INFO] 🤖 [MS3-PKG] [INFO] 🤖 [MS3-PKG] [INFO] 🤖 [MS3-PKG] [INFO] 📊 [analyzeJoiSchema] Generated 7 requirements for options
🤖 [MS3-PKG] [DEBUG] 🤖 [MS3-PKG] [DEBUG] 🤖 [MS3-PKG] [DEBUG] 🤖 [MS3-PKG] [DEBUG] 🤖 [MS3-PKG] [DEBUG] 🤖 [MS3-PKG] [DEBUG] 🤖 [MS3-PKG] [DEBUG] 🤖 [MS3-PKG] [DEBUG] 🤖 [MS3-PKG] [DEBUG] 🤖 [MS3-PKG] [DEBUG] 🤖 [MS3-PKG] [DEBUG] 🤖 [MS3-PKG] [DEBUG] 🤖 [MS3-PKG] [DEBUG] 🤖 [MS3-PKG] [DEBUG] 🔍 [getRequirements] Starting analysis for bulk-test-21
🤖 [MS3-PKG] [DEBUG] 🤖 [MS3-PKG] [DEBUG] 🤖 [MS3-PKG] [DEBUG] 🤖 [MS3-PKG] [DEBUG] 🤖 [MS3-PKG] [DEBUG] 🤖 [MS3-PKG] [DEBUG] 🤖 [MS3-PKG] [DEBUG] 🤖 [MS3-PKG] [DEBUG] 🤖 [MS3-PKG] [DEBUG] 🤖 [MS3-PKG] [DEBUG] 🤖 [MS3-PKG] [DEBUG] 🤖 [MS3-PKG] [DEBUG] 🤖 [MS3-PKG] [DEBUG] 🤖 [MS3-PKG] [DEBUG] 🔬 [analyzeJoiSchema] Analyzing schema at path: options
🤖 [MS3-PKG] [DEBUG] 🤖 [MS3-PKG] [DEBUG] 🤖 [MS3-PKG] [DEBUG] 🤖 [MS3-PKG] [DEBUG] 🤖 [MS3-PKG] [DEBUG] 🤖 [MS3-PKG] [DEBUG] 🤖 [MS3-PKG] [DEBUG] 🤖 [MS3-PKG] [DEBUG] 🤖 [MS3-PKG] [DEBUG] 🤖 [MS3-PKG] [DEBUG] 🤖 [MS3-PKG] [DEBUG] 🤖 [MS3-PKG] [DEBUG] 🤖 [MS3-PKG] [DEBUG] 🤖 [MS3-PKG] [DEBUG] 📋 [analyzeJoiSchema] Schema description type: object
🤖 [MS3-PKG] [DEBUG] 🤖 [MS3-PKG] [DEBUG] 🤖 [MS3-PKG] [DEBUG] 🤖 [MS3-PKG] [DEBUG] 🤖 [MS3-PKG] [DEBUG] 🤖 [MS3-PKG] [DEBUG] 🤖 [MS3-PKG] [DEBUG] 🤖 [MS3-PKG] [DEBUG] 🤖 [MS3-PKG] [DEBUG] 🤖 [MS3-PKG] [DEBUG] 🤖 [MS3-PKG] [DEBUG] 🤖 [MS3-PKG] [DEBUG] 🤖 [MS3-PKG] [DEBUG] 🤖 [MS3-PKG] [DEBUG] 📋 [analyzeJoiSchema] Schema keys: [ [32m&apos;web3authConfig&apos;[39m, [32m&apos;multiChainRpcs&apos;[39m ]
🤖 [MS3-PKG] [DEBUG] 🤖 [MS3-PKG] [DEBUG] 🤖 [MS3-PKG] [DEBUG] 🤖 [MS3-PKG] [DEBUG] 🤖 [MS3-PKG] [DEBUG] 🤖 [MS3-PKG] [DEBUG] 🤖 [MS3-PKG] [DEBUG] 🤖 [MS3-PKG] [DEBUG] 🤖 [MS3-PKG] [DEBUG] 🤖 [MS3-PKG] [DEBUG] 🤖 [MS3-PKG] [DEBUG] 🤖 [MS3-PKG] [DEBUG] 🤖 [MS3-PKG] [DEBUG] 🤖 [MS3-PKG] [DEBUG] ✅ [analyzeJoiSchema] Processing object schema with 2 keys
🤖 [MS3-PKG] [DEBUG] 🤖 [MS3-PKG] [DEBUG] 🤖 [MS3-PKG] [DEBUG] 🤖 [MS3-PKG] [DEBUG] 🤖 [MS3-PKG] [DEBUG] 🤖 [MS3-PKG] [DEBUG] 🤖 [MS3-PKG] [DEBUG] 🤖 [MS3-PKG] [DEBUG] 🤖 [MS3-PKG] [DEBUG] 🤖 [MS3-PKG] [DEBUG] 🤖 [MS3-PKG] [DEBUG] 🤖 [MS3-PKG] [DEBUG] 🤖 [MS3-PKG] [DEBUG] 🤖 [MS3-PKG] [DEBUG] 🔑 [analyzeJoiSchema] Processing field: web3authConfig
🤖 [MS3-PKG] [DEBUG] 🤖 [MS3-PKG] [DEBUG] 🤖 [MS3-PKG] [DEBUG] 🤖 [MS3-PKG] [DEBUG] 🤖 [MS3-PKG] [DEBUG] 🤖 [MS3-PKG] [DEBUG] 🤖 [MS3-PKG] [DEBUG] 🤖 [MS3-PKG] [DEBUG] 🤖 [MS3-PKG] [DEBUG] 🤖 [MS3-PKG] [DEBUG] 🤖 [MS3-PKG] [DEBUG] 🤖 [MS3-PKG] [DEBUG] 🤖 [MS3-PKG] [DEBUG] 🤖 [MS3-PKG] [DEBUG] 📝 [analyzeJoiSchema] Field description: {
  type: [32m&apos;object&apos;[39m,
  flags: {
    presence: [32m&apos;required&apos;[39m,
    description: [32m&apos;Web3Auth configuration object&apos;[39m
  },
  keys: {
    clientId: { type: [32m&apos;string&apos;[39m, flags: [36m[Object][39m },
    web3AuthNetwork: { type: [32m&apos;string&apos;[39m, flags: [36m[Object][39m, allow: [36m[Array][39m },
    chainConfig: { type: [32m&apos;object&apos;[39m, flags: [36m[Object][39m, keys: [36m[Object][39m },
    loginConfig: { type: [32m&apos;object&apos;[39m, flags: [36m[Object][39m },
    privateKeyProvider: { type: [32m&apos;any&apos;[39m, flags: [36m[Object][39m }
  }
}
🤖 [MS3-PKG] [DEBUG] 🤖 [MS3-PKG] [DEBUG] 🤖 [MS3-PKG] [DEBUG] 🤖 [MS3-PKG] [DEBUG] 🤖 [MS3-PKG] [DEBUG] 🤖 [MS3-PKG] [DEBUG] 🤖 [MS3-PKG] [DEBUG] 🤖 [MS3-PKG] [DEBUG] 🤖 [MS3-PKG] [DEBUG] 🤖 [MS3-PKG] [DEBUG] 🤖 [MS3-PKG] [DEBUG] 🤖 [MS3-PKG] [DEBUG] 🤖 [MS3-PKG] [DEBUG] 🤖 [MS3-PKG] [DEBUG] 📊 [analyzeJoiSchema] Field web3authConfig: type=object, required=true, message=&quot;Web3Auth configuration object&quot;
🤖 [MS3-PKG] [DEBUG] 🤖 [MS3-PKG] [DEBUG] 🤖 [MS3-PKG] [DEBUG] 🤖 [MS3-PKG] [DEBUG] 🤖 [MS3-PKG] [DEBUG] 🤖 [MS3-PKG] [DEBUG] 🤖 [MS3-PKG] [DEBUG] 🤖 [MS3-PKG] [DEBUG] 🤖 [MS3-PKG] [DEBUG] 🤖 [MS3-PKG] [DEBUG] 🤖 [MS3-PKG] [DEBUG] 🤖 [MS3-PKG] [DEBUG] 🤖 [MS3-PKG] [DEBUG] 🤖 [MS3-PKG] [DEBUG] 🔄 [analyzeJoiSchema] Recursing into nested object: web3authConfig
🤖 [MS3-PKG] [DEBUG] 🤖 [MS3-PKG] [DEBUG] 🤖 [MS3-PKG] [DEBUG] 🤖 [MS3-PKG] [DEBUG] 🤖 [MS3-PKG] [DEBUG] 🤖 [MS3-PKG] [DEBUG] 🤖 [MS3-PKG] [DEBUG] 🤖 [MS3-PKG] [DEBUG] 🤖 [MS3-PKG] [DEBUG] 🤖 [MS3-PKG] [DEBUG] 🤖 [MS3-PKG] [DEBUG] 🤖 [MS3-PKG] [DEBUG] 🤖 [MS3-PKG] [DEBUG] 🤖 [MS3-PKG] [DEBUG] 🔑 [analyzeJoiSchema] Processing field: multiChainRpcs
🤖 [MS3-PKG] [DEBUG] 🤖 [MS3-PKG] [DEBUG] 🤖 [MS3-PKG] [DEBUG] 🤖 [MS3-PKG] [DEBUG] 🤖 [MS3-PKG] [DEBUG] 🤖 [MS3-PKG] [DEBUG] 🤖 [MS3-PKG] [DEBUG] 🤖 [MS3-PKG] [DEBUG] 🤖 [MS3-PKG] [DEBUG] 🤖 [MS3-PKG] [DEBUG] 🤖 [MS3-PKG] [DEBUG] 🤖 [MS3-PKG] [DEBUG] 🤖 [MS3-PKG] [DEBUG] 🤖 [MS3-PKG] [DEBUG] 📝 [analyzeJoiSchema] Field description: {
  type: [32m&apos;object&apos;[39m,
  flags: {
    presence: [32m&apos;optional&apos;[39m,
    description: [32m&apos;Multi-chain RPC configuration - maps chain IDs to RPC URL arrays&apos;[39m
  },
  patterns: [ { schema: [36m[Object][39m, rule: [36m[Object][39m } ]
}
🤖 [MS3-PKG] [DEBUG] 🤖 [MS3-PKG] [DEBUG] 🤖 [MS3-PKG] [DEBUG] 🤖 [MS3-PKG] [DEBUG] 🤖 [MS3-PKG] [DEBUG] 🤖 [MS3-PKG] [DEBUG] 🤖 [MS3-PKG] [DEBUG] 🤖 [MS3-PKG] [DEBUG] 🤖 [MS3-PKG] [DEBUG] 🤖 [MS3-PKG] [DEBUG] 🤖 [MS3-PKG] [DEBUG] 🤖 [MS3-PKG] [DEBUG] 🤖 [MS3-PKG] [DEBUG] 🤖 [MS3-PKG] [DEBUG] 📊 [analyzeJoiSchema] Field multiChainRpcs: type=object, required=false, message=&quot;Multi-chain RPC configuration - maps chain IDs to RPC URL arrays&quot;
🤖 [MS3-PKG] [INFO] 🤖 [MS3-PKG] [INFO] 🤖 [MS3-PKG] [INFO] 🤖 [MS3-PKG] [INFO] 🤖 [MS3-PKG] [INFO] 🤖 [MS3-PKG] [INFO] 🤖 [MS3-PKG] [INFO] 🤖 [MS3-PKG] [INFO] 🤖 [MS3-PKG] [INFO] 🤖 [MS3-PKG] [INFO] 🤖 [MS3-PKG] [INFO] 🤖 [MS3-PKG] [INFO] 🤖 [MS3-PKG] [INFO] 🤖 [MS3-PKG] [INFO] 📊 [analyzeJoiSchema] Generated 14 requirements for options
🤖 [MS3-PKG] [DEBUG] 🤖 [MS3-PKG] [DEBUG] 🤖 [MS3-PKG] [DEBUG] 🤖 [MS3-PKG] [DEBUG] 🤖 [MS3-PKG] [DEBUG] 🤖 [MS3-PKG] [DEBUG] 🤖 [MS3-PKG] [DEBUG] 🤖 [MS3-PKG] [DEBUG] 🤖 [MS3-PKG] [DEBUG] 🤖 [MS3-PKG] [DEBUG] 🤖 [MS3-PKG] [DEBUG] 🤖 [MS3-PKG] [DEBUG] 🤖 [MS3-PKG] [DEBUG] 🤖 [MS3-PKG] [DEBUG] 🔍 [getRequirements] Starting analysis for bulk-test-22
🤖 [MS3-PKG] [DEBUG] 🤖 [MS3-PKG] [DEBUG] 🤖 [MS3-PKG] [DEBUG] 🤖 [MS3-PKG] [DEBUG] 🤖 [MS3-PKG] [DEBUG] 🤖 [MS3-PKG] [DEBUG] 🤖 [MS3-PKG] [DEBUG] 🤖 [MS3-PKG] [DEBUG] 🤖 [MS3-PKG] [DEBUG] 🤖 [MS3-PKG] [DEBUG] 🤖 [MS3-PKG] [DEBUG] 🤖 [MS3-PKG] [DEBUG] 🤖 [MS3-PKG] [DEBUG] 🤖 [MS3-PKG] [DEBUG] 🔬 [analyzeJoiSchema] Analyzing schema at path: options
🤖 [MS3-PKG] [DEBUG] 🤖 [MS3-PKG] [DEBUG] 🤖 [MS3-PKG] [DEBUG] 🤖 [MS3-PKG] [DEBUG] 🤖 [MS3-PKG] [DEBUG] 🤖 [MS3-PKG] [DEBUG] 🤖 [MS3-PKG] [DEBUG] 🤖 [MS3-PKG] [DEBUG] 🤖 [MS3-PKG] [DEBUG] 🤖 [MS3-PKG] [DEBUG] 🤖 [MS3-PKG] [DEBUG] 🤖 [MS3-PKG] [DEBUG] 🤖 [MS3-PKG] [DEBUG] 🤖 [MS3-PKG] [DEBUG] 📋 [analyzeJoiSchema] Schema description type: object
🤖 [MS3-PKG] [DEBUG] 🤖 [MS3-PKG] [DEBUG] 🤖 [MS3-PKG] [DEBUG] 🤖 [MS3-PKG] [DEBUG] 🤖 [MS3-PKG] [DEBUG] 🤖 [MS3-PKG] [DEBUG] 🤖 [MS3-PKG] [DEBUG] 🤖 [MS3-PKG] [DEBUG] 🤖 [MS3-PKG] [DEBUG] 🤖 [MS3-PKG] [DEBUG] 🤖 [MS3-PKG] [DEBUG] 🤖 [MS3-PKG] [DEBUG] 🤖 [MS3-PKG] [DEBUG] 🤖 [MS3-PKG] [DEBUG] 📋 [analyzeJoiSchema] Schema keys: [ [32m&apos;privateKey&apos;[39m, [32m&apos;provider&apos;[39m, [32m&apos;multiChainRpcs&apos;[39m ]
🤖 [MS3-PKG] [DEBUG] 🤖 [MS3-PKG] [DEBUG] 🤖 [MS3-PKG] [DEBUG] 🤖 [MS3-PKG] [DEBUG] 🤖 [MS3-PKG] [DEBUG] 🤖 [MS3-PKG] [DEBUG] 🤖 [MS3-PKG] [DEBUG] 🤖 [MS3-PKG] [DEBUG] 🤖 [MS3-PKG] [DEBUG] 🤖 [MS3-PKG] [DEBUG] 🤖 [MS3-PKG] [DEBUG] 🤖 [MS3-PKG] [DEBUG] 🤖 [MS3-PKG] [DEBUG] 🤖 [MS3-PKG] [DEBUG] ✅ [analyzeJoiSchema] Processing object schema with 3 keys
🤖 [MS3-PKG] [DEBUG] 🤖 [MS3-PKG] [DEBUG] 🤖 [MS3-PKG] [DEBUG] 🤖 [MS3-PKG] [DEBUG] 🤖 [MS3-PKG] [DEBUG] 🤖 [MS3-PKG] [DEBUG] 🤖 [MS3-PKG] [DEBUG] 🤖 [MS3-PKG] [DEBUG] 🤖 [MS3-PKG] [DEBUG] 🤖 [MS3-PKG] [DEBUG] 🤖 [MS3-PKG] [DEBUG] 🤖 [MS3-PKG] [DEBUG] 🤖 [MS3-PKG] [DEBUG] 🤖 [MS3-PKG] [DEBUG] 🔑 [analyzeJoiSchema] Processing field: privateKey
🤖 [MS3-PKG] [DEBUG] 🤖 [MS3-PKG] [DEBUG] 🤖 [MS3-PKG] [DEBUG] 🤖 [MS3-PKG] [DEBUG] 🤖 [MS3-PKG] [DEBUG] 🤖 [MS3-PKG] [DEBUG] 🤖 [MS3-PKG] [DEBUG] 🤖 [MS3-PKG] [DEBUG] 🤖 [MS3-PKG] [DEBUG] 🤖 [MS3-PKG] [DEBUG] 🤖 [MS3-PKG] [DEBUG] 🤖 [MS3-PKG] [DEBUG] 🤖 [MS3-PKG] [DEBUG] 🤖 [MS3-PKG] [DEBUG] 📝 [analyzeJoiSchema] Field description: {
  type: [32m&apos;string&apos;[39m,
  flags: {
    presence: [32m&apos;required&apos;[39m,
    description: [32m&apos;Private key for wallet (generates random if not provided)&apos;[39m
  },
  rules: [ { name: [32m&apos;pattern&apos;[39m, args: [36m[Object][39m } ]
}
🤖 [MS3-PKG] [DEBUG] 🤖 [MS3-PKG] [DEBUG] 🤖 [MS3-PKG] [DEBUG] 🤖 [MS3-PKG] [DEBUG] 🤖 [MS3-PKG] [DEBUG] 🤖 [MS3-PKG] [DEBUG] 🤖 [MS3-PKG] [DEBUG] 🤖 [MS3-PKG] [DEBUG] 🤖 [MS3-PKG] [DEBUG] 🤖 [MS3-PKG] [DEBUG] 🤖 [MS3-PKG] [DEBUG] 🤖 [MS3-PKG] [DEBUG] 🤖 [MS3-PKG] [DEBUG] 🤖 [MS3-PKG] [DEBUG] 📊 [analyzeJoiSchema] Field privateKey: type=string, required=true, message=&quot;Private key for wallet (generates random if not provided)&quot;
🤖 [MS3-PKG] [DEBUG] 🤖 [MS3-PKG] [DEBUG] 🤖 [MS3-PKG] [DEBUG] 🤖 [MS3-PKG] [DEBUG] 🤖 [MS3-PKG] [DEBUG] 🤖 [MS3-PKG] [DEBUG] 🤖 [MS3-PKG] [DEBUG] 🤖 [MS3-PKG] [DEBUG] 🤖 [MS3-PKG] [DEBUG] 🤖 [MS3-PKG] [DEBUG] 🤖 [MS3-PKG] [DEBUG] 🤖 [MS3-PKG] [DEBUG] 🤖 [MS3-PKG] [DEBUG] 🤖 [MS3-PKG] [DEBUG] 🔑 [analyzeJoiSchema] Processing field: provider
🤖 [MS3-PKG] [DEBUG] 🤖 [MS3-PKG] [DEBUG] 🤖 [MS3-PKG] [DEBUG] 🤖 [MS3-PKG] [DEBUG] 🤖 [MS3-PKG] [DEBUG] 🤖 [MS3-PKG] [DEBUG] 🤖 [MS3-PKG] [DEBUG] 🤖 [MS3-PKG] [DEBUG] 🤖 [MS3-PKG] [DEBUG] 🤖 [MS3-PKG] [DEBUG] 🤖 [MS3-PKG] [DEBUG] 🤖 [MS3-PKG] [DEBUG] 🤖 [MS3-PKG] [DEBUG] 🤖 [MS3-PKG] [DEBUG] 📝 [analyzeJoiSchema] Field description: {
  type: [32m&apos;object&apos;[39m,
  flags: {
    presence: [32m&apos;optional&apos;[39m,
    description: [32m&apos;Optional provider configuration&apos;[39m
  },
  keys: {
    name: { type: [32m&apos;string&apos;[39m, flags: [36m[Object][39m },
    chainId: { type: [32m&apos;string&apos;[39m, flags: [36m[Object][39m, rules: [36m[Array][39m },
    rpcUrls: { type: [32m&apos;array&apos;[39m, flags: [36m[Object][39m, rules: [36m[Array][39m, items: [36m[Array][39m },
    displayName: { type: [32m&apos;string&apos;[39m, flags: [36m[Object][39m }
  }
}
🤖 [MS3-PKG] [DEBUG] 🤖 [MS3-PKG] [DEBUG] 🤖 [MS3-PKG] [DEBUG] 🤖 [MS3-PKG] [DEBUG] 🤖 [MS3-PKG] [DEBUG] 🤖 [MS3-PKG] [DEBUG] 🤖 [MS3-PKG] [DEBUG] 🤖 [MS3-PKG] [DEBUG] 🤖 [MS3-PKG] [DEBUG] 🤖 [MS3-PKG] [DEBUG] 🤖 [MS3-PKG] [DEBUG] 🤖 [MS3-PKG] [DEBUG] 🤖 [MS3-PKG] [DEBUG] 🤖 [MS3-PKG] [DEBUG] 📊 [analyzeJoiSchema] Field provider: type=object, required=false, message=&quot;Optional provider configuration&quot;
🤖 [MS3-PKG] [DEBUG] 🤖 [MS3-PKG] [DEBUG] 🤖 [MS3-PKG] [DEBUG] 🤖 [MS3-PKG] [DEBUG] 🤖 [MS3-PKG] [DEBUG] 🤖 [MS3-PKG] [DEBUG] 🤖 [MS3-PKG] [DEBUG] 🤖 [MS3-PKG] [DEBUG] 🤖 [MS3-PKG] [DEBUG] 🤖 [MS3-PKG] [DEBUG] 🤖 [MS3-PKG] [DEBUG] 🤖 [MS3-PKG] [DEBUG] 🤖 [MS3-PKG] [DEBUG] 🤖 [MS3-PKG] [DEBUG] 🔄 [analyzeJoiSchema] Recursing into nested object: provider
🤖 [MS3-PKG] [DEBUG] 🤖 [MS3-PKG] [DEBUG] 🤖 [MS3-PKG] [DEBUG] 🤖 [MS3-PKG] [DEBUG] 🤖 [MS3-PKG] [DEBUG] 🤖 [MS3-PKG] [DEBUG] 🤖 [MS3-PKG] [DEBUG] 🤖 [MS3-PKG] [DEBUG] 🤖 [MS3-PKG] [DEBUG] 🤖 [MS3-PKG] [DEBUG] 🤖 [MS3-PKG] [DEBUG] 🤖 [MS3-PKG] [DEBUG] 🤖 [MS3-PKG] [DEBUG] 🤖 [MS3-PKG] [DEBUG] 🔑 [analyzeJoiSchema] Processing field: multiChainRpcs
🤖 [MS3-PKG] [DEBUG] 🤖 [MS3-PKG] [DEBUG] 🤖 [MS3-PKG] [DEBUG] 🤖 [MS3-PKG] [DEBUG] 🤖 [MS3-PKG] [DEBUG] 🤖 [MS3-PKG] [DEBUG] 🤖 [MS3-PKG] [DEBUG] 🤖 [MS3-PKG] [DEBUG] 🤖 [MS3-PKG] [DEBUG] 🤖 [MS3-PKG] [DEBUG] 🤖 [MS3-PKG] [DEBUG] 🤖 [MS3-PKG] [DEBUG] 🤖 [MS3-PKG] [DEBUG] 🤖 [MS3-PKG] [DEBUG] 📝 [analyzeJoiSchema] Field description: {
  type: [32m&apos;object&apos;[39m,
  flags: {
    presence: [32m&apos;optional&apos;[39m,
    description: [32m&apos;Multi-chain RPC configuration - maps chain IDs to RPC URL arrays&apos;[39m
  },
  patterns: [ { schema: [36m[Object][39m, rule: [36m[Object][39m } ]
}
🤖 [MS3-PKG] [DEBUG] 🤖 [MS3-PKG] [DEBUG] 🤖 [MS3-PKG] [DEBUG] 🤖 [MS3-PKG] [DEBUG] 🤖 [MS3-PKG] [DEBUG] 🤖 [MS3-PKG] [DEBUG] 🤖 [MS3-PKG] [DEBUG] 🤖 [MS3-PKG] [DEBUG] 🤖 [MS3-PKG] [DEBUG] 🤖 [MS3-PKG] [DEBUG] 🤖 [MS3-PKG] [DEBUG] 🤖 [MS3-PKG] [DEBUG] 🤖 [MS3-PKG] [DEBUG] 🤖 [MS3-PKG] [DEBUG] 📊 [analyzeJoiSchema] Field multiChainRpcs: type=object, required=false, message=&quot;Multi-chain RPC configuration - maps chain IDs to RPC URL arrays&quot;
🤖 [MS3-PKG] [INFO] 🤖 [MS3-PKG] [INFO] 🤖 [MS3-PKG] [INFO] 🤖 [MS3-PKG] [INFO] 🤖 [MS3-PKG] [INFO] 🤖 [MS3-PKG] [INFO] 🤖 [MS3-PKG] [INFO] 🤖 [MS3-PKG] [INFO] 🤖 [MS3-PKG] [INFO] 🤖 [MS3-PKG] [INFO] 🤖 [MS3-PKG] [INFO] 🤖 [MS3-PKG] [INFO] 🤖 [MS3-PKG] [INFO] 🤖 [MS3-PKG] [INFO] 📊 [analyzeJoiSchema] Generated 7 requirements for options
🤖 [MS3-PKG] [DEBUG] 🤖 [MS3-PKG] [DEBUG] 🤖 [MS3-PKG] [DEBUG] 🤖 [MS3-PKG] [DEBUG] 🤖 [MS3-PKG] [DEBUG] 🤖 [MS3-PKG] [DEBUG] 🤖 [MS3-PKG] [DEBUG] 🤖 [MS3-PKG] [DEBUG] 🤖 [MS3-PKG] [DEBUG] 🤖 [MS3-PKG] [DEBUG] 🤖 [MS3-PKG] [DEBUG] 🤖 [MS3-PKG] [DEBUG] 🤖 [MS3-PKG] [DEBUG] 🤖 [MS3-PKG] [DEBUG] 🔍 [getRequirements] Starting analysis for bulk-test-22
🤖 [MS3-PKG] [DEBUG] 🤖 [MS3-PKG] [DEBUG] 🤖 [MS3-PKG] [DEBUG] 🤖 [MS3-PKG] [DEBUG] 🤖 [MS3-PKG] [DEBUG] 🤖 [MS3-PKG] [DEBUG] 🤖 [MS3-PKG] [DEBUG] 🤖 [MS3-PKG] [DEBUG] 🤖 [MS3-PKG] [DEBUG] 🤖 [MS3-PKG] [DEBUG] 🤖 [MS3-PKG] [DEBUG] 🤖 [MS3-PKG] [DEBUG] 🤖 [MS3-PKG] [DEBUG] 🤖 [MS3-PKG] [DEBUG] 🔬 [analyzeJoiSchema] Analyzing schema at path: options
🤖 [MS3-PKG] [DEBUG] 🤖 [MS3-PKG] [DEBUG] 🤖 [MS3-PKG] [DEBUG] 🤖 [MS3-PKG] [DEBUG] 🤖 [MS3-PKG] [DEBUG] 🤖 [MS3-PKG] [DEBUG] 🤖 [MS3-PKG] [DEBUG] 🤖 [MS3-PKG] [DEBUG] 🤖 [MS3-PKG] [DEBUG] 🤖 [MS3-PKG] [DEBUG] 🤖 [MS3-PKG] [DEBUG] 🤖 [MS3-PKG] [DEBUG] 🤖 [MS3-PKG] [DEBUG] 🤖 [MS3-PKG] [DEBUG] 📋 [analyzeJoiSchema] Schema description type: object
🤖 [MS3-PKG] [DEBUG] 🤖 [MS3-PKG] [DEBUG] 🤖 [MS3-PKG] [DEBUG] 🤖 [MS3-PKG] [DEBUG] 🤖 [MS3-PKG] [DEBUG] 🤖 [MS3-PKG] [DEBUG] 🤖 [MS3-PKG] [DEBUG] 🤖 [MS3-PKG] [DEBUG] 🤖 [MS3-PKG] [DEBUG] 🤖 [MS3-PKG] [DEBUG] 🤖 [MS3-PKG] [DEBUG] 🤖 [MS3-PKG] [DEBUG] 🤖 [MS3-PKG] [DEBUG] 🤖 [MS3-PKG] [DEBUG] 📋 [analyzeJoiSchema] Schema keys: [ [32m&apos;web3authConfig&apos;[39m, [32m&apos;multiChainRpcs&apos;[39m ]
🤖 [MS3-PKG] [DEBUG] 🤖 [MS3-PKG] [DEBUG] 🤖 [MS3-PKG] [DEBUG] 🤖 [MS3-PKG] [DEBUG] 🤖 [MS3-PKG] [DEBUG] 🤖 [MS3-PKG] [DEBUG] 🤖 [MS3-PKG] [DEBUG] 🤖 [MS3-PKG] [DEBUG] 🤖 [MS3-PKG] [DEBUG] 🤖 [MS3-PKG] [DEBUG] 🤖 [MS3-PKG] [DEBUG] 🤖 [MS3-PKG] [DEBUG] 🤖 [MS3-PKG] [DEBUG] 🤖 [MS3-PKG] [DEBUG] ✅ [analyzeJoiSchema] Processing object schema with 2 keys
🤖 [MS3-PKG] [DEBUG] 🤖 [MS3-PKG] [DEBUG] 🤖 [MS3-PKG] [DEBUG] 🤖 [MS3-PKG] [DEBUG] 🤖 [MS3-PKG] [DEBUG] 🤖 [MS3-PKG] [DEBUG] 🤖 [MS3-PKG] [DEBUG] 🤖 [MS3-PKG] [DEBUG] 🤖 [MS3-PKG] [DEBUG] 🤖 [MS3-PKG] [DEBUG] 🤖 [MS3-PKG] [DEBUG] 🤖 [MS3-PKG] [DEBUG] 🤖 [MS3-PKG] [DEBUG] 🤖 [MS3-PKG] [DEBUG] 🔑 [analyzeJoiSchema] Processing field: web3authConfig
🤖 [MS3-PKG] [DEBUG] 🤖 [MS3-PKG] [DEBUG] 🤖 [MS3-PKG] [DEBUG] 🤖 [MS3-PKG] [DEBUG] 🤖 [MS3-PKG] [DEBUG] 🤖 [MS3-PKG] [DEBUG] 🤖 [MS3-PKG] [DEBUG] 🤖 [MS3-PKG] [DEBUG] 🤖 [MS3-PKG] [DEBUG] 🤖 [MS3-PKG] [DEBUG] 🤖 [MS3-PKG] [DEBUG] 🤖 [MS3-PKG] [DEBUG] 🤖 [MS3-PKG] [DEBUG] 🤖 [MS3-PKG] [DEBUG] 📝 [analyzeJoiSchema] Field description: {
  type: [32m&apos;object&apos;[39m,
  flags: {
    presence: [32m&apos;required&apos;[39m,
    description: [32m&apos;Web3Auth configuration object&apos;[39m
  },
  keys: {
    clientId: { type: [32m&apos;string&apos;[39m, flags: [36m[Object][39m },
    web3AuthNetwork: { type: [32m&apos;string&apos;[39m, flags: [36m[Object][39m, allow: [36m[Array][39m },
    chainConfig: { type: [32m&apos;object&apos;[39m, flags: [36m[Object][39m, keys: [36m[Object][39m },
    loginConfig: { type: [32m&apos;object&apos;[39m, flags: [36m[Object][39m },
    privateKeyProvider: { type: [32m&apos;any&apos;[39m, flags: [36m[Object][39m }
  }
}
🤖 [MS3-PKG] [DEBUG] 🤖 [MS3-PKG] [DEBUG] 🤖 [MS3-PKG] [DEBUG] 🤖 [MS3-PKG] [DEBUG] 🤖 [MS3-PKG] [DEBUG] 🤖 [MS3-PKG] [DEBUG] 🤖 [MS3-PKG] [DEBUG] 🤖 [MS3-PKG] [DEBUG] 🤖 [MS3-PKG] [DEBUG] 🤖 [MS3-PKG] [DEBUG] 🤖 [MS3-PKG] [DEBUG] 🤖 [MS3-PKG] [DEBUG] 🤖 [MS3-PKG] [DEBUG] 🤖 [MS3-PKG] [DEBUG] 📊 [analyzeJoiSchema] Field web3authConfig: type=object, required=true, message=&quot;Web3Auth configuration object&quot;
🤖 [MS3-PKG] [DEBUG] 🤖 [MS3-PKG] [DEBUG] 🤖 [MS3-PKG] [DEBUG] 🤖 [MS3-PKG] [DEBUG] 🤖 [MS3-PKG] [DEBUG] 🤖 [MS3-PKG] [DEBUG] 🤖 [MS3-PKG] [DEBUG] 🤖 [MS3-PKG] [DEBUG] 🤖 [MS3-PKG] [DEBUG] 🤖 [MS3-PKG] [DEBUG] 🤖 [MS3-PKG] [DEBUG] 🤖 [MS3-PKG] [DEBUG] 🤖 [MS3-PKG] [DEBUG] 🤖 [MS3-PKG] [DEBUG] 🔄 [analyzeJoiSchema] Recursing into nested object: web3authConfig
🤖 [MS3-PKG] [DEBUG] 🤖 [MS3-PKG] [DEBUG] 🤖 [MS3-PKG] [DEBUG] 🤖 [MS3-PKG] [DEBUG] 🤖 [MS3-PKG] [DEBUG] 🤖 [MS3-PKG] [DEBUG] 🤖 [MS3-PKG] [DEBUG] 🤖 [MS3-PKG] [DEBUG] 🤖 [MS3-PKG] [DEBUG] 🤖 [MS3-PKG] [DEBUG] 🤖 [MS3-PKG] [DEBUG] 🤖 [MS3-PKG] [DEBUG] 🤖 [MS3-PKG] [DEBUG] 🤖 [MS3-PKG] [DEBUG] 🔑 [analyzeJoiSchema] Processing field: multiChainRpcs
🤖 [MS3-PKG] [DEBUG] 🤖 [MS3-PKG] [DEBUG] 🤖 [MS3-PKG] [DEBUG] 🤖 [MS3-PKG] [DEBUG] 🤖 [MS3-PKG] [DEBUG] 🤖 [MS3-PKG] [DEBUG] 🤖 [MS3-PKG] [DEBUG] 🤖 [MS3-PKG] [DEBUG] 🤖 [MS3-PKG] [DEBUG] 🤖 [MS3-PKG] [DEBUG] 🤖 [MS3-PKG] [DEBUG] 🤖 [MS3-PKG] [DEBUG] 🤖 [MS3-PKG] [DEBUG] 🤖 [MS3-PKG] [DEBUG] 📝 [analyzeJoiSchema] Field description: {
  type: [32m&apos;object&apos;[39m,
  flags: {
    presence: [32m&apos;optional&apos;[39m,
    description: [32m&apos;Multi-chain RPC configuration - maps chain IDs to RPC URL arrays&apos;[39m
  },
  patterns: [ { schema: [36m[Object][39m, rule: [36m[Object][39m } ]
}
🤖 [MS3-PKG] [DEBUG] 🤖 [MS3-PKG] [DEBUG] 🤖 [MS3-PKG] [DEBUG] 🤖 [MS3-PKG] [DEBUG] 🤖 [MS3-PKG] [DEBUG] 🤖 [MS3-PKG] [DEBUG] 🤖 [MS3-PKG] [DEBUG] 🤖 [MS3-PKG] [DEBUG] 🤖 [MS3-PKG] [DEBUG] 🤖 [MS3-PKG] [DEBUG] 🤖 [MS3-PKG] [DEBUG] 🤖 [MS3-PKG] [DEBUG] 🤖 [MS3-PKG] [DEBUG] 🤖 [MS3-PKG] [DEBUG] 📊 [analyzeJoiSchema] Field multiChainRpcs: type=object, required=false, message=&quot;Multi-chain RPC configuration - maps chain IDs to RPC URL arrays&quot;
🤖 [MS3-PKG] [INFO] 🤖 [MS3-PKG] [INFO] 🤖 [MS3-PKG] [INFO] 🤖 [MS3-PKG] [INFO] 🤖 [MS3-PKG] [INFO] 🤖 [MS3-PKG] [INFO] 🤖 [MS3-PKG] [INFO] 🤖 [MS3-PKG] [INFO] 🤖 [MS3-PKG] [INFO] 🤖 [MS3-PKG] [INFO] 🤖 [MS3-PKG] [INFO] 🤖 [MS3-PKG] [INFO] 🤖 [MS3-PKG] [INFO] 🤖 [MS3-PKG] [INFO] 📊 [analyzeJoiSchema] Generated 14 requirements for options
🤖 [MS3-PKG] [DEBUG] 🤖 [MS3-PKG] [DEBUG] 🤖 [MS3-PKG] [DEBUG] 🤖 [MS3-PKG] [DEBUG] 🤖 [MS3-PKG] [DEBUG] 🤖 [MS3-PKG] [DEBUG] 🤖 [MS3-PKG] [DEBUG] 🤖 [MS3-PKG] [DEBUG] 🤖 [MS3-PKG] [DEBUG] 🤖 [MS3-PKG] [DEBUG] 🤖 [MS3-PKG] [DEBUG] 🤖 [MS3-PKG] [DEBUG] 🤖 [MS3-PKG] [DEBUG] 🤖 [MS3-PKG] [DEBUG] 🔍 [getRequirements] Starting analysis for bulk-test-23
🤖 [MS3-PKG] [DEBUG] 🤖 [MS3-PKG] [DEBUG] 🤖 [MS3-PKG] [DEBUG] 🤖 [MS3-PKG] [DEBUG] 🤖 [MS3-PKG] [DEBUG] 🤖 [MS3-PKG] [DEBUG] 🤖 [MS3-PKG] [DEBUG] 🤖 [MS3-PKG] [DEBUG] 🤖 [MS3-PKG] [DEBUG] 🤖 [MS3-PKG] [DEBUG] 🤖 [MS3-PKG] [DEBUG] 🤖 [MS3-PKG] [DEBUG] 🤖 [MS3-PKG] [DEBUG] 🤖 [MS3-PKG] [DEBUG] 🔬 [analyzeJoiSchema] Analyzing schema at path: options
🤖 [MS3-PKG] [DEBUG] 🤖 [MS3-PKG] [DEBUG] 🤖 [MS3-PKG] [DEBUG] 🤖 [MS3-PKG] [DEBUG] 🤖 [MS3-PKG] [DEBUG] 🤖 [MS3-PKG] [DEBUG] 🤖 [MS3-PKG] [DEBUG] 🤖 [MS3-PKG] [DEBUG] 🤖 [MS3-PKG] [DEBUG] 🤖 [MS3-PKG] [DEBUG] 🤖 [MS3-PKG] [DEBUG] 🤖 [MS3-PKG] [DEBUG] 🤖 [MS3-PKG] [DEBUG] 🤖 [MS3-PKG] [DEBUG] 📋 [analyzeJoiSchema] Schema description type: object
🤖 [MS3-PKG] [DEBUG] 🤖 [MS3-PKG] [DEBUG] 🤖 [MS3-PKG] [DEBUG] 🤖 [MS3-PKG] [DEBUG] 🤖 [MS3-PKG] [DEBUG] 🤖 [MS3-PKG] [DEBUG] 🤖 [MS3-PKG] [DEBUG] 🤖 [MS3-PKG] [DEBUG] 🤖 [MS3-PKG] [DEBUG] 🤖 [MS3-PKG] [DEBUG] 🤖 [MS3-PKG] [DEBUG] 🤖 [MS3-PKG] [DEBUG] 🤖 [MS3-PKG] [DEBUG] 🤖 [MS3-PKG] [DEBUG] 📋 [analyzeJoiSchema] Schema keys: [ [32m&apos;privateKey&apos;[39m, [32m&apos;provider&apos;[39m, [32m&apos;multiChainRpcs&apos;[39m ]
🤖 [MS3-PKG] [DEBUG] 🤖 [MS3-PKG] [DEBUG] 🤖 [MS3-PKG] [DEBUG] 🤖 [MS3-PKG] [DEBUG] 🤖 [MS3-PKG] [DEBUG] 🤖 [MS3-PKG] [DEBUG] 🤖 [MS3-PKG] [DEBUG] 🤖 [MS3-PKG] [DEBUG] 🤖 [MS3-PKG] [DEBUG] 🤖 [MS3-PKG] [DEBUG] 🤖 [MS3-PKG] [DEBUG] 🤖 [MS3-PKG] [DEBUG] 🤖 [MS3-PKG] [DEBUG] 🤖 [MS3-PKG] [DEBUG] ✅ [analyzeJoiSchema] Processing object schema with 3 keys
🤖 [MS3-PKG] [DEBUG] 🤖 [MS3-PKG] [DEBUG] 🤖 [MS3-PKG] [DEBUG] 🤖 [MS3-PKG] [DEBUG] 🤖 [MS3-PKG] [DEBUG] 🤖 [MS3-PKG] [DEBUG] 🤖 [MS3-PKG] [DEBUG] 🤖 [MS3-PKG] [DEBUG] 🤖 [MS3-PKG] [DEBUG] 🤖 [MS3-PKG] [DEBUG] 🤖 [MS3-PKG] [DEBUG] 🤖 [MS3-PKG] [DEBUG] 🤖 [MS3-PKG] [DEBUG] 🤖 [MS3-PKG] [DEBUG] 🔑 [analyzeJoiSchema] Processing field: privateKey
🤖 [MS3-PKG] [DEBUG] 🤖 [MS3-PKG] [DEBUG] 🤖 [MS3-PKG] [DEBUG] 🤖 [MS3-PKG] [DEBUG] 🤖 [MS3-PKG] [DEBUG] 🤖 [MS3-PKG] [DEBUG] 🤖 [MS3-PKG] [DEBUG] 🤖 [MS3-PKG] [DEBUG] 🤖 [MS3-PKG] [DEBUG] 🤖 [MS3-PKG] [DEBUG] 🤖 [MS3-PKG] [DEBUG] 🤖 [MS3-PKG] [DEBUG] 🤖 [MS3-PKG] [DEBUG] 🤖 [MS3-PKG] [DEBUG] 📝 [analyzeJoiSchema] Field description: {
  type: [32m&apos;string&apos;[39m,
  flags: {
    presence: [32m&apos;required&apos;[39m,
    description: [32m&apos;Private key for wallet (generates random if not provided)&apos;[39m
  },
  rules: [ { name: [32m&apos;pattern&apos;[39m, args: [36m[Object][39m } ]
}
🤖 [MS3-PKG] [DEBUG] 🤖 [MS3-PKG] [DEBUG] 🤖 [MS3-PKG] [DEBUG] 🤖 [MS3-PKG] [DEBUG] 🤖 [MS3-PKG] [DEBUG] 🤖 [MS3-PKG] [DEBUG] 🤖 [MS3-PKG] [DEBUG] 🤖 [MS3-PKG] [DEBUG] 🤖 [MS3-PKG] [DEBUG] 🤖 [MS3-PKG] [DEBUG] 🤖 [MS3-PKG] [DEBUG] 🤖 [MS3-PKG] [DEBUG] 🤖 [MS3-PKG] [DEBUG] 🤖 [MS3-PKG] [DEBUG] 📊 [analyzeJoiSchema] Field privateKey: type=string, required=true, message=&quot;Private key for wallet (generates random if not provided)&quot;
🤖 [MS3-PKG] [DEBUG] 🤖 [MS3-PKG] [DEBUG] 🤖 [MS3-PKG] [DEBUG] 🤖 [MS3-PKG] [DEBUG] 🤖 [MS3-PKG] [DEBUG] 🤖 [MS3-PKG] [DEBUG] 🤖 [MS3-PKG] [DEBUG] 🤖 [MS3-PKG] [DEBUG] 🤖 [MS3-PKG] [DEBUG] 🤖 [MS3-PKG] [DEBUG] 🤖 [MS3-PKG] [DEBUG] 🤖 [MS3-PKG] [DEBUG] 🤖 [MS3-PKG] [DEBUG] 🤖 [MS3-PKG] [DEBUG] 🔑 [analyzeJoiSchema] Processing field: provider
🤖 [MS3-PKG] [DEBUG] 🤖 [MS3-PKG] [DEBUG] 🤖 [MS3-PKG] [DEBUG] 🤖 [MS3-PKG] [DEBUG] 🤖 [MS3-PKG] [DEBUG] 🤖 [MS3-PKG] [DEBUG] 🤖 [MS3-PKG] [DEBUG] 🤖 [MS3-PKG] [DEBUG] 🤖 [MS3-PKG] [DEBUG] 🤖 [MS3-PKG] [DEBUG] 🤖 [MS3-PKG] [DEBUG] 🤖 [MS3-PKG] [DEBUG] 🤖 [MS3-PKG] [DEBUG] 🤖 [MS3-PKG] [DEBUG] 📝 [analyzeJoiSchema] Field description: {
  type: [32m&apos;object&apos;[39m,
  flags: {
    presence: [32m&apos;optional&apos;[39m,
    description: [32m&apos;Optional provider configuration&apos;[39m
  },
  keys: {
    name: { type: [32m&apos;string&apos;[39m, flags: [36m[Object][39m },
    chainId: { type: [32m&apos;string&apos;[39m, flags: [36m[Object][39m, rules: [36m[Array][39m },
    rpcUrls: { type: [32m&apos;array&apos;[39m, flags: [36m[Object][39m, rules: [36m[Array][39m, items: [36m[Array][39m },
    displayName: { type: [32m&apos;string&apos;[39m, flags: [36m[Object][39m }
  }
}
🤖 [MS3-PKG] [DEBUG] 🤖 [MS3-PKG] [DEBUG] 🤖 [MS3-PKG] [DEBUG] 🤖 [MS3-PKG] [DEBUG] 🤖 [MS3-PKG] [DEBUG] 🤖 [MS3-PKG] [DEBUG] 🤖 [MS3-PKG] [DEBUG] 🤖 [MS3-PKG] [DEBUG] 🤖 [MS3-PKG] [DEBUG] 🤖 [MS3-PKG] [DEBUG] 🤖 [MS3-PKG] [DEBUG] 🤖 [MS3-PKG] [DEBUG] 🤖 [MS3-PKG] [DEBUG] 🤖 [MS3-PKG] [DEBUG] 📊 [analyzeJoiSchema] Field provider: type=object, required=false, message=&quot;Optional provider configuration&quot;
🤖 [MS3-PKG] [DEBUG] 🤖 [MS3-PKG] [DEBUG] 🤖 [MS3-PKG] [DEBUG] 🤖 [MS3-PKG] [DEBUG] 🤖 [MS3-PKG] [DEBUG] 🤖 [MS3-PKG] [DEBUG] 🤖 [MS3-PKG] [DEBUG] 🤖 [MS3-PKG] [DEBUG] 🤖 [MS3-PKG] [DEBUG] 🤖 [MS3-PKG] [DEBUG] 🤖 [MS3-PKG] [DEBUG] 🤖 [MS3-PKG] [DEBUG] 🤖 [MS3-PKG] [DEBUG] 🤖 [MS3-PKG] [DEBUG] 🔄 [analyzeJoiSchema] Recursing into nested object: provider
🤖 [MS3-PKG] [DEBUG] 🤖 [MS3-PKG] [DEBUG] 🤖 [MS3-PKG] [DEBUG] 🤖 [MS3-PKG] [DEBUG] 🤖 [MS3-PKG] [DEBUG] 🤖 [MS3-PKG] [DEBUG] 🤖 [MS3-PKG] [DEBUG] 🤖 [MS3-PKG] [DEBUG] 🤖 [MS3-PKG] [DEBUG] 🤖 [MS3-PKG] [DEBUG] 🤖 [MS3-PKG] [DEBUG] 🤖 [MS3-PKG] [DEBUG] 🤖 [MS3-PKG] [DEBUG] 🤖 [MS3-PKG] [DEBUG] 🔑 [analyzeJoiSchema] Processing field: multiChainRpcs
🤖 [MS3-PKG] [DEBUG] 🤖 [MS3-PKG] [DEBUG] 🤖 [MS3-PKG] [DEBUG] 🤖 [MS3-PKG] [DEBUG] 🤖 [MS3-PKG] [DEBUG] 🤖 [MS3-PKG] [DEBUG] 🤖 [MS3-PKG] [DEBUG] 🤖 [MS3-PKG] [DEBUG] 🤖 [MS3-PKG] [DEBUG] 🤖 [MS3-PKG] [DEBUG] 🤖 [MS3-PKG] [DEBUG] 🤖 [MS3-PKG] [DEBUG] 🤖 [MS3-PKG] [DEBUG] 🤖 [MS3-PKG] [DEBUG] 📝 [analyzeJoiSchema] Field description: {
  type: [32m&apos;object&apos;[39m,
  flags: {
    presence: [32m&apos;optional&apos;[39m,
    description: [32m&apos;Multi-chain RPC configuration - maps chain IDs to RPC URL arrays&apos;[39m
  },
  patterns: [ { schema: [36m[Object][39m, rule: [36m[Object][39m } ]
}
🤖 [MS3-PKG] [DEBUG] 🤖 [MS3-PKG] [DEBUG] 🤖 [MS3-PKG] [DEBUG] 🤖 [MS3-PKG] [DEBUG] 🤖 [MS3-PKG] [DEBUG] 🤖 [MS3-PKG] [DEBUG] 🤖 [MS3-PKG] [DEBUG] 🤖 [MS3-PKG] [DEBUG] 🤖 [MS3-PKG] [DEBUG] 🤖 [MS3-PKG] [DEBUG] 🤖 [MS3-PKG] [DEBUG] 🤖 [MS3-PKG] [DEBUG] 🤖 [MS3-PKG] [DEBUG] 🤖 [MS3-PKG] [DEBUG] 📊 [analyzeJoiSchema] Field multiChainRpcs: type=object, required=false, message=&quot;Multi-chain RPC configuration - maps chain IDs to RPC URL arrays&quot;
🤖 [MS3-PKG] [INFO] 🤖 [MS3-PKG] [INFO] 🤖 [MS3-PKG] [INFO] 🤖 [MS3-PKG] [INFO] 🤖 [MS3-PKG] [INFO] 🤖 [MS3-PKG] [INFO] 🤖 [MS3-PKG] [INFO] 🤖 [MS3-PKG] [INFO] 🤖 [MS3-PKG] [INFO] 🤖 [MS3-PKG] [INFO] 🤖 [MS3-PKG] [INFO] 🤖 [MS3-PKG] [INFO] 🤖 [MS3-PKG] [INFO] 🤖 [MS3-PKG] [INFO] 📊 [analyzeJoiSchema] Generated 7 requirements for options
🤖 [MS3-PKG] [DEBUG] 🤖 [MS3-PKG] [DEBUG] 🤖 [MS3-PKG] [DEBUG] 🤖 [MS3-PKG] [DEBUG] 🤖 [MS3-PKG] [DEBUG] 🤖 [MS3-PKG] [DEBUG] 🤖 [MS3-PKG] [DEBUG] 🤖 [MS3-PKG] [DEBUG] 🤖 [MS3-PKG] [DEBUG] 🤖 [MS3-PKG] [DEBUG] 🤖 [MS3-PKG] [DEBUG] 🤖 [MS3-PKG] [DEBUG] 🤖 [MS3-PKG] [DEBUG] 🤖 [MS3-PKG] [DEBUG] 🔍 [getRequirements] Starting analysis for bulk-test-23
🤖 [MS3-PKG] [DEBUG] 🤖 [MS3-PKG] [DEBUG] 🤖 [MS3-PKG] [DEBUG] 🤖 [MS3-PKG] [DEBUG] 🤖 [MS3-PKG] [DEBUG] 🤖 [MS3-PKG] [DEBUG] 🤖 [MS3-PKG] [DEBUG] 🤖 [MS3-PKG] [DEBUG] 🤖 [MS3-PKG] [DEBUG] 🤖 [MS3-PKG] [DEBUG] 🤖 [MS3-PKG] [DEBUG] 🤖 [MS3-PKG] [DEBUG] 🤖 [MS3-PKG] [DEBUG] 🤖 [MS3-PKG] [DEBUG] 🔬 [analyzeJoiSchema] Analyzing schema at path: options
🤖 [MS3-PKG] [DEBUG] 🤖 [MS3-PKG] [DEBUG] 🤖 [MS3-PKG] [DEBUG] 🤖 [MS3-PKG] [DEBUG] 🤖 [MS3-PKG] [DEBUG] 🤖 [MS3-PKG] [DEBUG] 🤖 [MS3-PKG] [DEBUG] 🤖 [MS3-PKG] [DEBUG] 🤖 [MS3-PKG] [DEBUG] 🤖 [MS3-PKG] [DEBUG] 🤖 [MS3-PKG] [DEBUG] 🤖 [MS3-PKG] [DEBUG] 🤖 [MS3-PKG] [DEBUG] 🤖 [MS3-PKG] [DEBUG] 📋 [analyzeJoiSchema] Schema description type: object
🤖 [MS3-PKG] [DEBUG] 🤖 [MS3-PKG] [DEBUG] 🤖 [MS3-PKG] [DEBUG] 🤖 [MS3-PKG] [DEBUG] 🤖 [MS3-PKG] [DEBUG] 🤖 [MS3-PKG] [DEBUG] 🤖 [MS3-PKG] [DEBUG] 🤖 [MS3-PKG] [DEBUG] 🤖 [MS3-PKG] [DEBUG] 🤖 [MS3-PKG] [DEBUG] 🤖 [MS3-PKG] [DEBUG] 🤖 [MS3-PKG] [DEBUG] 🤖 [MS3-PKG] [DEBUG] 🤖 [MS3-PKG] [DEBUG] 📋 [analyzeJoiSchema] Schema keys: [ [32m&apos;web3authConfig&apos;[39m, [32m&apos;multiChainRpcs&apos;[39m ]
🤖 [MS3-PKG] [DEBUG] 🤖 [MS3-PKG] [DEBUG] 🤖 [MS3-PKG] [DEBUG] 🤖 [MS3-PKG] [DEBUG] 🤖 [MS3-PKG] [DEBUG] 🤖 [MS3-PKG] [DEBUG] 🤖 [MS3-PKG] [DEBUG] 🤖 [MS3-PKG] [DEBUG] 🤖 [MS3-PKG] [DEBUG] 🤖 [MS3-PKG] [DEBUG] 🤖 [MS3-PKG] [DEBUG] 🤖 [MS3-PKG] [DEBUG] 🤖 [MS3-PKG] [DEBUG] 🤖 [MS3-PKG] [DEBUG] ✅ [analyzeJoiSchema] Processing object schema with 2 keys
🤖 [MS3-PKG] [DEBUG] 🤖 [MS3-PKG] [DEBUG] 🤖 [MS3-PKG] [DEBUG] 🤖 [MS3-PKG] [DEBUG] 🤖 [MS3-PKG] [DEBUG] 🤖 [MS3-PKG] [DEBUG] 🤖 [MS3-PKG] [DEBUG] 🤖 [MS3-PKG] [DEBUG] 🤖 [MS3-PKG] [DEBUG] 🤖 [MS3-PKG] [DEBUG] 🤖 [MS3-PKG] [DEBUG] 🤖 [MS3-PKG] [DEBUG] 🤖 [MS3-PKG] [DEBUG] 🤖 [MS3-PKG] [DEBUG] 🔑 [analyzeJoiSchema] Processing field: web3authConfig
🤖 [MS3-PKG] [DEBUG] 🤖 [MS3-PKG] [DEBUG] 🤖 [MS3-PKG] [DEBUG] 🤖 [MS3-PKG] [DEBUG] 🤖 [MS3-PKG] [DEBUG] 🤖 [MS3-PKG] [DEBUG] 🤖 [MS3-PKG] [DEBUG] 🤖 [MS3-PKG] [DEBUG] 🤖 [MS3-PKG] [DEBUG] 🤖 [MS3-PKG] [DEBUG] 🤖 [MS3-PKG] [DEBUG] 🤖 [MS3-PKG] [DEBUG] 🤖 [MS3-PKG] [DEBUG] 🤖 [MS3-PKG] [DEBUG] 📝 [analyzeJoiSchema] Field description: {
  type: [32m&apos;object&apos;[39m,
  flags: {
    presence: [32m&apos;required&apos;[39m,
    description: [32m&apos;Web3Auth configuration object&apos;[39m
  },
  keys: {
    clientId: { type: [32m&apos;string&apos;[39m, flags: [36m[Object][39m },
    web3AuthNetwork: { type: [32m&apos;string&apos;[39m, flags: [36m[Object][39m, allow: [36m[Array][39m },
    chainConfig: { type: [32m&apos;object&apos;[39m, flags: [36m[Object][39m, keys: [36m[Object][39m },
    loginConfig: { type: [32m&apos;object&apos;[39m, flags: [36m[Object][39m },
    privateKeyProvider: { type: [32m&apos;any&apos;[39m, flags: [36m[Object][39m }
  }
}
🤖 [MS3-PKG] [DEBUG] 🤖 [MS3-PKG] [DEBUG] 🤖 [MS3-PKG] [DEBUG] 🤖 [MS3-PKG] [DEBUG] 🤖 [MS3-PKG] [DEBUG] 🤖 [MS3-PKG] [DEBUG] 🤖 [MS3-PKG] [DEBUG] 🤖 [MS3-PKG] [DEBUG] 🤖 [MS3-PKG] [DEBUG] 🤖 [MS3-PKG] [DEBUG] 🤖 [MS3-PKG] [DEBUG] 🤖 [MS3-PKG] [DEBUG] 🤖 [MS3-PKG] [DEBUG] 🤖 [MS3-PKG] [DEBUG] 📊 [analyzeJoiSchema] Field web3authConfig: type=object, required=true, message=&quot;Web3Auth configuration object&quot;
🤖 [MS3-PKG] [DEBUG] 🤖 [MS3-PKG] [DEBUG] 🤖 [MS3-PKG] [DEBUG] 🤖 [MS3-PKG] [DEBUG] 🤖 [MS3-PKG] [DEBUG] 🤖 [MS3-PKG] [DEBUG] 🤖 [MS3-PKG] [DEBUG] 🤖 [MS3-PKG] [DEBUG] 🤖 [MS3-PKG] [DEBUG] 🤖 [MS3-PKG] [DEBUG] 🤖 [MS3-PKG] [DEBUG] 🤖 [MS3-PKG] [DEBUG] 🤖 [MS3-PKG] [DEBUG] 🤖 [MS3-PKG] [DEBUG] 🔄 [analyzeJoiSchema] Recursing into nested object: web3authConfig
🤖 [MS3-PKG] [DEBUG] 🤖 [MS3-PKG] [DEBUG] 🤖 [MS3-PKG] [DEBUG] 🤖 [MS3-PKG] [DEBUG] 🤖 [MS3-PKG] [DEBUG] 🤖 [MS3-PKG] [DEBUG] 🤖 [MS3-PKG] [DEBUG] 🤖 [MS3-PKG] [DEBUG] 🤖 [MS3-PKG] [DEBUG] 🤖 [MS3-PKG] [DEBUG] 🤖 [MS3-PKG] [DEBUG] 🤖 [MS3-PKG] [DEBUG] 🤖 [MS3-PKG] [DEBUG] 🤖 [MS3-PKG] [DEBUG] 🔑 [analyzeJoiSchema] Processing field: multiChainRpcs
🤖 [MS3-PKG] [DEBUG] 🤖 [MS3-PKG] [DEBUG] 🤖 [MS3-PKG] [DEBUG] 🤖 [MS3-PKG] [DEBUG] 🤖 [MS3-PKG] [DEBUG] 🤖 [MS3-PKG] [DEBUG] 🤖 [MS3-PKG] [DEBUG] 🤖 [MS3-PKG] [DEBUG] 🤖 [MS3-PKG] [DEBUG] 🤖 [MS3-PKG] [DEBUG] 🤖 [MS3-PKG] [DEBUG] 🤖 [MS3-PKG] [DEBUG] 🤖 [MS3-PKG] [DEBUG] 🤖 [MS3-PKG] [DEBUG] 📝 [analyzeJoiSchema] Field description: {
  type: [32m&apos;object&apos;[39m,
  flags: {
    presence: [32m&apos;optional&apos;[39m,
    description: [32m&apos;Multi-chain RPC configuration - maps chain IDs to RPC URL arrays&apos;[39m
  },
  patterns: [ { schema: [36m[Object][39m, rule: [36m[Object][39m } ]
}
🤖 [MS3-PKG] [DEBUG] 🤖 [MS3-PKG] [DEBUG] 🤖 [MS3-PKG] [DEBUG] 🤖 [MS3-PKG] [DEBUG] 🤖 [MS3-PKG] [DEBUG] 🤖 [MS3-PKG] [DEBUG] 🤖 [MS3-PKG] [DEBUG] 🤖 [MS3-PKG] [DEBUG] 🤖 [MS3-PKG] [DEBUG] 🤖 [MS3-PKG] [DEBUG] 🤖 [MS3-PKG] [DEBUG] 🤖 [MS3-PKG] [DEBUG] 🤖 [MS3-PKG] [DEBUG] 🤖 [MS3-PKG] [DEBUG] 📊 [analyzeJoiSchema] Field multiChainRpcs: type=object, required=false, message=&quot;Multi-chain RPC configuration - maps chain IDs to RPC URL arrays&quot;
🤖 [MS3-PKG] [INFO] 🤖 [MS3-PKG] [INFO] 🤖 [MS3-PKG] [INFO] 🤖 [MS3-PKG] [INFO] 🤖 [MS3-PKG] [INFO] 🤖 [MS3-PKG] [INFO] 🤖 [MS3-PKG] [INFO] 🤖 [MS3-PKG] [INFO] 🤖 [MS3-PKG] [INFO] 🤖 [MS3-PKG] [INFO] 🤖 [MS3-PKG] [INFO] 🤖 [MS3-PKG] [INFO] 🤖 [MS3-PKG] [INFO] 🤖 [MS3-PKG] [INFO] 📊 [analyzeJoiSchema] Generated 14 requirements for options
🤖 [MS3-PKG] [DEBUG] 🤖 [MS3-PKG] [DEBUG] 🤖 [MS3-PKG] [DEBUG] 🤖 [MS3-PKG] [DEBUG] 🤖 [MS3-PKG] [DEBUG] 🤖 [MS3-PKG] [DEBUG] 🤖 [MS3-PKG] [DEBUG] 🤖 [MS3-PKG] [DEBUG] 🤖 [MS3-PKG] [DEBUG] 🤖 [MS3-PKG] [DEBUG] 🤖 [MS3-PKG] [DEBUG] 🤖 [MS3-PKG] [DEBUG] 🤖 [MS3-PKG] [DEBUG] 🤖 [MS3-PKG] [DEBUG] 🔍 [getRequirements] Starting analysis for bulk-test-24
🤖 [MS3-PKG] [DEBUG] 🤖 [MS3-PKG] [DEBUG] 🤖 [MS3-PKG] [DEBUG] 🤖 [MS3-PKG] [DEBUG] 🤖 [MS3-PKG] [DEBUG] 🤖 [MS3-PKG] [DEBUG] 🤖 [MS3-PKG] [DEBUG] 🤖 [MS3-PKG] [DEBUG] 🤖 [MS3-PKG] [DEBUG] 🤖 [MS3-PKG] [DEBUG] 🤖 [MS3-PKG] [DEBUG] 🤖 [MS3-PKG] [DEBUG] 🤖 [MS3-PKG] [DEBUG] 🤖 [MS3-PKG] [DEBUG] 🔬 [analyzeJoiSchema] Analyzing schema at path: options
🤖 [MS3-PKG] [DEBUG] 🤖 [MS3-PKG] [DEBUG] 🤖 [MS3-PKG] [DEBUG] 🤖 [MS3-PKG] [DEBUG] 🤖 [MS3-PKG] [DEBUG] 🤖 [MS3-PKG] [DEBUG] 🤖 [MS3-PKG] [DEBUG] 🤖 [MS3-PKG] [DEBUG] 🤖 [MS3-PKG] [DEBUG] 🤖 [MS3-PKG] [DEBUG] 🤖 [MS3-PKG] [DEBUG] 🤖 [MS3-PKG] [DEBUG] 🤖 [MS3-PKG] [DEBUG] 🤖 [MS3-PKG] [DEBUG] 📋 [analyzeJoiSchema] Schema description type: object
🤖 [MS3-PKG] [DEBUG] 🤖 [MS3-PKG] [DEBUG] 🤖 [MS3-PKG] [DEBUG] 🤖 [MS3-PKG] [DEBUG] 🤖 [MS3-PKG] [DEBUG] 🤖 [MS3-PKG] [DEBUG] 🤖 [MS3-PKG] [DEBUG] 🤖 [MS3-PKG] [DEBUG] 🤖 [MS3-PKG] [DEBUG] 🤖 [MS3-PKG] [DEBUG] 🤖 [MS3-PKG] [DEBUG] 🤖 [MS3-PKG] [DEBUG] 🤖 [MS3-PKG] [DEBUG] 🤖 [MS3-PKG] [DEBUG] 📋 [analyzeJoiSchema] Schema keys: [ [32m&apos;privateKey&apos;[39m, [32m&apos;provider&apos;[39m, [32m&apos;multiChainRpcs&apos;[39m ]
🤖 [MS3-PKG] [DEBUG] 🤖 [MS3-PKG] [DEBUG] 🤖 [MS3-PKG] [DEBUG] 🤖 [MS3-PKG] [DEBUG] 🤖 [MS3-PKG] [DEBUG] 🤖 [MS3-PKG] [DEBUG] 🤖 [MS3-PKG] [DEBUG] 🤖 [MS3-PKG] [DEBUG] 🤖 [MS3-PKG] [DEBUG] 🤖 [MS3-PKG] [DEBUG] 🤖 [MS3-PKG] [DEBUG] 🤖 [MS3-PKG] [DEBUG] 🤖 [MS3-PKG] [DEBUG] 🤖 [MS3-PKG] [DEBUG] ✅ [analyzeJoiSchema] Processing object schema with 3 keys
🤖 [MS3-PKG] [DEBUG] 🤖 [MS3-PKG] [DEBUG] 🤖 [MS3-PKG] [DEBUG] 🤖 [MS3-PKG] [DEBUG] 🤖 [MS3-PKG] [DEBUG] 🤖 [MS3-PKG] [DEBUG] 🤖 [MS3-PKG] [DEBUG] 🤖 [MS3-PKG] [DEBUG] 🤖 [MS3-PKG] [DEBUG] 🤖 [MS3-PKG] [DEBUG] 🤖 [MS3-PKG] [DEBUG] 🤖 [MS3-PKG] [DEBUG] 🤖 [MS3-PKG] [DEBUG] 🤖 [MS3-PKG] [DEBUG] 🔑 [analyzeJoiSchema] Processing field: privateKey
🤖 [MS3-PKG] [DEBUG] 🤖 [MS3-PKG] [DEBUG] 🤖 [MS3-PKG] [DEBUG] 🤖 [MS3-PKG] [DEBUG] 🤖 [MS3-PKG] [DEBUG] 🤖 [MS3-PKG] [DEBUG] 🤖 [MS3-PKG] [DEBUG] 🤖 [MS3-PKG] [DEBUG] 🤖 [MS3-PKG] [DEBUG] 🤖 [MS3-PKG] [DEBUG] 🤖 [MS3-PKG] [DEBUG] 🤖 [MS3-PKG] [DEBUG] 🤖 [MS3-PKG] [DEBUG] 🤖 [MS3-PKG] [DEBUG] 📝 [analyzeJoiSchema] Field description: {
  type: [32m&apos;string&apos;[39m,
  flags: {
    presence: [32m&apos;required&apos;[39m,
    description: [32m&apos;Private key for wallet (generates random if not provided)&apos;[39m
  },
  rules: [ { name: [32m&apos;pattern&apos;[39m, args: [36m[Object][39m } ]
}
🤖 [MS3-PKG] [DEBUG] 🤖 [MS3-PKG] [DEBUG] 🤖 [MS3-PKG] [DEBUG] 🤖 [MS3-PKG] [DEBUG] 🤖 [MS3-PKG] [DEBUG] 🤖 [MS3-PKG] [DEBUG] 🤖 [MS3-PKG] [DEBUG] 🤖 [MS3-PKG] [DEBUG] 🤖 [MS3-PKG] [DEBUG] 🤖 [MS3-PKG] [DEBUG] 🤖 [MS3-PKG] [DEBUG] 🤖 [MS3-PKG] [DEBUG] 🤖 [MS3-PKG] [DEBUG] 🤖 [MS3-PKG] [DEBUG] 📊 [analyzeJoiSchema] Field privateKey: type=string, required=true, message=&quot;Private key for wallet (generates random if not provided)&quot;
🤖 [MS3-PKG] [DEBUG] 🤖 [MS3-PKG] [DEBUG] 🤖 [MS3-PKG] [DEBUG] 🤖 [MS3-PKG] [DEBUG] 🤖 [MS3-PKG] [DEBUG] 🤖 [MS3-PKG] [DEBUG] 🤖 [MS3-PKG] [DEBUG] 🤖 [MS3-PKG] [DEBUG] 🤖 [MS3-PKG] [DEBUG] 🤖 [MS3-PKG] [DEBUG] 🤖 [MS3-PKG] [DEBUG] 🤖 [MS3-PKG] [DEBUG] 🤖 [MS3-PKG] [DEBUG] 🤖 [MS3-PKG] [DEBUG] 🔑 [analyzeJoiSchema] Processing field: provider
🤖 [MS3-PKG] [DEBUG] 🤖 [MS3-PKG] [DEBUG] 🤖 [MS3-PKG] [DEBUG] 🤖 [MS3-PKG] [DEBUG] 🤖 [MS3-PKG] [DEBUG] 🤖 [MS3-PKG] [DEBUG] 🤖 [MS3-PKG] [DEBUG] 🤖 [MS3-PKG] [DEBUG] 🤖 [MS3-PKG] [DEBUG] 🤖 [MS3-PKG] [DEBUG] 🤖 [MS3-PKG] [DEBUG] 🤖 [MS3-PKG] [DEBUG] 🤖 [MS3-PKG] [DEBUG] 🤖 [MS3-PKG] [DEBUG] 📝 [analyzeJoiSchema] Field description: {
  type: [32m&apos;object&apos;[39m,
  flags: {
    presence: [32m&apos;optional&apos;[39m,
    description: [32m&apos;Optional provider configuration&apos;[39m
  },
  keys: {
    name: { type: [32m&apos;string&apos;[39m, flags: [36m[Object][39m },
    chainId: { type: [32m&apos;string&apos;[39m, flags: [36m[Object][39m, rules: [36m[Array][39m },
    rpcUrls: { type: [32m&apos;array&apos;[39m, flags: [36m[Object][39m, rules: [36m[Array][39m, items: [36m[Array][39m },
    displayName: { type: [32m&apos;string&apos;[39m, flags: [36m[Object][39m }
  }
}
🤖 [MS3-PKG] [DEBUG] 🤖 [MS3-PKG] [DEBUG] 🤖 [MS3-PKG] [DEBUG] 🤖 [MS3-PKG] [DEBUG] 🤖 [MS3-PKG] [DEBUG] 🤖 [MS3-PKG] [DEBUG] 🤖 [MS3-PKG] [DEBUG] 🤖 [MS3-PKG] [DEBUG] 🤖 [MS3-PKG] [DEBUG] 🤖 [MS3-PKG] [DEBUG] 🤖 [MS3-PKG] [DEBUG] 🤖 [MS3-PKG] [DEBUG] 🤖 [MS3-PKG] [DEBUG] 🤖 [MS3-PKG] [DEBUG] 📊 [analyzeJoiSchema] Field provider: type=object, required=false, message=&quot;Optional provider configuration&quot;
🤖 [MS3-PKG] [DEBUG] 🤖 [MS3-PKG] [DEBUG] 🤖 [MS3-PKG] [DEBUG] 🤖 [MS3-PKG] [DEBUG] 🤖 [MS3-PKG] [DEBUG] 🤖 [MS3-PKG] [DEBUG] 🤖 [MS3-PKG] [DEBUG] 🤖 [MS3-PKG] [DEBUG] 🤖 [MS3-PKG] [DEBUG] 🤖 [MS3-PKG] [DEBUG] 🤖 [MS3-PKG] [DEBUG] 🤖 [MS3-PKG] [DEBUG] 🤖 [MS3-PKG] [DEBUG] 🤖 [MS3-PKG] [DEBUG] 🔄 [analyzeJoiSchema] Recursing into nested object: provider
🤖 [MS3-PKG] [DEBUG] 🤖 [MS3-PKG] [DEBUG] 🤖 [MS3-PKG] [DEBUG] 🤖 [MS3-PKG] [DEBUG] 🤖 [MS3-PKG] [DEBUG] 🤖 [MS3-PKG] [DEBUG] 🤖 [MS3-PKG] [DEBUG] 🤖 [MS3-PKG] [DEBUG] 🤖 [MS3-PKG] [DEBUG] 🤖 [MS3-PKG] [DEBUG] 🤖 [MS3-PKG] [DEBUG] 🤖 [MS3-PKG] [DEBUG] 🤖 [MS3-PKG] [DEBUG] 🤖 [MS3-PKG] [DEBUG] 🔑 [analyzeJoiSchema] Processing field: multiChainRpcs
🤖 [MS3-PKG] [DEBUG] 🤖 [MS3-PKG] [DEBUG] 🤖 [MS3-PKG] [DEBUG] 🤖 [MS3-PKG] [DEBUG] 🤖 [MS3-PKG] [DEBUG] 🤖 [MS3-PKG] [DEBUG] 🤖 [MS3-PKG] [DEBUG] 🤖 [MS3-PKG] [DEBUG] 🤖 [MS3-PKG] [DEBUG] 🤖 [MS3-PKG] [DEBUG] 🤖 [MS3-PKG] [DEBUG] 🤖 [MS3-PKG] [DEBUG] 🤖 [MS3-PKG] [DEBUG] 🤖 [MS3-PKG] [DEBUG] 📝 [analyzeJoiSchema] Field description: {
  type: [32m&apos;object&apos;[39m,
  flags: {
    presence: [32m&apos;optional&apos;[39m,
    description: [32m&apos;Multi-chain RPC configuration - maps chain IDs to RPC URL arrays&apos;[39m
  },
  patterns: [ { schema: [36m[Object][39m, rule: [36m[Object][39m } ]
}
🤖 [MS3-PKG] [DEBUG] 🤖 [MS3-PKG] [DEBUG] 🤖 [MS3-PKG] [DEBUG] 🤖 [MS3-PKG] [DEBUG] 🤖 [MS3-PKG] [DEBUG] 🤖 [MS3-PKG] [DEBUG] 🤖 [MS3-PKG] [DEBUG] 🤖 [MS3-PKG] [DEBUG] 🤖 [MS3-PKG] [DEBUG] 🤖 [MS3-PKG] [DEBUG] 🤖 [MS3-PKG] [DEBUG] 🤖 [MS3-PKG] [DEBUG] 🤖 [MS3-PKG] [DEBUG] 🤖 [MS3-PKG] [DEBUG] 📊 [analyzeJoiSchema] Field multiChainRpcs: type=object, required=false, message=&quot;Multi-chain RPC configuration - maps chain IDs to RPC URL arrays&quot;
🤖 [MS3-PKG] [INFO] 🤖 [MS3-PKG] [INFO] 🤖 [MS3-PKG] [INFO] 🤖 [MS3-PKG] [INFO] 🤖 [MS3-PKG] [INFO] 🤖 [MS3-PKG] [INFO] 🤖 [MS3-PKG] [INFO] 🤖 [MS3-PKG] [INFO] 🤖 [MS3-PKG] [INFO] 🤖 [MS3-PKG] [INFO] 🤖 [MS3-PKG] [INFO] 🤖 [MS3-PKG] [INFO] 🤖 [MS3-PKG] [INFO] 🤖 [MS3-PKG] [INFO] 📊 [analyzeJoiSchema] Generated 7 requirements for options
🤖 [MS3-PKG] [DEBUG] 🤖 [MS3-PKG] [DEBUG] 🤖 [MS3-PKG] [DEBUG] 🤖 [MS3-PKG] [DEBUG] 🤖 [MS3-PKG] [DEBUG] 🤖 [MS3-PKG] [DEBUG] 🤖 [MS3-PKG] [DEBUG] 🤖 [MS3-PKG] [DEBUG] 🤖 [MS3-PKG] [DEBUG] 🤖 [MS3-PKG] [DEBUG] 🤖 [MS3-PKG] [DEBUG] 🤖 [MS3-PKG] [DEBUG] 🤖 [MS3-PKG] [DEBUG] 🤖 [MS3-PKG] [DEBUG] 🔍 [getRequirements] Starting analysis for bulk-test-24
🤖 [MS3-PKG] [DEBUG] 🤖 [MS3-PKG] [DEBUG] 🤖 [MS3-PKG] [DEBUG] 🤖 [MS3-PKG] [DEBUG] 🤖 [MS3-PKG] [DEBUG] 🤖 [MS3-PKG] [DEBUG] 🤖 [MS3-PKG] [DEBUG] 🤖 [MS3-PKG] [DEBUG] 🤖 [MS3-PKG] [DEBUG] 🤖 [MS3-PKG] [DEBUG] 🤖 [MS3-PKG] [DEBUG] 🤖 [MS3-PKG] [DEBUG] 🤖 [MS3-PKG] [DEBUG] 🤖 [MS3-PKG] [DEBUG] 🔬 [analyzeJoiSchema] Analyzing schema at path: options
🤖 [MS3-PKG] [DEBUG] 🤖 [MS3-PKG] [DEBUG] 🤖 [MS3-PKG] [DEBUG] 🤖 [MS3-PKG] [DEBUG] 🤖 [MS3-PKG] [DEBUG] 🤖 [MS3-PKG] [DEBUG] 🤖 [MS3-PKG] [DEBUG] 🤖 [MS3-PKG] [DEBUG] 🤖 [MS3-PKG] [DEBUG] 🤖 [MS3-PKG] [DEBUG] 🤖 [MS3-PKG] [DEBUG] 🤖 [MS3-PKG] [DEBUG] 🤖 [MS3-PKG] [DEBUG] 🤖 [MS3-PKG] [DEBUG] 📋 [analyzeJoiSchema] Schema description type: object
🤖 [MS3-PKG] [DEBUG] 🤖 [MS3-PKG] [DEBUG] 🤖 [MS3-PKG] [DEBUG] 🤖 [MS3-PKG] [DEBUG] 🤖 [MS3-PKG] [DEBUG] 🤖 [MS3-PKG] [DEBUG] 🤖 [MS3-PKG] [DEBUG] 🤖 [MS3-PKG] [DEBUG] 🤖 [MS3-PKG] [DEBUG] 🤖 [MS3-PKG] [DEBUG] 🤖 [MS3-PKG] [DEBUG] 🤖 [MS3-PKG] [DEBUG] 🤖 [MS3-PKG] [DEBUG] 🤖 [MS3-PKG] [DEBUG] 📋 [analyzeJoiSchema] Schema keys: [ [32m&apos;web3authConfig&apos;[39m, [32m&apos;multiChainRpcs&apos;[39m ]
🤖 [MS3-PKG] [DEBUG] 🤖 [MS3-PKG] [DEBUG] 🤖 [MS3-PKG] [DEBUG] 🤖 [MS3-PKG] [DEBUG] 🤖 [MS3-PKG] [DEBUG] 🤖 [MS3-PKG] [DEBUG] 🤖 [MS3-PKG] [DEBUG] 🤖 [MS3-PKG] [DEBUG] 🤖 [MS3-PKG] [DEBUG] 🤖 [MS3-PKG] [DEBUG] 🤖 [MS3-PKG] [DEBUG] 🤖 [MS3-PKG] [DEBUG] 🤖 [MS3-PKG] [DEBUG] 🤖 [MS3-PKG] [DEBUG] ✅ [analyzeJoiSchema] Processing object schema with 2 keys
🤖 [MS3-PKG] [DEBUG] 🤖 [MS3-PKG] [DEBUG] 🤖 [MS3-PKG] [DEBUG] 🤖 [MS3-PKG] [DEBUG] 🤖 [MS3-PKG] [DEBUG] 🤖 [MS3-PKG] [DEBUG] 🤖 [MS3-PKG] [DEBUG] 🤖 [MS3-PKG] [DEBUG] 🤖 [MS3-PKG] [DEBUG] 🤖 [MS3-PKG] [DEBUG] 🤖 [MS3-PKG] [DEBUG] 🤖 [MS3-PKG] [DEBUG] 🤖 [MS3-PKG] [DEBUG] 🤖 [MS3-PKG] [DEBUG] 🔑 [analyzeJoiSchema] Processing field: web3authConfig
🤖 [MS3-PKG] [DEBUG] 🤖 [MS3-PKG] [DEBUG] 🤖 [MS3-PKG] [DEBUG] 🤖 [MS3-PKG] [DEBUG] 🤖 [MS3-PKG] [DEBUG] 🤖 [MS3-PKG] [DEBUG] 🤖 [MS3-PKG] [DEBUG] 🤖 [MS3-PKG] [DEBUG] 🤖 [MS3-PKG] [DEBUG] 🤖 [MS3-PKG] [DEBUG] 🤖 [MS3-PKG] [DEBUG] 🤖 [MS3-PKG] [DEBUG] 🤖 [MS3-PKG] [DEBUG] 🤖 [MS3-PKG] [DEBUG] 📝 [analyzeJoiSchema] Field description: {
  type: [32m&apos;object&apos;[39m,
  flags: {
    presence: [32m&apos;required&apos;[39m,
    description: [32m&apos;Web3Auth configuration object&apos;[39m
  },
  keys: {
    clientId: { type: [32m&apos;string&apos;[39m, flags: [36m[Object][39m },
    web3AuthNetwork: { type: [32m&apos;string&apos;[39m, flags: [36m[Object][39m, allow: [36m[Array][39m },
    chainConfig: { type: [32m&apos;object&apos;[39m, flags: [36m[Object][39m, keys: [36m[Object][39m },
    loginConfig: { type: [32m&apos;object&apos;[39m, flags: [36m[Object][39m },
    privateKeyProvider: { type: [32m&apos;any&apos;[39m, flags: [36m[Object][39m }
  }
}
🤖 [MS3-PKG] [DEBUG] 🤖 [MS3-PKG] [DEBUG] 🤖 [MS3-PKG] [DEBUG] 🤖 [MS3-PKG] [DEBUG] 🤖 [MS3-PKG] [DEBUG] 🤖 [MS3-PKG] [DEBUG] 🤖 [MS3-PKG] [DEBUG] 🤖 [MS3-PKG] [DEBUG] 🤖 [MS3-PKG] [DEBUG] 🤖 [MS3-PKG] [DEBUG] 🤖 [MS3-PKG] [DEBUG] 🤖 [MS3-PKG] [DEBUG] 🤖 [MS3-PKG] [DEBUG] 🤖 [MS3-PKG] [DEBUG] 📊 [analyzeJoiSchema] Field web3authConfig: type=object, required=true, message=&quot;Web3Auth configuration object&quot;
🤖 [MS3-PKG] [DEBUG] 🤖 [MS3-PKG] [DEBUG] 🤖 [MS3-PKG] [DEBUG] 🤖 [MS3-PKG] [DEBUG] 🤖 [MS3-PKG] [DEBUG] 🤖 [MS3-PKG] [DEBUG] 🤖 [MS3-PKG] [DEBUG] 🤖 [MS3-PKG] [DEBUG] 🤖 [MS3-PKG] [DEBUG] 🤖 [MS3-PKG] [DEBUG] 🤖 [MS3-PKG] [DEBUG] 🤖 [MS3-PKG] [DEBUG] 🤖 [MS3-PKG] [DEBUG] 🤖 [MS3-PKG] [DEBUG] 🔄 [analyzeJoiSchema] Recursing into nested object: web3authConfig
🤖 [MS3-PKG] [DEBUG] 🤖 [MS3-PKG] [DEBUG] 🤖 [MS3-PKG] [DEBUG] 🤖 [MS3-PKG] [DEBUG] 🤖 [MS3-PKG] [DEBUG] 🤖 [MS3-PKG] [DEBUG] 🤖 [MS3-PKG] [DEBUG] 🤖 [MS3-PKG] [DEBUG] 🤖 [MS3-PKG] [DEBUG] 🤖 [MS3-PKG] [DEBUG] 🤖 [MS3-PKG] [DEBUG] 🤖 [MS3-PKG] [DEBUG] 🤖 [MS3-PKG] [DEBUG] 🤖 [MS3-PKG] [DEBUG] 🔑 [analyzeJoiSchema] Processing field: multiChainRpcs
🤖 [MS3-PKG] [DEBUG] 🤖 [MS3-PKG] [DEBUG] 🤖 [MS3-PKG] [DEBUG] 🤖 [MS3-PKG] [DEBUG] 🤖 [MS3-PKG] [DEBUG] 🤖 [MS3-PKG] [DEBUG] 🤖 [MS3-PKG] [DEBUG] 🤖 [MS3-PKG] [DEBUG] 🤖 [MS3-PKG] [DEBUG] 🤖 [MS3-PKG] [DEBUG] 🤖 [MS3-PKG] [DEBUG] 🤖 [MS3-PKG] [DEBUG] 🤖 [MS3-PKG] [DEBUG] 🤖 [MS3-PKG] [DEBUG] 📝 [analyzeJoiSchema] Field description: {
  type: [32m&apos;object&apos;[39m,
  flags: {
    presence: [32m&apos;optional&apos;[39m,
    description: [32m&apos;Multi-chain RPC configuration - maps chain IDs to RPC URL arrays&apos;[39m
  },
  patterns: [ { schema: [36m[Object][39m, rule: [36m[Object][39m } ]
}
🤖 [MS3-PKG] [DEBUG] 🤖 [MS3-PKG] [DEBUG] 🤖 [MS3-PKG] [DEBUG] 🤖 [MS3-PKG] [DEBUG] 🤖 [MS3-PKG] [DEBUG] 🤖 [MS3-PKG] [DEBUG] 🤖 [MS3-PKG] [DEBUG] 🤖 [MS3-PKG] [DEBUG] 🤖 [MS3-PKG] [DEBUG] 🤖 [MS3-PKG] [DEBUG] 🤖 [MS3-PKG] [DEBUG] 🤖 [MS3-PKG] [DEBUG] 🤖 [MS3-PKG] [DEBUG] 🤖 [MS3-PKG] [DEBUG] 📊 [analyzeJoiSchema] Field multiChainRpcs: type=object, required=false, message=&quot;Multi-chain RPC configuration - maps chain IDs to RPC URL arrays&quot;
🤖 [MS3-PKG] [INFO] 🤖 [MS3-PKG] [INFO] 🤖 [MS3-PKG] [INFO] 🤖 [MS3-PKG] [INFO] 🤖 [MS3-PKG] [INFO] 🤖 [MS3-PKG] [INFO] 🤖 [MS3-PKG] [INFO] 🤖 [MS3-PKG] [INFO] 🤖 [MS3-PKG] [INFO] 🤖 [MS3-PKG] [INFO] 🤖 [MS3-PKG] [INFO] 🤖 [MS3-PKG] [INFO] 🤖 [MS3-PKG] [INFO] 🤖 [MS3-PKG] [INFO] 📊 [analyzeJoiSchema] Generated 14 requirements for options
🤖 [MS3-PKG] [DEBUG] 🤖 [MS3-PKG] [DEBUG] 🤖 [MS3-PKG] [DEBUG] 🤖 [MS3-PKG] [DEBUG] 🤖 [MS3-PKG] [DEBUG] 🤖 [MS3-PKG] [DEBUG] 🤖 [MS3-PKG] [DEBUG] 🤖 [MS3-PKG] [DEBUG] 🤖 [MS3-PKG] [DEBUG] 🤖 [MS3-PKG] [DEBUG] 🤖 [MS3-PKG] [DEBUG] 🤖 [MS3-PKG] [DEBUG] 🤖 [MS3-PKG] [DEBUG] 🤖 [MS3-PKG] [DEBUG] 🔍 [getRequirements] Starting analysis for bulk-test-25
🤖 [MS3-PKG] [DEBUG] 🤖 [MS3-PKG] [DEBUG] 🤖 [MS3-PKG] [DEBUG] 🤖 [MS3-PKG] [DEBUG] 🤖 [MS3-PKG] [DEBUG] 🤖 [MS3-PKG] [DEBUG] 🤖 [MS3-PKG] [DEBUG] 🤖 [MS3-PKG] [DEBUG] 🤖 [MS3-PKG] [DEBUG] 🤖 [MS3-PKG] [DEBUG] 🤖 [MS3-PKG] [DEBUG] 🤖 [MS3-PKG] [DEBUG] 🤖 [MS3-PKG] [DEBUG] 🤖 [MS3-PKG] [DEBUG] 🔬 [analyzeJoiSchema] Analyzing schema at path: options
🤖 [MS3-PKG] [DEBUG] 🤖 [MS3-PKG] [DEBUG] 🤖 [MS3-PKG] [DEBUG] 🤖 [MS3-PKG] [DEBUG] 🤖 [MS3-PKG] [DEBUG] 🤖 [MS3-PKG] [DEBUG] 🤖 [MS3-PKG] [DEBUG] 🤖 [MS3-PKG] [DEBUG] 🤖 [MS3-PKG] [DEBUG] 🤖 [MS3-PKG] [DEBUG] 🤖 [MS3-PKG] [DEBUG] 🤖 [MS3-PKG] [DEBUG] 🤖 [MS3-PKG] [DEBUG] 🤖 [MS3-PKG] [DEBUG] 📋 [analyzeJoiSchema] Schema description type: object
🤖 [MS3-PKG] [DEBUG] 🤖 [MS3-PKG] [DEBUG] 🤖 [MS3-PKG] [DEBUG] 🤖 [MS3-PKG] [DEBUG] 🤖 [MS3-PKG] [DEBUG] 🤖 [MS3-PKG] [DEBUG] 🤖 [MS3-PKG] [DEBUG] 🤖 [MS3-PKG] [DEBUG] 🤖 [MS3-PKG] [DEBUG] 🤖 [MS3-PKG] [DEBUG] 🤖 [MS3-PKG] [DEBUG] 🤖 [MS3-PKG] [DEBUG] 🤖 [MS3-PKG] [DEBUG] 🤖 [MS3-PKG] [DEBUG] 📋 [analyzeJoiSchema] Schema keys: [ [32m&apos;privateKey&apos;[39m, [32m&apos;provider&apos;[39m, [32m&apos;multiChainRpcs&apos;[39m ]
🤖 [MS3-PKG] [DEBUG] 🤖 [MS3-PKG] [DEBUG] 🤖 [MS3-PKG] [DEBUG] 🤖 [MS3-PKG] [DEBUG] 🤖 [MS3-PKG] [DEBUG] 🤖 [MS3-PKG] [DEBUG] 🤖 [MS3-PKG] [DEBUG] 🤖 [MS3-PKG] [DEBUG] 🤖 [MS3-PKG] [DEBUG] 🤖 [MS3-PKG] [DEBUG] 🤖 [MS3-PKG] [DEBUG] 🤖 [MS3-PKG] [DEBUG] 🤖 [MS3-PKG] [DEBUG] 🤖 [MS3-PKG] [DEBUG] ✅ [analyzeJoiSchema] Processing object schema with 3 keys
🤖 [MS3-PKG] [DEBUG] 🤖 [MS3-PKG] [DEBUG] 🤖 [MS3-PKG] [DEBUG] 🤖 [MS3-PKG] [DEBUG] 🤖 [MS3-PKG] [DEBUG] 🤖 [MS3-PKG] [DEBUG] 🤖 [MS3-PKG] [DEBUG] 🤖 [MS3-PKG] [DEBUG] 🤖 [MS3-PKG] [DEBUG] 🤖 [MS3-PKG] [DEBUG] 🤖 [MS3-PKG] [DEBUG] 🤖 [MS3-PKG] [DEBUG] 🤖 [MS3-PKG] [DEBUG] 🤖 [MS3-PKG] [DEBUG] 🔑 [analyzeJoiSchema] Processing field: privateKey
🤖 [MS3-PKG] [DEBUG] 🤖 [MS3-PKG] [DEBUG] 🤖 [MS3-PKG] [DEBUG] 🤖 [MS3-PKG] [DEBUG] 🤖 [MS3-PKG] [DEBUG] 🤖 [MS3-PKG] [DEBUG] 🤖 [MS3-PKG] [DEBUG] 🤖 [MS3-PKG] [DEBUG] 🤖 [MS3-PKG] [DEBUG] 🤖 [MS3-PKG] [DEBUG] 🤖 [MS3-PKG] [DEBUG] 🤖 [MS3-PKG] [DEBUG] 🤖 [MS3-PKG] [DEBUG] 🤖 [MS3-PKG] [DEBUG] 📝 [analyzeJoiSchema] Field description: {
  type: [32m&apos;string&apos;[39m,
  flags: {
    presence: [32m&apos;required&apos;[39m,
    description: [32m&apos;Private key for wallet (generates random if not provided)&apos;[39m
  },
  rules: [ { name: [32m&apos;pattern&apos;[39m, args: [36m[Object][39m } ]
}
🤖 [MS3-PKG] [DEBUG] 🤖 [MS3-PKG] [DEBUG] 🤖 [MS3-PKG] [DEBUG] 🤖 [MS3-PKG] [DEBUG] 🤖 [MS3-PKG] [DEBUG] 🤖 [MS3-PKG] [DEBUG] 🤖 [MS3-PKG] [DEBUG] 🤖 [MS3-PKG] [DEBUG] 🤖 [MS3-PKG] [DEBUG] 🤖 [MS3-PKG] [DEBUG] 🤖 [MS3-PKG] [DEBUG] 🤖 [MS3-PKG] [DEBUG] 🤖 [MS3-PKG] [DEBUG] 🤖 [MS3-PKG] [DEBUG] 📊 [analyzeJoiSchema] Field privateKey: type=string, required=true, message=&quot;Private key for wallet (generates random if not provided)&quot;
🤖 [MS3-PKG] [DEBUG] 🤖 [MS3-PKG] [DEBUG] 🤖 [MS3-PKG] [DEBUG] 🤖 [MS3-PKG] [DEBUG] 🤖 [MS3-PKG] [DEBUG] 🤖 [MS3-PKG] [DEBUG] 🤖 [MS3-PKG] [DEBUG] 🤖 [MS3-PKG] [DEBUG] 🤖 [MS3-PKG] [DEBUG] 🤖 [MS3-PKG] [DEBUG] 🤖 [MS3-PKG] [DEBUG] 🤖 [MS3-PKG] [DEBUG] 🤖 [MS3-PKG] [DEBUG] 🤖 [MS3-PKG] [DEBUG] 🔑 [analyzeJoiSchema] Processing field: provider
🤖 [MS3-PKG] [DEBUG] 🤖 [MS3-PKG] [DEBUG] 🤖 [MS3-PKG] [DEBUG] 🤖 [MS3-PKG] [DEBUG] 🤖 [MS3-PKG] [DEBUG] 🤖 [MS3-PKG] [DEBUG] 🤖 [MS3-PKG] [DEBUG] 🤖 [MS3-PKG] [DEBUG] 🤖 [MS3-PKG] [DEBUG] 🤖 [MS3-PKG] [DEBUG] 🤖 [MS3-PKG] [DEBUG] 🤖 [MS3-PKG] [DEBUG] 🤖 [MS3-PKG] [DEBUG] 🤖 [MS3-PKG] [DEBUG] 📝 [analyzeJoiSchema] Field description: {
  type: [32m&apos;object&apos;[39m,
  flags: {
    presence: [32m&apos;optional&apos;[39m,
    description: [32m&apos;Optional provider configuration&apos;[39m
  },
  keys: {
    name: { type: [32m&apos;string&apos;[39m, flags: [36m[Object][39m },
    chainId: { type: [32m&apos;string&apos;[39m, flags: [36m[Object][39m, rules: [36m[Array][39m },
    rpcUrls: { type: [32m&apos;array&apos;[39m, flags: [36m[Object][39m, rules: [36m[Array][39m, items: [36m[Array][39m },
    displayName: { type: [32m&apos;string&apos;[39m, flags: [36m[Object][39m }
  }
}
🤖 [MS3-PKG] [DEBUG] 🤖 [MS3-PKG] [DEBUG] 🤖 [MS3-PKG] [DEBUG] 🤖 [MS3-PKG] [DEBUG] 🤖 [MS3-PKG] [DEBUG] 🤖 [MS3-PKG] [DEBUG] 🤖 [MS3-PKG] [DEBUG] 🤖 [MS3-PKG] [DEBUG] 🤖 [MS3-PKG] [DEBUG] 🤖 [MS3-PKG] [DEBUG] 🤖 [MS3-PKG] [DEBUG] 🤖 [MS3-PKG] [DEBUG] 🤖 [MS3-PKG] [DEBUG] 🤖 [MS3-PKG] [DEBUG] 📊 [analyzeJoiSchema] Field provider: type=object, required=false, message=&quot;Optional provider configuration&quot;
🤖 [MS3-PKG] [DEBUG] 🤖 [MS3-PKG] [DEBUG] 🤖 [MS3-PKG] [DEBUG] 🤖 [MS3-PKG] [DEBUG] 🤖 [MS3-PKG] [DEBUG] 🤖 [MS3-PKG] [DEBUG] 🤖 [MS3-PKG] [DEBUG] 🤖 [MS3-PKG] [DEBUG] 🤖 [MS3-PKG] [DEBUG] 🤖 [MS3-PKG] [DEBUG] 🤖 [MS3-PKG] [DEBUG] 🤖 [MS3-PKG] [DEBUG] 🤖 [MS3-PKG] [DEBUG] 🤖 [MS3-PKG] [DEBUG] 🔄 [analyzeJoiSchema] Recursing into nested object: provider
🤖 [MS3-PKG] [DEBUG] 🤖 [MS3-PKG] [DEBUG] 🤖 [MS3-PKG] [DEBUG] 🤖 [MS3-PKG] [DEBUG] 🤖 [MS3-PKG] [DEBUG] 🤖 [MS3-PKG] [DEBUG] 🤖 [MS3-PKG] [DEBUG] 🤖 [MS3-PKG] [DEBUG] 🤖 [MS3-PKG] [DEBUG] 🤖 [MS3-PKG] [DEBUG] 🤖 [MS3-PKG] [DEBUG] 🤖 [MS3-PKG] [DEBUG] 🤖 [MS3-PKG] [DEBUG] 🤖 [MS3-PKG] [DEBUG] 🔑 [analyzeJoiSchema] Processing field: multiChainRpcs
🤖 [MS3-PKG] [DEBUG] 🤖 [MS3-PKG] [DEBUG] 🤖 [MS3-PKG] [DEBUG] 🤖 [MS3-PKG] [DEBUG] 🤖 [MS3-PKG] [DEBUG] 🤖 [MS3-PKG] [DEBUG] 🤖 [MS3-PKG] [DEBUG] 🤖 [MS3-PKG] [DEBUG] 🤖 [MS3-PKG] [DEBUG] 🤖 [MS3-PKG] [DEBUG] 🤖 [MS3-PKG] [DEBUG] 🤖 [MS3-PKG] [DEBUG] 🤖 [MS3-PKG] [DEBUG] 🤖 [MS3-PKG] [DEBUG] 📝 [analyzeJoiSchema] Field description: {
  type: [32m&apos;object&apos;[39m,
  flags: {
    presence: [32m&apos;optional&apos;[39m,
    description: [32m&apos;Multi-chain RPC configuration - maps chain IDs to RPC URL arrays&apos;[39m
  },
  patterns: [ { schema: [36m[Object][39m, rule: [36m[Object][39m } ]
}
🤖 [MS3-PKG] [DEBUG] 🤖 [MS3-PKG] [DEBUG] 🤖 [MS3-PKG] [DEBUG] 🤖 [MS3-PKG] [DEBUG] 🤖 [MS3-PKG] [DEBUG] 🤖 [MS3-PKG] [DEBUG] 🤖 [MS3-PKG] [DEBUG] 🤖 [MS3-PKG] [DEBUG] 🤖 [MS3-PKG] [DEBUG] 🤖 [MS3-PKG] [DEBUG] 🤖 [MS3-PKG] [DEBUG] 🤖 [MS3-PKG] [DEBUG] 🤖 [MS3-PKG] [DEBUG] 🤖 [MS3-PKG] [DEBUG] 📊 [analyzeJoiSchema] Field multiChainRpcs: type=object, required=false, message=&quot;Multi-chain RPC configuration - maps chain IDs to RPC URL arrays&quot;
🤖 [MS3-PKG] [INFO] 🤖 [MS3-PKG] [INFO] 🤖 [MS3-PKG] [INFO] 🤖 [MS3-PKG] [INFO] 🤖 [MS3-PKG] [INFO] 🤖 [MS3-PKG] [INFO] 🤖 [MS3-PKG] [INFO] 🤖 [MS3-PKG] [INFO] 🤖 [MS3-PKG] [INFO] 🤖 [MS3-PKG] [INFO] 🤖 [MS3-PKG] [INFO] 🤖 [MS3-PKG] [INFO] 🤖 [MS3-PKG] [INFO] 🤖 [MS3-PKG] [INFO] 📊 [analyzeJoiSchema] Generated 7 requirements for options
🤖 [MS3-PKG] [DEBUG] 🤖 [MS3-PKG] [DEBUG] 🤖 [MS3-PKG] [DEBUG] 🤖 [MS3-PKG] [DEBUG] 🤖 [MS3-PKG] [DEBUG] 🤖 [MS3-PKG] [DEBUG] 🤖 [MS3-PKG] [DEBUG] 🤖 [MS3-PKG] [DEBUG] 🤖 [MS3-PKG] [DEBUG] 🤖 [MS3-PKG] [DEBUG] 🤖 [MS3-PKG] [DEBUG] 🤖 [MS3-PKG] [DEBUG] 🤖 [MS3-PKG] [DEBUG] 🤖 [MS3-PKG] [DEBUG] 🔍 [getRequirements] Starting analysis for bulk-test-25
🤖 [MS3-PKG] [DEBUG] 🤖 [MS3-PKG] [DEBUG] 🤖 [MS3-PKG] [DEBUG] 🤖 [MS3-PKG] [DEBUG] 🤖 [MS3-PKG] [DEBUG] 🤖 [MS3-PKG] [DEBUG] 🤖 [MS3-PKG] [DEBUG] 🤖 [MS3-PKG] [DEBUG] 🤖 [MS3-PKG] [DEBUG] 🤖 [MS3-PKG] [DEBUG] 🤖 [MS3-PKG] [DEBUG] 🤖 [MS3-PKG] [DEBUG] 🤖 [MS3-PKG] [DEBUG] 🤖 [MS3-PKG] [DEBUG] 🔬 [analyzeJoiSchema] Analyzing schema at path: options
🤖 [MS3-PKG] [DEBUG] 🤖 [MS3-PKG] [DEBUG] 🤖 [MS3-PKG] [DEBUG] 🤖 [MS3-PKG] [DEBUG] 🤖 [MS3-PKG] [DEBUG] 🤖 [MS3-PKG] [DEBUG] 🤖 [MS3-PKG] [DEBUG] 🤖 [MS3-PKG] [DEBUG] 🤖 [MS3-PKG] [DEBUG] 🤖 [MS3-PKG] [DEBUG] 🤖 [MS3-PKG] [DEBUG] 🤖 [MS3-PKG] [DEBUG] 🤖 [MS3-PKG] [DEBUG] 🤖 [MS3-PKG] [DEBUG] 📋 [analyzeJoiSchema] Schema description type: object
🤖 [MS3-PKG] [DEBUG] 🤖 [MS3-PKG] [DEBUG] 🤖 [MS3-PKG] [DEBUG] 🤖 [MS3-PKG] [DEBUG] 🤖 [MS3-PKG] [DEBUG] 🤖 [MS3-PKG] [DEBUG] 🤖 [MS3-PKG] [DEBUG] 🤖 [MS3-PKG] [DEBUG] 🤖 [MS3-PKG] [DEBUG] 🤖 [MS3-PKG] [DEBUG] 🤖 [MS3-PKG] [DEBUG] 🤖 [MS3-PKG] [DEBUG] 🤖 [MS3-PKG] [DEBUG] 🤖 [MS3-PKG] [DEBUG] 📋 [analyzeJoiSchema] Schema keys: [ [32m&apos;web3authConfig&apos;[39m, [32m&apos;multiChainRpcs&apos;[39m ]
🤖 [MS3-PKG] [DEBUG] 🤖 [MS3-PKG] [DEBUG] 🤖 [MS3-PKG] [DEBUG] 🤖 [MS3-PKG] [DEBUG] 🤖 [MS3-PKG] [DEBUG] 🤖 [MS3-PKG] [DEBUG] 🤖 [MS3-PKG] [DEBUG] 🤖 [MS3-PKG] [DEBUG] 🤖 [MS3-PKG] [DEBUG] 🤖 [MS3-PKG] [DEBUG] 🤖 [MS3-PKG] [DEBUG] 🤖 [MS3-PKG] [DEBUG] 🤖 [MS3-PKG] [DEBUG] 🤖 [MS3-PKG] [DEBUG] ✅ [analyzeJoiSchema] Processing object schema with 2 keys
🤖 [MS3-PKG] [DEBUG] 🤖 [MS3-PKG] [DEBUG] 🤖 [MS3-PKG] [DEBUG] 🤖 [MS3-PKG] [DEBUG] 🤖 [MS3-PKG] [DEBUG] 🤖 [MS3-PKG] [DEBUG] 🤖 [MS3-PKG] [DEBUG] 🤖 [MS3-PKG] [DEBUG] 🤖 [MS3-PKG] [DEBUG] 🤖 [MS3-PKG] [DEBUG] 🤖 [MS3-PKG] [DEBUG] 🤖 [MS3-PKG] [DEBUG] 🤖 [MS3-PKG] [DEBUG] 🤖 [MS3-PKG] [DEBUG] 🔑 [analyzeJoiSchema] Processing field: web3authConfig
🤖 [MS3-PKG] [DEBUG] 🤖 [MS3-PKG] [DEBUG] 🤖 [MS3-PKG] [DEBUG] 🤖 [MS3-PKG] [DEBUG] 🤖 [MS3-PKG] [DEBUG] 🤖 [MS3-PKG] [DEBUG] 🤖 [MS3-PKG] [DEBUG] 🤖 [MS3-PKG] [DEBUG] 🤖 [MS3-PKG] [DEBUG] 🤖 [MS3-PKG] [DEBUG] 🤖 [MS3-PKG] [DEBUG] 🤖 [MS3-PKG] [DEBUG] 🤖 [MS3-PKG] [DEBUG] 🤖 [MS3-PKG] [DEBUG] 📝 [analyzeJoiSchema] Field description: {
  type: [32m&apos;object&apos;[39m,
  flags: {
    presence: [32m&apos;required&apos;[39m,
    description: [32m&apos;Web3Auth configuration object&apos;[39m
  },
  keys: {
    clientId: { type: [32m&apos;string&apos;[39m, flags: [36m[Object][39m },
    web3AuthNetwork: { type: [32m&apos;string&apos;[39m, flags: [36m[Object][39m, allow: [36m[Array][39m },
    chainConfig: { type: [32m&apos;object&apos;[39m, flags: [36m[Object][39m, keys: [36m[Object][39m },
    loginConfig: { type: [32m&apos;object&apos;[39m, flags: [36m[Object][39m },
    privateKeyProvider: { type: [32m&apos;any&apos;[39m, flags: [36m[Object][39m }
  }
}
🤖 [MS3-PKG] [DEBUG] 🤖 [MS3-PKG] [DEBUG] 🤖 [MS3-PKG] [DEBUG] 🤖 [MS3-PKG] [DEBUG] 🤖 [MS3-PKG] [DEBUG] 🤖 [MS3-PKG] [DEBUG] 🤖 [MS3-PKG] [DEBUG] 🤖 [MS3-PKG] [DEBUG] 🤖 [MS3-PKG] [DEBUG] 🤖 [MS3-PKG] [DEBUG] 🤖 [MS3-PKG] [DEBUG] 🤖 [MS3-PKG] [DEBUG] 🤖 [MS3-PKG] [DEBUG] 🤖 [MS3-PKG] [DEBUG] 📊 [analyzeJoiSchema] Field web3authConfig: type=object, required=true, message=&quot;Web3Auth configuration object&quot;
🤖 [MS3-PKG] [DEBUG] 🤖 [MS3-PKG] [DEBUG] 🤖 [MS3-PKG] [DEBUG] 🤖 [MS3-PKG] [DEBUG] 🤖 [MS3-PKG] [DEBUG] 🤖 [MS3-PKG] [DEBUG] 🤖 [MS3-PKG] [DEBUG] 🤖 [MS3-PKG] [DEBUG] 🤖 [MS3-PKG] [DEBUG] 🤖 [MS3-PKG] [DEBUG] 🤖 [MS3-PKG] [DEBUG] 🤖 [MS3-PKG] [DEBUG] 🤖 [MS3-PKG] [DEBUG] 🤖 [MS3-PKG] [DEBUG] 🔄 [analyzeJoiSchema] Recursing into nested object: web3authConfig
🤖 [MS3-PKG] [DEBUG] 🤖 [MS3-PKG] [DEBUG] 🤖 [MS3-PKG] [DEBUG] 🤖 [MS3-PKG] [DEBUG] 🤖 [MS3-PKG] [DEBUG] 🤖 [MS3-PKG] [DEBUG] 🤖 [MS3-PKG] [DEBUG] 🤖 [MS3-PKG] [DEBUG] 🤖 [MS3-PKG] [DEBUG] 🤖 [MS3-PKG] [DEBUG] 🤖 [MS3-PKG] [DEBUG] 🤖 [MS3-PKG] [DEBUG] 🤖 [MS3-PKG] [DEBUG] 🤖 [MS3-PKG] [DEBUG] 🔑 [analyzeJoiSchema] Processing field: multiChainRpcs
🤖 [MS3-PKG] [DEBUG] 🤖 [MS3-PKG] [DEBUG] 🤖 [MS3-PKG] [DEBUG] 🤖 [MS3-PKG] [DEBUG] 🤖 [MS3-PKG] [DEBUG] 🤖 [MS3-PKG] [DEBUG] 🤖 [MS3-PKG] [DEBUG] 🤖 [MS3-PKG] [DEBUG] 🤖 [MS3-PKG] [DEBUG] 🤖 [MS3-PKG] [DEBUG] 🤖 [MS3-PKG] [DEBUG] 🤖 [MS3-PKG] [DEBUG] 🤖 [MS3-PKG] [DEBUG] 🤖 [MS3-PKG] [DEBUG] 📝 [analyzeJoiSchema] Field description: {
  type: [32m&apos;object&apos;[39m,
  flags: {
    presence: [32m&apos;optional&apos;[39m,
    description: [32m&apos;Multi-chain RPC configuration - maps chain IDs to RPC URL arrays&apos;[39m
  },
  patterns: [ { schema: [36m[Object][39m, rule: [36m[Object][39m } ]
}
🤖 [MS3-PKG] [DEBUG] 🤖 [MS3-PKG] [DEBUG] 🤖 [MS3-PKG] [DEBUG] 🤖 [MS3-PKG] [DEBUG] 🤖 [MS3-PKG] [DEBUG] 🤖 [MS3-PKG] [DEBUG] 🤖 [MS3-PKG] [DEBUG] 🤖 [MS3-PKG] [DEBUG] 🤖 [MS3-PKG] [DEBUG] 🤖 [MS3-PKG] [DEBUG] 🤖 [MS3-PKG] [DEBUG] 🤖 [MS3-PKG] [DEBUG] 🤖 [MS3-PKG] [DEBUG] 🤖 [MS3-PKG] [DEBUG] 📊 [analyzeJoiSchema] Field multiChainRpcs: type=object, required=false, message=&quot;Multi-chain RPC configuration - maps chain IDs to RPC URL arrays&quot;
🤖 [MS3-PKG] [INFO] 🤖 [MS3-PKG] [INFO] 🤖 [MS3-PKG] [INFO] 🤖 [MS3-PKG] [INFO] 🤖 [MS3-PKG] [INFO] 🤖 [MS3-PKG] [INFO] 🤖 [MS3-PKG] [INFO] 🤖 [MS3-PKG] [INFO] 🤖 [MS3-PKG] [INFO] 🤖 [MS3-PKG] [INFO] 🤖 [MS3-PKG] [INFO] 🤖 [MS3-PKG] [INFO] 🤖 [MS3-PKG] [INFO] 🤖 [MS3-PKG] [INFO] 📊 [analyzeJoiSchema] Generated 14 requirements for options
🤖 [MS3-PKG] [DEBUG] 🤖 [MS3-PKG] [DEBUG] 🤖 [MS3-PKG] [DEBUG] 🤖 [MS3-PKG] [DEBUG] 🤖 [MS3-PKG] [DEBUG] 🤖 [MS3-PKG] [DEBUG] 🤖 [MS3-PKG] [DEBUG] 🤖 [MS3-PKG] [DEBUG] 🤖 [MS3-PKG] [DEBUG] 🤖 [MS3-PKG] [DEBUG] 🤖 [MS3-PKG] [DEBUG] 🤖 [MS3-PKG] [DEBUG] 🤖 [MS3-PKG] [DEBUG] 🤖 [MS3-PKG] [DEBUG] 🔍 [getRequirements] Starting analysis for bulk-test-26
🤖 [MS3-PKG] [DEBUG] 🤖 [MS3-PKG] [DEBUG] 🤖 [MS3-PKG] [DEBUG] 🤖 [MS3-PKG] [DEBUG] 🤖 [MS3-PKG] [DEBUG] 🤖 [MS3-PKG] [DEBUG] 🤖 [MS3-PKG] [DEBUG] 🤖 [MS3-PKG] [DEBUG] 🤖 [MS3-PKG] [DEBUG] 🤖 [MS3-PKG] [DEBUG] 🤖 [MS3-PKG] [DEBUG] 🤖 [MS3-PKG] [DEBUG] 🤖 [MS3-PKG] [DEBUG] 🤖 [MS3-PKG] [DEBUG] 🔬 [analyzeJoiSchema] Analyzing schema at path: options
🤖 [MS3-PKG] [DEBUG] 🤖 [MS3-PKG] [DEBUG] 🤖 [MS3-PKG] [DEBUG] 🤖 [MS3-PKG] [DEBUG] 🤖 [MS3-PKG] [DEBUG] 🤖 [MS3-PKG] [DEBUG] 🤖 [MS3-PKG] [DEBUG] 🤖 [MS3-PKG] [DEBUG] 🤖 [MS3-PKG] [DEBUG] 🤖 [MS3-PKG] [DEBUG] 🤖 [MS3-PKG] [DEBUG] 🤖 [MS3-PKG] [DEBUG] 🤖 [MS3-PKG] [DEBUG] 🤖 [MS3-PKG] [DEBUG] 📋 [analyzeJoiSchema] Schema description type: object
🤖 [MS3-PKG] [DEBUG] 🤖 [MS3-PKG] [DEBUG] 🤖 [MS3-PKG] [DEBUG] 🤖 [MS3-PKG] [DEBUG] 🤖 [MS3-PKG] [DEBUG] 🤖 [MS3-PKG] [DEBUG] 🤖 [MS3-PKG] [DEBUG] 🤖 [MS3-PKG] [DEBUG] 🤖 [MS3-PKG] [DEBUG] 🤖 [MS3-PKG] [DEBUG] 🤖 [MS3-PKG] [DEBUG] 🤖 [MS3-PKG] [DEBUG] 🤖 [MS3-PKG] [DEBUG] 🤖 [MS3-PKG] [DEBUG] 📋 [analyzeJoiSchema] Schema keys: [ [32m&apos;privateKey&apos;[39m, [32m&apos;provider&apos;[39m, [32m&apos;multiChainRpcs&apos;[39m ]
🤖 [MS3-PKG] [DEBUG] 🤖 [MS3-PKG] [DEBUG] 🤖 [MS3-PKG] [DEBUG] 🤖 [MS3-PKG] [DEBUG] 🤖 [MS3-PKG] [DEBUG] 🤖 [MS3-PKG] [DEBUG] 🤖 [MS3-PKG] [DEBUG] 🤖 [MS3-PKG] [DEBUG] 🤖 [MS3-PKG] [DEBUG] 🤖 [MS3-PKG] [DEBUG] 🤖 [MS3-PKG] [DEBUG] 🤖 [MS3-PKG] [DEBUG] 🤖 [MS3-PKG] [DEBUG] 🤖 [MS3-PKG] [DEBUG] ✅ [analyzeJoiSchema] Processing object schema with 3 keys
🤖 [MS3-PKG] [DEBUG] 🤖 [MS3-PKG] [DEBUG] 🤖 [MS3-PKG] [DEBUG] 🤖 [MS3-PKG] [DEBUG] 🤖 [MS3-PKG] [DEBUG] 🤖 [MS3-PKG] [DEBUG] 🤖 [MS3-PKG] [DEBUG] 🤖 [MS3-PKG] [DEBUG] 🤖 [MS3-PKG] [DEBUG] 🤖 [MS3-PKG] [DEBUG] 🤖 [MS3-PKG] [DEBUG] 🤖 [MS3-PKG] [DEBUG] 🤖 [MS3-PKG] [DEBUG] 🤖 [MS3-PKG] [DEBUG] 🔑 [analyzeJoiSchema] Processing field: privateKey
🤖 [MS3-PKG] [DEBUG] 🤖 [MS3-PKG] [DEBUG] 🤖 [MS3-PKG] [DEBUG] 🤖 [MS3-PKG] [DEBUG] 🤖 [MS3-PKG] [DEBUG] 🤖 [MS3-PKG] [DEBUG] 🤖 [MS3-PKG] [DEBUG] 🤖 [MS3-PKG] [DEBUG] 🤖 [MS3-PKG] [DEBUG] 🤖 [MS3-PKG] [DEBUG] 🤖 [MS3-PKG] [DEBUG] 🤖 [MS3-PKG] [DEBUG] 🤖 [MS3-PKG] [DEBUG] 🤖 [MS3-PKG] [DEBUG] 📝 [analyzeJoiSchema] Field description: {
  type: [32m&apos;string&apos;[39m,
  flags: {
    presence: [32m&apos;required&apos;[39m,
    description: [32m&apos;Private key for wallet (generates random if not provided)&apos;[39m
  },
  rules: [ { name: [32m&apos;pattern&apos;[39m, args: [36m[Object][39m } ]
}
🤖 [MS3-PKG] [DEBUG] 🤖 [MS3-PKG] [DEBUG] 🤖 [MS3-PKG] [DEBUG] 🤖 [MS3-PKG] [DEBUG] 🤖 [MS3-PKG] [DEBUG] 🤖 [MS3-PKG] [DEBUG] 🤖 [MS3-PKG] [DEBUG] 🤖 [MS3-PKG] [DEBUG] 🤖 [MS3-PKG] [DEBUG] 🤖 [MS3-PKG] [DEBUG] 🤖 [MS3-PKG] [DEBUG] 🤖 [MS3-PKG] [DEBUG] 🤖 [MS3-PKG] [DEBUG] 🤖 [MS3-PKG] [DEBUG] 📊 [analyzeJoiSchema] Field privateKey: type=string, required=true, message=&quot;Private key for wallet (generates random if not provided)&quot;
🤖 [MS3-PKG] [DEBUG] 🤖 [MS3-PKG] [DEBUG] 🤖 [MS3-PKG] [DEBUG] 🤖 [MS3-PKG] [DEBUG] 🤖 [MS3-PKG] [DEBUG] 🤖 [MS3-PKG] [DEBUG] 🤖 [MS3-PKG] [DEBUG] 🤖 [MS3-PKG] [DEBUG] 🤖 [MS3-PKG] [DEBUG] 🤖 [MS3-PKG] [DEBUG] 🤖 [MS3-PKG] [DEBUG] 🤖 [MS3-PKG] [DEBUG] 🤖 [MS3-PKG] [DEBUG] 🤖 [MS3-PKG] [DEBUG] 🔑 [analyzeJoiSchema] Processing field: provider
🤖 [MS3-PKG] [DEBUG] 🤖 [MS3-PKG] [DEBUG] 🤖 [MS3-PKG] [DEBUG] 🤖 [MS3-PKG] [DEBUG] 🤖 [MS3-PKG] [DEBUG] 🤖 [MS3-PKG] [DEBUG] 🤖 [MS3-PKG] [DEBUG] 🤖 [MS3-PKG] [DEBUG] 🤖 [MS3-PKG] [DEBUG] 🤖 [MS3-PKG] [DEBUG] 🤖 [MS3-PKG] [DEBUG] 🤖 [MS3-PKG] [DEBUG] 🤖 [MS3-PKG] [DEBUG] 🤖 [MS3-PKG] [DEBUG] 📝 [analyzeJoiSchema] Field description: {
  type: [32m&apos;object&apos;[39m,
  flags: {
    presence: [32m&apos;optional&apos;[39m,
    description: [32m&apos;Optional provider configuration&apos;[39m
  },
  keys: {
    name: { type: [32m&apos;string&apos;[39m, flags: [36m[Object][39m },
    chainId: { type: [32m&apos;string&apos;[39m, flags: [36m[Object][39m, rules: [36m[Array][39m },
    rpcUrls: { type: [32m&apos;array&apos;[39m, flags: [36m[Object][39m, rules: [36m[Array][39m, items: [36m[Array][39m },
    displayName: { type: [32m&apos;string&apos;[39m, flags: [36m[Object][39m }
  }
}
🤖 [MS3-PKG] [DEBUG] 🤖 [MS3-PKG] [DEBUG] 🤖 [MS3-PKG] [DEBUG] 🤖 [MS3-PKG] [DEBUG] 🤖 [MS3-PKG] [DEBUG] 🤖 [MS3-PKG] [DEBUG] 🤖 [MS3-PKG] [DEBUG] 🤖 [MS3-PKG] [DEBUG] 🤖 [MS3-PKG] [DEBUG] 🤖 [MS3-PKG] [DEBUG] 🤖 [MS3-PKG] [DEBUG] 🤖 [MS3-PKG] [DEBUG] 🤖 [MS3-PKG] [DEBUG] 🤖 [MS3-PKG] [DEBUG] 📊 [analyzeJoiSchema] Field provider: type=object, required=false, message=&quot;Optional provider configuration&quot;
🤖 [MS3-PKG] [DEBUG] 🤖 [MS3-PKG] [DEBUG] 🤖 [MS3-PKG] [DEBUG] 🤖 [MS3-PKG] [DEBUG] 🤖 [MS3-PKG] [DEBUG] 🤖 [MS3-PKG] [DEBUG] 🤖 [MS3-PKG] [DEBUG] 🤖 [MS3-PKG] [DEBUG] 🤖 [MS3-PKG] [DEBUG] 🤖 [MS3-PKG] [DEBUG] 🤖 [MS3-PKG] [DEBUG] 🤖 [MS3-PKG] [DEBUG] 🤖 [MS3-PKG] [DEBUG] 🤖 [MS3-PKG] [DEBUG] 🔄 [analyzeJoiSchema] Recursing into nested object: provider
🤖 [MS3-PKG] [DEBUG] 🤖 [MS3-PKG] [DEBUG] 🤖 [MS3-PKG] [DEBUG] 🤖 [MS3-PKG] [DEBUG] 🤖 [MS3-PKG] [DEBUG] 🤖 [MS3-PKG] [DEBUG] 🤖 [MS3-PKG] [DEBUG] 🤖 [MS3-PKG] [DEBUG] 🤖 [MS3-PKG] [DEBUG] 🤖 [MS3-PKG] [DEBUG] 🤖 [MS3-PKG] [DEBUG] 🤖 [MS3-PKG] [DEBUG] 🤖 [MS3-PKG] [DEBUG] 🤖 [MS3-PKG] [DEBUG] 🔑 [analyzeJoiSchema] Processing field: multiChainRpcs
🤖 [MS3-PKG] [DEBUG] 🤖 [MS3-PKG] [DEBUG] 🤖 [MS3-PKG] [DEBUG] 🤖 [MS3-PKG] [DEBUG] 🤖 [MS3-PKG] [DEBUG] 🤖 [MS3-PKG] [DEBUG] 🤖 [MS3-PKG] [DEBUG] 🤖 [MS3-PKG] [DEBUG] 🤖 [MS3-PKG] [DEBUG] 🤖 [MS3-PKG] [DEBUG] 🤖 [MS3-PKG] [DEBUG] 🤖 [MS3-PKG] [DEBUG] 🤖 [MS3-PKG] [DEBUG] 🤖 [MS3-PKG] [DEBUG] 📝 [analyzeJoiSchema] Field description: {
  type: [32m&apos;object&apos;[39m,
  flags: {
    presence: [32m&apos;optional&apos;[39m,
    description: [32m&apos;Multi-chain RPC configuration - maps chain IDs to RPC URL arrays&apos;[39m
  },
  patterns: [ { schema: [36m[Object][39m, rule: [36m[Object][39m } ]
}
🤖 [MS3-PKG] [DEBUG] 🤖 [MS3-PKG] [DEBUG] 🤖 [MS3-PKG] [DEBUG] 🤖 [MS3-PKG] [DEBUG] 🤖 [MS3-PKG] [DEBUG] 🤖 [MS3-PKG] [DEBUG] 🤖 [MS3-PKG] [DEBUG] 🤖 [MS3-PKG] [DEBUG] 🤖 [MS3-PKG] [DEBUG] 🤖 [MS3-PKG] [DEBUG] 🤖 [MS3-PKG] [DEBUG] 🤖 [MS3-PKG] [DEBUG] 🤖 [MS3-PKG] [DEBUG] 🤖 [MS3-PKG] [DEBUG] 📊 [analyzeJoiSchema] Field multiChainRpcs: type=object, required=false, message=&quot;Multi-chain RPC configuration - maps chain IDs to RPC URL arrays&quot;
🤖 [MS3-PKG] [INFO] 🤖 [MS3-PKG] [INFO] 🤖 [MS3-PKG] [INFO] 🤖 [MS3-PKG] [INFO] 🤖 [MS3-PKG] [INFO] 🤖 [MS3-PKG] [INFO] 🤖 [MS3-PKG] [INFO] 🤖 [MS3-PKG] [INFO] 🤖 [MS3-PKG] [INFO] 🤖 [MS3-PKG] [INFO] 🤖 [MS3-PKG] [INFO] 🤖 [MS3-PKG] [INFO] 🤖 [MS3-PKG] [INFO] 🤖 [MS3-PKG] [INFO] 📊 [analyzeJoiSchema] Generated 7 requirements for options
🤖 [MS3-PKG] [DEBUG] 🤖 [MS3-PKG] [DEBUG] 🤖 [MS3-PKG] [DEBUG] 🤖 [MS3-PKG] [DEBUG] 🤖 [MS3-PKG] [DEBUG] 🤖 [MS3-PKG] [DEBUG] 🤖 [MS3-PKG] [DEBUG] 🤖 [MS3-PKG] [DEBUG] 🤖 [MS3-PKG] [DEBUG] 🤖 [MS3-PKG] [DEBUG] 🤖 [MS3-PKG] [DEBUG] 🤖 [MS3-PKG] [DEBUG] 🤖 [MS3-PKG] [DEBUG] 🤖 [MS3-PKG] [DEBUG] 🔍 [getRequirements] Starting analysis for bulk-test-26
🤖 [MS3-PKG] [DEBUG] 🤖 [MS3-PKG] [DEBUG] 🤖 [MS3-PKG] [DEBUG] 🤖 [MS3-PKG] [DEBUG] 🤖 [MS3-PKG] [DEBUG] 🤖 [MS3-PKG] [DEBUG] 🤖 [MS3-PKG] [DEBUG] 🤖 [MS3-PKG] [DEBUG] 🤖 [MS3-PKG] [DEBUG] 🤖 [MS3-PKG] [DEBUG] 🤖 [MS3-PKG] [DEBUG] 🤖 [MS3-PKG] [DEBUG] 🤖 [MS3-PKG] [DEBUG] 🤖 [MS3-PKG] [DEBUG] 🔬 [analyzeJoiSchema] Analyzing schema at path: options
🤖 [MS3-PKG] [DEBUG] 🤖 [MS3-PKG] [DEBUG] 🤖 [MS3-PKG] [DEBUG] 🤖 [MS3-PKG] [DEBUG] 🤖 [MS3-PKG] [DEBUG] 🤖 [MS3-PKG] [DEBUG] 🤖 [MS3-PKG] [DEBUG] 🤖 [MS3-PKG] [DEBUG] 🤖 [MS3-PKG] [DEBUG] 🤖 [MS3-PKG] [DEBUG] 🤖 [MS3-PKG] [DEBUG] 🤖 [MS3-PKG] [DEBUG] 🤖 [MS3-PKG] [DEBUG] 🤖 [MS3-PKG] [DEBUG] 📋 [analyzeJoiSchema] Schema description type: object
🤖 [MS3-PKG] [DEBUG] 🤖 [MS3-PKG] [DEBUG] 🤖 [MS3-PKG] [DEBUG] 🤖 [MS3-PKG] [DEBUG] 🤖 [MS3-PKG] [DEBUG] 🤖 [MS3-PKG] [DEBUG] 🤖 [MS3-PKG] [DEBUG] 🤖 [MS3-PKG] [DEBUG] 🤖 [MS3-PKG] [DEBUG] 🤖 [MS3-PKG] [DEBUG] 🤖 [MS3-PKG] [DEBUG] 🤖 [MS3-PKG] [DEBUG] 🤖 [MS3-PKG] [DEBUG] 🤖 [MS3-PKG] [DEBUG] 📋 [analyzeJoiSchema] Schema keys: [ [32m&apos;web3authConfig&apos;[39m, [32m&apos;multiChainRpcs&apos;[39m ]
🤖 [MS3-PKG] [DEBUG] 🤖 [MS3-PKG] [DEBUG] 🤖 [MS3-PKG] [DEBUG] 🤖 [MS3-PKG] [DEBUG] 🤖 [MS3-PKG] [DEBUG] 🤖 [MS3-PKG] [DEBUG] 🤖 [MS3-PKG] [DEBUG] 🤖 [MS3-PKG] [DEBUG] 🤖 [MS3-PKG] [DEBUG] 🤖 [MS3-PKG] [DEBUG] 🤖 [MS3-PKG] [DEBUG] 🤖 [MS3-PKG] [DEBUG] 🤖 [MS3-PKG] [DEBUG] 🤖 [MS3-PKG] [DEBUG] ✅ [analyzeJoiSchema] Processing object schema with 2 keys
🤖 [MS3-PKG] [DEBUG] 🤖 [MS3-PKG] [DEBUG] 🤖 [MS3-PKG] [DEBUG] 🤖 [MS3-PKG] [DEBUG] 🤖 [MS3-PKG] [DEBUG] 🤖 [MS3-PKG] [DEBUG] 🤖 [MS3-PKG] [DEBUG] 🤖 [MS3-PKG] [DEBUG] 🤖 [MS3-PKG] [DEBUG] 🤖 [MS3-PKG] [DEBUG] 🤖 [MS3-PKG] [DEBUG] 🤖 [MS3-PKG] [DEBUG] 🤖 [MS3-PKG] [DEBUG] 🤖 [MS3-PKG] [DEBUG] 🔑 [analyzeJoiSchema] Processing field: web3authConfig
🤖 [MS3-PKG] [DEBUG] 🤖 [MS3-PKG] [DEBUG] 🤖 [MS3-PKG] [DEBUG] 🤖 [MS3-PKG] [DEBUG] 🤖 [MS3-PKG] [DEBUG] 🤖 [MS3-PKG] [DEBUG] 🤖 [MS3-PKG] [DEBUG] 🤖 [MS3-PKG] [DEBUG] 🤖 [MS3-PKG] [DEBUG] 🤖 [MS3-PKG] [DEBUG] 🤖 [MS3-PKG] [DEBUG] 🤖 [MS3-PKG] [DEBUG] 🤖 [MS3-PKG] [DEBUG] 🤖 [MS3-PKG] [DEBUG] 📝 [analyzeJoiSchema] Field description: {
  type: [32m&apos;object&apos;[39m,
  flags: {
    presence: [32m&apos;required&apos;[39m,
    description: [32m&apos;Web3Auth configuration object&apos;[39m
  },
  keys: {
    clientId: { type: [32m&apos;string&apos;[39m, flags: [36m[Object][39m },
    web3AuthNetwork: { type: [32m&apos;string&apos;[39m, flags: [36m[Object][39m, allow: [36m[Array][39m },
    chainConfig: { type: [32m&apos;object&apos;[39m, flags: [36m[Object][39m, keys: [36m[Object][39m },
    loginConfig: { type: [32m&apos;object&apos;[39m, flags: [36m[Object][39m },
    privateKeyProvider: { type: [32m&apos;any&apos;[39m, flags: [36m[Object][39m }
  }
}
🤖 [MS3-PKG] [DEBUG] 🤖 [MS3-PKG] [DEBUG] 🤖 [MS3-PKG] [DEBUG] 🤖 [MS3-PKG] [DEBUG] 🤖 [MS3-PKG] [DEBUG] 🤖 [MS3-PKG] [DEBUG] 🤖 [MS3-PKG] [DEBUG] 🤖 [MS3-PKG] [DEBUG] 🤖 [MS3-PKG] [DEBUG] 🤖 [MS3-PKG] [DEBUG] 🤖 [MS3-PKG] [DEBUG] 🤖 [MS3-PKG] [DEBUG] 🤖 [MS3-PKG] [DEBUG] 🤖 [MS3-PKG] [DEBUG] 📊 [analyzeJoiSchema] Field web3authConfig: type=object, required=true, message=&quot;Web3Auth configuration object&quot;
🤖 [MS3-PKG] [DEBUG] 🤖 [MS3-PKG] [DEBUG] 🤖 [MS3-PKG] [DEBUG] 🤖 [MS3-PKG] [DEBUG] 🤖 [MS3-PKG] [DEBUG] 🤖 [MS3-PKG] [DEBUG] 🤖 [MS3-PKG] [DEBUG] 🤖 [MS3-PKG] [DEBUG] 🤖 [MS3-PKG] [DEBUG] 🤖 [MS3-PKG] [DEBUG] 🤖 [MS3-PKG] [DEBUG] 🤖 [MS3-PKG] [DEBUG] 🤖 [MS3-PKG] [DEBUG] 🤖 [MS3-PKG] [DEBUG] 🔄 [analyzeJoiSchema] Recursing into nested object: web3authConfig
🤖 [MS3-PKG] [DEBUG] 🤖 [MS3-PKG] [DEBUG] 🤖 [MS3-PKG] [DEBUG] 🤖 [MS3-PKG] [DEBUG] 🤖 [MS3-PKG] [DEBUG] 🤖 [MS3-PKG] [DEBUG] 🤖 [MS3-PKG] [DEBUG] 🤖 [MS3-PKG] [DEBUG] 🤖 [MS3-PKG] [DEBUG] 🤖 [MS3-PKG] [DEBUG] 🤖 [MS3-PKG] [DEBUG] 🤖 [MS3-PKG] [DEBUG] 🤖 [MS3-PKG] [DEBUG] 🤖 [MS3-PKG] [DEBUG] 🔑 [analyzeJoiSchema] Processing field: multiChainRpcs
🤖 [MS3-PKG] [DEBUG] 🤖 [MS3-PKG] [DEBUG] 🤖 [MS3-PKG] [DEBUG] 🤖 [MS3-PKG] [DEBUG] 🤖 [MS3-PKG] [DEBUG] 🤖 [MS3-PKG] [DEBUG] 🤖 [MS3-PKG] [DEBUG] 🤖 [MS3-PKG] [DEBUG] 🤖 [MS3-PKG] [DEBUG] 🤖 [MS3-PKG] [DEBUG] 🤖 [MS3-PKG] [DEBUG] 🤖 [MS3-PKG] [DEBUG] 🤖 [MS3-PKG] [DEBUG] 🤖 [MS3-PKG] [DEBUG] 📝 [analyzeJoiSchema] Field description: {
  type: [32m&apos;object&apos;[39m,
  flags: {
    presence: [32m&apos;optional&apos;[39m,
    description: [32m&apos;Multi-chain RPC configuration - maps chain IDs to RPC URL arrays&apos;[39m
  },
  patterns: [ { schema: [36m[Object][39m, rule: [36m[Object][39m } ]
}
🤖 [MS3-PKG] [DEBUG] 🤖 [MS3-PKG] [DEBUG] 🤖 [MS3-PKG] [DEBUG] 🤖 [MS3-PKG] [DEBUG] 🤖 [MS3-PKG] [DEBUG] 🤖 [MS3-PKG] [DEBUG] 🤖 [MS3-PKG] [DEBUG] 🤖 [MS3-PKG] [DEBUG] 🤖 [MS3-PKG] [DEBUG] 🤖 [MS3-PKG] [DEBUG] 🤖 [MS3-PKG] [DEBUG] 🤖 [MS3-PKG] [DEBUG] 🤖 [MS3-PKG] [DEBUG] 🤖 [MS3-PKG] [DEBUG] 📊 [analyzeJoiSchema] Field multiChainRpcs: type=object, required=false, message=&quot;Multi-chain RPC configuration - maps chain IDs to RPC URL arrays&quot;
🤖 [MS3-PKG] [INFO] 🤖 [MS3-PKG] [INFO] 🤖 [MS3-PKG] [INFO] 🤖 [MS3-PKG] [INFO] 🤖 [MS3-PKG] [INFO] 🤖 [MS3-PKG] [INFO] 🤖 [MS3-PKG] [INFO] 🤖 [MS3-PKG] [INFO] 🤖 [MS3-PKG] [INFO] 🤖 [MS3-PKG] [INFO] 🤖 [MS3-PKG] [INFO] 🤖 [MS3-PKG] [INFO] 🤖 [MS3-PKG] [INFO] 🤖 [MS3-PKG] [INFO] 📊 [analyzeJoiSchema] Generated 14 requirements for options
🤖 [MS3-PKG] [DEBUG] 🤖 [MS3-PKG] [DEBUG] 🤖 [MS3-PKG] [DEBUG] 🤖 [MS3-PKG] [DEBUG] 🤖 [MS3-PKG] [DEBUG] 🤖 [MS3-PKG] [DEBUG] 🤖 [MS3-PKG] [DEBUG] 🤖 [MS3-PKG] [DEBUG] 🤖 [MS3-PKG] [DEBUG] 🤖 [MS3-PKG] [DEBUG] 🤖 [MS3-PKG] [DEBUG] 🤖 [MS3-PKG] [DEBUG] 🤖 [MS3-PKG] [DEBUG] 🤖 [MS3-PKG] [DEBUG] 🔍 [getRequirements] Starting analysis for bulk-test-27
🤖 [MS3-PKG] [DEBUG] 🤖 [MS3-PKG] [DEBUG] 🤖 [MS3-PKG] [DEBUG] 🤖 [MS3-PKG] [DEBUG] 🤖 [MS3-PKG] [DEBUG] 🤖 [MS3-PKG] [DEBUG] 🤖 [MS3-PKG] [DEBUG] 🤖 [MS3-PKG] [DEBUG] 🤖 [MS3-PKG] [DEBUG] 🤖 [MS3-PKG] [DEBUG] 🤖 [MS3-PKG] [DEBUG] 🤖 [MS3-PKG] [DEBUG] 🤖 [MS3-PKG] [DEBUG] 🤖 [MS3-PKG] [DEBUG] 🔬 [analyzeJoiSchema] Analyzing schema at path: options
🤖 [MS3-PKG] [DEBUG] 🤖 [MS3-PKG] [DEBUG] 🤖 [MS3-PKG] [DEBUG] 🤖 [MS3-PKG] [DEBUG] 🤖 [MS3-PKG] [DEBUG] 🤖 [MS3-PKG] [DEBUG] 🤖 [MS3-PKG] [DEBUG] 🤖 [MS3-PKG] [DEBUG] 🤖 [MS3-PKG] [DEBUG] 🤖 [MS3-PKG] [DEBUG] 🤖 [MS3-PKG] [DEBUG] 🤖 [MS3-PKG] [DEBUG] 🤖 [MS3-PKG] [DEBUG] 🤖 [MS3-PKG] [DEBUG] 📋 [analyzeJoiSchema] Schema description type: object
🤖 [MS3-PKG] [DEBUG] 🤖 [MS3-PKG] [DEBUG] 🤖 [MS3-PKG] [DEBUG] 🤖 [MS3-PKG] [DEBUG] 🤖 [MS3-PKG] [DEBUG] 🤖 [MS3-PKG] [DEBUG] 🤖 [MS3-PKG] [DEBUG] 🤖 [MS3-PKG] [DEBUG] 🤖 [MS3-PKG] [DEBUG] 🤖 [MS3-PKG] [DEBUG] 🤖 [MS3-PKG] [DEBUG] 🤖 [MS3-PKG] [DEBUG] 🤖 [MS3-PKG] [DEBUG] 🤖 [MS3-PKG] [DEBUG] 📋 [analyzeJoiSchema] Schema keys: [ [32m&apos;privateKey&apos;[39m, [32m&apos;provider&apos;[39m, [32m&apos;multiChainRpcs&apos;[39m ]
🤖 [MS3-PKG] [DEBUG] 🤖 [MS3-PKG] [DEBUG] 🤖 [MS3-PKG] [DEBUG] 🤖 [MS3-PKG] [DEBUG] 🤖 [MS3-PKG] [DEBUG] 🤖 [MS3-PKG] [DEBUG] 🤖 [MS3-PKG] [DEBUG] 🤖 [MS3-PKG] [DEBUG] 🤖 [MS3-PKG] [DEBUG] 🤖 [MS3-PKG] [DEBUG] 🤖 [MS3-PKG] [DEBUG] 🤖 [MS3-PKG] [DEBUG] 🤖 [MS3-PKG] [DEBUG] 🤖 [MS3-PKG] [DEBUG] ✅ [analyzeJoiSchema] Processing object schema with 3 keys
🤖 [MS3-PKG] [DEBUG] 🤖 [MS3-PKG] [DEBUG] 🤖 [MS3-PKG] [DEBUG] 🤖 [MS3-PKG] [DEBUG] 🤖 [MS3-PKG] [DEBUG] 🤖 [MS3-PKG] [DEBUG] 🤖 [MS3-PKG] [DEBUG] 🤖 [MS3-PKG] [DEBUG] 🤖 [MS3-PKG] [DEBUG] 🤖 [MS3-PKG] [DEBUG] 🤖 [MS3-PKG] [DEBUG] 🤖 [MS3-PKG] [DEBUG] 🤖 [MS3-PKG] [DEBUG] 🤖 [MS3-PKG] [DEBUG] 🔑 [analyzeJoiSchema] Processing field: privateKey
🤖 [MS3-PKG] [DEBUG] 🤖 [MS3-PKG] [DEBUG] 🤖 [MS3-PKG] [DEBUG] 🤖 [MS3-PKG] [DEBUG] 🤖 [MS3-PKG] [DEBUG] 🤖 [MS3-PKG] [DEBUG] 🤖 [MS3-PKG] [DEBUG] 🤖 [MS3-PKG] [DEBUG] 🤖 [MS3-PKG] [DEBUG] 🤖 [MS3-PKG] [DEBUG] 🤖 [MS3-PKG] [DEBUG] 🤖 [MS3-PKG] [DEBUG] 🤖 [MS3-PKG] [DEBUG] 🤖 [MS3-PKG] [DEBUG] 📝 [analyzeJoiSchema] Field description: {
  type: [32m&apos;string&apos;[39m,
  flags: {
    presence: [32m&apos;required&apos;[39m,
    description: [32m&apos;Private key for wallet (generates random if not provided)&apos;[39m
  },
  rules: [ { name: [32m&apos;pattern&apos;[39m, args: [36m[Object][39m } ]
}
🤖 [MS3-PKG] [DEBUG] 🤖 [MS3-PKG] [DEBUG] 🤖 [MS3-PKG] [DEBUG] 🤖 [MS3-PKG] [DEBUG] 🤖 [MS3-PKG] [DEBUG] 🤖 [MS3-PKG] [DEBUG] 🤖 [MS3-PKG] [DEBUG] 🤖 [MS3-PKG] [DEBUG] 🤖 [MS3-PKG] [DEBUG] 🤖 [MS3-PKG] [DEBUG] 🤖 [MS3-PKG] [DEBUG] 🤖 [MS3-PKG] [DEBUG] 🤖 [MS3-PKG] [DEBUG] 🤖 [MS3-PKG] [DEBUG] 📊 [analyzeJoiSchema] Field privateKey: type=string, required=true, message=&quot;Private key for wallet (generates random if not provided)&quot;
🤖 [MS3-PKG] [DEBUG] 🤖 [MS3-PKG] [DEBUG] 🤖 [MS3-PKG] [DEBUG] 🤖 [MS3-PKG] [DEBUG] 🤖 [MS3-PKG] [DEBUG] 🤖 [MS3-PKG] [DEBUG] 🤖 [MS3-PKG] [DEBUG] 🤖 [MS3-PKG] [DEBUG] 🤖 [MS3-PKG] [DEBUG] 🤖 [MS3-PKG] [DEBUG] 🤖 [MS3-PKG] [DEBUG] 🤖 [MS3-PKG] [DEBUG] 🤖 [MS3-PKG] [DEBUG] 🤖 [MS3-PKG] [DEBUG] 🔑 [analyzeJoiSchema] Processing field: provider
🤖 [MS3-PKG] [DEBUG] 🤖 [MS3-PKG] [DEBUG] 🤖 [MS3-PKG] [DEBUG] 🤖 [MS3-PKG] [DEBUG] 🤖 [MS3-PKG] [DEBUG] 🤖 [MS3-PKG] [DEBUG] 🤖 [MS3-PKG] [DEBUG] 🤖 [MS3-PKG] [DEBUG] 🤖 [MS3-PKG] [DEBUG] 🤖 [MS3-PKG] [DEBUG] 🤖 [MS3-PKG] [DEBUG] 🤖 [MS3-PKG] [DEBUG] 🤖 [MS3-PKG] [DEBUG] 🤖 [MS3-PKG] [DEBUG] 📝 [analyzeJoiSchema] Field description: {
  type: [32m&apos;object&apos;[39m,
  flags: {
    presence: [32m&apos;optional&apos;[39m,
    description: [32m&apos;Optional provider configuration&apos;[39m
  },
  keys: {
    name: { type: [32m&apos;string&apos;[39m, flags: [36m[Object][39m },
    chainId: { type: [32m&apos;string&apos;[39m, flags: [36m[Object][39m, rules: [36m[Array][39m },
    rpcUrls: { type: [32m&apos;array&apos;[39m, flags: [36m[Object][39m, rules: [36m[Array][39m, items: [36m[Array][39m },
    displayName: { type: [32m&apos;string&apos;[39m, flags: [36m[Object][39m }
  }
}
🤖 [MS3-PKG] [DEBUG] 🤖 [MS3-PKG] [DEBUG] 🤖 [MS3-PKG] [DEBUG] 🤖 [MS3-PKG] [DEBUG] 🤖 [MS3-PKG] [DEBUG] 🤖 [MS3-PKG] [DEBUG] 🤖 [MS3-PKG] [DEBUG] 🤖 [MS3-PKG] [DEBUG] 🤖 [MS3-PKG] [DEBUG] 🤖 [MS3-PKG] [DEBUG] 🤖 [MS3-PKG] [DEBUG] 🤖 [MS3-PKG] [DEBUG] 🤖 [MS3-PKG] [DEBUG] 🤖 [MS3-PKG] [DEBUG] 📊 [analyzeJoiSchema] Field provider: type=object, required=false, message=&quot;Optional provider configuration&quot;
🤖 [MS3-PKG] [DEBUG] 🤖 [MS3-PKG] [DEBUG] 🤖 [MS3-PKG] [DEBUG] 🤖 [MS3-PKG] [DEBUG] 🤖 [MS3-PKG] [DEBUG] 🤖 [MS3-PKG] [DEBUG] 🤖 [MS3-PKG] [DEBUG] 🤖 [MS3-PKG] [DEBUG] 🤖 [MS3-PKG] [DEBUG] 🤖 [MS3-PKG] [DEBUG] 🤖 [MS3-PKG] [DEBUG] 🤖 [MS3-PKG] [DEBUG] 🤖 [MS3-PKG] [DEBUG] 🤖 [MS3-PKG] [DEBUG] 🔄 [analyzeJoiSchema] Recursing into nested object: provider
🤖 [MS3-PKG] [DEBUG] 🤖 [MS3-PKG] [DEBUG] 🤖 [MS3-PKG] [DEBUG] 🤖 [MS3-PKG] [DEBUG] 🤖 [MS3-PKG] [DEBUG] 🤖 [MS3-PKG] [DEBUG] 🤖 [MS3-PKG] [DEBUG] 🤖 [MS3-PKG] [DEBUG] 🤖 [MS3-PKG] [DEBUG] 🤖 [MS3-PKG] [DEBUG] 🤖 [MS3-PKG] [DEBUG] 🤖 [MS3-PKG] [DEBUG] 🤖 [MS3-PKG] [DEBUG] 🤖 [MS3-PKG] [DEBUG] 🔑 [analyzeJoiSchema] Processing field: multiChainRpcs
🤖 [MS3-PKG] [DEBUG] 🤖 [MS3-PKG] [DEBUG] 🤖 [MS3-PKG] [DEBUG] 🤖 [MS3-PKG] [DEBUG] 🤖 [MS3-PKG] [DEBUG] 🤖 [MS3-PKG] [DEBUG] 🤖 [MS3-PKG] [DEBUG] 🤖 [MS3-PKG] [DEBUG] 🤖 [MS3-PKG] [DEBUG] 🤖 [MS3-PKG] [DEBUG] 🤖 [MS3-PKG] [DEBUG] 🤖 [MS3-PKG] [DEBUG] 🤖 [MS3-PKG] [DEBUG] 🤖 [MS3-PKG] [DEBUG] 📝 [analyzeJoiSchema] Field description: {
  type: [32m&apos;object&apos;[39m,
  flags: {
    presence: [32m&apos;optional&apos;[39m,
    description: [32m&apos;Multi-chain RPC configuration - maps chain IDs to RPC URL arrays&apos;[39m
  },
  patterns: [ { schema: [36m[Object][39m, rule: [36m[Object][39m } ]
}
🤖 [MS3-PKG] [DEBUG] 🤖 [MS3-PKG] [DEBUG] 🤖 [MS3-PKG] [DEBUG] 🤖 [MS3-PKG] [DEBUG] 🤖 [MS3-PKG] [DEBUG] 🤖 [MS3-PKG] [DEBUG] 🤖 [MS3-PKG] [DEBUG] 🤖 [MS3-PKG] [DEBUG] 🤖 [MS3-PKG] [DEBUG] 🤖 [MS3-PKG] [DEBUG] 🤖 [MS3-PKG] [DEBUG] 🤖 [MS3-PKG] [DEBUG] 🤖 [MS3-PKG] [DEBUG] 🤖 [MS3-PKG] [DEBUG] 📊 [analyzeJoiSchema] Field multiChainRpcs: type=object, required=false, message=&quot;Multi-chain RPC configuration - maps chain IDs to RPC URL arrays&quot;
🤖 [MS3-PKG] [INFO] 🤖 [MS3-PKG] [INFO] 🤖 [MS3-PKG] [INFO] 🤖 [MS3-PKG] [INFO] 🤖 [MS3-PKG] [INFO] 🤖 [MS3-PKG] [INFO] 🤖 [MS3-PKG] [INFO] 🤖 [MS3-PKG] [INFO] 🤖 [MS3-PKG] [INFO] 🤖 [MS3-PKG] [INFO] 🤖 [MS3-PKG] [INFO] 🤖 [MS3-PKG] [INFO] 🤖 [MS3-PKG] [INFO] 🤖 [MS3-PKG] [INFO] 📊 [analyzeJoiSchema] Generated 7 requirements for options
🤖 [MS3-PKG] [DEBUG] 🤖 [MS3-PKG] [DEBUG] 🤖 [MS3-PKG] [DEBUG] 🤖 [MS3-PKG] [DEBUG] 🤖 [MS3-PKG] [DEBUG] 🤖 [MS3-PKG] [DEBUG] 🤖 [MS3-PKG] [DEBUG] 🤖 [MS3-PKG] [DEBUG] 🤖 [MS3-PKG] [DEBUG] 🤖 [MS3-PKG] [DEBUG] 🤖 [MS3-PKG] [DEBUG] 🤖 [MS3-PKG] [DEBUG] 🤖 [MS3-PKG] [DEBUG] 🤖 [MS3-PKG] [DEBUG] 🔍 [getRequirements] Starting analysis for bulk-test-27
🤖 [MS3-PKG] [DEBUG] 🤖 [MS3-PKG] [DEBUG] 🤖 [MS3-PKG] [DEBUG] 🤖 [MS3-PKG] [DEBUG] 🤖 [MS3-PKG] [DEBUG] 🤖 [MS3-PKG] [DEBUG] 🤖 [MS3-PKG] [DEBUG] 🤖 [MS3-PKG] [DEBUG] 🤖 [MS3-PKG] [DEBUG] 🤖 [MS3-PKG] [DEBUG] 🤖 [MS3-PKG] [DEBUG] 🤖 [MS3-PKG] [DEBUG] 🤖 [MS3-PKG] [DEBUG] 🤖 [MS3-PKG] [DEBUG] 🔬 [analyzeJoiSchema] Analyzing schema at path: options
🤖 [MS3-PKG] [DEBUG] 🤖 [MS3-PKG] [DEBUG] 🤖 [MS3-PKG] [DEBUG] 🤖 [MS3-PKG] [DEBUG] 🤖 [MS3-PKG] [DEBUG] 🤖 [MS3-PKG] [DEBUG] 🤖 [MS3-PKG] [DEBUG] 🤖 [MS3-PKG] [DEBUG] 🤖 [MS3-PKG] [DEBUG] 🤖 [MS3-PKG] [DEBUG] 🤖 [MS3-PKG] [DEBUG] 🤖 [MS3-PKG] [DEBUG] 🤖 [MS3-PKG] [DEBUG] 🤖 [MS3-PKG] [DEBUG] 📋 [analyzeJoiSchema] Schema description type: object
🤖 [MS3-PKG] [DEBUG] 🤖 [MS3-PKG] [DEBUG] 🤖 [MS3-PKG] [DEBUG] 🤖 [MS3-PKG] [DEBUG] 🤖 [MS3-PKG] [DEBUG] 🤖 [MS3-PKG] [DEBUG] 🤖 [MS3-PKG] [DEBUG] 🤖 [MS3-PKG] [DEBUG] 🤖 [MS3-PKG] [DEBUG] 🤖 [MS3-PKG] [DEBUG] 🤖 [MS3-PKG] [DEBUG] 🤖 [MS3-PKG] [DEBUG] 🤖 [MS3-PKG] [DEBUG] 🤖 [MS3-PKG] [DEBUG] 📋 [analyzeJoiSchema] Schema keys: [ [32m&apos;web3authConfig&apos;[39m, [32m&apos;multiChainRpcs&apos;[39m ]
🤖 [MS3-PKG] [DEBUG] 🤖 [MS3-PKG] [DEBUG] 🤖 [MS3-PKG] [DEBUG] 🤖 [MS3-PKG] [DEBUG] 🤖 [MS3-PKG] [DEBUG] 🤖 [MS3-PKG] [DEBUG] 🤖 [MS3-PKG] [DEBUG] 🤖 [MS3-PKG] [DEBUG] 🤖 [MS3-PKG] [DEBUG] 🤖 [MS3-PKG] [DEBUG] 🤖 [MS3-PKG] [DEBUG] 🤖 [MS3-PKG] [DEBUG] 🤖 [MS3-PKG] [DEBUG] 🤖 [MS3-PKG] [DEBUG] ✅ [analyzeJoiSchema] Processing object schema with 2 keys
🤖 [MS3-PKG] [DEBUG] 🤖 [MS3-PKG] [DEBUG] 🤖 [MS3-PKG] [DEBUG] 🤖 [MS3-PKG] [DEBUG] 🤖 [MS3-PKG] [DEBUG] 🤖 [MS3-PKG] [DEBUG] 🤖 [MS3-PKG] [DEBUG] 🤖 [MS3-PKG] [DEBUG] 🤖 [MS3-PKG] [DEBUG] 🤖 [MS3-PKG] [DEBUG] 🤖 [MS3-PKG] [DEBUG] 🤖 [MS3-PKG] [DEBUG] 🤖 [MS3-PKG] [DEBUG] 🤖 [MS3-PKG] [DEBUG] 🔑 [analyzeJoiSchema] Processing field: web3authConfig
🤖 [MS3-PKG] [DEBUG] 🤖 [MS3-PKG] [DEBUG] 🤖 [MS3-PKG] [DEBUG] 🤖 [MS3-PKG] [DEBUG] 🤖 [MS3-PKG] [DEBUG] 🤖 [MS3-PKG] [DEBUG] 🤖 [MS3-PKG] [DEBUG] 🤖 [MS3-PKG] [DEBUG] 🤖 [MS3-PKG] [DEBUG] 🤖 [MS3-PKG] [DEBUG] 🤖 [MS3-PKG] [DEBUG] 🤖 [MS3-PKG] [DEBUG] 🤖 [MS3-PKG] [DEBUG] 🤖 [MS3-PKG] [DEBUG] 📝 [analyzeJoiSchema] Field description: {
  type: [32m&apos;object&apos;[39m,
  flags: {
    presence: [32m&apos;required&apos;[39m,
    description: [32m&apos;Web3Auth configuration object&apos;[39m
  },
  keys: {
    clientId: { type: [32m&apos;string&apos;[39m, flags: [36m[Object][39m },
    web3AuthNetwork: { type: [32m&apos;string&apos;[39m, flags: [36m[Object][39m, allow: [36m[Array][39m },
    chainConfig: { type: [32m&apos;object&apos;[39m, flags: [36m[Object][39m, keys: [36m[Object][39m },
    loginConfig: { type: [32m&apos;object&apos;[39m, flags: [36m[Object][39m },
    privateKeyProvider: { type: [32m&apos;any&apos;[39m, flags: [36m[Object][39m }
  }
}
🤖 [MS3-PKG] [DEBUG] 🤖 [MS3-PKG] [DEBUG] 🤖 [MS3-PKG] [DEBUG] 🤖 [MS3-PKG] [DEBUG] 🤖 [MS3-PKG] [DEBUG] 🤖 [MS3-PKG] [DEBUG] 🤖 [MS3-PKG] [DEBUG] 🤖 [MS3-PKG] [DEBUG] 🤖 [MS3-PKG] [DEBUG] 🤖 [MS3-PKG] [DEBUG] 🤖 [MS3-PKG] [DEBUG] 🤖 [MS3-PKG] [DEBUG] 🤖 [MS3-PKG] [DEBUG] 🤖 [MS3-PKG] [DEBUG] 📊 [analyzeJoiSchema] Field web3authConfig: type=object, required=true, message=&quot;Web3Auth configuration object&quot;
🤖 [MS3-PKG] [DEBUG] 🤖 [MS3-PKG] [DEBUG] 🤖 [MS3-PKG] [DEBUG] 🤖 [MS3-PKG] [DEBUG] 🤖 [MS3-PKG] [DEBUG] 🤖 [MS3-PKG] [DEBUG] 🤖 [MS3-PKG] [DEBUG] 🤖 [MS3-PKG] [DEBUG] 🤖 [MS3-PKG] [DEBUG] 🤖 [MS3-PKG] [DEBUG] 🤖 [MS3-PKG] [DEBUG] 🤖 [MS3-PKG] [DEBUG] 🤖 [MS3-PKG] [DEBUG] 🤖 [MS3-PKG] [DEBUG] 🔄 [analyzeJoiSchema] Recursing into nested object: web3authConfig
🤖 [MS3-PKG] [DEBUG] 🤖 [MS3-PKG] [DEBUG] 🤖 [MS3-PKG] [DEBUG] 🤖 [MS3-PKG] [DEBUG] 🤖 [MS3-PKG] [DEBUG] 🤖 [MS3-PKG] [DEBUG] 🤖 [MS3-PKG] [DEBUG] 🤖 [MS3-PKG] [DEBUG] 🤖 [MS3-PKG] [DEBUG] 🤖 [MS3-PKG] [DEBUG] 🤖 [MS3-PKG] [DEBUG] 🤖 [MS3-PKG] [DEBUG] 🤖 [MS3-PKG] [DEBUG] 🤖 [MS3-PKG] [DEBUG] 🔑 [analyzeJoiSchema] Processing field: multiChainRpcs
🤖 [MS3-PKG] [DEBUG] 🤖 [MS3-PKG] [DEBUG] 🤖 [MS3-PKG] [DEBUG] 🤖 [MS3-PKG] [DEBUG] 🤖 [MS3-PKG] [DEBUG] 🤖 [MS3-PKG] [DEBUG] 🤖 [MS3-PKG] [DEBUG] 🤖 [MS3-PKG] [DEBUG] 🤖 [MS3-PKG] [DEBUG] 🤖 [MS3-PKG] [DEBUG] 🤖 [MS3-PKG] [DEBUG] 🤖 [MS3-PKG] [DEBUG] 🤖 [MS3-PKG] [DEBUG] 🤖 [MS3-PKG] [DEBUG] 📝 [analyzeJoiSchema] Field description: {
  type: [32m&apos;object&apos;[39m,
  flags: {
    presence: [32m&apos;optional&apos;[39m,
    description: [32m&apos;Multi-chain RPC configuration - maps chain IDs to RPC URL arrays&apos;[39m
  },
  patterns: [ { schema: [36m[Object][39m, rule: [36m[Object][39m } ]
}
🤖 [MS3-PKG] [DEBUG] 🤖 [MS3-PKG] [DEBUG] 🤖 [MS3-PKG] [DEBUG] 🤖 [MS3-PKG] [DEBUG] 🤖 [MS3-PKG] [DEBUG] 🤖 [MS3-PKG] [DEBUG] 🤖 [MS3-PKG] [DEBUG] 🤖 [MS3-PKG] [DEBUG] 🤖 [MS3-PKG] [DEBUG] 🤖 [MS3-PKG] [DEBUG] 🤖 [MS3-PKG] [DEBUG] 🤖 [MS3-PKG] [DEBUG] 🤖 [MS3-PKG] [DEBUG] 🤖 [MS3-PKG] [DEBUG] 📊 [analyzeJoiSchema] Field multiChainRpcs: type=object, required=false, message=&quot;Multi-chain RPC configuration - maps chain IDs to RPC URL arrays&quot;
🤖 [MS3-PKG] [INFO] 🤖 [MS3-PKG] [INFO] 🤖 [MS3-PKG] [INFO] 🤖 [MS3-PKG] [INFO] 🤖 [MS3-PKG] [INFO] 🤖 [MS3-PKG] [INFO] 🤖 [MS3-PKG] [INFO] 🤖 [MS3-PKG] [INFO] 🤖 [MS3-PKG] [INFO] 🤖 [MS3-PKG] [INFO] 🤖 [MS3-PKG] [INFO] 🤖 [MS3-PKG] [INFO] 🤖 [MS3-PKG] [INFO] 🤖 [MS3-PKG] [INFO] 📊 [analyzeJoiSchema] Generated 14 requirements for options
🤖 [MS3-PKG] [DEBUG] 🤖 [MS3-PKG] [DEBUG] 🤖 [MS3-PKG] [DEBUG] 🤖 [MS3-PKG] [DEBUG] 🤖 [MS3-PKG] [DEBUG] 🤖 [MS3-PKG] [DEBUG] 🤖 [MS3-PKG] [DEBUG] 🤖 [MS3-PKG] [DEBUG] 🤖 [MS3-PKG] [DEBUG] 🤖 [MS3-PKG] [DEBUG] 🤖 [MS3-PKG] [DEBUG] 🤖 [MS3-PKG] [DEBUG] 🤖 [MS3-PKG] [DEBUG] 🤖 [MS3-PKG] [DEBUG] 🔍 [getRequirements] Starting analysis for bulk-test-28
🤖 [MS3-PKG] [DEBUG] 🤖 [MS3-PKG] [DEBUG] 🤖 [MS3-PKG] [DEBUG] 🤖 [MS3-PKG] [DEBUG] 🤖 [MS3-PKG] [DEBUG] 🤖 [MS3-PKG] [DEBUG] 🤖 [MS3-PKG] [DEBUG] 🤖 [MS3-PKG] [DEBUG] 🤖 [MS3-PKG] [DEBUG] 🤖 [MS3-PKG] [DEBUG] 🤖 [MS3-PKG] [DEBUG] 🤖 [MS3-PKG] [DEBUG] 🤖 [MS3-PKG] [DEBUG] 🤖 [MS3-PKG] [DEBUG] 🔬 [analyzeJoiSchema] Analyzing schema at path: options
🤖 [MS3-PKG] [DEBUG] 🤖 [MS3-PKG] [DEBUG] 🤖 [MS3-PKG] [DEBUG] 🤖 [MS3-PKG] [DEBUG] 🤖 [MS3-PKG] [DEBUG] 🤖 [MS3-PKG] [DEBUG] 🤖 [MS3-PKG] [DEBUG] 🤖 [MS3-PKG] [DEBUG] 🤖 [MS3-PKG] [DEBUG] 🤖 [MS3-PKG] [DEBUG] 🤖 [MS3-PKG] [DEBUG] 🤖 [MS3-PKG] [DEBUG] 🤖 [MS3-PKG] [DEBUG] 🤖 [MS3-PKG] [DEBUG] 📋 [analyzeJoiSchema] Schema description type: object
🤖 [MS3-PKG] [DEBUG] 🤖 [MS3-PKG] [DEBUG] 🤖 [MS3-PKG] [DEBUG] 🤖 [MS3-PKG] [DEBUG] 🤖 [MS3-PKG] [DEBUG] 🤖 [MS3-PKG] [DEBUG] 🤖 [MS3-PKG] [DEBUG] 🤖 [MS3-PKG] [DEBUG] 🤖 [MS3-PKG] [DEBUG] 🤖 [MS3-PKG] [DEBUG] 🤖 [MS3-PKG] [DEBUG] 🤖 [MS3-PKG] [DEBUG] 🤖 [MS3-PKG] [DEBUG] 🤖 [MS3-PKG] [DEBUG] 📋 [analyzeJoiSchema] Schema keys: [ [32m&apos;privateKey&apos;[39m, [32m&apos;provider&apos;[39m, [32m&apos;multiChainRpcs&apos;[39m ]
🤖 [MS3-PKG] [DEBUG] 🤖 [MS3-PKG] [DEBUG] 🤖 [MS3-PKG] [DEBUG] 🤖 [MS3-PKG] [DEBUG] 🤖 [MS3-PKG] [DEBUG] 🤖 [MS3-PKG] [DEBUG] 🤖 [MS3-PKG] [DEBUG] 🤖 [MS3-PKG] [DEBUG] 🤖 [MS3-PKG] [DEBUG] 🤖 [MS3-PKG] [DEBUG] 🤖 [MS3-PKG] [DEBUG] 🤖 [MS3-PKG] [DEBUG] 🤖 [MS3-PKG] [DEBUG] 🤖 [MS3-PKG] [DEBUG] ✅ [analyzeJoiSchema] Processing object schema with 3 keys
🤖 [MS3-PKG] [DEBUG] 🤖 [MS3-PKG] [DEBUG] 🤖 [MS3-PKG] [DEBUG] 🤖 [MS3-PKG] [DEBUG] 🤖 [MS3-PKG] [DEBUG] 🤖 [MS3-PKG] [DEBUG] 🤖 [MS3-PKG] [DEBUG] 🤖 [MS3-PKG] [DEBUG] 🤖 [MS3-PKG] [DEBUG] 🤖 [MS3-PKG] [DEBUG] 🤖 [MS3-PKG] [DEBUG] 🤖 [MS3-PKG] [DEBUG] 🤖 [MS3-PKG] [DEBUG] 🤖 [MS3-PKG] [DEBUG] 🔑 [analyzeJoiSchema] Processing field: privateKey
🤖 [MS3-PKG] [DEBUG] 🤖 [MS3-PKG] [DEBUG] 🤖 [MS3-PKG] [DEBUG] 🤖 [MS3-PKG] [DEBUG] 🤖 [MS3-PKG] [DEBUG] 🤖 [MS3-PKG] [DEBUG] 🤖 [MS3-PKG] [DEBUG] 🤖 [MS3-PKG] [DEBUG] 🤖 [MS3-PKG] [DEBUG] 🤖 [MS3-PKG] [DEBUG] 🤖 [MS3-PKG] [DEBUG] 🤖 [MS3-PKG] [DEBUG] 🤖 [MS3-PKG] [DEBUG] 🤖 [MS3-PKG] [DEBUG] 📝 [analyzeJoiSchema] Field description: {
  type: [32m&apos;string&apos;[39m,
  flags: {
    presence: [32m&apos;required&apos;[39m,
    description: [32m&apos;Private key for wallet (generates random if not provided)&apos;[39m
  },
  rules: [ { name: [32m&apos;pattern&apos;[39m, args: [36m[Object][39m } ]
}
🤖 [MS3-PKG] [DEBUG] 🤖 [MS3-PKG] [DEBUG] 🤖 [MS3-PKG] [DEBUG] 🤖 [MS3-PKG] [DEBUG] 🤖 [MS3-PKG] [DEBUG] 🤖 [MS3-PKG] [DEBUG] 🤖 [MS3-PKG] [DEBUG] 🤖 [MS3-PKG] [DEBUG] 🤖 [MS3-PKG] [DEBUG] 🤖 [MS3-PKG] [DEBUG] 🤖 [MS3-PKG] [DEBUG] 🤖 [MS3-PKG] [DEBUG] 🤖 [MS3-PKG] [DEBUG] 🤖 [MS3-PKG] [DEBUG] 📊 [analyzeJoiSchema] Field privateKey: type=string, required=true, message=&quot;Private key for wallet (generates random if not provided)&quot;
🤖 [MS3-PKG] [DEBUG] 🤖 [MS3-PKG] [DEBUG] 🤖 [MS3-PKG] [DEBUG] 🤖 [MS3-PKG] [DEBUG] 🤖 [MS3-PKG] [DEBUG] 🤖 [MS3-PKG] [DEBUG] 🤖 [MS3-PKG] [DEBUG] 🤖 [MS3-PKG] [DEBUG] 🤖 [MS3-PKG] [DEBUG] 🤖 [MS3-PKG] [DEBUG] 🤖 [MS3-PKG] [DEBUG] 🤖 [MS3-PKG] [DEBUG] 🤖 [MS3-PKG] [DEBUG] 🤖 [MS3-PKG] [DEBUG] 🔑 [analyzeJoiSchema] Processing field: provider
🤖 [MS3-PKG] [DEBUG] 🤖 [MS3-PKG] [DEBUG] 🤖 [MS3-PKG] [DEBUG] 🤖 [MS3-PKG] [DEBUG] 🤖 [MS3-PKG] [DEBUG] 🤖 [MS3-PKG] [DEBUG] 🤖 [MS3-PKG] [DEBUG] 🤖 [MS3-PKG] [DEBUG] 🤖 [MS3-PKG] [DEBUG] 🤖 [MS3-PKG] [DEBUG] 🤖 [MS3-PKG] [DEBUG] 🤖 [MS3-PKG] [DEBUG] 🤖 [MS3-PKG] [DEBUG] 🤖 [MS3-PKG] [DEBUG] 📝 [analyzeJoiSchema] Field description: {
  type: [32m&apos;object&apos;[39m,
  flags: {
    presence: [32m&apos;optional&apos;[39m,
    description: [32m&apos;Optional provider configuration&apos;[39m
  },
  keys: {
    name: { type: [32m&apos;string&apos;[39m, flags: [36m[Object][39m },
    chainId: { type: [32m&apos;string&apos;[39m, flags: [36m[Object][39m, rules: [36m[Array][39m },
    rpcUrls: { type: [32m&apos;array&apos;[39m, flags: [36m[Object][39m, rules: [36m[Array][39m, items: [36m[Array][39m },
    displayName: { type: [32m&apos;string&apos;[39m, flags: [36m[Object][39m }
  }
}
🤖 [MS3-PKG] [DEBUG] 🤖 [MS3-PKG] [DEBUG] 🤖 [MS3-PKG] [DEBUG] 🤖 [MS3-PKG] [DEBUG] 🤖 [MS3-PKG] [DEBUG] 🤖 [MS3-PKG] [DEBUG] 🤖 [MS3-PKG] [DEBUG] 🤖 [MS3-PKG] [DEBUG] 🤖 [MS3-PKG] [DEBUG] 🤖 [MS3-PKG] [DEBUG] 🤖 [MS3-PKG] [DEBUG] 🤖 [MS3-PKG] [DEBUG] 🤖 [MS3-PKG] [DEBUG] 🤖 [MS3-PKG] [DEBUG] 📊 [analyzeJoiSchema] Field provider: type=object, required=false, message=&quot;Optional provider configuration&quot;
🤖 [MS3-PKG] [DEBUG] 🤖 [MS3-PKG] [DEBUG] 🤖 [MS3-PKG] [DEBUG] 🤖 [MS3-PKG] [DEBUG] 🤖 [MS3-PKG] [DEBUG] 🤖 [MS3-PKG] [DEBUG] 🤖 [MS3-PKG] [DEBUG] 🤖 [MS3-PKG] [DEBUG] 🤖 [MS3-PKG] [DEBUG] 🤖 [MS3-PKG] [DEBUG] 🤖 [MS3-PKG] [DEBUG] 🤖 [MS3-PKG] [DEBUG] 🤖 [MS3-PKG] [DEBUG] 🤖 [MS3-PKG] [DEBUG] 🔄 [analyzeJoiSchema] Recursing into nested object: provider
🤖 [MS3-PKG] [DEBUG] 🤖 [MS3-PKG] [DEBUG] 🤖 [MS3-PKG] [DEBUG] 🤖 [MS3-PKG] [DEBUG] 🤖 [MS3-PKG] [DEBUG] 🤖 [MS3-PKG] [DEBUG] 🤖 [MS3-PKG] [DEBUG] 🤖 [MS3-PKG] [DEBUG] 🤖 [MS3-PKG] [DEBUG] 🤖 [MS3-PKG] [DEBUG] 🤖 [MS3-PKG] [DEBUG] 🤖 [MS3-PKG] [DEBUG] 🤖 [MS3-PKG] [DEBUG] 🤖 [MS3-PKG] [DEBUG] 🔑 [analyzeJoiSchema] Processing field: multiChainRpcs
🤖 [MS3-PKG] [DEBUG] 🤖 [MS3-PKG] [DEBUG] 🤖 [MS3-PKG] [DEBUG] 🤖 [MS3-PKG] [DEBUG] 🤖 [MS3-PKG] [DEBUG] 🤖 [MS3-PKG] [DEBUG] 🤖 [MS3-PKG] [DEBUG] 🤖 [MS3-PKG] [DEBUG] 🤖 [MS3-PKG] [DEBUG] 🤖 [MS3-PKG] [DEBUG] 🤖 [MS3-PKG] [DEBUG] 🤖 [MS3-PKG] [DEBUG] 🤖 [MS3-PKG] [DEBUG] 🤖 [MS3-PKG] [DEBUG] 📝 [analyzeJoiSchema] Field description: {
  type: [32m&apos;object&apos;[39m,
  flags: {
    presence: [32m&apos;optional&apos;[39m,
    description: [32m&apos;Multi-chain RPC configuration - maps chain IDs to RPC URL arrays&apos;[39m
  },
  patterns: [ { schema: [36m[Object][39m, rule: [36m[Object][39m } ]
}
🤖 [MS3-PKG] [DEBUG] 🤖 [MS3-PKG] [DEBUG] 🤖 [MS3-PKG] [DEBUG] 🤖 [MS3-PKG] [DEBUG] 🤖 [MS3-PKG] [DEBUG] 🤖 [MS3-PKG] [DEBUG] 🤖 [MS3-PKG] [DEBUG] 🤖 [MS3-PKG] [DEBUG] 🤖 [MS3-PKG] [DEBUG] 🤖 [MS3-PKG] [DEBUG] 🤖 [MS3-PKG] [DEBUG] 🤖 [MS3-PKG] [DEBUG] 🤖 [MS3-PKG] [DEBUG] 🤖 [MS3-PKG] [DEBUG] 📊 [analyzeJoiSchema] Field multiChainRpcs: type=object, required=false, message=&quot;Multi-chain RPC configuration - maps chain IDs to RPC URL arrays&quot;
🤖 [MS3-PKG] [INFO] 🤖 [MS3-PKG] [INFO] 🤖 [MS3-PKG] [INFO] 🤖 [MS3-PKG] [INFO] 🤖 [MS3-PKG] [INFO] 🤖 [MS3-PKG] [INFO] 🤖 [MS3-PKG] [INFO] 🤖 [MS3-PKG] [INFO] 🤖 [MS3-PKG] [INFO] 🤖 [MS3-PKG] [INFO] 🤖 [MS3-PKG] [INFO] 🤖 [MS3-PKG] [INFO] 🤖 [MS3-PKG] [INFO] 🤖 [MS3-PKG] [INFO] 📊 [analyzeJoiSchema] Generated 7 requirements for options
🤖 [MS3-PKG] [DEBUG] 🤖 [MS3-PKG] [DEBUG] 🤖 [MS3-PKG] [DEBUG] 🤖 [MS3-PKG] [DEBUG] 🤖 [MS3-PKG] [DEBUG] 🤖 [MS3-PKG] [DEBUG] 🤖 [MS3-PKG] [DEBUG] 🤖 [MS3-PKG] [DEBUG] 🤖 [MS3-PKG] [DEBUG] 🤖 [MS3-PKG] [DEBUG] 🤖 [MS3-PKG] [DEBUG] 🤖 [MS3-PKG] [DEBUG] 🤖 [MS3-PKG] [DEBUG] 🤖 [MS3-PKG] [DEBUG] 🔍 [getRequirements] Starting analysis for bulk-test-28
🤖 [MS3-PKG] [DEBUG] 🤖 [MS3-PKG] [DEBUG] 🤖 [MS3-PKG] [DEBUG] 🤖 [MS3-PKG] [DEBUG] 🤖 [MS3-PKG] [DEBUG] 🤖 [MS3-PKG] [DEBUG] 🤖 [MS3-PKG] [DEBUG] 🤖 [MS3-PKG] [DEBUG] 🤖 [MS3-PKG] [DEBUG] 🤖 [MS3-PKG] [DEBUG] 🤖 [MS3-PKG] [DEBUG] 🤖 [MS3-PKG] [DEBUG] 🤖 [MS3-PKG] [DEBUG] 🤖 [MS3-PKG] [DEBUG] 🔬 [analyzeJoiSchema] Analyzing schema at path: options
🤖 [MS3-PKG] [DEBUG] 🤖 [MS3-PKG] [DEBUG] 🤖 [MS3-PKG] [DEBUG] 🤖 [MS3-PKG] [DEBUG] 🤖 [MS3-PKG] [DEBUG] 🤖 [MS3-PKG] [DEBUG] 🤖 [MS3-PKG] [DEBUG] 🤖 [MS3-PKG] [DEBUG] 🤖 [MS3-PKG] [DEBUG] 🤖 [MS3-PKG] [DEBUG] 🤖 [MS3-PKG] [DEBUG] 🤖 [MS3-PKG] [DEBUG] 🤖 [MS3-PKG] [DEBUG] 🤖 [MS3-PKG] [DEBUG] 📋 [analyzeJoiSchema] Schema description type: object
🤖 [MS3-PKG] [DEBUG] 🤖 [MS3-PKG] [DEBUG] 🤖 [MS3-PKG] [DEBUG] 🤖 [MS3-PKG] [DEBUG] 🤖 [MS3-PKG] [DEBUG] 🤖 [MS3-PKG] [DEBUG] 🤖 [MS3-PKG] [DEBUG] 🤖 [MS3-PKG] [DEBUG] 🤖 [MS3-PKG] [DEBUG] 🤖 [MS3-PKG] [DEBUG] 🤖 [MS3-PKG] [DEBUG] 🤖 [MS3-PKG] [DEBUG] 🤖 [MS3-PKG] [DEBUG] 🤖 [MS3-PKG] [DEBUG] 📋 [analyzeJoiSchema] Schema keys: [ [32m&apos;web3authConfig&apos;[39m, [32m&apos;multiChainRpcs&apos;[39m ]
🤖 [MS3-PKG] [DEBUG] 🤖 [MS3-PKG] [DEBUG] 🤖 [MS3-PKG] [DEBUG] 🤖 [MS3-PKG] [DEBUG] 🤖 [MS3-PKG] [DEBUG] 🤖 [MS3-PKG] [DEBUG] 🤖 [MS3-PKG] [DEBUG] 🤖 [MS3-PKG] [DEBUG] 🤖 [MS3-PKG] [DEBUG] 🤖 [MS3-PKG] [DEBUG] 🤖 [MS3-PKG] [DEBUG] 🤖 [MS3-PKG] [DEBUG] 🤖 [MS3-PKG] [DEBUG] 🤖 [MS3-PKG] [DEBUG] ✅ [analyzeJoiSchema] Processing object schema with 2 keys
🤖 [MS3-PKG] [DEBUG] 🤖 [MS3-PKG] [DEBUG] 🤖 [MS3-PKG] [DEBUG] 🤖 [MS3-PKG] [DEBUG] 🤖 [MS3-PKG] [DEBUG] 🤖 [MS3-PKG] [DEBUG] 🤖 [MS3-PKG] [DEBUG] 🤖 [MS3-PKG] [DEBUG] 🤖 [MS3-PKG] [DEBUG] 🤖 [MS3-PKG] [DEBUG] 🤖 [MS3-PKG] [DEBUG] 🤖 [MS3-PKG] [DEBUG] 🤖 [MS3-PKG] [DEBUG] 🤖 [MS3-PKG] [DEBUG] 🔑 [analyzeJoiSchema] Processing field: web3authConfig
🤖 [MS3-PKG] [DEBUG] 🤖 [MS3-PKG] [DEBUG] 🤖 [MS3-PKG] [DEBUG] 🤖 [MS3-PKG] [DEBUG] 🤖 [MS3-PKG] [DEBUG] 🤖 [MS3-PKG] [DEBUG] 🤖 [MS3-PKG] [DEBUG] 🤖 [MS3-PKG] [DEBUG] 🤖 [MS3-PKG] [DEBUG] 🤖 [MS3-PKG] [DEBUG] 🤖 [MS3-PKG] [DEBUG] 🤖 [MS3-PKG] [DEBUG] 🤖 [MS3-PKG] [DEBUG] 🤖 [MS3-PKG] [DEBUG] 📝 [analyzeJoiSchema] Field description: {
  type: [32m&apos;object&apos;[39m,
  flags: {
    presence: [32m&apos;required&apos;[39m,
    description: [32m&apos;Web3Auth configuration object&apos;[39m
  },
  keys: {
    clientId: { type: [32m&apos;string&apos;[39m, flags: [36m[Object][39m },
    web3AuthNetwork: { type: [32m&apos;string&apos;[39m, flags: [36m[Object][39m, allow: [36m[Array][39m },
    chainConfig: { type: [32m&apos;object&apos;[39m, flags: [36m[Object][39m, keys: [36m[Object][39m },
    loginConfig: { type: [32m&apos;object&apos;[39m, flags: [36m[Object][39m },
    privateKeyProvider: { type: [32m&apos;any&apos;[39m, flags: [36m[Object][39m }
  }
}
🤖 [MS3-PKG] [DEBUG] 🤖 [MS3-PKG] [DEBUG] 🤖 [MS3-PKG] [DEBUG] 🤖 [MS3-PKG] [DEBUG] 🤖 [MS3-PKG] [DEBUG] 🤖 [MS3-PKG] [DEBUG] 🤖 [MS3-PKG] [DEBUG] 🤖 [MS3-PKG] [DEBUG] 🤖 [MS3-PKG] [DEBUG] 🤖 [MS3-PKG] [DEBUG] 🤖 [MS3-PKG] [DEBUG] 🤖 [MS3-PKG] [DEBUG] 🤖 [MS3-PKG] [DEBUG] 🤖 [MS3-PKG] [DEBUG] 📊 [analyzeJoiSchema] Field web3authConfig: type=object, required=true, message=&quot;Web3Auth configuration object&quot;
🤖 [MS3-PKG] [DEBUG] 🤖 [MS3-PKG] [DEBUG] 🤖 [MS3-PKG] [DEBUG] 🤖 [MS3-PKG] [DEBUG] 🤖 [MS3-PKG] [DEBUG] 🤖 [MS3-PKG] [DEBUG] 🤖 [MS3-PKG] [DEBUG] 🤖 [MS3-PKG] [DEBUG] 🤖 [MS3-PKG] [DEBUG] 🤖 [MS3-PKG] [DEBUG] 🤖 [MS3-PKG] [DEBUG] 🤖 [MS3-PKG] [DEBUG] 🤖 [MS3-PKG] [DEBUG] 🤖 [MS3-PKG] [DEBUG] 🔄 [analyzeJoiSchema] Recursing into nested object: web3authConfig
🤖 [MS3-PKG] [DEBUG] 🤖 [MS3-PKG] [DEBUG] 🤖 [MS3-PKG] [DEBUG] 🤖 [MS3-PKG] [DEBUG] 🤖 [MS3-PKG] [DEBUG] 🤖 [MS3-PKG] [DEBUG] 🤖 [MS3-PKG] [DEBUG] 🤖 [MS3-PKG] [DEBUG] 🤖 [MS3-PKG] [DEBUG] 🤖 [MS3-PKG] [DEBUG] 🤖 [MS3-PKG] [DEBUG] 🤖 [MS3-PKG] [DEBUG] 🤖 [MS3-PKG] [DEBUG] 🤖 [MS3-PKG] [DEBUG] 🔑 [analyzeJoiSchema] Processing field: multiChainRpcs
🤖 [MS3-PKG] [DEBUG] 🤖 [MS3-PKG] [DEBUG] 🤖 [MS3-PKG] [DEBUG] 🤖 [MS3-PKG] [DEBUG] 🤖 [MS3-PKG] [DEBUG] 🤖 [MS3-PKG] [DEBUG] 🤖 [MS3-PKG] [DEBUG] 🤖 [MS3-PKG] [DEBUG] 🤖 [MS3-PKG] [DEBUG] 🤖 [MS3-PKG] [DEBUG] 🤖 [MS3-PKG] [DEBUG] 🤖 [MS3-PKG] [DEBUG] 🤖 [MS3-PKG] [DEBUG] 🤖 [MS3-PKG] [DEBUG] 📝 [analyzeJoiSchema] Field description: {
  type: [32m&apos;object&apos;[39m,
  flags: {
    presence: [32m&apos;optional&apos;[39m,
    description: [32m&apos;Multi-chain RPC configuration - maps chain IDs to RPC URL arrays&apos;[39m
  },
  patterns: [ { schema: [36m[Object][39m, rule: [36m[Object][39m } ]
}
🤖 [MS3-PKG] [DEBUG] 🤖 [MS3-PKG] [DEBUG] 🤖 [MS3-PKG] [DEBUG] 🤖 [MS3-PKG] [DEBUG] 🤖 [MS3-PKG] [DEBUG] 🤖 [MS3-PKG] [DEBUG] 🤖 [MS3-PKG] [DEBUG] 🤖 [MS3-PKG] [DEBUG] 🤖 [MS3-PKG] [DEBUG] 🤖 [MS3-PKG] [DEBUG] 🤖 [MS3-PKG] [DEBUG] 🤖 [MS3-PKG] [DEBUG] 🤖 [MS3-PKG] [DEBUG] 🤖 [MS3-PKG] [DEBUG] 📊 [analyzeJoiSchema] Field multiChainRpcs: type=object, required=false, message=&quot;Multi-chain RPC configuration - maps chain IDs to RPC URL arrays&quot;
🤖 [MS3-PKG] [INFO] 🤖 [MS3-PKG] [INFO] 🤖 [MS3-PKG] [INFO] 🤖 [MS3-PKG] [INFO] 🤖 [MS3-PKG] [INFO] 🤖 [MS3-PKG] [INFO] 🤖 [MS3-PKG] [INFO] 🤖 [MS3-PKG] [INFO] 🤖 [MS3-PKG] [INFO] 🤖 [MS3-PKG] [INFO] 🤖 [MS3-PKG] [INFO] 🤖 [MS3-PKG] [INFO] 🤖 [MS3-PKG] [INFO] 🤖 [MS3-PKG] [INFO] 📊 [analyzeJoiSchema] Generated 14 requirements for options
🤖 [MS3-PKG] [DEBUG] 🤖 [MS3-PKG] [DEBUG] 🤖 [MS3-PKG] [DEBUG] 🤖 [MS3-PKG] [DEBUG] 🤖 [MS3-PKG] [DEBUG] 🤖 [MS3-PKG] [DEBUG] 🤖 [MS3-PKG] [DEBUG] 🤖 [MS3-PKG] [DEBUG] 🤖 [MS3-PKG] [DEBUG] 🤖 [MS3-PKG] [DEBUG] 🤖 [MS3-PKG] [DEBUG] 🤖 [MS3-PKG] [DEBUG] 🤖 [MS3-PKG] [DEBUG] 🤖 [MS3-PKG] [DEBUG] 🔍 [getRequirements] Starting analysis for bulk-test-29
🤖 [MS3-PKG] [DEBUG] 🤖 [MS3-PKG] [DEBUG] 🤖 [MS3-PKG] [DEBUG] 🤖 [MS3-PKG] [DEBUG] 🤖 [MS3-PKG] [DEBUG] 🤖 [MS3-PKG] [DEBUG] 🤖 [MS3-PKG] [DEBUG] 🤖 [MS3-PKG] [DEBUG] 🤖 [MS3-PKG] [DEBUG] 🤖 [MS3-PKG] [DEBUG] 🤖 [MS3-PKG] [DEBUG] 🤖 [MS3-PKG] [DEBUG] 🤖 [MS3-PKG] [DEBUG] 🤖 [MS3-PKG] [DEBUG] 🔬 [analyzeJoiSchema] Analyzing schema at path: options
🤖 [MS3-PKG] [DEBUG] 🤖 [MS3-PKG] [DEBUG] 🤖 [MS3-PKG] [DEBUG] 🤖 [MS3-PKG] [DEBUG] 🤖 [MS3-PKG] [DEBUG] 🤖 [MS3-PKG] [DEBUG] 🤖 [MS3-PKG] [DEBUG] 🤖 [MS3-PKG] [DEBUG] 🤖 [MS3-PKG] [DEBUG] 🤖 [MS3-PKG] [DEBUG] 🤖 [MS3-PKG] [DEBUG] 🤖 [MS3-PKG] [DEBUG] 🤖 [MS3-PKG] [DEBUG] 🤖 [MS3-PKG] [DEBUG] 📋 [analyzeJoiSchema] Schema description type: object
🤖 [MS3-PKG] [DEBUG] 🤖 [MS3-PKG] [DEBUG] 🤖 [MS3-PKG] [DEBUG] 🤖 [MS3-PKG] [DEBUG] 🤖 [MS3-PKG] [DEBUG] 🤖 [MS3-PKG] [DEBUG] 🤖 [MS3-PKG] [DEBUG] 🤖 [MS3-PKG] [DEBUG] 🤖 [MS3-PKG] [DEBUG] 🤖 [MS3-PKG] [DEBUG] 🤖 [MS3-PKG] [DEBUG] 🤖 [MS3-PKG] [DEBUG] 🤖 [MS3-PKG] [DEBUG] 🤖 [MS3-PKG] [DEBUG] 📋 [analyzeJoiSchema] Schema keys: [ [32m&apos;privateKey&apos;[39m, [32m&apos;provider&apos;[39m, [32m&apos;multiChainRpcs&apos;[39m ]
🤖 [MS3-PKG] [DEBUG] 🤖 [MS3-PKG] [DEBUG] 🤖 [MS3-PKG] [DEBUG] 🤖 [MS3-PKG] [DEBUG] 🤖 [MS3-PKG] [DEBUG] 🤖 [MS3-PKG] [DEBUG] 🤖 [MS3-PKG] [DEBUG] 🤖 [MS3-PKG] [DEBUG] 🤖 [MS3-PKG] [DEBUG] 🤖 [MS3-PKG] [DEBUG] 🤖 [MS3-PKG] [DEBUG] 🤖 [MS3-PKG] [DEBUG] 🤖 [MS3-PKG] [DEBUG] 🤖 [MS3-PKG] [DEBUG] ✅ [analyzeJoiSchema] Processing object schema with 3 keys
🤖 [MS3-PKG] [DEBUG] 🤖 [MS3-PKG] [DEBUG] 🤖 [MS3-PKG] [DEBUG] 🤖 [MS3-PKG] [DEBUG] 🤖 [MS3-PKG] [DEBUG] 🤖 [MS3-PKG] [DEBUG] 🤖 [MS3-PKG] [DEBUG] 🤖 [MS3-PKG] [DEBUG] 🤖 [MS3-PKG] [DEBUG] 🤖 [MS3-PKG] [DEBUG] 🤖 [MS3-PKG] [DEBUG] 🤖 [MS3-PKG] [DEBUG] 🤖 [MS3-PKG] [DEBUG] 🤖 [MS3-PKG] [DEBUG] 🔑 [analyzeJoiSchema] Processing field: privateKey
🤖 [MS3-PKG] [DEBUG] 🤖 [MS3-PKG] [DEBUG] 🤖 [MS3-PKG] [DEBUG] 🤖 [MS3-PKG] [DEBUG] 🤖 [MS3-PKG] [DEBUG] 🤖 [MS3-PKG] [DEBUG] 🤖 [MS3-PKG] [DEBUG] 🤖 [MS3-PKG] [DEBUG] 🤖 [MS3-PKG] [DEBUG] 🤖 [MS3-PKG] [DEBUG] 🤖 [MS3-PKG] [DEBUG] 🤖 [MS3-PKG] [DEBUG] 🤖 [MS3-PKG] [DEBUG] 🤖 [MS3-PKG] [DEBUG] 📝 [analyzeJoiSchema] Field description: {
  type: [32m&apos;string&apos;[39m,
  flags: {
    presence: [32m&apos;required&apos;[39m,
    description: [32m&apos;Private key for wallet (generates random if not provided)&apos;[39m
  },
  rules: [ { name: [32m&apos;pattern&apos;[39m, args: [36m[Object][39m } ]
}
🤖 [MS3-PKG] [DEBUG] 🤖 [MS3-PKG] [DEBUG] 🤖 [MS3-PKG] [DEBUG] 🤖 [MS3-PKG] [DEBUG] 🤖 [MS3-PKG] [DEBUG] 🤖 [MS3-PKG] [DEBUG] 🤖 [MS3-PKG] [DEBUG] 🤖 [MS3-PKG] [DEBUG] 🤖 [MS3-PKG] [DEBUG] 🤖 [MS3-PKG] [DEBUG] 🤖 [MS3-PKG] [DEBUG] 🤖 [MS3-PKG] [DEBUG] 🤖 [MS3-PKG] [DEBUG] 🤖 [MS3-PKG] [DEBUG] 📊 [analyzeJoiSchema] Field privateKey: type=string, required=true, message=&quot;Private key for wallet (generates random if not provided)&quot;
🤖 [MS3-PKG] [DEBUG] 🤖 [MS3-PKG] [DEBUG] 🤖 [MS3-PKG] [DEBUG] 🤖 [MS3-PKG] [DEBUG] 🤖 [MS3-PKG] [DEBUG] 🤖 [MS3-PKG] [DEBUG] 🤖 [MS3-PKG] [DEBUG] 🤖 [MS3-PKG] [DEBUG] 🤖 [MS3-PKG] [DEBUG] 🤖 [MS3-PKG] [DEBUG] 🤖 [MS3-PKG] [DEBUG] 🤖 [MS3-PKG] [DEBUG] 🤖 [MS3-PKG] [DEBUG] 🤖 [MS3-PKG] [DEBUG] 🔑 [analyzeJoiSchema] Processing field: provider
🤖 [MS3-PKG] [DEBUG] 🤖 [MS3-PKG] [DEBUG] 🤖 [MS3-PKG] [DEBUG] 🤖 [MS3-PKG] [DEBUG] 🤖 [MS3-PKG] [DEBUG] 🤖 [MS3-PKG] [DEBUG] 🤖 [MS3-PKG] [DEBUG] 🤖 [MS3-PKG] [DEBUG] 🤖 [MS3-PKG] [DEBUG] 🤖 [MS3-PKG] [DEBUG] 🤖 [MS3-PKG] [DEBUG] 🤖 [MS3-PKG] [DEBUG] 🤖 [MS3-PKG] [DEBUG] 🤖 [MS3-PKG] [DEBUG] 📝 [analyzeJoiSchema] Field description: {
  type: [32m&apos;object&apos;[39m,
  flags: {
    presence: [32m&apos;optional&apos;[39m,
    description: [32m&apos;Optional provider configuration&apos;[39m
  },
  keys: {
    name: { type: [32m&apos;string&apos;[39m, flags: [36m[Object][39m },
    chainId: { type: [32m&apos;string&apos;[39m, flags: [36m[Object][39m, rules: [36m[Array][39m },
    rpcUrls: { type: [32m&apos;array&apos;[39m, flags: [36m[Object][39m, rules: [36m[Array][39m, items: [36m[Array][39m },
    displayName: { type: [32m&apos;string&apos;[39m, flags: [36m[Object][39m }
  }
}
🤖 [MS3-PKG] [DEBUG] 🤖 [MS3-PKG] [DEBUG] 🤖 [MS3-PKG] [DEBUG] 🤖 [MS3-PKG] [DEBUG] 🤖 [MS3-PKG] [DEBUG] 🤖 [MS3-PKG] [DEBUG] 🤖 [MS3-PKG] [DEBUG] 🤖 [MS3-PKG] [DEBUG] 🤖 [MS3-PKG] [DEBUG] 🤖 [MS3-PKG] [DEBUG] 🤖 [MS3-PKG] [DEBUG] 🤖 [MS3-PKG] [DEBUG] 🤖 [MS3-PKG] [DEBUG] 🤖 [MS3-PKG] [DEBUG] 📊 [analyzeJoiSchema] Field provider: type=object, required=false, message=&quot;Optional provider configuration&quot;
🤖 [MS3-PKG] [DEBUG] 🤖 [MS3-PKG] [DEBUG] 🤖 [MS3-PKG] [DEBUG] 🤖 [MS3-PKG] [DEBUG] 🤖 [MS3-PKG] [DEBUG] 🤖 [MS3-PKG] [DEBUG] 🤖 [MS3-PKG] [DEBUG] 🤖 [MS3-PKG] [DEBUG] 🤖 [MS3-PKG] [DEBUG] 🤖 [MS3-PKG] [DEBUG] 🤖 [MS3-PKG] [DEBUG] 🤖 [MS3-PKG] [DEBUG] 🤖 [MS3-PKG] [DEBUG] 🤖 [MS3-PKG] [DEBUG] 🔄 [analyzeJoiSchema] Recursing into nested object: provider
🤖 [MS3-PKG] [DEBUG] 🤖 [MS3-PKG] [DEBUG] 🤖 [MS3-PKG] [DEBUG] 🤖 [MS3-PKG] [DEBUG] 🤖 [MS3-PKG] [DEBUG] 🤖 [MS3-PKG] [DEBUG] 🤖 [MS3-PKG] [DEBUG] 🤖 [MS3-PKG] [DEBUG] 🤖 [MS3-PKG] [DEBUG] 🤖 [MS3-PKG] [DEBUG] 🤖 [MS3-PKG] [DEBUG] 🤖 [MS3-PKG] [DEBUG] 🤖 [MS3-PKG] [DEBUG] 🤖 [MS3-PKG] [DEBUG] 🔑 [analyzeJoiSchema] Processing field: multiChainRpcs
🤖 [MS3-PKG] [DEBUG] 🤖 [MS3-PKG] [DEBUG] 🤖 [MS3-PKG] [DEBUG] 🤖 [MS3-PKG] [DEBUG] 🤖 [MS3-PKG] [DEBUG] 🤖 [MS3-PKG] [DEBUG] 🤖 [MS3-PKG] [DEBUG] 🤖 [MS3-PKG] [DEBUG] 🤖 [MS3-PKG] [DEBUG] 🤖 [MS3-PKG] [DEBUG] 🤖 [MS3-PKG] [DEBUG] 🤖 [MS3-PKG] [DEBUG] 🤖 [MS3-PKG] [DEBUG] 🤖 [MS3-PKG] [DEBUG] 📝 [analyzeJoiSchema] Field description: {
  type: [32m&apos;object&apos;[39m,
  flags: {
    presence: [32m&apos;optional&apos;[39m,
    description: [32m&apos;Multi-chain RPC configuration - maps chain IDs to RPC URL arrays&apos;[39m
  },
  patterns: [ { schema: [36m[Object][39m, rule: [36m[Object][39m } ]
}
🤖 [MS3-PKG] [DEBUG] 🤖 [MS3-PKG] [DEBUG] 🤖 [MS3-PKG] [DEBUG] 🤖 [MS3-PKG] [DEBUG] 🤖 [MS3-PKG] [DEBUG] 🤖 [MS3-PKG] [DEBUG] 🤖 [MS3-PKG] [DEBUG] 🤖 [MS3-PKG] [DEBUG] 🤖 [MS3-PKG] [DEBUG] 🤖 [MS3-PKG] [DEBUG] 🤖 [MS3-PKG] [DEBUG] 🤖 [MS3-PKG] [DEBUG] 🤖 [MS3-PKG] [DEBUG] 🤖 [MS3-PKG] [DEBUG] 📊 [analyzeJoiSchema] Field multiChainRpcs: type=object, required=false, message=&quot;Multi-chain RPC configuration - maps chain IDs to RPC URL arrays&quot;
🤖 [MS3-PKG] [INFO] 🤖 [MS3-PKG] [INFO] 🤖 [MS3-PKG] [INFO] 🤖 [MS3-PKG] [INFO] 🤖 [MS3-PKG] [INFO] 🤖 [MS3-PKG] [INFO] 🤖 [MS3-PKG] [INFO] 🤖 [MS3-PKG] [INFO] 🤖 [MS3-PKG] [INFO] 🤖 [MS3-PKG] [INFO] 🤖 [MS3-PKG] [INFO] 🤖 [MS3-PKG] [INFO] 🤖 [MS3-PKG] [INFO] 🤖 [MS3-PKG] [INFO] 📊 [analyzeJoiSchema] Generated 7 requirements for options
🤖 [MS3-PKG] [DEBUG] 🤖 [MS3-PKG] [DEBUG] 🤖 [MS3-PKG] [DEBUG] 🤖 [MS3-PKG] [DEBUG] 🤖 [MS3-PKG] [DEBUG] 🤖 [MS3-PKG] [DEBUG] 🤖 [MS3-PKG] [DEBUG] 🤖 [MS3-PKG] [DEBUG] 🤖 [MS3-PKG] [DEBUG] 🤖 [MS3-PKG] [DEBUG] 🤖 [MS3-PKG] [DEBUG] 🤖 [MS3-PKG] [DEBUG] 🤖 [MS3-PKG] [DEBUG] 🤖 [MS3-PKG] [DEBUG] 🔍 [getRequirements] Starting analysis for bulk-test-29
🤖 [MS3-PKG] [DEBUG] 🤖 [MS3-PKG] [DEBUG] 🤖 [MS3-PKG] [DEBUG] 🤖 [MS3-PKG] [DEBUG] 🤖 [MS3-PKG] [DEBUG] 🤖 [MS3-PKG] [DEBUG] 🤖 [MS3-PKG] [DEBUG] 🤖 [MS3-PKG] [DEBUG] 🤖 [MS3-PKG] [DEBUG] 🤖 [MS3-PKG] [DEBUG] 🤖 [MS3-PKG] [DEBUG] 🤖 [MS3-PKG] [DEBUG] 🤖 [MS3-PKG] [DEBUG] 🤖 [MS3-PKG] [DEBUG] 🔬 [analyzeJoiSchema] Analyzing schema at path: options
🤖 [MS3-PKG] [DEBUG] 🤖 [MS3-PKG] [DEBUG] 🤖 [MS3-PKG] [DEBUG] 🤖 [MS3-PKG] [DEBUG] 🤖 [MS3-PKG] [DEBUG] 🤖 [MS3-PKG] [DEBUG] 🤖 [MS3-PKG] [DEBUG] 🤖 [MS3-PKG] [DEBUG] 🤖 [MS3-PKG] [DEBUG] 🤖 [MS3-PKG] [DEBUG] 🤖 [MS3-PKG] [DEBUG] 🤖 [MS3-PKG] [DEBUG] 🤖 [MS3-PKG] [DEBUG] 🤖 [MS3-PKG] [DEBUG] 📋 [analyzeJoiSchema] Schema description type: object
🤖 [MS3-PKG] [DEBUG] 🤖 [MS3-PKG] [DEBUG] 🤖 [MS3-PKG] [DEBUG] 🤖 [MS3-PKG] [DEBUG] 🤖 [MS3-PKG] [DEBUG] 🤖 [MS3-PKG] [DEBUG] 🤖 [MS3-PKG] [DEBUG] 🤖 [MS3-PKG] [DEBUG] 🤖 [MS3-PKG] [DEBUG] 🤖 [MS3-PKG] [DEBUG] 🤖 [MS3-PKG] [DEBUG] 🤖 [MS3-PKG] [DEBUG] 🤖 [MS3-PKG] [DEBUG] 🤖 [MS3-PKG] [DEBUG] 📋 [analyzeJoiSchema] Schema keys: [ [32m&apos;web3authConfig&apos;[39m, [32m&apos;multiChainRpcs&apos;[39m ]
🤖 [MS3-PKG] [DEBUG] 🤖 [MS3-PKG] [DEBUG] 🤖 [MS3-PKG] [DEBUG] 🤖 [MS3-PKG] [DEBUG] 🤖 [MS3-PKG] [DEBUG] 🤖 [MS3-PKG] [DEBUG] 🤖 [MS3-PKG] [DEBUG] 🤖 [MS3-PKG] [DEBUG] 🤖 [MS3-PKG] [DEBUG] 🤖 [MS3-PKG] [DEBUG] 🤖 [MS3-PKG] [DEBUG] 🤖 [MS3-PKG] [DEBUG] 🤖 [MS3-PKG] [DEBUG] 🤖 [MS3-PKG] [DEBUG] ✅ [analyzeJoiSchema] Processing object schema with 2 keys
🤖 [MS3-PKG] [DEBUG] 🤖 [MS3-PKG] [DEBUG] 🤖 [MS3-PKG] [DEBUG] 🤖 [MS3-PKG] [DEBUG] 🤖 [MS3-PKG] [DEBUG] 🤖 [MS3-PKG] [DEBUG] 🤖 [MS3-PKG] [DEBUG] 🤖 [MS3-PKG] [DEBUG] 🤖 [MS3-PKG] [DEBUG] 🤖 [MS3-PKG] [DEBUG] 🤖 [MS3-PKG] [DEBUG] 🤖 [MS3-PKG] [DEBUG] 🤖 [MS3-PKG] [DEBUG] 🤖 [MS3-PKG] [DEBUG] 🔑 [analyzeJoiSchema] Processing field: web3authConfig
🤖 [MS3-PKG] [DEBUG] 🤖 [MS3-PKG] [DEBUG] 🤖 [MS3-PKG] [DEBUG] 🤖 [MS3-PKG] [DEBUG] 🤖 [MS3-PKG] [DEBUG] 🤖 [MS3-PKG] [DEBUG] 🤖 [MS3-PKG] [DEBUG] 🤖 [MS3-PKG] [DEBUG] 🤖 [MS3-PKG] [DEBUG] 🤖 [MS3-PKG] [DEBUG] 🤖 [MS3-PKG] [DEBUG] 🤖 [MS3-PKG] [DEBUG] 🤖 [MS3-PKG] [DEBUG] 🤖 [MS3-PKG] [DEBUG] 📝 [analyzeJoiSchema] Field description: {
  type: [32m&apos;object&apos;[39m,
  flags: {
    presence: [32m&apos;required&apos;[39m,
    description: [32m&apos;Web3Auth configuration object&apos;[39m
  },
  keys: {
    clientId: { type: [32m&apos;string&apos;[39m, flags: [36m[Object][39m },
    web3AuthNetwork: { type: [32m&apos;string&apos;[39m, flags: [36m[Object][39m, allow: [36m[Array][39m },
    chainConfig: { type: [32m&apos;object&apos;[39m, flags: [36m[Object][39m, keys: [36m[Object][39m },
    loginConfig: { type: [32m&apos;object&apos;[39m, flags: [36m[Object][39m },
    privateKeyProvider: { type: [32m&apos;any&apos;[39m, flags: [36m[Object][39m }
  }
}
🤖 [MS3-PKG] [DEBUG] 🤖 [MS3-PKG] [DEBUG] 🤖 [MS3-PKG] [DEBUG] 🤖 [MS3-PKG] [DEBUG] 🤖 [MS3-PKG] [DEBUG] 🤖 [MS3-PKG] [DEBUG] 🤖 [MS3-PKG] [DEBUG] 🤖 [MS3-PKG] [DEBUG] 🤖 [MS3-PKG] [DEBUG] 🤖 [MS3-PKG] [DEBUG] 🤖 [MS3-PKG] [DEBUG] 🤖 [MS3-PKG] [DEBUG] 🤖 [MS3-PKG] [DEBUG] 🤖 [MS3-PKG] [DEBUG] 📊 [analyzeJoiSchema] Field web3authConfig: type=object, required=true, message=&quot;Web3Auth configuration object&quot;
🤖 [MS3-PKG] [DEBUG] 🤖 [MS3-PKG] [DEBUG] 🤖 [MS3-PKG] [DEBUG] 🤖 [MS3-PKG] [DEBUG] 🤖 [MS3-PKG] [DEBUG] 🤖 [MS3-PKG] [DEBUG] 🤖 [MS3-PKG] [DEBUG] 🤖 [MS3-PKG] [DEBUG] 🤖 [MS3-PKG] [DEBUG] 🤖 [MS3-PKG] [DEBUG] 🤖 [MS3-PKG] [DEBUG] 🤖 [MS3-PKG] [DEBUG] 🤖 [MS3-PKG] [DEBUG] 🤖 [MS3-PKG] [DEBUG] 🔄 [analyzeJoiSchema] Recursing into nested object: web3authConfig
🤖 [MS3-PKG] [DEBUG] 🤖 [MS3-PKG] [DEBUG] 🤖 [MS3-PKG] [DEBUG] 🤖 [MS3-PKG] [DEBUG] 🤖 [MS3-PKG] [DEBUG] 🤖 [MS3-PKG] [DEBUG] 🤖 [MS3-PKG] [DEBUG] 🤖 [MS3-PKG] [DEBUG] 🤖 [MS3-PKG] [DEBUG] 🤖 [MS3-PKG] [DEBUG] 🤖 [MS3-PKG] [DEBUG] 🤖 [MS3-PKG] [DEBUG] 🤖 [MS3-PKG] [DEBUG] 🤖 [MS3-PKG] [DEBUG] 🔑 [analyzeJoiSchema] Processing field: multiChainRpcs
🤖 [MS3-PKG] [DEBUG] 🤖 [MS3-PKG] [DEBUG] 🤖 [MS3-PKG] [DEBUG] 🤖 [MS3-PKG] [DEBUG] 🤖 [MS3-PKG] [DEBUG] 🤖 [MS3-PKG] [DEBUG] 🤖 [MS3-PKG] [DEBUG] 🤖 [MS3-PKG] [DEBUG] 🤖 [MS3-PKG] [DEBUG] 🤖 [MS3-PKG] [DEBUG] 🤖 [MS3-PKG] [DEBUG] 🤖 [MS3-PKG] [DEBUG] 🤖 [MS3-PKG] [DEBUG] 🤖 [MS3-PKG] [DEBUG] 📝 [analyzeJoiSchema] Field description: {
  type: [32m&apos;object&apos;[39m,
  flags: {
    presence: [32m&apos;optional&apos;[39m,
    description: [32m&apos;Multi-chain RPC configuration - maps chain IDs to RPC URL arrays&apos;[39m
  },
  patterns: [ { schema: [36m[Object][39m, rule: [36m[Object][39m } ]
}
🤖 [MS3-PKG] [DEBUG] 🤖 [MS3-PKG] [DEBUG] 🤖 [MS3-PKG] [DEBUG] 🤖 [MS3-PKG] [DEBUG] 🤖 [MS3-PKG] [DEBUG] 🤖 [MS3-PKG] [DEBUG] 🤖 [MS3-PKG] [DEBUG] 🤖 [MS3-PKG] [DEBUG] 🤖 [MS3-PKG] [DEBUG] 🤖 [MS3-PKG] [DEBUG] 🤖 [MS3-PKG] [DEBUG] 🤖 [MS3-PKG] [DEBUG] 🤖 [MS3-PKG] [DEBUG] 🤖 [MS3-PKG] [DEBUG] 📊 [analyzeJoiSchema] Field multiChainRpcs: type=object, required=false, message=&quot;Multi-chain RPC configuration - maps chain IDs to RPC URL arrays&quot;
🤖 [MS3-PKG] [INFO] 🤖 [MS3-PKG] [INFO] 🤖 [MS3-PKG] [INFO] 🤖 [MS3-PKG] [INFO] 🤖 [MS3-PKG] [INFO] 🤖 [MS3-PKG] [INFO] 🤖 [MS3-PKG] [INFO] 🤖 [MS3-PKG] [INFO] 🤖 [MS3-PKG] [INFO] 🤖 [MS3-PKG] [INFO] 🤖 [MS3-PKG] [INFO] 🤖 [MS3-PKG] [INFO] 🤖 [MS3-PKG] [INFO] 🤖 [MS3-PKG] [INFO] 📊 [analyzeJoiSchema] Generated 14 requirements for options
🤖 [MS3-PKG] [DEBUG] 🤖 [MS3-PKG] [DEBUG] 🤖 [MS3-PKG] [DEBUG] 🤖 [MS3-PKG] [DEBUG] 🤖 [MS3-PKG] [DEBUG] 🤖 [MS3-PKG] [DEBUG] 🤖 [MS3-PKG] [DEBUG] 🤖 [MS3-PKG] [DEBUG] 🤖 [MS3-PKG] [DEBUG] 🤖 [MS3-PKG] [DEBUG] 🤖 [MS3-PKG] [DEBUG] 🤖 [MS3-PKG] [DEBUG] 🤖 [MS3-PKG] [DEBUG] 🤖 [MS3-PKG] [DEBUG] 🔍 [getRequirements] Starting analysis for bulk-test-30
🤖 [MS3-PKG] [DEBUG] 🤖 [MS3-PKG] [DEBUG] 🤖 [MS3-PKG] [DEBUG] 🤖 [MS3-PKG] [DEBUG] 🤖 [MS3-PKG] [DEBUG] 🤖 [MS3-PKG] [DEBUG] 🤖 [MS3-PKG] [DEBUG] 🤖 [MS3-PKG] [DEBUG] 🤖 [MS3-PKG] [DEBUG] 🤖 [MS3-PKG] [DEBUG] 🤖 [MS3-PKG] [DEBUG] 🤖 [MS3-PKG] [DEBUG] 🤖 [MS3-PKG] [DEBUG] 🤖 [MS3-PKG] [DEBUG] 🔬 [analyzeJoiSchema] Analyzing schema at path: options
🤖 [MS3-PKG] [DEBUG] 🤖 [MS3-PKG] [DEBUG] 🤖 [MS3-PKG] [DEBUG] 🤖 [MS3-PKG] [DEBUG] 🤖 [MS3-PKG] [DEBUG] 🤖 [MS3-PKG] [DEBUG] 🤖 [MS3-PKG] [DEBUG] 🤖 [MS3-PKG] [DEBUG] 🤖 [MS3-PKG] [DEBUG] 🤖 [MS3-PKG] [DEBUG] 🤖 [MS3-PKG] [DEBUG] 🤖 [MS3-PKG] [DEBUG] 🤖 [MS3-PKG] [DEBUG] 🤖 [MS3-PKG] [DEBUG] 📋 [analyzeJoiSchema] Schema description type: object
🤖 [MS3-PKG] [DEBUG] 🤖 [MS3-PKG] [DEBUG] 🤖 [MS3-PKG] [DEBUG] 🤖 [MS3-PKG] [DEBUG] 🤖 [MS3-PKG] [DEBUG] 🤖 [MS3-PKG] [DEBUG] 🤖 [MS3-PKG] [DEBUG] 🤖 [MS3-PKG] [DEBUG] 🤖 [MS3-PKG] [DEBUG] 🤖 [MS3-PKG] [DEBUG] 🤖 [MS3-PKG] [DEBUG] 🤖 [MS3-PKG] [DEBUG] 🤖 [MS3-PKG] [DEBUG] 🤖 [MS3-PKG] [DEBUG] 📋 [analyzeJoiSchema] Schema keys: [ [32m&apos;privateKey&apos;[39m, [32m&apos;provider&apos;[39m, [32m&apos;multiChainRpcs&apos;[39m ]
🤖 [MS3-PKG] [DEBUG] 🤖 [MS3-PKG] [DEBUG] 🤖 [MS3-PKG] [DEBUG] 🤖 [MS3-PKG] [DEBUG] 🤖 [MS3-PKG] [DEBUG] 🤖 [MS3-PKG] [DEBUG] 🤖 [MS3-PKG] [DEBUG] 🤖 [MS3-PKG] [DEBUG] 🤖 [MS3-PKG] [DEBUG] 🤖 [MS3-PKG] [DEBUG] 🤖 [MS3-PKG] [DEBUG] 🤖 [MS3-PKG] [DEBUG] 🤖 [MS3-PKG] [DEBUG] 🤖 [MS3-PKG] [DEBUG] ✅ [analyzeJoiSchema] Processing object schema with 3 keys
🤖 [MS3-PKG] [DEBUG] 🤖 [MS3-PKG] [DEBUG] 🤖 [MS3-PKG] [DEBUG] 🤖 [MS3-PKG] [DEBUG] 🤖 [MS3-PKG] [DEBUG] 🤖 [MS3-PKG] [DEBUG] 🤖 [MS3-PKG] [DEBUG] 🤖 [MS3-PKG] [DEBUG] 🤖 [MS3-PKG] [DEBUG] 🤖 [MS3-PKG] [DEBUG] 🤖 [MS3-PKG] [DEBUG] 🤖 [MS3-PKG] [DEBUG] 🤖 [MS3-PKG] [DEBUG] 🤖 [MS3-PKG] [DEBUG] 🔑 [analyzeJoiSchema] Processing field: privateKey
🤖 [MS3-PKG] [DEBUG] 🤖 [MS3-PKG] [DEBUG] 🤖 [MS3-PKG] [DEBUG] 🤖 [MS3-PKG] [DEBUG] 🤖 [MS3-PKG] [DEBUG] 🤖 [MS3-PKG] [DEBUG] 🤖 [MS3-PKG] [DEBUG] 🤖 [MS3-PKG] [DEBUG] 🤖 [MS3-PKG] [DEBUG] 🤖 [MS3-PKG] [DEBUG] 🤖 [MS3-PKG] [DEBUG] 🤖 [MS3-PKG] [DEBUG] 🤖 [MS3-PKG] [DEBUG] 🤖 [MS3-PKG] [DEBUG] 📝 [analyzeJoiSchema] Field description: {
  type: [32m&apos;string&apos;[39m,
  flags: {
    presence: [32m&apos;required&apos;[39m,
    description: [32m&apos;Private key for wallet (generates random if not provided)&apos;[39m
  },
  rules: [ { name: [32m&apos;pattern&apos;[39m, args: [36m[Object][39m } ]
}
🤖 [MS3-PKG] [DEBUG] 🤖 [MS3-PKG] [DEBUG] 🤖 [MS3-PKG] [DEBUG] 🤖 [MS3-PKG] [DEBUG] 🤖 [MS3-PKG] [DEBUG] 🤖 [MS3-PKG] [DEBUG] 🤖 [MS3-PKG] [DEBUG] 🤖 [MS3-PKG] [DEBUG] 🤖 [MS3-PKG] [DEBUG] 🤖 [MS3-PKG] [DEBUG] 🤖 [MS3-PKG] [DEBUG] 🤖 [MS3-PKG] [DEBUG] 🤖 [MS3-PKG] [DEBUG] 🤖 [MS3-PKG] [DEBUG] 📊 [analyzeJoiSchema] Field privateKey: type=string, required=true, message=&quot;Private key for wallet (generates random if not provided)&quot;
🤖 [MS3-PKG] [DEBUG] 🤖 [MS3-PKG] [DEBUG] 🤖 [MS3-PKG] [DEBUG] 🤖 [MS3-PKG] [DEBUG] 🤖 [MS3-PKG] [DEBUG] 🤖 [MS3-PKG] [DEBUG] 🤖 [MS3-PKG] [DEBUG] 🤖 [MS3-PKG] [DEBUG] 🤖 [MS3-PKG] [DEBUG] 🤖 [MS3-PKG] [DEBUG] 🤖 [MS3-PKG] [DEBUG] 🤖 [MS3-PKG] [DEBUG] 🤖 [MS3-PKG] [DEBUG] 🤖 [MS3-PKG] [DEBUG] 🔑 [analyzeJoiSchema] Processing field: provider
🤖 [MS3-PKG] [DEBUG] 🤖 [MS3-PKG] [DEBUG] 🤖 [MS3-PKG] [DEBUG] 🤖 [MS3-PKG] [DEBUG] 🤖 [MS3-PKG] [DEBUG] 🤖 [MS3-PKG] [DEBUG] 🤖 [MS3-PKG] [DEBUG] 🤖 [MS3-PKG] [DEBUG] 🤖 [MS3-PKG] [DEBUG] 🤖 [MS3-PKG] [DEBUG] 🤖 [MS3-PKG] [DEBUG] 🤖 [MS3-PKG] [DEBUG] 🤖 [MS3-PKG] [DEBUG] 🤖 [MS3-PKG] [DEBUG] 📝 [analyzeJoiSchema] Field description: {
  type: [32m&apos;object&apos;[39m,
  flags: {
    presence: [32m&apos;optional&apos;[39m,
    description: [32m&apos;Optional provider configuration&apos;[39m
  },
  keys: {
    name: { type: [32m&apos;string&apos;[39m, flags: [36m[Object][39m },
    chainId: { type: [32m&apos;string&apos;[39m, flags: [36m[Object][39m, rules: [36m[Array][39m },
    rpcUrls: { type: [32m&apos;array&apos;[39m, flags: [36m[Object][39m, rules: [36m[Array][39m, items: [36m[Array][39m },
    displayName: { type: [32m&apos;string&apos;[39m, flags: [36m[Object][39m }
  }
}
🤖 [MS3-PKG] [DEBUG] 🤖 [MS3-PKG] [DEBUG] 🤖 [MS3-PKG] [DEBUG] 🤖 [MS3-PKG] [DEBUG] 🤖 [MS3-PKG] [DEBUG] 🤖 [MS3-PKG] [DEBUG] 🤖 [MS3-PKG] [DEBUG] 🤖 [MS3-PKG] [DEBUG] 🤖 [MS3-PKG] [DEBUG] 🤖 [MS3-PKG] [DEBUG] 🤖 [MS3-PKG] [DEBUG] 🤖 [MS3-PKG] [DEBUG] 🤖 [MS3-PKG] [DEBUG] 🤖 [MS3-PKG] [DEBUG] 📊 [analyzeJoiSchema] Field provider: type=object, required=false, message=&quot;Optional provider configuration&quot;
🤖 [MS3-PKG] [DEBUG] 🤖 [MS3-PKG] [DEBUG] 🤖 [MS3-PKG] [DEBUG] 🤖 [MS3-PKG] [DEBUG] 🤖 [MS3-PKG] [DEBUG] 🤖 [MS3-PKG] [DEBUG] 🤖 [MS3-PKG] [DEBUG] 🤖 [MS3-PKG] [DEBUG] 🤖 [MS3-PKG] [DEBUG] 🤖 [MS3-PKG] [DEBUG] 🤖 [MS3-PKG] [DEBUG] 🤖 [MS3-PKG] [DEBUG] 🤖 [MS3-PKG] [DEBUG] 🤖 [MS3-PKG] [DEBUG] 🔄 [analyzeJoiSchema] Recursing into nested object: provider
🤖 [MS3-PKG] [DEBUG] 🤖 [MS3-PKG] [DEBUG] 🤖 [MS3-PKG] [DEBUG] 🤖 [MS3-PKG] [DEBUG] 🤖 [MS3-PKG] [DEBUG] 🤖 [MS3-PKG] [DEBUG] 🤖 [MS3-PKG] [DEBUG] 🤖 [MS3-PKG] [DEBUG] 🤖 [MS3-PKG] [DEBUG] 🤖 [MS3-PKG] [DEBUG] 🤖 [MS3-PKG] [DEBUG] 🤖 [MS3-PKG] [DEBUG] 🤖 [MS3-PKG] [DEBUG] 🤖 [MS3-PKG] [DEBUG] 🔑 [analyzeJoiSchema] Processing field: multiChainRpcs
🤖 [MS3-PKG] [DEBUG] 🤖 [MS3-PKG] [DEBUG] 🤖 [MS3-PKG] [DEBUG] 🤖 [MS3-PKG] [DEBUG] 🤖 [MS3-PKG] [DEBUG] 🤖 [MS3-PKG] [DEBUG] 🤖 [MS3-PKG] [DEBUG] 🤖 [MS3-PKG] [DEBUG] 🤖 [MS3-PKG] [DEBUG] 🤖 [MS3-PKG] [DEBUG] 🤖 [MS3-PKG] [DEBUG] 🤖 [MS3-PKG] [DEBUG] 🤖 [MS3-PKG] [DEBUG] 🤖 [MS3-PKG] [DEBUG] 📝 [analyzeJoiSchema] Field description: {
  type: [32m&apos;object&apos;[39m,
  flags: {
    presence: [32m&apos;optional&apos;[39m,
    description: [32m&apos;Multi-chain RPC configuration - maps chain IDs to RPC URL arrays&apos;[39m
  },
  patterns: [ { schema: [36m[Object][39m, rule: [36m[Object][39m } ]
}
🤖 [MS3-PKG] [DEBUG] 🤖 [MS3-PKG] [DEBUG] 🤖 [MS3-PKG] [DEBUG] 🤖 [MS3-PKG] [DEBUG] 🤖 [MS3-PKG] [DEBUG] 🤖 [MS3-PKG] [DEBUG] 🤖 [MS3-PKG] [DEBUG] 🤖 [MS3-PKG] [DEBUG] 🤖 [MS3-PKG] [DEBUG] 🤖 [MS3-PKG] [DEBUG] 🤖 [MS3-PKG] [DEBUG] 🤖 [MS3-PKG] [DEBUG] 🤖 [MS3-PKG] [DEBUG] 🤖 [MS3-PKG] [DEBUG] 📊 [analyzeJoiSchema] Field multiChainRpcs: type=object, required=false, message=&quot;Multi-chain RPC configuration - maps chain IDs to RPC URL arrays&quot;
🤖 [MS3-PKG] [INFO] 🤖 [MS3-PKG] [INFO] 🤖 [MS3-PKG] [INFO] 🤖 [MS3-PKG] [INFO] 🤖 [MS3-PKG] [INFO] 🤖 [MS3-PKG] [INFO] 🤖 [MS3-PKG] [INFO] 🤖 [MS3-PKG] [INFO] 🤖 [MS3-PKG] [INFO] 🤖 [MS3-PKG] [INFO] 🤖 [MS3-PKG] [INFO] 🤖 [MS3-PKG] [INFO] 🤖 [MS3-PKG] [INFO] 🤖 [MS3-PKG] [INFO] 📊 [analyzeJoiSchema] Generated 7 requirements for options
🤖 [MS3-PKG] [DEBUG] 🤖 [MS3-PKG] [DEBUG] 🤖 [MS3-PKG] [DEBUG] 🤖 [MS3-PKG] [DEBUG] 🤖 [MS3-PKG] [DEBUG] 🤖 [MS3-PKG] [DEBUG] 🤖 [MS3-PKG] [DEBUG] 🤖 [MS3-PKG] [DEBUG] 🤖 [MS3-PKG] [DEBUG] 🤖 [MS3-PKG] [DEBUG] 🤖 [MS3-PKG] [DEBUG] 🤖 [MS3-PKG] [DEBUG] 🤖 [MS3-PKG] [DEBUG] 🤖 [MS3-PKG] [DEBUG] 🔍 [getRequirements] Starting analysis for bulk-test-30
🤖 [MS3-PKG] [DEBUG] 🤖 [MS3-PKG] [DEBUG] 🤖 [MS3-PKG] [DEBUG] 🤖 [MS3-PKG] [DEBUG] 🤖 [MS3-PKG] [DEBUG] 🤖 [MS3-PKG] [DEBUG] 🤖 [MS3-PKG] [DEBUG] 🤖 [MS3-PKG] [DEBUG] 🤖 [MS3-PKG] [DEBUG] 🤖 [MS3-PKG] [DEBUG] 🤖 [MS3-PKG] [DEBUG] 🤖 [MS3-PKG] [DEBUG] 🤖 [MS3-PKG] [DEBUG] 🤖 [MS3-PKG] [DEBUG] 🔬 [analyzeJoiSchema] Analyzing schema at path: options
🤖 [MS3-PKG] [DEBUG] 🤖 [MS3-PKG] [DEBUG] 🤖 [MS3-PKG] [DEBUG] 🤖 [MS3-PKG] [DEBUG] 🤖 [MS3-PKG] [DEBUG] 🤖 [MS3-PKG] [DEBUG] 🤖 [MS3-PKG] [DEBUG] 🤖 [MS3-PKG] [DEBUG] 🤖 [MS3-PKG] [DEBUG] 🤖 [MS3-PKG] [DEBUG] 🤖 [MS3-PKG] [DEBUG] 🤖 [MS3-PKG] [DEBUG] 🤖 [MS3-PKG] [DEBUG] 🤖 [MS3-PKG] [DEBUG] 📋 [analyzeJoiSchema] Schema description type: object
🤖 [MS3-PKG] [DEBUG] 🤖 [MS3-PKG] [DEBUG] 🤖 [MS3-PKG] [DEBUG] 🤖 [MS3-PKG] [DEBUG] 🤖 [MS3-PKG] [DEBUG] 🤖 [MS3-PKG] [DEBUG] 🤖 [MS3-PKG] [DEBUG] 🤖 [MS3-PKG] [DEBUG] 🤖 [MS3-PKG] [DEBUG] 🤖 [MS3-PKG] [DEBUG] 🤖 [MS3-PKG] [DEBUG] 🤖 [MS3-PKG] [DEBUG] 🤖 [MS3-PKG] [DEBUG] 🤖 [MS3-PKG] [DEBUG] 📋 [analyzeJoiSchema] Schema keys: [ [32m&apos;web3authConfig&apos;[39m, [32m&apos;multiChainRpcs&apos;[39m ]
🤖 [MS3-PKG] [DEBUG] 🤖 [MS3-PKG] [DEBUG] 🤖 [MS3-PKG] [DEBUG] 🤖 [MS3-PKG] [DEBUG] 🤖 [MS3-PKG] [DEBUG] 🤖 [MS3-PKG] [DEBUG] 🤖 [MS3-PKG] [DEBUG] 🤖 [MS3-PKG] [DEBUG] 🤖 [MS3-PKG] [DEBUG] 🤖 [MS3-PKG] [DEBUG] 🤖 [MS3-PKG] [DEBUG] 🤖 [MS3-PKG] [DEBUG] 🤖 [MS3-PKG] [DEBUG] 🤖 [MS3-PKG] [DEBUG] ✅ [analyzeJoiSchema] Processing object schema with 2 keys
🤖 [MS3-PKG] [DEBUG] 🤖 [MS3-PKG] [DEBUG] 🤖 [MS3-PKG] [DEBUG] 🤖 [MS3-PKG] [DEBUG] 🤖 [MS3-PKG] [DEBUG] 🤖 [MS3-PKG] [DEBUG] 🤖 [MS3-PKG] [DEBUG] 🤖 [MS3-PKG] [DEBUG] 🤖 [MS3-PKG] [DEBUG] 🤖 [MS3-PKG] [DEBUG] 🤖 [MS3-PKG] [DEBUG] 🤖 [MS3-PKG] [DEBUG] 🤖 [MS3-PKG] [DEBUG] 🤖 [MS3-PKG] [DEBUG] 🔑 [analyzeJoiSchema] Processing field: web3authConfig
🤖 [MS3-PKG] [DEBUG] 🤖 [MS3-PKG] [DEBUG] 🤖 [MS3-PKG] [DEBUG] 🤖 [MS3-PKG] [DEBUG] 🤖 [MS3-PKG] [DEBUG] 🤖 [MS3-PKG] [DEBUG] 🤖 [MS3-PKG] [DEBUG] 🤖 [MS3-PKG] [DEBUG] 🤖 [MS3-PKG] [DEBUG] 🤖 [MS3-PKG] [DEBUG] 🤖 [MS3-PKG] [DEBUG] 🤖 [MS3-PKG] [DEBUG] 🤖 [MS3-PKG] [DEBUG] 🤖 [MS3-PKG] [DEBUG] 📝 [analyzeJoiSchema] Field description: {
  type: [32m&apos;object&apos;[39m,
  flags: {
    presence: [32m&apos;required&apos;[39m,
    description: [32m&apos;Web3Auth configuration object&apos;[39m
  },
  keys: {
    clientId: { type: [32m&apos;string&apos;[39m, flags: [36m[Object][39m },
    web3AuthNetwork: { type: [32m&apos;string&apos;[39m, flags: [36m[Object][39m, allow: [36m[Array][39m },
    chainConfig: { type: [32m&apos;object&apos;[39m, flags: [36m[Object][39m, keys: [36m[Object][39m },
    loginConfig: { type: [32m&apos;object&apos;[39m, flags: [36m[Object][39m },
    privateKeyProvider: { type: [32m&apos;any&apos;[39m, flags: [36m[Object][39m }
  }
}
🤖 [MS3-PKG] [DEBUG] 🤖 [MS3-PKG] [DEBUG] 🤖 [MS3-PKG] [DEBUG] 🤖 [MS3-PKG] [DEBUG] 🤖 [MS3-PKG] [DEBUG] 🤖 [MS3-PKG] [DEBUG] 🤖 [MS3-PKG] [DEBUG] 🤖 [MS3-PKG] [DEBUG] 🤖 [MS3-PKG] [DEBUG] 🤖 [MS3-PKG] [DEBUG] 🤖 [MS3-PKG] [DEBUG] 🤖 [MS3-PKG] [DEBUG] 🤖 [MS3-PKG] [DEBUG] 🤖 [MS3-PKG] [DEBUG] 📊 [analyzeJoiSchema] Field web3authConfig: type=object, required=true, message=&quot;Web3Auth configuration object&quot;
🤖 [MS3-PKG] [DEBUG] 🤖 [MS3-PKG] [DEBUG] 🤖 [MS3-PKG] [DEBUG] 🤖 [MS3-PKG] [DEBUG] 🤖 [MS3-PKG] [DEBUG] 🤖 [MS3-PKG] [DEBUG] 🤖 [MS3-PKG] [DEBUG] 🤖 [MS3-PKG] [DEBUG] 🤖 [MS3-PKG] [DEBUG] 🤖 [MS3-PKG] [DEBUG] 🤖 [MS3-PKG] [DEBUG] 🤖 [MS3-PKG] [DEBUG] 🤖 [MS3-PKG] [DEBUG] 🤖 [MS3-PKG] [DEBUG] 🔄 [analyzeJoiSchema] Recursing into nested object: web3authConfig
🤖 [MS3-PKG] [DEBUG] 🤖 [MS3-PKG] [DEBUG] 🤖 [MS3-PKG] [DEBUG] 🤖 [MS3-PKG] [DEBUG] 🤖 [MS3-PKG] [DEBUG] 🤖 [MS3-PKG] [DEBUG] 🤖 [MS3-PKG] [DEBUG] 🤖 [MS3-PKG] [DEBUG] 🤖 [MS3-PKG] [DEBUG] 🤖 [MS3-PKG] [DEBUG] 🤖 [MS3-PKG] [DEBUG] 🤖 [MS3-PKG] [DEBUG] 🤖 [MS3-PKG] [DEBUG] 🤖 [MS3-PKG] [DEBUG] 🔑 [analyzeJoiSchema] Processing field: multiChainRpcs
🤖 [MS3-PKG] [DEBUG] 🤖 [MS3-PKG] [DEBUG] 🤖 [MS3-PKG] [DEBUG] 🤖 [MS3-PKG] [DEBUG] 🤖 [MS3-PKG] [DEBUG] 🤖 [MS3-PKG] [DEBUG] 🤖 [MS3-PKG] [DEBUG] 🤖 [MS3-PKG] [DEBUG] 🤖 [MS3-PKG] [DEBUG] 🤖 [MS3-PKG] [DEBUG] 🤖 [MS3-PKG] [DEBUG] 🤖 [MS3-PKG] [DEBUG] 🤖 [MS3-PKG] [DEBUG] 🤖 [MS3-PKG] [DEBUG] 📝 [analyzeJoiSchema] Field description: {
  type: [32m&apos;object&apos;[39m,
  flags: {
    presence: [32m&apos;optional&apos;[39m,
    description: [32m&apos;Multi-chain RPC configuration - maps chain IDs to RPC URL arrays&apos;[39m
  },
  patterns: [ { schema: [36m[Object][39m, rule: [36m[Object][39m } ]
}
🤖 [MS3-PKG] [DEBUG] 🤖 [MS3-PKG] [DEBUG] 🤖 [MS3-PKG] [DEBUG] 🤖 [MS3-PKG] [DEBUG] 🤖 [MS3-PKG] [DEBUG] 🤖 [MS3-PKG] [DEBUG] 🤖 [MS3-PKG] [DEBUG] 🤖 [MS3-PKG] [DEBUG] 🤖 [MS3-PKG] [DEBUG] 🤖 [MS3-PKG] [DEBUG] 🤖 [MS3-PKG] [DEBUG] 🤖 [MS3-PKG] [DEBUG] 🤖 [MS3-PKG] [DEBUG] 🤖 [MS3-PKG] [DEBUG] 📊 [analyzeJoiSchema] Field multiChainRpcs: type=object, required=false, message=&quot;Multi-chain RPC configuration - maps chain IDs to RPC URL arrays&quot;
🤖 [MS3-PKG] [INFO] 🤖 [MS3-PKG] [INFO] 🤖 [MS3-PKG] [INFO] 🤖 [MS3-PKG] [INFO] 🤖 [MS3-PKG] [INFO] 🤖 [MS3-PKG] [INFO] 🤖 [MS3-PKG] [INFO] 🤖 [MS3-PKG] [INFO] 🤖 [MS3-PKG] [INFO] 🤖 [MS3-PKG] [INFO] 🤖 [MS3-PKG] [INFO] 🤖 [MS3-PKG] [INFO] 🤖 [MS3-PKG] [INFO] 🤖 [MS3-PKG] [INFO] 📊 [analyzeJoiSchema] Generated 14 requirements for options
🤖 [MS3-PKG] [DEBUG] 🤖 [MS3-PKG] [DEBUG] 🤖 [MS3-PKG] [DEBUG] 🤖 [MS3-PKG] [DEBUG] 🤖 [MS3-PKG] [DEBUG] 🤖 [MS3-PKG] [DEBUG] 🤖 [MS3-PKG] [DEBUG] 🤖 [MS3-PKG] [DEBUG] 🤖 [MS3-PKG] [DEBUG] 🤖 [MS3-PKG] [DEBUG] 🤖 [MS3-PKG] [DEBUG] 🤖 [MS3-PKG] [DEBUG] 🤖 [MS3-PKG] [DEBUG] 🤖 [MS3-PKG] [DEBUG] 🔍 [getRequirements] Starting analysis for bulk-test-31
🤖 [MS3-PKG] [DEBUG] 🤖 [MS3-PKG] [DEBUG] 🤖 [MS3-PKG] [DEBUG] 🤖 [MS3-PKG] [DEBUG] 🤖 [MS3-PKG] [DEBUG] 🤖 [MS3-PKG] [DEBUG] 🤖 [MS3-PKG] [DEBUG] 🤖 [MS3-PKG] [DEBUG] 🤖 [MS3-PKG] [DEBUG] 🤖 [MS3-PKG] [DEBUG] 🤖 [MS3-PKG] [DEBUG] 🤖 [MS3-PKG] [DEBUG] 🤖 [MS3-PKG] [DEBUG] 🤖 [MS3-PKG] [DEBUG] 🔬 [analyzeJoiSchema] Analyzing schema at path: options
🤖 [MS3-PKG] [DEBUG] 🤖 [MS3-PKG] [DEBUG] 🤖 [MS3-PKG] [DEBUG] 🤖 [MS3-PKG] [DEBUG] 🤖 [MS3-PKG] [DEBUG] 🤖 [MS3-PKG] [DEBUG] 🤖 [MS3-PKG] [DEBUG] 🤖 [MS3-PKG] [DEBUG] 🤖 [MS3-PKG] [DEBUG] 🤖 [MS3-PKG] [DEBUG] 🤖 [MS3-PKG] [DEBUG] 🤖 [MS3-PKG] [DEBUG] 🤖 [MS3-PKG] [DEBUG] 🤖 [MS3-PKG] [DEBUG] 📋 [analyzeJoiSchema] Schema description type: object
🤖 [MS3-PKG] [DEBUG] 🤖 [MS3-PKG] [DEBUG] 🤖 [MS3-PKG] [DEBUG] 🤖 [MS3-PKG] [DEBUG] 🤖 [MS3-PKG] [DEBUG] 🤖 [MS3-PKG] [DEBUG] 🤖 [MS3-PKG] [DEBUG] 🤖 [MS3-PKG] [DEBUG] 🤖 [MS3-PKG] [DEBUG] 🤖 [MS3-PKG] [DEBUG] 🤖 [MS3-PKG] [DEBUG] 🤖 [MS3-PKG] [DEBUG] 🤖 [MS3-PKG] [DEBUG] 🤖 [MS3-PKG] [DEBUG] 📋 [analyzeJoiSchema] Schema keys: [ [32m&apos;privateKey&apos;[39m, [32m&apos;provider&apos;[39m, [32m&apos;multiChainRpcs&apos;[39m ]
🤖 [MS3-PKG] [DEBUG] 🤖 [MS3-PKG] [DEBUG] 🤖 [MS3-PKG] [DEBUG] 🤖 [MS3-PKG] [DEBUG] 🤖 [MS3-PKG] [DEBUG] 🤖 [MS3-PKG] [DEBUG] 🤖 [MS3-PKG] [DEBUG] 🤖 [MS3-PKG] [DEBUG] 🤖 [MS3-PKG] [DEBUG] 🤖 [MS3-PKG] [DEBUG] 🤖 [MS3-PKG] [DEBUG] 🤖 [MS3-PKG] [DEBUG] 🤖 [MS3-PKG] [DEBUG] 🤖 [MS3-PKG] [DEBUG] ✅ [analyzeJoiSchema] Processing object schema with 3 keys
🤖 [MS3-PKG] [DEBUG] 🤖 [MS3-PKG] [DEBUG] 🤖 [MS3-PKG] [DEBUG] 🤖 [MS3-PKG] [DEBUG] 🤖 [MS3-PKG] [DEBUG] 🤖 [MS3-PKG] [DEBUG] 🤖 [MS3-PKG] [DEBUG] 🤖 [MS3-PKG] [DEBUG] 🤖 [MS3-PKG] [DEBUG] 🤖 [MS3-PKG] [DEBUG] 🤖 [MS3-PKG] [DEBUG] 🤖 [MS3-PKG] [DEBUG] 🤖 [MS3-PKG] [DEBUG] 🤖 [MS3-PKG] [DEBUG] 🔑 [analyzeJoiSchema] Processing field: privateKey
🤖 [MS3-PKG] [DEBUG] 🤖 [MS3-PKG] [DEBUG] 🤖 [MS3-PKG] [DEBUG] 🤖 [MS3-PKG] [DEBUG] 🤖 [MS3-PKG] [DEBUG] 🤖 [MS3-PKG] [DEBUG] 🤖 [MS3-PKG] [DEBUG] 🤖 [MS3-PKG] [DEBUG] 🤖 [MS3-PKG] [DEBUG] 🤖 [MS3-PKG] [DEBUG] 🤖 [MS3-PKG] [DEBUG] 🤖 [MS3-PKG] [DEBUG] 🤖 [MS3-PKG] [DEBUG] 🤖 [MS3-PKG] [DEBUG] 📝 [analyzeJoiSchema] Field description: {
  type: [32m&apos;string&apos;[39m,
  flags: {
    presence: [32m&apos;required&apos;[39m,
    description: [32m&apos;Private key for wallet (generates random if not provided)&apos;[39m
  },
  rules: [ { name: [32m&apos;pattern&apos;[39m, args: [36m[Object][39m } ]
}
🤖 [MS3-PKG] [DEBUG] 🤖 [MS3-PKG] [DEBUG] 🤖 [MS3-PKG] [DEBUG] 🤖 [MS3-PKG] [DEBUG] 🤖 [MS3-PKG] [DEBUG] 🤖 [MS3-PKG] [DEBUG] 🤖 [MS3-PKG] [DEBUG] 🤖 [MS3-PKG] [DEBUG] 🤖 [MS3-PKG] [DEBUG] 🤖 [MS3-PKG] [DEBUG] 🤖 [MS3-PKG] [DEBUG] 🤖 [MS3-PKG] [DEBUG] 🤖 [MS3-PKG] [DEBUG] 🤖 [MS3-PKG] [DEBUG] 📊 [analyzeJoiSchema] Field privateKey: type=string, required=true, message=&quot;Private key for wallet (generates random if not provided)&quot;
🤖 [MS3-PKG] [DEBUG] 🤖 [MS3-PKG] [DEBUG] 🤖 [MS3-PKG] [DEBUG] 🤖 [MS3-PKG] [DEBUG] 🤖 [MS3-PKG] [DEBUG] 🤖 [MS3-PKG] [DEBUG] 🤖 [MS3-PKG] [DEBUG] 🤖 [MS3-PKG] [DEBUG] 🤖 [MS3-PKG] [DEBUG] 🤖 [MS3-PKG] [DEBUG] 🤖 [MS3-PKG] [DEBUG] 🤖 [MS3-PKG] [DEBUG] 🤖 [MS3-PKG] [DEBUG] 🤖 [MS3-PKG] [DEBUG] 🔑 [analyzeJoiSchema] Processing field: provider
🤖 [MS3-PKG] [DEBUG] 🤖 [MS3-PKG] [DEBUG] 🤖 [MS3-PKG] [DEBUG] 🤖 [MS3-PKG] [DEBUG] 🤖 [MS3-PKG] [DEBUG] 🤖 [MS3-PKG] [DEBUG] 🤖 [MS3-PKG] [DEBUG] 🤖 [MS3-PKG] [DEBUG] 🤖 [MS3-PKG] [DEBUG] 🤖 [MS3-PKG] [DEBUG] 🤖 [MS3-PKG] [DEBUG] 🤖 [MS3-PKG] [DEBUG] 🤖 [MS3-PKG] [DEBUG] 🤖 [MS3-PKG] [DEBUG] 📝 [analyzeJoiSchema] Field description: {
  type: [32m&apos;object&apos;[39m,
  flags: {
    presence: [32m&apos;optional&apos;[39m,
    description: [32m&apos;Optional provider configuration&apos;[39m
  },
  keys: {
    name: { type: [32m&apos;string&apos;[39m, flags: [36m[Object][39m },
    chainId: { type: [32m&apos;string&apos;[39m, flags: [36m[Object][39m, rules: [36m[Array][39m },
    rpcUrls: { type: [32m&apos;array&apos;[39m, flags: [36m[Object][39m, rules: [36m[Array][39m, items: [36m[Array][39m },
    displayName: { type: [32m&apos;string&apos;[39m, flags: [36m[Object][39m }
  }
}
🤖 [MS3-PKG] [DEBUG] 🤖 [MS3-PKG] [DEBUG] 🤖 [MS3-PKG] [DEBUG] 🤖 [MS3-PKG] [DEBUG] 🤖 [MS3-PKG] [DEBUG] 🤖 [MS3-PKG] [DEBUG] 🤖 [MS3-PKG] [DEBUG] 🤖 [MS3-PKG] [DEBUG] 🤖 [MS3-PKG] [DEBUG] 🤖 [MS3-PKG] [DEBUG] 🤖 [MS3-PKG] [DEBUG] 🤖 [MS3-PKG] [DEBUG] 🤖 [MS3-PKG] [DEBUG] 🤖 [MS3-PKG] [DEBUG] 📊 [analyzeJoiSchema] Field provider: type=object, required=false, message=&quot;Optional provider configuration&quot;
🤖 [MS3-PKG] [DEBUG] 🤖 [MS3-PKG] [DEBUG] 🤖 [MS3-PKG] [DEBUG] 🤖 [MS3-PKG] [DEBUG] 🤖 [MS3-PKG] [DEBUG] 🤖 [MS3-PKG] [DEBUG] 🤖 [MS3-PKG] [DEBUG] 🤖 [MS3-PKG] [DEBUG] 🤖 [MS3-PKG] [DEBUG] 🤖 [MS3-PKG] [DEBUG] 🤖 [MS3-PKG] [DEBUG] 🤖 [MS3-PKG] [DEBUG] 🤖 [MS3-PKG] [DEBUG] 🤖 [MS3-PKG] [DEBUG] 🔄 [analyzeJoiSchema] Recursing into nested object: provider
🤖 [MS3-PKG] [DEBUG] 🤖 [MS3-PKG] [DEBUG] 🤖 [MS3-PKG] [DEBUG] 🤖 [MS3-PKG] [DEBUG] 🤖 [MS3-PKG] [DEBUG] 🤖 [MS3-PKG] [DEBUG] 🤖 [MS3-PKG] [DEBUG] 🤖 [MS3-PKG] [DEBUG] 🤖 [MS3-PKG] [DEBUG] 🤖 [MS3-PKG] [DEBUG] 🤖 [MS3-PKG] [DEBUG] 🤖 [MS3-PKG] [DEBUG] 🤖 [MS3-PKG] [DEBUG] 🤖 [MS3-PKG] [DEBUG] 🔑 [analyzeJoiSchema] Processing field: multiChainRpcs
🤖 [MS3-PKG] [DEBUG] 🤖 [MS3-PKG] [DEBUG] 🤖 [MS3-PKG] [DEBUG] 🤖 [MS3-PKG] [DEBUG] 🤖 [MS3-PKG] [DEBUG] 🤖 [MS3-PKG] [DEBUG] 🤖 [MS3-PKG] [DEBUG] 🤖 [MS3-PKG] [DEBUG] 🤖 [MS3-PKG] [DEBUG] 🤖 [MS3-PKG] [DEBUG] 🤖 [MS3-PKG] [DEBUG] 🤖 [MS3-PKG] [DEBUG] 🤖 [MS3-PKG] [DEBUG] 🤖 [MS3-PKG] [DEBUG] 📝 [analyzeJoiSchema] Field description: {
  type: [32m&apos;object&apos;[39m,
  flags: {
    presence: [32m&apos;optional&apos;[39m,
    description: [32m&apos;Multi-chain RPC configuration - maps chain IDs to RPC URL arrays&apos;[39m
  },
  patterns: [ { schema: [36m[Object][39m, rule: [36m[Object][39m } ]
}
🤖 [MS3-PKG] [DEBUG] 🤖 [MS3-PKG] [DEBUG] 🤖 [MS3-PKG] [DEBUG] 🤖 [MS3-PKG] [DEBUG] 🤖 [MS3-PKG] [DEBUG] 🤖 [MS3-PKG] [DEBUG] 🤖 [MS3-PKG] [DEBUG] 🤖 [MS3-PKG] [DEBUG] 🤖 [MS3-PKG] [DEBUG] 🤖 [MS3-PKG] [DEBUG] 🤖 [MS3-PKG] [DEBUG] 🤖 [MS3-PKG] [DEBUG] 🤖 [MS3-PKG] [DEBUG] 🤖 [MS3-PKG] [DEBUG] 📊 [analyzeJoiSchema] Field multiChainRpcs: type=object, required=false, message=&quot;Multi-chain RPC configuration - maps chain IDs to RPC URL arrays&quot;
🤖 [MS3-PKG] [INFO] 🤖 [MS3-PKG] [INFO] 🤖 [MS3-PKG] [INFO] 🤖 [MS3-PKG] [INFO] 🤖 [MS3-PKG] [INFO] 🤖 [MS3-PKG] [INFO] 🤖 [MS3-PKG] [INFO] 🤖 [MS3-PKG] [INFO] 🤖 [MS3-PKG] [INFO] 🤖 [MS3-PKG] [INFO] 🤖 [MS3-PKG] [INFO] 🤖 [MS3-PKG] [INFO] 🤖 [MS3-PKG] [INFO] 🤖 [MS3-PKG] [INFO] 📊 [analyzeJoiSchema] Generated 7 requirements for options
🤖 [MS3-PKG] [DEBUG] 🤖 [MS3-PKG] [DEBUG] 🤖 [MS3-PKG] [DEBUG] 🤖 [MS3-PKG] [DEBUG] 🤖 [MS3-PKG] [DEBUG] 🤖 [MS3-PKG] [DEBUG] 🤖 [MS3-PKG] [DEBUG] 🤖 [MS3-PKG] [DEBUG] 🤖 [MS3-PKG] [DEBUG] 🤖 [MS3-PKG] [DEBUG] 🤖 [MS3-PKG] [DEBUG] 🤖 [MS3-PKG] [DEBUG] 🤖 [MS3-PKG] [DEBUG] 🤖 [MS3-PKG] [DEBUG] 🔍 [getRequirements] Starting analysis for bulk-test-31
🤖 [MS3-PKG] [DEBUG] 🤖 [MS3-PKG] [DEBUG] 🤖 [MS3-PKG] [DEBUG] 🤖 [MS3-PKG] [DEBUG] 🤖 [MS3-PKG] [DEBUG] 🤖 [MS3-PKG] [DEBUG] 🤖 [MS3-PKG] [DEBUG] 🤖 [MS3-PKG] [DEBUG] 🤖 [MS3-PKG] [DEBUG] 🤖 [MS3-PKG] [DEBUG] 🤖 [MS3-PKG] [DEBUG] 🤖 [MS3-PKG] [DEBUG] 🤖 [MS3-PKG] [DEBUG] 🤖 [MS3-PKG] [DEBUG] 🔬 [analyzeJoiSchema] Analyzing schema at path: options
🤖 [MS3-PKG] [DEBUG] 🤖 [MS3-PKG] [DEBUG] 🤖 [MS3-PKG] [DEBUG] 🤖 [MS3-PKG] [DEBUG] 🤖 [MS3-PKG] [DEBUG] 🤖 [MS3-PKG] [DEBUG] 🤖 [MS3-PKG] [DEBUG] 🤖 [MS3-PKG] [DEBUG] 🤖 [MS3-PKG] [DEBUG] 🤖 [MS3-PKG] [DEBUG] 🤖 [MS3-PKG] [DEBUG] 🤖 [MS3-PKG] [DEBUG] 🤖 [MS3-PKG] [DEBUG] 🤖 [MS3-PKG] [DEBUG] 📋 [analyzeJoiSchema] Schema description type: object
🤖 [MS3-PKG] [DEBUG] 🤖 [MS3-PKG] [DEBUG] 🤖 [MS3-PKG] [DEBUG] 🤖 [MS3-PKG] [DEBUG] 🤖 [MS3-PKG] [DEBUG] 🤖 [MS3-PKG] [DEBUG] 🤖 [MS3-PKG] [DEBUG] 🤖 [MS3-PKG] [DEBUG] 🤖 [MS3-PKG] [DEBUG] 🤖 [MS3-PKG] [DEBUG] 🤖 [MS3-PKG] [DEBUG] 🤖 [MS3-PKG] [DEBUG] 🤖 [MS3-PKG] [DEBUG] 🤖 [MS3-PKG] [DEBUG] 📋 [analyzeJoiSchema] Schema keys: [ [32m&apos;web3authConfig&apos;[39m, [32m&apos;multiChainRpcs&apos;[39m ]
🤖 [MS3-PKG] [DEBUG] 🤖 [MS3-PKG] [DEBUG] 🤖 [MS3-PKG] [DEBUG] 🤖 [MS3-PKG] [DEBUG] 🤖 [MS3-PKG] [DEBUG] 🤖 [MS3-PKG] [DEBUG] 🤖 [MS3-PKG] [DEBUG] 🤖 [MS3-PKG] [DEBUG] 🤖 [MS3-PKG] [DEBUG] 🤖 [MS3-PKG] [DEBUG] 🤖 [MS3-PKG] [DEBUG] 🤖 [MS3-PKG] [DEBUG] 🤖 [MS3-PKG] [DEBUG] 🤖 [MS3-PKG] [DEBUG] ✅ [analyzeJoiSchema] Processing object schema with 2 keys
🤖 [MS3-PKG] [DEBUG] 🤖 [MS3-PKG] [DEBUG] 🤖 [MS3-PKG] [DEBUG] 🤖 [MS3-PKG] [DEBUG] 🤖 [MS3-PKG] [DEBUG] 🤖 [MS3-PKG] [DEBUG] 🤖 [MS3-PKG] [DEBUG] 🤖 [MS3-PKG] [DEBUG] 🤖 [MS3-PKG] [DEBUG] 🤖 [MS3-PKG] [DEBUG] 🤖 [MS3-PKG] [DEBUG] 🤖 [MS3-PKG] [DEBUG] 🤖 [MS3-PKG] [DEBUG] 🤖 [MS3-PKG] [DEBUG] 🔑 [analyzeJoiSchema] Processing field: web3authConfig
🤖 [MS3-PKG] [DEBUG] 🤖 [MS3-PKG] [DEBUG] 🤖 [MS3-PKG] [DEBUG] 🤖 [MS3-PKG] [DEBUG] 🤖 [MS3-PKG] [DEBUG] 🤖 [MS3-PKG] [DEBUG] 🤖 [MS3-PKG] [DEBUG] 🤖 [MS3-PKG] [DEBUG] 🤖 [MS3-PKG] [DEBUG] 🤖 [MS3-PKG] [DEBUG] 🤖 [MS3-PKG] [DEBUG] 🤖 [MS3-PKG] [DEBUG] 🤖 [MS3-PKG] [DEBUG] 🤖 [MS3-PKG] [DEBUG] 📝 [analyzeJoiSchema] Field description: {
  type: [32m&apos;object&apos;[39m,
  flags: {
    presence: [32m&apos;required&apos;[39m,
    description: [32m&apos;Web3Auth configuration object&apos;[39m
  },
  keys: {
    clientId: { type: [32m&apos;string&apos;[39m, flags: [36m[Object][39m },
    web3AuthNetwork: { type: [32m&apos;string&apos;[39m, flags: [36m[Object][39m, allow: [36m[Array][39m },
    chainConfig: { type: [32m&apos;object&apos;[39m, flags: [36m[Object][39m, keys: [36m[Object][39m },
    loginConfig: { type: [32m&apos;object&apos;[39m, flags: [36m[Object][39m },
    privateKeyProvider: { type: [32m&apos;any&apos;[39m, flags: [36m[Object][39m }
  }
}
🤖 [MS3-PKG] [DEBUG] 🤖 [MS3-PKG] [DEBUG] 🤖 [MS3-PKG] [DEBUG] 🤖 [MS3-PKG] [DEBUG] 🤖 [MS3-PKG] [DEBUG] 🤖 [MS3-PKG] [DEBUG] 🤖 [MS3-PKG] [DEBUG] 🤖 [MS3-PKG] [DEBUG] 🤖 [MS3-PKG] [DEBUG] 🤖 [MS3-PKG] [DEBUG] 🤖 [MS3-PKG] [DEBUG] 🤖 [MS3-PKG] [DEBUG] 🤖 [MS3-PKG] [DEBUG] 🤖 [MS3-PKG] [DEBUG] 📊 [analyzeJoiSchema] Field web3authConfig: type=object, required=true, message=&quot;Web3Auth configuration object&quot;
🤖 [MS3-PKG] [DEBUG] 🤖 [MS3-PKG] [DEBUG] 🤖 [MS3-PKG] [DEBUG] 🤖 [MS3-PKG] [DEBUG] 🤖 [MS3-PKG] [DEBUG] 🤖 [MS3-PKG] [DEBUG] 🤖 [MS3-PKG] [DEBUG] 🤖 [MS3-PKG] [DEBUG] 🤖 [MS3-PKG] [DEBUG] 🤖 [MS3-PKG] [DEBUG] 🤖 [MS3-PKG] [DEBUG] 🤖 [MS3-PKG] [DEBUG] 🤖 [MS3-PKG] [DEBUG] 🤖 [MS3-PKG] [DEBUG] 🔄 [analyzeJoiSchema] Recursing into nested object: web3authConfig
🤖 [MS3-PKG] [DEBUG] 🤖 [MS3-PKG] [DEBUG] 🤖 [MS3-PKG] [DEBUG] 🤖 [MS3-PKG] [DEBUG] 🤖 [MS3-PKG] [DEBUG] 🤖 [MS3-PKG] [DEBUG] 🤖 [MS3-PKG] [DEBUG] 🤖 [MS3-PKG] [DEBUG] 🤖 [MS3-PKG] [DEBUG] 🤖 [MS3-PKG] [DEBUG] 🤖 [MS3-PKG] [DEBUG] 🤖 [MS3-PKG] [DEBUG] 🤖 [MS3-PKG] [DEBUG] 🤖 [MS3-PKG] [DEBUG] 🔑 [analyzeJoiSchema] Processing field: multiChainRpcs
🤖 [MS3-PKG] [DEBUG] 🤖 [MS3-PKG] [DEBUG] 🤖 [MS3-PKG] [DEBUG] 🤖 [MS3-PKG] [DEBUG] 🤖 [MS3-PKG] [DEBUG] 🤖 [MS3-PKG] [DEBUG] 🤖 [MS3-PKG] [DEBUG] 🤖 [MS3-PKG] [DEBUG] 🤖 [MS3-PKG] [DEBUG] 🤖 [MS3-PKG] [DEBUG] 🤖 [MS3-PKG] [DEBUG] 🤖 [MS3-PKG] [DEBUG] 🤖 [MS3-PKG] [DEBUG] 🤖 [MS3-PKG] [DEBUG] 📝 [analyzeJoiSchema] Field description: {
  type: [32m&apos;object&apos;[39m,
  flags: {
    presence: [32m&apos;optional&apos;[39m,
    description: [32m&apos;Multi-chain RPC configuration - maps chain IDs to RPC URL arrays&apos;[39m
  },
  patterns: [ { schema: [36m[Object][39m, rule: [36m[Object][39m } ]
}
🤖 [MS3-PKG] [DEBUG] 🤖 [MS3-PKG] [DEBUG] 🤖 [MS3-PKG] [DEBUG] 🤖 [MS3-PKG] [DEBUG] 🤖 [MS3-PKG] [DEBUG] 🤖 [MS3-PKG] [DEBUG] 🤖 [MS3-PKG] [DEBUG] 🤖 [MS3-PKG] [DEBUG] 🤖 [MS3-PKG] [DEBUG] 🤖 [MS3-PKG] [DEBUG] 🤖 [MS3-PKG] [DEBUG] 🤖 [MS3-PKG] [DEBUG] 🤖 [MS3-PKG] [DEBUG] 🤖 [MS3-PKG] [DEBUG] 📊 [analyzeJoiSchema] Field multiChainRpcs: type=object, required=false, message=&quot;Multi-chain RPC configuration - maps chain IDs to RPC URL arrays&quot;
🤖 [MS3-PKG] [INFO] 🤖 [MS3-PKG] [INFO] 🤖 [MS3-PKG] [INFO] 🤖 [MS3-PKG] [INFO] 🤖 [MS3-PKG] [INFO] 🤖 [MS3-PKG] [INFO] 🤖 [MS3-PKG] [INFO] 🤖 [MS3-PKG] [INFO] 🤖 [MS3-PKG] [INFO] 🤖 [MS3-PKG] [INFO] 🤖 [MS3-PKG] [INFO] 🤖 [MS3-PKG] [INFO] 🤖 [MS3-PKG] [INFO] 🤖 [MS3-PKG] [INFO] 📊 [analyzeJoiSchema] Generated 14 requirements for options
🤖 [MS3-PKG] [DEBUG] 🤖 [MS3-PKG] [DEBUG] 🤖 [MS3-PKG] [DEBUG] 🤖 [MS3-PKG] [DEBUG] 🤖 [MS3-PKG] [DEBUG] 🤖 [MS3-PKG] [DEBUG] 🤖 [MS3-PKG] [DEBUG] 🤖 [MS3-PKG] [DEBUG] 🤖 [MS3-PKG] [DEBUG] 🤖 [MS3-PKG] [DEBUG] 🤖 [MS3-PKG] [DEBUG] 🤖 [MS3-PKG] [DEBUG] 🤖 [MS3-PKG] [DEBUG] 🤖 [MS3-PKG] [DEBUG] 🔍 [getRequirements] Starting analysis for bulk-test-32
🤖 [MS3-PKG] [DEBUG] 🤖 [MS3-PKG] [DEBUG] 🤖 [MS3-PKG] [DEBUG] 🤖 [MS3-PKG] [DEBUG] 🤖 [MS3-PKG] [DEBUG] 🤖 [MS3-PKG] [DEBUG] 🤖 [MS3-PKG] [DEBUG] 🤖 [MS3-PKG] [DEBUG] 🤖 [MS3-PKG] [DEBUG] 🤖 [MS3-PKG] [DEBUG] 🤖 [MS3-PKG] [DEBUG] 🤖 [MS3-PKG] [DEBUG] 🤖 [MS3-PKG] [DEBUG] 🤖 [MS3-PKG] [DEBUG] 🔬 [analyzeJoiSchema] Analyzing schema at path: options
🤖 [MS3-PKG] [DEBUG] 🤖 [MS3-PKG] [DEBUG] 🤖 [MS3-PKG] [DEBUG] 🤖 [MS3-PKG] [DEBUG] 🤖 [MS3-PKG] [DEBUG] 🤖 [MS3-PKG] [DEBUG] 🤖 [MS3-PKG] [DEBUG] 🤖 [MS3-PKG] [DEBUG] 🤖 [MS3-PKG] [DEBUG] 🤖 [MS3-PKG] [DEBUG] 🤖 [MS3-PKG] [DEBUG] 🤖 [MS3-PKG] [DEBUG] 🤖 [MS3-PKG] [DEBUG] 🤖 [MS3-PKG] [DEBUG] 📋 [analyzeJoiSchema] Schema description type: object
🤖 [MS3-PKG] [DEBUG] 🤖 [MS3-PKG] [DEBUG] 🤖 [MS3-PKG] [DEBUG] 🤖 [MS3-PKG] [DEBUG] 🤖 [MS3-PKG] [DEBUG] 🤖 [MS3-PKG] [DEBUG] 🤖 [MS3-PKG] [DEBUG] 🤖 [MS3-PKG] [DEBUG] 🤖 [MS3-PKG] [DEBUG] 🤖 [MS3-PKG] [DEBUG] 🤖 [MS3-PKG] [DEBUG] 🤖 [MS3-PKG] [DEBUG] 🤖 [MS3-PKG] [DEBUG] 🤖 [MS3-PKG] [DEBUG] 📋 [analyzeJoiSchema] Schema keys: [ [32m&apos;privateKey&apos;[39m, [32m&apos;provider&apos;[39m, [32m&apos;multiChainRpcs&apos;[39m ]
🤖 [MS3-PKG] [DEBUG] 🤖 [MS3-PKG] [DEBUG] 🤖 [MS3-PKG] [DEBUG] 🤖 [MS3-PKG] [DEBUG] 🤖 [MS3-PKG] [DEBUG] 🤖 [MS3-PKG] [DEBUG] 🤖 [MS3-PKG] [DEBUG] 🤖 [MS3-PKG] [DEBUG] 🤖 [MS3-PKG] [DEBUG] 🤖 [MS3-PKG] [DEBUG] 🤖 [MS3-PKG] [DEBUG] 🤖 [MS3-PKG] [DEBUG] 🤖 [MS3-PKG] [DEBUG] 🤖 [MS3-PKG] [DEBUG] ✅ [analyzeJoiSchema] Processing object schema with 3 keys
🤖 [MS3-PKG] [DEBUG] 🤖 [MS3-PKG] [DEBUG] 🤖 [MS3-PKG] [DEBUG] 🤖 [MS3-PKG] [DEBUG] 🤖 [MS3-PKG] [DEBUG] 🤖 [MS3-PKG] [DEBUG] 🤖 [MS3-PKG] [DEBUG] 🤖 [MS3-PKG] [DEBUG] 🤖 [MS3-PKG] [DEBUG] 🤖 [MS3-PKG] [DEBUG] 🤖 [MS3-PKG] [DEBUG] 🤖 [MS3-PKG] [DEBUG] 🤖 [MS3-PKG] [DEBUG] 🤖 [MS3-PKG] [DEBUG] 🔑 [analyzeJoiSchema] Processing field: privateKey
🤖 [MS3-PKG] [DEBUG] 🤖 [MS3-PKG] [DEBUG] 🤖 [MS3-PKG] [DEBUG] 🤖 [MS3-PKG] [DEBUG] 🤖 [MS3-PKG] [DEBUG] 🤖 [MS3-PKG] [DEBUG] 🤖 [MS3-PKG] [DEBUG] 🤖 [MS3-PKG] [DEBUG] 🤖 [MS3-PKG] [DEBUG] 🤖 [MS3-PKG] [DEBUG] 🤖 [MS3-PKG] [DEBUG] 🤖 [MS3-PKG] [DEBUG] 🤖 [MS3-PKG] [DEBUG] 🤖 [MS3-PKG] [DEBUG] 📝 [analyzeJoiSchema] Field description: {
  type: [32m&apos;string&apos;[39m,
  flags: {
    presence: [32m&apos;required&apos;[39m,
    description: [32m&apos;Private key for wallet (generates random if not provided)&apos;[39m
  },
  rules: [ { name: [32m&apos;pattern&apos;[39m, args: [36m[Object][39m } ]
}
🤖 [MS3-PKG] [DEBUG] 🤖 [MS3-PKG] [DEBUG] 🤖 [MS3-PKG] [DEBUG] 🤖 [MS3-PKG] [DEBUG] 🤖 [MS3-PKG] [DEBUG] 🤖 [MS3-PKG] [DEBUG] 🤖 [MS3-PKG] [DEBUG] 🤖 [MS3-PKG] [DEBUG] 🤖 [MS3-PKG] [DEBUG] 🤖 [MS3-PKG] [DEBUG] 🤖 [MS3-PKG] [DEBUG] 🤖 [MS3-PKG] [DEBUG] 🤖 [MS3-PKG] [DEBUG] 🤖 [MS3-PKG] [DEBUG] 📊 [analyzeJoiSchema] Field privateKey: type=string, required=true, message=&quot;Private key for wallet (generates random if not provided)&quot;
🤖 [MS3-PKG] [DEBUG] 🤖 [MS3-PKG] [DEBUG] 🤖 [MS3-PKG] [DEBUG] 🤖 [MS3-PKG] [DEBUG] 🤖 [MS3-PKG] [DEBUG] 🤖 [MS3-PKG] [DEBUG] 🤖 [MS3-PKG] [DEBUG] 🤖 [MS3-PKG] [DEBUG] 🤖 [MS3-PKG] [DEBUG] 🤖 [MS3-PKG] [DEBUG] 🤖 [MS3-PKG] [DEBUG] 🤖 [MS3-PKG] [DEBUG] 🤖 [MS3-PKG] [DEBUG] 🤖 [MS3-PKG] [DEBUG] 🔑 [analyzeJoiSchema] Processing field: provider
🤖 [MS3-PKG] [DEBUG] 🤖 [MS3-PKG] [DEBUG] 🤖 [MS3-PKG] [DEBUG] 🤖 [MS3-PKG] [DEBUG] 🤖 [MS3-PKG] [DEBUG] 🤖 [MS3-PKG] [DEBUG] 🤖 [MS3-PKG] [DEBUG] 🤖 [MS3-PKG] [DEBUG] 🤖 [MS3-PKG] [DEBUG] 🤖 [MS3-PKG] [DEBUG] 🤖 [MS3-PKG] [DEBUG] 🤖 [MS3-PKG] [DEBUG] 🤖 [MS3-PKG] [DEBUG] 🤖 [MS3-PKG] [DEBUG] 📝 [analyzeJoiSchema] Field description: {
  type: [32m&apos;object&apos;[39m,
  flags: {
    presence: [32m&apos;optional&apos;[39m,
    description: [32m&apos;Optional provider configuration&apos;[39m
  },
  keys: {
    name: { type: [32m&apos;string&apos;[39m, flags: [36m[Object][39m },
    chainId: { type: [32m&apos;string&apos;[39m, flags: [36m[Object][39m, rules: [36m[Array][39m },
    rpcUrls: { type: [32m&apos;array&apos;[39m, flags: [36m[Object][39m, rules: [36m[Array][39m, items: [36m[Array][39m },
    displayName: { type: [32m&apos;string&apos;[39m, flags: [36m[Object][39m }
  }
}
🤖 [MS3-PKG] [DEBUG] 🤖 [MS3-PKG] [DEBUG] 🤖 [MS3-PKG] [DEBUG] 🤖 [MS3-PKG] [DEBUG] 🤖 [MS3-PKG] [DEBUG] 🤖 [MS3-PKG] [DEBUG] 🤖 [MS3-PKG] [DEBUG] 🤖 [MS3-PKG] [DEBUG] 🤖 [MS3-PKG] [DEBUG] 🤖 [MS3-PKG] [DEBUG] 🤖 [MS3-PKG] [DEBUG] 🤖 [MS3-PKG] [DEBUG] 🤖 [MS3-PKG] [DEBUG] 🤖 [MS3-PKG] [DEBUG] 📊 [analyzeJoiSchema] Field provider: type=object, required=false, message=&quot;Optional provider configuration&quot;
🤖 [MS3-PKG] [DEBUG] 🤖 [MS3-PKG] [DEBUG] 🤖 [MS3-PKG] [DEBUG] 🤖 [MS3-PKG] [DEBUG] 🤖 [MS3-PKG] [DEBUG] 🤖 [MS3-PKG] [DEBUG] 🤖 [MS3-PKG] [DEBUG] 🤖 [MS3-PKG] [DEBUG] 🤖 [MS3-PKG] [DEBUG] 🤖 [MS3-PKG] [DEBUG] 🤖 [MS3-PKG] [DEBUG] 🤖 [MS3-PKG] [DEBUG] 🤖 [MS3-PKG] [DEBUG] 🤖 [MS3-PKG] [DEBUG] 🔄 [analyzeJoiSchema] Recursing into nested object: provider
🤖 [MS3-PKG] [DEBUG] 🤖 [MS3-PKG] [DEBUG] 🤖 [MS3-PKG] [DEBUG] 🤖 [MS3-PKG] [DEBUG] 🤖 [MS3-PKG] [DEBUG] 🤖 [MS3-PKG] [DEBUG] 🤖 [MS3-PKG] [DEBUG] 🤖 [MS3-PKG] [DEBUG] 🤖 [MS3-PKG] [DEBUG] 🤖 [MS3-PKG] [DEBUG] 🤖 [MS3-PKG] [DEBUG] 🤖 [MS3-PKG] [DEBUG] 🤖 [MS3-PKG] [DEBUG] 🤖 [MS3-PKG] [DEBUG] 🔑 [analyzeJoiSchema] Processing field: multiChainRpcs
🤖 [MS3-PKG] [DEBUG] 🤖 [MS3-PKG] [DEBUG] 🤖 [MS3-PKG] [DEBUG] 🤖 [MS3-PKG] [DEBUG] 🤖 [MS3-PKG] [DEBUG] 🤖 [MS3-PKG] [DEBUG] 🤖 [MS3-PKG] [DEBUG] 🤖 [MS3-PKG] [DEBUG] 🤖 [MS3-PKG] [DEBUG] 🤖 [MS3-PKG] [DEBUG] 🤖 [MS3-PKG] [DEBUG] 🤖 [MS3-PKG] [DEBUG] 🤖 [MS3-PKG] [DEBUG] 🤖 [MS3-PKG] [DEBUG] 📝 [analyzeJoiSchema] Field description: {
  type: [32m&apos;object&apos;[39m,
  flags: {
    presence: [32m&apos;optional&apos;[39m,
    description: [32m&apos;Multi-chain RPC configuration - maps chain IDs to RPC URL arrays&apos;[39m
  },
  patterns: [ { schema: [36m[Object][39m, rule: [36m[Object][39m } ]
}
🤖 [MS3-PKG] [DEBUG] 🤖 [MS3-PKG] [DEBUG] 🤖 [MS3-PKG] [DEBUG] 🤖 [MS3-PKG] [DEBUG] 🤖 [MS3-PKG] [DEBUG] 🤖 [MS3-PKG] [DEBUG] 🤖 [MS3-PKG] [DEBUG] 🤖 [MS3-PKG] [DEBUG] 🤖 [MS3-PKG] [DEBUG] 🤖 [MS3-PKG] [DEBUG] 🤖 [MS3-PKG] [DEBUG] 🤖 [MS3-PKG] [DEBUG] 🤖 [MS3-PKG] [DEBUG] 🤖 [MS3-PKG] [DEBUG] 📊 [analyzeJoiSchema] Field multiChainRpcs: type=object, required=false, message=&quot;Multi-chain RPC configuration - maps chain IDs to RPC URL arrays&quot;
🤖 [MS3-PKG] [INFO] 🤖 [MS3-PKG] [INFO] 🤖 [MS3-PKG] [INFO] 🤖 [MS3-PKG] [INFO] 🤖 [MS3-PKG] [INFO] 🤖 [MS3-PKG] [INFO] 🤖 [MS3-PKG] [INFO] 🤖 [MS3-PKG] [INFO] 🤖 [MS3-PKG] [INFO] 🤖 [MS3-PKG] [INFO] 🤖 [MS3-PKG] [INFO] 🤖 [MS3-PKG] [INFO] 🤖 [MS3-PKG] [INFO] 🤖 [MS3-PKG] [INFO] 📊 [analyzeJoiSchema] Generated 7 requirements for options
🤖 [MS3-PKG] [DEBUG] 🤖 [MS3-PKG] [DEBUG] 🤖 [MS3-PKG] [DEBUG] 🤖 [MS3-PKG] [DEBUG] 🤖 [MS3-PKG] [DEBUG] 🤖 [MS3-PKG] [DEBUG] 🤖 [MS3-PKG] [DEBUG] 🤖 [MS3-PKG] [DEBUG] 🤖 [MS3-PKG] [DEBUG] 🤖 [MS3-PKG] [DEBUG] 🤖 [MS3-PKG] [DEBUG] 🤖 [MS3-PKG] [DEBUG] 🤖 [MS3-PKG] [DEBUG] 🤖 [MS3-PKG] [DEBUG] 🔍 [getRequirements] Starting analysis for bulk-test-32
🤖 [MS3-PKG] [DEBUG] 🤖 [MS3-PKG] [DEBUG] 🤖 [MS3-PKG] [DEBUG] 🤖 [MS3-PKG] [DEBUG] 🤖 [MS3-PKG] [DEBUG] 🤖 [MS3-PKG] [DEBUG] 🤖 [MS3-PKG] [DEBUG] 🤖 [MS3-PKG] [DEBUG] 🤖 [MS3-PKG] [DEBUG] 🤖 [MS3-PKG] [DEBUG] 🤖 [MS3-PKG] [DEBUG] 🤖 [MS3-PKG] [DEBUG] 🤖 [MS3-PKG] [DEBUG] 🤖 [MS3-PKG] [DEBUG] 🔬 [analyzeJoiSchema] Analyzing schema at path: options
🤖 [MS3-PKG] [DEBUG] 🤖 [MS3-PKG] [DEBUG] 🤖 [MS3-PKG] [DEBUG] 🤖 [MS3-PKG] [DEBUG] 🤖 [MS3-PKG] [DEBUG] 🤖 [MS3-PKG] [DEBUG] 🤖 [MS3-PKG] [DEBUG] 🤖 [MS3-PKG] [DEBUG] 🤖 [MS3-PKG] [DEBUG] 🤖 [MS3-PKG] [DEBUG] 🤖 [MS3-PKG] [DEBUG] 🤖 [MS3-PKG] [DEBUG] 🤖 [MS3-PKG] [DEBUG] 🤖 [MS3-PKG] [DEBUG] 📋 [analyzeJoiSchema] Schema description type: object
🤖 [MS3-PKG] [DEBUG] 🤖 [MS3-PKG] [DEBUG] 🤖 [MS3-PKG] [DEBUG] 🤖 [MS3-PKG] [DEBUG] 🤖 [MS3-PKG] [DEBUG] 🤖 [MS3-PKG] [DEBUG] 🤖 [MS3-PKG] [DEBUG] 🤖 [MS3-PKG] [DEBUG] 🤖 [MS3-PKG] [DEBUG] 🤖 [MS3-PKG] [DEBUG] 🤖 [MS3-PKG] [DEBUG] 🤖 [MS3-PKG] [DEBUG] 🤖 [MS3-PKG] [DEBUG] 🤖 [MS3-PKG] [DEBUG] 📋 [analyzeJoiSchema] Schema keys: [ [32m&apos;web3authConfig&apos;[39m, [32m&apos;multiChainRpcs&apos;[39m ]
🤖 [MS3-PKG] [DEBUG] 🤖 [MS3-PKG] [DEBUG] 🤖 [MS3-PKG] [DEBUG] 🤖 [MS3-PKG] [DEBUG] 🤖 [MS3-PKG] [DEBUG] 🤖 [MS3-PKG] [DEBUG] 🤖 [MS3-PKG] [DEBUG] 🤖 [MS3-PKG] [DEBUG] 🤖 [MS3-PKG] [DEBUG] 🤖 [MS3-PKG] [DEBUG] 🤖 [MS3-PKG] [DEBUG] 🤖 [MS3-PKG] [DEBUG] 🤖 [MS3-PKG] [DEBUG] 🤖 [MS3-PKG] [DEBUG] ✅ [analyzeJoiSchema] Processing object schema with 2 keys
🤖 [MS3-PKG] [DEBUG] 🤖 [MS3-PKG] [DEBUG] 🤖 [MS3-PKG] [DEBUG] 🤖 [MS3-PKG] [DEBUG] 🤖 [MS3-PKG] [DEBUG] 🤖 [MS3-PKG] [DEBUG] 🤖 [MS3-PKG] [DEBUG] 🤖 [MS3-PKG] [DEBUG] 🤖 [MS3-PKG] [DEBUG] 🤖 [MS3-PKG] [DEBUG] 🤖 [MS3-PKG] [DEBUG] 🤖 [MS3-PKG] [DEBUG] 🤖 [MS3-PKG] [DEBUG] 🤖 [MS3-PKG] [DEBUG] 🔑 [analyzeJoiSchema] Processing field: web3authConfig
🤖 [MS3-PKG] [DEBUG] 🤖 [MS3-PKG] [DEBUG] 🤖 [MS3-PKG] [DEBUG] 🤖 [MS3-PKG] [DEBUG] 🤖 [MS3-PKG] [DEBUG] 🤖 [MS3-PKG] [DEBUG] 🤖 [MS3-PKG] [DEBUG] 🤖 [MS3-PKG] [DEBUG] 🤖 [MS3-PKG] [DEBUG] 🤖 [MS3-PKG] [DEBUG] 🤖 [MS3-PKG] [DEBUG] 🤖 [MS3-PKG] [DEBUG] 🤖 [MS3-PKG] [DEBUG] 🤖 [MS3-PKG] [DEBUG] 📝 [analyzeJoiSchema] Field description: {
  type: [32m&apos;object&apos;[39m,
  flags: {
    presence: [32m&apos;required&apos;[39m,
    description: [32m&apos;Web3Auth configuration object&apos;[39m
  },
  keys: {
    clientId: { type: [32m&apos;string&apos;[39m, flags: [36m[Object][39m },
    web3AuthNetwork: { type: [32m&apos;string&apos;[39m, flags: [36m[Object][39m, allow: [36m[Array][39m },
    chainConfig: { type: [32m&apos;object&apos;[39m, flags: [36m[Object][39m, keys: [36m[Object][39m },
    loginConfig: { type: [32m&apos;object&apos;[39m, flags: [36m[Object][39m },
    privateKeyProvider: { type: [32m&apos;any&apos;[39m, flags: [36m[Object][39m }
  }
}
🤖 [MS3-PKG] [DEBUG] 🤖 [MS3-PKG] [DEBUG] 🤖 [MS3-PKG] [DEBUG] 🤖 [MS3-PKG] [DEBUG] 🤖 [MS3-PKG] [DEBUG] 🤖 [MS3-PKG] [DEBUG] 🤖 [MS3-PKG] [DEBUG] 🤖 [MS3-PKG] [DEBUG] 🤖 [MS3-PKG] [DEBUG] 🤖 [MS3-PKG] [DEBUG] 🤖 [MS3-PKG] [DEBUG] 🤖 [MS3-PKG] [DEBUG] 🤖 [MS3-PKG] [DEBUG] 🤖 [MS3-PKG] [DEBUG] 📊 [analyzeJoiSchema] Field web3authConfig: type=object, required=true, message=&quot;Web3Auth configuration object&quot;
🤖 [MS3-PKG] [DEBUG] 🤖 [MS3-PKG] [DEBUG] 🤖 [MS3-PKG] [DEBUG] 🤖 [MS3-PKG] [DEBUG] 🤖 [MS3-PKG] [DEBUG] 🤖 [MS3-PKG] [DEBUG] 🤖 [MS3-PKG] [DEBUG] 🤖 [MS3-PKG] [DEBUG] 🤖 [MS3-PKG] [DEBUG] 🤖 [MS3-PKG] [DEBUG] 🤖 [MS3-PKG] [DEBUG] 🤖 [MS3-PKG] [DEBUG] 🤖 [MS3-PKG] [DEBUG] 🤖 [MS3-PKG] [DEBUG] 🔄 [analyzeJoiSchema] Recursing into nested object: web3authConfig
🤖 [MS3-PKG] [DEBUG] 🤖 [MS3-PKG] [DEBUG] 🤖 [MS3-PKG] [DEBUG] 🤖 [MS3-PKG] [DEBUG] 🤖 [MS3-PKG] [DEBUG] 🤖 [MS3-PKG] [DEBUG] 🤖 [MS3-PKG] [DEBUG] 🤖 [MS3-PKG] [DEBUG] 🤖 [MS3-PKG] [DEBUG] 🤖 [MS3-PKG] [DEBUG] 🤖 [MS3-PKG] [DEBUG] 🤖 [MS3-PKG] [DEBUG] 🤖 [MS3-PKG] [DEBUG] 🤖 [MS3-PKG] [DEBUG] 🔑 [analyzeJoiSchema] Processing field: multiChainRpcs
🤖 [MS3-PKG] [DEBUG] 🤖 [MS3-PKG] [DEBUG] 🤖 [MS3-PKG] [DEBUG] 🤖 [MS3-PKG] [DEBUG] 🤖 [MS3-PKG] [DEBUG] 🤖 [MS3-PKG] [DEBUG] 🤖 [MS3-PKG] [DEBUG] 🤖 [MS3-PKG] [DEBUG] 🤖 [MS3-PKG] [DEBUG] 🤖 [MS3-PKG] [DEBUG] 🤖 [MS3-PKG] [DEBUG] 🤖 [MS3-PKG] [DEBUG] 🤖 [MS3-PKG] [DEBUG] 🤖 [MS3-PKG] [DEBUG] 📝 [analyzeJoiSchema] Field description: {
  type: [32m&apos;object&apos;[39m,
  flags: {
    presence: [32m&apos;optional&apos;[39m,
    description: [32m&apos;Multi-chain RPC configuration - maps chain IDs to RPC URL arrays&apos;[39m
  },
  patterns: [ { schema: [36m[Object][39m, rule: [36m[Object][39m } ]
}
🤖 [MS3-PKG] [DEBUG] 🤖 [MS3-PKG] [DEBUG] 🤖 [MS3-PKG] [DEBUG] 🤖 [MS3-PKG] [DEBUG] 🤖 [MS3-PKG] [DEBUG] 🤖 [MS3-PKG] [DEBUG] 🤖 [MS3-PKG] [DEBUG] 🤖 [MS3-PKG] [DEBUG] 🤖 [MS3-PKG] [DEBUG] 🤖 [MS3-PKG] [DEBUG] 🤖 [MS3-PKG] [DEBUG] 🤖 [MS3-PKG] [DEBUG] 🤖 [MS3-PKG] [DEBUG] 🤖 [MS3-PKG] [DEBUG] 📊 [analyzeJoiSchema] Field multiChainRpcs: type=object, required=false, message=&quot;Multi-chain RPC configuration - maps chain IDs to RPC URL arrays&quot;
🤖 [MS3-PKG] [INFO] 🤖 [MS3-PKG] [INFO] 🤖 [MS3-PKG] [INFO] 🤖 [MS3-PKG] [INFO] 🤖 [MS3-PKG] [INFO] 🤖 [MS3-PKG] [INFO] 🤖 [MS3-PKG] [INFO] 🤖 [MS3-PKG] [INFO] 🤖 [MS3-PKG] [INFO] 🤖 [MS3-PKG] [INFO] 🤖 [MS3-PKG] [INFO] 🤖 [MS3-PKG] [INFO] 🤖 [MS3-PKG] [INFO] 🤖 [MS3-PKG] [INFO] 📊 [analyzeJoiSchema] Generated 14 requirements for options
🤖 [MS3-PKG] [DEBUG] 🤖 [MS3-PKG] [DEBUG] 🤖 [MS3-PKG] [DEBUG] 🤖 [MS3-PKG] [DEBUG] 🤖 [MS3-PKG] [DEBUG] 🤖 [MS3-PKG] [DEBUG] 🤖 [MS3-PKG] [DEBUG] 🤖 [MS3-PKG] [DEBUG] 🤖 [MS3-PKG] [DEBUG] 🤖 [MS3-PKG] [DEBUG] 🤖 [MS3-PKG] [DEBUG] 🤖 [MS3-PKG] [DEBUG] 🤖 [MS3-PKG] [DEBUG] 🤖 [MS3-PKG] [DEBUG] 🔍 [getRequirements] Starting analysis for bulk-test-33
🤖 [MS3-PKG] [DEBUG] 🤖 [MS3-PKG] [DEBUG] 🤖 [MS3-PKG] [DEBUG] 🤖 [MS3-PKG] [DEBUG] 🤖 [MS3-PKG] [DEBUG] 🤖 [MS3-PKG] [DEBUG] 🤖 [MS3-PKG] [DEBUG] 🤖 [MS3-PKG] [DEBUG] 🤖 [MS3-PKG] [DEBUG] 🤖 [MS3-PKG] [DEBUG] 🤖 [MS3-PKG] [DEBUG] 🤖 [MS3-PKG] [DEBUG] 🤖 [MS3-PKG] [DEBUG] 🤖 [MS3-PKG] [DEBUG] 🔬 [analyzeJoiSchema] Analyzing schema at path: options
🤖 [MS3-PKG] [DEBUG] 🤖 [MS3-PKG] [DEBUG] 🤖 [MS3-PKG] [DEBUG] 🤖 [MS3-PKG] [DEBUG] 🤖 [MS3-PKG] [DEBUG] 🤖 [MS3-PKG] [DEBUG] 🤖 [MS3-PKG] [DEBUG] 🤖 [MS3-PKG] [DEBUG] 🤖 [MS3-PKG] [DEBUG] 🤖 [MS3-PKG] [DEBUG] 🤖 [MS3-PKG] [DEBUG] 🤖 [MS3-PKG] [DEBUG] 🤖 [MS3-PKG] [DEBUG] 🤖 [MS3-PKG] [DEBUG] 📋 [analyzeJoiSchema] Schema description type: object
🤖 [MS3-PKG] [DEBUG] 🤖 [MS3-PKG] [DEBUG] 🤖 [MS3-PKG] [DEBUG] 🤖 [MS3-PKG] [DEBUG] 🤖 [MS3-PKG] [DEBUG] 🤖 [MS3-PKG] [DEBUG] 🤖 [MS3-PKG] [DEBUG] 🤖 [MS3-PKG] [DEBUG] 🤖 [MS3-PKG] [DEBUG] 🤖 [MS3-PKG] [DEBUG] 🤖 [MS3-PKG] [DEBUG] 🤖 [MS3-PKG] [DEBUG] 🤖 [MS3-PKG] [DEBUG] 🤖 [MS3-PKG] [DEBUG] 📋 [analyzeJoiSchema] Schema keys: [ [32m&apos;privateKey&apos;[39m, [32m&apos;provider&apos;[39m, [32m&apos;multiChainRpcs&apos;[39m ]
🤖 [MS3-PKG] [DEBUG] 🤖 [MS3-PKG] [DEBUG] 🤖 [MS3-PKG] [DEBUG] 🤖 [MS3-PKG] [DEBUG] 🤖 [MS3-PKG] [DEBUG] 🤖 [MS3-PKG] [DEBUG] 🤖 [MS3-PKG] [DEBUG] 🤖 [MS3-PKG] [DEBUG] 🤖 [MS3-PKG] [DEBUG] 🤖 [MS3-PKG] [DEBUG] 🤖 [MS3-PKG] [DEBUG] 🤖 [MS3-PKG] [DEBUG] 🤖 [MS3-PKG] [DEBUG] 🤖 [MS3-PKG] [DEBUG] ✅ [analyzeJoiSchema] Processing object schema with 3 keys
🤖 [MS3-PKG] [DEBUG] 🤖 [MS3-PKG] [DEBUG] 🤖 [MS3-PKG] [DEBUG] 🤖 [MS3-PKG] [DEBUG] 🤖 [MS3-PKG] [DEBUG] 🤖 [MS3-PKG] [DEBUG] 🤖 [MS3-PKG] [DEBUG] 🤖 [MS3-PKG] [DEBUG] 🤖 [MS3-PKG] [DEBUG] 🤖 [MS3-PKG] [DEBUG] 🤖 [MS3-PKG] [DEBUG] 🤖 [MS3-PKG] [DEBUG] 🤖 [MS3-PKG] [DEBUG] 🤖 [MS3-PKG] [DEBUG] 🔑 [analyzeJoiSchema] Processing field: privateKey
🤖 [MS3-PKG] [DEBUG] 🤖 [MS3-PKG] [DEBUG] 🤖 [MS3-PKG] [DEBUG] 🤖 [MS3-PKG] [DEBUG] 🤖 [MS3-PKG] [DEBUG] 🤖 [MS3-PKG] [DEBUG] 🤖 [MS3-PKG] [DEBUG] 🤖 [MS3-PKG] [DEBUG] 🤖 [MS3-PKG] [DEBUG] 🤖 [MS3-PKG] [DEBUG] 🤖 [MS3-PKG] [DEBUG] 🤖 [MS3-PKG] [DEBUG] 🤖 [MS3-PKG] [DEBUG] 🤖 [MS3-PKG] [DEBUG] 📝 [analyzeJoiSchema] Field description: {
  type: [32m&apos;string&apos;[39m,
  flags: {
    presence: [32m&apos;required&apos;[39m,
    description: [32m&apos;Private key for wallet (generates random if not provided)&apos;[39m
  },
  rules: [ { name: [32m&apos;pattern&apos;[39m, args: [36m[Object][39m } ]
}
🤖 [MS3-PKG] [DEBUG] 🤖 [MS3-PKG] [DEBUG] 🤖 [MS3-PKG] [DEBUG] 🤖 [MS3-PKG] [DEBUG] 🤖 [MS3-PKG] [DEBUG] 🤖 [MS3-PKG] [DEBUG] 🤖 [MS3-PKG] [DEBUG] 🤖 [MS3-PKG] [DEBUG] 🤖 [MS3-PKG] [DEBUG] 🤖 [MS3-PKG] [DEBUG] 🤖 [MS3-PKG] [DEBUG] 🤖 [MS3-PKG] [DEBUG] 🤖 [MS3-PKG] [DEBUG] 🤖 [MS3-PKG] [DEBUG] 📊 [analyzeJoiSchema] Field privateKey: type=string, required=true, message=&quot;Private key for wallet (generates random if not provided)&quot;
🤖 [MS3-PKG] [DEBUG] 🤖 [MS3-PKG] [DEBUG] 🤖 [MS3-PKG] [DEBUG] 🤖 [MS3-PKG] [DEBUG] 🤖 [MS3-PKG] [DEBUG] 🤖 [MS3-PKG] [DEBUG] 🤖 [MS3-PKG] [DEBUG] 🤖 [MS3-PKG] [DEBUG] 🤖 [MS3-PKG] [DEBUG] 🤖 [MS3-PKG] [DEBUG] 🤖 [MS3-PKG] [DEBUG] 🤖 [MS3-PKG] [DEBUG] 🤖 [MS3-PKG] [DEBUG] 🤖 [MS3-PKG] [DEBUG] 🔑 [analyzeJoiSchema] Processing field: provider
🤖 [MS3-PKG] [DEBUG] 🤖 [MS3-PKG] [DEBUG] 🤖 [MS3-PKG] [DEBUG] 🤖 [MS3-PKG] [DEBUG] 🤖 [MS3-PKG] [DEBUG] 🤖 [MS3-PKG] [DEBUG] 🤖 [MS3-PKG] [DEBUG] 🤖 [MS3-PKG] [DEBUG] 🤖 [MS3-PKG] [DEBUG] 🤖 [MS3-PKG] [DEBUG] 🤖 [MS3-PKG] [DEBUG] 🤖 [MS3-PKG] [DEBUG] 🤖 [MS3-PKG] [DEBUG] 🤖 [MS3-PKG] [DEBUG] 📝 [analyzeJoiSchema] Field description: {
  type: [32m&apos;object&apos;[39m,
  flags: {
    presence: [32m&apos;optional&apos;[39m,
    description: [32m&apos;Optional provider configuration&apos;[39m
  },
  keys: {
    name: { type: [32m&apos;string&apos;[39m, flags: [36m[Object][39m },
    chainId: { type: [32m&apos;string&apos;[39m, flags: [36m[Object][39m, rules: [36m[Array][39m },
    rpcUrls: { type: [32m&apos;array&apos;[39m, flags: [36m[Object][39m, rules: [36m[Array][39m, items: [36m[Array][39m },
    displayName: { type: [32m&apos;string&apos;[39m, flags: [36m[Object][39m }
  }
}
🤖 [MS3-PKG] [DEBUG] 🤖 [MS3-PKG] [DEBUG] 🤖 [MS3-PKG] [DEBUG] 🤖 [MS3-PKG] [DEBUG] 🤖 [MS3-PKG] [DEBUG] 🤖 [MS3-PKG] [DEBUG] 🤖 [MS3-PKG] [DEBUG] 🤖 [MS3-PKG] [DEBUG] 🤖 [MS3-PKG] [DEBUG] 🤖 [MS3-PKG] [DEBUG] 🤖 [MS3-PKG] [DEBUG] 🤖 [MS3-PKG] [DEBUG] 🤖 [MS3-PKG] [DEBUG] 🤖 [MS3-PKG] [DEBUG] 📊 [analyzeJoiSchema] Field provider: type=object, required=false, message=&quot;Optional provider configuration&quot;
🤖 [MS3-PKG] [DEBUG] 🤖 [MS3-PKG] [DEBUG] 🤖 [MS3-PKG] [DEBUG] 🤖 [MS3-PKG] [DEBUG] 🤖 [MS3-PKG] [DEBUG] 🤖 [MS3-PKG] [DEBUG] 🤖 [MS3-PKG] [DEBUG] 🤖 [MS3-PKG] [DEBUG] 🤖 [MS3-PKG] [DEBUG] 🤖 [MS3-PKG] [DEBUG] 🤖 [MS3-PKG] [DEBUG] 🤖 [MS3-PKG] [DEBUG] 🤖 [MS3-PKG] [DEBUG] 🤖 [MS3-PKG] [DEBUG] 🔄 [analyzeJoiSchema] Recursing into nested object: provider
🤖 [MS3-PKG] [DEBUG] 🤖 [MS3-PKG] [DEBUG] 🤖 [MS3-PKG] [DEBUG] 🤖 [MS3-PKG] [DEBUG] 🤖 [MS3-PKG] [DEBUG] 🤖 [MS3-PKG] [DEBUG] 🤖 [MS3-PKG] [DEBUG] 🤖 [MS3-PKG] [DEBUG] 🤖 [MS3-PKG] [DEBUG] 🤖 [MS3-PKG] [DEBUG] 🤖 [MS3-PKG] [DEBUG] 🤖 [MS3-PKG] [DEBUG] 🤖 [MS3-PKG] [DEBUG] 🤖 [MS3-PKG] [DEBUG] 🔑 [analyzeJoiSchema] Processing field: multiChainRpcs
🤖 [MS3-PKG] [DEBUG] 🤖 [MS3-PKG] [DEBUG] 🤖 [MS3-PKG] [DEBUG] 🤖 [MS3-PKG] [DEBUG] 🤖 [MS3-PKG] [DEBUG] 🤖 [MS3-PKG] [DEBUG] 🤖 [MS3-PKG] [DEBUG] 🤖 [MS3-PKG] [DEBUG] 🤖 [MS3-PKG] [DEBUG] 🤖 [MS3-PKG] [DEBUG] 🤖 [MS3-PKG] [DEBUG] 🤖 [MS3-PKG] [DEBUG] 🤖 [MS3-PKG] [DEBUG] 🤖 [MS3-PKG] [DEBUG] 📝 [analyzeJoiSchema] Field description: {
  type: [32m&apos;object&apos;[39m,
  flags: {
    presence: [32m&apos;optional&apos;[39m,
    description: [32m&apos;Multi-chain RPC configuration - maps chain IDs to RPC URL arrays&apos;[39m
  },
  patterns: [ { schema: [36m[Object][39m, rule: [36m[Object][39m } ]
}
🤖 [MS3-PKG] [DEBUG] 🤖 [MS3-PKG] [DEBUG] 🤖 [MS3-PKG] [DEBUG] 🤖 [MS3-PKG] [DEBUG] 🤖 [MS3-PKG] [DEBUG] 🤖 [MS3-PKG] [DEBUG] 🤖 [MS3-PKG] [DEBUG] 🤖 [MS3-PKG] [DEBUG] 🤖 [MS3-PKG] [DEBUG] 🤖 [MS3-PKG] [DEBUG] 🤖 [MS3-PKG] [DEBUG] 🤖 [MS3-PKG] [DEBUG] 🤖 [MS3-PKG] [DEBUG] 🤖 [MS3-PKG] [DEBUG] 📊 [analyzeJoiSchema] Field multiChainRpcs: type=object, required=false, message=&quot;Multi-chain RPC configuration - maps chain IDs to RPC URL arrays&quot;
🤖 [MS3-PKG] [INFO] 🤖 [MS3-PKG] [INFO] 🤖 [MS3-PKG] [INFO] 🤖 [MS3-PKG] [INFO] 🤖 [MS3-PKG] [INFO] 🤖 [MS3-PKG] [INFO] 🤖 [MS3-PKG] [INFO] 🤖 [MS3-PKG] [INFO] 🤖 [MS3-PKG] [INFO] 🤖 [MS3-PKG] [INFO] 🤖 [MS3-PKG] [INFO] 🤖 [MS3-PKG] [INFO] 🤖 [MS3-PKG] [INFO] 🤖 [MS3-PKG] [INFO] 📊 [analyzeJoiSchema] Generated 7 requirements for options
🤖 [MS3-PKG] [DEBUG] 🤖 [MS3-PKG] [DEBUG] 🤖 [MS3-PKG] [DEBUG] 🤖 [MS3-PKG] [DEBUG] 🤖 [MS3-PKG] [DEBUG] 🤖 [MS3-PKG] [DEBUG] 🤖 [MS3-PKG] [DEBUG] 🤖 [MS3-PKG] [DEBUG] 🤖 [MS3-PKG] [DEBUG] 🤖 [MS3-PKG] [DEBUG] 🤖 [MS3-PKG] [DEBUG] 🤖 [MS3-PKG] [DEBUG] 🤖 [MS3-PKG] [DEBUG] 🤖 [MS3-PKG] [DEBUG] 🔍 [getRequirements] Starting analysis for bulk-test-33
🤖 [MS3-PKG] [DEBUG] 🤖 [MS3-PKG] [DEBUG] 🤖 [MS3-PKG] [DEBUG] 🤖 [MS3-PKG] [DEBUG] 🤖 [MS3-PKG] [DEBUG] 🤖 [MS3-PKG] [DEBUG] 🤖 [MS3-PKG] [DEBUG] 🤖 [MS3-PKG] [DEBUG] 🤖 [MS3-PKG] [DEBUG] 🤖 [MS3-PKG] [DEBUG] 🤖 [MS3-PKG] [DEBUG] 🤖 [MS3-PKG] [DEBUG] 🤖 [MS3-PKG] [DEBUG] 🤖 [MS3-PKG] [DEBUG] 🔬 [analyzeJoiSchema] Analyzing schema at path: options
🤖 [MS3-PKG] [DEBUG] 🤖 [MS3-PKG] [DEBUG] 🤖 [MS3-PKG] [DEBUG] 🤖 [MS3-PKG] [DEBUG] 🤖 [MS3-PKG] [DEBUG] 🤖 [MS3-PKG] [DEBUG] 🤖 [MS3-PKG] [DEBUG] 🤖 [MS3-PKG] [DEBUG] 🤖 [MS3-PKG] [DEBUG] 🤖 [MS3-PKG] [DEBUG] 🤖 [MS3-PKG] [DEBUG] 🤖 [MS3-PKG] [DEBUG] 🤖 [MS3-PKG] [DEBUG] 🤖 [MS3-PKG] [DEBUG] 📋 [analyzeJoiSchema] Schema description type: object
🤖 [MS3-PKG] [DEBUG] 🤖 [MS3-PKG] [DEBUG] 🤖 [MS3-PKG] [DEBUG] 🤖 [MS3-PKG] [DEBUG] 🤖 [MS3-PKG] [DEBUG] 🤖 [MS3-PKG] [DEBUG] 🤖 [MS3-PKG] [DEBUG] 🤖 [MS3-PKG] [DEBUG] 🤖 [MS3-PKG] [DEBUG] 🤖 [MS3-PKG] [DEBUG] 🤖 [MS3-PKG] [DEBUG] 🤖 [MS3-PKG] [DEBUG] 🤖 [MS3-PKG] [DEBUG] 🤖 [MS3-PKG] [DEBUG] 📋 [analyzeJoiSchema] Schema keys: [ [32m&apos;web3authConfig&apos;[39m, [32m&apos;multiChainRpcs&apos;[39m ]
🤖 [MS3-PKG] [DEBUG] 🤖 [MS3-PKG] [DEBUG] 🤖 [MS3-PKG] [DEBUG] 🤖 [MS3-PKG] [DEBUG] 🤖 [MS3-PKG] [DEBUG] 🤖 [MS3-PKG] [DEBUG] 🤖 [MS3-PKG] [DEBUG] 🤖 [MS3-PKG] [DEBUG] 🤖 [MS3-PKG] [DEBUG] 🤖 [MS3-PKG] [DEBUG] 🤖 [MS3-PKG] [DEBUG] 🤖 [MS3-PKG] [DEBUG] 🤖 [MS3-PKG] [DEBUG] 🤖 [MS3-PKG] [DEBUG] ✅ [analyzeJoiSchema] Processing object schema with 2 keys
🤖 [MS3-PKG] [DEBUG] 🤖 [MS3-PKG] [DEBUG] 🤖 [MS3-PKG] [DEBUG] 🤖 [MS3-PKG] [DEBUG] 🤖 [MS3-PKG] [DEBUG] 🤖 [MS3-PKG] [DEBUG] 🤖 [MS3-PKG] [DEBUG] 🤖 [MS3-PKG] [DEBUG] 🤖 [MS3-PKG] [DEBUG] 🤖 [MS3-PKG] [DEBUG] 🤖 [MS3-PKG] [DEBUG] 🤖 [MS3-PKG] [DEBUG] 🤖 [MS3-PKG] [DEBUG] 🤖 [MS3-PKG] [DEBUG] 🔑 [analyzeJoiSchema] Processing field: web3authConfig
🤖 [MS3-PKG] [DEBUG] 🤖 [MS3-PKG] [DEBUG] 🤖 [MS3-PKG] [DEBUG] 🤖 [MS3-PKG] [DEBUG] 🤖 [MS3-PKG] [DEBUG] 🤖 [MS3-PKG] [DEBUG] 🤖 [MS3-PKG] [DEBUG] 🤖 [MS3-PKG] [DEBUG] 🤖 [MS3-PKG] [DEBUG] 🤖 [MS3-PKG] [DEBUG] 🤖 [MS3-PKG] [DEBUG] 🤖 [MS3-PKG] [DEBUG] 🤖 [MS3-PKG] [DEBUG] 🤖 [MS3-PKG] [DEBUG] 📝 [analyzeJoiSchema] Field description: {
  type: [32m&apos;object&apos;[39m,
  flags: {
    presence: [32m&apos;required&apos;[39m,
    description: [32m&apos;Web3Auth configuration object&apos;[39m
  },
  keys: {
    clientId: { type: [32m&apos;string&apos;[39m, flags: [36m[Object][39m },
    web3AuthNetwork: { type: [32m&apos;string&apos;[39m, flags: [36m[Object][39m, allow: [36m[Array][39m },
    chainConfig: { type: [32m&apos;object&apos;[39m, flags: [36m[Object][39m, keys: [36m[Object][39m },
    loginConfig: { type: [32m&apos;object&apos;[39m, flags: [36m[Object][39m },
    privateKeyProvider: { type: [32m&apos;any&apos;[39m, flags: [36m[Object][39m }
  }
}
🤖 [MS3-PKG] [DEBUG] 🤖 [MS3-PKG] [DEBUG] 🤖 [MS3-PKG] [DEBUG] 🤖 [MS3-PKG] [DEBUG] 🤖 [MS3-PKG] [DEBUG] 🤖 [MS3-PKG] [DEBUG] 🤖 [MS3-PKG] [DEBUG] 🤖 [MS3-PKG] [DEBUG] 🤖 [MS3-PKG] [DEBUG] 🤖 [MS3-PKG] [DEBUG] 🤖 [MS3-PKG] [DEBUG] 🤖 [MS3-PKG] [DEBUG] 🤖 [MS3-PKG] [DEBUG] 🤖 [MS3-PKG] [DEBUG] 📊 [analyzeJoiSchema] Field web3authConfig: type=object, required=true, message=&quot;Web3Auth configuration object&quot;
🤖 [MS3-PKG] [DEBUG] 🤖 [MS3-PKG] [DEBUG] 🤖 [MS3-PKG] [DEBUG] 🤖 [MS3-PKG] [DEBUG] 🤖 [MS3-PKG] [DEBUG] 🤖 [MS3-PKG] [DEBUG] 🤖 [MS3-PKG] [DEBUG] 🤖 [MS3-PKG] [DEBUG] 🤖 [MS3-PKG] [DEBUG] 🤖 [MS3-PKG] [DEBUG] 🤖 [MS3-PKG] [DEBUG] 🤖 [MS3-PKG] [DEBUG] 🤖 [MS3-PKG] [DEBUG] 🤖 [MS3-PKG] [DEBUG] 🔄 [analyzeJoiSchema] Recursing into nested object: web3authConfig
🤖 [MS3-PKG] [DEBUG] 🤖 [MS3-PKG] [DEBUG] 🤖 [MS3-PKG] [DEBUG] 🤖 [MS3-PKG] [DEBUG] 🤖 [MS3-PKG] [DEBUG] 🤖 [MS3-PKG] [DEBUG] 🤖 [MS3-PKG] [DEBUG] 🤖 [MS3-PKG] [DEBUG] 🤖 [MS3-PKG] [DEBUG] 🤖 [MS3-PKG] [DEBUG] 🤖 [MS3-PKG] [DEBUG] 🤖 [MS3-PKG] [DEBUG] 🤖 [MS3-PKG] [DEBUG] 🤖 [MS3-PKG] [DEBUG] 🔑 [analyzeJoiSchema] Processing field: multiChainRpcs
🤖 [MS3-PKG] [DEBUG] 🤖 [MS3-PKG] [DEBUG] 🤖 [MS3-PKG] [DEBUG] 🤖 [MS3-PKG] [DEBUG] 🤖 [MS3-PKG] [DEBUG] 🤖 [MS3-PKG] [DEBUG] 🤖 [MS3-PKG] [DEBUG] 🤖 [MS3-PKG] [DEBUG] 🤖 [MS3-PKG] [DEBUG] 🤖 [MS3-PKG] [DEBUG] 🤖 [MS3-PKG] [DEBUG] 🤖 [MS3-PKG] [DEBUG] 🤖 [MS3-PKG] [DEBUG] 🤖 [MS3-PKG] [DEBUG] 📝 [analyzeJoiSchema] Field description: {
  type: [32m&apos;object&apos;[39m,
  flags: {
    presence: [32m&apos;optional&apos;[39m,
    description: [32m&apos;Multi-chain RPC configuration - maps chain IDs to RPC URL arrays&apos;[39m
  },
  patterns: [ { schema: [36m[Object][39m, rule: [36m[Object][39m } ]
}
🤖 [MS3-PKG] [DEBUG] 🤖 [MS3-PKG] [DEBUG] 🤖 [MS3-PKG] [DEBUG] 🤖 [MS3-PKG] [DEBUG] 🤖 [MS3-PKG] [DEBUG] 🤖 [MS3-PKG] [DEBUG] 🤖 [MS3-PKG] [DEBUG] 🤖 [MS3-PKG] [DEBUG] 🤖 [MS3-PKG] [DEBUG] 🤖 [MS3-PKG] [DEBUG] 🤖 [MS3-PKG] [DEBUG] 🤖 [MS3-PKG] [DEBUG] 🤖 [MS3-PKG] [DEBUG] 🤖 [MS3-PKG] [DEBUG] 📊 [analyzeJoiSchema] Field multiChainRpcs: type=object, required=false, message=&quot;Multi-chain RPC configuration - maps chain IDs to RPC URL arrays&quot;
🤖 [MS3-PKG] [INFO] 🤖 [MS3-PKG] [INFO] 🤖 [MS3-PKG] [INFO] 🤖 [MS3-PKG] [INFO] 🤖 [MS3-PKG] [INFO] 🤖 [MS3-PKG] [INFO] 🤖 [MS3-PKG] [INFO] 🤖 [MS3-PKG] [INFO] 🤖 [MS3-PKG] [INFO] 🤖 [MS3-PKG] [INFO] 🤖 [MS3-PKG] [INFO] 🤖 [MS3-PKG] [INFO] 🤖 [MS3-PKG] [INFO] 🤖 [MS3-PKG] [INFO] 📊 [analyzeJoiSchema] Generated 14 requirements for options
🤖 [MS3-PKG] [DEBUG] 🤖 [MS3-PKG] [DEBUG] 🤖 [MS3-PKG] [DEBUG] 🤖 [MS3-PKG] [DEBUG] 🤖 [MS3-PKG] [DEBUG] 🤖 [MS3-PKG] [DEBUG] 🤖 [MS3-PKG] [DEBUG] 🤖 [MS3-PKG] [DEBUG] 🤖 [MS3-PKG] [DEBUG] 🤖 [MS3-PKG] [DEBUG] 🤖 [MS3-PKG] [DEBUG] 🤖 [MS3-PKG] [DEBUG] 🤖 [MS3-PKG] [DEBUG] 🤖 [MS3-PKG] [DEBUG] 🔍 [getRequirements] Starting analysis for bulk-test-34
🤖 [MS3-PKG] [DEBUG] 🤖 [MS3-PKG] [DEBUG] 🤖 [MS3-PKG] [DEBUG] 🤖 [MS3-PKG] [DEBUG] 🤖 [MS3-PKG] [DEBUG] 🤖 [MS3-PKG] [DEBUG] 🤖 [MS3-PKG] [DEBUG] 🤖 [MS3-PKG] [DEBUG] 🤖 [MS3-PKG] [DEBUG] 🤖 [MS3-PKG] [DEBUG] 🤖 [MS3-PKG] [DEBUG] 🤖 [MS3-PKG] [DEBUG] 🤖 [MS3-PKG] [DEBUG] 🤖 [MS3-PKG] [DEBUG] 🔬 [analyzeJoiSchema] Analyzing schema at path: options
🤖 [MS3-PKG] [DEBUG] 🤖 [MS3-PKG] [DEBUG] 🤖 [MS3-PKG] [DEBUG] 🤖 [MS3-PKG] [DEBUG] 🤖 [MS3-PKG] [DEBUG] 🤖 [MS3-PKG] [DEBUG] 🤖 [MS3-PKG] [DEBUG] 🤖 [MS3-PKG] [DEBUG] 🤖 [MS3-PKG] [DEBUG] 🤖 [MS3-PKG] [DEBUG] 🤖 [MS3-PKG] [DEBUG] 🤖 [MS3-PKG] [DEBUG] 🤖 [MS3-PKG] [DEBUG] 🤖 [MS3-PKG] [DEBUG] 📋 [analyzeJoiSchema] Schema description type: object
🤖 [MS3-PKG] [DEBUG] 🤖 [MS3-PKG] [DEBUG] 🤖 [MS3-PKG] [DEBUG] 🤖 [MS3-PKG] [DEBUG] 🤖 [MS3-PKG] [DEBUG] 🤖 [MS3-PKG] [DEBUG] 🤖 [MS3-PKG] [DEBUG] 🤖 [MS3-PKG] [DEBUG] 🤖 [MS3-PKG] [DEBUG] 🤖 [MS3-PKG] [DEBUG] 🤖 [MS3-PKG] [DEBUG] 🤖 [MS3-PKG] [DEBUG] 🤖 [MS3-PKG] [DEBUG] 🤖 [MS3-PKG] [DEBUG] 📋 [analyzeJoiSchema] Schema keys: [ [32m&apos;privateKey&apos;[39m, [32m&apos;provider&apos;[39m, [32m&apos;multiChainRpcs&apos;[39m ]
🤖 [MS3-PKG] [DEBUG] 🤖 [MS3-PKG] [DEBUG] 🤖 [MS3-PKG] [DEBUG] 🤖 [MS3-PKG] [DEBUG] 🤖 [MS3-PKG] [DEBUG] 🤖 [MS3-PKG] [DEBUG] 🤖 [MS3-PKG] [DEBUG] 🤖 [MS3-PKG] [DEBUG] 🤖 [MS3-PKG] [DEBUG] 🤖 [MS3-PKG] [DEBUG] 🤖 [MS3-PKG] [DEBUG] 🤖 [MS3-PKG] [DEBUG] 🤖 [MS3-PKG] [DEBUG] 🤖 [MS3-PKG] [DEBUG] ✅ [analyzeJoiSchema] Processing object schema with 3 keys
🤖 [MS3-PKG] [DEBUG] 🤖 [MS3-PKG] [DEBUG] 🤖 [MS3-PKG] [DEBUG] 🤖 [MS3-PKG] [DEBUG] 🤖 [MS3-PKG] [DEBUG] 🤖 [MS3-PKG] [DEBUG] 🤖 [MS3-PKG] [DEBUG] 🤖 [MS3-PKG] [DEBUG] 🤖 [MS3-PKG] [DEBUG] 🤖 [MS3-PKG] [DEBUG] 🤖 [MS3-PKG] [DEBUG] 🤖 [MS3-PKG] [DEBUG] 🤖 [MS3-PKG] [DEBUG] 🤖 [MS3-PKG] [DEBUG] 🔑 [analyzeJoiSchema] Processing field: privateKey
🤖 [MS3-PKG] [DEBUG] 🤖 [MS3-PKG] [DEBUG] 🤖 [MS3-PKG] [DEBUG] 🤖 [MS3-PKG] [DEBUG] 🤖 [MS3-PKG] [DEBUG] 🤖 [MS3-PKG] [DEBUG] 🤖 [MS3-PKG] [DEBUG] 🤖 [MS3-PKG] [DEBUG] 🤖 [MS3-PKG] [DEBUG] 🤖 [MS3-PKG] [DEBUG] 🤖 [MS3-PKG] [DEBUG] 🤖 [MS3-PKG] [DEBUG] 🤖 [MS3-PKG] [DEBUG] 🤖 [MS3-PKG] [DEBUG] 📝 [analyzeJoiSchema] Field description: {
  type: [32m&apos;string&apos;[39m,
  flags: {
    presence: [32m&apos;required&apos;[39m,
    description: [32m&apos;Private key for wallet (generates random if not provided)&apos;[39m
  },
  rules: [ { name: [32m&apos;pattern&apos;[39m, args: [36m[Object][39m } ]
}
🤖 [MS3-PKG] [DEBUG] 🤖 [MS3-PKG] [DEBUG] 🤖 [MS3-PKG] [DEBUG] 🤖 [MS3-PKG] [DEBUG] 🤖 [MS3-PKG] [DEBUG] 🤖 [MS3-PKG] [DEBUG] 🤖 [MS3-PKG] [DEBUG] 🤖 [MS3-PKG] [DEBUG] 🤖 [MS3-PKG] [DEBUG] 🤖 [MS3-PKG] [DEBUG] 🤖 [MS3-PKG] [DEBUG] 🤖 [MS3-PKG] [DEBUG] 🤖 [MS3-PKG] [DEBUG] 🤖 [MS3-PKG] [DEBUG] 📊 [analyzeJoiSchema] Field privateKey: type=string, required=true, message=&quot;Private key for wallet (generates random if not provided)&quot;
🤖 [MS3-PKG] [DEBUG] 🤖 [MS3-PKG] [DEBUG] 🤖 [MS3-PKG] [DEBUG] 🤖 [MS3-PKG] [DEBUG] 🤖 [MS3-PKG] [DEBUG] 🤖 [MS3-PKG] [DEBUG] 🤖 [MS3-PKG] [DEBUG] 🤖 [MS3-PKG] [DEBUG] 🤖 [MS3-PKG] [DEBUG] 🤖 [MS3-PKG] [DEBUG] 🤖 [MS3-PKG] [DEBUG] 🤖 [MS3-PKG] [DEBUG] 🤖 [MS3-PKG] [DEBUG] 🤖 [MS3-PKG] [DEBUG] 🔑 [analyzeJoiSchema] Processing field: provider
🤖 [MS3-PKG] [DEBUG] 🤖 [MS3-PKG] [DEBUG] 🤖 [MS3-PKG] [DEBUG] 🤖 [MS3-PKG] [DEBUG] 🤖 [MS3-PKG] [DEBUG] 🤖 [MS3-PKG] [DEBUG] 🤖 [MS3-PKG] [DEBUG] 🤖 [MS3-PKG] [DEBUG] 🤖 [MS3-PKG] [DEBUG] 🤖 [MS3-PKG] [DEBUG] 🤖 [MS3-PKG] [DEBUG] 🤖 [MS3-PKG] [DEBUG] 🤖 [MS3-PKG] [DEBUG] 🤖 [MS3-PKG] [DEBUG] 📝 [analyzeJoiSchema] Field description: {
  type: [32m&apos;object&apos;[39m,
  flags: {
    presence: [32m&apos;optional&apos;[39m,
    description: [32m&apos;Optional provider configuration&apos;[39m
  },
  keys: {
    name: { type: [32m&apos;string&apos;[39m, flags: [36m[Object][39m },
    chainId: { type: [32m&apos;string&apos;[39m, flags: [36m[Object][39m, rules: [36m[Array][39m },
    rpcUrls: { type: [32m&apos;array&apos;[39m, flags: [36m[Object][39m, rules: [36m[Array][39m, items: [36m[Array][39m },
    displayName: { type: [32m&apos;string&apos;[39m, flags: [36m[Object][39m }
  }
}
🤖 [MS3-PKG] [DEBUG] 🤖 [MS3-PKG] [DEBUG] 🤖 [MS3-PKG] [DEBUG] 🤖 [MS3-PKG] [DEBUG] 🤖 [MS3-PKG] [DEBUG] 🤖 [MS3-PKG] [DEBUG] 🤖 [MS3-PKG] [DEBUG] 🤖 [MS3-PKG] [DEBUG] 🤖 [MS3-PKG] [DEBUG] 🤖 [MS3-PKG] [DEBUG] 🤖 [MS3-PKG] [DEBUG] 🤖 [MS3-PKG] [DEBUG] 🤖 [MS3-PKG] [DEBUG] 🤖 [MS3-PKG] [DEBUG] 📊 [analyzeJoiSchema] Field provider: type=object, required=false, message=&quot;Optional provider configuration&quot;
🤖 [MS3-PKG] [DEBUG] 🤖 [MS3-PKG] [DEBUG] 🤖 [MS3-PKG] [DEBUG] 🤖 [MS3-PKG] [DEBUG] 🤖 [MS3-PKG] [DEBUG] 🤖 [MS3-PKG] [DEBUG] 🤖 [MS3-PKG] [DEBUG] 🤖 [MS3-PKG] [DEBUG] 🤖 [MS3-PKG] [DEBUG] 🤖 [MS3-PKG] [DEBUG] 🤖 [MS3-PKG] [DEBUG] 🤖 [MS3-PKG] [DEBUG] 🤖 [MS3-PKG] [DEBUG] 🤖 [MS3-PKG] [DEBUG] 🔄 [analyzeJoiSchema] Recursing into nested object: provider
🤖 [MS3-PKG] [DEBUG] 🤖 [MS3-PKG] [DEBUG] 🤖 [MS3-PKG] [DEBUG] 🤖 [MS3-PKG] [DEBUG] 🤖 [MS3-PKG] [DEBUG] 🤖 [MS3-PKG] [DEBUG] 🤖 [MS3-PKG] [DEBUG] 🤖 [MS3-PKG] [DEBUG] 🤖 [MS3-PKG] [DEBUG] 🤖 [MS3-PKG] [DEBUG] 🤖 [MS3-PKG] [DEBUG] 🤖 [MS3-PKG] [DEBUG] 🤖 [MS3-PKG] [DEBUG] 🤖 [MS3-PKG] [DEBUG] 🔑 [analyzeJoiSchema] Processing field: multiChainRpcs
🤖 [MS3-PKG] [DEBUG] 🤖 [MS3-PKG] [DEBUG] 🤖 [MS3-PKG] [DEBUG] 🤖 [MS3-PKG] [DEBUG] 🤖 [MS3-PKG] [DEBUG] 🤖 [MS3-PKG] [DEBUG] 🤖 [MS3-PKG] [DEBUG] 🤖 [MS3-PKG] [DEBUG] 🤖 [MS3-PKG] [DEBUG] 🤖 [MS3-PKG] [DEBUG] 🤖 [MS3-PKG] [DEBUG] 🤖 [MS3-PKG] [DEBUG] 🤖 [MS3-PKG] [DEBUG] 🤖 [MS3-PKG] [DEBUG] 📝 [analyzeJoiSchema] Field description: {
  type: [32m&apos;object&apos;[39m,
  flags: {
    presence: [32m&apos;optional&apos;[39m,
    description: [32m&apos;Multi-chain RPC configuration - maps chain IDs to RPC URL arrays&apos;[39m
  },
  patterns: [ { schema: [36m[Object][39m, rule: [36m[Object][39m } ]
}
🤖 [MS3-PKG] [DEBUG] 🤖 [MS3-PKG] [DEBUG] 🤖 [MS3-PKG] [DEBUG] 🤖 [MS3-PKG] [DEBUG] 🤖 [MS3-PKG] [DEBUG] 🤖 [MS3-PKG] [DEBUG] 🤖 [MS3-PKG] [DEBUG] 🤖 [MS3-PKG] [DEBUG] 🤖 [MS3-PKG] [DEBUG] 🤖 [MS3-PKG] [DEBUG] 🤖 [MS3-PKG] [DEBUG] 🤖 [MS3-PKG] [DEBUG] 🤖 [MS3-PKG] [DEBUG] 🤖 [MS3-PKG] [DEBUG] 📊 [analyzeJoiSchema] Field multiChainRpcs: type=object, required=false, message=&quot;Multi-chain RPC configuration - maps chain IDs to RPC URL arrays&quot;
🤖 [MS3-PKG] [INFO] 🤖 [MS3-PKG] [INFO] 🤖 [MS3-PKG] [INFO] 🤖 [MS3-PKG] [INFO] 🤖 [MS3-PKG] [INFO] 🤖 [MS3-PKG] [INFO] 🤖 [MS3-PKG] [INFO] 🤖 [MS3-PKG] [INFO] 🤖 [MS3-PKG] [INFO] 🤖 [MS3-PKG] [INFO] 🤖 [MS3-PKG] [INFO] 🤖 [MS3-PKG] [INFO] 🤖 [MS3-PKG] [INFO] 🤖 [MS3-PKG] [INFO] 📊 [analyzeJoiSchema] Generated 7 requirements for options
🤖 [MS3-PKG] [DEBUG] 🤖 [MS3-PKG] [DEBUG] 🤖 [MS3-PKG] [DEBUG] 🤖 [MS3-PKG] [DEBUG] 🤖 [MS3-PKG] [DEBUG] 🤖 [MS3-PKG] [DEBUG] 🤖 [MS3-PKG] [DEBUG] 🤖 [MS3-PKG] [DEBUG] 🤖 [MS3-PKG] [DEBUG] 🤖 [MS3-PKG] [DEBUG] 🤖 [MS3-PKG] [DEBUG] 🤖 [MS3-PKG] [DEBUG] 🤖 [MS3-PKG] [DEBUG] 🤖 [MS3-PKG] [DEBUG] 🔍 [getRequirements] Starting analysis for bulk-test-34
🤖 [MS3-PKG] [DEBUG] 🤖 [MS3-PKG] [DEBUG] 🤖 [MS3-PKG] [DEBUG] 🤖 [MS3-PKG] [DEBUG] 🤖 [MS3-PKG] [DEBUG] 🤖 [MS3-PKG] [DEBUG] 🤖 [MS3-PKG] [DEBUG] 🤖 [MS3-PKG] [DEBUG] 🤖 [MS3-PKG] [DEBUG] 🤖 [MS3-PKG] [DEBUG] 🤖 [MS3-PKG] [DEBUG] 🤖 [MS3-PKG] [DEBUG] 🤖 [MS3-PKG] [DEBUG] 🤖 [MS3-PKG] [DEBUG] 🔬 [analyzeJoiSchema] Analyzing schema at path: options
🤖 [MS3-PKG] [DEBUG] 🤖 [MS3-PKG] [DEBUG] 🤖 [MS3-PKG] [DEBUG] 🤖 [MS3-PKG] [DEBUG] 🤖 [MS3-PKG] [DEBUG] 🤖 [MS3-PKG] [DEBUG] 🤖 [MS3-PKG] [DEBUG] 🤖 [MS3-PKG] [DEBUG] 🤖 [MS3-PKG] [DEBUG] 🤖 [MS3-PKG] [DEBUG] 🤖 [MS3-PKG] [DEBUG] 🤖 [MS3-PKG] [DEBUG] 🤖 [MS3-PKG] [DEBUG] 🤖 [MS3-PKG] [DEBUG] 📋 [analyzeJoiSchema] Schema description type: object
🤖 [MS3-PKG] [DEBUG] 🤖 [MS3-PKG] [DEBUG] 🤖 [MS3-PKG] [DEBUG] 🤖 [MS3-PKG] [DEBUG] 🤖 [MS3-PKG] [DEBUG] 🤖 [MS3-PKG] [DEBUG] 🤖 [MS3-PKG] [DEBUG] 🤖 [MS3-PKG] [DEBUG] 🤖 [MS3-PKG] [DEBUG] 🤖 [MS3-PKG] [DEBUG] 🤖 [MS3-PKG] [DEBUG] 🤖 [MS3-PKG] [DEBUG] 🤖 [MS3-PKG] [DEBUG] 🤖 [MS3-PKG] [DEBUG] 📋 [analyzeJoiSchema] Schema keys: [ [32m&apos;web3authConfig&apos;[39m, [32m&apos;multiChainRpcs&apos;[39m ]
🤖 [MS3-PKG] [DEBUG] 🤖 [MS3-PKG] [DEBUG] 🤖 [MS3-PKG] [DEBUG] 🤖 [MS3-PKG] [DEBUG] 🤖 [MS3-PKG] [DEBUG] 🤖 [MS3-PKG] [DEBUG] 🤖 [MS3-PKG] [DEBUG] 🤖 [MS3-PKG] [DEBUG] 🤖 [MS3-PKG] [DEBUG] 🤖 [MS3-PKG] [DEBUG] 🤖 [MS3-PKG] [DEBUG] 🤖 [MS3-PKG] [DEBUG] 🤖 [MS3-PKG] [DEBUG] 🤖 [MS3-PKG] [DEBUG] ✅ [analyzeJoiSchema] Processing object schema with 2 keys
🤖 [MS3-PKG] [DEBUG] 🤖 [MS3-PKG] [DEBUG] 🤖 [MS3-PKG] [DEBUG] 🤖 [MS3-PKG] [DEBUG] 🤖 [MS3-PKG] [DEBUG] 🤖 [MS3-PKG] [DEBUG] 🤖 [MS3-PKG] [DEBUG] 🤖 [MS3-PKG] [DEBUG] 🤖 [MS3-PKG] [DEBUG] 🤖 [MS3-PKG] [DEBUG] 🤖 [MS3-PKG] [DEBUG] 🤖 [MS3-PKG] [DEBUG] 🤖 [MS3-PKG] [DEBUG] 🤖 [MS3-PKG] [DEBUG] 🔑 [analyzeJoiSchema] Processing field: web3authConfig
🤖 [MS3-PKG] [DEBUG] 🤖 [MS3-PKG] [DEBUG] 🤖 [MS3-PKG] [DEBUG] 🤖 [MS3-PKG] [DEBUG] 🤖 [MS3-PKG] [DEBUG] 🤖 [MS3-PKG] [DEBUG] 🤖 [MS3-PKG] [DEBUG] 🤖 [MS3-PKG] [DEBUG] 🤖 [MS3-PKG] [DEBUG] 🤖 [MS3-PKG] [DEBUG] 🤖 [MS3-PKG] [DEBUG] 🤖 [MS3-PKG] [DEBUG] 🤖 [MS3-PKG] [DEBUG] 🤖 [MS3-PKG] [DEBUG] 📝 [analyzeJoiSchema] Field description: {
  type: [32m&apos;object&apos;[39m,
  flags: {
    presence: [32m&apos;required&apos;[39m,
    description: [32m&apos;Web3Auth configuration object&apos;[39m
  },
  keys: {
    clientId: { type: [32m&apos;string&apos;[39m, flags: [36m[Object][39m },
    web3AuthNetwork: { type: [32m&apos;string&apos;[39m, flags: [36m[Object][39m, allow: [36m[Array][39m },
    chainConfig: { type: [32m&apos;object&apos;[39m, flags: [36m[Object][39m, keys: [36m[Object][39m },
    loginConfig: { type: [32m&apos;object&apos;[39m, flags: [36m[Object][39m },
    privateKeyProvider: { type: [32m&apos;any&apos;[39m, flags: [36m[Object][39m }
  }
}
🤖 [MS3-PKG] [DEBUG] 🤖 [MS3-PKG] [DEBUG] 🤖 [MS3-PKG] [DEBUG] 🤖 [MS3-PKG] [DEBUG] 🤖 [MS3-PKG] [DEBUG] 🤖 [MS3-PKG] [DEBUG] 🤖 [MS3-PKG] [DEBUG] 🤖 [MS3-PKG] [DEBUG] 🤖 [MS3-PKG] [DEBUG] 🤖 [MS3-PKG] [DEBUG] 🤖 [MS3-PKG] [DEBUG] 🤖 [MS3-PKG] [DEBUG] 🤖 [MS3-PKG] [DEBUG] 🤖 [MS3-PKG] [DEBUG] 📊 [analyzeJoiSchema] Field web3authConfig: type=object, required=true, message=&quot;Web3Auth configuration object&quot;
🤖 [MS3-PKG] [DEBUG] 🤖 [MS3-PKG] [DEBUG] 🤖 [MS3-PKG] [DEBUG] 🤖 [MS3-PKG] [DEBUG] 🤖 [MS3-PKG] [DEBUG] 🤖 [MS3-PKG] [DEBUG] 🤖 [MS3-PKG] [DEBUG] 🤖 [MS3-PKG] [DEBUG] 🤖 [MS3-PKG] [DEBUG] 🤖 [MS3-PKG] [DEBUG] 🤖 [MS3-PKG] [DEBUG] 🤖 [MS3-PKG] [DEBUG] 🤖 [MS3-PKG] [DEBUG] 🤖 [MS3-PKG] [DEBUG] 🔄 [analyzeJoiSchema] Recursing into nested object: web3authConfig
🤖 [MS3-PKG] [DEBUG] 🤖 [MS3-PKG] [DEBUG] 🤖 [MS3-PKG] [DEBUG] 🤖 [MS3-PKG] [DEBUG] 🤖 [MS3-PKG] [DEBUG] 🤖 [MS3-PKG] [DEBUG] 🤖 [MS3-PKG] [DEBUG] 🤖 [MS3-PKG] [DEBUG] 🤖 [MS3-PKG] [DEBUG] 🤖 [MS3-PKG] [DEBUG] 🤖 [MS3-PKG] [DEBUG] 🤖 [MS3-PKG] [DEBUG] 🤖 [MS3-PKG] [DEBUG] 🤖 [MS3-PKG] [DEBUG] 🔑 [analyzeJoiSchema] Processing field: multiChainRpcs
🤖 [MS3-PKG] [DEBUG] 🤖 [MS3-PKG] [DEBUG] 🤖 [MS3-PKG] [DEBUG] 🤖 [MS3-PKG] [DEBUG] 🤖 [MS3-PKG] [DEBUG] 🤖 [MS3-PKG] [DEBUG] 🤖 [MS3-PKG] [DEBUG] 🤖 [MS3-PKG] [DEBUG] 🤖 [MS3-PKG] [DEBUG] 🤖 [MS3-PKG] [DEBUG] 🤖 [MS3-PKG] [DEBUG] 🤖 [MS3-PKG] [DEBUG] 🤖 [MS3-PKG] [DEBUG] 🤖 [MS3-PKG] [DEBUG] 📝 [analyzeJoiSchema] Field description: {
  type: [32m&apos;object&apos;[39m,
  flags: {
    presence: [32m&apos;optional&apos;[39m,
    description: [32m&apos;Multi-chain RPC configuration - maps chain IDs to RPC URL arrays&apos;[39m
  },
  patterns: [ { schema: [36m[Object][39m, rule: [36m[Object][39m } ]
}
🤖 [MS3-PKG] [DEBUG] 🤖 [MS3-PKG] [DEBUG] 🤖 [MS3-PKG] [DEBUG] 🤖 [MS3-PKG] [DEBUG] 🤖 [MS3-PKG] [DEBUG] 🤖 [MS3-PKG] [DEBUG] 🤖 [MS3-PKG] [DEBUG] 🤖 [MS3-PKG] [DEBUG] 🤖 [MS3-PKG] [DEBUG] 🤖 [MS3-PKG] [DEBUG] 🤖 [MS3-PKG] [DEBUG] 🤖 [MS3-PKG] [DEBUG] 🤖 [MS3-PKG] [DEBUG] 🤖 [MS3-PKG] [DEBUG] 📊 [analyzeJoiSchema] Field multiChainRpcs: type=object, required=false, message=&quot;Multi-chain RPC configuration - maps chain IDs to RPC URL arrays&quot;
🤖 [MS3-PKG] [INFO] 🤖 [MS3-PKG] [INFO] 🤖 [MS3-PKG] [INFO] 🤖 [MS3-PKG] [INFO] 🤖 [MS3-PKG] [INFO] 🤖 [MS3-PKG] [INFO] 🤖 [MS3-PKG] [INFO] 🤖 [MS3-PKG] [INFO] 🤖 [MS3-PKG] [INFO] 🤖 [MS3-PKG] [INFO] 🤖 [MS3-PKG] [INFO] 🤖 [MS3-PKG] [INFO] 🤖 [MS3-PKG] [INFO] 🤖 [MS3-PKG] [INFO] 📊 [analyzeJoiSchema] Generated 14 requirements for options
🤖 [MS3-PKG] [DEBUG] 🤖 [MS3-PKG] [DEBUG] 🤖 [MS3-PKG] [DEBUG] 🤖 [MS3-PKG] [DEBUG] 🤖 [MS3-PKG] [DEBUG] 🤖 [MS3-PKG] [DEBUG] 🤖 [MS3-PKG] [DEBUG] 🤖 [MS3-PKG] [DEBUG] 🤖 [MS3-PKG] [DEBUG] 🤖 [MS3-PKG] [DEBUG] 🤖 [MS3-PKG] [DEBUG] 🤖 [MS3-PKG] [DEBUG] 🤖 [MS3-PKG] [DEBUG] 🤖 [MS3-PKG] [DEBUG] 🔍 [getRequirements] Starting analysis for bulk-test-35
🤖 [MS3-PKG] [DEBUG] 🤖 [MS3-PKG] [DEBUG] 🤖 [MS3-PKG] [DEBUG] 🤖 [MS3-PKG] [DEBUG] 🤖 [MS3-PKG] [DEBUG] 🤖 [MS3-PKG] [DEBUG] 🤖 [MS3-PKG] [DEBUG] 🤖 [MS3-PKG] [DEBUG] 🤖 [MS3-PKG] [DEBUG] 🤖 [MS3-PKG] [DEBUG] 🤖 [MS3-PKG] [DEBUG] 🤖 [MS3-PKG] [DEBUG] 🤖 [MS3-PKG] [DEBUG] 🤖 [MS3-PKG] [DEBUG] 🔬 [analyzeJoiSchema] Analyzing schema at path: options
🤖 [MS3-PKG] [DEBUG] 🤖 [MS3-PKG] [DEBUG] 🤖 [MS3-PKG] [DEBUG] 🤖 [MS3-PKG] [DEBUG] 🤖 [MS3-PKG] [DEBUG] 🤖 [MS3-PKG] [DEBUG] 🤖 [MS3-PKG] [DEBUG] 🤖 [MS3-PKG] [DEBUG] 🤖 [MS3-PKG] [DEBUG] 🤖 [MS3-PKG] [DEBUG] 🤖 [MS3-PKG] [DEBUG] 🤖 [MS3-PKG] [DEBUG] 🤖 [MS3-PKG] [DEBUG] 🤖 [MS3-PKG] [DEBUG] 📋 [analyzeJoiSchema] Schema description type: object
🤖 [MS3-PKG] [DEBUG] 🤖 [MS3-PKG] [DEBUG] 🤖 [MS3-PKG] [DEBUG] 🤖 [MS3-PKG] [DEBUG] 🤖 [MS3-PKG] [DEBUG] 🤖 [MS3-PKG] [DEBUG] 🤖 [MS3-PKG] [DEBUG] 🤖 [MS3-PKG] [DEBUG] 🤖 [MS3-PKG] [DEBUG] 🤖 [MS3-PKG] [DEBUG] 🤖 [MS3-PKG] [DEBUG] 🤖 [MS3-PKG] [DEBUG] 🤖 [MS3-PKG] [DEBUG] 🤖 [MS3-PKG] [DEBUG] 📋 [analyzeJoiSchema] Schema keys: [ [32m&apos;privateKey&apos;[39m, [32m&apos;provider&apos;[39m, [32m&apos;multiChainRpcs&apos;[39m ]
🤖 [MS3-PKG] [DEBUG] 🤖 [MS3-PKG] [DEBUG] 🤖 [MS3-PKG] [DEBUG] 🤖 [MS3-PKG] [DEBUG] 🤖 [MS3-PKG] [DEBUG] 🤖 [MS3-PKG] [DEBUG] 🤖 [MS3-PKG] [DEBUG] 🤖 [MS3-PKG] [DEBUG] 🤖 [MS3-PKG] [DEBUG] 🤖 [MS3-PKG] [DEBUG] 🤖 [MS3-PKG] [DEBUG] 🤖 [MS3-PKG] [DEBUG] 🤖 [MS3-PKG] [DEBUG] 🤖 [MS3-PKG] [DEBUG] ✅ [analyzeJoiSchema] Processing object schema with 3 keys
🤖 [MS3-PKG] [DEBUG] 🤖 [MS3-PKG] [DEBUG] 🤖 [MS3-PKG] [DEBUG] 🤖 [MS3-PKG] [DEBUG] 🤖 [MS3-PKG] [DEBUG] 🤖 [MS3-PKG] [DEBUG] 🤖 [MS3-PKG] [DEBUG] 🤖 [MS3-PKG] [DEBUG] 🤖 [MS3-PKG] [DEBUG] 🤖 [MS3-PKG] [DEBUG] 🤖 [MS3-PKG] [DEBUG] 🤖 [MS3-PKG] [DEBUG] 🤖 [MS3-PKG] [DEBUG] 🤖 [MS3-PKG] [DEBUG] 🔑 [analyzeJoiSchema] Processing field: privateKey
🤖 [MS3-PKG] [DEBUG] 🤖 [MS3-PKG] [DEBUG] 🤖 [MS3-PKG] [DEBUG] 🤖 [MS3-PKG] [DEBUG] 🤖 [MS3-PKG] [DEBUG] 🤖 [MS3-PKG] [DEBUG] 🤖 [MS3-PKG] [DEBUG] 🤖 [MS3-PKG] [DEBUG] 🤖 [MS3-PKG] [DEBUG] 🤖 [MS3-PKG] [DEBUG] 🤖 [MS3-PKG] [DEBUG] 🤖 [MS3-PKG] [DEBUG] 🤖 [MS3-PKG] [DEBUG] 🤖 [MS3-PKG] [DEBUG] 📝 [analyzeJoiSchema] Field description: {
  type: [32m&apos;string&apos;[39m,
  flags: {
    presence: [32m&apos;required&apos;[39m,
    description: [32m&apos;Private key for wallet (generates random if not provided)&apos;[39m
  },
  rules: [ { name: [32m&apos;pattern&apos;[39m, args: [36m[Object][39m } ]
}
🤖 [MS3-PKG] [DEBUG] 🤖 [MS3-PKG] [DEBUG] 🤖 [MS3-PKG] [DEBUG] 🤖 [MS3-PKG] [DEBUG] 🤖 [MS3-PKG] [DEBUG] 🤖 [MS3-PKG] [DEBUG] 🤖 [MS3-PKG] [DEBUG] 🤖 [MS3-PKG] [DEBUG] 🤖 [MS3-PKG] [DEBUG] 🤖 [MS3-PKG] [DEBUG] 🤖 [MS3-PKG] [DEBUG] 🤖 [MS3-PKG] [DEBUG] 🤖 [MS3-PKG] [DEBUG] 🤖 [MS3-PKG] [DEBUG] 📊 [analyzeJoiSchema] Field privateKey: type=string, required=true, message=&quot;Private key for wallet (generates random if not provided)&quot;
🤖 [MS3-PKG] [DEBUG] 🤖 [MS3-PKG] [DEBUG] 🤖 [MS3-PKG] [DEBUG] 🤖 [MS3-PKG] [DEBUG] 🤖 [MS3-PKG] [DEBUG] 🤖 [MS3-PKG] [DEBUG] 🤖 [MS3-PKG] [DEBUG] 🤖 [MS3-PKG] [DEBUG] 🤖 [MS3-PKG] [DEBUG] 🤖 [MS3-PKG] [DEBUG] 🤖 [MS3-PKG] [DEBUG] 🤖 [MS3-PKG] [DEBUG] 🤖 [MS3-PKG] [DEBUG] 🤖 [MS3-PKG] [DEBUG] 🔑 [analyzeJoiSchema] Processing field: provider
🤖 [MS3-PKG] [DEBUG] 🤖 [MS3-PKG] [DEBUG] 🤖 [MS3-PKG] [DEBUG] 🤖 [MS3-PKG] [DEBUG] 🤖 [MS3-PKG] [DEBUG] 🤖 [MS3-PKG] [DEBUG] 🤖 [MS3-PKG] [DEBUG] 🤖 [MS3-PKG] [DEBUG] 🤖 [MS3-PKG] [DEBUG] 🤖 [MS3-PKG] [DEBUG] 🤖 [MS3-PKG] [DEBUG] 🤖 [MS3-PKG] [DEBUG] 🤖 [MS3-PKG] [DEBUG] 🤖 [MS3-PKG] [DEBUG] 📝 [analyzeJoiSchema] Field description: {
  type: [32m&apos;object&apos;[39m,
  flags: {
    presence: [32m&apos;optional&apos;[39m,
    description: [32m&apos;Optional provider configuration&apos;[39m
  },
  keys: {
    name: { type: [32m&apos;string&apos;[39m, flags: [36m[Object][39m },
    chainId: { type: [32m&apos;string&apos;[39m, flags: [36m[Object][39m, rules: [36m[Array][39m },
    rpcUrls: { type: [32m&apos;array&apos;[39m, flags: [36m[Object][39m, rules: [36m[Array][39m, items: [36m[Array][39m },
    displayName: { type: [32m&apos;string&apos;[39m, flags: [36m[Object][39m }
  }
}
🤖 [MS3-PKG] [DEBUG] 🤖 [MS3-PKG] [DEBUG] 🤖 [MS3-PKG] [DEBUG] 🤖 [MS3-PKG] [DEBUG] 🤖 [MS3-PKG] [DEBUG] 🤖 [MS3-PKG] [DEBUG] 🤖 [MS3-PKG] [DEBUG] 🤖 [MS3-PKG] [DEBUG] 🤖 [MS3-PKG] [DEBUG] 🤖 [MS3-PKG] [DEBUG] 🤖 [MS3-PKG] [DEBUG] 🤖 [MS3-PKG] [DEBUG] 🤖 [MS3-PKG] [DEBUG] 🤖 [MS3-PKG] [DEBUG] 📊 [analyzeJoiSchema] Field provider: type=object, required=false, message=&quot;Optional provider configuration&quot;
🤖 [MS3-PKG] [DEBUG] 🤖 [MS3-PKG] [DEBUG] 🤖 [MS3-PKG] [DEBUG] 🤖 [MS3-PKG] [DEBUG] 🤖 [MS3-PKG] [DEBUG] 🤖 [MS3-PKG] [DEBUG] 🤖 [MS3-PKG] [DEBUG] 🤖 [MS3-PKG] [DEBUG] 🤖 [MS3-PKG] [DEBUG] 🤖 [MS3-PKG] [DEBUG] 🤖 [MS3-PKG] [DEBUG] 🤖 [MS3-PKG] [DEBUG] 🤖 [MS3-PKG] [DEBUG] 🤖 [MS3-PKG] [DEBUG] 🔄 [analyzeJoiSchema] Recursing into nested object: provider
🤖 [MS3-PKG] [DEBUG] 🤖 [MS3-PKG] [DEBUG] 🤖 [MS3-PKG] [DEBUG] 🤖 [MS3-PKG] [DEBUG] 🤖 [MS3-PKG] [DEBUG] 🤖 [MS3-PKG] [DEBUG] 🤖 [MS3-PKG] [DEBUG] 🤖 [MS3-PKG] [DEBUG] 🤖 [MS3-PKG] [DEBUG] 🤖 [MS3-PKG] [DEBUG] 🤖 [MS3-PKG] [DEBUG] 🤖 [MS3-PKG] [DEBUG] 🤖 [MS3-PKG] [DEBUG] 🤖 [MS3-PKG] [DEBUG] 🔑 [analyzeJoiSchema] Processing field: multiChainRpcs
🤖 [MS3-PKG] [DEBUG] 🤖 [MS3-PKG] [DEBUG] 🤖 [MS3-PKG] [DEBUG] 🤖 [MS3-PKG] [DEBUG] 🤖 [MS3-PKG] [DEBUG] 🤖 [MS3-PKG] [DEBUG] 🤖 [MS3-PKG] [DEBUG] 🤖 [MS3-PKG] [DEBUG] 🤖 [MS3-PKG] [DEBUG] 🤖 [MS3-PKG] [DEBUG] 🤖 [MS3-PKG] [DEBUG] 🤖 [MS3-PKG] [DEBUG] 🤖 [MS3-PKG] [DEBUG] 🤖 [MS3-PKG] [DEBUG] 📝 [analyzeJoiSchema] Field description: {
  type: [32m&apos;object&apos;[39m,
  flags: {
    presence: [32m&apos;optional&apos;[39m,
    description: [32m&apos;Multi-chain RPC configuration - maps chain IDs to RPC URL arrays&apos;[39m
  },
  patterns: [ { schema: [36m[Object][39m, rule: [36m[Object][39m } ]
}
🤖 [MS3-PKG] [DEBUG] 🤖 [MS3-PKG] [DEBUG] 🤖 [MS3-PKG] [DEBUG] 🤖 [MS3-PKG] [DEBUG] 🤖 [MS3-PKG] [DEBUG] 🤖 [MS3-PKG] [DEBUG] 🤖 [MS3-PKG] [DEBUG] 🤖 [MS3-PKG] [DEBUG] 🤖 [MS3-PKG] [DEBUG] 🤖 [MS3-PKG] [DEBUG] 🤖 [MS3-PKG] [DEBUG] 🤖 [MS3-PKG] [DEBUG] 🤖 [MS3-PKG] [DEBUG] 🤖 [MS3-PKG] [DEBUG] 📊 [analyzeJoiSchema] Field multiChainRpcs: type=object, required=false, message=&quot;Multi-chain RPC configuration - maps chain IDs to RPC URL arrays&quot;
🤖 [MS3-PKG] [INFO] 🤖 [MS3-PKG] [INFO] 🤖 [MS3-PKG] [INFO] 🤖 [MS3-PKG] [INFO] 🤖 [MS3-PKG] [INFO] 🤖 [MS3-PKG] [INFO] 🤖 [MS3-PKG] [INFO] 🤖 [MS3-PKG] [INFO] 🤖 [MS3-PKG] [INFO] 🤖 [MS3-PKG] [INFO] 🤖 [MS3-PKG] [INFO] 🤖 [MS3-PKG] [INFO] 🤖 [MS3-PKG] [INFO] 🤖 [MS3-PKG] [INFO] 📊 [analyzeJoiSchema] Generated 7 requirements for options
🤖 [MS3-PKG] [DEBUG] 🤖 [MS3-PKG] [DEBUG] 🤖 [MS3-PKG] [DEBUG] 🤖 [MS3-PKG] [DEBUG] 🤖 [MS3-PKG] [DEBUG] 🤖 [MS3-PKG] [DEBUG] 🤖 [MS3-PKG] [DEBUG] 🤖 [MS3-PKG] [DEBUG] 🤖 [MS3-PKG] [DEBUG] 🤖 [MS3-PKG] [DEBUG] 🤖 [MS3-PKG] [DEBUG] 🤖 [MS3-PKG] [DEBUG] 🤖 [MS3-PKG] [DEBUG] 🤖 [MS3-PKG] [DEBUG] 🔍 [getRequirements] Starting analysis for bulk-test-35
🤖 [MS3-PKG] [DEBUG] 🤖 [MS3-PKG] [DEBUG] 🤖 [MS3-PKG] [DEBUG] 🤖 [MS3-PKG] [DEBUG] 🤖 [MS3-PKG] [DEBUG] 🤖 [MS3-PKG] [DEBUG] 🤖 [MS3-PKG] [DEBUG] 🤖 [MS3-PKG] [DEBUG] 🤖 [MS3-PKG] [DEBUG] 🤖 [MS3-PKG] [DEBUG] 🤖 [MS3-PKG] [DEBUG] 🤖 [MS3-PKG] [DEBUG] 🤖 [MS3-PKG] [DEBUG] 🤖 [MS3-PKG] [DEBUG] 🔬 [analyzeJoiSchema] Analyzing schema at path: options
🤖 [MS3-PKG] [DEBUG] 🤖 [MS3-PKG] [DEBUG] 🤖 [MS3-PKG] [DEBUG] 🤖 [MS3-PKG] [DEBUG] 🤖 [MS3-PKG] [DEBUG] 🤖 [MS3-PKG] [DEBUG] 🤖 [MS3-PKG] [DEBUG] 🤖 [MS3-PKG] [DEBUG] 🤖 [MS3-PKG] [DEBUG] 🤖 [MS3-PKG] [DEBUG] 🤖 [MS3-PKG] [DEBUG] 🤖 [MS3-PKG] [DEBUG] 🤖 [MS3-PKG] [DEBUG] 🤖 [MS3-PKG] [DEBUG] 📋 [analyzeJoiSchema] Schema description type: object
🤖 [MS3-PKG] [DEBUG] 🤖 [MS3-PKG] [DEBUG] 🤖 [MS3-PKG] [DEBUG] 🤖 [MS3-PKG] [DEBUG] 🤖 [MS3-PKG] [DEBUG] 🤖 [MS3-PKG] [DEBUG] 🤖 [MS3-PKG] [DEBUG] 🤖 [MS3-PKG] [DEBUG] 🤖 [MS3-PKG] [DEBUG] 🤖 [MS3-PKG] [DEBUG] 🤖 [MS3-PKG] [DEBUG] 🤖 [MS3-PKG] [DEBUG] 🤖 [MS3-PKG] [DEBUG] 🤖 [MS3-PKG] [DEBUG] 📋 [analyzeJoiSchema] Schema keys: [ [32m&apos;web3authConfig&apos;[39m, [32m&apos;multiChainRpcs&apos;[39m ]
🤖 [MS3-PKG] [DEBUG] 🤖 [MS3-PKG] [DEBUG] 🤖 [MS3-PKG] [DEBUG] 🤖 [MS3-PKG] [DEBUG] 🤖 [MS3-PKG] [DEBUG] 🤖 [MS3-PKG] [DEBUG] 🤖 [MS3-PKG] [DEBUG] 🤖 [MS3-PKG] [DEBUG] 🤖 [MS3-PKG] [DEBUG] 🤖 [MS3-PKG] [DEBUG] 🤖 [MS3-PKG] [DEBUG] 🤖 [MS3-PKG] [DEBUG] 🤖 [MS3-PKG] [DEBUG] 🤖 [MS3-PKG] [DEBUG] ✅ [analyzeJoiSchema] Processing object schema with 2 keys
🤖 [MS3-PKG] [DEBUG] 🤖 [MS3-PKG] [DEBUG] 🤖 [MS3-PKG] [DEBUG] 🤖 [MS3-PKG] [DEBUG] 🤖 [MS3-PKG] [DEBUG] 🤖 [MS3-PKG] [DEBUG] 🤖 [MS3-PKG] [DEBUG] 🤖 [MS3-PKG] [DEBUG] 🤖 [MS3-PKG] [DEBUG] 🤖 [MS3-PKG] [DEBUG] 🤖 [MS3-PKG] [DEBUG] 🤖 [MS3-PKG] [DEBUG] 🤖 [MS3-PKG] [DEBUG] 🤖 [MS3-PKG] [DEBUG] 🔑 [analyzeJoiSchema] Processing field: web3authConfig
🤖 [MS3-PKG] [DEBUG] 🤖 [MS3-PKG] [DEBUG] 🤖 [MS3-PKG] [DEBUG] 🤖 [MS3-PKG] [DEBUG] 🤖 [MS3-PKG] [DEBUG] 🤖 [MS3-PKG] [DEBUG] 🤖 [MS3-PKG] [DEBUG] 🤖 [MS3-PKG] [DEBUG] 🤖 [MS3-PKG] [DEBUG] 🤖 [MS3-PKG] [DEBUG] 🤖 [MS3-PKG] [DEBUG] 🤖 [MS3-PKG] [DEBUG] 🤖 [MS3-PKG] [DEBUG] 🤖 [MS3-PKG] [DEBUG] 📝 [analyzeJoiSchema] Field description: {
  type: [32m&apos;object&apos;[39m,
  flags: {
    presence: [32m&apos;required&apos;[39m,
    description: [32m&apos;Web3Auth configuration object&apos;[39m
  },
  keys: {
    clientId: { type: [32m&apos;string&apos;[39m, flags: [36m[Object][39m },
    web3AuthNetwork: { type: [32m&apos;string&apos;[39m, flags: [36m[Object][39m, allow: [36m[Array][39m },
    chainConfig: { type: [32m&apos;object&apos;[39m, flags: [36m[Object][39m, keys: [36m[Object][39m },
    loginConfig: { type: [32m&apos;object&apos;[39m, flags: [36m[Object][39m },
    privateKeyProvider: { type: [32m&apos;any&apos;[39m, flags: [36m[Object][39m }
  }
}
🤖 [MS3-PKG] [DEBUG] 🤖 [MS3-PKG] [DEBUG] 🤖 [MS3-PKG] [DEBUG] 🤖 [MS3-PKG] [DEBUG] 🤖 [MS3-PKG] [DEBUG] 🤖 [MS3-PKG] [DEBUG] 🤖 [MS3-PKG] [DEBUG] 🤖 [MS3-PKG] [DEBUG] 🤖 [MS3-PKG] [DEBUG] 🤖 [MS3-PKG] [DEBUG] 🤖 [MS3-PKG] [DEBUG] 🤖 [MS3-PKG] [DEBUG] 🤖 [MS3-PKG] [DEBUG] 🤖 [MS3-PKG] [DEBUG] 📊 [analyzeJoiSchema] Field web3authConfig: type=object, required=true, message=&quot;Web3Auth configuration object&quot;
🤖 [MS3-PKG] [DEBUG] 🤖 [MS3-PKG] [DEBUG] 🤖 [MS3-PKG] [DEBUG] 🤖 [MS3-PKG] [DEBUG] 🤖 [MS3-PKG] [DEBUG] 🤖 [MS3-PKG] [DEBUG] 🤖 [MS3-PKG] [DEBUG] 🤖 [MS3-PKG] [DEBUG] 🤖 [MS3-PKG] [DEBUG] 🤖 [MS3-PKG] [DEBUG] 🤖 [MS3-PKG] [DEBUG] 🤖 [MS3-PKG] [DEBUG] 🤖 [MS3-PKG] [DEBUG] 🤖 [MS3-PKG] [DEBUG] 🔄 [analyzeJoiSchema] Recursing into nested object: web3authConfig
🤖 [MS3-PKG] [DEBUG] 🤖 [MS3-PKG] [DEBUG] 🤖 [MS3-PKG] [DEBUG] 🤖 [MS3-PKG] [DEBUG] 🤖 [MS3-PKG] [DEBUG] 🤖 [MS3-PKG] [DEBUG] 🤖 [MS3-PKG] [DEBUG] 🤖 [MS3-PKG] [DEBUG] 🤖 [MS3-PKG] [DEBUG] 🤖 [MS3-PKG] [DEBUG] 🤖 [MS3-PKG] [DEBUG] 🤖 [MS3-PKG] [DEBUG] 🤖 [MS3-PKG] [DEBUG] 🤖 [MS3-PKG] [DEBUG] 🔑 [analyzeJoiSchema] Processing field: multiChainRpcs
🤖 [MS3-PKG] [DEBUG] 🤖 [MS3-PKG] [DEBUG] 🤖 [MS3-PKG] [DEBUG] 🤖 [MS3-PKG] [DEBUG] 🤖 [MS3-PKG] [DEBUG] 🤖 [MS3-PKG] [DEBUG] 🤖 [MS3-PKG] [DEBUG] 🤖 [MS3-PKG] [DEBUG] 🤖 [MS3-PKG] [DEBUG] 🤖 [MS3-PKG] [DEBUG] 🤖 [MS3-PKG] [DEBUG] 🤖 [MS3-PKG] [DEBUG] 🤖 [MS3-PKG] [DEBUG] 🤖 [MS3-PKG] [DEBUG] 📝 [analyzeJoiSchema] Field description: {
  type: [32m&apos;object&apos;[39m,
  flags: {
    presence: [32m&apos;optional&apos;[39m,
    description: [32m&apos;Multi-chain RPC configuration - maps chain IDs to RPC URL arrays&apos;[39m
  },
  patterns: [ { schema: [36m[Object][39m, rule: [36m[Object][39m } ]
}
🤖 [MS3-PKG] [DEBUG] 🤖 [MS3-PKG] [DEBUG] 🤖 [MS3-PKG] [DEBUG] 🤖 [MS3-PKG] [DEBUG] 🤖 [MS3-PKG] [DEBUG] 🤖 [MS3-PKG] [DEBUG] 🤖 [MS3-PKG] [DEBUG] 🤖 [MS3-PKG] [DEBUG] 🤖 [MS3-PKG] [DEBUG] 🤖 [MS3-PKG] [DEBUG] 🤖 [MS3-PKG] [DEBUG] 🤖 [MS3-PKG] [DEBUG] 🤖 [MS3-PKG] [DEBUG] 🤖 [MS3-PKG] [DEBUG] 📊 [analyzeJoiSchema] Field multiChainRpcs: type=object, required=false, message=&quot;Multi-chain RPC configuration - maps chain IDs to RPC URL arrays&quot;
🤖 [MS3-PKG] [INFO] 🤖 [MS3-PKG] [INFO] 🤖 [MS3-PKG] [INFO] 🤖 [MS3-PKG] [INFO] 🤖 [MS3-PKG] [INFO] 🤖 [MS3-PKG] [INFO] 🤖 [MS3-PKG] [INFO] 🤖 [MS3-PKG] [INFO] 🤖 [MS3-PKG] [INFO] 🤖 [MS3-PKG] [INFO] 🤖 [MS3-PKG] [INFO] 🤖 [MS3-PKG] [INFO] 🤖 [MS3-PKG] [INFO] 🤖 [MS3-PKG] [INFO] 📊 [analyzeJoiSchema] Generated 14 requirements for options
🤖 [MS3-PKG] [DEBUG] 🤖 [MS3-PKG] [DEBUG] 🤖 [MS3-PKG] [DEBUG] 🤖 [MS3-PKG] [DEBUG] 🤖 [MS3-PKG] [DEBUG] 🤖 [MS3-PKG] [DEBUG] 🤖 [MS3-PKG] [DEBUG] 🤖 [MS3-PKG] [DEBUG] 🤖 [MS3-PKG] [DEBUG] 🤖 [MS3-PKG] [DEBUG] 🤖 [MS3-PKG] [DEBUG] 🤖 [MS3-PKG] [DEBUG] 🤖 [MS3-PKG] [DEBUG] 🤖 [MS3-PKG] [DEBUG] 🔍 [getRequirements] Starting analysis for bulk-test-36
🤖 [MS3-PKG] [DEBUG] 🤖 [MS3-PKG] [DEBUG] 🤖 [MS3-PKG] [DEBUG] 🤖 [MS3-PKG] [DEBUG] 🤖 [MS3-PKG] [DEBUG] 🤖 [MS3-PKG] [DEBUG] 🤖 [MS3-PKG] [DEBUG] 🤖 [MS3-PKG] [DEBUG] 🤖 [MS3-PKG] [DEBUG] 🤖 [MS3-PKG] [DEBUG] 🤖 [MS3-PKG] [DEBUG] 🤖 [MS3-PKG] [DEBUG] 🤖 [MS3-PKG] [DEBUG] 🤖 [MS3-PKG] [DEBUG] 🔬 [analyzeJoiSchema] Analyzing schema at path: options
🤖 [MS3-PKG] [DEBUG] 🤖 [MS3-PKG] [DEBUG] 🤖 [MS3-PKG] [DEBUG] 🤖 [MS3-PKG] [DEBUG] 🤖 [MS3-PKG] [DEBUG] 🤖 [MS3-PKG] [DEBUG] 🤖 [MS3-PKG] [DEBUG] 🤖 [MS3-PKG] [DEBUG] 🤖 [MS3-PKG] [DEBUG] 🤖 [MS3-PKG] [DEBUG] 🤖 [MS3-PKG] [DEBUG] 🤖 [MS3-PKG] [DEBUG] 🤖 [MS3-PKG] [DEBUG] 🤖 [MS3-PKG] [DEBUG] 📋 [analyzeJoiSchema] Schema description type: object
🤖 [MS3-PKG] [DEBUG] 🤖 [MS3-PKG] [DEBUG] 🤖 [MS3-PKG] [DEBUG] 🤖 [MS3-PKG] [DEBUG] 🤖 [MS3-PKG] [DEBUG] 🤖 [MS3-PKG] [DEBUG] 🤖 [MS3-PKG] [DEBUG] 🤖 [MS3-PKG] [DEBUG] 🤖 [MS3-PKG] [DEBUG] 🤖 [MS3-PKG] [DEBUG] 🤖 [MS3-PKG] [DEBUG] 🤖 [MS3-PKG] [DEBUG] 🤖 [MS3-PKG] [DEBUG] 🤖 [MS3-PKG] [DEBUG] 📋 [analyzeJoiSchema] Schema keys: [ [32m&apos;privateKey&apos;[39m, [32m&apos;provider&apos;[39m, [32m&apos;multiChainRpcs&apos;[39m ]
🤖 [MS3-PKG] [DEBUG] 🤖 [MS3-PKG] [DEBUG] 🤖 [MS3-PKG] [DEBUG] 🤖 [MS3-PKG] [DEBUG] 🤖 [MS3-PKG] [DEBUG] 🤖 [MS3-PKG] [DEBUG] 🤖 [MS3-PKG] [DEBUG] 🤖 [MS3-PKG] [DEBUG] 🤖 [MS3-PKG] [DEBUG] 🤖 [MS3-PKG] [DEBUG] 🤖 [MS3-PKG] [DEBUG] 🤖 [MS3-PKG] [DEBUG] 🤖 [MS3-PKG] [DEBUG] 🤖 [MS3-PKG] [DEBUG] ✅ [analyzeJoiSchema] Processing object schema with 3 keys
🤖 [MS3-PKG] [DEBUG] 🤖 [MS3-PKG] [DEBUG] 🤖 [MS3-PKG] [DEBUG] 🤖 [MS3-PKG] [DEBUG] 🤖 [MS3-PKG] [DEBUG] 🤖 [MS3-PKG] [DEBUG] 🤖 [MS3-PKG] [DEBUG] 🤖 [MS3-PKG] [DEBUG] 🤖 [MS3-PKG] [DEBUG] 🤖 [MS3-PKG] [DEBUG] 🤖 [MS3-PKG] [DEBUG] 🤖 [MS3-PKG] [DEBUG] 🤖 [MS3-PKG] [DEBUG] 🤖 [MS3-PKG] [DEBUG] 🔑 [analyzeJoiSchema] Processing field: privateKey
🤖 [MS3-PKG] [DEBUG] 🤖 [MS3-PKG] [DEBUG] 🤖 [MS3-PKG] [DEBUG] 🤖 [MS3-PKG] [DEBUG] 🤖 [MS3-PKG] [DEBUG] 🤖 [MS3-PKG] [DEBUG] 🤖 [MS3-PKG] [DEBUG] 🤖 [MS3-PKG] [DEBUG] 🤖 [MS3-PKG] [DEBUG] 🤖 [MS3-PKG] [DEBUG] 🤖 [MS3-PKG] [DEBUG] 🤖 [MS3-PKG] [DEBUG] 🤖 [MS3-PKG] [DEBUG] 🤖 [MS3-PKG] [DEBUG] 📝 [analyzeJoiSchema] Field description: {
  type: [32m&apos;string&apos;[39m,
  flags: {
    presence: [32m&apos;required&apos;[39m,
    description: [32m&apos;Private key for wallet (generates random if not provided)&apos;[39m
  },
  rules: [ { name: [32m&apos;pattern&apos;[39m, args: [36m[Object][39m } ]
}
🤖 [MS3-PKG] [DEBUG] 🤖 [MS3-PKG] [DEBUG] 🤖 [MS3-PKG] [DEBUG] 🤖 [MS3-PKG] [DEBUG] 🤖 [MS3-PKG] [DEBUG] 🤖 [MS3-PKG] [DEBUG] 🤖 [MS3-PKG] [DEBUG] 🤖 [MS3-PKG] [DEBUG] 🤖 [MS3-PKG] [DEBUG] 🤖 [MS3-PKG] [DEBUG] 🤖 [MS3-PKG] [DEBUG] 🤖 [MS3-PKG] [DEBUG] 🤖 [MS3-PKG] [DEBUG] 🤖 [MS3-PKG] [DEBUG] 📊 [analyzeJoiSchema] Field privateKey: type=string, required=true, message=&quot;Private key for wallet (generates random if not provided)&quot;
🤖 [MS3-PKG] [DEBUG] 🤖 [MS3-PKG] [DEBUG] 🤖 [MS3-PKG] [DEBUG] 🤖 [MS3-PKG] [DEBUG] 🤖 [MS3-PKG] [DEBUG] 🤖 [MS3-PKG] [DEBUG] 🤖 [MS3-PKG] [DEBUG] 🤖 [MS3-PKG] [DEBUG] 🤖 [MS3-PKG] [DEBUG] 🤖 [MS3-PKG] [DEBUG] 🤖 [MS3-PKG] [DEBUG] 🤖 [MS3-PKG] [DEBUG] 🤖 [MS3-PKG] [DEBUG] 🤖 [MS3-PKG] [DEBUG] 🔑 [analyzeJoiSchema] Processing field: provider
🤖 [MS3-PKG] [DEBUG] 🤖 [MS3-PKG] [DEBUG] 🤖 [MS3-PKG] [DEBUG] 🤖 [MS3-PKG] [DEBUG] 🤖 [MS3-PKG] [DEBUG] 🤖 [MS3-PKG] [DEBUG] 🤖 [MS3-PKG] [DEBUG] 🤖 [MS3-PKG] [DEBUG] 🤖 [MS3-PKG] [DEBUG] 🤖 [MS3-PKG] [DEBUG] 🤖 [MS3-PKG] [DEBUG] 🤖 [MS3-PKG] [DEBUG] 🤖 [MS3-PKG] [DEBUG] 🤖 [MS3-PKG] [DEBUG] 📝 [analyzeJoiSchema] Field description: {
  type: [32m&apos;object&apos;[39m,
  flags: {
    presence: [32m&apos;optional&apos;[39m,
    description: [32m&apos;Optional provider configuration&apos;[39m
  },
  keys: {
    name: { type: [32m&apos;string&apos;[39m, flags: [36m[Object][39m },
    chainId: { type: [32m&apos;string&apos;[39m, flags: [36m[Object][39m, rules: [36m[Array][39m },
    rpcUrls: { type: [32m&apos;array&apos;[39m, flags: [36m[Object][39m, rules: [36m[Array][39m, items: [36m[Array][39m },
    displayName: { type: [32m&apos;string&apos;[39m, flags: [36m[Object][39m }
  }
}
🤖 [MS3-PKG] [DEBUG] 🤖 [MS3-PKG] [DEBUG] 🤖 [MS3-PKG] [DEBUG] 🤖 [MS3-PKG] [DEBUG] 🤖 [MS3-PKG] [DEBUG] 🤖 [MS3-PKG] [DEBUG] 🤖 [MS3-PKG] [DEBUG] 🤖 [MS3-PKG] [DEBUG] 🤖 [MS3-PKG] [DEBUG] 🤖 [MS3-PKG] [DEBUG] 🤖 [MS3-PKG] [DEBUG] 🤖 [MS3-PKG] [DEBUG] 🤖 [MS3-PKG] [DEBUG] 🤖 [MS3-PKG] [DEBUG] 📊 [analyzeJoiSchema] Field provider: type=object, required=false, message=&quot;Optional provider configuration&quot;
🤖 [MS3-PKG] [DEBUG] 🤖 [MS3-PKG] [DEBUG] 🤖 [MS3-PKG] [DEBUG] 🤖 [MS3-PKG] [DEBUG] 🤖 [MS3-PKG] [DEBUG] 🤖 [MS3-PKG] [DEBUG] 🤖 [MS3-PKG] [DEBUG] 🤖 [MS3-PKG] [DEBUG] 🤖 [MS3-PKG] [DEBUG] 🤖 [MS3-PKG] [DEBUG] 🤖 [MS3-PKG] [DEBUG] 🤖 [MS3-PKG] [DEBUG] 🤖 [MS3-PKG] [DEBUG] 🤖 [MS3-PKG] [DEBUG] 🔄 [analyzeJoiSchema] Recursing into nested object: provider
🤖 [MS3-PKG] [DEBUG] 🤖 [MS3-PKG] [DEBUG] 🤖 [MS3-PKG] [DEBUG] 🤖 [MS3-PKG] [DEBUG] 🤖 [MS3-PKG] [DEBUG] 🤖 [MS3-PKG] [DEBUG] 🤖 [MS3-PKG] [DEBUG] 🤖 [MS3-PKG] [DEBUG] 🤖 [MS3-PKG] [DEBUG] 🤖 [MS3-PKG] [DEBUG] 🤖 [MS3-PKG] [DEBUG] 🤖 [MS3-PKG] [DEBUG] 🤖 [MS3-PKG] [DEBUG] 🤖 [MS3-PKG] [DEBUG] 🔑 [analyzeJoiSchema] Processing field: multiChainRpcs
🤖 [MS3-PKG] [DEBUG] 🤖 [MS3-PKG] [DEBUG] 🤖 [MS3-PKG] [DEBUG] 🤖 [MS3-PKG] [DEBUG] 🤖 [MS3-PKG] [DEBUG] 🤖 [MS3-PKG] [DEBUG] 🤖 [MS3-PKG] [DEBUG] 🤖 [MS3-PKG] [DEBUG] 🤖 [MS3-PKG] [DEBUG] 🤖 [MS3-PKG] [DEBUG] 🤖 [MS3-PKG] [DEBUG] 🤖 [MS3-PKG] [DEBUG] 🤖 [MS3-PKG] [DEBUG] 🤖 [MS3-PKG] [DEBUG] 📝 [analyzeJoiSchema] Field description: {
  type: [32m&apos;object&apos;[39m,
  flags: {
    presence: [32m&apos;optional&apos;[39m,
    description: [32m&apos;Multi-chain RPC configuration - maps chain IDs to RPC URL arrays&apos;[39m
  },
  patterns: [ { schema: [36m[Object][39m, rule: [36m[Object][39m } ]
}
🤖 [MS3-PKG] [DEBUG] 🤖 [MS3-PKG] [DEBUG] 🤖 [MS3-PKG] [DEBUG] 🤖 [MS3-PKG] [DEBUG] 🤖 [MS3-PKG] [DEBUG] 🤖 [MS3-PKG] [DEBUG] 🤖 [MS3-PKG] [DEBUG] 🤖 [MS3-PKG] [DEBUG] 🤖 [MS3-PKG] [DEBUG] 🤖 [MS3-PKG] [DEBUG] 🤖 [MS3-PKG] [DEBUG] 🤖 [MS3-PKG] [DEBUG] 🤖 [MS3-PKG] [DEBUG] 🤖 [MS3-PKG] [DEBUG] 📊 [analyzeJoiSchema] Field multiChainRpcs: type=object, required=false, message=&quot;Multi-chain RPC configuration - maps chain IDs to RPC URL arrays&quot;
🤖 [MS3-PKG] [INFO] 🤖 [MS3-PKG] [INFO] 🤖 [MS3-PKG] [INFO] 🤖 [MS3-PKG] [INFO] 🤖 [MS3-PKG] [INFO] 🤖 [MS3-PKG] [INFO] 🤖 [MS3-PKG] [INFO] 🤖 [MS3-PKG] [INFO] 🤖 [MS3-PKG] [INFO] 🤖 [MS3-PKG] [INFO] 🤖 [MS3-PKG] [INFO] 🤖 [MS3-PKG] [INFO] 🤖 [MS3-PKG] [INFO] 🤖 [MS3-PKG] [INFO] 📊 [analyzeJoiSchema] Generated 7 requirements for options
🤖 [MS3-PKG] [DEBUG] 🤖 [MS3-PKG] [DEBUG] 🤖 [MS3-PKG] [DEBUG] 🤖 [MS3-PKG] [DEBUG] 🤖 [MS3-PKG] [DEBUG] 🤖 [MS3-PKG] [DEBUG] 🤖 [MS3-PKG] [DEBUG] 🤖 [MS3-PKG] [DEBUG] 🤖 [MS3-PKG] [DEBUG] 🤖 [MS3-PKG] [DEBUG] 🤖 [MS3-PKG] [DEBUG] 🤖 [MS3-PKG] [DEBUG] 🤖 [MS3-PKG] [DEBUG] 🤖 [MS3-PKG] [DEBUG] 🔍 [getRequirements] Starting analysis for bulk-test-36
🤖 [MS3-PKG] [DEBUG] 🤖 [MS3-PKG] [DEBUG] 🤖 [MS3-PKG] [DEBUG] 🤖 [MS3-PKG] [DEBUG] 🤖 [MS3-PKG] [DEBUG] 🤖 [MS3-PKG] [DEBUG] 🤖 [MS3-PKG] [DEBUG] 🤖 [MS3-PKG] [DEBUG] 🤖 [MS3-PKG] [DEBUG] 🤖 [MS3-PKG] [DEBUG] 🤖 [MS3-PKG] [DEBUG] 🤖 [MS3-PKG] [DEBUG] 🤖 [MS3-PKG] [DEBUG] 🤖 [MS3-PKG] [DEBUG] 🔬 [analyzeJoiSchema] Analyzing schema at path: options
🤖 [MS3-PKG] [DEBUG] 🤖 [MS3-PKG] [DEBUG] 🤖 [MS3-PKG] [DEBUG] 🤖 [MS3-PKG] [DEBUG] 🤖 [MS3-PKG] [DEBUG] 🤖 [MS3-PKG] [DEBUG] 🤖 [MS3-PKG] [DEBUG] 🤖 [MS3-PKG] [DEBUG] 🤖 [MS3-PKG] [DEBUG] 🤖 [MS3-PKG] [DEBUG] 🤖 [MS3-PKG] [DEBUG] 🤖 [MS3-PKG] [DEBUG] 🤖 [MS3-PKG] [DEBUG] 🤖 [MS3-PKG] [DEBUG] 📋 [analyzeJoiSchema] Schema description type: object
🤖 [MS3-PKG] [DEBUG] 🤖 [MS3-PKG] [DEBUG] 🤖 [MS3-PKG] [DEBUG] 🤖 [MS3-PKG] [DEBUG] 🤖 [MS3-PKG] [DEBUG] 🤖 [MS3-PKG] [DEBUG] 🤖 [MS3-PKG] [DEBUG] 🤖 [MS3-PKG] [DEBUG] 🤖 [MS3-PKG] [DEBUG] 🤖 [MS3-PKG] [DEBUG] 🤖 [MS3-PKG] [DEBUG] 🤖 [MS3-PKG] [DEBUG] 🤖 [MS3-PKG] [DEBUG] 🤖 [MS3-PKG] [DEBUG] 📋 [analyzeJoiSchema] Schema keys: [ [32m&apos;web3authConfig&apos;[39m, [32m&apos;multiChainRpcs&apos;[39m ]
🤖 [MS3-PKG] [DEBUG] 🤖 [MS3-PKG] [DEBUG] 🤖 [MS3-PKG] [DEBUG] 🤖 [MS3-PKG] [DEBUG] 🤖 [MS3-PKG] [DEBUG] 🤖 [MS3-PKG] [DEBUG] 🤖 [MS3-PKG] [DEBUG] 🤖 [MS3-PKG] [DEBUG] 🤖 [MS3-PKG] [DEBUG] 🤖 [MS3-PKG] [DEBUG] 🤖 [MS3-PKG] [DEBUG] 🤖 [MS3-PKG] [DEBUG] 🤖 [MS3-PKG] [DEBUG] 🤖 [MS3-PKG] [DEBUG] ✅ [analyzeJoiSchema] Processing object schema with 2 keys
🤖 [MS3-PKG] [DEBUG] 🤖 [MS3-PKG] [DEBUG] 🤖 [MS3-PKG] [DEBUG] 🤖 [MS3-PKG] [DEBUG] 🤖 [MS3-PKG] [DEBUG] 🤖 [MS3-PKG] [DEBUG] 🤖 [MS3-PKG] [DEBUG] 🤖 [MS3-PKG] [DEBUG] 🤖 [MS3-PKG] [DEBUG] 🤖 [MS3-PKG] [DEBUG] 🤖 [MS3-PKG] [DEBUG] 🤖 [MS3-PKG] [DEBUG] 🤖 [MS3-PKG] [DEBUG] 🤖 [MS3-PKG] [DEBUG] 🔑 [analyzeJoiSchema] Processing field: web3authConfig
🤖 [MS3-PKG] [DEBUG] 🤖 [MS3-PKG] [DEBUG] 🤖 [MS3-PKG] [DEBUG] 🤖 [MS3-PKG] [DEBUG] 🤖 [MS3-PKG] [DEBUG] 🤖 [MS3-PKG] [DEBUG] 🤖 [MS3-PKG] [DEBUG] 🤖 [MS3-PKG] [DEBUG] 🤖 [MS3-PKG] [DEBUG] 🤖 [MS3-PKG] [DEBUG] 🤖 [MS3-PKG] [DEBUG] 🤖 [MS3-PKG] [DEBUG] 🤖 [MS3-PKG] [DEBUG] 🤖 [MS3-PKG] [DEBUG] 📝 [analyzeJoiSchema] Field description: {
  type: [32m&apos;object&apos;[39m,
  flags: {
    presence: [32m&apos;required&apos;[39m,
    description: [32m&apos;Web3Auth configuration object&apos;[39m
  },
  keys: {
    clientId: { type: [32m&apos;string&apos;[39m, flags: [36m[Object][39m },
    web3AuthNetwork: { type: [32m&apos;string&apos;[39m, flags: [36m[Object][39m, allow: [36m[Array][39m },
    chainConfig: { type: [32m&apos;object&apos;[39m, flags: [36m[Object][39m, keys: [36m[Object][39m },
    loginConfig: { type: [32m&apos;object&apos;[39m, flags: [36m[Object][39m },
    privateKeyProvider: { type: [32m&apos;any&apos;[39m, flags: [36m[Object][39m }
  }
}
🤖 [MS3-PKG] [DEBUG] 🤖 [MS3-PKG] [DEBUG] 🤖 [MS3-PKG] [DEBUG] 🤖 [MS3-PKG] [DEBUG] 🤖 [MS3-PKG] [DEBUG] 🤖 [MS3-PKG] [DEBUG] 🤖 [MS3-PKG] [DEBUG] 🤖 [MS3-PKG] [DEBUG] 🤖 [MS3-PKG] [DEBUG] 🤖 [MS3-PKG] [DEBUG] 🤖 [MS3-PKG] [DEBUG] 🤖 [MS3-PKG] [DEBUG] 🤖 [MS3-PKG] [DEBUG] 🤖 [MS3-PKG] [DEBUG] 📊 [analyzeJoiSchema] Field web3authConfig: type=object, required=true, message=&quot;Web3Auth configuration object&quot;
🤖 [MS3-PKG] [DEBUG] 🤖 [MS3-PKG] [DEBUG] 🤖 [MS3-PKG] [DEBUG] 🤖 [MS3-PKG] [DEBUG] 🤖 [MS3-PKG] [DEBUG] 🤖 [MS3-PKG] [DEBUG] 🤖 [MS3-PKG] [DEBUG] 🤖 [MS3-PKG] [DEBUG] 🤖 [MS3-PKG] [DEBUG] 🤖 [MS3-PKG] [DEBUG] 🤖 [MS3-PKG] [DEBUG] 🤖 [MS3-PKG] [DEBUG] 🤖 [MS3-PKG] [DEBUG] 🤖 [MS3-PKG] [DEBUG] 🔄 [analyzeJoiSchema] Recursing into nested object: web3authConfig
🤖 [MS3-PKG] [DEBUG] 🤖 [MS3-PKG] [DEBUG] 🤖 [MS3-PKG] [DEBUG] 🤖 [MS3-PKG] [DEBUG] 🤖 [MS3-PKG] [DEBUG] 🤖 [MS3-PKG] [DEBUG] 🤖 [MS3-PKG] [DEBUG] 🤖 [MS3-PKG] [DEBUG] 🤖 [MS3-PKG] [DEBUG] 🤖 [MS3-PKG] [DEBUG] 🤖 [MS3-PKG] [DEBUG] 🤖 [MS3-PKG] [DEBUG] 🤖 [MS3-PKG] [DEBUG] 🤖 [MS3-PKG] [DEBUG] 🔑 [analyzeJoiSchema] Processing field: multiChainRpcs
🤖 [MS3-PKG] [DEBUG] 🤖 [MS3-PKG] [DEBUG] 🤖 [MS3-PKG] [DEBUG] 🤖 [MS3-PKG] [DEBUG] 🤖 [MS3-PKG] [DEBUG] 🤖 [MS3-PKG] [DEBUG] 🤖 [MS3-PKG] [DEBUG] 🤖 [MS3-PKG] [DEBUG] 🤖 [MS3-PKG] [DEBUG] 🤖 [MS3-PKG] [DEBUG] 🤖 [MS3-PKG] [DEBUG] 🤖 [MS3-PKG] [DEBUG] 🤖 [MS3-PKG] [DEBUG] 🤖 [MS3-PKG] [DEBUG] 📝 [analyzeJoiSchema] Field description: {
  type: [32m&apos;object&apos;[39m,
  flags: {
    presence: [32m&apos;optional&apos;[39m,
    description: [32m&apos;Multi-chain RPC configuration - maps chain IDs to RPC URL arrays&apos;[39m
  },
  patterns: [ { schema: [36m[Object][39m, rule: [36m[Object][39m } ]
}
🤖 [MS3-PKG] [DEBUG] 🤖 [MS3-PKG] [DEBUG] 🤖 [MS3-PKG] [DEBUG] 🤖 [MS3-PKG] [DEBUG] 🤖 [MS3-PKG] [DEBUG] 🤖 [MS3-PKG] [DEBUG] 🤖 [MS3-PKG] [DEBUG] 🤖 [MS3-PKG] [DEBUG] 🤖 [MS3-PKG] [DEBUG] 🤖 [MS3-PKG] [DEBUG] 🤖 [MS3-PKG] [DEBUG] 🤖 [MS3-PKG] [DEBUG] 🤖 [MS3-PKG] [DEBUG] 🤖 [MS3-PKG] [DEBUG] 📊 [analyzeJoiSchema] Field multiChainRpcs: type=object, required=false, message=&quot;Multi-chain RPC configuration - maps chain IDs to RPC URL arrays&quot;
🤖 [MS3-PKG] [INFO] 🤖 [MS3-PKG] [INFO] 🤖 [MS3-PKG] [INFO] 🤖 [MS3-PKG] [INFO] 🤖 [MS3-PKG] [INFO] 🤖 [MS3-PKG] [INFO] 🤖 [MS3-PKG] [INFO] 🤖 [MS3-PKG] [INFO] 🤖 [MS3-PKG] [INFO] 🤖 [MS3-PKG] [INFO] 🤖 [MS3-PKG] [INFO] 🤖 [MS3-PKG] [INFO] 🤖 [MS3-PKG] [INFO] 🤖 [MS3-PKG] [INFO] 📊 [analyzeJoiSchema] Generated 14 requirements for options
🤖 [MS3-PKG] [DEBUG] 🤖 [MS3-PKG] [DEBUG] 🤖 [MS3-PKG] [DEBUG] 🤖 [MS3-PKG] [DEBUG] 🤖 [MS3-PKG] [DEBUG] 🤖 [MS3-PKG] [DEBUG] 🤖 [MS3-PKG] [DEBUG] 🤖 [MS3-PKG] [DEBUG] 🤖 [MS3-PKG] [DEBUG] 🤖 [MS3-PKG] [DEBUG] 🤖 [MS3-PKG] [DEBUG] 🤖 [MS3-PKG] [DEBUG] 🤖 [MS3-PKG] [DEBUG] 🤖 [MS3-PKG] [DEBUG] 🔍 [getRequirements] Starting analysis for bulk-test-37
🤖 [MS3-PKG] [DEBUG] 🤖 [MS3-PKG] [DEBUG] 🤖 [MS3-PKG] [DEBUG] 🤖 [MS3-PKG] [DEBUG] 🤖 [MS3-PKG] [DEBUG] 🤖 [MS3-PKG] [DEBUG] 🤖 [MS3-PKG] [DEBUG] 🤖 [MS3-PKG] [DEBUG] 🤖 [MS3-PKG] [DEBUG] 🤖 [MS3-PKG] [DEBUG] 🤖 [MS3-PKG] [DEBUG] 🤖 [MS3-PKG] [DEBUG] 🤖 [MS3-PKG] [DEBUG] 🤖 [MS3-PKG] [DEBUG] 🔬 [analyzeJoiSchema] Analyzing schema at path: options
🤖 [MS3-PKG] [DEBUG] 🤖 [MS3-PKG] [DEBUG] 🤖 [MS3-PKG] [DEBUG] 🤖 [MS3-PKG] [DEBUG] 🤖 [MS3-PKG] [DEBUG] 🤖 [MS3-PKG] [DEBUG] 🤖 [MS3-PKG] [DEBUG] 🤖 [MS3-PKG] [DEBUG] 🤖 [MS3-PKG] [DEBUG] 🤖 [MS3-PKG] [DEBUG] 🤖 [MS3-PKG] [DEBUG] 🤖 [MS3-PKG] [DEBUG] 🤖 [MS3-PKG] [DEBUG] 🤖 [MS3-PKG] [DEBUG] 📋 [analyzeJoiSchema] Schema description type: object
🤖 [MS3-PKG] [DEBUG] 🤖 [MS3-PKG] [DEBUG] 🤖 [MS3-PKG] [DEBUG] 🤖 [MS3-PKG] [DEBUG] 🤖 [MS3-PKG] [DEBUG] 🤖 [MS3-PKG] [DEBUG] 🤖 [MS3-PKG] [DEBUG] 🤖 [MS3-PKG] [DEBUG] 🤖 [MS3-PKG] [DEBUG] 🤖 [MS3-PKG] [DEBUG] 🤖 [MS3-PKG] [DEBUG] 🤖 [MS3-PKG] [DEBUG] 🤖 [MS3-PKG] [DEBUG] 🤖 [MS3-PKG] [DEBUG] 📋 [analyzeJoiSchema] Schema keys: [ [32m&apos;privateKey&apos;[39m, [32m&apos;provider&apos;[39m, [32m&apos;multiChainRpcs&apos;[39m ]
🤖 [MS3-PKG] [DEBUG] 🤖 [MS3-PKG] [DEBUG] 🤖 [MS3-PKG] [DEBUG] 🤖 [MS3-PKG] [DEBUG] 🤖 [MS3-PKG] [DEBUG] 🤖 [MS3-PKG] [DEBUG] 🤖 [MS3-PKG] [DEBUG] 🤖 [MS3-PKG] [DEBUG] 🤖 [MS3-PKG] [DEBUG] 🤖 [MS3-PKG] [DEBUG] 🤖 [MS3-PKG] [DEBUG] 🤖 [MS3-PKG] [DEBUG] 🤖 [MS3-PKG] [DEBUG] 🤖 [MS3-PKG] [DEBUG] ✅ [analyzeJoiSchema] Processing object schema with 3 keys
🤖 [MS3-PKG] [DEBUG] 🤖 [MS3-PKG] [DEBUG] 🤖 [MS3-PKG] [DEBUG] 🤖 [MS3-PKG] [DEBUG] 🤖 [MS3-PKG] [DEBUG] 🤖 [MS3-PKG] [DEBUG] 🤖 [MS3-PKG] [DEBUG] 🤖 [MS3-PKG] [DEBUG] 🤖 [MS3-PKG] [DEBUG] 🤖 [MS3-PKG] [DEBUG] 🤖 [MS3-PKG] [DEBUG] 🤖 [MS3-PKG] [DEBUG] 🤖 [MS3-PKG] [DEBUG] 🤖 [MS3-PKG] [DEBUG] 🔑 [analyzeJoiSchema] Processing field: privateKey
🤖 [MS3-PKG] [DEBUG] 🤖 [MS3-PKG] [DEBUG] 🤖 [MS3-PKG] [DEBUG] 🤖 [MS3-PKG] [DEBUG] 🤖 [MS3-PKG] [DEBUG] 🤖 [MS3-PKG] [DEBUG] 🤖 [MS3-PKG] [DEBUG] 🤖 [MS3-PKG] [DEBUG] 🤖 [MS3-PKG] [DEBUG] 🤖 [MS3-PKG] [DEBUG] 🤖 [MS3-PKG] [DEBUG] 🤖 [MS3-PKG] [DEBUG] 🤖 [MS3-PKG] [DEBUG] 🤖 [MS3-PKG] [DEBUG] 📝 [analyzeJoiSchema] Field description: {
  type: [32m&apos;string&apos;[39m,
  flags: {
    presence: [32m&apos;required&apos;[39m,
    description: [32m&apos;Private key for wallet (generates random if not provided)&apos;[39m
  },
  rules: [ { name: [32m&apos;pattern&apos;[39m, args: [36m[Object][39m } ]
}
🤖 [MS3-PKG] [DEBUG] 🤖 [MS3-PKG] [DEBUG] 🤖 [MS3-PKG] [DEBUG] 🤖 [MS3-PKG] [DEBUG] 🤖 [MS3-PKG] [DEBUG] 🤖 [MS3-PKG] [DEBUG] 🤖 [MS3-PKG] [DEBUG] 🤖 [MS3-PKG] [DEBUG] 🤖 [MS3-PKG] [DEBUG] 🤖 [MS3-PKG] [DEBUG] 🤖 [MS3-PKG] [DEBUG] 🤖 [MS3-PKG] [DEBUG] 🤖 [MS3-PKG] [DEBUG] 🤖 [MS3-PKG] [DEBUG] 📊 [analyzeJoiSchema] Field privateKey: type=string, required=true, message=&quot;Private key for wallet (generates random if not provided)&quot;
🤖 [MS3-PKG] [DEBUG] 🤖 [MS3-PKG] [DEBUG] 🤖 [MS3-PKG] [DEBUG] 🤖 [MS3-PKG] [DEBUG] 🤖 [MS3-PKG] [DEBUG] 🤖 [MS3-PKG] [DEBUG] 🤖 [MS3-PKG] [DEBUG] 🤖 [MS3-PKG] [DEBUG] 🤖 [MS3-PKG] [DEBUG] 🤖 [MS3-PKG] [DEBUG] 🤖 [MS3-PKG] [DEBUG] 🤖 [MS3-PKG] [DEBUG] 🤖 [MS3-PKG] [DEBUG] 🤖 [MS3-PKG] [DEBUG] 🔑 [analyzeJoiSchema] Processing field: provider
🤖 [MS3-PKG] [DEBUG] 🤖 [MS3-PKG] [DEBUG] 🤖 [MS3-PKG] [DEBUG] 🤖 [MS3-PKG] [DEBUG] 🤖 [MS3-PKG] [DEBUG] 🤖 [MS3-PKG] [DEBUG] 🤖 [MS3-PKG] [DEBUG] 🤖 [MS3-PKG] [DEBUG] 🤖 [MS3-PKG] [DEBUG] 🤖 [MS3-PKG] [DEBUG] 🤖 [MS3-PKG] [DEBUG] 🤖 [MS3-PKG] [DEBUG] 🤖 [MS3-PKG] [DEBUG] 🤖 [MS3-PKG] [DEBUG] 📝 [analyzeJoiSchema] Field description: {
  type: [32m&apos;object&apos;[39m,
  flags: {
    presence: [32m&apos;optional&apos;[39m,
    description: [32m&apos;Optional provider configuration&apos;[39m
  },
  keys: {
    name: { type: [32m&apos;string&apos;[39m, flags: [36m[Object][39m },
    chainId: { type: [32m&apos;string&apos;[39m, flags: [36m[Object][39m, rules: [36m[Array][39m },
    rpcUrls: { type: [32m&apos;array&apos;[39m, flags: [36m[Object][39m, rules: [36m[Array][39m, items: [36m[Array][39m },
    displayName: { type: [32m&apos;string&apos;[39m, flags: [36m[Object][39m }
  }
}
🤖 [MS3-PKG] [DEBUG] 🤖 [MS3-PKG] [DEBUG] 🤖 [MS3-PKG] [DEBUG] 🤖 [MS3-PKG] [DEBUG] 🤖 [MS3-PKG] [DEBUG] 🤖 [MS3-PKG] [DEBUG] 🤖 [MS3-PKG] [DEBUG] 🤖 [MS3-PKG] [DEBUG] 🤖 [MS3-PKG] [DEBUG] 🤖 [MS3-PKG] [DEBUG] 🤖 [MS3-PKG] [DEBUG] 🤖 [MS3-PKG] [DEBUG] 🤖 [MS3-PKG] [DEBUG] 🤖 [MS3-PKG] [DEBUG] 📊 [analyzeJoiSchema] Field provider: type=object, required=false, message=&quot;Optional provider configuration&quot;
🤖 [MS3-PKG] [DEBUG] 🤖 [MS3-PKG] [DEBUG] 🤖 [MS3-PKG] [DEBUG] 🤖 [MS3-PKG] [DEBUG] 🤖 [MS3-PKG] [DEBUG] 🤖 [MS3-PKG] [DEBUG] 🤖 [MS3-PKG] [DEBUG] 🤖 [MS3-PKG] [DEBUG] 🤖 [MS3-PKG] [DEBUG] 🤖 [MS3-PKG] [DEBUG] 🤖 [MS3-PKG] [DEBUG] 🤖 [MS3-PKG] [DEBUG] 🤖 [MS3-PKG] [DEBUG] 🤖 [MS3-PKG] [DEBUG] 🔄 [analyzeJoiSchema] Recursing into nested object: provider
🤖 [MS3-PKG] [DEBUG] 🤖 [MS3-PKG] [DEBUG] 🤖 [MS3-PKG] [DEBUG] 🤖 [MS3-PKG] [DEBUG] 🤖 [MS3-PKG] [DEBUG] 🤖 [MS3-PKG] [DEBUG] 🤖 [MS3-PKG] [DEBUG] 🤖 [MS3-PKG] [DEBUG] 🤖 [MS3-PKG] [DEBUG] 🤖 [MS3-PKG] [DEBUG] 🤖 [MS3-PKG] [DEBUG] 🤖 [MS3-PKG] [DEBUG] 🤖 [MS3-PKG] [DEBUG] 🤖 [MS3-PKG] [DEBUG] 🔑 [analyzeJoiSchema] Processing field: multiChainRpcs
🤖 [MS3-PKG] [DEBUG] 🤖 [MS3-PKG] [DEBUG] 🤖 [MS3-PKG] [DEBUG] 🤖 [MS3-PKG] [DEBUG] 🤖 [MS3-PKG] [DEBUG] 🤖 [MS3-PKG] [DEBUG] 🤖 [MS3-PKG] [DEBUG] 🤖 [MS3-PKG] [DEBUG] 🤖 [MS3-PKG] [DEBUG] 🤖 [MS3-PKG] [DEBUG] 🤖 [MS3-PKG] [DEBUG] 🤖 [MS3-PKG] [DEBUG] 🤖 [MS3-PKG] [DEBUG] 🤖 [MS3-PKG] [DEBUG] 📝 [analyzeJoiSchema] Field description: {
  type: [32m&apos;object&apos;[39m,
  flags: {
    presence: [32m&apos;optional&apos;[39m,
    description: [32m&apos;Multi-chain RPC configuration - maps chain IDs to RPC URL arrays&apos;[39m
  },
  patterns: [ { schema: [36m[Object][39m, rule: [36m[Object][39m } ]
}
🤖 [MS3-PKG] [DEBUG] 🤖 [MS3-PKG] [DEBUG] 🤖 [MS3-PKG] [DEBUG] 🤖 [MS3-PKG] [DEBUG] 🤖 [MS3-PKG] [DEBUG] 🤖 [MS3-PKG] [DEBUG] 🤖 [MS3-PKG] [DEBUG] 🤖 [MS3-PKG] [DEBUG] 🤖 [MS3-PKG] [DEBUG] 🤖 [MS3-PKG] [DEBUG] 🤖 [MS3-PKG] [DEBUG] 🤖 [MS3-PKG] [DEBUG] 🤖 [MS3-PKG] [DEBUG] 🤖 [MS3-PKG] [DEBUG] 📊 [analyzeJoiSchema] Field multiChainRpcs: type=object, required=false, message=&quot;Multi-chain RPC configuration - maps chain IDs to RPC URL arrays&quot;
🤖 [MS3-PKG] [INFO] 🤖 [MS3-PKG] [INFO] 🤖 [MS3-PKG] [INFO] 🤖 [MS3-PKG] [INFO] 🤖 [MS3-PKG] [INFO] 🤖 [MS3-PKG] [INFO] 🤖 [MS3-PKG] [INFO] 🤖 [MS3-PKG] [INFO] 🤖 [MS3-PKG] [INFO] 🤖 [MS3-PKG] [INFO] 🤖 [MS3-PKG] [INFO] 🤖 [MS3-PKG] [INFO] 🤖 [MS3-PKG] [INFO] 🤖 [MS3-PKG] [INFO] 📊 [analyzeJoiSchema] Generated 7 requirements for options
🤖 [MS3-PKG] [DEBUG] 🤖 [MS3-PKG] [DEBUG] 🤖 [MS3-PKG] [DEBUG] 🤖 [MS3-PKG] [DEBUG] 🤖 [MS3-PKG] [DEBUG] 🤖 [MS3-PKG] [DEBUG] 🤖 [MS3-PKG] [DEBUG] 🤖 [MS3-PKG] [DEBUG] 🤖 [MS3-PKG] [DEBUG] 🤖 [MS3-PKG] [DEBUG] 🤖 [MS3-PKG] [DEBUG] 🤖 [MS3-PKG] [DEBUG] 🤖 [MS3-PKG] [DEBUG] 🤖 [MS3-PKG] [DEBUG] 🔍 [getRequirements] Starting analysis for bulk-test-37
🤖 [MS3-PKG] [DEBUG] 🤖 [MS3-PKG] [DEBUG] 🤖 [MS3-PKG] [DEBUG] 🤖 [MS3-PKG] [DEBUG] 🤖 [MS3-PKG] [DEBUG] 🤖 [MS3-PKG] [DEBUG] 🤖 [MS3-PKG] [DEBUG] 🤖 [MS3-PKG] [DEBUG] 🤖 [MS3-PKG] [DEBUG] 🤖 [MS3-PKG] [DEBUG] 🤖 [MS3-PKG] [DEBUG] 🤖 [MS3-PKG] [DEBUG] 🤖 [MS3-PKG] [DEBUG] 🤖 [MS3-PKG] [DEBUG] 🔬 [analyzeJoiSchema] Analyzing schema at path: options
🤖 [MS3-PKG] [DEBUG] 🤖 [MS3-PKG] [DEBUG] 🤖 [MS3-PKG] [DEBUG] 🤖 [MS3-PKG] [DEBUG] 🤖 [MS3-PKG] [DEBUG] 🤖 [MS3-PKG] [DEBUG] 🤖 [MS3-PKG] [DEBUG] 🤖 [MS3-PKG] [DEBUG] 🤖 [MS3-PKG] [DEBUG] 🤖 [MS3-PKG] [DEBUG] 🤖 [MS3-PKG] [DEBUG] 🤖 [MS3-PKG] [DEBUG] 🤖 [MS3-PKG] [DEBUG] 🤖 [MS3-PKG] [DEBUG] 📋 [analyzeJoiSchema] Schema description type: object
🤖 [MS3-PKG] [DEBUG] 🤖 [MS3-PKG] [DEBUG] 🤖 [MS3-PKG] [DEBUG] 🤖 [MS3-PKG] [DEBUG] 🤖 [MS3-PKG] [DEBUG] 🤖 [MS3-PKG] [DEBUG] 🤖 [MS3-PKG] [DEBUG] 🤖 [MS3-PKG] [DEBUG] 🤖 [MS3-PKG] [DEBUG] 🤖 [MS3-PKG] [DEBUG] 🤖 [MS3-PKG] [DEBUG] 🤖 [MS3-PKG] [DEBUG] 🤖 [MS3-PKG] [DEBUG] 🤖 [MS3-PKG] [DEBUG] 📋 [analyzeJoiSchema] Schema keys: [ [32m&apos;web3authConfig&apos;[39m, [32m&apos;multiChainRpcs&apos;[39m ]
🤖 [MS3-PKG] [DEBUG] 🤖 [MS3-PKG] [DEBUG] 🤖 [MS3-PKG] [DEBUG] 🤖 [MS3-PKG] [DEBUG] 🤖 [MS3-PKG] [DEBUG] 🤖 [MS3-PKG] [DEBUG] 🤖 [MS3-PKG] [DEBUG] 🤖 [MS3-PKG] [DEBUG] 🤖 [MS3-PKG] [DEBUG] 🤖 [MS3-PKG] [DEBUG] 🤖 [MS3-PKG] [DEBUG] 🤖 [MS3-PKG] [DEBUG] 🤖 [MS3-PKG] [DEBUG] 🤖 [MS3-PKG] [DEBUG] ✅ [analyzeJoiSchema] Processing object schema with 2 keys
🤖 [MS3-PKG] [DEBUG] 🤖 [MS3-PKG] [DEBUG] 🤖 [MS3-PKG] [DEBUG] 🤖 [MS3-PKG] [DEBUG] 🤖 [MS3-PKG] [DEBUG] 🤖 [MS3-PKG] [DEBUG] 🤖 [MS3-PKG] [DEBUG] 🤖 [MS3-PKG] [DEBUG] 🤖 [MS3-PKG] [DEBUG] 🤖 [MS3-PKG] [DEBUG] 🤖 [MS3-PKG] [DEBUG] 🤖 [MS3-PKG] [DEBUG] 🤖 [MS3-PKG] [DEBUG] 🤖 [MS3-PKG] [DEBUG] 🔑 [analyzeJoiSchema] Processing field: web3authConfig
🤖 [MS3-PKG] [DEBUG] 🤖 [MS3-PKG] [DEBUG] 🤖 [MS3-PKG] [DEBUG] 🤖 [MS3-PKG] [DEBUG] 🤖 [MS3-PKG] [DEBUG] 🤖 [MS3-PKG] [DEBUG] 🤖 [MS3-PKG] [DEBUG] 🤖 [MS3-PKG] [DEBUG] 🤖 [MS3-PKG] [DEBUG] 🤖 [MS3-PKG] [DEBUG] 🤖 [MS3-PKG] [DEBUG] 🤖 [MS3-PKG] [DEBUG] 🤖 [MS3-PKG] [DEBUG] 🤖 [MS3-PKG] [DEBUG] 📝 [analyzeJoiSchema] Field description: {
  type: [32m&apos;object&apos;[39m,
  flags: {
    presence: [32m&apos;required&apos;[39m,
    description: [32m&apos;Web3Auth configuration object&apos;[39m
  },
  keys: {
    clientId: { type: [32m&apos;string&apos;[39m, flags: [36m[Object][39m },
    web3AuthNetwork: { type: [32m&apos;string&apos;[39m, flags: [36m[Object][39m, allow: [36m[Array][39m },
    chainConfig: { type: [32m&apos;object&apos;[39m, flags: [36m[Object][39m, keys: [36m[Object][39m },
    loginConfig: { type: [32m&apos;object&apos;[39m, flags: [36m[Object][39m },
    privateKeyProvider: { type: [32m&apos;any&apos;[39m, flags: [36m[Object][39m }
  }
}
🤖 [MS3-PKG] [DEBUG] 🤖 [MS3-PKG] [DEBUG] 🤖 [MS3-PKG] [DEBUG] 🤖 [MS3-PKG] [DEBUG] 🤖 [MS3-PKG] [DEBUG] 🤖 [MS3-PKG] [DEBUG] 🤖 [MS3-PKG] [DEBUG] 🤖 [MS3-PKG] [DEBUG] 🤖 [MS3-PKG] [DEBUG] 🤖 [MS3-PKG] [DEBUG] 🤖 [MS3-PKG] [DEBUG] 🤖 [MS3-PKG] [DEBUG] 🤖 [MS3-PKG] [DEBUG] 🤖 [MS3-PKG] [DEBUG] 📊 [analyzeJoiSchema] Field web3authConfig: type=object, required=true, message=&quot;Web3Auth configuration object&quot;
🤖 [MS3-PKG] [DEBUG] 🤖 [MS3-PKG] [DEBUG] 🤖 [MS3-PKG] [DEBUG] 🤖 [MS3-PKG] [DEBUG] 🤖 [MS3-PKG] [DEBUG] 🤖 [MS3-PKG] [DEBUG] 🤖 [MS3-PKG] [DEBUG] 🤖 [MS3-PKG] [DEBUG] 🤖 [MS3-PKG] [DEBUG] 🤖 [MS3-PKG] [DEBUG] 🤖 [MS3-PKG] [DEBUG] 🤖 [MS3-PKG] [DEBUG] 🤖 [MS3-PKG] [DEBUG] 🤖 [MS3-PKG] [DEBUG] 🔄 [analyzeJoiSchema] Recursing into nested object: web3authConfig
🤖 [MS3-PKG] [DEBUG] 🤖 [MS3-PKG] [DEBUG] 🤖 [MS3-PKG] [DEBUG] 🤖 [MS3-PKG] [DEBUG] 🤖 [MS3-PKG] [DEBUG] 🤖 [MS3-PKG] [DEBUG] 🤖 [MS3-PKG] [DEBUG] 🤖 [MS3-PKG] [DEBUG] 🤖 [MS3-PKG] [DEBUG] 🤖 [MS3-PKG] [DEBUG] 🤖 [MS3-PKG] [DEBUG] 🤖 [MS3-PKG] [DEBUG] 🤖 [MS3-PKG] [DEBUG] 🤖 [MS3-PKG] [DEBUG] 🔑 [analyzeJoiSchema] Processing field: multiChainRpcs
🤖 [MS3-PKG] [DEBUG] 🤖 [MS3-PKG] [DEBUG] 🤖 [MS3-PKG] [DEBUG] 🤖 [MS3-PKG] [DEBUG] 🤖 [MS3-PKG] [DEBUG] 🤖 [MS3-PKG] [DEBUG] 🤖 [MS3-PKG] [DEBUG] 🤖 [MS3-PKG] [DEBUG] 🤖 [MS3-PKG] [DEBUG] 🤖 [MS3-PKG] [DEBUG] 🤖 [MS3-PKG] [DEBUG] 🤖 [MS3-PKG] [DEBUG] 🤖 [MS3-PKG] [DEBUG] 🤖 [MS3-PKG] [DEBUG] 📝 [analyzeJoiSchema] Field description: {
  type: [32m&apos;object&apos;[39m,
  flags: {
    presence: [32m&apos;optional&apos;[39m,
    description: [32m&apos;Multi-chain RPC configuration - maps chain IDs to RPC URL arrays&apos;[39m
  },
  patterns: [ { schema: [36m[Object][39m, rule: [36m[Object][39m } ]
}
🤖 [MS3-PKG] [DEBUG] 🤖 [MS3-PKG] [DEBUG] 🤖 [MS3-PKG] [DEBUG] 🤖 [MS3-PKG] [DEBUG] 🤖 [MS3-PKG] [DEBUG] 🤖 [MS3-PKG] [DEBUG] 🤖 [MS3-PKG] [DEBUG] 🤖 [MS3-PKG] [DEBUG] 🤖 [MS3-PKG] [DEBUG] 🤖 [MS3-PKG] [DEBUG] 🤖 [MS3-PKG] [DEBUG] 🤖 [MS3-PKG] [DEBUG] 🤖 [MS3-PKG] [DEBUG] 🤖 [MS3-PKG] [DEBUG] 📊 [analyzeJoiSchema] Field multiChainRpcs: type=object, required=false, message=&quot;Multi-chain RPC configuration - maps chain IDs to RPC URL arrays&quot;
🤖 [MS3-PKG] [INFO] 🤖 [MS3-PKG] [INFO] 🤖 [MS3-PKG] [INFO] 🤖 [MS3-PKG] [INFO] 🤖 [MS3-PKG] [INFO] 🤖 [MS3-PKG] [INFO] 🤖 [MS3-PKG] [INFO] 🤖 [MS3-PKG] [INFO] 🤖 [MS3-PKG] [INFO] 🤖 [MS3-PKG] [INFO] 🤖 [MS3-PKG] [INFO] 🤖 [MS3-PKG] [INFO] 🤖 [MS3-PKG] [INFO] 🤖 [MS3-PKG] [INFO] 📊 [analyzeJoiSchema] Generated 14 requirements for options
🤖 [MS3-PKG] [DEBUG] 🤖 [MS3-PKG] [DEBUG] 🤖 [MS3-PKG] [DEBUG] 🤖 [MS3-PKG] [DEBUG] 🤖 [MS3-PKG] [DEBUG] 🤖 [MS3-PKG] [DEBUG] 🤖 [MS3-PKG] [DEBUG] 🤖 [MS3-PKG] [DEBUG] 🤖 [MS3-PKG] [DEBUG] 🤖 [MS3-PKG] [DEBUG] 🤖 [MS3-PKG] [DEBUG] 🤖 [MS3-PKG] [DEBUG] 🤖 [MS3-PKG] [DEBUG] 🤖 [MS3-PKG] [DEBUG] 🔍 [getRequirements] Starting analysis for bulk-test-38
🤖 [MS3-PKG] [DEBUG] 🤖 [MS3-PKG] [DEBUG] 🤖 [MS3-PKG] [DEBUG] 🤖 [MS3-PKG] [DEBUG] 🤖 [MS3-PKG] [DEBUG] 🤖 [MS3-PKG] [DEBUG] 🤖 [MS3-PKG] [DEBUG] 🤖 [MS3-PKG] [DEBUG] 🤖 [MS3-PKG] [DEBUG] 🤖 [MS3-PKG] [DEBUG] 🤖 [MS3-PKG] [DEBUG] 🤖 [MS3-PKG] [DEBUG] 🤖 [MS3-PKG] [DEBUG] 🤖 [MS3-PKG] [DEBUG] 🔬 [analyzeJoiSchema] Analyzing schema at path: options
🤖 [MS3-PKG] [DEBUG] 🤖 [MS3-PKG] [DEBUG] 🤖 [MS3-PKG] [DEBUG] 🤖 [MS3-PKG] [DEBUG] 🤖 [MS3-PKG] [DEBUG] 🤖 [MS3-PKG] [DEBUG] 🤖 [MS3-PKG] [DEBUG] 🤖 [MS3-PKG] [DEBUG] 🤖 [MS3-PKG] [DEBUG] 🤖 [MS3-PKG] [DEBUG] 🤖 [MS3-PKG] [DEBUG] 🤖 [MS3-PKG] [DEBUG] 🤖 [MS3-PKG] [DEBUG] 🤖 [MS3-PKG] [DEBUG] 📋 [analyzeJoiSchema] Schema description type: object
🤖 [MS3-PKG] [DEBUG] 🤖 [MS3-PKG] [DEBUG] 🤖 [MS3-PKG] [DEBUG] 🤖 [MS3-PKG] [DEBUG] 🤖 [MS3-PKG] [DEBUG] 🤖 [MS3-PKG] [DEBUG] 🤖 [MS3-PKG] [DEBUG] 🤖 [MS3-PKG] [DEBUG] 🤖 [MS3-PKG] [DEBUG] 🤖 [MS3-PKG] [DEBUG] 🤖 [MS3-PKG] [DEBUG] 🤖 [MS3-PKG] [DEBUG] 🤖 [MS3-PKG] [DEBUG] 🤖 [MS3-PKG] [DEBUG] 📋 [analyzeJoiSchema] Schema keys: [ [32m&apos;privateKey&apos;[39m, [32m&apos;provider&apos;[39m, [32m&apos;multiChainRpcs&apos;[39m ]
🤖 [MS3-PKG] [DEBUG] 🤖 [MS3-PKG] [DEBUG] 🤖 [MS3-PKG] [DEBUG] 🤖 [MS3-PKG] [DEBUG] 🤖 [MS3-PKG] [DEBUG] 🤖 [MS3-PKG] [DEBUG] 🤖 [MS3-PKG] [DEBUG] 🤖 [MS3-PKG] [DEBUG] 🤖 [MS3-PKG] [DEBUG] 🤖 [MS3-PKG] [DEBUG] 🤖 [MS3-PKG] [DEBUG] 🤖 [MS3-PKG] [DEBUG] 🤖 [MS3-PKG] [DEBUG] 🤖 [MS3-PKG] [DEBUG] ✅ [analyzeJoiSchema] Processing object schema with 3 keys
🤖 [MS3-PKG] [DEBUG] 🤖 [MS3-PKG] [DEBUG] 🤖 [MS3-PKG] [DEBUG] 🤖 [MS3-PKG] [DEBUG] 🤖 [MS3-PKG] [DEBUG] 🤖 [MS3-PKG] [DEBUG] 🤖 [MS3-PKG] [DEBUG] 🤖 [MS3-PKG] [DEBUG] 🤖 [MS3-PKG] [DEBUG] 🤖 [MS3-PKG] [DEBUG] 🤖 [MS3-PKG] [DEBUG] 🤖 [MS3-PKG] [DEBUG] 🤖 [MS3-PKG] [DEBUG] 🤖 [MS3-PKG] [DEBUG] 🔑 [analyzeJoiSchema] Processing field: privateKey
🤖 [MS3-PKG] [DEBUG] 🤖 [MS3-PKG] [DEBUG] 🤖 [MS3-PKG] [DEBUG] 🤖 [MS3-PKG] [DEBUG] 🤖 [MS3-PKG] [DEBUG] 🤖 [MS3-PKG] [DEBUG] 🤖 [MS3-PKG] [DEBUG] 🤖 [MS3-PKG] [DEBUG] 🤖 [MS3-PKG] [DEBUG] 🤖 [MS3-PKG] [DEBUG] 🤖 [MS3-PKG] [DEBUG] 🤖 [MS3-PKG] [DEBUG] 🤖 [MS3-PKG] [DEBUG] 🤖 [MS3-PKG] [DEBUG] 📝 [analyzeJoiSchema] Field description: {
  type: [32m&apos;string&apos;[39m,
  flags: {
    presence: [32m&apos;required&apos;[39m,
    description: [32m&apos;Private key for wallet (generates random if not provided)&apos;[39m
  },
  rules: [ { name: [32m&apos;pattern&apos;[39m, args: [36m[Object][39m } ]
}
🤖 [MS3-PKG] [DEBUG] 🤖 [MS3-PKG] [DEBUG] 🤖 [MS3-PKG] [DEBUG] 🤖 [MS3-PKG] [DEBUG] 🤖 [MS3-PKG] [DEBUG] 🤖 [MS3-PKG] [DEBUG] 🤖 [MS3-PKG] [DEBUG] 🤖 [MS3-PKG] [DEBUG] 🤖 [MS3-PKG] [DEBUG] 🤖 [MS3-PKG] [DEBUG] 🤖 [MS3-PKG] [DEBUG] 🤖 [MS3-PKG] [DEBUG] 🤖 [MS3-PKG] [DEBUG] 🤖 [MS3-PKG] [DEBUG] 📊 [analyzeJoiSchema] Field privateKey: type=string, required=true, message=&quot;Private key for wallet (generates random if not provided)&quot;
🤖 [MS3-PKG] [DEBUG] 🤖 [MS3-PKG] [DEBUG] 🤖 [MS3-PKG] [DEBUG] 🤖 [MS3-PKG] [DEBUG] 🤖 [MS3-PKG] [DEBUG] 🤖 [MS3-PKG] [DEBUG] 🤖 [MS3-PKG] [DEBUG] 🤖 [MS3-PKG] [DEBUG] 🤖 [MS3-PKG] [DEBUG] 🤖 [MS3-PKG] [DEBUG] 🤖 [MS3-PKG] [DEBUG] 🤖 [MS3-PKG] [DEBUG] 🤖 [MS3-PKG] [DEBUG] 🤖 [MS3-PKG] [DEBUG] 🔑 [analyzeJoiSchema] Processing field: provider
🤖 [MS3-PKG] [DEBUG] 🤖 [MS3-PKG] [DEBUG] 🤖 [MS3-PKG] [DEBUG] 🤖 [MS3-PKG] [DEBUG] 🤖 [MS3-PKG] [DEBUG] 🤖 [MS3-PKG] [DEBUG] 🤖 [MS3-PKG] [DEBUG] 🤖 [MS3-PKG] [DEBUG] 🤖 [MS3-PKG] [DEBUG] 🤖 [MS3-PKG] [DEBUG] 🤖 [MS3-PKG] [DEBUG] 🤖 [MS3-PKG] [DEBUG] 🤖 [MS3-PKG] [DEBUG] 🤖 [MS3-PKG] [DEBUG] 📝 [analyzeJoiSchema] Field description: {
  type: [32m&apos;object&apos;[39m,
  flags: {
    presence: [32m&apos;optional&apos;[39m,
    description: [32m&apos;Optional provider configuration&apos;[39m
  },
  keys: {
    name: { type: [32m&apos;string&apos;[39m, flags: [36m[Object][39m },
    chainId: { type: [32m&apos;string&apos;[39m, flags: [36m[Object][39m, rules: [36m[Array][39m },
    rpcUrls: { type: [32m&apos;array&apos;[39m, flags: [36m[Object][39m, rules: [36m[Array][39m, items: [36m[Array][39m },
    displayName: { type: [32m&apos;string&apos;[39m, flags: [36m[Object][39m }
  }
}
🤖 [MS3-PKG] [DEBUG] 🤖 [MS3-PKG] [DEBUG] 🤖 [MS3-PKG] [DEBUG] 🤖 [MS3-PKG] [DEBUG] 🤖 [MS3-PKG] [DEBUG] 🤖 [MS3-PKG] [DEBUG] 🤖 [MS3-PKG] [DEBUG] 🤖 [MS3-PKG] [DEBUG] 🤖 [MS3-PKG] [DEBUG] 🤖 [MS3-PKG] [DEBUG] 🤖 [MS3-PKG] [DEBUG] 🤖 [MS3-PKG] [DEBUG] 🤖 [MS3-PKG] [DEBUG] 🤖 [MS3-PKG] [DEBUG] 📊 [analyzeJoiSchema] Field provider: type=object, required=false, message=&quot;Optional provider configuration&quot;
🤖 [MS3-PKG] [DEBUG] 🤖 [MS3-PKG] [DEBUG] 🤖 [MS3-PKG] [DEBUG] 🤖 [MS3-PKG] [DEBUG] 🤖 [MS3-PKG] [DEBUG] 🤖 [MS3-PKG] [DEBUG] 🤖 [MS3-PKG] [DEBUG] 🤖 [MS3-PKG] [DEBUG] 🤖 [MS3-PKG] [DEBUG] 🤖 [MS3-PKG] [DEBUG] 🤖 [MS3-PKG] [DEBUG] 🤖 [MS3-PKG] [DEBUG] 🤖 [MS3-PKG] [DEBUG] 🤖 [MS3-PKG] [DEBUG] 🔄 [analyzeJoiSchema] Recursing into nested object: provider
🤖 [MS3-PKG] [DEBUG] 🤖 [MS3-PKG] [DEBUG] 🤖 [MS3-PKG] [DEBUG] 🤖 [MS3-PKG] [DEBUG] 🤖 [MS3-PKG] [DEBUG] 🤖 [MS3-PKG] [DEBUG] 🤖 [MS3-PKG] [DEBUG] 🤖 [MS3-PKG] [DEBUG] 🤖 [MS3-PKG] [DEBUG] 🤖 [MS3-PKG] [DEBUG] 🤖 [MS3-PKG] [DEBUG] 🤖 [MS3-PKG] [DEBUG] 🤖 [MS3-PKG] [DEBUG] 🤖 [MS3-PKG] [DEBUG] 🔑 [analyzeJoiSchema] Processing field: multiChainRpcs
🤖 [MS3-PKG] [DEBUG] 🤖 [MS3-PKG] [DEBUG] 🤖 [MS3-PKG] [DEBUG] 🤖 [MS3-PKG] [DEBUG] 🤖 [MS3-PKG] [DEBUG] 🤖 [MS3-PKG] [DEBUG] 🤖 [MS3-PKG] [DEBUG] 🤖 [MS3-PKG] [DEBUG] 🤖 [MS3-PKG] [DEBUG] 🤖 [MS3-PKG] [DEBUG] 🤖 [MS3-PKG] [DEBUG] 🤖 [MS3-PKG] [DEBUG] 🤖 [MS3-PKG] [DEBUG] 🤖 [MS3-PKG] [DEBUG] 📝 [analyzeJoiSchema] Field description: {
  type: [32m&apos;object&apos;[39m,
  flags: {
    presence: [32m&apos;optional&apos;[39m,
    description: [32m&apos;Multi-chain RPC configuration - maps chain IDs to RPC URL arrays&apos;[39m
  },
  patterns: [ { schema: [36m[Object][39m, rule: [36m[Object][39m } ]
}
🤖 [MS3-PKG] [DEBUG] 🤖 [MS3-PKG] [DEBUG] 🤖 [MS3-PKG] [DEBUG] 🤖 [MS3-PKG] [DEBUG] 🤖 [MS3-PKG] [DEBUG] 🤖 [MS3-PKG] [DEBUG] 🤖 [MS3-PKG] [DEBUG] 🤖 [MS3-PKG] [DEBUG] 🤖 [MS3-PKG] [DEBUG] 🤖 [MS3-PKG] [DEBUG] 🤖 [MS3-PKG] [DEBUG] 🤖 [MS3-PKG] [DEBUG] 🤖 [MS3-PKG] [DEBUG] 🤖 [MS3-PKG] [DEBUG] 📊 [analyzeJoiSchema] Field multiChainRpcs: type=object, required=false, message=&quot;Multi-chain RPC configuration - maps chain IDs to RPC URL arrays&quot;
🤖 [MS3-PKG] [INFO] 🤖 [MS3-PKG] [INFO] 🤖 [MS3-PKG] [INFO] 🤖 [MS3-PKG] [INFO] 🤖 [MS3-PKG] [INFO] 🤖 [MS3-PKG] [INFO] 🤖 [MS3-PKG] [INFO] 🤖 [MS3-PKG] [INFO] 🤖 [MS3-PKG] [INFO] 🤖 [MS3-PKG] [INFO] 🤖 [MS3-PKG] [INFO] 🤖 [MS3-PKG] [INFO] 🤖 [MS3-PKG] [INFO] 🤖 [MS3-PKG] [INFO] 📊 [analyzeJoiSchema] Generated 7 requirements for options
🤖 [MS3-PKG] [DEBUG] 🤖 [MS3-PKG] [DEBUG] 🤖 [MS3-PKG] [DEBUG] 🤖 [MS3-PKG] [DEBUG] 🤖 [MS3-PKG] [DEBUG] 🤖 [MS3-PKG] [DEBUG] 🤖 [MS3-PKG] [DEBUG] 🤖 [MS3-PKG] [DEBUG] 🤖 [MS3-PKG] [DEBUG] 🤖 [MS3-PKG] [DEBUG] 🤖 [MS3-PKG] [DEBUG] 🤖 [MS3-PKG] [DEBUG] 🤖 [MS3-PKG] [DEBUG] 🤖 [MS3-PKG] [DEBUG] 🔍 [getRequirements] Starting analysis for bulk-test-38
🤖 [MS3-PKG] [DEBUG] 🤖 [MS3-PKG] [DEBUG] 🤖 [MS3-PKG] [DEBUG] 🤖 [MS3-PKG] [DEBUG] 🤖 [MS3-PKG] [DEBUG] 🤖 [MS3-PKG] [DEBUG] 🤖 [MS3-PKG] [DEBUG] 🤖 [MS3-PKG] [DEBUG] 🤖 [MS3-PKG] [DEBUG] 🤖 [MS3-PKG] [DEBUG] 🤖 [MS3-PKG] [DEBUG] 🤖 [MS3-PKG] [DEBUG] 🤖 [MS3-PKG] [DEBUG] 🤖 [MS3-PKG] [DEBUG] 🔬 [analyzeJoiSchema] Analyzing schema at path: options
🤖 [MS3-PKG] [DEBUG] 🤖 [MS3-PKG] [DEBUG] 🤖 [MS3-PKG] [DEBUG] 🤖 [MS3-PKG] [DEBUG] 🤖 [MS3-PKG] [DEBUG] 🤖 [MS3-PKG] [DEBUG] 🤖 [MS3-PKG] [DEBUG] 🤖 [MS3-PKG] [DEBUG] 🤖 [MS3-PKG] [DEBUG] 🤖 [MS3-PKG] [DEBUG] 🤖 [MS3-PKG] [DEBUG] 🤖 [MS3-PKG] [DEBUG] 🤖 [MS3-PKG] [DEBUG] 🤖 [MS3-PKG] [DEBUG] 📋 [analyzeJoiSchema] Schema description type: object
🤖 [MS3-PKG] [DEBUG] 🤖 [MS3-PKG] [DEBUG] 🤖 [MS3-PKG] [DEBUG] 🤖 [MS3-PKG] [DEBUG] 🤖 [MS3-PKG] [DEBUG] 🤖 [MS3-PKG] [DEBUG] 🤖 [MS3-PKG] [DEBUG] 🤖 [MS3-PKG] [DEBUG] 🤖 [MS3-PKG] [DEBUG] 🤖 [MS3-PKG] [DEBUG] 🤖 [MS3-PKG] [DEBUG] 🤖 [MS3-PKG] [DEBUG] 🤖 [MS3-PKG] [DEBUG] 🤖 [MS3-PKG] [DEBUG] 📋 [analyzeJoiSchema] Schema keys: [ [32m&apos;web3authConfig&apos;[39m, [32m&apos;multiChainRpcs&apos;[39m ]
🤖 [MS3-PKG] [DEBUG] 🤖 [MS3-PKG] [DEBUG] 🤖 [MS3-PKG] [DEBUG] 🤖 [MS3-PKG] [DEBUG] 🤖 [MS3-PKG] [DEBUG] 🤖 [MS3-PKG] [DEBUG] 🤖 [MS3-PKG] [DEBUG] 🤖 [MS3-PKG] [DEBUG] 🤖 [MS3-PKG] [DEBUG] 🤖 [MS3-PKG] [DEBUG] 🤖 [MS3-PKG] [DEBUG] 🤖 [MS3-PKG] [DEBUG] 🤖 [MS3-PKG] [DEBUG] 🤖 [MS3-PKG] [DEBUG] ✅ [analyzeJoiSchema] Processing object schema with 2 keys
🤖 [MS3-PKG] [DEBUG] 🤖 [MS3-PKG] [DEBUG] 🤖 [MS3-PKG] [DEBUG] 🤖 [MS3-PKG] [DEBUG] 🤖 [MS3-PKG] [DEBUG] 🤖 [MS3-PKG] [DEBUG] 🤖 [MS3-PKG] [DEBUG] 🤖 [MS3-PKG] [DEBUG] 🤖 [MS3-PKG] [DEBUG] 🤖 [MS3-PKG] [DEBUG] 🤖 [MS3-PKG] [DEBUG] 🤖 [MS3-PKG] [DEBUG] 🤖 [MS3-PKG] [DEBUG] 🤖 [MS3-PKG] [DEBUG] 🔑 [analyzeJoiSchema] Processing field: web3authConfig
🤖 [MS3-PKG] [DEBUG] 🤖 [MS3-PKG] [DEBUG] 🤖 [MS3-PKG] [DEBUG] 🤖 [MS3-PKG] [DEBUG] 🤖 [MS3-PKG] [DEBUG] 🤖 [MS3-PKG] [DEBUG] 🤖 [MS3-PKG] [DEBUG] 🤖 [MS3-PKG] [DEBUG] 🤖 [MS3-PKG] [DEBUG] 🤖 [MS3-PKG] [DEBUG] 🤖 [MS3-PKG] [DEBUG] 🤖 [MS3-PKG] [DEBUG] 🤖 [MS3-PKG] [DEBUG] 🤖 [MS3-PKG] [DEBUG] 📝 [analyzeJoiSchema] Field description: {
  type: [32m&apos;object&apos;[39m,
  flags: {
    presence: [32m&apos;required&apos;[39m,
    description: [32m&apos;Web3Auth configuration object&apos;[39m
  },
  keys: {
    clientId: { type: [32m&apos;string&apos;[39m, flags: [36m[Object][39m },
    web3AuthNetwork: { type: [32m&apos;string&apos;[39m, flags: [36m[Object][39m, allow: [36m[Array][39m },
    chainConfig: { type: [32m&apos;object&apos;[39m, flags: [36m[Object][39m, keys: [36m[Object][39m },
    loginConfig: { type: [32m&apos;object&apos;[39m, flags: [36m[Object][39m },
    privateKeyProvider: { type: [32m&apos;any&apos;[39m, flags: [36m[Object][39m }
  }
}
🤖 [MS3-PKG] [DEBUG] 🤖 [MS3-PKG] [DEBUG] 🤖 [MS3-PKG] [DEBUG] 🤖 [MS3-PKG] [DEBUG] 🤖 [MS3-PKG] [DEBUG] 🤖 [MS3-PKG] [DEBUG] 🤖 [MS3-PKG] [DEBUG] 🤖 [MS3-PKG] [DEBUG] 🤖 [MS3-PKG] [DEBUG] 🤖 [MS3-PKG] [DEBUG] 🤖 [MS3-PKG] [DEBUG] 🤖 [MS3-PKG] [DEBUG] 🤖 [MS3-PKG] [DEBUG] 🤖 [MS3-PKG] [DEBUG] 📊 [analyzeJoiSchema] Field web3authConfig: type=object, required=true, message=&quot;Web3Auth configuration object&quot;
🤖 [MS3-PKG] [DEBUG] 🤖 [MS3-PKG] [DEBUG] 🤖 [MS3-PKG] [DEBUG] 🤖 [MS3-PKG] [DEBUG] 🤖 [MS3-PKG] [DEBUG] 🤖 [MS3-PKG] [DEBUG] 🤖 [MS3-PKG] [DEBUG] 🤖 [MS3-PKG] [DEBUG] 🤖 [MS3-PKG] [DEBUG] 🤖 [MS3-PKG] [DEBUG] 🤖 [MS3-PKG] [DEBUG] 🤖 [MS3-PKG] [DEBUG] 🤖 [MS3-PKG] [DEBUG] 🤖 [MS3-PKG] [DEBUG] 🔄 [analyzeJoiSchema] Recursing into nested object: web3authConfig
🤖 [MS3-PKG] [DEBUG] 🤖 [MS3-PKG] [DEBUG] 🤖 [MS3-PKG] [DEBUG] 🤖 [MS3-PKG] [DEBUG] 🤖 [MS3-PKG] [DEBUG] 🤖 [MS3-PKG] [DEBUG] 🤖 [MS3-PKG] [DEBUG] 🤖 [MS3-PKG] [DEBUG] 🤖 [MS3-PKG] [DEBUG] 🤖 [MS3-PKG] [DEBUG] 🤖 [MS3-PKG] [DEBUG] 🤖 [MS3-PKG] [DEBUG] 🤖 [MS3-PKG] [DEBUG] 🤖 [MS3-PKG] [DEBUG] 🔑 [analyzeJoiSchema] Processing field: multiChainRpcs
🤖 [MS3-PKG] [DEBUG] 🤖 [MS3-PKG] [DEBUG] 🤖 [MS3-PKG] [DEBUG] 🤖 [MS3-PKG] [DEBUG] 🤖 [MS3-PKG] [DEBUG] 🤖 [MS3-PKG] [DEBUG] 🤖 [MS3-PKG] [DEBUG] 🤖 [MS3-PKG] [DEBUG] 🤖 [MS3-PKG] [DEBUG] 🤖 [MS3-PKG] [DEBUG] 🤖 [MS3-PKG] [DEBUG] 🤖 [MS3-PKG] [DEBUG] 🤖 [MS3-PKG] [DEBUG] 🤖 [MS3-PKG] [DEBUG] 📝 [analyzeJoiSchema] Field description: {
  type: [32m&apos;object&apos;[39m,
  flags: {
    presence: [32m&apos;optional&apos;[39m,
    description: [32m&apos;Multi-chain RPC configuration - maps chain IDs to RPC URL arrays&apos;[39m
  },
  patterns: [ { schema: [36m[Object][39m, rule: [36m[Object][39m } ]
}
🤖 [MS3-PKG] [DEBUG] 🤖 [MS3-PKG] [DEBUG] 🤖 [MS3-PKG] [DEBUG] 🤖 [MS3-PKG] [DEBUG] 🤖 [MS3-PKG] [DEBUG] 🤖 [MS3-PKG] [DEBUG] 🤖 [MS3-PKG] [DEBUG] 🤖 [MS3-PKG] [DEBUG] 🤖 [MS3-PKG] [DEBUG] 🤖 [MS3-PKG] [DEBUG] 🤖 [MS3-PKG] [DEBUG] 🤖 [MS3-PKG] [DEBUG] 🤖 [MS3-PKG] [DEBUG] 🤖 [MS3-PKG] [DEBUG] 📊 [analyzeJoiSchema] Field multiChainRpcs: type=object, required=false, message=&quot;Multi-chain RPC configuration - maps chain IDs to RPC URL arrays&quot;
🤖 [MS3-PKG] [INFO] 🤖 [MS3-PKG] [INFO] 🤖 [MS3-PKG] [INFO] 🤖 [MS3-PKG] [INFO] 🤖 [MS3-PKG] [INFO] 🤖 [MS3-PKG] [INFO] 🤖 [MS3-PKG] [INFO] 🤖 [MS3-PKG] [INFO] 🤖 [MS3-PKG] [INFO] 🤖 [MS3-PKG] [INFO] 🤖 [MS3-PKG] [INFO] 🤖 [MS3-PKG] [INFO] 🤖 [MS3-PKG] [INFO] 🤖 [MS3-PKG] [INFO] 📊 [analyzeJoiSchema] Generated 14 requirements for options
🤖 [MS3-PKG] [DEBUG] 🤖 [MS3-PKG] [DEBUG] 🤖 [MS3-PKG] [DEBUG] 🤖 [MS3-PKG] [DEBUG] 🤖 [MS3-PKG] [DEBUG] 🤖 [MS3-PKG] [DEBUG] 🤖 [MS3-PKG] [DEBUG] 🤖 [MS3-PKG] [DEBUG] 🤖 [MS3-PKG] [DEBUG] 🤖 [MS3-PKG] [DEBUG] 🤖 [MS3-PKG] [DEBUG] 🤖 [MS3-PKG] [DEBUG] 🤖 [MS3-PKG] [DEBUG] 🤖 [MS3-PKG] [DEBUG] 🔍 [getRequirements] Starting analysis for bulk-test-39
🤖 [MS3-PKG] [DEBUG] 🤖 [MS3-PKG] [DEBUG] 🤖 [MS3-PKG] [DEBUG] 🤖 [MS3-PKG] [DEBUG] 🤖 [MS3-PKG] [DEBUG] 🤖 [MS3-PKG] [DEBUG] 🤖 [MS3-PKG] [DEBUG] 🤖 [MS3-PKG] [DEBUG] 🤖 [MS3-PKG] [DEBUG] 🤖 [MS3-PKG] [DEBUG] 🤖 [MS3-PKG] [DEBUG] 🤖 [MS3-PKG] [DEBUG] 🤖 [MS3-PKG] [DEBUG] 🤖 [MS3-PKG] [DEBUG] 🔬 [analyzeJoiSchema] Analyzing schema at path: options
🤖 [MS3-PKG] [DEBUG] 🤖 [MS3-PKG] [DEBUG] 🤖 [MS3-PKG] [DEBUG] 🤖 [MS3-PKG] [DEBUG] 🤖 [MS3-PKG] [DEBUG] 🤖 [MS3-PKG] [DEBUG] 🤖 [MS3-PKG] [DEBUG] 🤖 [MS3-PKG] [DEBUG] 🤖 [MS3-PKG] [DEBUG] 🤖 [MS3-PKG] [DEBUG] 🤖 [MS3-PKG] [DEBUG] 🤖 [MS3-PKG] [DEBUG] 🤖 [MS3-PKG] [DEBUG] 🤖 [MS3-PKG] [DEBUG] 📋 [analyzeJoiSchema] Schema description type: object
🤖 [MS3-PKG] [DEBUG] 🤖 [MS3-PKG] [DEBUG] 🤖 [MS3-PKG] [DEBUG] 🤖 [MS3-PKG] [DEBUG] 🤖 [MS3-PKG] [DEBUG] 🤖 [MS3-PKG] [DEBUG] 🤖 [MS3-PKG] [DEBUG] 🤖 [MS3-PKG] [DEBUG] 🤖 [MS3-PKG] [DEBUG] 🤖 [MS3-PKG] [DEBUG] 🤖 [MS3-PKG] [DEBUG] 🤖 [MS3-PKG] [DEBUG] 🤖 [MS3-PKG] [DEBUG] 🤖 [MS3-PKG] [DEBUG] 📋 [analyzeJoiSchema] Schema keys: [ [32m&apos;privateKey&apos;[39m, [32m&apos;provider&apos;[39m, [32m&apos;multiChainRpcs&apos;[39m ]
🤖 [MS3-PKG] [DEBUG] 🤖 [MS3-PKG] [DEBUG] 🤖 [MS3-PKG] [DEBUG] 🤖 [MS3-PKG] [DEBUG] 🤖 [MS3-PKG] [DEBUG] 🤖 [MS3-PKG] [DEBUG] 🤖 [MS3-PKG] [DEBUG] 🤖 [MS3-PKG] [DEBUG] 🤖 [MS3-PKG] [DEBUG] 🤖 [MS3-PKG] [DEBUG] 🤖 [MS3-PKG] [DEBUG] 🤖 [MS3-PKG] [DEBUG] 🤖 [MS3-PKG] [DEBUG] 🤖 [MS3-PKG] [DEBUG] ✅ [analyzeJoiSchema] Processing object schema with 3 keys
🤖 [MS3-PKG] [DEBUG] 🤖 [MS3-PKG] [DEBUG] 🤖 [MS3-PKG] [DEBUG] 🤖 [MS3-PKG] [DEBUG] 🤖 [MS3-PKG] [DEBUG] 🤖 [MS3-PKG] [DEBUG] 🤖 [MS3-PKG] [DEBUG] 🤖 [MS3-PKG] [DEBUG] 🤖 [MS3-PKG] [DEBUG] 🤖 [MS3-PKG] [DEBUG] 🤖 [MS3-PKG] [DEBUG] 🤖 [MS3-PKG] [DEBUG] 🤖 [MS3-PKG] [DEBUG] 🤖 [MS3-PKG] [DEBUG] 🔑 [analyzeJoiSchema] Processing field: privateKey
🤖 [MS3-PKG] [DEBUG] 🤖 [MS3-PKG] [DEBUG] 🤖 [MS3-PKG] [DEBUG] 🤖 [MS3-PKG] [DEBUG] 🤖 [MS3-PKG] [DEBUG] 🤖 [MS3-PKG] [DEBUG] 🤖 [MS3-PKG] [DEBUG] 🤖 [MS3-PKG] [DEBUG] 🤖 [MS3-PKG] [DEBUG] 🤖 [MS3-PKG] [DEBUG] 🤖 [MS3-PKG] [DEBUG] 🤖 [MS3-PKG] [DEBUG] 🤖 [MS3-PKG] [DEBUG] 🤖 [MS3-PKG] [DEBUG] 📝 [analyzeJoiSchema] Field description: {
  type: [32m&apos;string&apos;[39m,
  flags: {
    presence: [32m&apos;required&apos;[39m,
    description: [32m&apos;Private key for wallet (generates random if not provided)&apos;[39m
  },
  rules: [ { name: [32m&apos;pattern&apos;[39m, args: [36m[Object][39m } ]
}
🤖 [MS3-PKG] [DEBUG] 🤖 [MS3-PKG] [DEBUG] 🤖 [MS3-PKG] [DEBUG] 🤖 [MS3-PKG] [DEBUG] 🤖 [MS3-PKG] [DEBUG] 🤖 [MS3-PKG] [DEBUG] 🤖 [MS3-PKG] [DEBUG] 🤖 [MS3-PKG] [DEBUG] 🤖 [MS3-PKG] [DEBUG] 🤖 [MS3-PKG] [DEBUG] 🤖 [MS3-PKG] [DEBUG] 🤖 [MS3-PKG] [DEBUG] 🤖 [MS3-PKG] [DEBUG] 🤖 [MS3-PKG] [DEBUG] 📊 [analyzeJoiSchema] Field privateKey: type=string, required=true, message=&quot;Private key for wallet (generates random if not provided)&quot;
🤖 [MS3-PKG] [DEBUG] 🤖 [MS3-PKG] [DEBUG] 🤖 [MS3-PKG] [DEBUG] 🤖 [MS3-PKG] [DEBUG] 🤖 [MS3-PKG] [DEBUG] 🤖 [MS3-PKG] [DEBUG] 🤖 [MS3-PKG] [DEBUG] 🤖 [MS3-PKG] [DEBUG] 🤖 [MS3-PKG] [DEBUG] 🤖 [MS3-PKG] [DEBUG] 🤖 [MS3-PKG] [DEBUG] 🤖 [MS3-PKG] [DEBUG] 🤖 [MS3-PKG] [DEBUG] 🤖 [MS3-PKG] [DEBUG] 🔑 [analyzeJoiSchema] Processing field: provider
🤖 [MS3-PKG] [DEBUG] 🤖 [MS3-PKG] [DEBUG] 🤖 [MS3-PKG] [DEBUG] 🤖 [MS3-PKG] [DEBUG] 🤖 [MS3-PKG] [DEBUG] 🤖 [MS3-PKG] [DEBUG] 🤖 [MS3-PKG] [DEBUG] 🤖 [MS3-PKG] [DEBUG] 🤖 [MS3-PKG] [DEBUG] 🤖 [MS3-PKG] [DEBUG] 🤖 [MS3-PKG] [DEBUG] 🤖 [MS3-PKG] [DEBUG] 🤖 [MS3-PKG] [DEBUG] 🤖 [MS3-PKG] [DEBUG] 📝 [analyzeJoiSchema] Field description: {
  type: [32m&apos;object&apos;[39m,
  flags: {
    presence: [32m&apos;optional&apos;[39m,
    description: [32m&apos;Optional provider configuration&apos;[39m
  },
  keys: {
    name: { type: [32m&apos;string&apos;[39m, flags: [36m[Object][39m },
    chainId: { type: [32m&apos;string&apos;[39m, flags: [36m[Object][39m, rules: [36m[Array][39m },
    rpcUrls: { type: [32m&apos;array&apos;[39m, flags: [36m[Object][39m, rules: [36m[Array][39m, items: [36m[Array][39m },
    displayName: { type: [32m&apos;string&apos;[39m, flags: [36m[Object][39m }
  }
}
🤖 [MS3-PKG] [DEBUG] 🤖 [MS3-PKG] [DEBUG] 🤖 [MS3-PKG] [DEBUG] 🤖 [MS3-PKG] [DEBUG] 🤖 [MS3-PKG] [DEBUG] 🤖 [MS3-PKG] [DEBUG] 🤖 [MS3-PKG] [DEBUG] 🤖 [MS3-PKG] [DEBUG] 🤖 [MS3-PKG] [DEBUG] 🤖 [MS3-PKG] [DEBUG] 🤖 [MS3-PKG] [DEBUG] 🤖 [MS3-PKG] [DEBUG] 🤖 [MS3-PKG] [DEBUG] 🤖 [MS3-PKG] [DEBUG] 📊 [analyzeJoiSchema] Field provider: type=object, required=false, message=&quot;Optional provider configuration&quot;
🤖 [MS3-PKG] [DEBUG] 🤖 [MS3-PKG] [DEBUG] 🤖 [MS3-PKG] [DEBUG] 🤖 [MS3-PKG] [DEBUG] 🤖 [MS3-PKG] [DEBUG] 🤖 [MS3-PKG] [DEBUG] 🤖 [MS3-PKG] [DEBUG] 🤖 [MS3-PKG] [DEBUG] 🤖 [MS3-PKG] [DEBUG] 🤖 [MS3-PKG] [DEBUG] 🤖 [MS3-PKG] [DEBUG] 🤖 [MS3-PKG] [DEBUG] 🤖 [MS3-PKG] [DEBUG] 🤖 [MS3-PKG] [DEBUG] 🔄 [analyzeJoiSchema] Recursing into nested object: provider
🤖 [MS3-PKG] [DEBUG] 🤖 [MS3-PKG] [DEBUG] 🤖 [MS3-PKG] [DEBUG] 🤖 [MS3-PKG] [DEBUG] 🤖 [MS3-PKG] [DEBUG] 🤖 [MS3-PKG] [DEBUG] 🤖 [MS3-PKG] [DEBUG] 🤖 [MS3-PKG] [DEBUG] 🤖 [MS3-PKG] [DEBUG] 🤖 [MS3-PKG] [DEBUG] 🤖 [MS3-PKG] [DEBUG] 🤖 [MS3-PKG] [DEBUG] 🤖 [MS3-PKG] [DEBUG] 🤖 [MS3-PKG] [DEBUG] 🔑 [analyzeJoiSchema] Processing field: multiChainRpcs
🤖 [MS3-PKG] [DEBUG] 🤖 [MS3-PKG] [DEBUG] 🤖 [MS3-PKG] [DEBUG] 🤖 [MS3-PKG] [DEBUG] 🤖 [MS3-PKG] [DEBUG] 🤖 [MS3-PKG] [DEBUG] 🤖 [MS3-PKG] [DEBUG] 🤖 [MS3-PKG] [DEBUG] 🤖 [MS3-PKG] [DEBUG] 🤖 [MS3-PKG] [DEBUG] 🤖 [MS3-PKG] [DEBUG] 🤖 [MS3-PKG] [DEBUG] 🤖 [MS3-PKG] [DEBUG] 🤖 [MS3-PKG] [DEBUG] 📝 [analyzeJoiSchema] Field description: {
  type: [32m&apos;object&apos;[39m,
  flags: {
    presence: [32m&apos;optional&apos;[39m,
    description: [32m&apos;Multi-chain RPC configuration - maps chain IDs to RPC URL arrays&apos;[39m
  },
  patterns: [ { schema: [36m[Object][39m, rule: [36m[Object][39m } ]
}
🤖 [MS3-PKG] [DEBUG] 🤖 [MS3-PKG] [DEBUG] 🤖 [MS3-PKG] [DEBUG] 🤖 [MS3-PKG] [DEBUG] 🤖 [MS3-PKG] [DEBUG] 🤖 [MS3-PKG] [DEBUG] 🤖 [MS3-PKG] [DEBUG] 🤖 [MS3-PKG] [DEBUG] 🤖 [MS3-PKG] [DEBUG] 🤖 [MS3-PKG] [DEBUG] 🤖 [MS3-PKG] [DEBUG] 🤖 [MS3-PKG] [DEBUG] 🤖 [MS3-PKG] [DEBUG] 🤖 [MS3-PKG] [DEBUG] 📊 [analyzeJoiSchema] Field multiChainRpcs: type=object, required=false, message=&quot;Multi-chain RPC configuration - maps chain IDs to RPC URL arrays&quot;
🤖 [MS3-PKG] [INFO] 🤖 [MS3-PKG] [INFO] 🤖 [MS3-PKG] [INFO] 🤖 [MS3-PKG] [INFO] 🤖 [MS3-PKG] [INFO] 🤖 [MS3-PKG] [INFO] 🤖 [MS3-PKG] [INFO] 🤖 [MS3-PKG] [INFO] 🤖 [MS3-PKG] [INFO] 🤖 [MS3-PKG] [INFO] 🤖 [MS3-PKG] [INFO] 🤖 [MS3-PKG] [INFO] 🤖 [MS3-PKG] [INFO] 🤖 [MS3-PKG] [INFO] 📊 [analyzeJoiSchema] Generated 7 requirements for options
🤖 [MS3-PKG] [DEBUG] 🤖 [MS3-PKG] [DEBUG] 🤖 [MS3-PKG] [DEBUG] 🤖 [MS3-PKG] [DEBUG] 🤖 [MS3-PKG] [DEBUG] 🤖 [MS3-PKG] [DEBUG] 🤖 [MS3-PKG] [DEBUG] 🤖 [MS3-PKG] [DEBUG] 🤖 [MS3-PKG] [DEBUG] 🤖 [MS3-PKG] [DEBUG] 🤖 [MS3-PKG] [DEBUG] 🤖 [MS3-PKG] [DEBUG] 🤖 [MS3-PKG] [DEBUG] 🤖 [MS3-PKG] [DEBUG] 🔍 [getRequirements] Starting analysis for bulk-test-39
🤖 [MS3-PKG] [DEBUG] 🤖 [MS3-PKG] [DEBUG] 🤖 [MS3-PKG] [DEBUG] 🤖 [MS3-PKG] [DEBUG] 🤖 [MS3-PKG] [DEBUG] 🤖 [MS3-PKG] [DEBUG] 🤖 [MS3-PKG] [DEBUG] 🤖 [MS3-PKG] [DEBUG] 🤖 [MS3-PKG] [DEBUG] 🤖 [MS3-PKG] [DEBUG] 🤖 [MS3-PKG] [DEBUG] 🤖 [MS3-PKG] [DEBUG] 🤖 [MS3-PKG] [DEBUG] 🤖 [MS3-PKG] [DEBUG] 🔬 [analyzeJoiSchema] Analyzing schema at path: options
🤖 [MS3-PKG] [DEBUG] 🤖 [MS3-PKG] [DEBUG] 🤖 [MS3-PKG] [DEBUG] 🤖 [MS3-PKG] [DEBUG] 🤖 [MS3-PKG] [DEBUG] 🤖 [MS3-PKG] [DEBUG] 🤖 [MS3-PKG] [DEBUG] 🤖 [MS3-PKG] [DEBUG] 🤖 [MS3-PKG] [DEBUG] 🤖 [MS3-PKG] [DEBUG] 🤖 [MS3-PKG] [DEBUG] 🤖 [MS3-PKG] [DEBUG] 🤖 [MS3-PKG] [DEBUG] 🤖 [MS3-PKG] [DEBUG] 📋 [analyzeJoiSchema] Schema description type: object
🤖 [MS3-PKG] [DEBUG] 🤖 [MS3-PKG] [DEBUG] 🤖 [MS3-PKG] [DEBUG] 🤖 [MS3-PKG] [DEBUG] 🤖 [MS3-PKG] [DEBUG] 🤖 [MS3-PKG] [DEBUG] 🤖 [MS3-PKG] [DEBUG] 🤖 [MS3-PKG] [DEBUG] 🤖 [MS3-PKG] [DEBUG] 🤖 [MS3-PKG] [DEBUG] 🤖 [MS3-PKG] [DEBUG] 🤖 [MS3-PKG] [DEBUG] 🤖 [MS3-PKG] [DEBUG] 🤖 [MS3-PKG] [DEBUG] 📋 [analyzeJoiSchema] Schema keys: [ [32m&apos;web3authConfig&apos;[39m, [32m&apos;multiChainRpcs&apos;[39m ]
🤖 [MS3-PKG] [DEBUG] 🤖 [MS3-PKG] [DEBUG] 🤖 [MS3-PKG] [DEBUG] 🤖 [MS3-PKG] [DEBUG] 🤖 [MS3-PKG] [DEBUG] 🤖 [MS3-PKG] [DEBUG] 🤖 [MS3-PKG] [DEBUG] 🤖 [MS3-PKG] [DEBUG] 🤖 [MS3-PKG] [DEBUG] 🤖 [MS3-PKG] [DEBUG] 🤖 [MS3-PKG] [DEBUG] 🤖 [MS3-PKG] [DEBUG] 🤖 [MS3-PKG] [DEBUG] 🤖 [MS3-PKG] [DEBUG] ✅ [analyzeJoiSchema] Processing object schema with 2 keys
🤖 [MS3-PKG] [DEBUG] 🤖 [MS3-PKG] [DEBUG] 🤖 [MS3-PKG] [DEBUG] 🤖 [MS3-PKG] [DEBUG] 🤖 [MS3-PKG] [DEBUG] 🤖 [MS3-PKG] [DEBUG] 🤖 [MS3-PKG] [DEBUG] 🤖 [MS3-PKG] [DEBUG] 🤖 [MS3-PKG] [DEBUG] 🤖 [MS3-PKG] [DEBUG] 🤖 [MS3-PKG] [DEBUG] 🤖 [MS3-PKG] [DEBUG] 🤖 [MS3-PKG] [DEBUG] 🤖 [MS3-PKG] [DEBUG] 🔑 [analyzeJoiSchema] Processing field: web3authConfig
🤖 [MS3-PKG] [DEBUG] 🤖 [MS3-PKG] [DEBUG] 🤖 [MS3-PKG] [DEBUG] 🤖 [MS3-PKG] [DEBUG] 🤖 [MS3-PKG] [DEBUG] 🤖 [MS3-PKG] [DEBUG] 🤖 [MS3-PKG] [DEBUG] 🤖 [MS3-PKG] [DEBUG] 🤖 [MS3-PKG] [DEBUG] 🤖 [MS3-PKG] [DEBUG] 🤖 [MS3-PKG] [DEBUG] 🤖 [MS3-PKG] [DEBUG] 🤖 [MS3-PKG] [DEBUG] 🤖 [MS3-PKG] [DEBUG] 📝 [analyzeJoiSchema] Field description: {
  type: [32m&apos;object&apos;[39m,
  flags: {
    presence: [32m&apos;required&apos;[39m,
    description: [32m&apos;Web3Auth configuration object&apos;[39m
  },
  keys: {
    clientId: { type: [32m&apos;string&apos;[39m, flags: [36m[Object][39m },
    web3AuthNetwork: { type: [32m&apos;string&apos;[39m, flags: [36m[Object][39m, allow: [36m[Array][39m },
    chainConfig: { type: [32m&apos;object&apos;[39m, flags: [36m[Object][39m, keys: [36m[Object][39m },
    loginConfig: { type: [32m&apos;object&apos;[39m, flags: [36m[Object][39m },
    privateKeyProvider: { type: [32m&apos;any&apos;[39m, flags: [36m[Object][39m }
  }
}
🤖 [MS3-PKG] [DEBUG] 🤖 [MS3-PKG] [DEBUG] 🤖 [MS3-PKG] [DEBUG] 🤖 [MS3-PKG] [DEBUG] 🤖 [MS3-PKG] [DEBUG] 🤖 [MS3-PKG] [DEBUG] 🤖 [MS3-PKG] [DEBUG] 🤖 [MS3-PKG] [DEBUG] 🤖 [MS3-PKG] [DEBUG] 🤖 [MS3-PKG] [DEBUG] 🤖 [MS3-PKG] [DEBUG] 🤖 [MS3-PKG] [DEBUG] 🤖 [MS3-PKG] [DEBUG] 🤖 [MS3-PKG] [DEBUG] 📊 [analyzeJoiSchema] Field web3authConfig: type=object, required=true, message=&quot;Web3Auth configuration object&quot;
🤖 [MS3-PKG] [DEBUG] 🤖 [MS3-PKG] [DEBUG] 🤖 [MS3-PKG] [DEBUG] 🤖 [MS3-PKG] [DEBUG] 🤖 [MS3-PKG] [DEBUG] 🤖 [MS3-PKG] [DEBUG] 🤖 [MS3-PKG] [DEBUG] 🤖 [MS3-PKG] [DEBUG] 🤖 [MS3-PKG] [DEBUG] 🤖 [MS3-PKG] [DEBUG] 🤖 [MS3-PKG] [DEBUG] 🤖 [MS3-PKG] [DEBUG] 🤖 [MS3-PKG] [DEBUG] 🤖 [MS3-PKG] [DEBUG] 🔄 [analyzeJoiSchema] Recursing into nested object: web3authConfig
🤖 [MS3-PKG] [DEBUG] 🤖 [MS3-PKG] [DEBUG] 🤖 [MS3-PKG] [DEBUG] 🤖 [MS3-PKG] [DEBUG] 🤖 [MS3-PKG] [DEBUG] 🤖 [MS3-PKG] [DEBUG] 🤖 [MS3-PKG] [DEBUG] 🤖 [MS3-PKG] [DEBUG] 🤖 [MS3-PKG] [DEBUG] 🤖 [MS3-PKG] [DEBUG] 🤖 [MS3-PKG] [DEBUG] 🤖 [MS3-PKG] [DEBUG] 🤖 [MS3-PKG] [DEBUG] 🤖 [MS3-PKG] [DEBUG] 🔑 [analyzeJoiSchema] Processing field: multiChainRpcs
🤖 [MS3-PKG] [DEBUG] 🤖 [MS3-PKG] [DEBUG] 🤖 [MS3-PKG] [DEBUG] 🤖 [MS3-PKG] [DEBUG] 🤖 [MS3-PKG] [DEBUG] 🤖 [MS3-PKG] [DEBUG] 🤖 [MS3-PKG] [DEBUG] 🤖 [MS3-PKG] [DEBUG] 🤖 [MS3-PKG] [DEBUG] 🤖 [MS3-PKG] [DEBUG] 🤖 [MS3-PKG] [DEBUG] 🤖 [MS3-PKG] [DEBUG] 🤖 [MS3-PKG] [DEBUG] 🤖 [MS3-PKG] [DEBUG] 📝 [analyzeJoiSchema] Field description: {
  type: [32m&apos;object&apos;[39m,
  flags: {
    presence: [32m&apos;optional&apos;[39m,
    description: [32m&apos;Multi-chain RPC configuration - maps chain IDs to RPC URL arrays&apos;[39m
  },
  patterns: [ { schema: [36m[Object][39m, rule: [36m[Object][39m } ]
}
🤖 [MS3-PKG] [DEBUG] 🤖 [MS3-PKG] [DEBUG] 🤖 [MS3-PKG] [DEBUG] 🤖 [MS3-PKG] [DEBUG] 🤖 [MS3-PKG] [DEBUG] 🤖 [MS3-PKG] [DEBUG] 🤖 [MS3-PKG] [DEBUG] 🤖 [MS3-PKG] [DEBUG] 🤖 [MS3-PKG] [DEBUG] 🤖 [MS3-PKG] [DEBUG] 🤖 [MS3-PKG] [DEBUG] 🤖 [MS3-PKG] [DEBUG] 🤖 [MS3-PKG] [DEBUG] 🤖 [MS3-PKG] [DEBUG] 📊 [analyzeJoiSchema] Field multiChainRpcs: type=object, required=false, message=&quot;Multi-chain RPC configuration - maps chain IDs to RPC URL arrays&quot;
🤖 [MS3-PKG] [INFO] 🤖 [MS3-PKG] [INFO] 🤖 [MS3-PKG] [INFO] 🤖 [MS3-PKG] [INFO] 🤖 [MS3-PKG] [INFO] 🤖 [MS3-PKG] [INFO] 🤖 [MS3-PKG] [INFO] 🤖 [MS3-PKG] [INFO] 🤖 [MS3-PKG] [INFO] 🤖 [MS3-PKG] [INFO] 🤖 [MS3-PKG] [INFO] 🤖 [MS3-PKG] [INFO] 🤖 [MS3-PKG] [INFO] 🤖 [MS3-PKG] [INFO] 📊 [analyzeJoiSchema] Generated 14 requirements for options
🤖 [MS3-PKG] [DEBUG] 🤖 [MS3-PKG] [DEBUG] 🤖 [MS3-PKG] [DEBUG] 🤖 [MS3-PKG] [DEBUG] 🤖 [MS3-PKG] [DEBUG] 🤖 [MS3-PKG] [DEBUG] 🤖 [MS3-PKG] [DEBUG] 🤖 [MS3-PKG] [DEBUG] 🤖 [MS3-PKG] [DEBUG] 🤖 [MS3-PKG] [DEBUG] 🤖 [MS3-PKG] [DEBUG] 🤖 [MS3-PKG] [DEBUG] 🤖 [MS3-PKG] [DEBUG] 🤖 [MS3-PKG] [DEBUG] 🔍 [getRequirements] Starting analysis for bulk-test-40
🤖 [MS3-PKG] [DEBUG] 🤖 [MS3-PKG] [DEBUG] 🤖 [MS3-PKG] [DEBUG] 🤖 [MS3-PKG] [DEBUG] 🤖 [MS3-PKG] [DEBUG] 🤖 [MS3-PKG] [DEBUG] 🤖 [MS3-PKG] [DEBUG] 🤖 [MS3-PKG] [DEBUG] 🤖 [MS3-PKG] [DEBUG] 🤖 [MS3-PKG] [DEBUG] 🤖 [MS3-PKG] [DEBUG] 🤖 [MS3-PKG] [DEBUG] 🤖 [MS3-PKG] [DEBUG] 🤖 [MS3-PKG] [DEBUG] 🔬 [analyzeJoiSchema] Analyzing schema at path: options
🤖 [MS3-PKG] [DEBUG] 🤖 [MS3-PKG] [DEBUG] 🤖 [MS3-PKG] [DEBUG] 🤖 [MS3-PKG] [DEBUG] 🤖 [MS3-PKG] [DEBUG] 🤖 [MS3-PKG] [DEBUG] 🤖 [MS3-PKG] [DEBUG] 🤖 [MS3-PKG] [DEBUG] 🤖 [MS3-PKG] [DEBUG] 🤖 [MS3-PKG] [DEBUG] 🤖 [MS3-PKG] [DEBUG] 🤖 [MS3-PKG] [DEBUG] 🤖 [MS3-PKG] [DEBUG] 🤖 [MS3-PKG] [DEBUG] 📋 [analyzeJoiSchema] Schema description type: object
🤖 [MS3-PKG] [DEBUG] 🤖 [MS3-PKG] [DEBUG] 🤖 [MS3-PKG] [DEBUG] 🤖 [MS3-PKG] [DEBUG] 🤖 [MS3-PKG] [DEBUG] 🤖 [MS3-PKG] [DEBUG] 🤖 [MS3-PKG] [DEBUG] 🤖 [MS3-PKG] [DEBUG] 🤖 [MS3-PKG] [DEBUG] 🤖 [MS3-PKG] [DEBUG] 🤖 [MS3-PKG] [DEBUG] 🤖 [MS3-PKG] [DEBUG] 🤖 [MS3-PKG] [DEBUG] 🤖 [MS3-PKG] [DEBUG] 📋 [analyzeJoiSchema] Schema keys: [ [32m&apos;privateKey&apos;[39m, [32m&apos;provider&apos;[39m, [32m&apos;multiChainRpcs&apos;[39m ]
🤖 [MS3-PKG] [DEBUG] 🤖 [MS3-PKG] [DEBUG] 🤖 [MS3-PKG] [DEBUG] 🤖 [MS3-PKG] [DEBUG] 🤖 [MS3-PKG] [DEBUG] 🤖 [MS3-PKG] [DEBUG] 🤖 [MS3-PKG] [DEBUG] 🤖 [MS3-PKG] [DEBUG] 🤖 [MS3-PKG] [DEBUG] 🤖 [MS3-PKG] [DEBUG] 🤖 [MS3-PKG] [DEBUG] 🤖 [MS3-PKG] [DEBUG] 🤖 [MS3-PKG] [DEBUG] 🤖 [MS3-PKG] [DEBUG] ✅ [analyzeJoiSchema] Processing object schema with 3 keys
🤖 [MS3-PKG] [DEBUG] 🤖 [MS3-PKG] [DEBUG] 🤖 [MS3-PKG] [DEBUG] 🤖 [MS3-PKG] [DEBUG] 🤖 [MS3-PKG] [DEBUG] 🤖 [MS3-PKG] [DEBUG] 🤖 [MS3-PKG] [DEBUG] 🤖 [MS3-PKG] [DEBUG] 🤖 [MS3-PKG] [DEBUG] 🤖 [MS3-PKG] [DEBUG] 🤖 [MS3-PKG] [DEBUG] 🤖 [MS3-PKG] [DEBUG] 🤖 [MS3-PKG] [DEBUG] 🤖 [MS3-PKG] [DEBUG] 🔑 [analyzeJoiSchema] Processing field: privateKey
🤖 [MS3-PKG] [DEBUG] 🤖 [MS3-PKG] [DEBUG] 🤖 [MS3-PKG] [DEBUG] 🤖 [MS3-PKG] [DEBUG] 🤖 [MS3-PKG] [DEBUG] 🤖 [MS3-PKG] [DEBUG] 🤖 [MS3-PKG] [DEBUG] 🤖 [MS3-PKG] [DEBUG] 🤖 [MS3-PKG] [DEBUG] 🤖 [MS3-PKG] [DEBUG] 🤖 [MS3-PKG] [DEBUG] 🤖 [MS3-PKG] [DEBUG] 🤖 [MS3-PKG] [DEBUG] 🤖 [MS3-PKG] [DEBUG] 📝 [analyzeJoiSchema] Field description: {
  type: [32m&apos;string&apos;[39m,
  flags: {
    presence: [32m&apos;required&apos;[39m,
    description: [32m&apos;Private key for wallet (generates random if not provided)&apos;[39m
  },
  rules: [ { name: [32m&apos;pattern&apos;[39m, args: [36m[Object][39m } ]
}
🤖 [MS3-PKG] [DEBUG] 🤖 [MS3-PKG] [DEBUG] 🤖 [MS3-PKG] [DEBUG] 🤖 [MS3-PKG] [DEBUG] 🤖 [MS3-PKG] [DEBUG] 🤖 [MS3-PKG] [DEBUG] 🤖 [MS3-PKG] [DEBUG] 🤖 [MS3-PKG] [DEBUG] 🤖 [MS3-PKG] [DEBUG] 🤖 [MS3-PKG] [DEBUG] 🤖 [MS3-PKG] [DEBUG] 🤖 [MS3-PKG] [DEBUG] 🤖 [MS3-PKG] [DEBUG] 🤖 [MS3-PKG] [DEBUG] 📊 [analyzeJoiSchema] Field privateKey: type=string, required=true, message=&quot;Private key for wallet (generates random if not provided)&quot;
🤖 [MS3-PKG] [DEBUG] 🤖 [MS3-PKG] [DEBUG] 🤖 [MS3-PKG] [DEBUG] 🤖 [MS3-PKG] [DEBUG] 🤖 [MS3-PKG] [DEBUG] 🤖 [MS3-PKG] [DEBUG] 🤖 [MS3-PKG] [DEBUG] 🤖 [MS3-PKG] [DEBUG] 🤖 [MS3-PKG] [DEBUG] 🤖 [MS3-PKG] [DEBUG] 🤖 [MS3-PKG] [DEBUG] 🤖 [MS3-PKG] [DEBUG] 🤖 [MS3-PKG] [DEBUG] 🤖 [MS3-PKG] [DEBUG] 🔑 [analyzeJoiSchema] Processing field: provider
🤖 [MS3-PKG] [DEBUG] 🤖 [MS3-PKG] [DEBUG] 🤖 [MS3-PKG] [DEBUG] 🤖 [MS3-PKG] [DEBUG] 🤖 [MS3-PKG] [DEBUG] 🤖 [MS3-PKG] [DEBUG] 🤖 [MS3-PKG] [DEBUG] 🤖 [MS3-PKG] [DEBUG] 🤖 [MS3-PKG] [DEBUG] 🤖 [MS3-PKG] [DEBUG] 🤖 [MS3-PKG] [DEBUG] 🤖 [MS3-PKG] [DEBUG] 🤖 [MS3-PKG] [DEBUG] 🤖 [MS3-PKG] [DEBUG] 📝 [analyzeJoiSchema] Field description: {
  type: [32m&apos;object&apos;[39m,
  flags: {
    presence: [32m&apos;optional&apos;[39m,
    description: [32m&apos;Optional provider configuration&apos;[39m
  },
  keys: {
    name: { type: [32m&apos;string&apos;[39m, flags: [36m[Object][39m },
    chainId: { type: [32m&apos;string&apos;[39m, flags: [36m[Object][39m, rules: [36m[Array][39m },
    rpcUrls: { type: [32m&apos;array&apos;[39m, flags: [36m[Object][39m, rules: [36m[Array][39m, items: [36m[Array][39m },
    displayName: { type: [32m&apos;string&apos;[39m, flags: [36m[Object][39m }
  }
}
🤖 [MS3-PKG] [DEBUG] 🤖 [MS3-PKG] [DEBUG] 🤖 [MS3-PKG] [DEBUG] 🤖 [MS3-PKG] [DEBUG] 🤖 [MS3-PKG] [DEBUG] 🤖 [MS3-PKG] [DEBUG] 🤖 [MS3-PKG] [DEBUG] 🤖 [MS3-PKG] [DEBUG] 🤖 [MS3-PKG] [DEBUG] 🤖 [MS3-PKG] [DEBUG] 🤖 [MS3-PKG] [DEBUG] 🤖 [MS3-PKG] [DEBUG] 🤖 [MS3-PKG] [DEBUG] 🤖 [MS3-PKG] [DEBUG] 📊 [analyzeJoiSchema] Field provider: type=object, required=false, message=&quot;Optional provider configuration&quot;
🤖 [MS3-PKG] [DEBUG] 🤖 [MS3-PKG] [DEBUG] 🤖 [MS3-PKG] [DEBUG] 🤖 [MS3-PKG] [DEBUG] 🤖 [MS3-PKG] [DEBUG] 🤖 [MS3-PKG] [DEBUG] 🤖 [MS3-PKG] [DEBUG] 🤖 [MS3-PKG] [DEBUG] 🤖 [MS3-PKG] [DEBUG] 🤖 [MS3-PKG] [DEBUG] 🤖 [MS3-PKG] [DEBUG] 🤖 [MS3-PKG] [DEBUG] 🤖 [MS3-PKG] [DEBUG] 🤖 [MS3-PKG] [DEBUG] 🔄 [analyzeJoiSchema] Recursing into nested object: provider
🤖 [MS3-PKG] [DEBUG] 🤖 [MS3-PKG] [DEBUG] 🤖 [MS3-PKG] [DEBUG] 🤖 [MS3-PKG] [DEBUG] 🤖 [MS3-PKG] [DEBUG] 🤖 [MS3-PKG] [DEBUG] 🤖 [MS3-PKG] [DEBUG] 🤖 [MS3-PKG] [DEBUG] 🤖 [MS3-PKG] [DEBUG] 🤖 [MS3-PKG] [DEBUG] 🤖 [MS3-PKG] [DEBUG] 🤖 [MS3-PKG] [DEBUG] 🤖 [MS3-PKG] [DEBUG] 🤖 [MS3-PKG] [DEBUG] 🔑 [analyzeJoiSchema] Processing field: multiChainRpcs
🤖 [MS3-PKG] [DEBUG] 🤖 [MS3-PKG] [DEBUG] 🤖 [MS3-PKG] [DEBUG] 🤖 [MS3-PKG] [DEBUG] 🤖 [MS3-PKG] [DEBUG] 🤖 [MS3-PKG] [DEBUG] 🤖 [MS3-PKG] [DEBUG] 🤖 [MS3-PKG] [DEBUG] 🤖 [MS3-PKG] [DEBUG] 🤖 [MS3-PKG] [DEBUG] 🤖 [MS3-PKG] [DEBUG] 🤖 [MS3-PKG] [DEBUG] 🤖 [MS3-PKG] [DEBUG] 🤖 [MS3-PKG] [DEBUG] 📝 [analyzeJoiSchema] Field description: {
  type: [32m&apos;object&apos;[39m,
  flags: {
    presence: [32m&apos;optional&apos;[39m,
    description: [32m&apos;Multi-chain RPC configuration - maps chain IDs to RPC URL arrays&apos;[39m
  },
  patterns: [ { schema: [36m[Object][39m, rule: [36m[Object][39m } ]
}
🤖 [MS3-PKG] [DEBUG] 🤖 [MS3-PKG] [DEBUG] 🤖 [MS3-PKG] [DEBUG] 🤖 [MS3-PKG] [DEBUG] 🤖 [MS3-PKG] [DEBUG] 🤖 [MS3-PKG] [DEBUG] 🤖 [MS3-PKG] [DEBUG] 🤖 [MS3-PKG] [DEBUG] 🤖 [MS3-PKG] [DEBUG] 🤖 [MS3-PKG] [DEBUG] 🤖 [MS3-PKG] [DEBUG] 🤖 [MS3-PKG] [DEBUG] 🤖 [MS3-PKG] [DEBUG] 🤖 [MS3-PKG] [DEBUG] 📊 [analyzeJoiSchema] Field multiChainRpcs: type=object, required=false, message=&quot;Multi-chain RPC configuration - maps chain IDs to RPC URL arrays&quot;
🤖 [MS3-PKG] [INFO] 🤖 [MS3-PKG] [INFO] 🤖 [MS3-PKG] [INFO] 🤖 [MS3-PKG] [INFO] 🤖 [MS3-PKG] [INFO] 🤖 [MS3-PKG] [INFO] 🤖 [MS3-PKG] [INFO] 🤖 [MS3-PKG] [INFO] 🤖 [MS3-PKG] [INFO] 🤖 [MS3-PKG] [INFO] 🤖 [MS3-PKG] [INFO] 🤖 [MS3-PKG] [INFO] 🤖 [MS3-PKG] [INFO] 🤖 [MS3-PKG] [INFO] 📊 [analyzeJoiSchema] Generated 7 requirements for options
🤖 [MS3-PKG] [DEBUG] 🤖 [MS3-PKG] [DEBUG] 🤖 [MS3-PKG] [DEBUG] 🤖 [MS3-PKG] [DEBUG] 🤖 [MS3-PKG] [DEBUG] 🤖 [MS3-PKG] [DEBUG] 🤖 [MS3-PKG] [DEBUG] 🤖 [MS3-PKG] [DEBUG] 🤖 [MS3-PKG] [DEBUG] 🤖 [MS3-PKG] [DEBUG] 🤖 [MS3-PKG] [DEBUG] 🤖 [MS3-PKG] [DEBUG] 🤖 [MS3-PKG] [DEBUG] 🤖 [MS3-PKG] [DEBUG] 🔍 [getRequirements] Starting analysis for bulk-test-40
🤖 [MS3-PKG] [DEBUG] 🤖 [MS3-PKG] [DEBUG] 🤖 [MS3-PKG] [DEBUG] 🤖 [MS3-PKG] [DEBUG] 🤖 [MS3-PKG] [DEBUG] 🤖 [MS3-PKG] [DEBUG] 🤖 [MS3-PKG] [DEBUG] 🤖 [MS3-PKG] [DEBUG] 🤖 [MS3-PKG] [DEBUG] 🤖 [MS3-PKG] [DEBUG] 🤖 [MS3-PKG] [DEBUG] 🤖 [MS3-PKG] [DEBUG] 🤖 [MS3-PKG] [DEBUG] 🤖 [MS3-PKG] [DEBUG] 🔬 [analyzeJoiSchema] Analyzing schema at path: options
🤖 [MS3-PKG] [DEBUG] 🤖 [MS3-PKG] [DEBUG] 🤖 [MS3-PKG] [DEBUG] 🤖 [MS3-PKG] [DEBUG] 🤖 [MS3-PKG] [DEBUG] 🤖 [MS3-PKG] [DEBUG] 🤖 [MS3-PKG] [DEBUG] 🤖 [MS3-PKG] [DEBUG] 🤖 [MS3-PKG] [DEBUG] 🤖 [MS3-PKG] [DEBUG] 🤖 [MS3-PKG] [DEBUG] 🤖 [MS3-PKG] [DEBUG] 🤖 [MS3-PKG] [DEBUG] 🤖 [MS3-PKG] [DEBUG] 📋 [analyzeJoiSchema] Schema description type: object
🤖 [MS3-PKG] [DEBUG] 🤖 [MS3-PKG] [DEBUG] 🤖 [MS3-PKG] [DEBUG] 🤖 [MS3-PKG] [DEBUG] 🤖 [MS3-PKG] [DEBUG] 🤖 [MS3-PKG] [DEBUG] 🤖 [MS3-PKG] [DEBUG] 🤖 [MS3-PKG] [DEBUG] 🤖 [MS3-PKG] [DEBUG] 🤖 [MS3-PKG] [DEBUG] 🤖 [MS3-PKG] [DEBUG] 🤖 [MS3-PKG] [DEBUG] 🤖 [MS3-PKG] [DEBUG] 🤖 [MS3-PKG] [DEBUG] 📋 [analyzeJoiSchema] Schema keys: [ [32m&apos;web3authConfig&apos;[39m, [32m&apos;multiChainRpcs&apos;[39m ]
🤖 [MS3-PKG] [DEBUG] 🤖 [MS3-PKG] [DEBUG] 🤖 [MS3-PKG] [DEBUG] 🤖 [MS3-PKG] [DEBUG] 🤖 [MS3-PKG] [DEBUG] 🤖 [MS3-PKG] [DEBUG] 🤖 [MS3-PKG] [DEBUG] 🤖 [MS3-PKG] [DEBUG] 🤖 [MS3-PKG] [DEBUG] 🤖 [MS3-PKG] [DEBUG] 🤖 [MS3-PKG] [DEBUG] 🤖 [MS3-PKG] [DEBUG] 🤖 [MS3-PKG] [DEBUG] 🤖 [MS3-PKG] [DEBUG] ✅ [analyzeJoiSchema] Processing object schema with 2 keys
🤖 [MS3-PKG] [DEBUG] 🤖 [MS3-PKG] [DEBUG] 🤖 [MS3-PKG] [DEBUG] 🤖 [MS3-PKG] [DEBUG] 🤖 [MS3-PKG] [DEBUG] 🤖 [MS3-PKG] [DEBUG] 🤖 [MS3-PKG] [DEBUG] 🤖 [MS3-PKG] [DEBUG] 🤖 [MS3-PKG] [DEBUG] 🤖 [MS3-PKG] [DEBUG] 🤖 [MS3-PKG] [DEBUG] 🤖 [MS3-PKG] [DEBUG] 🤖 [MS3-PKG] [DEBUG] 🤖 [MS3-PKG] [DEBUG] 🔑 [analyzeJoiSchema] Processing field: web3authConfig
🤖 [MS3-PKG] [DEBUG] 🤖 [MS3-PKG] [DEBUG] 🤖 [MS3-PKG] [DEBUG] 🤖 [MS3-PKG] [DEBUG] 🤖 [MS3-PKG] [DEBUG] 🤖 [MS3-PKG] [DEBUG] 🤖 [MS3-PKG] [DEBUG] 🤖 [MS3-PKG] [DEBUG] 🤖 [MS3-PKG] [DEBUG] 🤖 [MS3-PKG] [DEBUG] 🤖 [MS3-PKG] [DEBUG] 🤖 [MS3-PKG] [DEBUG] 🤖 [MS3-PKG] [DEBUG] 🤖 [MS3-PKG] [DEBUG] 📝 [analyzeJoiSchema] Field description: {
  type: [32m&apos;object&apos;[39m,
  flags: {
    presence: [32m&apos;required&apos;[39m,
    description: [32m&apos;Web3Auth configuration object&apos;[39m
  },
  keys: {
    clientId: { type: [32m&apos;string&apos;[39m, flags: [36m[Object][39m },
    web3AuthNetwork: { type: [32m&apos;string&apos;[39m, flags: [36m[Object][39m, allow: [36m[Array][39m },
    chainConfig: { type: [32m&apos;object&apos;[39m, flags: [36m[Object][39m, keys: [36m[Object][39m },
    loginConfig: { type: [32m&apos;object&apos;[39m, flags: [36m[Object][39m },
    privateKeyProvider: { type: [32m&apos;any&apos;[39m, flags: [36m[Object][39m }
  }
}
🤖 [MS3-PKG] [DEBUG] 🤖 [MS3-PKG] [DEBUG] 🤖 [MS3-PKG] [DEBUG] 🤖 [MS3-PKG] [DEBUG] 🤖 [MS3-PKG] [DEBUG] 🤖 [MS3-PKG] [DEBUG] 🤖 [MS3-PKG] [DEBUG] 🤖 [MS3-PKG] [DEBUG] 🤖 [MS3-PKG] [DEBUG] 🤖 [MS3-PKG] [DEBUG] 🤖 [MS3-PKG] [DEBUG] 🤖 [MS3-PKG] [DEBUG] 🤖 [MS3-PKG] [DEBUG] 🤖 [MS3-PKG] [DEBUG] 📊 [analyzeJoiSchema] Field web3authConfig: type=object, required=true, message=&quot;Web3Auth configuration object&quot;
🤖 [MS3-PKG] [DEBUG] 🤖 [MS3-PKG] [DEBUG] 🤖 [MS3-PKG] [DEBUG] 🤖 [MS3-PKG] [DEBUG] 🤖 [MS3-PKG] [DEBUG] 🤖 [MS3-PKG] [DEBUG] 🤖 [MS3-PKG] [DEBUG] 🤖 [MS3-PKG] [DEBUG] 🤖 [MS3-PKG] [DEBUG] 🤖 [MS3-PKG] [DEBUG] 🤖 [MS3-PKG] [DEBUG] 🤖 [MS3-PKG] [DEBUG] 🤖 [MS3-PKG] [DEBUG] 🤖 [MS3-PKG] [DEBUG] 🔄 [analyzeJoiSchema] Recursing into nested object: web3authConfig
🤖 [MS3-PKG] [DEBUG] 🤖 [MS3-PKG] [DEBUG] 🤖 [MS3-PKG] [DEBUG] 🤖 [MS3-PKG] [DEBUG] 🤖 [MS3-PKG] [DEBUG] 🤖 [MS3-PKG] [DEBUG] 🤖 [MS3-PKG] [DEBUG] 🤖 [MS3-PKG] [DEBUG] 🤖 [MS3-PKG] [DEBUG] 🤖 [MS3-PKG] [DEBUG] 🤖 [MS3-PKG] [DEBUG] 🤖 [MS3-PKG] [DEBUG] 🤖 [MS3-PKG] [DEBUG] 🤖 [MS3-PKG] [DEBUG] 🔑 [analyzeJoiSchema] Processing field: multiChainRpcs
🤖 [MS3-PKG] [DEBUG] 🤖 [MS3-PKG] [DEBUG] 🤖 [MS3-PKG] [DEBUG] 🤖 [MS3-PKG] [DEBUG] 🤖 [MS3-PKG] [DEBUG] 🤖 [MS3-PKG] [DEBUG] 🤖 [MS3-PKG] [DEBUG] 🤖 [MS3-PKG] [DEBUG] 🤖 [MS3-PKG] [DEBUG] 🤖 [MS3-PKG] [DEBUG] 🤖 [MS3-PKG] [DEBUG] 🤖 [MS3-PKG] [DEBUG] 🤖 [MS3-PKG] [DEBUG] 🤖 [MS3-PKG] [DEBUG] 📝 [analyzeJoiSchema] Field description: {
  type: [32m&apos;object&apos;[39m,
  flags: {
    presence: [32m&apos;optional&apos;[39m,
    description: [32m&apos;Multi-chain RPC configuration - maps chain IDs to RPC URL arrays&apos;[39m
  },
  patterns: [ { schema: [36m[Object][39m, rule: [36m[Object][39m } ]
}
🤖 [MS3-PKG] [DEBUG] 🤖 [MS3-PKG] [DEBUG] 🤖 [MS3-PKG] [DEBUG] 🤖 [MS3-PKG] [DEBUG] 🤖 [MS3-PKG] [DEBUG] 🤖 [MS3-PKG] [DEBUG] 🤖 [MS3-PKG] [DEBUG] 🤖 [MS3-PKG] [DEBUG] 🤖 [MS3-PKG] [DEBUG] 🤖 [MS3-PKG] [DEBUG] 🤖 [MS3-PKG] [DEBUG] 🤖 [MS3-PKG] [DEBUG] 🤖 [MS3-PKG] [DEBUG] 🤖 [MS3-PKG] [DEBUG] 📊 [analyzeJoiSchema] Field multiChainRpcs: type=object, required=false, message=&quot;Multi-chain RPC configuration - maps chain IDs to RPC URL arrays&quot;
🤖 [MS3-PKG] [INFO] 🤖 [MS3-PKG] [INFO] 🤖 [MS3-PKG] [INFO] 🤖 [MS3-PKG] [INFO] 🤖 [MS3-PKG] [INFO] 🤖 [MS3-PKG] [INFO] 🤖 [MS3-PKG] [INFO] 🤖 [MS3-PKG] [INFO] 🤖 [MS3-PKG] [INFO] 🤖 [MS3-PKG] [INFO] 🤖 [MS3-PKG] [INFO] 🤖 [MS3-PKG] [INFO] 🤖 [MS3-PKG] [INFO] 🤖 [MS3-PKG] [INFO] 📊 [analyzeJoiSchema] Generated 14 requirements for options
🤖 [MS3-PKG] [DEBUG] 🤖 [MS3-PKG] [DEBUG] 🤖 [MS3-PKG] [DEBUG] 🤖 [MS3-PKG] [DEBUG] 🤖 [MS3-PKG] [DEBUG] 🤖 [MS3-PKG] [DEBUG] 🤖 [MS3-PKG] [DEBUG] 🤖 [MS3-PKG] [DEBUG] 🤖 [MS3-PKG] [DEBUG] 🤖 [MS3-PKG] [DEBUG] 🤖 [MS3-PKG] [DEBUG] 🤖 [MS3-PKG] [DEBUG] 🤖 [MS3-PKG] [DEBUG] 🤖 [MS3-PKG] [DEBUG] 🔍 [getRequirements] Starting analysis for bulk-test-41
🤖 [MS3-PKG] [DEBUG] 🤖 [MS3-PKG] [DEBUG] 🤖 [MS3-PKG] [DEBUG] 🤖 [MS3-PKG] [DEBUG] 🤖 [MS3-PKG] [DEBUG] 🤖 [MS3-PKG] [DEBUG] 🤖 [MS3-PKG] [DEBUG] 🤖 [MS3-PKG] [DEBUG] 🤖 [MS3-PKG] [DEBUG] 🤖 [MS3-PKG] [DEBUG] 🤖 [MS3-PKG] [DEBUG] 🤖 [MS3-PKG] [DEBUG] 🤖 [MS3-PKG] [DEBUG] 🤖 [MS3-PKG] [DEBUG] 🔬 [analyzeJoiSchema] Analyzing schema at path: options
🤖 [MS3-PKG] [DEBUG] 🤖 [MS3-PKG] [DEBUG] 🤖 [MS3-PKG] [DEBUG] 🤖 [MS3-PKG] [DEBUG] 🤖 [MS3-PKG] [DEBUG] 🤖 [MS3-PKG] [DEBUG] 🤖 [MS3-PKG] [DEBUG] 🤖 [MS3-PKG] [DEBUG] 🤖 [MS3-PKG] [DEBUG] 🤖 [MS3-PKG] [DEBUG] 🤖 [MS3-PKG] [DEBUG] 🤖 [MS3-PKG] [DEBUG] 🤖 [MS3-PKG] [DEBUG] 🤖 [MS3-PKG] [DEBUG] 📋 [analyzeJoiSchema] Schema description type: object
🤖 [MS3-PKG] [DEBUG] 🤖 [MS3-PKG] [DEBUG] 🤖 [MS3-PKG] [DEBUG] 🤖 [MS3-PKG] [DEBUG] 🤖 [MS3-PKG] [DEBUG] 🤖 [MS3-PKG] [DEBUG] 🤖 [MS3-PKG] [DEBUG] 🤖 [MS3-PKG] [DEBUG] 🤖 [MS3-PKG] [DEBUG] 🤖 [MS3-PKG] [DEBUG] 🤖 [MS3-PKG] [DEBUG] 🤖 [MS3-PKG] [DEBUG] 🤖 [MS3-PKG] [DEBUG] 🤖 [MS3-PKG] [DEBUG] 📋 [analyzeJoiSchema] Schema keys: [ [32m&apos;privateKey&apos;[39m, [32m&apos;provider&apos;[39m, [32m&apos;multiChainRpcs&apos;[39m ]
🤖 [MS3-PKG] [DEBUG] 🤖 [MS3-PKG] [DEBUG] 🤖 [MS3-PKG] [DEBUG] 🤖 [MS3-PKG] [DEBUG] 🤖 [MS3-PKG] [DEBUG] 🤖 [MS3-PKG] [DEBUG] 🤖 [MS3-PKG] [DEBUG] 🤖 [MS3-PKG] [DEBUG] 🤖 [MS3-PKG] [DEBUG] 🤖 [MS3-PKG] [DEBUG] 🤖 [MS3-PKG] [DEBUG] 🤖 [MS3-PKG] [DEBUG] 🤖 [MS3-PKG] [DEBUG] 🤖 [MS3-PKG] [DEBUG] ✅ [analyzeJoiSchema] Processing object schema with 3 keys
🤖 [MS3-PKG] [DEBUG] 🤖 [MS3-PKG] [DEBUG] 🤖 [MS3-PKG] [DEBUG] 🤖 [MS3-PKG] [DEBUG] 🤖 [MS3-PKG] [DEBUG] 🤖 [MS3-PKG] [DEBUG] 🤖 [MS3-PKG] [DEBUG] 🤖 [MS3-PKG] [DEBUG] 🤖 [MS3-PKG] [DEBUG] 🤖 [MS3-PKG] [DEBUG] 🤖 [MS3-PKG] [DEBUG] 🤖 [MS3-PKG] [DEBUG] 🤖 [MS3-PKG] [DEBUG] 🤖 [MS3-PKG] [DEBUG] 🔑 [analyzeJoiSchema] Processing field: privateKey
🤖 [MS3-PKG] [DEBUG] 🤖 [MS3-PKG] [DEBUG] 🤖 [MS3-PKG] [DEBUG] 🤖 [MS3-PKG] [DEBUG] 🤖 [MS3-PKG] [DEBUG] 🤖 [MS3-PKG] [DEBUG] 🤖 [MS3-PKG] [DEBUG] 🤖 [MS3-PKG] [DEBUG] 🤖 [MS3-PKG] [DEBUG] 🤖 [MS3-PKG] [DEBUG] 🤖 [MS3-PKG] [DEBUG] 🤖 [MS3-PKG] [DEBUG] 🤖 [MS3-PKG] [DEBUG] 🤖 [MS3-PKG] [DEBUG] 📝 [analyzeJoiSchema] Field description: {
  type: [32m&apos;string&apos;[39m,
  flags: {
    presence: [32m&apos;required&apos;[39m,
    description: [32m&apos;Private key for wallet (generates random if not provided)&apos;[39m
  },
  rules: [ { name: [32m&apos;pattern&apos;[39m, args: [36m[Object][39m } ]
}
🤖 [MS3-PKG] [DEBUG] 🤖 [MS3-PKG] [DEBUG] 🤖 [MS3-PKG] [DEBUG] 🤖 [MS3-PKG] [DEBUG] 🤖 [MS3-PKG] [DEBUG] 🤖 [MS3-PKG] [DEBUG] 🤖 [MS3-PKG] [DEBUG] 🤖 [MS3-PKG] [DEBUG] 🤖 [MS3-PKG] [DEBUG] 🤖 [MS3-PKG] [DEBUG] 🤖 [MS3-PKG] [DEBUG] 🤖 [MS3-PKG] [DEBUG] 🤖 [MS3-PKG] [DEBUG] 🤖 [MS3-PKG] [DEBUG] 📊 [analyzeJoiSchema] Field privateKey: type=string, required=true, message=&quot;Private key for wallet (generates random if not provided)&quot;
🤖 [MS3-PKG] [DEBUG] 🤖 [MS3-PKG] [DEBUG] 🤖 [MS3-PKG] [DEBUG] 🤖 [MS3-PKG] [DEBUG] 🤖 [MS3-PKG] [DEBUG] 🤖 [MS3-PKG] [DEBUG] 🤖 [MS3-PKG] [DEBUG] 🤖 [MS3-PKG] [DEBUG] 🤖 [MS3-PKG] [DEBUG] 🤖 [MS3-PKG] [DEBUG] 🤖 [MS3-PKG] [DEBUG] 🤖 [MS3-PKG] [DEBUG] 🤖 [MS3-PKG] [DEBUG] 🤖 [MS3-PKG] [DEBUG] 🔑 [analyzeJoiSchema] Processing field: provider
🤖 [MS3-PKG] [DEBUG] 🤖 [MS3-PKG] [DEBUG] 🤖 [MS3-PKG] [DEBUG] 🤖 [MS3-PKG] [DEBUG] 🤖 [MS3-PKG] [DEBUG] 🤖 [MS3-PKG] [DEBUG] 🤖 [MS3-PKG] [DEBUG] 🤖 [MS3-PKG] [DEBUG] 🤖 [MS3-PKG] [DEBUG] 🤖 [MS3-PKG] [DEBUG] 🤖 [MS3-PKG] [DEBUG] 🤖 [MS3-PKG] [DEBUG] 🤖 [MS3-PKG] [DEBUG] 🤖 [MS3-PKG] [DEBUG] 📝 [analyzeJoiSchema] Field description: {
  type: [32m&apos;object&apos;[39m,
  flags: {
    presence: [32m&apos;optional&apos;[39m,
    description: [32m&apos;Optional provider configuration&apos;[39m
  },
  keys: {
    name: { type: [32m&apos;string&apos;[39m, flags: [36m[Object][39m },
    chainId: { type: [32m&apos;string&apos;[39m, flags: [36m[Object][39m, rules: [36m[Array][39m },
    rpcUrls: { type: [32m&apos;array&apos;[39m, flags: [36m[Object][39m, rules: [36m[Array][39m, items: [36m[Array][39m },
    displayName: { type: [32m&apos;string&apos;[39m, flags: [36m[Object][39m }
  }
}
🤖 [MS3-PKG] [DEBUG] 🤖 [MS3-PKG] [DEBUG] 🤖 [MS3-PKG] [DEBUG] 🤖 [MS3-PKG] [DEBUG] 🤖 [MS3-PKG] [DEBUG] 🤖 [MS3-PKG] [DEBUG] 🤖 [MS3-PKG] [DEBUG] 🤖 [MS3-PKG] [DEBUG] 🤖 [MS3-PKG] [DEBUG] 🤖 [MS3-PKG] [DEBUG] 🤖 [MS3-PKG] [DEBUG] 🤖 [MS3-PKG] [DEBUG] 🤖 [MS3-PKG] [DEBUG] 🤖 [MS3-PKG] [DEBUG] 📊 [analyzeJoiSchema] Field provider: type=object, required=false, message=&quot;Optional provider configuration&quot;
🤖 [MS3-PKG] [DEBUG] 🤖 [MS3-PKG] [DEBUG] 🤖 [MS3-PKG] [DEBUG] 🤖 [MS3-PKG] [DEBUG] 🤖 [MS3-PKG] [DEBUG] 🤖 [MS3-PKG] [DEBUG] 🤖 [MS3-PKG] [DEBUG] 🤖 [MS3-PKG] [DEBUG] 🤖 [MS3-PKG] [DEBUG] 🤖 [MS3-PKG] [DEBUG] 🤖 [MS3-PKG] [DEBUG] 🤖 [MS3-PKG] [DEBUG] 🤖 [MS3-PKG] [DEBUG] 🤖 [MS3-PKG] [DEBUG] 🔄 [analyzeJoiSchema] Recursing into nested object: provider
🤖 [MS3-PKG] [DEBUG] 🤖 [MS3-PKG] [DEBUG] 🤖 [MS3-PKG] [DEBUG] 🤖 [MS3-PKG] [DEBUG] 🤖 [MS3-PKG] [DEBUG] 🤖 [MS3-PKG] [DEBUG] 🤖 [MS3-PKG] [DEBUG] 🤖 [MS3-PKG] [DEBUG] 🤖 [MS3-PKG] [DEBUG] 🤖 [MS3-PKG] [DEBUG] 🤖 [MS3-PKG] [DEBUG] 🤖 [MS3-PKG] [DEBUG] 🤖 [MS3-PKG] [DEBUG] 🤖 [MS3-PKG] [DEBUG] 🔑 [analyzeJoiSchema] Processing field: multiChainRpcs
🤖 [MS3-PKG] [DEBUG] 🤖 [MS3-PKG] [DEBUG] 🤖 [MS3-PKG] [DEBUG] 🤖 [MS3-PKG] [DEBUG] 🤖 [MS3-PKG] [DEBUG] 🤖 [MS3-PKG] [DEBUG] 🤖 [MS3-PKG] [DEBUG] 🤖 [MS3-PKG] [DEBUG] 🤖 [MS3-PKG] [DEBUG] 🤖 [MS3-PKG] [DEBUG] 🤖 [MS3-PKG] [DEBUG] 🤖 [MS3-PKG] [DEBUG] 🤖 [MS3-PKG] [DEBUG] 🤖 [MS3-PKG] [DEBUG] 📝 [analyzeJoiSchema] Field description: {
  type: [32m&apos;object&apos;[39m,
  flags: {
    presence: [32m&apos;optional&apos;[39m,
    description: [32m&apos;Multi-chain RPC configuration - maps chain IDs to RPC URL arrays&apos;[39m
  },
  patterns: [ { schema: [36m[Object][39m, rule: [36m[Object][39m } ]
}
🤖 [MS3-PKG] [DEBUG] 🤖 [MS3-PKG] [DEBUG] 🤖 [MS3-PKG] [DEBUG] 🤖 [MS3-PKG] [DEBUG] 🤖 [MS3-PKG] [DEBUG] 🤖 [MS3-PKG] [DEBUG] 🤖 [MS3-PKG] [DEBUG] 🤖 [MS3-PKG] [DEBUG] 🤖 [MS3-PKG] [DEBUG] 🤖 [MS3-PKG] [DEBUG] 🤖 [MS3-PKG] [DEBUG] 🤖 [MS3-PKG] [DEBUG] 🤖 [MS3-PKG] [DEBUG] 🤖 [MS3-PKG] [DEBUG] 📊 [analyzeJoiSchema] Field multiChainRpcs: type=object, required=false, message=&quot;Multi-chain RPC configuration - maps chain IDs to RPC URL arrays&quot;
🤖 [MS3-PKG] [INFO] 🤖 [MS3-PKG] [INFO] 🤖 [MS3-PKG] [INFO] 🤖 [MS3-PKG] [INFO] 🤖 [MS3-PKG] [INFO] 🤖 [MS3-PKG] [INFO] 🤖 [MS3-PKG] [INFO] 🤖 [MS3-PKG] [INFO] 🤖 [MS3-PKG] [INFO] 🤖 [MS3-PKG] [INFO] 🤖 [MS3-PKG] [INFO] 🤖 [MS3-PKG] [INFO] 🤖 [MS3-PKG] [INFO] 🤖 [MS3-PKG] [INFO] 📊 [analyzeJoiSchema] Generated 7 requirements for options
🤖 [MS3-PKG] [DEBUG] 🤖 [MS3-PKG] [DEBUG] 🤖 [MS3-PKG] [DEBUG] 🤖 [MS3-PKG] [DEBUG] 🤖 [MS3-PKG] [DEBUG] 🤖 [MS3-PKG] [DEBUG] 🤖 [MS3-PKG] [DEBUG] 🤖 [MS3-PKG] [DEBUG] 🤖 [MS3-PKG] [DEBUG] 🤖 [MS3-PKG] [DEBUG] 🤖 [MS3-PKG] [DEBUG] 🤖 [MS3-PKG] [DEBUG] 🤖 [MS3-PKG] [DEBUG] 🤖 [MS3-PKG] [DEBUG] 🔍 [getRequirements] Starting analysis for bulk-test-41
🤖 [MS3-PKG] [DEBUG] 🤖 [MS3-PKG] [DEBUG] 🤖 [MS3-PKG] [DEBUG] 🤖 [MS3-PKG] [DEBUG] 🤖 [MS3-PKG] [DEBUG] 🤖 [MS3-PKG] [DEBUG] 🤖 [MS3-PKG] [DEBUG] 🤖 [MS3-PKG] [DEBUG] 🤖 [MS3-PKG] [DEBUG] 🤖 [MS3-PKG] [DEBUG] 🤖 [MS3-PKG] [DEBUG] 🤖 [MS3-PKG] [DEBUG] 🤖 [MS3-PKG] [DEBUG] 🤖 [MS3-PKG] [DEBUG] 🔬 [analyzeJoiSchema] Analyzing schema at path: options
🤖 [MS3-PKG] [DEBUG] 🤖 [MS3-PKG] [DEBUG] 🤖 [MS3-PKG] [DEBUG] 🤖 [MS3-PKG] [DEBUG] 🤖 [MS3-PKG] [DEBUG] 🤖 [MS3-PKG] [DEBUG] 🤖 [MS3-PKG] [DEBUG] 🤖 [MS3-PKG] [DEBUG] 🤖 [MS3-PKG] [DEBUG] 🤖 [MS3-PKG] [DEBUG] 🤖 [MS3-PKG] [DEBUG] 🤖 [MS3-PKG] [DEBUG] 🤖 [MS3-PKG] [DEBUG] 🤖 [MS3-PKG] [DEBUG] 📋 [analyzeJoiSchema] Schema description type: object
🤖 [MS3-PKG] [DEBUG] 🤖 [MS3-PKG] [DEBUG] 🤖 [MS3-PKG] [DEBUG] 🤖 [MS3-PKG] [DEBUG] 🤖 [MS3-PKG] [DEBUG] 🤖 [MS3-PKG] [DEBUG] 🤖 [MS3-PKG] [DEBUG] 🤖 [MS3-PKG] [DEBUG] 🤖 [MS3-PKG] [DEBUG] 🤖 [MS3-PKG] [DEBUG] 🤖 [MS3-PKG] [DEBUG] 🤖 [MS3-PKG] [DEBUG] 🤖 [MS3-PKG] [DEBUG] 🤖 [MS3-PKG] [DEBUG] 📋 [analyzeJoiSchema] Schema keys: [ [32m&apos;web3authConfig&apos;[39m, [32m&apos;multiChainRpcs&apos;[39m ]
🤖 [MS3-PKG] [DEBUG] 🤖 [MS3-PKG] [DEBUG] 🤖 [MS3-PKG] [DEBUG] 🤖 [MS3-PKG] [DEBUG] 🤖 [MS3-PKG] [DEBUG] 🤖 [MS3-PKG] [DEBUG] 🤖 [MS3-PKG] [DEBUG] 🤖 [MS3-PKG] [DEBUG] 🤖 [MS3-PKG] [DEBUG] 🤖 [MS3-PKG] [DEBUG] 🤖 [MS3-PKG] [DEBUG] 🤖 [MS3-PKG] [DEBUG] 🤖 [MS3-PKG] [DEBUG] 🤖 [MS3-PKG] [DEBUG] ✅ [analyzeJoiSchema] Processing object schema with 2 keys
🤖 [MS3-PKG] [DEBUG] 🤖 [MS3-PKG] [DEBUG] 🤖 [MS3-PKG] [DEBUG] 🤖 [MS3-PKG] [DEBUG] 🤖 [MS3-PKG] [DEBUG] 🤖 [MS3-PKG] [DEBUG] 🤖 [MS3-PKG] [DEBUG] 🤖 [MS3-PKG] [DEBUG] 🤖 [MS3-PKG] [DEBUG] 🤖 [MS3-PKG] [DEBUG] 🤖 [MS3-PKG] [DEBUG] 🤖 [MS3-PKG] [DEBUG] 🤖 [MS3-PKG] [DEBUG] 🤖 [MS3-PKG] [DEBUG] 🔑 [analyzeJoiSchema] Processing field: web3authConfig
🤖 [MS3-PKG] [DEBUG] 🤖 [MS3-PKG] [DEBUG] 🤖 [MS3-PKG] [DEBUG] 🤖 [MS3-PKG] [DEBUG] 🤖 [MS3-PKG] [DEBUG] 🤖 [MS3-PKG] [DEBUG] 🤖 [MS3-PKG] [DEBUG] 🤖 [MS3-PKG] [DEBUG] 🤖 [MS3-PKG] [DEBUG] 🤖 [MS3-PKG] [DEBUG] 🤖 [MS3-PKG] [DEBUG] 🤖 [MS3-PKG] [DEBUG] 🤖 [MS3-PKG] [DEBUG] 🤖 [MS3-PKG] [DEBUG] 📝 [analyzeJoiSchema] Field description: {
  type: [32m&apos;object&apos;[39m,
  flags: {
    presence: [32m&apos;required&apos;[39m,
    description: [32m&apos;Web3Auth configuration object&apos;[39m
  },
  keys: {
    clientId: { type: [32m&apos;string&apos;[39m, flags: [36m[Object][39m },
    web3AuthNetwork: { type: [32m&apos;string&apos;[39m, flags: [36m[Object][39m, allow: [36m[Array][39m },
    chainConfig: { type: [32m&apos;object&apos;[39m, flags: [36m[Object][39m, keys: [36m[Object][39m },
    loginConfig: { type: [32m&apos;object&apos;[39m, flags: [36m[Object][39m },
    privateKeyProvider: { type: [32m&apos;any&apos;[39m, flags: [36m[Object][39m }
  }
}
🤖 [MS3-PKG] [DEBUG] 🤖 [MS3-PKG] [DEBUG] 🤖 [MS3-PKG] [DEBUG] 🤖 [MS3-PKG] [DEBUG] 🤖 [MS3-PKG] [DEBUG] 🤖 [MS3-PKG] [DEBUG] 🤖 [MS3-PKG] [DEBUG] 🤖 [MS3-PKG] [DEBUG] 🤖 [MS3-PKG] [DEBUG] 🤖 [MS3-PKG] [DEBUG] 🤖 [MS3-PKG] [DEBUG] 🤖 [MS3-PKG] [DEBUG] 🤖 [MS3-PKG] [DEBUG] 🤖 [MS3-PKG] [DEBUG] 📊 [analyzeJoiSchema] Field web3authConfig: type=object, required=true, message=&quot;Web3Auth configuration object&quot;
🤖 [MS3-PKG] [DEBUG] 🤖 [MS3-PKG] [DEBUG] 🤖 [MS3-PKG] [DEBUG] 🤖 [MS3-PKG] [DEBUG] 🤖 [MS3-PKG] [DEBUG] 🤖 [MS3-PKG] [DEBUG] 🤖 [MS3-PKG] [DEBUG] 🤖 [MS3-PKG] [DEBUG] 🤖 [MS3-PKG] [DEBUG] 🤖 [MS3-PKG] [DEBUG] 🤖 [MS3-PKG] [DEBUG] 🤖 [MS3-PKG] [DEBUG] 🤖 [MS3-PKG] [DEBUG] 🤖 [MS3-PKG] [DEBUG] 🔄 [analyzeJoiSchema] Recursing into nested object: web3authConfig
🤖 [MS3-PKG] [DEBUG] 🤖 [MS3-PKG] [DEBUG] 🤖 [MS3-PKG] [DEBUG] 🤖 [MS3-PKG] [DEBUG] 🤖 [MS3-PKG] [DEBUG] 🤖 [MS3-PKG] [DEBUG] 🤖 [MS3-PKG] [DEBUG] 🤖 [MS3-PKG] [DEBUG] 🤖 [MS3-PKG] [DEBUG] 🤖 [MS3-PKG] [DEBUG] 🤖 [MS3-PKG] [DEBUG] 🤖 [MS3-PKG] [DEBUG] 🤖 [MS3-PKG] [DEBUG] 🤖 [MS3-PKG] [DEBUG] 🔑 [analyzeJoiSchema] Processing field: multiChainRpcs
🤖 [MS3-PKG] [DEBUG] 🤖 [MS3-PKG] [DEBUG] 🤖 [MS3-PKG] [DEBUG] 🤖 [MS3-PKG] [DEBUG] 🤖 [MS3-PKG] [DEBUG] 🤖 [MS3-PKG] [DEBUG] 🤖 [MS3-PKG] [DEBUG] 🤖 [MS3-PKG] [DEBUG] 🤖 [MS3-PKG] [DEBUG] 🤖 [MS3-PKG] [DEBUG] 🤖 [MS3-PKG] [DEBUG] 🤖 [MS3-PKG] [DEBUG] 🤖 [MS3-PKG] [DEBUG] 🤖 [MS3-PKG] [DEBUG] 📝 [analyzeJoiSchema] Field description: {
  type: [32m&apos;object&apos;[39m,
  flags: {
    presence: [32m&apos;optional&apos;[39m,
    description: [32m&apos;Multi-chain RPC configuration - maps chain IDs to RPC URL arrays&apos;[39m
  },
  patterns: [ { schema: [36m[Object][39m, rule: [36m[Object][39m } ]
}
🤖 [MS3-PKG] [DEBUG] 🤖 [MS3-PKG] [DEBUG] 🤖 [MS3-PKG] [DEBUG] 🤖 [MS3-PKG] [DEBUG] 🤖 [MS3-PKG] [DEBUG] 🤖 [MS3-PKG] [DEBUG] 🤖 [MS3-PKG] [DEBUG] 🤖 [MS3-PKG] [DEBUG] 🤖 [MS3-PKG] [DEBUG] 🤖 [MS3-PKG] [DEBUG] 🤖 [MS3-PKG] [DEBUG] 🤖 [MS3-PKG] [DEBUG] 🤖 [MS3-PKG] [DEBUG] 🤖 [MS3-PKG] [DEBUG] 📊 [analyzeJoiSchema] Field multiChainRpcs: type=object, required=false, message=&quot;Multi-chain RPC configuration - maps chain IDs to RPC URL arrays&quot;
🤖 [MS3-PKG] [INFO] 🤖 [MS3-PKG] [INFO] 🤖 [MS3-PKG] [INFO] 🤖 [MS3-PKG] [INFO] 🤖 [MS3-PKG] [INFO] 🤖 [MS3-PKG] [INFO] 🤖 [MS3-PKG] [INFO] 🤖 [MS3-PKG] [INFO] 🤖 [MS3-PKG] [INFO] 🤖 [MS3-PKG] [INFO] 🤖 [MS3-PKG] [INFO] 🤖 [MS3-PKG] [INFO] 🤖 [MS3-PKG] [INFO] 🤖 [MS3-PKG] [INFO] 📊 [analyzeJoiSchema] Generated 14 requirements for options
🤖 [MS3-PKG] [DEBUG] 🤖 [MS3-PKG] [DEBUG] 🤖 [MS3-PKG] [DEBUG] 🤖 [MS3-PKG] [DEBUG] 🤖 [MS3-PKG] [DEBUG] 🤖 [MS3-PKG] [DEBUG] 🤖 [MS3-PKG] [DEBUG] 🤖 [MS3-PKG] [DEBUG] 🤖 [MS3-PKG] [DEBUG] 🤖 [MS3-PKG] [DEBUG] 🤖 [MS3-PKG] [DEBUG] 🤖 [MS3-PKG] [DEBUG] 🤖 [MS3-PKG] [DEBUG] 🤖 [MS3-PKG] [DEBUG] 🔍 [getRequirements] Starting analysis for bulk-test-42
🤖 [MS3-PKG] [DEBUG] 🤖 [MS3-PKG] [DEBUG] 🤖 [MS3-PKG] [DEBUG] 🤖 [MS3-PKG] [DEBUG] 🤖 [MS3-PKG] [DEBUG] 🤖 [MS3-PKG] [DEBUG] 🤖 [MS3-PKG] [DEBUG] 🤖 [MS3-PKG] [DEBUG] 🤖 [MS3-PKG] [DEBUG] 🤖 [MS3-PKG] [DEBUG] 🤖 [MS3-PKG] [DEBUG] 🤖 [MS3-PKG] [DEBUG] 🤖 [MS3-PKG] [DEBUG] 🤖 [MS3-PKG] [DEBUG] 🔬 [analyzeJoiSchema] Analyzing schema at path: options
🤖 [MS3-PKG] [DEBUG] 🤖 [MS3-PKG] [DEBUG] 🤖 [MS3-PKG] [DEBUG] 🤖 [MS3-PKG] [DEBUG] 🤖 [MS3-PKG] [DEBUG] 🤖 [MS3-PKG] [DEBUG] 🤖 [MS3-PKG] [DEBUG] 🤖 [MS3-PKG] [DEBUG] 🤖 [MS3-PKG] [DEBUG] 🤖 [MS3-PKG] [DEBUG] 🤖 [MS3-PKG] [DEBUG] 🤖 [MS3-PKG] [DEBUG] 🤖 [MS3-PKG] [DEBUG] 🤖 [MS3-PKG] [DEBUG] 📋 [analyzeJoiSchema] Schema description type: object
🤖 [MS3-PKG] [DEBUG] 🤖 [MS3-PKG] [DEBUG] 🤖 [MS3-PKG] [DEBUG] 🤖 [MS3-PKG] [DEBUG] 🤖 [MS3-PKG] [DEBUG] 🤖 [MS3-PKG] [DEBUG] 🤖 [MS3-PKG] [DEBUG] 🤖 [MS3-PKG] [DEBUG] 🤖 [MS3-PKG] [DEBUG] 🤖 [MS3-PKG] [DEBUG] 🤖 [MS3-PKG] [DEBUG] 🤖 [MS3-PKG] [DEBUG] 🤖 [MS3-PKG] [DEBUG] 🤖 [MS3-PKG] [DEBUG] 📋 [analyzeJoiSchema] Schema keys: [ [32m&apos;privateKey&apos;[39m, [32m&apos;provider&apos;[39m, [32m&apos;multiChainRpcs&apos;[39m ]
🤖 [MS3-PKG] [DEBUG] 🤖 [MS3-PKG] [DEBUG] 🤖 [MS3-PKG] [DEBUG] 🤖 [MS3-PKG] [DEBUG] 🤖 [MS3-PKG] [DEBUG] 🤖 [MS3-PKG] [DEBUG] 🤖 [MS3-PKG] [DEBUG] 🤖 [MS3-PKG] [DEBUG] 🤖 [MS3-PKG] [DEBUG] 🤖 [MS3-PKG] [DEBUG] 🤖 [MS3-PKG] [DEBUG] 🤖 [MS3-PKG] [DEBUG] 🤖 [MS3-PKG] [DEBUG] 🤖 [MS3-PKG] [DEBUG] ✅ [analyzeJoiSchema] Processing object schema with 3 keys
🤖 [MS3-PKG] [DEBUG] 🤖 [MS3-PKG] [DEBUG] 🤖 [MS3-PKG] [DEBUG] 🤖 [MS3-PKG] [DEBUG] 🤖 [MS3-PKG] [DEBUG] 🤖 [MS3-PKG] [DEBUG] 🤖 [MS3-PKG] [DEBUG] 🤖 [MS3-PKG] [DEBUG] 🤖 [MS3-PKG] [DEBUG] 🤖 [MS3-PKG] [DEBUG] 🤖 [MS3-PKG] [DEBUG] 🤖 [MS3-PKG] [DEBUG] 🤖 [MS3-PKG] [DEBUG] 🤖 [MS3-PKG] [DEBUG] 🔑 [analyzeJoiSchema] Processing field: privateKey
🤖 [MS3-PKG] [DEBUG] 🤖 [MS3-PKG] [DEBUG] 🤖 [MS3-PKG] [DEBUG] 🤖 [MS3-PKG] [DEBUG] 🤖 [MS3-PKG] [DEBUG] 🤖 [MS3-PKG] [DEBUG] 🤖 [MS3-PKG] [DEBUG] 🤖 [MS3-PKG] [DEBUG] 🤖 [MS3-PKG] [DEBUG] 🤖 [MS3-PKG] [DEBUG] 🤖 [MS3-PKG] [DEBUG] 🤖 [MS3-PKG] [DEBUG] 🤖 [MS3-PKG] [DEBUG] 🤖 [MS3-PKG] [DEBUG] 📝 [analyzeJoiSchema] Field description: {
  type: [32m&apos;string&apos;[39m,
  flags: {
    presence: [32m&apos;required&apos;[39m,
    description: [32m&apos;Private key for wallet (generates random if not provided)&apos;[39m
  },
  rules: [ { name: [32m&apos;pattern&apos;[39m, args: [36m[Object][39m } ]
}
🤖 [MS3-PKG] [DEBUG] 🤖 [MS3-PKG] [DEBUG] 🤖 [MS3-PKG] [DEBUG] 🤖 [MS3-PKG] [DEBUG] 🤖 [MS3-PKG] [DEBUG] 🤖 [MS3-PKG] [DEBUG] 🤖 [MS3-PKG] [DEBUG] 🤖 [MS3-PKG] [DEBUG] 🤖 [MS3-PKG] [DEBUG] 🤖 [MS3-PKG] [DEBUG] 🤖 [MS3-PKG] [DEBUG] 🤖 [MS3-PKG] [DEBUG] 🤖 [MS3-PKG] [DEBUG] 🤖 [MS3-PKG] [DEBUG] 📊 [analyzeJoiSchema] Field privateKey: type=string, required=true, message=&quot;Private key for wallet (generates random if not provided)&quot;
🤖 [MS3-PKG] [DEBUG] 🤖 [MS3-PKG] [DEBUG] 🤖 [MS3-PKG] [DEBUG] 🤖 [MS3-PKG] [DEBUG] 🤖 [MS3-PKG] [DEBUG] 🤖 [MS3-PKG] [DEBUG] 🤖 [MS3-PKG] [DEBUG] 🤖 [MS3-PKG] [DEBUG] 🤖 [MS3-PKG] [DEBUG] 🤖 [MS3-PKG] [DEBUG] 🤖 [MS3-PKG] [DEBUG] 🤖 [MS3-PKG] [DEBUG] 🤖 [MS3-PKG] [DEBUG] 🤖 [MS3-PKG] [DEBUG] 🔑 [analyzeJoiSchema] Processing field: provider
🤖 [MS3-PKG] [DEBUG] 🤖 [MS3-PKG] [DEBUG] 🤖 [MS3-PKG] [DEBUG] 🤖 [MS3-PKG] [DEBUG] 🤖 [MS3-PKG] [DEBUG] 🤖 [MS3-PKG] [DEBUG] 🤖 [MS3-PKG] [DEBUG] 🤖 [MS3-PKG] [DEBUG] 🤖 [MS3-PKG] [DEBUG] 🤖 [MS3-PKG] [DEBUG] 🤖 [MS3-PKG] [DEBUG] 🤖 [MS3-PKG] [DEBUG] 🤖 [MS3-PKG] [DEBUG] 🤖 [MS3-PKG] [DEBUG] 📝 [analyzeJoiSchema] Field description: {
  type: [32m&apos;object&apos;[39m,
  flags: {
    presence: [32m&apos;optional&apos;[39m,
    description: [32m&apos;Optional provider configuration&apos;[39m
  },
  keys: {
    name: { type: [32m&apos;string&apos;[39m, flags: [36m[Object][39m },
    chainId: { type: [32m&apos;string&apos;[39m, flags: [36m[Object][39m, rules: [36m[Array][39m },
    rpcUrls: { type: [32m&apos;array&apos;[39m, flags: [36m[Object][39m, rules: [36m[Array][39m, items: [36m[Array][39m },
    displayName: { type: [32m&apos;string&apos;[39m, flags: [36m[Object][39m }
  }
}
🤖 [MS3-PKG] [DEBUG] 🤖 [MS3-PKG] [DEBUG] 🤖 [MS3-PKG] [DEBUG] 🤖 [MS3-PKG] [DEBUG] 🤖 [MS3-PKG] [DEBUG] 🤖 [MS3-PKG] [DEBUG] 🤖 [MS3-PKG] [DEBUG] 🤖 [MS3-PKG] [DEBUG] 🤖 [MS3-PKG] [DEBUG] 🤖 [MS3-PKG] [DEBUG] 🤖 [MS3-PKG] [DEBUG] 🤖 [MS3-PKG] [DEBUG] 🤖 [MS3-PKG] [DEBUG] 🤖 [MS3-PKG] [DEBUG] 📊 [analyzeJoiSchema] Field provider: type=object, required=false, message=&quot;Optional provider configuration&quot;
🤖 [MS3-PKG] [DEBUG] 🤖 [MS3-PKG] [DEBUG] 🤖 [MS3-PKG] [DEBUG] 🤖 [MS3-PKG] [DEBUG] 🤖 [MS3-PKG] [DEBUG] 🤖 [MS3-PKG] [DEBUG] 🤖 [MS3-PKG] [DEBUG] 🤖 [MS3-PKG] [DEBUG] 🤖 [MS3-PKG] [DEBUG] 🤖 [MS3-PKG] [DEBUG] 🤖 [MS3-PKG] [DEBUG] 🤖 [MS3-PKG] [DEBUG] 🤖 [MS3-PKG] [DEBUG] 🤖 [MS3-PKG] [DEBUG] 🔄 [analyzeJoiSchema] Recursing into nested object: provider
🤖 [MS3-PKG] [DEBUG] 🤖 [MS3-PKG] [DEBUG] 🤖 [MS3-PKG] [DEBUG] 🤖 [MS3-PKG] [DEBUG] 🤖 [MS3-PKG] [DEBUG] 🤖 [MS3-PKG] [DEBUG] 🤖 [MS3-PKG] [DEBUG] 🤖 [MS3-PKG] [DEBUG] 🤖 [MS3-PKG] [DEBUG] 🤖 [MS3-PKG] [DEBUG] 🤖 [MS3-PKG] [DEBUG] 🤖 [MS3-PKG] [DEBUG] 🤖 [MS3-PKG] [DEBUG] 🤖 [MS3-PKG] [DEBUG] 🔑 [analyzeJoiSchema] Processing field: multiChainRpcs
🤖 [MS3-PKG] [DEBUG] 🤖 [MS3-PKG] [DEBUG] 🤖 [MS3-PKG] [DEBUG] 🤖 [MS3-PKG] [DEBUG] 🤖 [MS3-PKG] [DEBUG] 🤖 [MS3-PKG] [DEBUG] 🤖 [MS3-PKG] [DEBUG] 🤖 [MS3-PKG] [DEBUG] 🤖 [MS3-PKG] [DEBUG] 🤖 [MS3-PKG] [DEBUG] 🤖 [MS3-PKG] [DEBUG] 🤖 [MS3-PKG] [DEBUG] 🤖 [MS3-PKG] [DEBUG] 🤖 [MS3-PKG] [DEBUG] 📝 [analyzeJoiSchema] Field description: {
  type: [32m&apos;object&apos;[39m,
  flags: {
    presence: [32m&apos;optional&apos;[39m,
    description: [32m&apos;Multi-chain RPC configuration - maps chain IDs to RPC URL arrays&apos;[39m
  },
  patterns: [ { schema: [36m[Object][39m, rule: [36m[Object][39m } ]
}
🤖 [MS3-PKG] [DEBUG] 🤖 [MS3-PKG] [DEBUG] 🤖 [MS3-PKG] [DEBUG] 🤖 [MS3-PKG] [DEBUG] 🤖 [MS3-PKG] [DEBUG] 🤖 [MS3-PKG] [DEBUG] 🤖 [MS3-PKG] [DEBUG] 🤖 [MS3-PKG] [DEBUG] 🤖 [MS3-PKG] [DEBUG] 🤖 [MS3-PKG] [DEBUG] 🤖 [MS3-PKG] [DEBUG] 🤖 [MS3-PKG] [DEBUG] 🤖 [MS3-PKG] [DEBUG] 🤖 [MS3-PKG] [DEBUG] 📊 [analyzeJoiSchema] Field multiChainRpcs: type=object, required=false, message=&quot;Multi-chain RPC configuration - maps chain IDs to RPC URL arrays&quot;
🤖 [MS3-PKG] [INFO] 🤖 [MS3-PKG] [INFO] 🤖 [MS3-PKG] [INFO] 🤖 [MS3-PKG] [INFO] 🤖 [MS3-PKG] [INFO] 🤖 [MS3-PKG] [INFO] 🤖 [MS3-PKG] [INFO] 🤖 [MS3-PKG] [INFO] 🤖 [MS3-PKG] [INFO] 🤖 [MS3-PKG] [INFO] 🤖 [MS3-PKG] [INFO] 🤖 [MS3-PKG] [INFO] 🤖 [MS3-PKG] [INFO] 🤖 [MS3-PKG] [INFO] 📊 [analyzeJoiSchema] Generated 7 requirements for options
🤖 [MS3-PKG] [DEBUG] 🤖 [MS3-PKG] [DEBUG] 🤖 [MS3-PKG] [DEBUG] 🤖 [MS3-PKG] [DEBUG] 🤖 [MS3-PKG] [DEBUG] 🤖 [MS3-PKG] [DEBUG] 🤖 [MS3-PKG] [DEBUG] 🤖 [MS3-PKG] [DEBUG] 🤖 [MS3-PKG] [DEBUG] 🤖 [MS3-PKG] [DEBUG] 🤖 [MS3-PKG] [DEBUG] 🤖 [MS3-PKG] [DEBUG] 🤖 [MS3-PKG] [DEBUG] 🤖 [MS3-PKG] [DEBUG] 🔍 [getRequirements] Starting analysis for bulk-test-42
🤖 [MS3-PKG] [DEBUG] 🤖 [MS3-PKG] [DEBUG] 🤖 [MS3-PKG] [DEBUG] 🤖 [MS3-PKG] [DEBUG] 🤖 [MS3-PKG] [DEBUG] 🤖 [MS3-PKG] [DEBUG] 🤖 [MS3-PKG] [DEBUG] 🤖 [MS3-PKG] [DEBUG] 🤖 [MS3-PKG] [DEBUG] 🤖 [MS3-PKG] [DEBUG] 🤖 [MS3-PKG] [DEBUG] 🤖 [MS3-PKG] [DEBUG] 🤖 [MS3-PKG] [DEBUG] 🤖 [MS3-PKG] [DEBUG] 🔬 [analyzeJoiSchema] Analyzing schema at path: options
🤖 [MS3-PKG] [DEBUG] 🤖 [MS3-PKG] [DEBUG] 🤖 [MS3-PKG] [DEBUG] 🤖 [MS3-PKG] [DEBUG] 🤖 [MS3-PKG] [DEBUG] 🤖 [MS3-PKG] [DEBUG] 🤖 [MS3-PKG] [DEBUG] 🤖 [MS3-PKG] [DEBUG] 🤖 [MS3-PKG] [DEBUG] 🤖 [MS3-PKG] [DEBUG] 🤖 [MS3-PKG] [DEBUG] 🤖 [MS3-PKG] [DEBUG] 🤖 [MS3-PKG] [DEBUG] 🤖 [MS3-PKG] [DEBUG] 📋 [analyzeJoiSchema] Schema description type: object
🤖 [MS3-PKG] [DEBUG] 🤖 [MS3-PKG] [DEBUG] 🤖 [MS3-PKG] [DEBUG] 🤖 [MS3-PKG] [DEBUG] 🤖 [MS3-PKG] [DEBUG] 🤖 [MS3-PKG] [DEBUG] 🤖 [MS3-PKG] [DEBUG] 🤖 [MS3-PKG] [DEBUG] 🤖 [MS3-PKG] [DEBUG] 🤖 [MS3-PKG] [DEBUG] 🤖 [MS3-PKG] [DEBUG] 🤖 [MS3-PKG] [DEBUG] 🤖 [MS3-PKG] [DEBUG] 🤖 [MS3-PKG] [DEBUG] 📋 [analyzeJoiSchema] Schema keys: [ [32m&apos;web3authConfig&apos;[39m, [32m&apos;multiChainRpcs&apos;[39m ]
🤖 [MS3-PKG] [DEBUG] 🤖 [MS3-PKG] [DEBUG] 🤖 [MS3-PKG] [DEBUG] 🤖 [MS3-PKG] [DEBUG] 🤖 [MS3-PKG] [DEBUG] 🤖 [MS3-PKG] [DEBUG] 🤖 [MS3-PKG] [DEBUG] 🤖 [MS3-PKG] [DEBUG] 🤖 [MS3-PKG] [DEBUG] 🤖 [MS3-PKG] [DEBUG] 🤖 [MS3-PKG] [DEBUG] 🤖 [MS3-PKG] [DEBUG] 🤖 [MS3-PKG] [DEBUG] 🤖 [MS3-PKG] [DEBUG] ✅ [analyzeJoiSchema] Processing object schema with 2 keys
🤖 [MS3-PKG] [DEBUG] 🤖 [MS3-PKG] [DEBUG] 🤖 [MS3-PKG] [DEBUG] 🤖 [MS3-PKG] [DEBUG] 🤖 [MS3-PKG] [DEBUG] 🤖 [MS3-PKG] [DEBUG] 🤖 [MS3-PKG] [DEBUG] 🤖 [MS3-PKG] [DEBUG] 🤖 [MS3-PKG] [DEBUG] 🤖 [MS3-PKG] [DEBUG] 🤖 [MS3-PKG] [DEBUG] 🤖 [MS3-PKG] [DEBUG] 🤖 [MS3-PKG] [DEBUG] 🤖 [MS3-PKG] [DEBUG] 🔑 [analyzeJoiSchema] Processing field: web3authConfig
🤖 [MS3-PKG] [DEBUG] 🤖 [MS3-PKG] [DEBUG] 🤖 [MS3-PKG] [DEBUG] 🤖 [MS3-PKG] [DEBUG] 🤖 [MS3-PKG] [DEBUG] 🤖 [MS3-PKG] [DEBUG] 🤖 [MS3-PKG] [DEBUG] 🤖 [MS3-PKG] [DEBUG] 🤖 [MS3-PKG] [DEBUG] 🤖 [MS3-PKG] [DEBUG] 🤖 [MS3-PKG] [DEBUG] 🤖 [MS3-PKG] [DEBUG] 🤖 [MS3-PKG] [DEBUG] 🤖 [MS3-PKG] [DEBUG] 📝 [analyzeJoiSchema] Field description: {
  type: [32m&apos;object&apos;[39m,
  flags: {
    presence: [32m&apos;required&apos;[39m,
    description: [32m&apos;Web3Auth configuration object&apos;[39m
  },
  keys: {
    clientId: { type: [32m&apos;string&apos;[39m, flags: [36m[Object][39m },
    web3AuthNetwork: { type: [32m&apos;string&apos;[39m, flags: [36m[Object][39m, allow: [36m[Array][39m },
    chainConfig: { type: [32m&apos;object&apos;[39m, flags: [36m[Object][39m, keys: [36m[Object][39m },
    loginConfig: { type: [32m&apos;object&apos;[39m, flags: [36m[Object][39m },
    privateKeyProvider: { type: [32m&apos;any&apos;[39m, flags: [36m[Object][39m }
  }
}
🤖 [MS3-PKG] [DEBUG] 🤖 [MS3-PKG] [DEBUG] 🤖 [MS3-PKG] [DEBUG] 🤖 [MS3-PKG] [DEBUG] 🤖 [MS3-PKG] [DEBUG] 🤖 [MS3-PKG] [DEBUG] 🤖 [MS3-PKG] [DEBUG] 🤖 [MS3-PKG] [DEBUG] 🤖 [MS3-PKG] [DEBUG] 🤖 [MS3-PKG] [DEBUG] 🤖 [MS3-PKG] [DEBUG] 🤖 [MS3-PKG] [DEBUG] 🤖 [MS3-PKG] [DEBUG] 🤖 [MS3-PKG] [DEBUG] 📊 [analyzeJoiSchema] Field web3authConfig: type=object, required=true, message=&quot;Web3Auth configuration object&quot;
🤖 [MS3-PKG] [DEBUG] 🤖 [MS3-PKG] [DEBUG] 🤖 [MS3-PKG] [DEBUG] 🤖 [MS3-PKG] [DEBUG] 🤖 [MS3-PKG] [DEBUG] 🤖 [MS3-PKG] [DEBUG] 🤖 [MS3-PKG] [DEBUG] 🤖 [MS3-PKG] [DEBUG] 🤖 [MS3-PKG] [DEBUG] 🤖 [MS3-PKG] [DEBUG] 🤖 [MS3-PKG] [DEBUG] 🤖 [MS3-PKG] [DEBUG] 🤖 [MS3-PKG] [DEBUG] 🤖 [MS3-PKG] [DEBUG] 🔄 [analyzeJoiSchema] Recursing into nested object: web3authConfig
🤖 [MS3-PKG] [DEBUG] 🤖 [MS3-PKG] [DEBUG] 🤖 [MS3-PKG] [DEBUG] 🤖 [MS3-PKG] [DEBUG] 🤖 [MS3-PKG] [DEBUG] 🤖 [MS3-PKG] [DEBUG] 🤖 [MS3-PKG] [DEBUG] 🤖 [MS3-PKG] [DEBUG] 🤖 [MS3-PKG] [DEBUG] 🤖 [MS3-PKG] [DEBUG] 🤖 [MS3-PKG] [DEBUG] 🤖 [MS3-PKG] [DEBUG] 🤖 [MS3-PKG] [DEBUG] 🤖 [MS3-PKG] [DEBUG] 🔑 [analyzeJoiSchema] Processing field: multiChainRpcs
🤖 [MS3-PKG] [DEBUG] 🤖 [MS3-PKG] [DEBUG] 🤖 [MS3-PKG] [DEBUG] 🤖 [MS3-PKG] [DEBUG] 🤖 [MS3-PKG] [DEBUG] 🤖 [MS3-PKG] [DEBUG] 🤖 [MS3-PKG] [DEBUG] 🤖 [MS3-PKG] [DEBUG] 🤖 [MS3-PKG] [DEBUG] 🤖 [MS3-PKG] [DEBUG] 🤖 [MS3-PKG] [DEBUG] 🤖 [MS3-PKG] [DEBUG] 🤖 [MS3-PKG] [DEBUG] 🤖 [MS3-PKG] [DEBUG] 📝 [analyzeJoiSchema] Field description: {
  type: [32m&apos;object&apos;[39m,
  flags: {
    presence: [32m&apos;optional&apos;[39m,
    description: [32m&apos;Multi-chain RPC configuration - maps chain IDs to RPC URL arrays&apos;[39m
  },
  patterns: [ { schema: [36m[Object][39m, rule: [36m[Object][39m } ]
}
🤖 [MS3-PKG] [DEBUG] 🤖 [MS3-PKG] [DEBUG] 🤖 [MS3-PKG] [DEBUG] 🤖 [MS3-PKG] [DEBUG] 🤖 [MS3-PKG] [DEBUG] 🤖 [MS3-PKG] [DEBUG] 🤖 [MS3-PKG] [DEBUG] 🤖 [MS3-PKG] [DEBUG] 🤖 [MS3-PKG] [DEBUG] 🤖 [MS3-PKG] [DEBUG] 🤖 [MS3-PKG] [DEBUG] 🤖 [MS3-PKG] [DEBUG] 🤖 [MS3-PKG] [DEBUG] 🤖 [MS3-PKG] [DEBUG] 📊 [analyzeJoiSchema] Field multiChainRpcs: type=object, required=false, message=&quot;Multi-chain RPC configuration - maps chain IDs to RPC URL arrays&quot;
🤖 [MS3-PKG] [INFO] 🤖 [MS3-PKG] [INFO] 🤖 [MS3-PKG] [INFO] 🤖 [MS3-PKG] [INFO] 🤖 [MS3-PKG] [INFO] 🤖 [MS3-PKG] [INFO] 🤖 [MS3-PKG] [INFO] 🤖 [MS3-PKG] [INFO] 🤖 [MS3-PKG] [INFO] 🤖 [MS3-PKG] [INFO] 🤖 [MS3-PKG] [INFO] 🤖 [MS3-PKG] [INFO] 🤖 [MS3-PKG] [INFO] 🤖 [MS3-PKG] [INFO] 📊 [analyzeJoiSchema] Generated 14 requirements for options
🤖 [MS3-PKG] [DEBUG] 🤖 [MS3-PKG] [DEBUG] 🤖 [MS3-PKG] [DEBUG] 🤖 [MS3-PKG] [DEBUG] 🤖 [MS3-PKG] [DEBUG] 🤖 [MS3-PKG] [DEBUG] 🤖 [MS3-PKG] [DEBUG] 🤖 [MS3-PKG] [DEBUG] 🤖 [MS3-PKG] [DEBUG] 🤖 [MS3-PKG] [DEBUG] 🤖 [MS3-PKG] [DEBUG] 🤖 [MS3-PKG] [DEBUG] 🤖 [MS3-PKG] [DEBUG] 🤖 [MS3-PKG] [DEBUG] 🔍 [getRequirements] Starting analysis for bulk-test-43
🤖 [MS3-PKG] [DEBUG] 🤖 [MS3-PKG] [DEBUG] 🤖 [MS3-PKG] [DEBUG] 🤖 [MS3-PKG] [DEBUG] 🤖 [MS3-PKG] [DEBUG] 🤖 [MS3-PKG] [DEBUG] 🤖 [MS3-PKG] [DEBUG] 🤖 [MS3-PKG] [DEBUG] 🤖 [MS3-PKG] [DEBUG] 🤖 [MS3-PKG] [DEBUG] 🤖 [MS3-PKG] [DEBUG] 🤖 [MS3-PKG] [DEBUG] 🤖 [MS3-PKG] [DEBUG] 🤖 [MS3-PKG] [DEBUG] 🔬 [analyzeJoiSchema] Analyzing schema at path: options
🤖 [MS3-PKG] [DEBUG] 🤖 [MS3-PKG] [DEBUG] 🤖 [MS3-PKG] [DEBUG] 🤖 [MS3-PKG] [DEBUG] 🤖 [MS3-PKG] [DEBUG] 🤖 [MS3-PKG] [DEBUG] 🤖 [MS3-PKG] [DEBUG] 🤖 [MS3-PKG] [DEBUG] 🤖 [MS3-PKG] [DEBUG] 🤖 [MS3-PKG] [DEBUG] 🤖 [MS3-PKG] [DEBUG] 🤖 [MS3-PKG] [DEBUG] 🤖 [MS3-PKG] [DEBUG] 🤖 [MS3-PKG] [DEBUG] 📋 [analyzeJoiSchema] Schema description type: object
🤖 [MS3-PKG] [DEBUG] 🤖 [MS3-PKG] [DEBUG] 🤖 [MS3-PKG] [DEBUG] 🤖 [MS3-PKG] [DEBUG] 🤖 [MS3-PKG] [DEBUG] 🤖 [MS3-PKG] [DEBUG] 🤖 [MS3-PKG] [DEBUG] 🤖 [MS3-PKG] [DEBUG] 🤖 [MS3-PKG] [DEBUG] 🤖 [MS3-PKG] [DEBUG] 🤖 [MS3-PKG] [DEBUG] 🤖 [MS3-PKG] [DEBUG] 🤖 [MS3-PKG] [DEBUG] 🤖 [MS3-PKG] [DEBUG] 📋 [analyzeJoiSchema] Schema keys: [ [32m&apos;privateKey&apos;[39m, [32m&apos;provider&apos;[39m, [32m&apos;multiChainRpcs&apos;[39m ]
🤖 [MS3-PKG] [DEBUG] 🤖 [MS3-PKG] [DEBUG] 🤖 [MS3-PKG] [DEBUG] 🤖 [MS3-PKG] [DEBUG] 🤖 [MS3-PKG] [DEBUG] 🤖 [MS3-PKG] [DEBUG] 🤖 [MS3-PKG] [DEBUG] 🤖 [MS3-PKG] [DEBUG] 🤖 [MS3-PKG] [DEBUG] 🤖 [MS3-PKG] [DEBUG] 🤖 [MS3-PKG] [DEBUG] 🤖 [MS3-PKG] [DEBUG] 🤖 [MS3-PKG] [DEBUG] 🤖 [MS3-PKG] [DEBUG] ✅ [analyzeJoiSchema] Processing object schema with 3 keys
🤖 [MS3-PKG] [DEBUG] 🤖 [MS3-PKG] [DEBUG] 🤖 [MS3-PKG] [DEBUG] 🤖 [MS3-PKG] [DEBUG] 🤖 [MS3-PKG] [DEBUG] 🤖 [MS3-PKG] [DEBUG] 🤖 [MS3-PKG] [DEBUG] 🤖 [MS3-PKG] [DEBUG] 🤖 [MS3-PKG] [DEBUG] 🤖 [MS3-PKG] [DEBUG] 🤖 [MS3-PKG] [DEBUG] 🤖 [MS3-PKG] [DEBUG] 🤖 [MS3-PKG] [DEBUG] 🤖 [MS3-PKG] [DEBUG] 🔑 [analyzeJoiSchema] Processing field: privateKey
🤖 [MS3-PKG] [DEBUG] 🤖 [MS3-PKG] [DEBUG] 🤖 [MS3-PKG] [DEBUG] 🤖 [MS3-PKG] [DEBUG] 🤖 [MS3-PKG] [DEBUG] 🤖 [MS3-PKG] [DEBUG] 🤖 [MS3-PKG] [DEBUG] 🤖 [MS3-PKG] [DEBUG] 🤖 [MS3-PKG] [DEBUG] 🤖 [MS3-PKG] [DEBUG] 🤖 [MS3-PKG] [DEBUG] 🤖 [MS3-PKG] [DEBUG] 🤖 [MS3-PKG] [DEBUG] 🤖 [MS3-PKG] [DEBUG] 📝 [analyzeJoiSchema] Field description: {
  type: [32m&apos;string&apos;[39m,
  flags: {
    presence: [32m&apos;required&apos;[39m,
    description: [32m&apos;Private key for wallet (generates random if not provided)&apos;[39m
  },
  rules: [ { name: [32m&apos;pattern&apos;[39m, args: [36m[Object][39m } ]
}
🤖 [MS3-PKG] [DEBUG] 🤖 [MS3-PKG] [DEBUG] 🤖 [MS3-PKG] [DEBUG] 🤖 [MS3-PKG] [DEBUG] 🤖 [MS3-PKG] [DEBUG] 🤖 [MS3-PKG] [DEBUG] 🤖 [MS3-PKG] [DEBUG] 🤖 [MS3-PKG] [DEBUG] 🤖 [MS3-PKG] [DEBUG] 🤖 [MS3-PKG] [DEBUG] 🤖 [MS3-PKG] [DEBUG] 🤖 [MS3-PKG] [DEBUG] 🤖 [MS3-PKG] [DEBUG] 🤖 [MS3-PKG] [DEBUG] 📊 [analyzeJoiSchema] Field privateKey: type=string, required=true, message=&quot;Private key for wallet (generates random if not provided)&quot;
🤖 [MS3-PKG] [DEBUG] 🤖 [MS3-PKG] [DEBUG] 🤖 [MS3-PKG] [DEBUG] 🤖 [MS3-PKG] [DEBUG] 🤖 [MS3-PKG] [DEBUG] 🤖 [MS3-PKG] [DEBUG] 🤖 [MS3-PKG] [DEBUG] 🤖 [MS3-PKG] [DEBUG] 🤖 [MS3-PKG] [DEBUG] 🤖 [MS3-PKG] [DEBUG] 🤖 [MS3-PKG] [DEBUG] 🤖 [MS3-PKG] [DEBUG] 🤖 [MS3-PKG] [DEBUG] 🤖 [MS3-PKG] [DEBUG] 🔑 [analyzeJoiSchema] Processing field: provider
🤖 [MS3-PKG] [DEBUG] 🤖 [MS3-PKG] [DEBUG] 🤖 [MS3-PKG] [DEBUG] 🤖 [MS3-PKG] [DEBUG] 🤖 [MS3-PKG] [DEBUG] 🤖 [MS3-PKG] [DEBUG] 🤖 [MS3-PKG] [DEBUG] 🤖 [MS3-PKG] [DEBUG] 🤖 [MS3-PKG] [DEBUG] 🤖 [MS3-PKG] [DEBUG] 🤖 [MS3-PKG] [DEBUG] 🤖 [MS3-PKG] [DEBUG] 🤖 [MS3-PKG] [DEBUG] 🤖 [MS3-PKG] [DEBUG] 📝 [analyzeJoiSchema] Field description: {
  type: [32m&apos;object&apos;[39m,
  flags: {
    presence: [32m&apos;optional&apos;[39m,
    description: [32m&apos;Optional provider configuration&apos;[39m
  },
  keys: {
    name: { type: [32m&apos;string&apos;[39m, flags: [36m[Object][39m },
    chainId: { type: [32m&apos;string&apos;[39m, flags: [36m[Object][39m, rules: [36m[Array][39m },
    rpcUrls: { type: [32m&apos;array&apos;[39m, flags: [36m[Object][39m, rules: [36m[Array][39m, items: [36m[Array][39m },
    displayName: { type: [32m&apos;string&apos;[39m, flags: [36m[Object][39m }
  }
}
🤖 [MS3-PKG] [DEBUG] 🤖 [MS3-PKG] [DEBUG] 🤖 [MS3-PKG] [DEBUG] 🤖 [MS3-PKG] [DEBUG] 🤖 [MS3-PKG] [DEBUG] 🤖 [MS3-PKG] [DEBUG] 🤖 [MS3-PKG] [DEBUG] 🤖 [MS3-PKG] [DEBUG] 🤖 [MS3-PKG] [DEBUG] 🤖 [MS3-PKG] [DEBUG] 🤖 [MS3-PKG] [DEBUG] 🤖 [MS3-PKG] [DEBUG] 🤖 [MS3-PKG] [DEBUG] 🤖 [MS3-PKG] [DEBUG] 📊 [analyzeJoiSchema] Field provider: type=object, required=false, message=&quot;Optional provider configuration&quot;
🤖 [MS3-PKG] [DEBUG] 🤖 [MS3-PKG] [DEBUG] 🤖 [MS3-PKG] [DEBUG] 🤖 [MS3-PKG] [DEBUG] 🤖 [MS3-PKG] [DEBUG] 🤖 [MS3-PKG] [DEBUG] 🤖 [MS3-PKG] [DEBUG] 🤖 [MS3-PKG] [DEBUG] 🤖 [MS3-PKG] [DEBUG] 🤖 [MS3-PKG] [DEBUG] 🤖 [MS3-PKG] [DEBUG] 🤖 [MS3-PKG] [DEBUG] 🤖 [MS3-PKG] [DEBUG] 🤖 [MS3-PKG] [DEBUG] 🔄 [analyzeJoiSchema] Recursing into nested object: provider
🤖 [MS3-PKG] [DEBUG] 🤖 [MS3-PKG] [DEBUG] 🤖 [MS3-PKG] [DEBUG] 🤖 [MS3-PKG] [DEBUG] 🤖 [MS3-PKG] [DEBUG] 🤖 [MS3-PKG] [DEBUG] 🤖 [MS3-PKG] [DEBUG] 🤖 [MS3-PKG] [DEBUG] 🤖 [MS3-PKG] [DEBUG] 🤖 [MS3-PKG] [DEBUG] 🤖 [MS3-PKG] [DEBUG] 🤖 [MS3-PKG] [DEBUG] 🤖 [MS3-PKG] [DEBUG] 🤖 [MS3-PKG] [DEBUG] 🔑 [analyzeJoiSchema] Processing field: multiChainRpcs
🤖 [MS3-PKG] [DEBUG] 🤖 [MS3-PKG] [DEBUG] 🤖 [MS3-PKG] [DEBUG] 🤖 [MS3-PKG] [DEBUG] 🤖 [MS3-PKG] [DEBUG] 🤖 [MS3-PKG] [DEBUG] 🤖 [MS3-PKG] [DEBUG] 🤖 [MS3-PKG] [DEBUG] 🤖 [MS3-PKG] [DEBUG] 🤖 [MS3-PKG] [DEBUG] 🤖 [MS3-PKG] [DEBUG] 🤖 [MS3-PKG] [DEBUG] 🤖 [MS3-PKG] [DEBUG] 🤖 [MS3-PKG] [DEBUG] 📝 [analyzeJoiSchema] Field description: {
  type: [32m&apos;object&apos;[39m,
  flags: {
    presence: [32m&apos;optional&apos;[39m,
    description: [32m&apos;Multi-chain RPC configuration - maps chain IDs to RPC URL arrays&apos;[39m
  },
  patterns: [ { schema: [36m[Object][39m, rule: [36m[Object][39m } ]
}
🤖 [MS3-PKG] [DEBUG] 🤖 [MS3-PKG] [DEBUG] 🤖 [MS3-PKG] [DEBUG] 🤖 [MS3-PKG] [DEBUG] 🤖 [MS3-PKG] [DEBUG] 🤖 [MS3-PKG] [DEBUG] 🤖 [MS3-PKG] [DEBUG] 🤖 [MS3-PKG] [DEBUG] 🤖 [MS3-PKG] [DEBUG] 🤖 [MS3-PKG] [DEBUG] 🤖 [MS3-PKG] [DEBUG] 🤖 [MS3-PKG] [DEBUG] 🤖 [MS3-PKG] [DEBUG] 🤖 [MS3-PKG] [DEBUG] 📊 [analyzeJoiSchema] Field multiChainRpcs: type=object, required=false, message=&quot;Multi-chain RPC configuration - maps chain IDs to RPC URL arrays&quot;
🤖 [MS3-PKG] [INFO] 🤖 [MS3-PKG] [INFO] 🤖 [MS3-PKG] [INFO] 🤖 [MS3-PKG] [INFO] 🤖 [MS3-PKG] [INFO] 🤖 [MS3-PKG] [INFO] 🤖 [MS3-PKG] [INFO] 🤖 [MS3-PKG] [INFO] 🤖 [MS3-PKG] [INFO] 🤖 [MS3-PKG] [INFO] 🤖 [MS3-PKG] [INFO] 🤖 [MS3-PKG] [INFO] 🤖 [MS3-PKG] [INFO] 🤖 [MS3-PKG] [INFO] 📊 [analyzeJoiSchema] Generated 7 requirements for options
🤖 [MS3-PKG] [DEBUG] 🤖 [MS3-PKG] [DEBUG] 🤖 [MS3-PKG] [DEBUG] 🤖 [MS3-PKG] [DEBUG] 🤖 [MS3-PKG] [DEBUG] 🤖 [MS3-PKG] [DEBUG] 🤖 [MS3-PKG] [DEBUG] 🤖 [MS3-PKG] [DEBUG] 🤖 [MS3-PKG] [DEBUG] 🤖 [MS3-PKG] [DEBUG] 🤖 [MS3-PKG] [DEBUG] 🤖 [MS3-PKG] [DEBUG] 🤖 [MS3-PKG] [DEBUG] 🤖 [MS3-PKG] [DEBUG] 🔍 [getRequirements] Starting analysis for bulk-test-43
🤖 [MS3-PKG] [DEBUG] 🤖 [MS3-PKG] [DEBUG] 🤖 [MS3-PKG] [DEBUG] 🤖 [MS3-PKG] [DEBUG] 🤖 [MS3-PKG] [DEBUG] 🤖 [MS3-PKG] [DEBUG] 🤖 [MS3-PKG] [DEBUG] 🤖 [MS3-PKG] [DEBUG] 🤖 [MS3-PKG] [DEBUG] 🤖 [MS3-PKG] [DEBUG] 🤖 [MS3-PKG] [DEBUG] 🤖 [MS3-PKG] [DEBUG] 🤖 [MS3-PKG] [DEBUG] 🤖 [MS3-PKG] [DEBUG] 🔬 [analyzeJoiSchema] Analyzing schema at path: options
🤖 [MS3-PKG] [DEBUG] 🤖 [MS3-PKG] [DEBUG] 🤖 [MS3-PKG] [DEBUG] 🤖 [MS3-PKG] [DEBUG] 🤖 [MS3-PKG] [DEBUG] 🤖 [MS3-PKG] [DEBUG] 🤖 [MS3-PKG] [DEBUG] 🤖 [MS3-PKG] [DEBUG] 🤖 [MS3-PKG] [DEBUG] 🤖 [MS3-PKG] [DEBUG] 🤖 [MS3-PKG] [DEBUG] 🤖 [MS3-PKG] [DEBUG] 🤖 [MS3-PKG] [DEBUG] 🤖 [MS3-PKG] [DEBUG] 📋 [analyzeJoiSchema] Schema description type: object
🤖 [MS3-PKG] [DEBUG] 🤖 [MS3-PKG] [DEBUG] 🤖 [MS3-PKG] [DEBUG] 🤖 [MS3-PKG] [DEBUG] 🤖 [MS3-PKG] [DEBUG] 🤖 [MS3-PKG] [DEBUG] 🤖 [MS3-PKG] [DEBUG] 🤖 [MS3-PKG] [DEBUG] 🤖 [MS3-PKG] [DEBUG] 🤖 [MS3-PKG] [DEBUG] 🤖 [MS3-PKG] [DEBUG] 🤖 [MS3-PKG] [DEBUG] 🤖 [MS3-PKG] [DEBUG] 🤖 [MS3-PKG] [DEBUG] 📋 [analyzeJoiSchema] Schema keys: [ [32m&apos;web3authConfig&apos;[39m, [32m&apos;multiChainRpcs&apos;[39m ]
🤖 [MS3-PKG] [DEBUG] 🤖 [MS3-PKG] [DEBUG] 🤖 [MS3-PKG] [DEBUG] 🤖 [MS3-PKG] [DEBUG] 🤖 [MS3-PKG] [DEBUG] 🤖 [MS3-PKG] [DEBUG] 🤖 [MS3-PKG] [DEBUG] 🤖 [MS3-PKG] [DEBUG] 🤖 [MS3-PKG] [DEBUG] 🤖 [MS3-PKG] [DEBUG] 🤖 [MS3-PKG] [DEBUG] 🤖 [MS3-PKG] [DEBUG] 🤖 [MS3-PKG] [DEBUG] 🤖 [MS3-PKG] [DEBUG] ✅ [analyzeJoiSchema] Processing object schema with 2 keys
🤖 [MS3-PKG] [DEBUG] 🤖 [MS3-PKG] [DEBUG] 🤖 [MS3-PKG] [DEBUG] 🤖 [MS3-PKG] [DEBUG] 🤖 [MS3-PKG] [DEBUG] 🤖 [MS3-PKG] [DEBUG] 🤖 [MS3-PKG] [DEBUG] 🤖 [MS3-PKG] [DEBUG] 🤖 [MS3-PKG] [DEBUG] 🤖 [MS3-PKG] [DEBUG] 🤖 [MS3-PKG] [DEBUG] 🤖 [MS3-PKG] [DEBUG] 🤖 [MS3-PKG] [DEBUG] 🤖 [MS3-PKG] [DEBUG] 🔑 [analyzeJoiSchema] Processing field: web3authConfig
🤖 [MS3-PKG] [DEBUG] 🤖 [MS3-PKG] [DEBUG] 🤖 [MS3-PKG] [DEBUG] 🤖 [MS3-PKG] [DEBUG] 🤖 [MS3-PKG] [DEBUG] 🤖 [MS3-PKG] [DEBUG] 🤖 [MS3-PKG] [DEBUG] 🤖 [MS3-PKG] [DEBUG] 🤖 [MS3-PKG] [DEBUG] 🤖 [MS3-PKG] [DEBUG] 🤖 [MS3-PKG] [DEBUG] 🤖 [MS3-PKG] [DEBUG] 🤖 [MS3-PKG] [DEBUG] 🤖 [MS3-PKG] [DEBUG] 📝 [analyzeJoiSchema] Field description: {
  type: [32m&apos;object&apos;[39m,
  flags: {
    presence: [32m&apos;required&apos;[39m,
    description: [32m&apos;Web3Auth configuration object&apos;[39m
  },
  keys: {
    clientId: { type: [32m&apos;string&apos;[39m, flags: [36m[Object][39m },
    web3AuthNetwork: { type: [32m&apos;string&apos;[39m, flags: [36m[Object][39m, allow: [36m[Array][39m },
    chainConfig: { type: [32m&apos;object&apos;[39m, flags: [36m[Object][39m, keys: [36m[Object][39m },
    loginConfig: { type: [32m&apos;object&apos;[39m, flags: [36m[Object][39m },
    privateKeyProvider: { type: [32m&apos;any&apos;[39m, flags: [36m[Object][39m }
  }
}
🤖 [MS3-PKG] [DEBUG] 🤖 [MS3-PKG] [DEBUG] 🤖 [MS3-PKG] [DEBUG] 🤖 [MS3-PKG] [DEBUG] 🤖 [MS3-PKG] [DEBUG] 🤖 [MS3-PKG] [DEBUG] 🤖 [MS3-PKG] [DEBUG] 🤖 [MS3-PKG] [DEBUG] 🤖 [MS3-PKG] [DEBUG] 🤖 [MS3-PKG] [DEBUG] 🤖 [MS3-PKG] [DEBUG] 🤖 [MS3-PKG] [DEBUG] 🤖 [MS3-PKG] [DEBUG] 🤖 [MS3-PKG] [DEBUG] 📊 [analyzeJoiSchema] Field web3authConfig: type=object, required=true, message=&quot;Web3Auth configuration object&quot;
🤖 [MS3-PKG] [DEBUG] 🤖 [MS3-PKG] [DEBUG] 🤖 [MS3-PKG] [DEBUG] 🤖 [MS3-PKG] [DEBUG] 🤖 [MS3-PKG] [DEBUG] 🤖 [MS3-PKG] [DEBUG] 🤖 [MS3-PKG] [DEBUG] 🤖 [MS3-PKG] [DEBUG] 🤖 [MS3-PKG] [DEBUG] 🤖 [MS3-PKG] [DEBUG] 🤖 [MS3-PKG] [DEBUG] 🤖 [MS3-PKG] [DEBUG] 🤖 [MS3-PKG] [DEBUG] 🤖 [MS3-PKG] [DEBUG] 🔄 [analyzeJoiSchema] Recursing into nested object: web3authConfig
🤖 [MS3-PKG] [DEBUG] 🤖 [MS3-PKG] [DEBUG] 🤖 [MS3-PKG] [DEBUG] 🤖 [MS3-PKG] [DEBUG] 🤖 [MS3-PKG] [DEBUG] 🤖 [MS3-PKG] [DEBUG] 🤖 [MS3-PKG] [DEBUG] 🤖 [MS3-PKG] [DEBUG] 🤖 [MS3-PKG] [DEBUG] 🤖 [MS3-PKG] [DEBUG] 🤖 [MS3-PKG] [DEBUG] 🤖 [MS3-PKG] [DEBUG] 🤖 [MS3-PKG] [DEBUG] 🤖 [MS3-PKG] [DEBUG] 🔑 [analyzeJoiSchema] Processing field: multiChainRpcs
🤖 [MS3-PKG] [DEBUG] 🤖 [MS3-PKG] [DEBUG] 🤖 [MS3-PKG] [DEBUG] 🤖 [MS3-PKG] [DEBUG] 🤖 [MS3-PKG] [DEBUG] 🤖 [MS3-PKG] [DEBUG] 🤖 [MS3-PKG] [DEBUG] 🤖 [MS3-PKG] [DEBUG] 🤖 [MS3-PKG] [DEBUG] 🤖 [MS3-PKG] [DEBUG] 🤖 [MS3-PKG] [DEBUG] 🤖 [MS3-PKG] [DEBUG] 🤖 [MS3-PKG] [DEBUG] 🤖 [MS3-PKG] [DEBUG] 📝 [analyzeJoiSchema] Field description: {
  type: [32m&apos;object&apos;[39m,
  flags: {
    presence: [32m&apos;optional&apos;[39m,
    description: [32m&apos;Multi-chain RPC configuration - maps chain IDs to RPC URL arrays&apos;[39m
  },
  patterns: [ { schema: [36m[Object][39m, rule: [36m[Object][39m } ]
}
🤖 [MS3-PKG] [DEBUG] 🤖 [MS3-PKG] [DEBUG] 🤖 [MS3-PKG] [DEBUG] 🤖 [MS3-PKG] [DEBUG] 🤖 [MS3-PKG] [DEBUG] 🤖 [MS3-PKG] [DEBUG] 🤖 [MS3-PKG] [DEBUG] 🤖 [MS3-PKG] [DEBUG] 🤖 [MS3-PKG] [DEBUG] 🤖 [MS3-PKG] [DEBUG] 🤖 [MS3-PKG] [DEBUG] 🤖 [MS3-PKG] [DEBUG] 🤖 [MS3-PKG] [DEBUG] 🤖 [MS3-PKG] [DEBUG] 📊 [analyzeJoiSchema] Field multiChainRpcs: type=object, required=false, message=&quot;Multi-chain RPC configuration - maps chain IDs to RPC URL arrays&quot;
🤖 [MS3-PKG] [INFO] 🤖 [MS3-PKG] [INFO] 🤖 [MS3-PKG] [INFO] 🤖 [MS3-PKG] [INFO] 🤖 [MS3-PKG] [INFO] 🤖 [MS3-PKG] [INFO] 🤖 [MS3-PKG] [INFO] 🤖 [MS3-PKG] [INFO] 🤖 [MS3-PKG] [INFO] 🤖 [MS3-PKG] [INFO] 🤖 [MS3-PKG] [INFO] 🤖 [MS3-PKG] [INFO] 🤖 [MS3-PKG] [INFO] 🤖 [MS3-PKG] [INFO] 📊 [analyzeJoiSchema] Generated 14 requirements for options
🤖 [MS3-PKG] [DEBUG] 🤖 [MS3-PKG] [DEBUG] 🤖 [MS3-PKG] [DEBUG] 🤖 [MS3-PKG] [DEBUG] 🤖 [MS3-PKG] [DEBUG] 🤖 [MS3-PKG] [DEBUG] 🤖 [MS3-PKG] [DEBUG] 🤖 [MS3-PKG] [DEBUG] 🤖 [MS3-PKG] [DEBUG] 🤖 [MS3-PKG] [DEBUG] 🤖 [MS3-PKG] [DEBUG] 🤖 [MS3-PKG] [DEBUG] 🤖 [MS3-PKG] [DEBUG] 🤖 [MS3-PKG] [DEBUG] 🔍 [getRequirements] Starting analysis for bulk-test-44
🤖 [MS3-PKG] [DEBUG] 🤖 [MS3-PKG] [DEBUG] 🤖 [MS3-PKG] [DEBUG] 🤖 [MS3-PKG] [DEBUG] 🤖 [MS3-PKG] [DEBUG] 🤖 [MS3-PKG] [DEBUG] 🤖 [MS3-PKG] [DEBUG] 🤖 [MS3-PKG] [DEBUG] 🤖 [MS3-PKG] [DEBUG] 🤖 [MS3-PKG] [DEBUG] 🤖 [MS3-PKG] [DEBUG] 🤖 [MS3-PKG] [DEBUG] 🤖 [MS3-PKG] [DEBUG] 🤖 [MS3-PKG] [DEBUG] 🔬 [analyzeJoiSchema] Analyzing schema at path: options
🤖 [MS3-PKG] [DEBUG] 🤖 [MS3-PKG] [DEBUG] 🤖 [MS3-PKG] [DEBUG] 🤖 [MS3-PKG] [DEBUG] 🤖 [MS3-PKG] [DEBUG] 🤖 [MS3-PKG] [DEBUG] 🤖 [MS3-PKG] [DEBUG] 🤖 [MS3-PKG] [DEBUG] 🤖 [MS3-PKG] [DEBUG] 🤖 [MS3-PKG] [DEBUG] 🤖 [MS3-PKG] [DEBUG] 🤖 [MS3-PKG] [DEBUG] 🤖 [MS3-PKG] [DEBUG] 🤖 [MS3-PKG] [DEBUG] 📋 [analyzeJoiSchema] Schema description type: object
🤖 [MS3-PKG] [DEBUG] 🤖 [MS3-PKG] [DEBUG] 🤖 [MS3-PKG] [DEBUG] 🤖 [MS3-PKG] [DEBUG] 🤖 [MS3-PKG] [DEBUG] 🤖 [MS3-PKG] [DEBUG] 🤖 [MS3-PKG] [DEBUG] 🤖 [MS3-PKG] [DEBUG] 🤖 [MS3-PKG] [DEBUG] 🤖 [MS3-PKG] [DEBUG] 🤖 [MS3-PKG] [DEBUG] 🤖 [MS3-PKG] [DEBUG] 🤖 [MS3-PKG] [DEBUG] 🤖 [MS3-PKG] [DEBUG] 📋 [analyzeJoiSchema] Schema keys: [ [32m&apos;privateKey&apos;[39m, [32m&apos;provider&apos;[39m, [32m&apos;multiChainRpcs&apos;[39m ]
🤖 [MS3-PKG] [DEBUG] 🤖 [MS3-PKG] [DEBUG] 🤖 [MS3-PKG] [DEBUG] 🤖 [MS3-PKG] [DEBUG] 🤖 [MS3-PKG] [DEBUG] 🤖 [MS3-PKG] [DEBUG] 🤖 [MS3-PKG] [DEBUG] 🤖 [MS3-PKG] [DEBUG] 🤖 [MS3-PKG] [DEBUG] 🤖 [MS3-PKG] [DEBUG] 🤖 [MS3-PKG] [DEBUG] 🤖 [MS3-PKG] [DEBUG] 🤖 [MS3-PKG] [DEBUG] 🤖 [MS3-PKG] [DEBUG] ✅ [analyzeJoiSchema] Processing object schema with 3 keys
🤖 [MS3-PKG] [DEBUG] 🤖 [MS3-PKG] [DEBUG] 🤖 [MS3-PKG] [DEBUG] 🤖 [MS3-PKG] [DEBUG] 🤖 [MS3-PKG] [DEBUG] 🤖 [MS3-PKG] [DEBUG] 🤖 [MS3-PKG] [DEBUG] 🤖 [MS3-PKG] [DEBUG] 🤖 [MS3-PKG] [DEBUG] 🤖 [MS3-PKG] [DEBUG] 🤖 [MS3-PKG] [DEBUG] 🤖 [MS3-PKG] [DEBUG] 🤖 [MS3-PKG] [DEBUG] 🤖 [MS3-PKG] [DEBUG] 🔑 [analyzeJoiSchema] Processing field: privateKey
🤖 [MS3-PKG] [DEBUG] 🤖 [MS3-PKG] [DEBUG] 🤖 [MS3-PKG] [DEBUG] 🤖 [MS3-PKG] [DEBUG] 🤖 [MS3-PKG] [DEBUG] 🤖 [MS3-PKG] [DEBUG] 🤖 [MS3-PKG] [DEBUG] 🤖 [MS3-PKG] [DEBUG] 🤖 [MS3-PKG] [DEBUG] 🤖 [MS3-PKG] [DEBUG] 🤖 [MS3-PKG] [DEBUG] 🤖 [MS3-PKG] [DEBUG] 🤖 [MS3-PKG] [DEBUG] 🤖 [MS3-PKG] [DEBUG] 📝 [analyzeJoiSchema] Field description: {
  type: [32m&apos;string&apos;[39m,
  flags: {
    presence: [32m&apos;required&apos;[39m,
    description: [32m&apos;Private key for wallet (generates random if not provided)&apos;[39m
  },
  rules: [ { name: [32m&apos;pattern&apos;[39m, args: [36m[Object][39m } ]
}
🤖 [MS3-PKG] [DEBUG] 🤖 [MS3-PKG] [DEBUG] 🤖 [MS3-PKG] [DEBUG] 🤖 [MS3-PKG] [DEBUG] 🤖 [MS3-PKG] [DEBUG] 🤖 [MS3-PKG] [DEBUG] 🤖 [MS3-PKG] [DEBUG] 🤖 [MS3-PKG] [DEBUG] 🤖 [MS3-PKG] [DEBUG] 🤖 [MS3-PKG] [DEBUG] 🤖 [MS3-PKG] [DEBUG] 🤖 [MS3-PKG] [DEBUG] 🤖 [MS3-PKG] [DEBUG] 🤖 [MS3-PKG] [DEBUG] 📊 [analyzeJoiSchema] Field privateKey: type=string, required=true, message=&quot;Private key for wallet (generates random if not provided)&quot;
🤖 [MS3-PKG] [DEBUG] 🤖 [MS3-PKG] [DEBUG] 🤖 [MS3-PKG] [DEBUG] 🤖 [MS3-PKG] [DEBUG] 🤖 [MS3-PKG] [DEBUG] 🤖 [MS3-PKG] [DEBUG] 🤖 [MS3-PKG] [DEBUG] 🤖 [MS3-PKG] [DEBUG] 🤖 [MS3-PKG] [DEBUG] 🤖 [MS3-PKG] [DEBUG] 🤖 [MS3-PKG] [DEBUG] 🤖 [MS3-PKG] [DEBUG] 🤖 [MS3-PKG] [DEBUG] 🤖 [MS3-PKG] [DEBUG] 🔑 [analyzeJoiSchema] Processing field: provider
🤖 [MS3-PKG] [DEBUG] 🤖 [MS3-PKG] [DEBUG] 🤖 [MS3-PKG] [DEBUG] 🤖 [MS3-PKG] [DEBUG] 🤖 [MS3-PKG] [DEBUG] 🤖 [MS3-PKG] [DEBUG] 🤖 [MS3-PKG] [DEBUG] 🤖 [MS3-PKG] [DEBUG] 🤖 [MS3-PKG] [DEBUG] 🤖 [MS3-PKG] [DEBUG] 🤖 [MS3-PKG] [DEBUG] 🤖 [MS3-PKG] [DEBUG] 🤖 [MS3-PKG] [DEBUG] 🤖 [MS3-PKG] [DEBUG] 📝 [analyzeJoiSchema] Field description: {
  type: [32m&apos;object&apos;[39m,
  flags: {
    presence: [32m&apos;optional&apos;[39m,
    description: [32m&apos;Optional provider configuration&apos;[39m
  },
  keys: {
    name: { type: [32m&apos;string&apos;[39m, flags: [36m[Object][39m },
    chainId: { type: [32m&apos;string&apos;[39m, flags: [36m[Object][39m, rules: [36m[Array][39m },
    rpcUrls: { type: [32m&apos;array&apos;[39m, flags: [36m[Object][39m, rules: [36m[Array][39m, items: [36m[Array][39m },
    displayName: { type: [32m&apos;string&apos;[39m, flags: [36m[Object][39m }
  }
}
🤖 [MS3-PKG] [DEBUG] 🤖 [MS3-PKG] [DEBUG] 🤖 [MS3-PKG] [DEBUG] 🤖 [MS3-PKG] [DEBUG] 🤖 [MS3-PKG] [DEBUG] 🤖 [MS3-PKG] [DEBUG] 🤖 [MS3-PKG] [DEBUG] 🤖 [MS3-PKG] [DEBUG] 🤖 [MS3-PKG] [DEBUG] 🤖 [MS3-PKG] [DEBUG] 🤖 [MS3-PKG] [DEBUG] 🤖 [MS3-PKG] [DEBUG] 🤖 [MS3-PKG] [DEBUG] 🤖 [MS3-PKG] [DEBUG] 📊 [analyzeJoiSchema] Field provider: type=object, required=false, message=&quot;Optional provider configuration&quot;
🤖 [MS3-PKG] [DEBUG] 🤖 [MS3-PKG] [DEBUG] 🤖 [MS3-PKG] [DEBUG] 🤖 [MS3-PKG] [DEBUG] 🤖 [MS3-PKG] [DEBUG] 🤖 [MS3-PKG] [DEBUG] 🤖 [MS3-PKG] [DEBUG] 🤖 [MS3-PKG] [DEBUG] 🤖 [MS3-PKG] [DEBUG] 🤖 [MS3-PKG] [DEBUG] 🤖 [MS3-PKG] [DEBUG] 🤖 [MS3-PKG] [DEBUG] 🤖 [MS3-PKG] [DEBUG] 🤖 [MS3-PKG] [DEBUG] 🔄 [analyzeJoiSchema] Recursing into nested object: provider
🤖 [MS3-PKG] [DEBUG] 🤖 [MS3-PKG] [DEBUG] 🤖 [MS3-PKG] [DEBUG] 🤖 [MS3-PKG] [DEBUG] 🤖 [MS3-PKG] [DEBUG] 🤖 [MS3-PKG] [DEBUG] 🤖 [MS3-PKG] [DEBUG] 🤖 [MS3-PKG] [DEBUG] 🤖 [MS3-PKG] [DEBUG] 🤖 [MS3-PKG] [DEBUG] 🤖 [MS3-PKG] [DEBUG] 🤖 [MS3-PKG] [DEBUG] 🤖 [MS3-PKG] [DEBUG] 🤖 [MS3-PKG] [DEBUG] 🔑 [analyzeJoiSchema] Processing field: multiChainRpcs
🤖 [MS3-PKG] [DEBUG] 🤖 [MS3-PKG] [DEBUG] 🤖 [MS3-PKG] [DEBUG] 🤖 [MS3-PKG] [DEBUG] 🤖 [MS3-PKG] [DEBUG] 🤖 [MS3-PKG] [DEBUG] 🤖 [MS3-PKG] [DEBUG] 🤖 [MS3-PKG] [DEBUG] 🤖 [MS3-PKG] [DEBUG] 🤖 [MS3-PKG] [DEBUG] 🤖 [MS3-PKG] [DEBUG] 🤖 [MS3-PKG] [DEBUG] 🤖 [MS3-PKG] [DEBUG] 🤖 [MS3-PKG] [DEBUG] 📝 [analyzeJoiSchema] Field description: {
  type: [32m&apos;object&apos;[39m,
  flags: {
    presence: [32m&apos;optional&apos;[39m,
    description: [32m&apos;Multi-chain RPC configuration - maps chain IDs to RPC URL arrays&apos;[39m
  },
  patterns: [ { schema: [36m[Object][39m, rule: [36m[Object][39m } ]
}
🤖 [MS3-PKG] [DEBUG] 🤖 [MS3-PKG] [DEBUG] 🤖 [MS3-PKG] [DEBUG] 🤖 [MS3-PKG] [DEBUG] 🤖 [MS3-PKG] [DEBUG] 🤖 [MS3-PKG] [DEBUG] 🤖 [MS3-PKG] [DEBUG] 🤖 [MS3-PKG] [DEBUG] 🤖 [MS3-PKG] [DEBUG] 🤖 [MS3-PKG] [DEBUG] 🤖 [MS3-PKG] [DEBUG] 🤖 [MS3-PKG] [DEBUG] 🤖 [MS3-PKG] [DEBUG] 🤖 [MS3-PKG] [DEBUG] 📊 [analyzeJoiSchema] Field multiChainRpcs: type=object, required=false, message=&quot;Multi-chain RPC configuration - maps chain IDs to RPC URL arrays&quot;
🤖 [MS3-PKG] [INFO] 🤖 [MS3-PKG] [INFO] 🤖 [MS3-PKG] [INFO] 🤖 [MS3-PKG] [INFO] 🤖 [MS3-PKG] [INFO] 🤖 [MS3-PKG] [INFO] 🤖 [MS3-PKG] [INFO] 🤖 [MS3-PKG] [INFO] 🤖 [MS3-PKG] [INFO] 🤖 [MS3-PKG] [INFO] 🤖 [MS3-PKG] [INFO] 🤖 [MS3-PKG] [INFO] 🤖 [MS3-PKG] [INFO] 🤖 [MS3-PKG] [INFO] 📊 [analyzeJoiSchema] Generated 7 requirements for options
🤖 [MS3-PKG] [DEBUG] 🤖 [MS3-PKG] [DEBUG] 🤖 [MS3-PKG] [DEBUG] 🤖 [MS3-PKG] [DEBUG] 🤖 [MS3-PKG] [DEBUG] 🤖 [MS3-PKG] [DEBUG] 🤖 [MS3-PKG] [DEBUG] 🤖 [MS3-PKG] [DEBUG] 🤖 [MS3-PKG] [DEBUG] 🤖 [MS3-PKG] [DEBUG] 🤖 [MS3-PKG] [DEBUG] 🤖 [MS3-PKG] [DEBUG] 🤖 [MS3-PKG] [DEBUG] 🤖 [MS3-PKG] [DEBUG] 🔍 [getRequirements] Starting analysis for bulk-test-44
🤖 [MS3-PKG] [DEBUG] 🤖 [MS3-PKG] [DEBUG] 🤖 [MS3-PKG] [DEBUG] 🤖 [MS3-PKG] [DEBUG] 🤖 [MS3-PKG] [DEBUG] 🤖 [MS3-PKG] [DEBUG] 🤖 [MS3-PKG] [DEBUG] 🤖 [MS3-PKG] [DEBUG] 🤖 [MS3-PKG] [DEBUG] 🤖 [MS3-PKG] [DEBUG] 🤖 [MS3-PKG] [DEBUG] 🤖 [MS3-PKG] [DEBUG] 🤖 [MS3-PKG] [DEBUG] 🤖 [MS3-PKG] [DEBUG] 🔬 [analyzeJoiSchema] Analyzing schema at path: options
🤖 [MS3-PKG] [DEBUG] 🤖 [MS3-PKG] [DEBUG] 🤖 [MS3-PKG] [DEBUG] 🤖 [MS3-PKG] [DEBUG] 🤖 [MS3-PKG] [DEBUG] 🤖 [MS3-PKG] [DEBUG] 🤖 [MS3-PKG] [DEBUG] 🤖 [MS3-PKG] [DEBUG] 🤖 [MS3-PKG] [DEBUG] 🤖 [MS3-PKG] [DEBUG] 🤖 [MS3-PKG] [DEBUG] 🤖 [MS3-PKG] [DEBUG] 🤖 [MS3-PKG] [DEBUG] 🤖 [MS3-PKG] [DEBUG] 📋 [analyzeJoiSchema] Schema description type: object
🤖 [MS3-PKG] [DEBUG] 🤖 [MS3-PKG] [DEBUG] 🤖 [MS3-PKG] [DEBUG] 🤖 [MS3-PKG] [DEBUG] 🤖 [MS3-PKG] [DEBUG] 🤖 [MS3-PKG] [DEBUG] 🤖 [MS3-PKG] [DEBUG] 🤖 [MS3-PKG] [DEBUG] 🤖 [MS3-PKG] [DEBUG] 🤖 [MS3-PKG] [DEBUG] 🤖 [MS3-PKG] [DEBUG] 🤖 [MS3-PKG] [DEBUG] 🤖 [MS3-PKG] [DEBUG] 🤖 [MS3-PKG] [DEBUG] 📋 [analyzeJoiSchema] Schema keys: [ [32m&apos;web3authConfig&apos;[39m, [32m&apos;multiChainRpcs&apos;[39m ]
🤖 [MS3-PKG] [DEBUG] 🤖 [MS3-PKG] [DEBUG] 🤖 [MS3-PKG] [DEBUG] 🤖 [MS3-PKG] [DEBUG] 🤖 [MS3-PKG] [DEBUG] 🤖 [MS3-PKG] [DEBUG] 🤖 [MS3-PKG] [DEBUG] 🤖 [MS3-PKG] [DEBUG] 🤖 [MS3-PKG] [DEBUG] 🤖 [MS3-PKG] [DEBUG] 🤖 [MS3-PKG] [DEBUG] 🤖 [MS3-PKG] [DEBUG] 🤖 [MS3-PKG] [DEBUG] 🤖 [MS3-PKG] [DEBUG] ✅ [analyzeJoiSchema] Processing object schema with 2 keys
🤖 [MS3-PKG] [DEBUG] 🤖 [MS3-PKG] [DEBUG] 🤖 [MS3-PKG] [DEBUG] 🤖 [MS3-PKG] [DEBUG] 🤖 [MS3-PKG] [DEBUG] 🤖 [MS3-PKG] [DEBUG] 🤖 [MS3-PKG] [DEBUG] 🤖 [MS3-PKG] [DEBUG] 🤖 [MS3-PKG] [DEBUG] 🤖 [MS3-PKG] [DEBUG] 🤖 [MS3-PKG] [DEBUG] 🤖 [MS3-PKG] [DEBUG] 🤖 [MS3-PKG] [DEBUG] 🤖 [MS3-PKG] [DEBUG] 🔑 [analyzeJoiSchema] Processing field: web3authConfig
🤖 [MS3-PKG] [DEBUG] 🤖 [MS3-PKG] [DEBUG] 🤖 [MS3-PKG] [DEBUG] 🤖 [MS3-PKG] [DEBUG] 🤖 [MS3-PKG] [DEBUG] 🤖 [MS3-PKG] [DEBUG] 🤖 [MS3-PKG] [DEBUG] 🤖 [MS3-PKG] [DEBUG] 🤖 [MS3-PKG] [DEBUG] 🤖 [MS3-PKG] [DEBUG] 🤖 [MS3-PKG] [DEBUG] 🤖 [MS3-PKG] [DEBUG] 🤖 [MS3-PKG] [DEBUG] 🤖 [MS3-PKG] [DEBUG] 📝 [analyzeJoiSchema] Field description: {
  type: [32m&apos;object&apos;[39m,
  flags: {
    presence: [32m&apos;required&apos;[39m,
    description: [32m&apos;Web3Auth configuration object&apos;[39m
  },
  keys: {
    clientId: { type: [32m&apos;string&apos;[39m, flags: [36m[Object][39m },
    web3AuthNetwork: { type: [32m&apos;string&apos;[39m, flags: [36m[Object][39m, allow: [36m[Array][39m },
    chainConfig: { type: [32m&apos;object&apos;[39m, flags: [36m[Object][39m, keys: [36m[Object][39m },
    loginConfig: { type: [32m&apos;object&apos;[39m, flags: [36m[Object][39m },
    privateKeyProvider: { type: [32m&apos;any&apos;[39m, flags: [36m[Object][39m }
  }
}
🤖 [MS3-PKG] [DEBUG] 🤖 [MS3-PKG] [DEBUG] 🤖 [MS3-PKG] [DEBUG] 🤖 [MS3-PKG] [DEBUG] 🤖 [MS3-PKG] [DEBUG] 🤖 [MS3-PKG] [DEBUG] 🤖 [MS3-PKG] [DEBUG] 🤖 [MS3-PKG] [DEBUG] 🤖 [MS3-PKG] [DEBUG] 🤖 [MS3-PKG] [DEBUG] 🤖 [MS3-PKG] [DEBUG] 🤖 [MS3-PKG] [DEBUG] 🤖 [MS3-PKG] [DEBUG] 🤖 [MS3-PKG] [DEBUG] 📊 [analyzeJoiSchema] Field web3authConfig: type=object, required=true, message=&quot;Web3Auth configuration object&quot;
🤖 [MS3-PKG] [DEBUG] 🤖 [MS3-PKG] [DEBUG] 🤖 [MS3-PKG] [DEBUG] 🤖 [MS3-PKG] [DEBUG] 🤖 [MS3-PKG] [DEBUG] 🤖 [MS3-PKG] [DEBUG] 🤖 [MS3-PKG] [DEBUG] 🤖 [MS3-PKG] [DEBUG] 🤖 [MS3-PKG] [DEBUG] 🤖 [MS3-PKG] [DEBUG] 🤖 [MS3-PKG] [DEBUG] 🤖 [MS3-PKG] [DEBUG] 🤖 [MS3-PKG] [DEBUG] 🤖 [MS3-PKG] [DEBUG] 🔄 [analyzeJoiSchema] Recursing into nested object: web3authConfig
🤖 [MS3-PKG] [DEBUG] 🤖 [MS3-PKG] [DEBUG] 🤖 [MS3-PKG] [DEBUG] 🤖 [MS3-PKG] [DEBUG] 🤖 [MS3-PKG] [DEBUG] 🤖 [MS3-PKG] [DEBUG] 🤖 [MS3-PKG] [DEBUG] 🤖 [MS3-PKG] [DEBUG] 🤖 [MS3-PKG] [DEBUG] 🤖 [MS3-PKG] [DEBUG] 🤖 [MS3-PKG] [DEBUG] 🤖 [MS3-PKG] [DEBUG] 🤖 [MS3-PKG] [DEBUG] 🤖 [MS3-PKG] [DEBUG] 🔑 [analyzeJoiSchema] Processing field: multiChainRpcs
🤖 [MS3-PKG] [DEBUG] 🤖 [MS3-PKG] [DEBUG] 🤖 [MS3-PKG] [DEBUG] 🤖 [MS3-PKG] [DEBUG] 🤖 [MS3-PKG] [DEBUG] 🤖 [MS3-PKG] [DEBUG] 🤖 [MS3-PKG] [DEBUG] 🤖 [MS3-PKG] [DEBUG] 🤖 [MS3-PKG] [DEBUG] 🤖 [MS3-PKG] [DEBUG] 🤖 [MS3-PKG] [DEBUG] 🤖 [MS3-PKG] [DEBUG] 🤖 [MS3-PKG] [DEBUG] 🤖 [MS3-PKG] [DEBUG] 📝 [analyzeJoiSchema] Field description: {
  type: [32m&apos;object&apos;[39m,
  flags: {
    presence: [32m&apos;optional&apos;[39m,
    description: [32m&apos;Multi-chain RPC configuration - maps chain IDs to RPC URL arrays&apos;[39m
  },
  patterns: [ { schema: [36m[Object][39m, rule: [36m[Object][39m } ]
}
🤖 [MS3-PKG] [DEBUG] 🤖 [MS3-PKG] [DEBUG] 🤖 [MS3-PKG] [DEBUG] 🤖 [MS3-PKG] [DEBUG] 🤖 [MS3-PKG] [DEBUG] 🤖 [MS3-PKG] [DEBUG] 🤖 [MS3-PKG] [DEBUG] 🤖 [MS3-PKG] [DEBUG] 🤖 [MS3-PKG] [DEBUG] 🤖 [MS3-PKG] [DEBUG] 🤖 [MS3-PKG] [DEBUG] 🤖 [MS3-PKG] [DEBUG] 🤖 [MS3-PKG] [DEBUG] 🤖 [MS3-PKG] [DEBUG] 📊 [analyzeJoiSchema] Field multiChainRpcs: type=object, required=false, message=&quot;Multi-chain RPC configuration - maps chain IDs to RPC URL arrays&quot;
🤖 [MS3-PKG] [INFO] 🤖 [MS3-PKG] [INFO] 🤖 [MS3-PKG] [INFO] 🤖 [MS3-PKG] [INFO] 🤖 [MS3-PKG] [INFO] 🤖 [MS3-PKG] [INFO] 🤖 [MS3-PKG] [INFO] 🤖 [MS3-PKG] [INFO] 🤖 [MS3-PKG] [INFO] 🤖 [MS3-PKG] [INFO] 🤖 [MS3-PKG] [INFO] 🤖 [MS3-PKG] [INFO] 🤖 [MS3-PKG] [INFO] 🤖 [MS3-PKG] [INFO] 📊 [analyzeJoiSchema] Generated 14 requirements for options
🤖 [MS3-PKG] [DEBUG] 🤖 [MS3-PKG] [DEBUG] 🤖 [MS3-PKG] [DEBUG] 🤖 [MS3-PKG] [DEBUG] 🤖 [MS3-PKG] [DEBUG] 🤖 [MS3-PKG] [DEBUG] 🤖 [MS3-PKG] [DEBUG] 🤖 [MS3-PKG] [DEBUG] 🤖 [MS3-PKG] [DEBUG] 🤖 [MS3-PKG] [DEBUG] 🤖 [MS3-PKG] [DEBUG] 🤖 [MS3-PKG] [DEBUG] 🤖 [MS3-PKG] [DEBUG] 🤖 [MS3-PKG] [DEBUG] 🔍 [getRequirements] Starting analysis for bulk-test-45
🤖 [MS3-PKG] [DEBUG] 🤖 [MS3-PKG] [DEBUG] 🤖 [MS3-PKG] [DEBUG] 🤖 [MS3-PKG] [DEBUG] 🤖 [MS3-PKG] [DEBUG] 🤖 [MS3-PKG] [DEBUG] 🤖 [MS3-PKG] [DEBUG] 🤖 [MS3-PKG] [DEBUG] 🤖 [MS3-PKG] [DEBUG] 🤖 [MS3-PKG] [DEBUG] 🤖 [MS3-PKG] [DEBUG] 🤖 [MS3-PKG] [DEBUG] 🤖 [MS3-PKG] [DEBUG] 🤖 [MS3-PKG] [DEBUG] 🔬 [analyzeJoiSchema] Analyzing schema at path: options
🤖 [MS3-PKG] [DEBUG] 🤖 [MS3-PKG] [DEBUG] 🤖 [MS3-PKG] [DEBUG] 🤖 [MS3-PKG] [DEBUG] 🤖 [MS3-PKG] [DEBUG] 🤖 [MS3-PKG] [DEBUG] 🤖 [MS3-PKG] [DEBUG] 🤖 [MS3-PKG] [DEBUG] 🤖 [MS3-PKG] [DEBUG] 🤖 [MS3-PKG] [DEBUG] 🤖 [MS3-PKG] [DEBUG] 🤖 [MS3-PKG] [DEBUG] 🤖 [MS3-PKG] [DEBUG] 🤖 [MS3-PKG] [DEBUG] 📋 [analyzeJoiSchema] Schema description type: object
🤖 [MS3-PKG] [DEBUG] 🤖 [MS3-PKG] [DEBUG] 🤖 [MS3-PKG] [DEBUG] 🤖 [MS3-PKG] [DEBUG] 🤖 [MS3-PKG] [DEBUG] 🤖 [MS3-PKG] [DEBUG] 🤖 [MS3-PKG] [DEBUG] 🤖 [MS3-PKG] [DEBUG] 🤖 [MS3-PKG] [DEBUG] 🤖 [MS3-PKG] [DEBUG] 🤖 [MS3-PKG] [DEBUG] 🤖 [MS3-PKG] [DEBUG] 🤖 [MS3-PKG] [DEBUG] 🤖 [MS3-PKG] [DEBUG] 📋 [analyzeJoiSchema] Schema keys: [ [32m&apos;privateKey&apos;[39m, [32m&apos;provider&apos;[39m, [32m&apos;multiChainRpcs&apos;[39m ]
🤖 [MS3-PKG] [DEBUG] 🤖 [MS3-PKG] [DEBUG] 🤖 [MS3-PKG] [DEBUG] 🤖 [MS3-PKG] [DEBUG] 🤖 [MS3-PKG] [DEBUG] 🤖 [MS3-PKG] [DEBUG] 🤖 [MS3-PKG] [DEBUG] 🤖 [MS3-PKG] [DEBUG] 🤖 [MS3-PKG] [DEBUG] 🤖 [MS3-PKG] [DEBUG] 🤖 [MS3-PKG] [DEBUG] 🤖 [MS3-PKG] [DEBUG] 🤖 [MS3-PKG] [DEBUG] 🤖 [MS3-PKG] [DEBUG] ✅ [analyzeJoiSchema] Processing object schema with 3 keys
🤖 [MS3-PKG] [DEBUG] 🤖 [MS3-PKG] [DEBUG] 🤖 [MS3-PKG] [DEBUG] 🤖 [MS3-PKG] [DEBUG] 🤖 [MS3-PKG] [DEBUG] 🤖 [MS3-PKG] [DEBUG] 🤖 [MS3-PKG] [DEBUG] 🤖 [MS3-PKG] [DEBUG] 🤖 [MS3-PKG] [DEBUG] 🤖 [MS3-PKG] [DEBUG] 🤖 [MS3-PKG] [DEBUG] 🤖 [MS3-PKG] [DEBUG] 🤖 [MS3-PKG] [DEBUG] 🤖 [MS3-PKG] [DEBUG] 🔑 [analyzeJoiSchema] Processing field: privateKey
🤖 [MS3-PKG] [DEBUG] 🤖 [MS3-PKG] [DEBUG] 🤖 [MS3-PKG] [DEBUG] 🤖 [MS3-PKG] [DEBUG] 🤖 [MS3-PKG] [DEBUG] 🤖 [MS3-PKG] [DEBUG] 🤖 [MS3-PKG] [DEBUG] 🤖 [MS3-PKG] [DEBUG] 🤖 [MS3-PKG] [DEBUG] 🤖 [MS3-PKG] [DEBUG] 🤖 [MS3-PKG] [DEBUG] 🤖 [MS3-PKG] [DEBUG] 🤖 [MS3-PKG] [DEBUG] 🤖 [MS3-PKG] [DEBUG] 📝 [analyzeJoiSchema] Field description: {
  type: [32m&apos;string&apos;[39m,
  flags: {
    presence: [32m&apos;required&apos;[39m,
    description: [32m&apos;Private key for wallet (generates random if not provided)&apos;[39m
  },
  rules: [ { name: [32m&apos;pattern&apos;[39m, args: [36m[Object][39m } ]
}
🤖 [MS3-PKG] [DEBUG] 🤖 [MS3-PKG] [DEBUG] 🤖 [MS3-PKG] [DEBUG] 🤖 [MS3-PKG] [DEBUG] 🤖 [MS3-PKG] [DEBUG] 🤖 [MS3-PKG] [DEBUG] 🤖 [MS3-PKG] [DEBUG] 🤖 [MS3-PKG] [DEBUG] 🤖 [MS3-PKG] [DEBUG] 🤖 [MS3-PKG] [DEBUG] 🤖 [MS3-PKG] [DEBUG] 🤖 [MS3-PKG] [DEBUG] 🤖 [MS3-PKG] [DEBUG] 🤖 [MS3-PKG] [DEBUG] 📊 [analyzeJoiSchema] Field privateKey: type=string, required=true, message=&quot;Private key for wallet (generates random if not provided)&quot;
🤖 [MS3-PKG] [DEBUG] 🤖 [MS3-PKG] [DEBUG] 🤖 [MS3-PKG] [DEBUG] 🤖 [MS3-PKG] [DEBUG] 🤖 [MS3-PKG] [DEBUG] 🤖 [MS3-PKG] [DEBUG] 🤖 [MS3-PKG] [DEBUG] 🤖 [MS3-PKG] [DEBUG] 🤖 [MS3-PKG] [DEBUG] 🤖 [MS3-PKG] [DEBUG] 🤖 [MS3-PKG] [DEBUG] 🤖 [MS3-PKG] [DEBUG] 🤖 [MS3-PKG] [DEBUG] 🤖 [MS3-PKG] [DEBUG] 🔑 [analyzeJoiSchema] Processing field: provider
🤖 [MS3-PKG] [DEBUG] 🤖 [MS3-PKG] [DEBUG] 🤖 [MS3-PKG] [DEBUG] 🤖 [MS3-PKG] [DEBUG] 🤖 [MS3-PKG] [DEBUG] 🤖 [MS3-PKG] [DEBUG] 🤖 [MS3-PKG] [DEBUG] 🤖 [MS3-PKG] [DEBUG] 🤖 [MS3-PKG] [DEBUG] 🤖 [MS3-PKG] [DEBUG] 🤖 [MS3-PKG] [DEBUG] 🤖 [MS3-PKG] [DEBUG] 🤖 [MS3-PKG] [DEBUG] 🤖 [MS3-PKG] [DEBUG] 📝 [analyzeJoiSchema] Field description: {
  type: [32m&apos;object&apos;[39m,
  flags: {
    presence: [32m&apos;optional&apos;[39m,
    description: [32m&apos;Optional provider configuration&apos;[39m
  },
  keys: {
    name: { type: [32m&apos;string&apos;[39m, flags: [36m[Object][39m },
    chainId: { type: [32m&apos;string&apos;[39m, flags: [36m[Object][39m, rules: [36m[Array][39m },
    rpcUrls: { type: [32m&apos;array&apos;[39m, flags: [36m[Object][39m, rules: [36m[Array][39m, items: [36m[Array][39m },
    displayName: { type: [32m&apos;string&apos;[39m, flags: [36m[Object][39m }
  }
}
🤖 [MS3-PKG] [DEBUG] 🤖 [MS3-PKG] [DEBUG] 🤖 [MS3-PKG] [DEBUG] 🤖 [MS3-PKG] [DEBUG] 🤖 [MS3-PKG] [DEBUG] 🤖 [MS3-PKG] [DEBUG] 🤖 [MS3-PKG] [DEBUG] 🤖 [MS3-PKG] [DEBUG] 🤖 [MS3-PKG] [DEBUG] 🤖 [MS3-PKG] [DEBUG] 🤖 [MS3-PKG] [DEBUG] 🤖 [MS3-PKG] [DEBUG] 🤖 [MS3-PKG] [DEBUG] 🤖 [MS3-PKG] [DEBUG] 📊 [analyzeJoiSchema] Field provider: type=object, required=false, message=&quot;Optional provider configuration&quot;
🤖 [MS3-PKG] [DEBUG] 🤖 [MS3-PKG] [DEBUG] 🤖 [MS3-PKG] [DEBUG] 🤖 [MS3-PKG] [DEBUG] 🤖 [MS3-PKG] [DEBUG] 🤖 [MS3-PKG] [DEBUG] 🤖 [MS3-PKG] [DEBUG] 🤖 [MS3-PKG] [DEBUG] 🤖 [MS3-PKG] [DEBUG] 🤖 [MS3-PKG] [DEBUG] 🤖 [MS3-PKG] [DEBUG] 🤖 [MS3-PKG] [DEBUG] 🤖 [MS3-PKG] [DEBUG] 🤖 [MS3-PKG] [DEBUG] 🔄 [analyzeJoiSchema] Recursing into nested object: provider
🤖 [MS3-PKG] [DEBUG] 🤖 [MS3-PKG] [DEBUG] 🤖 [MS3-PKG] [DEBUG] 🤖 [MS3-PKG] [DEBUG] 🤖 [MS3-PKG] [DEBUG] 🤖 [MS3-PKG] [DEBUG] 🤖 [MS3-PKG] [DEBUG] 🤖 [MS3-PKG] [DEBUG] 🤖 [MS3-PKG] [DEBUG] 🤖 [MS3-PKG] [DEBUG] 🤖 [MS3-PKG] [DEBUG] 🤖 [MS3-PKG] [DEBUG] 🤖 [MS3-PKG] [DEBUG] 🤖 [MS3-PKG] [DEBUG] 🔑 [analyzeJoiSchema] Processing field: multiChainRpcs
🤖 [MS3-PKG] [DEBUG] 🤖 [MS3-PKG] [DEBUG] 🤖 [MS3-PKG] [DEBUG] 🤖 [MS3-PKG] [DEBUG] 🤖 [MS3-PKG] [DEBUG] 🤖 [MS3-PKG] [DEBUG] 🤖 [MS3-PKG] [DEBUG] 🤖 [MS3-PKG] [DEBUG] 🤖 [MS3-PKG] [DEBUG] 🤖 [MS3-PKG] [DEBUG] 🤖 [MS3-PKG] [DEBUG] 🤖 [MS3-PKG] [DEBUG] 🤖 [MS3-PKG] [DEBUG] 🤖 [MS3-PKG] [DEBUG] 📝 [analyzeJoiSchema] Field description: {
  type: [32m&apos;object&apos;[39m,
  flags: {
    presence: [32m&apos;optional&apos;[39m,
    description: [32m&apos;Multi-chain RPC configuration - maps chain IDs to RPC URL arrays&apos;[39m
  },
  patterns: [ { schema: [36m[Object][39m, rule: [36m[Object][39m } ]
}
🤖 [MS3-PKG] [DEBUG] 🤖 [MS3-PKG] [DEBUG] 🤖 [MS3-PKG] [DEBUG] 🤖 [MS3-PKG] [DEBUG] 🤖 [MS3-PKG] [DEBUG] 🤖 [MS3-PKG] [DEBUG] 🤖 [MS3-PKG] [DEBUG] 🤖 [MS3-PKG] [DEBUG] 🤖 [MS3-PKG] [DEBUG] 🤖 [MS3-PKG] [DEBUG] 🤖 [MS3-PKG] [DEBUG] 🤖 [MS3-PKG] [DEBUG] 🤖 [MS3-PKG] [DEBUG] 🤖 [MS3-PKG] [DEBUG] 📊 [analyzeJoiSchema] Field multiChainRpcs: type=object, required=false, message=&quot;Multi-chain RPC configuration - maps chain IDs to RPC URL arrays&quot;
🤖 [MS3-PKG] [INFO] 🤖 [MS3-PKG] [INFO] 🤖 [MS3-PKG] [INFO] 🤖 [MS3-PKG] [INFO] 🤖 [MS3-PKG] [INFO] 🤖 [MS3-PKG] [INFO] 🤖 [MS3-PKG] [INFO] 🤖 [MS3-PKG] [INFO] 🤖 [MS3-PKG] [INFO] 🤖 [MS3-PKG] [INFO] 🤖 [MS3-PKG] [INFO] 🤖 [MS3-PKG] [INFO] 🤖 [MS3-PKG] [INFO] 🤖 [MS3-PKG] [INFO] 📊 [analyzeJoiSchema] Generated 7 requirements for options
🤖 [MS3-PKG] [DEBUG] 🤖 [MS3-PKG] [DEBUG] 🤖 [MS3-PKG] [DEBUG] 🤖 [MS3-PKG] [DEBUG] 🤖 [MS3-PKG] [DEBUG] 🤖 [MS3-PKG] [DEBUG] 🤖 [MS3-PKG] [DEBUG] 🤖 [MS3-PKG] [DEBUG] 🤖 [MS3-PKG] [DEBUG] 🤖 [MS3-PKG] [DEBUG] 🤖 [MS3-PKG] [DEBUG] 🤖 [MS3-PKG] [DEBUG] 🤖 [MS3-PKG] [DEBUG] 🤖 [MS3-PKG] [DEBUG] 🔍 [getRequirements] Starting analysis for bulk-test-45
🤖 [MS3-PKG] [DEBUG] 🤖 [MS3-PKG] [DEBUG] 🤖 [MS3-PKG] [DEBUG] 🤖 [MS3-PKG] [DEBUG] 🤖 [MS3-PKG] [DEBUG] 🤖 [MS3-PKG] [DEBUG] 🤖 [MS3-PKG] [DEBUG] 🤖 [MS3-PKG] [DEBUG] 🤖 [MS3-PKG] [DEBUG] 🤖 [MS3-PKG] [DEBUG] 🤖 [MS3-PKG] [DEBUG] 🤖 [MS3-PKG] [DEBUG] 🤖 [MS3-PKG] [DEBUG] 🤖 [MS3-PKG] [DEBUG] 🔬 [analyzeJoiSchema] Analyzing schema at path: options
🤖 [MS3-PKG] [DEBUG] 🤖 [MS3-PKG] [DEBUG] 🤖 [MS3-PKG] [DEBUG] 🤖 [MS3-PKG] [DEBUG] 🤖 [MS3-PKG] [DEBUG] 🤖 [MS3-PKG] [DEBUG] 🤖 [MS3-PKG] [DEBUG] 🤖 [MS3-PKG] [DEBUG] 🤖 [MS3-PKG] [DEBUG] 🤖 [MS3-PKG] [DEBUG] 🤖 [MS3-PKG] [DEBUG] 🤖 [MS3-PKG] [DEBUG] 🤖 [MS3-PKG] [DEBUG] 🤖 [MS3-PKG] [DEBUG] 📋 [analyzeJoiSchema] Schema description type: object
🤖 [MS3-PKG] [DEBUG] 🤖 [MS3-PKG] [DEBUG] 🤖 [MS3-PKG] [DEBUG] 🤖 [MS3-PKG] [DEBUG] 🤖 [MS3-PKG] [DEBUG] 🤖 [MS3-PKG] [DEBUG] 🤖 [MS3-PKG] [DEBUG] 🤖 [MS3-PKG] [DEBUG] 🤖 [MS3-PKG] [DEBUG] 🤖 [MS3-PKG] [DEBUG] 🤖 [MS3-PKG] [DEBUG] 🤖 [MS3-PKG] [DEBUG] 🤖 [MS3-PKG] [DEBUG] 🤖 [MS3-PKG] [DEBUG] 📋 [analyzeJoiSchema] Schema keys: [ [32m&apos;web3authConfig&apos;[39m, [32m&apos;multiChainRpcs&apos;[39m ]
🤖 [MS3-PKG] [DEBUG] 🤖 [MS3-PKG] [DEBUG] 🤖 [MS3-PKG] [DEBUG] 🤖 [MS3-PKG] [DEBUG] 🤖 [MS3-PKG] [DEBUG] 🤖 [MS3-PKG] [DEBUG] 🤖 [MS3-PKG] [DEBUG] 🤖 [MS3-PKG] [DEBUG] 🤖 [MS3-PKG] [DEBUG] 🤖 [MS3-PKG] [DEBUG] 🤖 [MS3-PKG] [DEBUG] 🤖 [MS3-PKG] [DEBUG] 🤖 [MS3-PKG] [DEBUG] 🤖 [MS3-PKG] [DEBUG] ✅ [analyzeJoiSchema] Processing object schema with 2 keys
🤖 [MS3-PKG] [DEBUG] 🤖 [MS3-PKG] [DEBUG] 🤖 [MS3-PKG] [DEBUG] 🤖 [MS3-PKG] [DEBUG] 🤖 [MS3-PKG] [DEBUG] 🤖 [MS3-PKG] [DEBUG] 🤖 [MS3-PKG] [DEBUG] 🤖 [MS3-PKG] [DEBUG] 🤖 [MS3-PKG] [DEBUG] 🤖 [MS3-PKG] [DEBUG] 🤖 [MS3-PKG] [DEBUG] 🤖 [MS3-PKG] [DEBUG] 🤖 [MS3-PKG] [DEBUG] 🤖 [MS3-PKG] [DEBUG] 🔑 [analyzeJoiSchema] Processing field: web3authConfig
🤖 [MS3-PKG] [DEBUG] 🤖 [MS3-PKG] [DEBUG] 🤖 [MS3-PKG] [DEBUG] 🤖 [MS3-PKG] [DEBUG] 🤖 [MS3-PKG] [DEBUG] 🤖 [MS3-PKG] [DEBUG] 🤖 [MS3-PKG] [DEBUG] 🤖 [MS3-PKG] [DEBUG] 🤖 [MS3-PKG] [DEBUG] 🤖 [MS3-PKG] [DEBUG] 🤖 [MS3-PKG] [DEBUG] 🤖 [MS3-PKG] [DEBUG] 🤖 [MS3-PKG] [DEBUG] 🤖 [MS3-PKG] [DEBUG] 📝 [analyzeJoiSchema] Field description: {
  type: [32m&apos;object&apos;[39m,
  flags: {
    presence: [32m&apos;required&apos;[39m,
    description: [32m&apos;Web3Auth configuration object&apos;[39m
  },
  keys: {
    clientId: { type: [32m&apos;string&apos;[39m, flags: [36m[Object][39m },
    web3AuthNetwork: { type: [32m&apos;string&apos;[39m, flags: [36m[Object][39m, allow: [36m[Array][39m },
    chainConfig: { type: [32m&apos;object&apos;[39m, flags: [36m[Object][39m, keys: [36m[Object][39m },
    loginConfig: { type: [32m&apos;object&apos;[39m, flags: [36m[Object][39m },
    privateKeyProvider: { type: [32m&apos;any&apos;[39m, flags: [36m[Object][39m }
  }
}
🤖 [MS3-PKG] [DEBUG] 🤖 [MS3-PKG] [DEBUG] 🤖 [MS3-PKG] [DEBUG] 🤖 [MS3-PKG] [DEBUG] 🤖 [MS3-PKG] [DEBUG] 🤖 [MS3-PKG] [DEBUG] 🤖 [MS3-PKG] [DEBUG] 🤖 [MS3-PKG] [DEBUG] 🤖 [MS3-PKG] [DEBUG] 🤖 [MS3-PKG] [DEBUG] 🤖 [MS3-PKG] [DEBUG] 🤖 [MS3-PKG] [DEBUG] 🤖 [MS3-PKG] [DEBUG] 🤖 [MS3-PKG] [DEBUG] 📊 [analyzeJoiSchema] Field web3authConfig: type=object, required=true, message=&quot;Web3Auth configuration object&quot;
🤖 [MS3-PKG] [DEBUG] 🤖 [MS3-PKG] [DEBUG] 🤖 [MS3-PKG] [DEBUG] 🤖 [MS3-PKG] [DEBUG] 🤖 [MS3-PKG] [DEBUG] 🤖 [MS3-PKG] [DEBUG] 🤖 [MS3-PKG] [DEBUG] 🤖 [MS3-PKG] [DEBUG] 🤖 [MS3-PKG] [DEBUG] 🤖 [MS3-PKG] [DEBUG] 🤖 [MS3-PKG] [DEBUG] 🤖 [MS3-PKG] [DEBUG] 🤖 [MS3-PKG] [DEBUG] 🤖 [MS3-PKG] [DEBUG] 🔄 [analyzeJoiSchema] Recursing into nested object: web3authConfig
🤖 [MS3-PKG] [DEBUG] 🤖 [MS3-PKG] [DEBUG] 🤖 [MS3-PKG] [DEBUG] 🤖 [MS3-PKG] [DEBUG] 🤖 [MS3-PKG] [DEBUG] 🤖 [MS3-PKG] [DEBUG] 🤖 [MS3-PKG] [DEBUG] 🤖 [MS3-PKG] [DEBUG] 🤖 [MS3-PKG] [DEBUG] 🤖 [MS3-PKG] [DEBUG] 🤖 [MS3-PKG] [DEBUG] 🤖 [MS3-PKG] [DEBUG] 🤖 [MS3-PKG] [DEBUG] 🤖 [MS3-PKG] [DEBUG] 🔑 [analyzeJoiSchema] Processing field: multiChainRpcs
🤖 [MS3-PKG] [DEBUG] 🤖 [MS3-PKG] [DEBUG] 🤖 [MS3-PKG] [DEBUG] 🤖 [MS3-PKG] [DEBUG] 🤖 [MS3-PKG] [DEBUG] 🤖 [MS3-PKG] [DEBUG] 🤖 [MS3-PKG] [DEBUG] 🤖 [MS3-PKG] [DEBUG] 🤖 [MS3-PKG] [DEBUG] 🤖 [MS3-PKG] [DEBUG] 🤖 [MS3-PKG] [DEBUG] 🤖 [MS3-PKG] [DEBUG] 🤖 [MS3-PKG] [DEBUG] 🤖 [MS3-PKG] [DEBUG] 📝 [analyzeJoiSchema] Field description: {
  type: [32m&apos;object&apos;[39m,
  flags: {
    presence: [32m&apos;optional&apos;[39m,
    description: [32m&apos;Multi-chain RPC configuration - maps chain IDs to RPC URL arrays&apos;[39m
  },
  patterns: [ { schema: [36m[Object][39m, rule: [36m[Object][39m } ]
}
🤖 [MS3-PKG] [DEBUG] 🤖 [MS3-PKG] [DEBUG] 🤖 [MS3-PKG] [DEBUG] 🤖 [MS3-PKG] [DEBUG] 🤖 [MS3-PKG] [DEBUG] 🤖 [MS3-PKG] [DEBUG] 🤖 [MS3-PKG] [DEBUG] 🤖 [MS3-PKG] [DEBUG] 🤖 [MS3-PKG] [DEBUG] 🤖 [MS3-PKG] [DEBUG] 🤖 [MS3-PKG] [DEBUG] 🤖 [MS3-PKG] [DEBUG] 🤖 [MS3-PKG] [DEBUG] 🤖 [MS3-PKG] [DEBUG] 📊 [analyzeJoiSchema] Field multiChainRpcs: type=object, required=false, message=&quot;Multi-chain RPC configuration - maps chain IDs to RPC URL arrays&quot;
🤖 [MS3-PKG] [INFO] 🤖 [MS3-PKG] [INFO] 🤖 [MS3-PKG] [INFO] 🤖 [MS3-PKG] [INFO] 🤖 [MS3-PKG] [INFO] 🤖 [MS3-PKG] [INFO] 🤖 [MS3-PKG] [INFO] 🤖 [MS3-PKG] [INFO] 🤖 [MS3-PKG] [INFO] 🤖 [MS3-PKG] [INFO] 🤖 [MS3-PKG] [INFO] 🤖 [MS3-PKG] [INFO] 🤖 [MS3-PKG] [INFO] 🤖 [MS3-PKG] [INFO] 📊 [analyzeJoiSchema] Generated 14 requirements for options
🤖 [MS3-PKG] [DEBUG] 🤖 [MS3-PKG] [DEBUG] 🤖 [MS3-PKG] [DEBUG] 🤖 [MS3-PKG] [DEBUG] 🤖 [MS3-PKG] [DEBUG] 🤖 [MS3-PKG] [DEBUG] 🤖 [MS3-PKG] [DEBUG] 🤖 [MS3-PKG] [DEBUG] 🤖 [MS3-PKG] [DEBUG] 🤖 [MS3-PKG] [DEBUG] 🤖 [MS3-PKG] [DEBUG] 🤖 [MS3-PKG] [DEBUG] 🤖 [MS3-PKG] [DEBUG] 🤖 [MS3-PKG] [DEBUG] 🔍 [getRequirements] Starting analysis for bulk-test-46
🤖 [MS3-PKG] [DEBUG] 🤖 [MS3-PKG] [DEBUG] 🤖 [MS3-PKG] [DEBUG] 🤖 [MS3-PKG] [DEBUG] 🤖 [MS3-PKG] [DEBUG] 🤖 [MS3-PKG] [DEBUG] 🤖 [MS3-PKG] [DEBUG] 🤖 [MS3-PKG] [DEBUG] 🤖 [MS3-PKG] [DEBUG] 🤖 [MS3-PKG] [DEBUG] 🤖 [MS3-PKG] [DEBUG] 🤖 [MS3-PKG] [DEBUG] 🤖 [MS3-PKG] [DEBUG] 🤖 [MS3-PKG] [DEBUG] 🔬 [analyzeJoiSchema] Analyzing schema at path: options
🤖 [MS3-PKG] [DEBUG] 🤖 [MS3-PKG] [DEBUG] 🤖 [MS3-PKG] [DEBUG] 🤖 [MS3-PKG] [DEBUG] 🤖 [MS3-PKG] [DEBUG] 🤖 [MS3-PKG] [DEBUG] 🤖 [MS3-PKG] [DEBUG] 🤖 [MS3-PKG] [DEBUG] 🤖 [MS3-PKG] [DEBUG] 🤖 [MS3-PKG] [DEBUG] 🤖 [MS3-PKG] [DEBUG] 🤖 [MS3-PKG] [DEBUG] 🤖 [MS3-PKG] [DEBUG] 🤖 [MS3-PKG] [DEBUG] 📋 [analyzeJoiSchema] Schema description type: object
🤖 [MS3-PKG] [DEBUG] 🤖 [MS3-PKG] [DEBUG] 🤖 [MS3-PKG] [DEBUG] 🤖 [MS3-PKG] [DEBUG] 🤖 [MS3-PKG] [DEBUG] 🤖 [MS3-PKG] [DEBUG] 🤖 [MS3-PKG] [DEBUG] 🤖 [MS3-PKG] [DEBUG] 🤖 [MS3-PKG] [DEBUG] 🤖 [MS3-PKG] [DEBUG] 🤖 [MS3-PKG] [DEBUG] 🤖 [MS3-PKG] [DEBUG] 🤖 [MS3-PKG] [DEBUG] 🤖 [MS3-PKG] [DEBUG] 📋 [analyzeJoiSchema] Schema keys: [ [32m&apos;privateKey&apos;[39m, [32m&apos;provider&apos;[39m, [32m&apos;multiChainRpcs&apos;[39m ]
🤖 [MS3-PKG] [DEBUG] 🤖 [MS3-PKG] [DEBUG] 🤖 [MS3-PKG] [DEBUG] 🤖 [MS3-PKG] [DEBUG] 🤖 [MS3-PKG] [DEBUG] 🤖 [MS3-PKG] [DEBUG] 🤖 [MS3-PKG] [DEBUG] 🤖 [MS3-PKG] [DEBUG] 🤖 [MS3-PKG] [DEBUG] 🤖 [MS3-PKG] [DEBUG] 🤖 [MS3-PKG] [DEBUG] 🤖 [MS3-PKG] [DEBUG] 🤖 [MS3-PKG] [DEBUG] 🤖 [MS3-PKG] [DEBUG] ✅ [analyzeJoiSchema] Processing object schema with 3 keys
🤖 [MS3-PKG] [DEBUG] 🤖 [MS3-PKG] [DEBUG] 🤖 [MS3-PKG] [DEBUG] 🤖 [MS3-PKG] [DEBUG] 🤖 [MS3-PKG] [DEBUG] 🤖 [MS3-PKG] [DEBUG] 🤖 [MS3-PKG] [DEBUG] 🤖 [MS3-PKG] [DEBUG] 🤖 [MS3-PKG] [DEBUG] 🤖 [MS3-PKG] [DEBUG] 🤖 [MS3-PKG] [DEBUG] 🤖 [MS3-PKG] [DEBUG] 🤖 [MS3-PKG] [DEBUG] 🤖 [MS3-PKG] [DEBUG] 🔑 [analyzeJoiSchema] Processing field: privateKey
🤖 [MS3-PKG] [DEBUG] 🤖 [MS3-PKG] [DEBUG] 🤖 [MS3-PKG] [DEBUG] 🤖 [MS3-PKG] [DEBUG] 🤖 [MS3-PKG] [DEBUG] 🤖 [MS3-PKG] [DEBUG] 🤖 [MS3-PKG] [DEBUG] 🤖 [MS3-PKG] [DEBUG] 🤖 [MS3-PKG] [DEBUG] 🤖 [MS3-PKG] [DEBUG] 🤖 [MS3-PKG] [DEBUG] 🤖 [MS3-PKG] [DEBUG] 🤖 [MS3-PKG] [DEBUG] 🤖 [MS3-PKG] [DEBUG] 📝 [analyzeJoiSchema] Field description: {
  type: [32m&apos;string&apos;[39m,
  flags: {
    presence: [32m&apos;required&apos;[39m,
    description: [32m&apos;Private key for wallet (generates random if not provided)&apos;[39m
  },
  rules: [ { name: [32m&apos;pattern&apos;[39m, args: [36m[Object][39m } ]
}
🤖 [MS3-PKG] [DEBUG] 🤖 [MS3-PKG] [DEBUG] 🤖 [MS3-PKG] [DEBUG] 🤖 [MS3-PKG] [DEBUG] 🤖 [MS3-PKG] [DEBUG] 🤖 [MS3-PKG] [DEBUG] 🤖 [MS3-PKG] [DEBUG] 🤖 [MS3-PKG] [DEBUG] 🤖 [MS3-PKG] [DEBUG] 🤖 [MS3-PKG] [DEBUG] 🤖 [MS3-PKG] [DEBUG] 🤖 [MS3-PKG] [DEBUG] 🤖 [MS3-PKG] [DEBUG] 🤖 [MS3-PKG] [DEBUG] 📊 [analyzeJoiSchema] Field privateKey: type=string, required=true, message=&quot;Private key for wallet (generates random if not provided)&quot;
🤖 [MS3-PKG] [DEBUG] 🤖 [MS3-PKG] [DEBUG] 🤖 [MS3-PKG] [DEBUG] 🤖 [MS3-PKG] [DEBUG] 🤖 [MS3-PKG] [DEBUG] 🤖 [MS3-PKG] [DEBUG] 🤖 [MS3-PKG] [DEBUG] 🤖 [MS3-PKG] [DEBUG] 🤖 [MS3-PKG] [DEBUG] 🤖 [MS3-PKG] [DEBUG] 🤖 [MS3-PKG] [DEBUG] 🤖 [MS3-PKG] [DEBUG] 🤖 [MS3-PKG] [DEBUG] 🤖 [MS3-PKG] [DEBUG] 🔑 [analyzeJoiSchema] Processing field: provider
🤖 [MS3-PKG] [DEBUG] 🤖 [MS3-PKG] [DEBUG] 🤖 [MS3-PKG] [DEBUG] 🤖 [MS3-PKG] [DEBUG] 🤖 [MS3-PKG] [DEBUG] 🤖 [MS3-PKG] [DEBUG] 🤖 [MS3-PKG] [DEBUG] 🤖 [MS3-PKG] [DEBUG] 🤖 [MS3-PKG] [DEBUG] 🤖 [MS3-PKG] [DEBUG] 🤖 [MS3-PKG] [DEBUG] 🤖 [MS3-PKG] [DEBUG] 🤖 [MS3-PKG] [DEBUG] 🤖 [MS3-PKG] [DEBUG] 📝 [analyzeJoiSchema] Field description: {
  type: [32m&apos;object&apos;[39m,
  flags: {
    presence: [32m&apos;optional&apos;[39m,
    description: [32m&apos;Optional provider configuration&apos;[39m
  },
  keys: {
    name: { type: [32m&apos;string&apos;[39m, flags: [36m[Object][39m },
    chainId: { type: [32m&apos;string&apos;[39m, flags: [36m[Object][39m, rules: [36m[Array][39m },
    rpcUrls: { type: [32m&apos;array&apos;[39m, flags: [36m[Object][39m, rules: [36m[Array][39m, items: [36m[Array][39m },
    displayName: { type: [32m&apos;string&apos;[39m, flags: [36m[Object][39m }
  }
}
🤖 [MS3-PKG] [DEBUG] 🤖 [MS3-PKG] [DEBUG] 🤖 [MS3-PKG] [DEBUG] 🤖 [MS3-PKG] [DEBUG] 🤖 [MS3-PKG] [DEBUG] 🤖 [MS3-PKG] [DEBUG] 🤖 [MS3-PKG] [DEBUG] 🤖 [MS3-PKG] [DEBUG] 🤖 [MS3-PKG] [DEBUG] 🤖 [MS3-PKG] [DEBUG] 🤖 [MS3-PKG] [DEBUG] 🤖 [MS3-PKG] [DEBUG] 🤖 [MS3-PKG] [DEBUG] 🤖 [MS3-PKG] [DEBUG] 📊 [analyzeJoiSchema] Field provider: type=object, required=false, message=&quot;Optional provider configuration&quot;
🤖 [MS3-PKG] [DEBUG] 🤖 [MS3-PKG] [DEBUG] 🤖 [MS3-PKG] [DEBUG] 🤖 [MS3-PKG] [DEBUG] 🤖 [MS3-PKG] [DEBUG] 🤖 [MS3-PKG] [DEBUG] 🤖 [MS3-PKG] [DEBUG] 🤖 [MS3-PKG] [DEBUG] 🤖 [MS3-PKG] [DEBUG] 🤖 [MS3-PKG] [DEBUG] 🤖 [MS3-PKG] [DEBUG] 🤖 [MS3-PKG] [DEBUG] 🤖 [MS3-PKG] [DEBUG] 🤖 [MS3-PKG] [DEBUG] 🔄 [analyzeJoiSchema] Recursing into nested object: provider
🤖 [MS3-PKG] [DEBUG] 🤖 [MS3-PKG] [DEBUG] 🤖 [MS3-PKG] [DEBUG] 🤖 [MS3-PKG] [DEBUG] 🤖 [MS3-PKG] [DEBUG] 🤖 [MS3-PKG] [DEBUG] 🤖 [MS3-PKG] [DEBUG] 🤖 [MS3-PKG] [DEBUG] 🤖 [MS3-PKG] [DEBUG] 🤖 [MS3-PKG] [DEBUG] 🤖 [MS3-PKG] [DEBUG] 🤖 [MS3-PKG] [DEBUG] 🤖 [MS3-PKG] [DEBUG] 🤖 [MS3-PKG] [DEBUG] 🔑 [analyzeJoiSchema] Processing field: multiChainRpcs
🤖 [MS3-PKG] [DEBUG] 🤖 [MS3-PKG] [DEBUG] 🤖 [MS3-PKG] [DEBUG] 🤖 [MS3-PKG] [DEBUG] 🤖 [MS3-PKG] [DEBUG] 🤖 [MS3-PKG] [DEBUG] 🤖 [MS3-PKG] [DEBUG] 🤖 [MS3-PKG] [DEBUG] 🤖 [MS3-PKG] [DEBUG] 🤖 [MS3-PKG] [DEBUG] 🤖 [MS3-PKG] [DEBUG] 🤖 [MS3-PKG] [DEBUG] 🤖 [MS3-PKG] [DEBUG] 🤖 [MS3-PKG] [DEBUG] 📝 [analyzeJoiSchema] Field description: {
  type: [32m&apos;object&apos;[39m,
  flags: {
    presence: [32m&apos;optional&apos;[39m,
    description: [32m&apos;Multi-chain RPC configuration - maps chain IDs to RPC URL arrays&apos;[39m
  },
  patterns: [ { schema: [36m[Object][39m, rule: [36m[Object][39m } ]
}
🤖 [MS3-PKG] [DEBUG] 🤖 [MS3-PKG] [DEBUG] 🤖 [MS3-PKG] [DEBUG] 🤖 [MS3-PKG] [DEBUG] 🤖 [MS3-PKG] [DEBUG] 🤖 [MS3-PKG] [DEBUG] 🤖 [MS3-PKG] [DEBUG] 🤖 [MS3-PKG] [DEBUG] 🤖 [MS3-PKG] [DEBUG] 🤖 [MS3-PKG] [DEBUG] 🤖 [MS3-PKG] [DEBUG] 🤖 [MS3-PKG] [DEBUG] 🤖 [MS3-PKG] [DEBUG] 🤖 [MS3-PKG] [DEBUG] 📊 [analyzeJoiSchema] Field multiChainRpcs: type=object, required=false, message=&quot;Multi-chain RPC configuration - maps chain IDs to RPC URL arrays&quot;
🤖 [MS3-PKG] [INFO] 🤖 [MS3-PKG] [INFO] 🤖 [MS3-PKG] [INFO] 🤖 [MS3-PKG] [INFO] 🤖 [MS3-PKG] [INFO] 🤖 [MS3-PKG] [INFO] 🤖 [MS3-PKG] [INFO] 🤖 [MS3-PKG] [INFO] 🤖 [MS3-PKG] [INFO] 🤖 [MS3-PKG] [INFO] 🤖 [MS3-PKG] [INFO] 🤖 [MS3-PKG] [INFO] 🤖 [MS3-PKG] [INFO] 🤖 [MS3-PKG] [INFO] 📊 [analyzeJoiSchema] Generated 7 requirements for options
🤖 [MS3-PKG] [DEBUG] 🤖 [MS3-PKG] [DEBUG] 🤖 [MS3-PKG] [DEBUG] 🤖 [MS3-PKG] [DEBUG] 🤖 [MS3-PKG] [DEBUG] 🤖 [MS3-PKG] [DEBUG] 🤖 [MS3-PKG] [DEBUG] 🤖 [MS3-PKG] [DEBUG] 🤖 [MS3-PKG] [DEBUG] 🤖 [MS3-PKG] [DEBUG] 🤖 [MS3-PKG] [DEBUG] 🤖 [MS3-PKG] [DEBUG] 🤖 [MS3-PKG] [DEBUG] 🤖 [MS3-PKG] [DEBUG] 🔍 [getRequirements] Starting analysis for bulk-test-46
🤖 [MS3-PKG] [DEBUG] 🤖 [MS3-PKG] [DEBUG] 🤖 [MS3-PKG] [DEBUG] 🤖 [MS3-PKG] [DEBUG] 🤖 [MS3-PKG] [DEBUG] 🤖 [MS3-PKG] [DEBUG] 🤖 [MS3-PKG] [DEBUG] 🤖 [MS3-PKG] [DEBUG] 🤖 [MS3-PKG] [DEBUG] 🤖 [MS3-PKG] [DEBUG] 🤖 [MS3-PKG] [DEBUG] 🤖 [MS3-PKG] [DEBUG] 🤖 [MS3-PKG] [DEBUG] 🤖 [MS3-PKG] [DEBUG] 🔬 [analyzeJoiSchema] Analyzing schema at path: options
🤖 [MS3-PKG] [DEBUG] 🤖 [MS3-PKG] [DEBUG] 🤖 [MS3-PKG] [DEBUG] 🤖 [MS3-PKG] [DEBUG] 🤖 [MS3-PKG] [DEBUG] 🤖 [MS3-PKG] [DEBUG] 🤖 [MS3-PKG] [DEBUG] 🤖 [MS3-PKG] [DEBUG] 🤖 [MS3-PKG] [DEBUG] 🤖 [MS3-PKG] [DEBUG] 🤖 [MS3-PKG] [DEBUG] 🤖 [MS3-PKG] [DEBUG] 🤖 [MS3-PKG] [DEBUG] 🤖 [MS3-PKG] [DEBUG] 📋 [analyzeJoiSchema] Schema description type: object
🤖 [MS3-PKG] [DEBUG] 🤖 [MS3-PKG] [DEBUG] 🤖 [MS3-PKG] [DEBUG] 🤖 [MS3-PKG] [DEBUG] 🤖 [MS3-PKG] [DEBUG] 🤖 [MS3-PKG] [DEBUG] 🤖 [MS3-PKG] [DEBUG] 🤖 [MS3-PKG] [DEBUG] 🤖 [MS3-PKG] [DEBUG] 🤖 [MS3-PKG] [DEBUG] 🤖 [MS3-PKG] [DEBUG] 🤖 [MS3-PKG] [DEBUG] 🤖 [MS3-PKG] [DEBUG] 🤖 [MS3-PKG] [DEBUG] 📋 [analyzeJoiSchema] Schema keys: [ [32m&apos;web3authConfig&apos;[39m, [32m&apos;multiChainRpcs&apos;[39m ]
🤖 [MS3-PKG] [DEBUG] 🤖 [MS3-PKG] [DEBUG] 🤖 [MS3-PKG] [DEBUG] 🤖 [MS3-PKG] [DEBUG] 🤖 [MS3-PKG] [DEBUG] 🤖 [MS3-PKG] [DEBUG] 🤖 [MS3-PKG] [DEBUG] 🤖 [MS3-PKG] [DEBUG] 🤖 [MS3-PKG] [DEBUG] 🤖 [MS3-PKG] [DEBUG] 🤖 [MS3-PKG] [DEBUG] 🤖 [MS3-PKG] [DEBUG] 🤖 [MS3-PKG] [DEBUG] 🤖 [MS3-PKG] [DEBUG] ✅ [analyzeJoiSchema] Processing object schema with 2 keys
🤖 [MS3-PKG] [DEBUG] 🤖 [MS3-PKG] [DEBUG] 🤖 [MS3-PKG] [DEBUG] 🤖 [MS3-PKG] [DEBUG] 🤖 [MS3-PKG] [DEBUG] 🤖 [MS3-PKG] [DEBUG] 🤖 [MS3-PKG] [DEBUG] 🤖 [MS3-PKG] [DEBUG] 🤖 [MS3-PKG] [DEBUG] 🤖 [MS3-PKG] [DEBUG] 🤖 [MS3-PKG] [DEBUG] 🤖 [MS3-PKG] [DEBUG] 🤖 [MS3-PKG] [DEBUG] 🤖 [MS3-PKG] [DEBUG] 🔑 [analyzeJoiSchema] Processing field: web3authConfig
🤖 [MS3-PKG] [DEBUG] 🤖 [MS3-PKG] [DEBUG] 🤖 [MS3-PKG] [DEBUG] 🤖 [MS3-PKG] [DEBUG] 🤖 [MS3-PKG] [DEBUG] 🤖 [MS3-PKG] [DEBUG] 🤖 [MS3-PKG] [DEBUG] 🤖 [MS3-PKG] [DEBUG] 🤖 [MS3-PKG] [DEBUG] 🤖 [MS3-PKG] [DEBUG] 🤖 [MS3-PKG] [DEBUG] 🤖 [MS3-PKG] [DEBUG] 🤖 [MS3-PKG] [DEBUG] 🤖 [MS3-PKG] [DEBUG] 📝 [analyzeJoiSchema] Field description: {
  type: [32m&apos;object&apos;[39m,
  flags: {
    presence: [32m&apos;required&apos;[39m,
    description: [32m&apos;Web3Auth configuration object&apos;[39m
  },
  keys: {
    clientId: { type: [32m&apos;string&apos;[39m, flags: [36m[Object][39m },
    web3AuthNetwork: { type: [32m&apos;string&apos;[39m, flags: [36m[Object][39m, allow: [36m[Array][39m },
    chainConfig: { type: [32m&apos;object&apos;[39m, flags: [36m[Object][39m, keys: [36m[Object][39m },
    loginConfig: { type: [32m&apos;object&apos;[39m, flags: [36m[Object][39m },
    privateKeyProvider: { type: [32m&apos;any&apos;[39m, flags: [36m[Object][39m }
  }
}
🤖 [MS3-PKG] [DEBUG] 🤖 [MS3-PKG] [DEBUG] 🤖 [MS3-PKG] [DEBUG] 🤖 [MS3-PKG] [DEBUG] 🤖 [MS3-PKG] [DEBUG] 🤖 [MS3-PKG] [DEBUG] 🤖 [MS3-PKG] [DEBUG] 🤖 [MS3-PKG] [DEBUG] 🤖 [MS3-PKG] [DEBUG] 🤖 [MS3-PKG] [DEBUG] 🤖 [MS3-PKG] [DEBUG] 🤖 [MS3-PKG] [DEBUG] 🤖 [MS3-PKG] [DEBUG] 🤖 [MS3-PKG] [DEBUG] 📊 [analyzeJoiSchema] Field web3authConfig: type=object, required=true, message=&quot;Web3Auth configuration object&quot;
🤖 [MS3-PKG] [DEBUG] 🤖 [MS3-PKG] [DEBUG] 🤖 [MS3-PKG] [DEBUG] 🤖 [MS3-PKG] [DEBUG] 🤖 [MS3-PKG] [DEBUG] 🤖 [MS3-PKG] [DEBUG] 🤖 [MS3-PKG] [DEBUG] 🤖 [MS3-PKG] [DEBUG] 🤖 [MS3-PKG] [DEBUG] 🤖 [MS3-PKG] [DEBUG] 🤖 [MS3-PKG] [DEBUG] 🤖 [MS3-PKG] [DEBUG] 🤖 [MS3-PKG] [DEBUG] 🤖 [MS3-PKG] [DEBUG] 🔄 [analyzeJoiSchema] Recursing into nested object: web3authConfig
🤖 [MS3-PKG] [DEBUG] 🤖 [MS3-PKG] [DEBUG] 🤖 [MS3-PKG] [DEBUG] 🤖 [MS3-PKG] [DEBUG] 🤖 [MS3-PKG] [DEBUG] 🤖 [MS3-PKG] [DEBUG] 🤖 [MS3-PKG] [DEBUG] 🤖 [MS3-PKG] [DEBUG] 🤖 [MS3-PKG] [DEBUG] 🤖 [MS3-PKG] [DEBUG] 🤖 [MS3-PKG] [DEBUG] 🤖 [MS3-PKG] [DEBUG] 🤖 [MS3-PKG] [DEBUG] 🤖 [MS3-PKG] [DEBUG] 🔑 [analyzeJoiSchema] Processing field: multiChainRpcs
🤖 [MS3-PKG] [DEBUG] 🤖 [MS3-PKG] [DEBUG] 🤖 [MS3-PKG] [DEBUG] 🤖 [MS3-PKG] [DEBUG] 🤖 [MS3-PKG] [DEBUG] 🤖 [MS3-PKG] [DEBUG] 🤖 [MS3-PKG] [DEBUG] 🤖 [MS3-PKG] [DEBUG] 🤖 [MS3-PKG] [DEBUG] 🤖 [MS3-PKG] [DEBUG] 🤖 [MS3-PKG] [DEBUG] 🤖 [MS3-PKG] [DEBUG] 🤖 [MS3-PKG] [DEBUG] 🤖 [MS3-PKG] [DEBUG] 📝 [analyzeJoiSchema] Field description: {
  type: [32m&apos;object&apos;[39m,
  flags: {
    presence: [32m&apos;optional&apos;[39m,
    description: [32m&apos;Multi-chain RPC configuration - maps chain IDs to RPC URL arrays&apos;[39m
  },
  patterns: [ { schema: [36m[Object][39m, rule: [36m[Object][39m } ]
}
🤖 [MS3-PKG] [DEBUG] 🤖 [MS3-PKG] [DEBUG] 🤖 [MS3-PKG] [DEBUG] 🤖 [MS3-PKG] [DEBUG] 🤖 [MS3-PKG] [DEBUG] 🤖 [MS3-PKG] [DEBUG] 🤖 [MS3-PKG] [DEBUG] 🤖 [MS3-PKG] [DEBUG] 🤖 [MS3-PKG] [DEBUG] 🤖 [MS3-PKG] [DEBUG] 🤖 [MS3-PKG] [DEBUG] 🤖 [MS3-PKG] [DEBUG] 🤖 [MS3-PKG] [DEBUG] 🤖 [MS3-PKG] [DEBUG] 📊 [analyzeJoiSchema] Field multiChainRpcs: type=object, required=false, message=&quot;Multi-chain RPC configuration - maps chain IDs to RPC URL arrays&quot;
🤖 [MS3-PKG] [INFO] 🤖 [MS3-PKG] [INFO] 🤖 [MS3-PKG] [INFO] 🤖 [MS3-PKG] [INFO] 🤖 [MS3-PKG] [INFO] 🤖 [MS3-PKG] [INFO] 🤖 [MS3-PKG] [INFO] 🤖 [MS3-PKG] [INFO] 🤖 [MS3-PKG] [INFO] 🤖 [MS3-PKG] [INFO] 🤖 [MS3-PKG] [INFO] 🤖 [MS3-PKG] [INFO] 🤖 [MS3-PKG] [INFO] 🤖 [MS3-PKG] [INFO] 📊 [analyzeJoiSchema] Generated 14 requirements for options
🤖 [MS3-PKG] [DEBUG] 🤖 [MS3-PKG] [DEBUG] 🤖 [MS3-PKG] [DEBUG] 🤖 [MS3-PKG] [DEBUG] 🤖 [MS3-PKG] [DEBUG] 🤖 [MS3-PKG] [DEBUG] 🤖 [MS3-PKG] [DEBUG] 🤖 [MS3-PKG] [DEBUG] 🤖 [MS3-PKG] [DEBUG] 🤖 [MS3-PKG] [DEBUG] 🤖 [MS3-PKG] [DEBUG] 🤖 [MS3-PKG] [DEBUG] 🤖 [MS3-PKG] [DEBUG] 🤖 [MS3-PKG] [DEBUG] 🔍 [getRequirements] Starting analysis for bulk-test-47
🤖 [MS3-PKG] [DEBUG] 🤖 [MS3-PKG] [DEBUG] 🤖 [MS3-PKG] [DEBUG] 🤖 [MS3-PKG] [DEBUG] 🤖 [MS3-PKG] [DEBUG] 🤖 [MS3-PKG] [DEBUG] 🤖 [MS3-PKG] [DEBUG] 🤖 [MS3-PKG] [DEBUG] 🤖 [MS3-PKG] [DEBUG] 🤖 [MS3-PKG] [DEBUG] 🤖 [MS3-PKG] [DEBUG] 🤖 [MS3-PKG] [DEBUG] 🤖 [MS3-PKG] [DEBUG] 🤖 [MS3-PKG] [DEBUG] 🔬 [analyzeJoiSchema] Analyzing schema at path: options
🤖 [MS3-PKG] [DEBUG] 🤖 [MS3-PKG] [DEBUG] 🤖 [MS3-PKG] [DEBUG] 🤖 [MS3-PKG] [DEBUG] 🤖 [MS3-PKG] [DEBUG] 🤖 [MS3-PKG] [DEBUG] 🤖 [MS3-PKG] [DEBUG] 🤖 [MS3-PKG] [DEBUG] 🤖 [MS3-PKG] [DEBUG] 🤖 [MS3-PKG] [DEBUG] 🤖 [MS3-PKG] [DEBUG] 🤖 [MS3-PKG] [DEBUG] 🤖 [MS3-PKG] [DEBUG] 🤖 [MS3-PKG] [DEBUG] 📋 [analyzeJoiSchema] Schema description type: object
🤖 [MS3-PKG] [DEBUG] 🤖 [MS3-PKG] [DEBUG] 🤖 [MS3-PKG] [DEBUG] 🤖 [MS3-PKG] [DEBUG] 🤖 [MS3-PKG] [DEBUG] 🤖 [MS3-PKG] [DEBUG] 🤖 [MS3-PKG] [DEBUG] 🤖 [MS3-PKG] [DEBUG] 🤖 [MS3-PKG] [DEBUG] 🤖 [MS3-PKG] [DEBUG] 🤖 [MS3-PKG] [DEBUG] 🤖 [MS3-PKG] [DEBUG] 🤖 [MS3-PKG] [DEBUG] 🤖 [MS3-PKG] [DEBUG] 📋 [analyzeJoiSchema] Schema keys: [ [32m&apos;privateKey&apos;[39m, [32m&apos;provider&apos;[39m, [32m&apos;multiChainRpcs&apos;[39m ]
🤖 [MS3-PKG] [DEBUG] 🤖 [MS3-PKG] [DEBUG] 🤖 [MS3-PKG] [DEBUG] 🤖 [MS3-PKG] [DEBUG] 🤖 [MS3-PKG] [DEBUG] 🤖 [MS3-PKG] [DEBUG] 🤖 [MS3-PKG] [DEBUG] 🤖 [MS3-PKG] [DEBUG] 🤖 [MS3-PKG] [DEBUG] 🤖 [MS3-PKG] [DEBUG] 🤖 [MS3-PKG] [DEBUG] 🤖 [MS3-PKG] [DEBUG] 🤖 [MS3-PKG] [DEBUG] 🤖 [MS3-PKG] [DEBUG] ✅ [analyzeJoiSchema] Processing object schema with 3 keys
🤖 [MS3-PKG] [DEBUG] 🤖 [MS3-PKG] [DEBUG] 🤖 [MS3-PKG] [DEBUG] 🤖 [MS3-PKG] [DEBUG] 🤖 [MS3-PKG] [DEBUG] 🤖 [MS3-PKG] [DEBUG] 🤖 [MS3-PKG] [DEBUG] 🤖 [MS3-PKG] [DEBUG] 🤖 [MS3-PKG] [DEBUG] 🤖 [MS3-PKG] [DEBUG] 🤖 [MS3-PKG] [DEBUG] 🤖 [MS3-PKG] [DEBUG] 🤖 [MS3-PKG] [DEBUG] 🤖 [MS3-PKG] [DEBUG] 🔑 [analyzeJoiSchema] Processing field: privateKey
🤖 [MS3-PKG] [DEBUG] 🤖 [MS3-PKG] [DEBUG] 🤖 [MS3-PKG] [DEBUG] 🤖 [MS3-PKG] [DEBUG] 🤖 [MS3-PKG] [DEBUG] 🤖 [MS3-PKG] [DEBUG] 🤖 [MS3-PKG] [DEBUG] 🤖 [MS3-PKG] [DEBUG] 🤖 [MS3-PKG] [DEBUG] 🤖 [MS3-PKG] [DEBUG] 🤖 [MS3-PKG] [DEBUG] 🤖 [MS3-PKG] [DEBUG] 🤖 [MS3-PKG] [DEBUG] 🤖 [MS3-PKG] [DEBUG] 📝 [analyzeJoiSchema] Field description: {
  type: [32m&apos;string&apos;[39m,
  flags: {
    presence: [32m&apos;required&apos;[39m,
    description: [32m&apos;Private key for wallet (generates random if not provided)&apos;[39m
  },
  rules: [ { name: [32m&apos;pattern&apos;[39m, args: [36m[Object][39m } ]
}
🤖 [MS3-PKG] [DEBUG] 🤖 [MS3-PKG] [DEBUG] 🤖 [MS3-PKG] [DEBUG] 🤖 [MS3-PKG] [DEBUG] 🤖 [MS3-PKG] [DEBUG] 🤖 [MS3-PKG] [DEBUG] 🤖 [MS3-PKG] [DEBUG] 🤖 [MS3-PKG] [DEBUG] 🤖 [MS3-PKG] [DEBUG] 🤖 [MS3-PKG] [DEBUG] 🤖 [MS3-PKG] [DEBUG] 🤖 [MS3-PKG] [DEBUG] 🤖 [MS3-PKG] [DEBUG] 🤖 [MS3-PKG] [DEBUG] 📊 [analyzeJoiSchema] Field privateKey: type=string, required=true, message=&quot;Private key for wallet (generates random if not provided)&quot;
🤖 [MS3-PKG] [DEBUG] 🤖 [MS3-PKG] [DEBUG] 🤖 [MS3-PKG] [DEBUG] 🤖 [MS3-PKG] [DEBUG] 🤖 [MS3-PKG] [DEBUG] 🤖 [MS3-PKG] [DEBUG] 🤖 [MS3-PKG] [DEBUG] 🤖 [MS3-PKG] [DEBUG] 🤖 [MS3-PKG] [DEBUG] 🤖 [MS3-PKG] [DEBUG] 🤖 [MS3-PKG] [DEBUG] 🤖 [MS3-PKG] [DEBUG] 🤖 [MS3-PKG] [DEBUG] 🤖 [MS3-PKG] [DEBUG] 🔑 [analyzeJoiSchema] Processing field: provider
🤖 [MS3-PKG] [DEBUG] 🤖 [MS3-PKG] [DEBUG] 🤖 [MS3-PKG] [DEBUG] 🤖 [MS3-PKG] [DEBUG] 🤖 [MS3-PKG] [DEBUG] 🤖 [MS3-PKG] [DEBUG] 🤖 [MS3-PKG] [DEBUG] 🤖 [MS3-PKG] [DEBUG] 🤖 [MS3-PKG] [DEBUG] 🤖 [MS3-PKG] [DEBUG] 🤖 [MS3-PKG] [DEBUG] 🤖 [MS3-PKG] [DEBUG] 🤖 [MS3-PKG] [DEBUG] 🤖 [MS3-PKG] [DEBUG] 📝 [analyzeJoiSchema] Field description: {
  type: [32m&apos;object&apos;[39m,
  flags: {
    presence: [32m&apos;optional&apos;[39m,
    description: [32m&apos;Optional provider configuration&apos;[39m
  },
  keys: {
    name: { type: [32m&apos;string&apos;[39m, flags: [36m[Object][39m },
    chainId: { type: [32m&apos;string&apos;[39m, flags: [36m[Object][39m, rules: [36m[Array][39m },
    rpcUrls: { type: [32m&apos;array&apos;[39m, flags: [36m[Object][39m, rules: [36m[Array][39m, items: [36m[Array][39m },
    displayName: { type: [32m&apos;string&apos;[39m, flags: [36m[Object][39m }
  }
}
🤖 [MS3-PKG] [DEBUG] 🤖 [MS3-PKG] [DEBUG] 🤖 [MS3-PKG] [DEBUG] 🤖 [MS3-PKG] [DEBUG] 🤖 [MS3-PKG] [DEBUG] 🤖 [MS3-PKG] [DEBUG] 🤖 [MS3-PKG] [DEBUG] 🤖 [MS3-PKG] [DEBUG] 🤖 [MS3-PKG] [DEBUG] 🤖 [MS3-PKG] [DEBUG] 🤖 [MS3-PKG] [DEBUG] 🤖 [MS3-PKG] [DEBUG] 🤖 [MS3-PKG] [DEBUG] 🤖 [MS3-PKG] [DEBUG] 📊 [analyzeJoiSchema] Field provider: type=object, required=false, message=&quot;Optional provider configuration&quot;
🤖 [MS3-PKG] [DEBUG] 🤖 [MS3-PKG] [DEBUG] 🤖 [MS3-PKG] [DEBUG] 🤖 [MS3-PKG] [DEBUG] 🤖 [MS3-PKG] [DEBUG] 🤖 [MS3-PKG] [DEBUG] 🤖 [MS3-PKG] [DEBUG] 🤖 [MS3-PKG] [DEBUG] 🤖 [MS3-PKG] [DEBUG] 🤖 [MS3-PKG] [DEBUG] 🤖 [MS3-PKG] [DEBUG] 🤖 [MS3-PKG] [DEBUG] 🤖 [MS3-PKG] [DEBUG] 🤖 [MS3-PKG] [DEBUG] 🔄 [analyzeJoiSchema] Recursing into nested object: provider
🤖 [MS3-PKG] [DEBUG] 🤖 [MS3-PKG] [DEBUG] 🤖 [MS3-PKG] [DEBUG] 🤖 [MS3-PKG] [DEBUG] 🤖 [MS3-PKG] [DEBUG] 🤖 [MS3-PKG] [DEBUG] 🤖 [MS3-PKG] [DEBUG] 🤖 [MS3-PKG] [DEBUG] 🤖 [MS3-PKG] [DEBUG] 🤖 [MS3-PKG] [DEBUG] 🤖 [MS3-PKG] [DEBUG] 🤖 [MS3-PKG] [DEBUG] 🤖 [MS3-PKG] [DEBUG] 🤖 [MS3-PKG] [DEBUG] 🔑 [analyzeJoiSchema] Processing field: multiChainRpcs
🤖 [MS3-PKG] [DEBUG] 🤖 [MS3-PKG] [DEBUG] 🤖 [MS3-PKG] [DEBUG] 🤖 [MS3-PKG] [DEBUG] 🤖 [MS3-PKG] [DEBUG] 🤖 [MS3-PKG] [DEBUG] 🤖 [MS3-PKG] [DEBUG] 🤖 [MS3-PKG] [DEBUG] 🤖 [MS3-PKG] [DEBUG] 🤖 [MS3-PKG] [DEBUG] 🤖 [MS3-PKG] [DEBUG] 🤖 [MS3-PKG] [DEBUG] 🤖 [MS3-PKG] [DEBUG] 🤖 [MS3-PKG] [DEBUG] 📝 [analyzeJoiSchema] Field description: {
  type: [32m&apos;object&apos;[39m,
  flags: {
    presence: [32m&apos;optional&apos;[39m,
    description: [32m&apos;Multi-chain RPC configuration - maps chain IDs to RPC URL arrays&apos;[39m
  },
  patterns: [ { schema: [36m[Object][39m, rule: [36m[Object][39m } ]
}
🤖 [MS3-PKG] [DEBUG] 🤖 [MS3-PKG] [DEBUG] 🤖 [MS3-PKG] [DEBUG] 🤖 [MS3-PKG] [DEBUG] 🤖 [MS3-PKG] [DEBUG] 🤖 [MS3-PKG] [DEBUG] 🤖 [MS3-PKG] [DEBUG] 🤖 [MS3-PKG] [DEBUG] 🤖 [MS3-PKG] [DEBUG] 🤖 [MS3-PKG] [DEBUG] 🤖 [MS3-PKG] [DEBUG] 🤖 [MS3-PKG] [DEBUG] 🤖 [MS3-PKG] [DEBUG] 🤖 [MS3-PKG] [DEBUG] 📊 [analyzeJoiSchema] Field multiChainRpcs: type=object, required=false, message=&quot;Multi-chain RPC configuration - maps chain IDs to RPC URL arrays&quot;
🤖 [MS3-PKG] [INFO] 🤖 [MS3-PKG] [INFO] 🤖 [MS3-PKG] [INFO] 🤖 [MS3-PKG] [INFO] 🤖 [MS3-PKG] [INFO] 🤖 [MS3-PKG] [INFO] 🤖 [MS3-PKG] [INFO] 🤖 [MS3-PKG] [INFO] 🤖 [MS3-PKG] [INFO] 🤖 [MS3-PKG] [INFO] 🤖 [MS3-PKG] [INFO] 🤖 [MS3-PKG] [INFO] 🤖 [MS3-PKG] [INFO] 🤖 [MS3-PKG] [INFO] 📊 [analyzeJoiSchema] Generated 7 requirements for options
🤖 [MS3-PKG] [DEBUG] 🤖 [MS3-PKG] [DEBUG] 🤖 [MS3-PKG] [DEBUG] 🤖 [MS3-PKG] [DEBUG] 🤖 [MS3-PKG] [DEBUG] 🤖 [MS3-PKG] [DEBUG] 🤖 [MS3-PKG] [DEBUG] 🤖 [MS3-PKG] [DEBUG] 🤖 [MS3-PKG] [DEBUG] 🤖 [MS3-PKG] [DEBUG] 🤖 [MS3-PKG] [DEBUG] 🤖 [MS3-PKG] [DEBUG] 🤖 [MS3-PKG] [DEBUG] 🤖 [MS3-PKG] [DEBUG] 🔍 [getRequirements] Starting analysis for bulk-test-47
🤖 [MS3-PKG] [DEBUG] 🤖 [MS3-PKG] [DEBUG] 🤖 [MS3-PKG] [DEBUG] 🤖 [MS3-PKG] [DEBUG] 🤖 [MS3-PKG] [DEBUG] 🤖 [MS3-PKG] [DEBUG] 🤖 [MS3-PKG] [DEBUG] 🤖 [MS3-PKG] [DEBUG] 🤖 [MS3-PKG] [DEBUG] 🤖 [MS3-PKG] [DEBUG] 🤖 [MS3-PKG] [DEBUG] 🤖 [MS3-PKG] [DEBUG] 🤖 [MS3-PKG] [DEBUG] 🤖 [MS3-PKG] [DEBUG] 🔬 [analyzeJoiSchema] Analyzing schema at path: options
🤖 [MS3-PKG] [DEBUG] 🤖 [MS3-PKG] [DEBUG] 🤖 [MS3-PKG] [DEBUG] 🤖 [MS3-PKG] [DEBUG] 🤖 [MS3-PKG] [DEBUG] 🤖 [MS3-PKG] [DEBUG] 🤖 [MS3-PKG] [DEBUG] 🤖 [MS3-PKG] [DEBUG] 🤖 [MS3-PKG] [DEBUG] 🤖 [MS3-PKG] [DEBUG] 🤖 [MS3-PKG] [DEBUG] 🤖 [MS3-PKG] [DEBUG] 🤖 [MS3-PKG] [DEBUG] 🤖 [MS3-PKG] [DEBUG] 📋 [analyzeJoiSchema] Schema description type: object
🤖 [MS3-PKG] [DEBUG] 🤖 [MS3-PKG] [DEBUG] 🤖 [MS3-PKG] [DEBUG] 🤖 [MS3-PKG] [DEBUG] 🤖 [MS3-PKG] [DEBUG] 🤖 [MS3-PKG] [DEBUG] 🤖 [MS3-PKG] [DEBUG] 🤖 [MS3-PKG] [DEBUG] 🤖 [MS3-PKG] [DEBUG] 🤖 [MS3-PKG] [DEBUG] 🤖 [MS3-PKG] [DEBUG] 🤖 [MS3-PKG] [DEBUG] 🤖 [MS3-PKG] [DEBUG] 🤖 [MS3-PKG] [DEBUG] 📋 [analyzeJoiSchema] Schema keys: [ [32m&apos;web3authConfig&apos;[39m, [32m&apos;multiChainRpcs&apos;[39m ]
🤖 [MS3-PKG] [DEBUG] 🤖 [MS3-PKG] [DEBUG] 🤖 [MS3-PKG] [DEBUG] 🤖 [MS3-PKG] [DEBUG] 🤖 [MS3-PKG] [DEBUG] 🤖 [MS3-PKG] [DEBUG] 🤖 [MS3-PKG] [DEBUG] 🤖 [MS3-PKG] [DEBUG] 🤖 [MS3-PKG] [DEBUG] 🤖 [MS3-PKG] [DEBUG] 🤖 [MS3-PKG] [DEBUG] 🤖 [MS3-PKG] [DEBUG] 🤖 [MS3-PKG] [DEBUG] 🤖 [MS3-PKG] [DEBUG] ✅ [analyzeJoiSchema] Processing object schema with 2 keys
🤖 [MS3-PKG] [DEBUG] 🤖 [MS3-PKG] [DEBUG] 🤖 [MS3-PKG] [DEBUG] 🤖 [MS3-PKG] [DEBUG] 🤖 [MS3-PKG] [DEBUG] 🤖 [MS3-PKG] [DEBUG] 🤖 [MS3-PKG] [DEBUG] 🤖 [MS3-PKG] [DEBUG] 🤖 [MS3-PKG] [DEBUG] 🤖 [MS3-PKG] [DEBUG] 🤖 [MS3-PKG] [DEBUG] 🤖 [MS3-PKG] [DEBUG] 🤖 [MS3-PKG] [DEBUG] 🤖 [MS3-PKG] [DEBUG] 🔑 [analyzeJoiSchema] Processing field: web3authConfig
🤖 [MS3-PKG] [DEBUG] 🤖 [MS3-PKG] [DEBUG] 🤖 [MS3-PKG] [DEBUG] 🤖 [MS3-PKG] [DEBUG] 🤖 [MS3-PKG] [DEBUG] 🤖 [MS3-PKG] [DEBUG] 🤖 [MS3-PKG] [DEBUG] 🤖 [MS3-PKG] [DEBUG] 🤖 [MS3-PKG] [DEBUG] 🤖 [MS3-PKG] [DEBUG] 🤖 [MS3-PKG] [DEBUG] 🤖 [MS3-PKG] [DEBUG] 🤖 [MS3-PKG] [DEBUG] 🤖 [MS3-PKG] [DEBUG] 📝 [analyzeJoiSchema] Field description: {
  type: [32m&apos;object&apos;[39m,
  flags: {
    presence: [32m&apos;required&apos;[39m,
    description: [32m&apos;Web3Auth configuration object&apos;[39m
  },
  keys: {
    clientId: { type: [32m&apos;string&apos;[39m, flags: [36m[Object][39m },
    web3AuthNetwork: { type: [32m&apos;string&apos;[39m, flags: [36m[Object][39m, allow: [36m[Array][39m },
    chainConfig: { type: [32m&apos;object&apos;[39m, flags: [36m[Object][39m, keys: [36m[Object][39m },
    loginConfig: { type: [32m&apos;object&apos;[39m, flags: [36m[Object][39m },
    privateKeyProvider: { type: [32m&apos;any&apos;[39m, flags: [36m[Object][39m }
  }
}
🤖 [MS3-PKG] [DEBUG] 🤖 [MS3-PKG] [DEBUG] 🤖 [MS3-PKG] [DEBUG] 🤖 [MS3-PKG] [DEBUG] 🤖 [MS3-PKG] [DEBUG] 🤖 [MS3-PKG] [DEBUG] 🤖 [MS3-PKG] [DEBUG] 🤖 [MS3-PKG] [DEBUG] 🤖 [MS3-PKG] [DEBUG] 🤖 [MS3-PKG] [DEBUG] 🤖 [MS3-PKG] [DEBUG] 🤖 [MS3-PKG] [DEBUG] 🤖 [MS3-PKG] [DEBUG] 🤖 [MS3-PKG] [DEBUG] 📊 [analyzeJoiSchema] Field web3authConfig: type=object, required=true, message=&quot;Web3Auth configuration object&quot;
🤖 [MS3-PKG] [DEBUG] 🤖 [MS3-PKG] [DEBUG] 🤖 [MS3-PKG] [DEBUG] 🤖 [MS3-PKG] [DEBUG] 🤖 [MS3-PKG] [DEBUG] 🤖 [MS3-PKG] [DEBUG] 🤖 [MS3-PKG] [DEBUG] 🤖 [MS3-PKG] [DEBUG] 🤖 [MS3-PKG] [DEBUG] 🤖 [MS3-PKG] [DEBUG] 🤖 [MS3-PKG] [DEBUG] 🤖 [MS3-PKG] [DEBUG] 🤖 [MS3-PKG] [DEBUG] 🤖 [MS3-PKG] [DEBUG] 🔄 [analyzeJoiSchema] Recursing into nested object: web3authConfig
🤖 [MS3-PKG] [DEBUG] 🤖 [MS3-PKG] [DEBUG] 🤖 [MS3-PKG] [DEBUG] 🤖 [MS3-PKG] [DEBUG] 🤖 [MS3-PKG] [DEBUG] 🤖 [MS3-PKG] [DEBUG] 🤖 [MS3-PKG] [DEBUG] 🤖 [MS3-PKG] [DEBUG] 🤖 [MS3-PKG] [DEBUG] 🤖 [MS3-PKG] [DEBUG] 🤖 [MS3-PKG] [DEBUG] 🤖 [MS3-PKG] [DEBUG] 🤖 [MS3-PKG] [DEBUG] 🤖 [MS3-PKG] [DEBUG] 🔑 [analyzeJoiSchema] Processing field: multiChainRpcs
🤖 [MS3-PKG] [DEBUG] 🤖 [MS3-PKG] [DEBUG] 🤖 [MS3-PKG] [DEBUG] 🤖 [MS3-PKG] [DEBUG] 🤖 [MS3-PKG] [DEBUG] 🤖 [MS3-PKG] [DEBUG] 🤖 [MS3-PKG] [DEBUG] 🤖 [MS3-PKG] [DEBUG] 🤖 [MS3-PKG] [DEBUG] 🤖 [MS3-PKG] [DEBUG] 🤖 [MS3-PKG] [DEBUG] 🤖 [MS3-PKG] [DEBUG] 🤖 [MS3-PKG] [DEBUG] 🤖 [MS3-PKG] [DEBUG] 📝 [analyzeJoiSchema] Field description: {
  type: [32m&apos;object&apos;[39m,
  flags: {
    presence: [32m&apos;optional&apos;[39m,
    description: [32m&apos;Multi-chain RPC configuration - maps chain IDs to RPC URL arrays&apos;[39m
  },
  patterns: [ { schema: [36m[Object][39m, rule: [36m[Object][39m } ]
}
🤖 [MS3-PKG] [DEBUG] 🤖 [MS3-PKG] [DEBUG] 🤖 [MS3-PKG] [DEBUG] 🤖 [MS3-PKG] [DEBUG] 🤖 [MS3-PKG] [DEBUG] 🤖 [MS3-PKG] [DEBUG] 🤖 [MS3-PKG] [DEBUG] 🤖 [MS3-PKG] [DEBUG] 🤖 [MS3-PKG] [DEBUG] 🤖 [MS3-PKG] [DEBUG] 🤖 [MS3-PKG] [DEBUG] 🤖 [MS3-PKG] [DEBUG] 🤖 [MS3-PKG] [DEBUG] 🤖 [MS3-PKG] [DEBUG] 📊 [analyzeJoiSchema] Field multiChainRpcs: type=object, required=false, message=&quot;Multi-chain RPC configuration - maps chain IDs to RPC URL arrays&quot;
🤖 [MS3-PKG] [INFO] 🤖 [MS3-PKG] [INFO] 🤖 [MS3-PKG] [INFO] 🤖 [MS3-PKG] [INFO] 🤖 [MS3-PKG] [INFO] 🤖 [MS3-PKG] [INFO] 🤖 [MS3-PKG] [INFO] 🤖 [MS3-PKG] [INFO] 🤖 [MS3-PKG] [INFO] 🤖 [MS3-PKG] [INFO] 🤖 [MS3-PKG] [INFO] 🤖 [MS3-PKG] [INFO] 🤖 [MS3-PKG] [INFO] 🤖 [MS3-PKG] [INFO] 📊 [analyzeJoiSchema] Generated 14 requirements for options
🤖 [MS3-PKG] [DEBUG] 🤖 [MS3-PKG] [DEBUG] 🤖 [MS3-PKG] [DEBUG] 🤖 [MS3-PKG] [DEBUG] 🤖 [MS3-PKG] [DEBUG] 🤖 [MS3-PKG] [DEBUG] 🤖 [MS3-PKG] [DEBUG] 🤖 [MS3-PKG] [DEBUG] 🤖 [MS3-PKG] [DEBUG] 🤖 [MS3-PKG] [DEBUG] 🤖 [MS3-PKG] [DEBUG] 🤖 [MS3-PKG] [DEBUG] 🤖 [MS3-PKG] [DEBUG] 🤖 [MS3-PKG] [DEBUG] 🔍 [getRequirements] Starting analysis for bulk-test-48
🤖 [MS3-PKG] [DEBUG] 🤖 [MS3-PKG] [DEBUG] 🤖 [MS3-PKG] [DEBUG] 🤖 [MS3-PKG] [DEBUG] 🤖 [MS3-PKG] [DEBUG] 🤖 [MS3-PKG] [DEBUG] 🤖 [MS3-PKG] [DEBUG] 🤖 [MS3-PKG] [DEBUG] 🤖 [MS3-PKG] [DEBUG] 🤖 [MS3-PKG] [DEBUG] 🤖 [MS3-PKG] [DEBUG] 🤖 [MS3-PKG] [DEBUG] 🤖 [MS3-PKG] [DEBUG] 🤖 [MS3-PKG] [DEBUG] 🔬 [analyzeJoiSchema] Analyzing schema at path: options
🤖 [MS3-PKG] [DEBUG] 🤖 [MS3-PKG] [DEBUG] 🤖 [MS3-PKG] [DEBUG] 🤖 [MS3-PKG] [DEBUG] 🤖 [MS3-PKG] [DEBUG] 🤖 [MS3-PKG] [DEBUG] 🤖 [MS3-PKG] [DEBUG] 🤖 [MS3-PKG] [DEBUG] 🤖 [MS3-PKG] [DEBUG] 🤖 [MS3-PKG] [DEBUG] 🤖 [MS3-PKG] [DEBUG] 🤖 [MS3-PKG] [DEBUG] 🤖 [MS3-PKG] [DEBUG] 🤖 [MS3-PKG] [DEBUG] 📋 [analyzeJoiSchema] Schema description type: object
🤖 [MS3-PKG] [DEBUG] 🤖 [MS3-PKG] [DEBUG] 🤖 [MS3-PKG] [DEBUG] 🤖 [MS3-PKG] [DEBUG] 🤖 [MS3-PKG] [DEBUG] 🤖 [MS3-PKG] [DEBUG] 🤖 [MS3-PKG] [DEBUG] 🤖 [MS3-PKG] [DEBUG] 🤖 [MS3-PKG] [DEBUG] 🤖 [MS3-PKG] [DEBUG] 🤖 [MS3-PKG] [DEBUG] 🤖 [MS3-PKG] [DEBUG] 🤖 [MS3-PKG] [DEBUG] 🤖 [MS3-PKG] [DEBUG] 📋 [analyzeJoiSchema] Schema keys: [ [32m&apos;privateKey&apos;[39m, [32m&apos;provider&apos;[39m, [32m&apos;multiChainRpcs&apos;[39m ]
🤖 [MS3-PKG] [DEBUG] 🤖 [MS3-PKG] [DEBUG] 🤖 [MS3-PKG] [DEBUG] 🤖 [MS3-PKG] [DEBUG] 🤖 [MS3-PKG] [DEBUG] 🤖 [MS3-PKG] [DEBUG] 🤖 [MS3-PKG] [DEBUG] 🤖 [MS3-PKG] [DEBUG] 🤖 [MS3-PKG] [DEBUG] 🤖 [MS3-PKG] [DEBUG] 🤖 [MS3-PKG] [DEBUG] 🤖 [MS3-PKG] [DEBUG] 🤖 [MS3-PKG] [DEBUG] 🤖 [MS3-PKG] [DEBUG] ✅ [analyzeJoiSchema] Processing object schema with 3 keys
🤖 [MS3-PKG] [DEBUG] 🤖 [MS3-PKG] [DEBUG] 🤖 [MS3-PKG] [DEBUG] 🤖 [MS3-PKG] [DEBUG] 🤖 [MS3-PKG] [DEBUG] 🤖 [MS3-PKG] [DEBUG] 🤖 [MS3-PKG] [DEBUG] 🤖 [MS3-PKG] [DEBUG] 🤖 [MS3-PKG] [DEBUG] 🤖 [MS3-PKG] [DEBUG] 🤖 [MS3-PKG] [DEBUG] 🤖 [MS3-PKG] [DEBUG] 🤖 [MS3-PKG] [DEBUG] 🤖 [MS3-PKG] [DEBUG] 🔑 [analyzeJoiSchema] Processing field: privateKey
🤖 [MS3-PKG] [DEBUG] 🤖 [MS3-PKG] [DEBUG] 🤖 [MS3-PKG] [DEBUG] 🤖 [MS3-PKG] [DEBUG] 🤖 [MS3-PKG] [DEBUG] 🤖 [MS3-PKG] [DEBUG] 🤖 [MS3-PKG] [DEBUG] 🤖 [MS3-PKG] [DEBUG] 🤖 [MS3-PKG] [DEBUG] 🤖 [MS3-PKG] [DEBUG] 🤖 [MS3-PKG] [DEBUG] 🤖 [MS3-PKG] [DEBUG] 🤖 [MS3-PKG] [DEBUG] 🤖 [MS3-PKG] [DEBUG] 📝 [analyzeJoiSchema] Field description: {
  type: [32m&apos;string&apos;[39m,
  flags: {
    presence: [32m&apos;required&apos;[39m,
    description: [32m&apos;Private key for wallet (generates random if not provided)&apos;[39m
  },
  rules: [ { name: [32m&apos;pattern&apos;[39m, args: [36m[Object][39m } ]
}
🤖 [MS3-PKG] [DEBUG] 🤖 [MS3-PKG] [DEBUG] 🤖 [MS3-PKG] [DEBUG] 🤖 [MS3-PKG] [DEBUG] 🤖 [MS3-PKG] [DEBUG] 🤖 [MS3-PKG] [DEBUG] 🤖 [MS3-PKG] [DEBUG] 🤖 [MS3-PKG] [DEBUG] 🤖 [MS3-PKG] [DEBUG] 🤖 [MS3-PKG] [DEBUG] 🤖 [MS3-PKG] [DEBUG] 🤖 [MS3-PKG] [DEBUG] 🤖 [MS3-PKG] [DEBUG] 🤖 [MS3-PKG] [DEBUG] 📊 [analyzeJoiSchema] Field privateKey: type=string, required=true, message=&quot;Private key for wallet (generates random if not provided)&quot;
🤖 [MS3-PKG] [DEBUG] 🤖 [MS3-PKG] [DEBUG] 🤖 [MS3-PKG] [DEBUG] 🤖 [MS3-PKG] [DEBUG] 🤖 [MS3-PKG] [DEBUG] 🤖 [MS3-PKG] [DEBUG] 🤖 [MS3-PKG] [DEBUG] 🤖 [MS3-PKG] [DEBUG] 🤖 [MS3-PKG] [DEBUG] 🤖 [MS3-PKG] [DEBUG] 🤖 [MS3-PKG] [DEBUG] 🤖 [MS3-PKG] [DEBUG] 🤖 [MS3-PKG] [DEBUG] 🤖 [MS3-PKG] [DEBUG] 🔑 [analyzeJoiSchema] Processing field: provider
🤖 [MS3-PKG] [DEBUG] 🤖 [MS3-PKG] [DEBUG] 🤖 [MS3-PKG] [DEBUG] 🤖 [MS3-PKG] [DEBUG] 🤖 [MS3-PKG] [DEBUG] 🤖 [MS3-PKG] [DEBUG] 🤖 [MS3-PKG] [DEBUG] 🤖 [MS3-PKG] [DEBUG] 🤖 [MS3-PKG] [DEBUG] 🤖 [MS3-PKG] [DEBUG] 🤖 [MS3-PKG] [DEBUG] 🤖 [MS3-PKG] [DEBUG] 🤖 [MS3-PKG] [DEBUG] 🤖 [MS3-PKG] [DEBUG] 📝 [analyzeJoiSchema] Field description: {
  type: [32m&apos;object&apos;[39m,
  flags: {
    presence: [32m&apos;optional&apos;[39m,
    description: [32m&apos;Optional provider configuration&apos;[39m
  },
  keys: {
    name: { type: [32m&apos;string&apos;[39m, flags: [36m[Object][39m },
    chainId: { type: [32m&apos;string&apos;[39m, flags: [36m[Object][39m, rules: [36m[Array][39m },
    rpcUrls: { type: [32m&apos;array&apos;[39m, flags: [36m[Object][39m, rules: [36m[Array][39m, items: [36m[Array][39m },
    displayName: { type: [32m&apos;string&apos;[39m, flags: [36m[Object][39m }
  }
}
🤖 [MS3-PKG] [DEBUG] 🤖 [MS3-PKG] [DEBUG] 🤖 [MS3-PKG] [DEBUG] 🤖 [MS3-PKG] [DEBUG] 🤖 [MS3-PKG] [DEBUG] 🤖 [MS3-PKG] [DEBUG] 🤖 [MS3-PKG] [DEBUG] 🤖 [MS3-PKG] [DEBUG] 🤖 [MS3-PKG] [DEBUG] 🤖 [MS3-PKG] [DEBUG] 🤖 [MS3-PKG] [DEBUG] 🤖 [MS3-PKG] [DEBUG] 🤖 [MS3-PKG] [DEBUG] 🤖 [MS3-PKG] [DEBUG] 📊 [analyzeJoiSchema] Field provider: type=object, required=false, message=&quot;Optional provider configuration&quot;
🤖 [MS3-PKG] [DEBUG] 🤖 [MS3-PKG] [DEBUG] 🤖 [MS3-PKG] [DEBUG] 🤖 [MS3-PKG] [DEBUG] 🤖 [MS3-PKG] [DEBUG] 🤖 [MS3-PKG] [DEBUG] 🤖 [MS3-PKG] [DEBUG] 🤖 [MS3-PKG] [DEBUG] 🤖 [MS3-PKG] [DEBUG] 🤖 [MS3-PKG] [DEBUG] 🤖 [MS3-PKG] [DEBUG] 🤖 [MS3-PKG] [DEBUG] 🤖 [MS3-PKG] [DEBUG] 🤖 [MS3-PKG] [DEBUG] 🔄 [analyzeJoiSchema] Recursing into nested object: provider
🤖 [MS3-PKG] [DEBUG] 🤖 [MS3-PKG] [DEBUG] 🤖 [MS3-PKG] [DEBUG] 🤖 [MS3-PKG] [DEBUG] 🤖 [MS3-PKG] [DEBUG] 🤖 [MS3-PKG] [DEBUG] 🤖 [MS3-PKG] [DEBUG] 🤖 [MS3-PKG] [DEBUG] 🤖 [MS3-PKG] [DEBUG] 🤖 [MS3-PKG] [DEBUG] 🤖 [MS3-PKG] [DEBUG] 🤖 [MS3-PKG] [DEBUG] 🤖 [MS3-PKG] [DEBUG] 🤖 [MS3-PKG] [DEBUG] 🔑 [analyzeJoiSchema] Processing field: multiChainRpcs
🤖 [MS3-PKG] [DEBUG] 🤖 [MS3-PKG] [DEBUG] 🤖 [MS3-PKG] [DEBUG] 🤖 [MS3-PKG] [DEBUG] 🤖 [MS3-PKG] [DEBUG] 🤖 [MS3-PKG] [DEBUG] 🤖 [MS3-PKG] [DEBUG] 🤖 [MS3-PKG] [DEBUG] 🤖 [MS3-PKG] [DEBUG] 🤖 [MS3-PKG] [DEBUG] 🤖 [MS3-PKG] [DEBUG] 🤖 [MS3-PKG] [DEBUG] 🤖 [MS3-PKG] [DEBUG] 🤖 [MS3-PKG] [DEBUG] 📝 [analyzeJoiSchema] Field description: {
  type: [32m&apos;object&apos;[39m,
  flags: {
    presence: [32m&apos;optional&apos;[39m,
    description: [32m&apos;Multi-chain RPC configuration - maps chain IDs to RPC URL arrays&apos;[39m
  },
  patterns: [ { schema: [36m[Object][39m, rule: [36m[Object][39m } ]
}
🤖 [MS3-PKG] [DEBUG] 🤖 [MS3-PKG] [DEBUG] 🤖 [MS3-PKG] [DEBUG] 🤖 [MS3-PKG] [DEBUG] 🤖 [MS3-PKG] [DEBUG] 🤖 [MS3-PKG] [DEBUG] 🤖 [MS3-PKG] [DEBUG] 🤖 [MS3-PKG] [DEBUG] 🤖 [MS3-PKG] [DEBUG] 🤖 [MS3-PKG] [DEBUG] 🤖 [MS3-PKG] [DEBUG] 🤖 [MS3-PKG] [DEBUG] 🤖 [MS3-PKG] [DEBUG] 🤖 [MS3-PKG] [DEBUG] 📊 [analyzeJoiSchema] Field multiChainRpcs: type=object, required=false, message=&quot;Multi-chain RPC configuration - maps chain IDs to RPC URL arrays&quot;
🤖 [MS3-PKG] [INFO] 🤖 [MS3-PKG] [INFO] 🤖 [MS3-PKG] [INFO] 🤖 [MS3-PKG] [INFO] 🤖 [MS3-PKG] [INFO] 🤖 [MS3-PKG] [INFO] 🤖 [MS3-PKG] [INFO] 🤖 [MS3-PKG] [INFO] 🤖 [MS3-PKG] [INFO] 🤖 [MS3-PKG] [INFO] 🤖 [MS3-PKG] [INFO] 🤖 [MS3-PKG] [INFO] 🤖 [MS3-PKG] [INFO] 🤖 [MS3-PKG] [INFO] 📊 [analyzeJoiSchema] Generated 7 requirements for options
🤖 [MS3-PKG] [DEBUG] 🤖 [MS3-PKG] [DEBUG] 🤖 [MS3-PKG] [DEBUG] 🤖 [MS3-PKG] [DEBUG] 🤖 [MS3-PKG] [DEBUG] 🤖 [MS3-PKG] [DEBUG] 🤖 [MS3-PKG] [DEBUG] 🤖 [MS3-PKG] [DEBUG] 🤖 [MS3-PKG] [DEBUG] 🤖 [MS3-PKG] [DEBUG] 🤖 [MS3-PKG] [DEBUG] 🤖 [MS3-PKG] [DEBUG] 🤖 [MS3-PKG] [DEBUG] 🤖 [MS3-PKG] [DEBUG] 🔍 [getRequirements] Starting analysis for bulk-test-48
🤖 [MS3-PKG] [DEBUG] 🤖 [MS3-PKG] [DEBUG] 🤖 [MS3-PKG] [DEBUG] 🤖 [MS3-PKG] [DEBUG] 🤖 [MS3-PKG] [DEBUG] 🤖 [MS3-PKG] [DEBUG] 🤖 [MS3-PKG] [DEBUG] 🤖 [MS3-PKG] [DEBUG] 🤖 [MS3-PKG] [DEBUG] 🤖 [MS3-PKG] [DEBUG] 🤖 [MS3-PKG] [DEBUG] 🤖 [MS3-PKG] [DEBUG] 🤖 [MS3-PKG] [DEBUG] 🤖 [MS3-PKG] [DEBUG] 🔬 [analyzeJoiSchema] Analyzing schema at path: options
🤖 [MS3-PKG] [DEBUG] 🤖 [MS3-PKG] [DEBUG] 🤖 [MS3-PKG] [DEBUG] 🤖 [MS3-PKG] [DEBUG] 🤖 [MS3-PKG] [DEBUG] 🤖 [MS3-PKG] [DEBUG] 🤖 [MS3-PKG] [DEBUG] 🤖 [MS3-PKG] [DEBUG] 🤖 [MS3-PKG] [DEBUG] 🤖 [MS3-PKG] [DEBUG] 🤖 [MS3-PKG] [DEBUG] 🤖 [MS3-PKG] [DEBUG] 🤖 [MS3-PKG] [DEBUG] 🤖 [MS3-PKG] [DEBUG] 📋 [analyzeJoiSchema] Schema description type: object
🤖 [MS3-PKG] [DEBUG] 🤖 [MS3-PKG] [DEBUG] 🤖 [MS3-PKG] [DEBUG] 🤖 [MS3-PKG] [DEBUG] 🤖 [MS3-PKG] [DEBUG] 🤖 [MS3-PKG] [DEBUG] 🤖 [MS3-PKG] [DEBUG] 🤖 [MS3-PKG] [DEBUG] 🤖 [MS3-PKG] [DEBUG] 🤖 [MS3-PKG] [DEBUG] 🤖 [MS3-PKG] [DEBUG] 🤖 [MS3-PKG] [DEBUG] 🤖 [MS3-PKG] [DEBUG] 🤖 [MS3-PKG] [DEBUG] 📋 [analyzeJoiSchema] Schema keys: [ [32m&apos;web3authConfig&apos;[39m, [32m&apos;multiChainRpcs&apos;[39m ]
🤖 [MS3-PKG] [DEBUG] 🤖 [MS3-PKG] [DEBUG] 🤖 [MS3-PKG] [DEBUG] 🤖 [MS3-PKG] [DEBUG] 🤖 [MS3-PKG] [DEBUG] 🤖 [MS3-PKG] [DEBUG] 🤖 [MS3-PKG] [DEBUG] 🤖 [MS3-PKG] [DEBUG] 🤖 [MS3-PKG] [DEBUG] 🤖 [MS3-PKG] [DEBUG] 🤖 [MS3-PKG] [DEBUG] 🤖 [MS3-PKG] [DEBUG] 🤖 [MS3-PKG] [DEBUG] 🤖 [MS3-PKG] [DEBUG] ✅ [analyzeJoiSchema] Processing object schema with 2 keys
🤖 [MS3-PKG] [DEBUG] 🤖 [MS3-PKG] [DEBUG] 🤖 [MS3-PKG] [DEBUG] 🤖 [MS3-PKG] [DEBUG] 🤖 [MS3-PKG] [DEBUG] 🤖 [MS3-PKG] [DEBUG] 🤖 [MS3-PKG] [DEBUG] 🤖 [MS3-PKG] [DEBUG] 🤖 [MS3-PKG] [DEBUG] 🤖 [MS3-PKG] [DEBUG] 🤖 [MS3-PKG] [DEBUG] 🤖 [MS3-PKG] [DEBUG] 🤖 [MS3-PKG] [DEBUG] 🤖 [MS3-PKG] [DEBUG] 🔑 [analyzeJoiSchema] Processing field: web3authConfig
🤖 [MS3-PKG] [DEBUG] 🤖 [MS3-PKG] [DEBUG] 🤖 [MS3-PKG] [DEBUG] 🤖 [MS3-PKG] [DEBUG] 🤖 [MS3-PKG] [DEBUG] 🤖 [MS3-PKG] [DEBUG] 🤖 [MS3-PKG] [DEBUG] 🤖 [MS3-PKG] [DEBUG] 🤖 [MS3-PKG] [DEBUG] 🤖 [MS3-PKG] [DEBUG] 🤖 [MS3-PKG] [DEBUG] 🤖 [MS3-PKG] [DEBUG] 🤖 [MS3-PKG] [DEBUG] 🤖 [MS3-PKG] [DEBUG] 📝 [analyzeJoiSchema] Field description: {
  type: [32m&apos;object&apos;[39m,
  flags: {
    presence: [32m&apos;required&apos;[39m,
    description: [32m&apos;Web3Auth configuration object&apos;[39m
  },
  keys: {
    clientId: { type: [32m&apos;string&apos;[39m, flags: [36m[Object][39m },
    web3AuthNetwork: { type: [32m&apos;string&apos;[39m, flags: [36m[Object][39m, allow: [36m[Array][39m },
    chainConfig: { type: [32m&apos;object&apos;[39m, flags: [36m[Object][39m, keys: [36m[Object][39m },
    loginConfig: { type: [32m&apos;object&apos;[39m, flags: [36m[Object][39m },
    privateKeyProvider: { type: [32m&apos;any&apos;[39m, flags: [36m[Object][39m }
  }
}
🤖 [MS3-PKG] [DEBUG] 🤖 [MS3-PKG] [DEBUG] 🤖 [MS3-PKG] [DEBUG] 🤖 [MS3-PKG] [DEBUG] 🤖 [MS3-PKG] [DEBUG] 🤖 [MS3-PKG] [DEBUG] 🤖 [MS3-PKG] [DEBUG] 🤖 [MS3-PKG] [DEBUG] 🤖 [MS3-PKG] [DEBUG] 🤖 [MS3-PKG] [DEBUG] 🤖 [MS3-PKG] [DEBUG] 🤖 [MS3-PKG] [DEBUG] 🤖 [MS3-PKG] [DEBUG] 🤖 [MS3-PKG] [DEBUG] 📊 [analyzeJoiSchema] Field web3authConfig: type=object, required=true, message=&quot;Web3Auth configuration object&quot;
🤖 [MS3-PKG] [DEBUG] 🤖 [MS3-PKG] [DEBUG] 🤖 [MS3-PKG] [DEBUG] 🤖 [MS3-PKG] [DEBUG] 🤖 [MS3-PKG] [DEBUG] 🤖 [MS3-PKG] [DEBUG] 🤖 [MS3-PKG] [DEBUG] 🤖 [MS3-PKG] [DEBUG] 🤖 [MS3-PKG] [DEBUG] 🤖 [MS3-PKG] [DEBUG] 🤖 [MS3-PKG] [DEBUG] 🤖 [MS3-PKG] [DEBUG] 🤖 [MS3-PKG] [DEBUG] 🤖 [MS3-PKG] [DEBUG] 🔄 [analyzeJoiSchema] Recursing into nested object: web3authConfig
🤖 [MS3-PKG] [DEBUG] 🤖 [MS3-PKG] [DEBUG] 🤖 [MS3-PKG] [DEBUG] 🤖 [MS3-PKG] [DEBUG] 🤖 [MS3-PKG] [DEBUG] 🤖 [MS3-PKG] [DEBUG] 🤖 [MS3-PKG] [DEBUG] 🤖 [MS3-PKG] [DEBUG] 🤖 [MS3-PKG] [DEBUG] 🤖 [MS3-PKG] [DEBUG] 🤖 [MS3-PKG] [DEBUG] 🤖 [MS3-PKG] [DEBUG] 🤖 [MS3-PKG] [DEBUG] 🤖 [MS3-PKG] [DEBUG] 🔑 [analyzeJoiSchema] Processing field: multiChainRpcs
🤖 [MS3-PKG] [DEBUG] 🤖 [MS3-PKG] [DEBUG] 🤖 [MS3-PKG] [DEBUG] 🤖 [MS3-PKG] [DEBUG] 🤖 [MS3-PKG] [DEBUG] 🤖 [MS3-PKG] [DEBUG] 🤖 [MS3-PKG] [DEBUG] 🤖 [MS3-PKG] [DEBUG] 🤖 [MS3-PKG] [DEBUG] 🤖 [MS3-PKG] [DEBUG] 🤖 [MS3-PKG] [DEBUG] 🤖 [MS3-PKG] [DEBUG] 🤖 [MS3-PKG] [DEBUG] 🤖 [MS3-PKG] [DEBUG] 📝 [analyzeJoiSchema] Field description: {
  type: [32m&apos;object&apos;[39m,
  flags: {
    presence: [32m&apos;optional&apos;[39m,
    description: [32m&apos;Multi-chain RPC configuration - maps chain IDs to RPC URL arrays&apos;[39m
  },
  patterns: [ { schema: [36m[Object][39m, rule: [36m[Object][39m } ]
}
🤖 [MS3-PKG] [DEBUG] 🤖 [MS3-PKG] [DEBUG] 🤖 [MS3-PKG] [DEBUG] 🤖 [MS3-PKG] [DEBUG] 🤖 [MS3-PKG] [DEBUG] 🤖 [MS3-PKG] [DEBUG] 🤖 [MS3-PKG] [DEBUG] 🤖 [MS3-PKG] [DEBUG] 🤖 [MS3-PKG] [DEBUG] 🤖 [MS3-PKG] [DEBUG] 🤖 [MS3-PKG] [DEBUG] 🤖 [MS3-PKG] [DEBUG] 🤖 [MS3-PKG] [DEBUG] 🤖 [MS3-PKG] [DEBUG] 📊 [analyzeJoiSchema] Field multiChainRpcs: type=object, required=false, message=&quot;Multi-chain RPC configuration - maps chain IDs to RPC URL arrays&quot;
🤖 [MS3-PKG] [INFO] 🤖 [MS3-PKG] [INFO] 🤖 [MS3-PKG] [INFO] 🤖 [MS3-PKG] [INFO] 🤖 [MS3-PKG] [INFO] 🤖 [MS3-PKG] [INFO] 🤖 [MS3-PKG] [INFO] 🤖 [MS3-PKG] [INFO] 🤖 [MS3-PKG] [INFO] 🤖 [MS3-PKG] [INFO] 🤖 [MS3-PKG] [INFO] 🤖 [MS3-PKG] [INFO] 🤖 [MS3-PKG] [INFO] 🤖 [MS3-PKG] [INFO] 📊 [analyzeJoiSchema] Generated 14 requirements for options
🤖 [MS3-PKG] [DEBUG] 🤖 [MS3-PKG] [DEBUG] 🤖 [MS3-PKG] [DEBUG] 🤖 [MS3-PKG] [DEBUG] 🤖 [MS3-PKG] [DEBUG] 🤖 [MS3-PKG] [DEBUG] 🤖 [MS3-PKG] [DEBUG] 🤖 [MS3-PKG] [DEBUG] 🤖 [MS3-PKG] [DEBUG] 🤖 [MS3-PKG] [DEBUG] 🤖 [MS3-PKG] [DEBUG] 🤖 [MS3-PKG] [DEBUG] 🤖 [MS3-PKG] [DEBUG] 🤖 [MS3-PKG] [DEBUG] 🔍 [getRequirements] Starting analysis for bulk-test-49
🤖 [MS3-PKG] [DEBUG] 🤖 [MS3-PKG] [DEBUG] 🤖 [MS3-PKG] [DEBUG] 🤖 [MS3-PKG] [DEBUG] 🤖 [MS3-PKG] [DEBUG] 🤖 [MS3-PKG] [DEBUG] 🤖 [MS3-PKG] [DEBUG] 🤖 [MS3-PKG] [DEBUG] 🤖 [MS3-PKG] [DEBUG] 🤖 [MS3-PKG] [DEBUG] 🤖 [MS3-PKG] [DEBUG] 🤖 [MS3-PKG] [DEBUG] 🤖 [MS3-PKG] [DEBUG] 🤖 [MS3-PKG] [DEBUG] 🔬 [analyzeJoiSchema] Analyzing schema at path: options
🤖 [MS3-PKG] [DEBUG] 🤖 [MS3-PKG] [DEBUG] 🤖 [MS3-PKG] [DEBUG] 🤖 [MS3-PKG] [DEBUG] 🤖 [MS3-PKG] [DEBUG] 🤖 [MS3-PKG] [DEBUG] 🤖 [MS3-PKG] [DEBUG] 🤖 [MS3-PKG] [DEBUG] 🤖 [MS3-PKG] [DEBUG] 🤖 [MS3-PKG] [DEBUG] 🤖 [MS3-PKG] [DEBUG] 🤖 [MS3-PKG] [DEBUG] 🤖 [MS3-PKG] [DEBUG] 🤖 [MS3-PKG] [DEBUG] 📋 [analyzeJoiSchema] Schema description type: object
🤖 [MS3-PKG] [DEBUG] 🤖 [MS3-PKG] [DEBUG] 🤖 [MS3-PKG] [DEBUG] 🤖 [MS3-PKG] [DEBUG] 🤖 [MS3-PKG] [DEBUG] 🤖 [MS3-PKG] [DEBUG] 🤖 [MS3-PKG] [DEBUG] 🤖 [MS3-PKG] [DEBUG] 🤖 [MS3-PKG] [DEBUG] 🤖 [MS3-PKG] [DEBUG] 🤖 [MS3-PKG] [DEBUG] 🤖 [MS3-PKG] [DEBUG] 🤖 [MS3-PKG] [DEBUG] 🤖 [MS3-PKG] [DEBUG] 📋 [analyzeJoiSchema] Schema keys: [ [32m&apos;privateKey&apos;[39m, [32m&apos;provider&apos;[39m, [32m&apos;multiChainRpcs&apos;[39m ]
🤖 [MS3-PKG] [DEBUG] 🤖 [MS3-PKG] [DEBUG] 🤖 [MS3-PKG] [DEBUG] 🤖 [MS3-PKG] [DEBUG] 🤖 [MS3-PKG] [DEBUG] 🤖 [MS3-PKG] [DEBUG] 🤖 [MS3-PKG] [DEBUG] 🤖 [MS3-PKG] [DEBUG] 🤖 [MS3-PKG] [DEBUG] 🤖 [MS3-PKG] [DEBUG] 🤖 [MS3-PKG] [DEBUG] 🤖 [MS3-PKG] [DEBUG] 🤖 [MS3-PKG] [DEBUG] 🤖 [MS3-PKG] [DEBUG] ✅ [analyzeJoiSchema] Processing object schema with 3 keys
🤖 [MS3-PKG] [DEBUG] 🤖 [MS3-PKG] [DEBUG] 🤖 [MS3-PKG] [DEBUG] 🤖 [MS3-PKG] [DEBUG] 🤖 [MS3-PKG] [DEBUG] 🤖 [MS3-PKG] [DEBUG] 🤖 [MS3-PKG] [DEBUG] 🤖 [MS3-PKG] [DEBUG] 🤖 [MS3-PKG] [DEBUG] 🤖 [MS3-PKG] [DEBUG] 🤖 [MS3-PKG] [DEBUG] 🤖 [MS3-PKG] [DEBUG] 🤖 [MS3-PKG] [DEBUG] 🤖 [MS3-PKG] [DEBUG] 🔑 [analyzeJoiSchema] Processing field: privateKey
🤖 [MS3-PKG] [DEBUG] 🤖 [MS3-PKG] [DEBUG] 🤖 [MS3-PKG] [DEBUG] 🤖 [MS3-PKG] [DEBUG] 🤖 [MS3-PKG] [DEBUG] 🤖 [MS3-PKG] [DEBUG] 🤖 [MS3-PKG] [DEBUG] 🤖 [MS3-PKG] [DEBUG] 🤖 [MS3-PKG] [DEBUG] 🤖 [MS3-PKG] [DEBUG] 🤖 [MS3-PKG] [DEBUG] 🤖 [MS3-PKG] [DEBUG] 🤖 [MS3-PKG] [DEBUG] 🤖 [MS3-PKG] [DEBUG] 📝 [analyzeJoiSchema] Field description: {
  type: [32m&apos;string&apos;[39m,
  flags: {
    presence: [32m&apos;required&apos;[39m,
    description: [32m&apos;Private key for wallet (generates random if not provided)&apos;[39m
  },
  rules: [ { name: [32m&apos;pattern&apos;[39m, args: [36m[Object][39m } ]
}
🤖 [MS3-PKG] [DEBUG] 🤖 [MS3-PKG] [DEBUG] 🤖 [MS3-PKG] [DEBUG] 🤖 [MS3-PKG] [DEBUG] 🤖 [MS3-PKG] [DEBUG] 🤖 [MS3-PKG] [DEBUG] 🤖 [MS3-PKG] [DEBUG] 🤖 [MS3-PKG] [DEBUG] 🤖 [MS3-PKG] [DEBUG] 🤖 [MS3-PKG] [DEBUG] 🤖 [MS3-PKG] [DEBUG] 🤖 [MS3-PKG] [DEBUG] 🤖 [MS3-PKG] [DEBUG] 🤖 [MS3-PKG] [DEBUG] 📊 [analyzeJoiSchema] Field privateKey: type=string, required=true, message=&quot;Private key for wallet (generates random if not provided)&quot;
🤖 [MS3-PKG] [DEBUG] 🤖 [MS3-PKG] [DEBUG] 🤖 [MS3-PKG] [DEBUG] 🤖 [MS3-PKG] [DEBUG] 🤖 [MS3-PKG] [DEBUG] 🤖 [MS3-PKG] [DEBUG] 🤖 [MS3-PKG] [DEBUG] 🤖 [MS3-PKG] [DEBUG] 🤖 [MS3-PKG] [DEBUG] 🤖 [MS3-PKG] [DEBUG] 🤖 [MS3-PKG] [DEBUG] 🤖 [MS3-PKG] [DEBUG] 🤖 [MS3-PKG] [DEBUG] 🤖 [MS3-PKG] [DEBUG] 🔑 [analyzeJoiSchema] Processing field: provider
🤖 [MS3-PKG] [DEBUG] 🤖 [MS3-PKG] [DEBUG] 🤖 [MS3-PKG] [DEBUG] 🤖 [MS3-PKG] [DEBUG] 🤖 [MS3-PKG] [DEBUG] 🤖 [MS3-PKG] [DEBUG] 🤖 [MS3-PKG] [DEBUG] 🤖 [MS3-PKG] [DEBUG] 🤖 [MS3-PKG] [DEBUG] 🤖 [MS3-PKG] [DEBUG] 🤖 [MS3-PKG] [DEBUG] 🤖 [MS3-PKG] [DEBUG] 🤖 [MS3-PKG] [DEBUG] 🤖 [MS3-PKG] [DEBUG] 📝 [analyzeJoiSchema] Field description: {
  type: [32m&apos;object&apos;[39m,
  flags: {
    presence: [32m&apos;optional&apos;[39m,
    description: [32m&apos;Optional provider configuration&apos;[39m
  },
  keys: {
    name: { type: [32m&apos;string&apos;[39m, flags: [36m[Object][39m },
    chainId: { type: [32m&apos;string&apos;[39m, flags: [36m[Object][39m, rules: [36m[Array][39m },
    rpcUrls: { type: [32m&apos;array&apos;[39m, flags: [36m[Object][39m, rules: [36m[Array][39m, items: [36m[Array][39m },
    displayName: { type: [32m&apos;string&apos;[39m, flags: [36m[Object][39m }
  }
}
🤖 [MS3-PKG] [DEBUG] 🤖 [MS3-PKG] [DEBUG] 🤖 [MS3-PKG] [DEBUG] 🤖 [MS3-PKG] [DEBUG] 🤖 [MS3-PKG] [DEBUG] 🤖 [MS3-PKG] [DEBUG] 🤖 [MS3-PKG] [DEBUG] 🤖 [MS3-PKG] [DEBUG] 🤖 [MS3-PKG] [DEBUG] 🤖 [MS3-PKG] [DEBUG] 🤖 [MS3-PKG] [DEBUG] 🤖 [MS3-PKG] [DEBUG] 🤖 [MS3-PKG] [DEBUG] 🤖 [MS3-PKG] [DEBUG] 📊 [analyzeJoiSchema] Field provider: type=object, required=false, message=&quot;Optional provider configuration&quot;
🤖 [MS3-PKG] [DEBUG] 🤖 [MS3-PKG] [DEBUG] 🤖 [MS3-PKG] [DEBUG] 🤖 [MS3-PKG] [DEBUG] 🤖 [MS3-PKG] [DEBUG] 🤖 [MS3-PKG] [DEBUG] 🤖 [MS3-PKG] [DEBUG] 🤖 [MS3-PKG] [DEBUG] 🤖 [MS3-PKG] [DEBUG] 🤖 [MS3-PKG] [DEBUG] 🤖 [MS3-PKG] [DEBUG] 🤖 [MS3-PKG] [DEBUG] 🤖 [MS3-PKG] [DEBUG] 🤖 [MS3-PKG] [DEBUG] 🔄 [analyzeJoiSchema] Recursing into nested object: provider
🤖 [MS3-PKG] [DEBUG] 🤖 [MS3-PKG] [DEBUG] 🤖 [MS3-PKG] [DEBUG] 🤖 [MS3-PKG] [DEBUG] 🤖 [MS3-PKG] [DEBUG] 🤖 [MS3-PKG] [DEBUG] 🤖 [MS3-PKG] [DEBUG] 🤖 [MS3-PKG] [DEBUG] 🤖 [MS3-PKG] [DEBUG] 🤖 [MS3-PKG] [DEBUG] 🤖 [MS3-PKG] [DEBUG] 🤖 [MS3-PKG] [DEBUG] 🤖 [MS3-PKG] [DEBUG] 🤖 [MS3-PKG] [DEBUG] 🔑 [analyzeJoiSchema] Processing field: multiChainRpcs
🤖 [MS3-PKG] [DEBUG] 🤖 [MS3-PKG] [DEBUG] 🤖 [MS3-PKG] [DEBUG] 🤖 [MS3-PKG] [DEBUG] 🤖 [MS3-PKG] [DEBUG] 🤖 [MS3-PKG] [DEBUG] 🤖 [MS3-PKG] [DEBUG] 🤖 [MS3-PKG] [DEBUG] 🤖 [MS3-PKG] [DEBUG] 🤖 [MS3-PKG] [DEBUG] 🤖 [MS3-PKG] [DEBUG] 🤖 [MS3-PKG] [DEBUG] 🤖 [MS3-PKG] [DEBUG] 🤖 [MS3-PKG] [DEBUG] 📝 [analyzeJoiSchema] Field description: {
  type: [32m&apos;object&apos;[39m,
  flags: {
    presence: [32m&apos;optional&apos;[39m,
    description: [32m&apos;Multi-chain RPC configuration - maps chain IDs to RPC URL arrays&apos;[39m
  },
  patterns: [ { schema: [36m[Object][39m, rule: [36m[Object][39m } ]
}
🤖 [MS3-PKG] [DEBUG] 🤖 [MS3-PKG] [DEBUG] 🤖 [MS3-PKG] [DEBUG] 🤖 [MS3-PKG] [DEBUG] 🤖 [MS3-PKG] [DEBUG] 🤖 [MS3-PKG] [DEBUG] 🤖 [MS3-PKG] [DEBUG] 🤖 [MS3-PKG] [DEBUG] 🤖 [MS3-PKG] [DEBUG] 🤖 [MS3-PKG] [DEBUG] 🤖 [MS3-PKG] [DEBUG] 🤖 [MS3-PKG] [DEBUG] 🤖 [MS3-PKG] [DEBUG] 🤖 [MS3-PKG] [DEBUG] 📊 [analyzeJoiSchema] Field multiChainRpcs: type=object, required=false, message=&quot;Multi-chain RPC configuration - maps chain IDs to RPC URL arrays&quot;
🤖 [MS3-PKG] [INFO] 🤖 [MS3-PKG] [INFO] 🤖 [MS3-PKG] [INFO] 🤖 [MS3-PKG] [INFO] 🤖 [MS3-PKG] [INFO] 🤖 [MS3-PKG] [INFO] 🤖 [MS3-PKG] [INFO] 🤖 [MS3-PKG] [INFO] 🤖 [MS3-PKG] [INFO] 🤖 [MS3-PKG] [INFO] 🤖 [MS3-PKG] [INFO] 🤖 [MS3-PKG] [INFO] 🤖 [MS3-PKG] [INFO] 🤖 [MS3-PKG] [INFO] 📊 [analyzeJoiSchema] Generated 7 requirements for options
🤖 [MS3-PKG] [DEBUG] 🤖 [MS3-PKG] [DEBUG] 🤖 [MS3-PKG] [DEBUG] 🤖 [MS3-PKG] [DEBUG] 🤖 [MS3-PKG] [DEBUG] 🤖 [MS3-PKG] [DEBUG] 🤖 [MS3-PKG] [DEBUG] 🤖 [MS3-PKG] [DEBUG] 🤖 [MS3-PKG] [DEBUG] 🤖 [MS3-PKG] [DEBUG] 🤖 [MS3-PKG] [DEBUG] 🤖 [MS3-PKG] [DEBUG] 🤖 [MS3-PKG] [DEBUG] 🤖 [MS3-PKG] [DEBUG] 🔍 [getRequirements] Starting analysis for bulk-test-49
🤖 [MS3-PKG] [DEBUG] 🤖 [MS3-PKG] [DEBUG] 🤖 [MS3-PKG] [DEBUG] 🤖 [MS3-PKG] [DEBUG] 🤖 [MS3-PKG] [DEBUG] 🤖 [MS3-PKG] [DEBUG] 🤖 [MS3-PKG] [DEBUG] 🤖 [MS3-PKG] [DEBUG] 🤖 [MS3-PKG] [DEBUG] 🤖 [MS3-PKG] [DEBUG] 🤖 [MS3-PKG] [DEBUG] 🤖 [MS3-PKG] [DEBUG] 🤖 [MS3-PKG] [DEBUG] 🤖 [MS3-PKG] [DEBUG] 🔬 [analyzeJoiSchema] Analyzing schema at path: options
🤖 [MS3-PKG] [DEBUG] 🤖 [MS3-PKG] [DEBUG] 🤖 [MS3-PKG] [DEBUG] 🤖 [MS3-PKG] [DEBUG] 🤖 [MS3-PKG] [DEBUG] 🤖 [MS3-PKG] [DEBUG] 🤖 [MS3-PKG] [DEBUG] 🤖 [MS3-PKG] [DEBUG] 🤖 [MS3-PKG] [DEBUG] 🤖 [MS3-PKG] [DEBUG] 🤖 [MS3-PKG] [DEBUG] 🤖 [MS3-PKG] [DEBUG] 🤖 [MS3-PKG] [DEBUG] 🤖 [MS3-PKG] [DEBUG] 📋 [analyzeJoiSchema] Schema description type: object
🤖 [MS3-PKG] [DEBUG] 🤖 [MS3-PKG] [DEBUG] 🤖 [MS3-PKG] [DEBUG] 🤖 [MS3-PKG] [DEBUG] 🤖 [MS3-PKG] [DEBUG] 🤖 [MS3-PKG] [DEBUG] 🤖 [MS3-PKG] [DEBUG] 🤖 [MS3-PKG] [DEBUG] 🤖 [MS3-PKG] [DEBUG] 🤖 [MS3-PKG] [DEBUG] 🤖 [MS3-PKG] [DEBUG] 🤖 [MS3-PKG] [DEBUG] 🤖 [MS3-PKG] [DEBUG] 🤖 [MS3-PKG] [DEBUG] 📋 [analyzeJoiSchema] Schema keys: [ [32m&apos;web3authConfig&apos;[39m, [32m&apos;multiChainRpcs&apos;[39m ]
🤖 [MS3-PKG] [DEBUG] 🤖 [MS3-PKG] [DEBUG] 🤖 [MS3-PKG] [DEBUG] 🤖 [MS3-PKG] [DEBUG] 🤖 [MS3-PKG] [DEBUG] 🤖 [MS3-PKG] [DEBUG] 🤖 [MS3-PKG] [DEBUG] 🤖 [MS3-PKG] [DEBUG] 🤖 [MS3-PKG] [DEBUG] 🤖 [MS3-PKG] [DEBUG] 🤖 [MS3-PKG] [DEBUG] 🤖 [MS3-PKG] [DEBUG] 🤖 [MS3-PKG] [DEBUG] 🤖 [MS3-PKG] [DEBUG] ✅ [analyzeJoiSchema] Processing object schema with 2 keys
🤖 [MS3-PKG] [DEBUG] 🤖 [MS3-PKG] [DEBUG] 🤖 [MS3-PKG] [DEBUG] 🤖 [MS3-PKG] [DEBUG] 🤖 [MS3-PKG] [DEBUG] 🤖 [MS3-PKG] [DEBUG] 🤖 [MS3-PKG] [DEBUG] 🤖 [MS3-PKG] [DEBUG] 🤖 [MS3-PKG] [DEBUG] 🤖 [MS3-PKG] [DEBUG] 🤖 [MS3-PKG] [DEBUG] 🤖 [MS3-PKG] [DEBUG] 🤖 [MS3-PKG] [DEBUG] 🤖 [MS3-PKG] [DEBUG] 🔑 [analyzeJoiSchema] Processing field: web3authConfig
🤖 [MS3-PKG] [DEBUG] 🤖 [MS3-PKG] [DEBUG] 🤖 [MS3-PKG] [DEBUG] 🤖 [MS3-PKG] [DEBUG] 🤖 [MS3-PKG] [DEBUG] 🤖 [MS3-PKG] [DEBUG] 🤖 [MS3-PKG] [DEBUG] 🤖 [MS3-PKG] [DEBUG] 🤖 [MS3-PKG] [DEBUG] 🤖 [MS3-PKG] [DEBUG] 🤖 [MS3-PKG] [DEBUG] 🤖 [MS3-PKG] [DEBUG] 🤖 [MS3-PKG] [DEBUG] 🤖 [MS3-PKG] [DEBUG] 📝 [analyzeJoiSchema] Field description: {
  type: [32m&apos;object&apos;[39m,
  flags: {
    presence: [32m&apos;required&apos;[39m,
    description: [32m&apos;Web3Auth configuration object&apos;[39m
  },
  keys: {
    clientId: { type: [32m&apos;string&apos;[39m, flags: [36m[Object][39m },
    web3AuthNetwork: { type: [32m&apos;string&apos;[39m, flags: [36m[Object][39m, allow: [36m[Array][39m },
    chainConfig: { type: [32m&apos;object&apos;[39m, flags: [36m[Object][39m, keys: [36m[Object][39m },
    loginConfig: { type: [32m&apos;object&apos;[39m, flags: [36m[Object][39m },
    privateKeyProvider: { type: [32m&apos;any&apos;[39m, flags: [36m[Object][39m }
  }
}
🤖 [MS3-PKG] [DEBUG] 🤖 [MS3-PKG] [DEBUG] 🤖 [MS3-PKG] [DEBUG] 🤖 [MS3-PKG] [DEBUG] 🤖 [MS3-PKG] [DEBUG] 🤖 [MS3-PKG] [DEBUG] 🤖 [MS3-PKG] [DEBUG] 🤖 [MS3-PKG] [DEBUG] 🤖 [MS3-PKG] [DEBUG] 🤖 [MS3-PKG] [DEBUG] 🤖 [MS3-PKG] [DEBUG] 🤖 [MS3-PKG] [DEBUG] 🤖 [MS3-PKG] [DEBUG] 🤖 [MS3-PKG] [DEBUG] 📊 [analyzeJoiSchema] Field web3authConfig: type=object, required=true, message=&quot;Web3Auth configuration object&quot;
🤖 [MS3-PKG] [DEBUG] 🤖 [MS3-PKG] [DEBUG] 🤖 [MS3-PKG] [DEBUG] 🤖 [MS3-PKG] [DEBUG] 🤖 [MS3-PKG] [DEBUG] 🤖 [MS3-PKG] [DEBUG] 🤖 [MS3-PKG] [DEBUG] 🤖 [MS3-PKG] [DEBUG] 🤖 [MS3-PKG] [DEBUG] 🤖 [MS3-PKG] [DEBUG] 🤖 [MS3-PKG] [DEBUG] 🤖 [MS3-PKG] [DEBUG] 🤖 [MS3-PKG] [DEBUG] 🤖 [MS3-PKG] [DEBUG] 🔄 [analyzeJoiSchema] Recursing into nested object: web3authConfig
🤖 [MS3-PKG] [DEBUG] 🤖 [MS3-PKG] [DEBUG] 🤖 [MS3-PKG] [DEBUG] 🤖 [MS3-PKG] [DEBUG] 🤖 [MS3-PKG] [DEBUG] 🤖 [MS3-PKG] [DEBUG] 🤖 [MS3-PKG] [DEBUG] 🤖 [MS3-PKG] [DEBUG] 🤖 [MS3-PKG] [DEBUG] 🤖 [MS3-PKG] [DEBUG] 🤖 [MS3-PKG] [DEBUG] 🤖 [MS3-PKG] [DEBUG] 🤖 [MS3-PKG] [DEBUG] 🤖 [MS3-PKG] [DEBUG] 🔑 [analyzeJoiSchema] Processing field: multiChainRpcs
🤖 [MS3-PKG] [DEBUG] 🤖 [MS3-PKG] [DEBUG] 🤖 [MS3-PKG] [DEBUG] 🤖 [MS3-PKG] [DEBUG] 🤖 [MS3-PKG] [DEBUG] 🤖 [MS3-PKG] [DEBUG] 🤖 [MS3-PKG] [DEBUG] 🤖 [MS3-PKG] [DEBUG] 🤖 [MS3-PKG] [DEBUG] 🤖 [MS3-PKG] [DEBUG] 🤖 [MS3-PKG] [DEBUG] 🤖 [MS3-PKG] [DEBUG] 🤖 [MS3-PKG] [DEBUG] 🤖 [MS3-PKG] [DEBUG] 📝 [analyzeJoiSchema] Field description: {
  type: [32m&apos;object&apos;[39m,
  flags: {
    presence: [32m&apos;optional&apos;[39m,
    description: [32m&apos;Multi-chain RPC configuration - maps chain IDs to RPC URL arrays&apos;[39m
  },
  patterns: [ { schema: [36m[Object][39m, rule: [36m[Object][39m } ]
}
🤖 [MS3-PKG] [DEBUG] 🤖 [MS3-PKG] [DEBUG] 🤖 [MS3-PKG] [DEBUG] 🤖 [MS3-PKG] [DEBUG] 🤖 [MS3-PKG] [DEBUG] 🤖 [MS3-PKG] [DEBUG] 🤖 [MS3-PKG] [DEBUG] 🤖 [MS3-PKG] [DEBUG] 🤖 [MS3-PKG] [DEBUG] 🤖 [MS3-PKG] [DEBUG] 🤖 [MS3-PKG] [DEBUG] 🤖 [MS3-PKG] [DEBUG] 🤖 [MS3-PKG] [DEBUG] 🤖 [MS3-PKG] [DEBUG] 📊 [analyzeJoiSchema] Field multiChainRpcs: type=object, required=false, message=&quot;Multi-chain RPC configuration - maps chain IDs to RPC URL arrays&quot;
🤖 [MS3-PKG] [INFO] 🤖 [MS3-PKG] [INFO] 🤖 [MS3-PKG] [INFO] 🤖 [MS3-PKG] [INFO] 🤖 [MS3-PKG] [INFO] 🤖 [MS3-PKG] [INFO] 🤖 [MS3-PKG] [INFO] 🤖 [MS3-PKG] [INFO] 🤖 [MS3-PKG] [INFO] 🤖 [MS3-PKG] [INFO] 🤖 [MS3-PKG] [INFO] 🤖 [MS3-PKG] [INFO] 🤖 [MS3-PKG] [INFO] 🤖 [MS3-PKG] [INFO] 📊 [analyzeJoiSchema] Generated 14 requirements for options
🤖 [MS3-PKG] [DEBUG] 🤖 [MS3-PKG] [DEBUG] 🤖 [MS3-PKG] [DEBUG] 🤖 [MS3-PKG] [DEBUG] 🤖 [MS3-PKG] [DEBUG] 🤖 [MS3-PKG] [DEBUG] 🤖 [MS3-PKG] [DEBUG] 🤖 [MS3-PKG] [DEBUG] 🤖 [MS3-PKG] [DEBUG] 🤖 [MS3-PKG] [DEBUG] 🤖 [MS3-PKG] [DEBUG] 🤖 [MS3-PKG] [DEBUG] 🤖 [MS3-PKG] [DEBUG] 🤖 [MS3-PKG] [DEBUG] 🔍 [getRequirements] Starting analysis for bulk-test-50
🤖 [MS3-PKG] [DEBUG] 🤖 [MS3-PKG] [DEBUG] 🤖 [MS3-PKG] [DEBUG] 🤖 [MS3-PKG] [DEBUG] 🤖 [MS3-PKG] [DEBUG] 🤖 [MS3-PKG] [DEBUG] 🤖 [MS3-PKG] [DEBUG] 🤖 [MS3-PKG] [DEBUG] 🤖 [MS3-PKG] [DEBUG] 🤖 [MS3-PKG] [DEBUG] 🤖 [MS3-PKG] [DEBUG] 🤖 [MS3-PKG] [DEBUG] 🤖 [MS3-PKG] [DEBUG] 🤖 [MS3-PKG] [DEBUG] 🔬 [analyzeJoiSchema] Analyzing schema at path: options
🤖 [MS3-PKG] [DEBUG] 🤖 [MS3-PKG] [DEBUG] 🤖 [MS3-PKG] [DEBUG] 🤖 [MS3-PKG] [DEBUG] 🤖 [MS3-PKG] [DEBUG] 🤖 [MS3-PKG] [DEBUG] 🤖 [MS3-PKG] [DEBUG] 🤖 [MS3-PKG] [DEBUG] 🤖 [MS3-PKG] [DEBUG] 🤖 [MS3-PKG] [DEBUG] 🤖 [MS3-PKG] [DEBUG] 🤖 [MS3-PKG] [DEBUG] 🤖 [MS3-PKG] [DEBUG] 🤖 [MS3-PKG] [DEBUG] 📋 [analyzeJoiSchema] Schema description type: object
🤖 [MS3-PKG] [DEBUG] 🤖 [MS3-PKG] [DEBUG] 🤖 [MS3-PKG] [DEBUG] 🤖 [MS3-PKG] [DEBUG] 🤖 [MS3-PKG] [DEBUG] 🤖 [MS3-PKG] [DEBUG] 🤖 [MS3-PKG] [DEBUG] 🤖 [MS3-PKG] [DEBUG] 🤖 [MS3-PKG] [DEBUG] 🤖 [MS3-PKG] [DEBUG] 🤖 [MS3-PKG] [DEBUG] 🤖 [MS3-PKG] [DEBUG] 🤖 [MS3-PKG] [DEBUG] 🤖 [MS3-PKG] [DEBUG] 📋 [analyzeJoiSchema] Schema keys: [ [32m&apos;privateKey&apos;[39m, [32m&apos;provider&apos;[39m, [32m&apos;multiChainRpcs&apos;[39m ]
🤖 [MS3-PKG] [DEBUG] 🤖 [MS3-PKG] [DEBUG] 🤖 [MS3-PKG] [DEBUG] 🤖 [MS3-PKG] [DEBUG] 🤖 [MS3-PKG] [DEBUG] 🤖 [MS3-PKG] [DEBUG] 🤖 [MS3-PKG] [DEBUG] 🤖 [MS3-PKG] [DEBUG] 🤖 [MS3-PKG] [DEBUG] 🤖 [MS3-PKG] [DEBUG] 🤖 [MS3-PKG] [DEBUG] 🤖 [MS3-PKG] [DEBUG] 🤖 [MS3-PKG] [DEBUG] 🤖 [MS3-PKG] [DEBUG] ✅ [analyzeJoiSchema] Processing object schema with 3 keys
🤖 [MS3-PKG] [DEBUG] 🤖 [MS3-PKG] [DEBUG] 🤖 [MS3-PKG] [DEBUG] 🤖 [MS3-PKG] [DEBUG] 🤖 [MS3-PKG] [DEBUG] 🤖 [MS3-PKG] [DEBUG] 🤖 [MS3-PKG] [DEBUG] 🤖 [MS3-PKG] [DEBUG] 🤖 [MS3-PKG] [DEBUG] 🤖 [MS3-PKG] [DEBUG] 🤖 [MS3-PKG] [DEBUG] 🤖 [MS3-PKG] [DEBUG] 🤖 [MS3-PKG] [DEBUG] 🤖 [MS3-PKG] [DEBUG] 🔑 [analyzeJoiSchema] Processing field: privateKey
🤖 [MS3-PKG] [DEBUG] 🤖 [MS3-PKG] [DEBUG] 🤖 [MS3-PKG] [DEBUG] 🤖 [MS3-PKG] [DEBUG] 🤖 [MS3-PKG] [DEBUG] 🤖 [MS3-PKG] [DEBUG] 🤖 [MS3-PKG] [DEBUG] 🤖 [MS3-PKG] [DEBUG] 🤖 [MS3-PKG] [DEBUG] 🤖 [MS3-PKG] [DEBUG] 🤖 [MS3-PKG] [DEBUG] 🤖 [MS3-PKG] [DEBUG] 🤖 [MS3-PKG] [DEBUG] 🤖 [MS3-PKG] [DEBUG] 📝 [analyzeJoiSchema] Field description: {
  type: [32m&apos;string&apos;[39m,
  flags: {
    presence: [32m&apos;required&apos;[39m,
    description: [32m&apos;Private key for wallet (generates random if not provided)&apos;[39m
  },
  rules: [ { name: [32m&apos;pattern&apos;[39m, args: [36m[Object][39m } ]
}
🤖 [MS3-PKG] [DEBUG] 🤖 [MS3-PKG] [DEBUG] 🤖 [MS3-PKG] [DEBUG] 🤖 [MS3-PKG] [DEBUG] 🤖 [MS3-PKG] [DEBUG] 🤖 [MS3-PKG] [DEBUG] 🤖 [MS3-PKG] [DEBUG] 🤖 [MS3-PKG] [DEBUG] 🤖 [MS3-PKG] [DEBUG] 🤖 [MS3-PKG] [DEBUG] 🤖 [MS3-PKG] [DEBUG] 🤖 [MS3-PKG] [DEBUG] 🤖 [MS3-PKG] [DEBUG] 🤖 [MS3-PKG] [DEBUG] 📊 [analyzeJoiSchema] Field privateKey: type=string, required=true, message=&quot;Private key for wallet (generates random if not provided)&quot;
🤖 [MS3-PKG] [DEBUG] 🤖 [MS3-PKG] [DEBUG] 🤖 [MS3-PKG] [DEBUG] 🤖 [MS3-PKG] [DEBUG] 🤖 [MS3-PKG] [DEBUG] 🤖 [MS3-PKG] [DEBUG] 🤖 [MS3-PKG] [DEBUG] 🤖 [MS3-PKG] [DEBUG] 🤖 [MS3-PKG] [DEBUG] 🤖 [MS3-PKG] [DEBUG] 🤖 [MS3-PKG] [DEBUG] 🤖 [MS3-PKG] [DEBUG] 🤖 [MS3-PKG] [DEBUG] 🤖 [MS3-PKG] [DEBUG] 🔑 [analyzeJoiSchema] Processing field: provider
🤖 [MS3-PKG] [DEBUG] 🤖 [MS3-PKG] [DEBUG] 🤖 [MS3-PKG] [DEBUG] 🤖 [MS3-PKG] [DEBUG] 🤖 [MS3-PKG] [DEBUG] 🤖 [MS3-PKG] [DEBUG] 🤖 [MS3-PKG] [DEBUG] 🤖 [MS3-PKG] [DEBUG] 🤖 [MS3-PKG] [DEBUG] 🤖 [MS3-PKG] [DEBUG] 🤖 [MS3-PKG] [DEBUG] 🤖 [MS3-PKG] [DEBUG] 🤖 [MS3-PKG] [DEBUG] 🤖 [MS3-PKG] [DEBUG] 📝 [analyzeJoiSchema] Field description: {
  type: [32m&apos;object&apos;[39m,
  flags: {
    presence: [32m&apos;optional&apos;[39m,
    description: [32m&apos;Optional provider configuration&apos;[39m
  },
  keys: {
    name: { type: [32m&apos;string&apos;[39m, flags: [36m[Object][39m },
    chainId: { type: [32m&apos;string&apos;[39m, flags: [36m[Object][39m, rules: [36m[Array][39m },
    rpcUrls: { type: [32m&apos;array&apos;[39m, flags: [36m[Object][39m, rules: [36m[Array][39m, items: [36m[Array][39m },
    displayName: { type: [32m&apos;string&apos;[39m, flags: [36m[Object][39m }
  }
}
🤖 [MS3-PKG] [DEBUG] 🤖 [MS3-PKG] [DEBUG] 🤖 [MS3-PKG] [DEBUG] 🤖 [MS3-PKG] [DEBUG] 🤖 [MS3-PKG] [DEBUG] 🤖 [MS3-PKG] [DEBUG] 🤖 [MS3-PKG] [DEBUG] 🤖 [MS3-PKG] [DEBUG] 🤖 [MS3-PKG] [DEBUG] 🤖 [MS3-PKG] [DEBUG] 🤖 [MS3-PKG] [DEBUG] 🤖 [MS3-PKG] [DEBUG] 🤖 [MS3-PKG] [DEBUG] 🤖 [MS3-PKG] [DEBUG] 📊 [analyzeJoiSchema] Field provider: type=object, required=false, message=&quot;Optional provider configuration&quot;
🤖 [MS3-PKG] [DEBUG] 🤖 [MS3-PKG] [DEBUG] 🤖 [MS3-PKG] [DEBUG] 🤖 [MS3-PKG] [DEBUG] 🤖 [MS3-PKG] [DEBUG] 🤖 [MS3-PKG] [DEBUG] 🤖 [MS3-PKG] [DEBUG] 🤖 [MS3-PKG] [DEBUG] 🤖 [MS3-PKG] [DEBUG] 🤖 [MS3-PKG] [DEBUG] 🤖 [MS3-PKG] [DEBUG] 🤖 [MS3-PKG] [DEBUG] 🤖 [MS3-PKG] [DEBUG] 🤖 [MS3-PKG] [DEBUG] 🔄 [analyzeJoiSchema] Recursing into nested object: provider
🤖 [MS3-PKG] [DEBUG] 🤖 [MS3-PKG] [DEBUG] 🤖 [MS3-PKG] [DEBUG] 🤖 [MS3-PKG] [DEBUG] 🤖 [MS3-PKG] [DEBUG] 🤖 [MS3-PKG] [DEBUG] 🤖 [MS3-PKG] [DEBUG] 🤖 [MS3-PKG] [DEBUG] 🤖 [MS3-PKG] [DEBUG] 🤖 [MS3-PKG] [DEBUG] 🤖 [MS3-PKG] [DEBUG] 🤖 [MS3-PKG] [DEBUG] 🤖 [MS3-PKG] [DEBUG] 🤖 [MS3-PKG] [DEBUG] 🔑 [analyzeJoiSchema] Processing field: multiChainRpcs
🤖 [MS3-PKG] [DEBUG] 🤖 [MS3-PKG] [DEBUG] 🤖 [MS3-PKG] [DEBUG] 🤖 [MS3-PKG] [DEBUG] 🤖 [MS3-PKG] [DEBUG] 🤖 [MS3-PKG] [DEBUG] 🤖 [MS3-PKG] [DEBUG] 🤖 [MS3-PKG] [DEBUG] 🤖 [MS3-PKG] [DEBUG] 🤖 [MS3-PKG] [DEBUG] 🤖 [MS3-PKG] [DEBUG] 🤖 [MS3-PKG] [DEBUG] 🤖 [MS3-PKG] [DEBUG] 🤖 [MS3-PKG] [DEBUG] 📝 [analyzeJoiSchema] Field description: {
  type: [32m&apos;object&apos;[39m,
  flags: {
    presence: [32m&apos;optional&apos;[39m,
    description: [32m&apos;Multi-chain RPC configuration - maps chain IDs to RPC URL arrays&apos;[39m
  },
  patterns: [ { schema: [36m[Object][39m, rule: [36m[Object][39m } ]
}
🤖 [MS3-PKG] [DEBUG] 🤖 [MS3-PKG] [DEBUG] 🤖 [MS3-PKG] [DEBUG] 🤖 [MS3-PKG] [DEBUG] 🤖 [MS3-PKG] [DEBUG] 🤖 [MS3-PKG] [DEBUG] 🤖 [MS3-PKG] [DEBUG] 🤖 [MS3-PKG] [DEBUG] 🤖 [MS3-PKG] [DEBUG] 🤖 [MS3-PKG] [DEBUG] 🤖 [MS3-PKG] [DEBUG] 🤖 [MS3-PKG] [DEBUG] 🤖 [MS3-PKG] [DEBUG] 🤖 [MS3-PKG] [DEBUG] 📊 [analyzeJoiSchema] Field multiChainRpcs: type=object, required=false, message=&quot;Multi-chain RPC configuration - maps chain IDs to RPC URL arrays&quot;
🤖 [MS3-PKG] [INFO] 🤖 [MS3-PKG] [INFO] 🤖 [MS3-PKG] [INFO] 🤖 [MS3-PKG] [INFO] 🤖 [MS3-PKG] [INFO] 🤖 [MS3-PKG] [INFO] 🤖 [MS3-PKG] [INFO] 🤖 [MS3-PKG] [INFO] 🤖 [MS3-PKG] [INFO] 🤖 [MS3-PKG] [INFO] 🤖 [MS3-PKG] [INFO] 🤖 [MS3-PKG] [INFO] 🤖 [MS3-PKG] [INFO] 🤖 [MS3-PKG] [INFO] 📊 [analyzeJoiSchema] Generated 7 requirements for options
🤖 [MS3-PKG] [DEBUG] 🤖 [MS3-PKG] [DEBUG] 🤖 [MS3-PKG] [DEBUG] 🤖 [MS3-PKG] [DEBUG] 🤖 [MS3-PKG] [DEBUG] 🤖 [MS3-PKG] [DEBUG] 🤖 [MS3-PKG] [DEBUG] 🤖 [MS3-PKG] [DEBUG] 🤖 [MS3-PKG] [DEBUG] 🤖 [MS3-PKG] [DEBUG] 🤖 [MS3-PKG] [DEBUG] 🤖 [MS3-PKG] [DEBUG] 🤖 [MS3-PKG] [DEBUG] 🤖 [MS3-PKG] [DEBUG] 🔍 [getRequirements] Starting analysis for bulk-test-50
🤖 [MS3-PKG] [DEBUG] 🤖 [MS3-PKG] [DEBUG] 🤖 [MS3-PKG] [DEBUG] 🤖 [MS3-PKG] [DEBUG] 🤖 [MS3-PKG] [DEBUG] 🤖 [MS3-PKG] [DEBUG] 🤖 [MS3-PKG] [DEBUG] 🤖 [MS3-PKG] [DEBUG] 🤖 [MS3-PKG] [DEBUG] 🤖 [MS3-PKG] [DEBUG] 🤖 [MS3-PKG] [DEBUG] 🤖 [MS3-PKG] [DEBUG] 🤖 [MS3-PKG] [DEBUG] 🤖 [MS3-PKG] [DEBUG] 🔬 [analyzeJoiSchema] Analyzing schema at path: options
🤖 [MS3-PKG] [DEBUG] 🤖 [MS3-PKG] [DEBUG] 🤖 [MS3-PKG] [DEBUG] 🤖 [MS3-PKG] [DEBUG] 🤖 [MS3-PKG] [DEBUG] 🤖 [MS3-PKG] [DEBUG] 🤖 [MS3-PKG] [DEBUG] 🤖 [MS3-PKG] [DEBUG] 🤖 [MS3-PKG] [DEBUG] 🤖 [MS3-PKG] [DEBUG] 🤖 [MS3-PKG] [DEBUG] 🤖 [MS3-PKG] [DEBUG] 🤖 [MS3-PKG] [DEBUG] 🤖 [MS3-PKG] [DEBUG] 📋 [analyzeJoiSchema] Schema description type: object
🤖 [MS3-PKG] [DEBUG] 🤖 [MS3-PKG] [DEBUG] 🤖 [MS3-PKG] [DEBUG] 🤖 [MS3-PKG] [DEBUG] 🤖 [MS3-PKG] [DEBUG] 🤖 [MS3-PKG] [DEBUG] 🤖 [MS3-PKG] [DEBUG] 🤖 [MS3-PKG] [DEBUG] 🤖 [MS3-PKG] [DEBUG] 🤖 [MS3-PKG] [DEBUG] 🤖 [MS3-PKG] [DEBUG] 🤖 [MS3-PKG] [DEBUG] 🤖 [MS3-PKG] [DEBUG] 🤖 [MS3-PKG] [DEBUG] 📋 [analyzeJoiSchema] Schema keys: [ [32m&apos;web3authConfig&apos;[39m, [32m&apos;multiChainRpcs&apos;[39m ]
🤖 [MS3-PKG] [DEBUG] 🤖 [MS3-PKG] [DEBUG] 🤖 [MS3-PKG] [DEBUG] 🤖 [MS3-PKG] [DEBUG] 🤖 [MS3-PKG] [DEBUG] 🤖 [MS3-PKG] [DEBUG] 🤖 [MS3-PKG] [DEBUG] 🤖 [MS3-PKG] [DEBUG] 🤖 [MS3-PKG] [DEBUG] 🤖 [MS3-PKG] [DEBUG] 🤖 [MS3-PKG] [DEBUG] 🤖 [MS3-PKG] [DEBUG] 🤖 [MS3-PKG] [DEBUG] 🤖 [MS3-PKG] [DEBUG] ✅ [analyzeJoiSchema] Processing object schema with 2 keys
🤖 [MS3-PKG] [DEBUG] 🤖 [MS3-PKG] [DEBUG] 🤖 [MS3-PKG] [DEBUG] 🤖 [MS3-PKG] [DEBUG] 🤖 [MS3-PKG] [DEBUG] 🤖 [MS3-PKG] [DEBUG] 🤖 [MS3-PKG] [DEBUG] 🤖 [MS3-PKG] [DEBUG] 🤖 [MS3-PKG] [DEBUG] 🤖 [MS3-PKG] [DEBUG] 🤖 [MS3-PKG] [DEBUG] 🤖 [MS3-PKG] [DEBUG] 🤖 [MS3-PKG] [DEBUG] 🤖 [MS3-PKG] [DEBUG] 🔑 [analyzeJoiSchema] Processing field: web3authConfig
🤖 [MS3-PKG] [DEBUG] 🤖 [MS3-PKG] [DEBUG] 🤖 [MS3-PKG] [DEBUG] 🤖 [MS3-PKG] [DEBUG] 🤖 [MS3-PKG] [DEBUG] 🤖 [MS3-PKG] [DEBUG] 🤖 [MS3-PKG] [DEBUG] 🤖 [MS3-PKG] [DEBUG] 🤖 [MS3-PKG] [DEBUG] 🤖 [MS3-PKG] [DEBUG] 🤖 [MS3-PKG] [DEBUG] 🤖 [MS3-PKG] [DEBUG] 🤖 [MS3-PKG] [DEBUG] 🤖 [MS3-PKG] [DEBUG] 📝 [analyzeJoiSchema] Field description: {
  type: [32m&apos;object&apos;[39m,
  flags: {
    presence: [32m&apos;required&apos;[39m,
    description: [32m&apos;Web3Auth configuration object&apos;[39m
  },
  keys: {
    clientId: { type: [32m&apos;string&apos;[39m, flags: [36m[Object][39m },
    web3AuthNetwork: { type: [32m&apos;string&apos;[39m, flags: [36m[Object][39m, allow: [36m[Array][39m },
    chainConfig: { type: [32m&apos;object&apos;[39m, flags: [36m[Object][39m, keys: [36m[Object][39m },
    loginConfig: { type: [32m&apos;object&apos;[39m, flags: [36m[Object][39m },
    privateKeyProvider: { type: [32m&apos;any&apos;[39m, flags: [36m[Object][39m }
  }
}
🤖 [MS3-PKG] [DEBUG] 🤖 [MS3-PKG] [DEBUG] 🤖 [MS3-PKG] [DEBUG] 🤖 [MS3-PKG] [DEBUG] 🤖 [MS3-PKG] [DEBUG] 🤖 [MS3-PKG] [DEBUG] 🤖 [MS3-PKG] [DEBUG] 🤖 [MS3-PKG] [DEBUG] 🤖 [MS3-PKG] [DEBUG] 🤖 [MS3-PKG] [DEBUG] 🤖 [MS3-PKG] [DEBUG] 🤖 [MS3-PKG] [DEBUG] 🤖 [MS3-PKG] [DEBUG] 🤖 [MS3-PKG] [DEBUG] 📊 [analyzeJoiSchema] Field web3authConfig: type=object, required=true, message=&quot;Web3Auth configuration object&quot;
🤖 [MS3-PKG] [DEBUG] 🤖 [MS3-PKG] [DEBUG] 🤖 [MS3-PKG] [DEBUG] 🤖 [MS3-PKG] [DEBUG] 🤖 [MS3-PKG] [DEBUG] 🤖 [MS3-PKG] [DEBUG] 🤖 [MS3-PKG] [DEBUG] 🤖 [MS3-PKG] [DEBUG] 🤖 [MS3-PKG] [DEBUG] 🤖 [MS3-PKG] [DEBUG] 🤖 [MS3-PKG] [DEBUG] 🤖 [MS3-PKG] [DEBUG] 🤖 [MS3-PKG] [DEBUG] 🤖 [MS3-PKG] [DEBUG] 🔄 [analyzeJoiSchema] Recursing into nested object: web3authConfig
🤖 [MS3-PKG] [DEBUG] 🤖 [MS3-PKG] [DEBUG] 🤖 [MS3-PKG] [DEBUG] 🤖 [MS3-PKG] [DEBUG] 🤖 [MS3-PKG] [DEBUG] 🤖 [MS3-PKG] [DEBUG] 🤖 [MS3-PKG] [DEBUG] 🤖 [MS3-PKG] [DEBUG] 🤖 [MS3-PKG] [DEBUG] 🤖 [MS3-PKG] [DEBUG] 🤖 [MS3-PKG] [DEBUG] 🤖 [MS3-PKG] [DEBUG] 🤖 [MS3-PKG] [DEBUG] 🤖 [MS3-PKG] [DEBUG] 🔑 [analyzeJoiSchema] Processing field: multiChainRpcs
🤖 [MS3-PKG] [DEBUG] 🤖 [MS3-PKG] [DEBUG] 🤖 [MS3-PKG] [DEBUG] 🤖 [MS3-PKG] [DEBUG] 🤖 [MS3-PKG] [DEBUG] 🤖 [MS3-PKG] [DEBUG] 🤖 [MS3-PKG] [DEBUG] 🤖 [MS3-PKG] [DEBUG] 🤖 [MS3-PKG] [DEBUG] 🤖 [MS3-PKG] [DEBUG] 🤖 [MS3-PKG] [DEBUG] 🤖 [MS3-PKG] [DEBUG] 🤖 [MS3-PKG] [DEBUG] 🤖 [MS3-PKG] [DEBUG] 📝 [analyzeJoiSchema] Field description: {
  type: [32m&apos;object&apos;[39m,
  flags: {
    presence: [32m&apos;optional&apos;[39m,
    description: [32m&apos;Multi-chain RPC configuration - maps chain IDs to RPC URL arrays&apos;[39m
  },
  patterns: [ { schema: [36m[Object][39m, rule: [36m[Object][39m } ]
}
🤖 [MS3-PKG] [DEBUG] 🤖 [MS3-PKG] [DEBUG] 🤖 [MS3-PKG] [DEBUG] 🤖 [MS3-PKG] [DEBUG] 🤖 [MS3-PKG] [DEBUG] 🤖 [MS3-PKG] [DEBUG] 🤖 [MS3-PKG] [DEBUG] 🤖 [MS3-PKG] [DEBUG] 🤖 [MS3-PKG] [DEBUG] 🤖 [MS3-PKG] [DEBUG] 🤖 [MS3-PKG] [DEBUG] 🤖 [MS3-PKG] [DEBUG] 🤖 [MS3-PKG] [DEBUG] 🤖 [MS3-PKG] [DEBUG] 📊 [analyzeJoiSchema] Field multiChainRpcs: type=object, required=false, message=&quot;Multi-chain RPC configuration - maps chain IDs to RPC URL arrays&quot;
🤖 [MS3-PKG] [INFO] 🤖 [MS3-PKG] [INFO] 🤖 [MS3-PKG] [INFO] 🤖 [MS3-PKG] [INFO] 🤖 [MS3-PKG] [INFO] 🤖 [MS3-PKG] [INFO] 🤖 [MS3-PKG] [INFO] 🤖 [MS3-PKG] [INFO] 🤖 [MS3-PKG] [INFO] 🤖 [MS3-PKG] [INFO] 🤖 [MS3-PKG] [INFO] 🤖 [MS3-PKG] [INFO] 🤖 [MS3-PKG] [INFO] 🤖 [MS3-PKG] [INFO] 📊 [analyzeJoiSchema] Generated 14 requirements for options
🤖 [MS3-PKG] [DEBUG] 🤖 [MS3-PKG] [DEBUG] 🤖 [MS3-PKG] [DEBUG] 🤖 [MS3-PKG] [DEBUG] 🤖 [MS3-PKG] [DEBUG] 🤖 [MS3-PKG] [DEBUG] 🤖 [MS3-PKG] [DEBUG] 🤖 [MS3-PKG] [DEBUG] 🤖 [MS3-PKG] [DEBUG] 🤖 [MS3-PKG] [DEBUG] 🤖 [MS3-PKG] [DEBUG] 🤖 [MS3-PKG] [DEBUG] 🤖 [MS3-PKG] [DEBUG] 🤖 [MS3-PKG] [DEBUG] 🔍 [getRequirements] Starting analysis for bulk-test-51
🤖 [MS3-PKG] [DEBUG] 🤖 [MS3-PKG] [DEBUG] 🤖 [MS3-PKG] [DEBUG] 🤖 [MS3-PKG] [DEBUG] 🤖 [MS3-PKG] [DEBUG] 🤖 [MS3-PKG] [DEBUG] 🤖 [MS3-PKG] [DEBUG] 🤖 [MS3-PKG] [DEBUG] 🤖 [MS3-PKG] [DEBUG] 🤖 [MS3-PKG] [DEBUG] 🤖 [MS3-PKG] [DEBUG] 🤖 [MS3-PKG] [DEBUG] 🤖 [MS3-PKG] [DEBUG] 🤖 [MS3-PKG] [DEBUG] 🔬 [analyzeJoiSchema] Analyzing schema at path: options
🤖 [MS3-PKG] [DEBUG] 🤖 [MS3-PKG] [DEBUG] 🤖 [MS3-PKG] [DEBUG] 🤖 [MS3-PKG] [DEBUG] 🤖 [MS3-PKG] [DEBUG] 🤖 [MS3-PKG] [DEBUG] 🤖 [MS3-PKG] [DEBUG] 🤖 [MS3-PKG] [DEBUG] 🤖 [MS3-PKG] [DEBUG] 🤖 [MS3-PKG] [DEBUG] 🤖 [MS3-PKG] [DEBUG] 🤖 [MS3-PKG] [DEBUG] 🤖 [MS3-PKG] [DEBUG] 🤖 [MS3-PKG] [DEBUG] 📋 [analyzeJoiSchema] Schema description type: object
🤖 [MS3-PKG] [DEBUG] 🤖 [MS3-PKG] [DEBUG] 🤖 [MS3-PKG] [DEBUG] 🤖 [MS3-PKG] [DEBUG] 🤖 [MS3-PKG] [DEBUG] 🤖 [MS3-PKG] [DEBUG] 🤖 [MS3-PKG] [DEBUG] 🤖 [MS3-PKG] [DEBUG] 🤖 [MS3-PKG] [DEBUG] 🤖 [MS3-PKG] [DEBUG] 🤖 [MS3-PKG] [DEBUG] 🤖 [MS3-PKG] [DEBUG] 🤖 [MS3-PKG] [DEBUG] 🤖 [MS3-PKG] [DEBUG] 📋 [analyzeJoiSchema] Schema keys: [ [32m&apos;privateKey&apos;[39m, [32m&apos;provider&apos;[39m, [32m&apos;multiChainRpcs&apos;[39m ]
🤖 [MS3-PKG] [DEBUG] 🤖 [MS3-PKG] [DEBUG] 🤖 [MS3-PKG] [DEBUG] 🤖 [MS3-PKG] [DEBUG] 🤖 [MS3-PKG] [DEBUG] 🤖 [MS3-PKG] [DEBUG] 🤖 [MS3-PKG] [DEBUG] 🤖 [MS3-PKG] [DEBUG] 🤖 [MS3-PKG] [DEBUG] 🤖 [MS3-PKG] [DEBUG] 🤖 [MS3-PKG] [DEBUG] 🤖 [MS3-PKG] [DEBUG] 🤖 [MS3-PKG] [DEBUG] 🤖 [MS3-PKG] [DEBUG] ✅ [analyzeJoiSchema] Processing object schema with 3 keys
🤖 [MS3-PKG] [DEBUG] 🤖 [MS3-PKG] [DEBUG] 🤖 [MS3-PKG] [DEBUG] 🤖 [MS3-PKG] [DEBUG] 🤖 [MS3-PKG] [DEBUG] 🤖 [MS3-PKG] [DEBUG] 🤖 [MS3-PKG] [DEBUG] 🤖 [MS3-PKG] [DEBUG] 🤖 [MS3-PKG] [DEBUG] 🤖 [MS3-PKG] [DEBUG] 🤖 [MS3-PKG] [DEBUG] 🤖 [MS3-PKG] [DEBUG] 🤖 [MS3-PKG] [DEBUG] 🤖 [MS3-PKG] [DEBUG] 🔑 [analyzeJoiSchema] Processing field: privateKey
🤖 [MS3-PKG] [DEBUG] 🤖 [MS3-PKG] [DEBUG] 🤖 [MS3-PKG] [DEBUG] 🤖 [MS3-PKG] [DEBUG] 🤖 [MS3-PKG] [DEBUG] 🤖 [MS3-PKG] [DEBUG] 🤖 [MS3-PKG] [DEBUG] 🤖 [MS3-PKG] [DEBUG] 🤖 [MS3-PKG] [DEBUG] 🤖 [MS3-PKG] [DEBUG] 🤖 [MS3-PKG] [DEBUG] 🤖 [MS3-PKG] [DEBUG] 🤖 [MS3-PKG] [DEBUG] 🤖 [MS3-PKG] [DEBUG] 📝 [analyzeJoiSchema] Field description: {
  type: [32m&apos;string&apos;[39m,
  flags: {
    presence: [32m&apos;required&apos;[39m,
    description: [32m&apos;Private key for wallet (generates random if not provided)&apos;[39m
  },
  rules: [ { name: [32m&apos;pattern&apos;[39m, args: [36m[Object][39m } ]
}
🤖 [MS3-PKG] [DEBUG] 🤖 [MS3-PKG] [DEBUG] 🤖 [MS3-PKG] [DEBUG] 🤖 [MS3-PKG] [DEBUG] 🤖 [MS3-PKG] [DEBUG] 🤖 [MS3-PKG] [DEBUG] 🤖 [MS3-PKG] [DEBUG] 🤖 [MS3-PKG] [DEBUG] 🤖 [MS3-PKG] [DEBUG] 🤖 [MS3-PKG] [DEBUG] 🤖 [MS3-PKG] [DEBUG] 🤖 [MS3-PKG] [DEBUG] 🤖 [MS3-PKG] [DEBUG] 🤖 [MS3-PKG] [DEBUG] 📊 [analyzeJoiSchema] Field privateKey: type=string, required=true, message=&quot;Private key for wallet (generates random if not provided)&quot;
🤖 [MS3-PKG] [DEBUG] 🤖 [MS3-PKG] [DEBUG] 🤖 [MS3-PKG] [DEBUG] 🤖 [MS3-PKG] [DEBUG] 🤖 [MS3-PKG] [DEBUG] 🤖 [MS3-PKG] [DEBUG] 🤖 [MS3-PKG] [DEBUG] 🤖 [MS3-PKG] [DEBUG] 🤖 [MS3-PKG] [DEBUG] 🤖 [MS3-PKG] [DEBUG] 🤖 [MS3-PKG] [DEBUG] 🤖 [MS3-PKG] [DEBUG] 🤖 [MS3-PKG] [DEBUG] 🤖 [MS3-PKG] [DEBUG] 🔑 [analyzeJoiSchema] Processing field: provider
🤖 [MS3-PKG] [DEBUG] 🤖 [MS3-PKG] [DEBUG] 🤖 [MS3-PKG] [DEBUG] 🤖 [MS3-PKG] [DEBUG] 🤖 [MS3-PKG] [DEBUG] 🤖 [MS3-PKG] [DEBUG] 🤖 [MS3-PKG] [DEBUG] 🤖 [MS3-PKG] [DEBUG] 🤖 [MS3-PKG] [DEBUG] 🤖 [MS3-PKG] [DEBUG] 🤖 [MS3-PKG] [DEBUG] 🤖 [MS3-PKG] [DEBUG] 🤖 [MS3-PKG] [DEBUG] 🤖 [MS3-PKG] [DEBUG] 📝 [analyzeJoiSchema] Field description: {
  type: [32m&apos;object&apos;[39m,
  flags: {
    presence: [32m&apos;optional&apos;[39m,
    description: [32m&apos;Optional provider configuration&apos;[39m
  },
  keys: {
    name: { type: [32m&apos;string&apos;[39m, flags: [36m[Object][39m },
    chainId: { type: [32m&apos;string&apos;[39m, flags: [36m[Object][39m, rules: [36m[Array][39m },
    rpcUrls: { type: [32m&apos;array&apos;[39m, flags: [36m[Object][39m, rules: [36m[Array][39m, items: [36m[Array][39m },
    displayName: { type: [32m&apos;string&apos;[39m, flags: [36m[Object][39m }
  }
}
🤖 [MS3-PKG] [DEBUG] 🤖 [MS3-PKG] [DEBUG] 🤖 [MS3-PKG] [DEBUG] 🤖 [MS3-PKG] [DEBUG] 🤖 [MS3-PKG] [DEBUG] 🤖 [MS3-PKG] [DEBUG] 🤖 [MS3-PKG] [DEBUG] 🤖 [MS3-PKG] [DEBUG] 🤖 [MS3-PKG] [DEBUG] 🤖 [MS3-PKG] [DEBUG] 🤖 [MS3-PKG] [DEBUG] 🤖 [MS3-PKG] [DEBUG] 🤖 [MS3-PKG] [DEBUG] 🤖 [MS3-PKG] [DEBUG] 📊 [analyzeJoiSchema] Field provider: type=object, required=false, message=&quot;Optional provider configuration&quot;
🤖 [MS3-PKG] [DEBUG] 🤖 [MS3-PKG] [DEBUG] 🤖 [MS3-PKG] [DEBUG] 🤖 [MS3-PKG] [DEBUG] 🤖 [MS3-PKG] [DEBUG] 🤖 [MS3-PKG] [DEBUG] 🤖 [MS3-PKG] [DEBUG] 🤖 [MS3-PKG] [DEBUG] 🤖 [MS3-PKG] [DEBUG] 🤖 [MS3-PKG] [DEBUG] 🤖 [MS3-PKG] [DEBUG] 🤖 [MS3-PKG] [DEBUG] 🤖 [MS3-PKG] [DEBUG] 🤖 [MS3-PKG] [DEBUG] 🔄 [analyzeJoiSchema] Recursing into nested object: provider
🤖 [MS3-PKG] [DEBUG] 🤖 [MS3-PKG] [DEBUG] 🤖 [MS3-PKG] [DEBUG] 🤖 [MS3-PKG] [DEBUG] 🤖 [MS3-PKG] [DEBUG] 🤖 [MS3-PKG] [DEBUG] 🤖 [MS3-PKG] [DEBUG] 🤖 [MS3-PKG] [DEBUG] 🤖 [MS3-PKG] [DEBUG] 🤖 [MS3-PKG] [DEBUG] 🤖 [MS3-PKG] [DEBUG] 🤖 [MS3-PKG] [DEBUG] 🤖 [MS3-PKG] [DEBUG] 🤖 [MS3-PKG] [DEBUG] 🔑 [analyzeJoiSchema] Processing field: multiChainRpcs
🤖 [MS3-PKG] [DEBUG] 🤖 [MS3-PKG] [DEBUG] 🤖 [MS3-PKG] [DEBUG] 🤖 [MS3-PKG] [DEBUG] 🤖 [MS3-PKG] [DEBUG] 🤖 [MS3-PKG] [DEBUG] 🤖 [MS3-PKG] [DEBUG] 🤖 [MS3-PKG] [DEBUG] 🤖 [MS3-PKG] [DEBUG] 🤖 [MS3-PKG] [DEBUG] 🤖 [MS3-PKG] [DEBUG] 🤖 [MS3-PKG] [DEBUG] 🤖 [MS3-PKG] [DEBUG] 🤖 [MS3-PKG] [DEBUG] 📝 [analyzeJoiSchema] Field description: {
  type: [32m&apos;object&apos;[39m,
  flags: {
    presence: [32m&apos;optional&apos;[39m,
    description: [32m&apos;Multi-chain RPC configuration - maps chain IDs to RPC URL arrays&apos;[39m
  },
  patterns: [ { schema: [36m[Object][39m, rule: [36m[Object][39m } ]
}
🤖 [MS3-PKG] [DEBUG] 🤖 [MS3-PKG] [DEBUG] 🤖 [MS3-PKG] [DEBUG] 🤖 [MS3-PKG] [DEBUG] 🤖 [MS3-PKG] [DEBUG] 🤖 [MS3-PKG] [DEBUG] 🤖 [MS3-PKG] [DEBUG] 🤖 [MS3-PKG] [DEBUG] 🤖 [MS3-PKG] [DEBUG] 🤖 [MS3-PKG] [DEBUG] 🤖 [MS3-PKG] [DEBUG] 🤖 [MS3-PKG] [DEBUG] 🤖 [MS3-PKG] [DEBUG] 🤖 [MS3-PKG] [DEBUG] 📊 [analyzeJoiSchema] Field multiChainRpcs: type=object, required=false, message=&quot;Multi-chain RPC configuration - maps chain IDs to RPC URL arrays&quot;
🤖 [MS3-PKG] [INFO] 🤖 [MS3-PKG] [INFO] 🤖 [MS3-PKG] [INFO] 🤖 [MS3-PKG] [INFO] 🤖 [MS3-PKG] [INFO] 🤖 [MS3-PKG] [INFO] 🤖 [MS3-PKG] [INFO] 🤖 [MS3-PKG] [INFO] 🤖 [MS3-PKG] [INFO] 🤖 [MS3-PKG] [INFO] 🤖 [MS3-PKG] [INFO] 🤖 [MS3-PKG] [INFO] 🤖 [MS3-PKG] [INFO] 🤖 [MS3-PKG] [INFO] 📊 [analyzeJoiSchema] Generated 7 requirements for options
🤖 [MS3-PKG] [DEBUG] 🤖 [MS3-PKG] [DEBUG] 🤖 [MS3-PKG] [DEBUG] 🤖 [MS3-PKG] [DEBUG] 🤖 [MS3-PKG] [DEBUG] 🤖 [MS3-PKG] [DEBUG] 🤖 [MS3-PKG] [DEBUG] 🤖 [MS3-PKG] [DEBUG] 🤖 [MS3-PKG] [DEBUG] 🤖 [MS3-PKG] [DEBUG] 🤖 [MS3-PKG] [DEBUG] 🤖 [MS3-PKG] [DEBUG] 🤖 [MS3-PKG] [DEBUG] 🤖 [MS3-PKG] [DEBUG] 🔍 [getRequirements] Starting analysis for bulk-test-51
🤖 [MS3-PKG] [DEBUG] 🤖 [MS3-PKG] [DEBUG] 🤖 [MS3-PKG] [DEBUG] 🤖 [MS3-PKG] [DEBUG] 🤖 [MS3-PKG] [DEBUG] 🤖 [MS3-PKG] [DEBUG] 🤖 [MS3-PKG] [DEBUG] 🤖 [MS3-PKG] [DEBUG] 🤖 [MS3-PKG] [DEBUG] 🤖 [MS3-PKG] [DEBUG] 🤖 [MS3-PKG] [DEBUG] 🤖 [MS3-PKG] [DEBUG] 🤖 [MS3-PKG] [DEBUG] 🤖 [MS3-PKG] [DEBUG] 🔬 [analyzeJoiSchema] Analyzing schema at path: options
🤖 [MS3-PKG] [DEBUG] 🤖 [MS3-PKG] [DEBUG] 🤖 [MS3-PKG] [DEBUG] 🤖 [MS3-PKG] [DEBUG] 🤖 [MS3-PKG] [DEBUG] 🤖 [MS3-PKG] [DEBUG] 🤖 [MS3-PKG] [DEBUG] 🤖 [MS3-PKG] [DEBUG] 🤖 [MS3-PKG] [DEBUG] 🤖 [MS3-PKG] [DEBUG] 🤖 [MS3-PKG] [DEBUG] 🤖 [MS3-PKG] [DEBUG] 🤖 [MS3-PKG] [DEBUG] 🤖 [MS3-PKG] [DEBUG] 📋 [analyzeJoiSchema] Schema description type: object
🤖 [MS3-PKG] [DEBUG] 🤖 [MS3-PKG] [DEBUG] 🤖 [MS3-PKG] [DEBUG] 🤖 [MS3-PKG] [DEBUG] 🤖 [MS3-PKG] [DEBUG] 🤖 [MS3-PKG] [DEBUG] 🤖 [MS3-PKG] [DEBUG] 🤖 [MS3-PKG] [DEBUG] 🤖 [MS3-PKG] [DEBUG] 🤖 [MS3-PKG] [DEBUG] 🤖 [MS3-PKG] [DEBUG] 🤖 [MS3-PKG] [DEBUG] 🤖 [MS3-PKG] [DEBUG] 🤖 [MS3-PKG] [DEBUG] 📋 [analyzeJoiSchema] Schema keys: [ [32m&apos;web3authConfig&apos;[39m, [32m&apos;multiChainRpcs&apos;[39m ]
🤖 [MS3-PKG] [DEBUG] 🤖 [MS3-PKG] [DEBUG] 🤖 [MS3-PKG] [DEBUG] 🤖 [MS3-PKG] [DEBUG] 🤖 [MS3-PKG] [DEBUG] 🤖 [MS3-PKG] [DEBUG] 🤖 [MS3-PKG] [DEBUG] 🤖 [MS3-PKG] [DEBUG] 🤖 [MS3-PKG] [DEBUG] 🤖 [MS3-PKG] [DEBUG] 🤖 [MS3-PKG] [DEBUG] 🤖 [MS3-PKG] [DEBUG] 🤖 [MS3-PKG] [DEBUG] 🤖 [MS3-PKG] [DEBUG] ✅ [analyzeJoiSchema] Processing object schema with 2 keys
🤖 [MS3-PKG] [DEBUG] 🤖 [MS3-PKG] [DEBUG] 🤖 [MS3-PKG] [DEBUG] 🤖 [MS3-PKG] [DEBUG] 🤖 [MS3-PKG] [DEBUG] 🤖 [MS3-PKG] [DEBUG] 🤖 [MS3-PKG] [DEBUG] 🤖 [MS3-PKG] [DEBUG] 🤖 [MS3-PKG] [DEBUG] 🤖 [MS3-PKG] [DEBUG] 🤖 [MS3-PKG] [DEBUG] 🤖 [MS3-PKG] [DEBUG] 🤖 [MS3-PKG] [DEBUG] 🤖 [MS3-PKG] [DEBUG] 🔑 [analyzeJoiSchema] Processing field: web3authConfig
🤖 [MS3-PKG] [DEBUG] 🤖 [MS3-PKG] [DEBUG] 🤖 [MS3-PKG] [DEBUG] 🤖 [MS3-PKG] [DEBUG] 🤖 [MS3-PKG] [DEBUG] 🤖 [MS3-PKG] [DEBUG] 🤖 [MS3-PKG] [DEBUG] 🤖 [MS3-PKG] [DEBUG] 🤖 [MS3-PKG] [DEBUG] 🤖 [MS3-PKG] [DEBUG] 🤖 [MS3-PKG] [DEBUG] 🤖 [MS3-PKG] [DEBUG] 🤖 [MS3-PKG] [DEBUG] 🤖 [MS3-PKG] [DEBUG] 📝 [analyzeJoiSchema] Field description: {
  type: [32m&apos;object&apos;[39m,
  flags: {
    presence: [32m&apos;required&apos;[39m,
    description: [32m&apos;Web3Auth configuration object&apos;[39m
  },
  keys: {
    clientId: { type: [32m&apos;string&apos;[39m, flags: [36m[Object][39m },
    web3AuthNetwork: { type: [32m&apos;string&apos;[39m, flags: [36m[Object][39m, allow: [36m[Array][39m },
    chainConfig: { type: [32m&apos;object&apos;[39m, flags: [36m[Object][39m, keys: [36m[Object][39m },
    loginConfig: { type: [32m&apos;object&apos;[39m, flags: [36m[Object][39m },
    privateKeyProvider: { type: [32m&apos;any&apos;[39m, flags: [36m[Object][39m }
  }
}
🤖 [MS3-PKG] [DEBUG] 🤖 [MS3-PKG] [DEBUG] 🤖 [MS3-PKG] [DEBUG] 🤖 [MS3-PKG] [DEBUG] 🤖 [MS3-PKG] [DEBUG] 🤖 [MS3-PKG] [DEBUG] 🤖 [MS3-PKG] [DEBUG] 🤖 [MS3-PKG] [DEBUG] 🤖 [MS3-PKG] [DEBUG] 🤖 [MS3-PKG] [DEBUG] 🤖 [MS3-PKG] [DEBUG] 🤖 [MS3-PKG] [DEBUG] 🤖 [MS3-PKG] [DEBUG] 🤖 [MS3-PKG] [DEBUG] 📊 [analyzeJoiSchema] Field web3authConfig: type=object, required=true, message=&quot;Web3Auth configuration object&quot;
🤖 [MS3-PKG] [DEBUG] 🤖 [MS3-PKG] [DEBUG] 🤖 [MS3-PKG] [DEBUG] 🤖 [MS3-PKG] [DEBUG] 🤖 [MS3-PKG] [DEBUG] 🤖 [MS3-PKG] [DEBUG] 🤖 [MS3-PKG] [DEBUG] 🤖 [MS3-PKG] [DEBUG] 🤖 [MS3-PKG] [DEBUG] 🤖 [MS3-PKG] [DEBUG] 🤖 [MS3-PKG] [DEBUG] 🤖 [MS3-PKG] [DEBUG] 🤖 [MS3-PKG] [DEBUG] 🤖 [MS3-PKG] [DEBUG] 🔄 [analyzeJoiSchema] Recursing into nested object: web3authConfig
🤖 [MS3-PKG] [DEBUG] 🤖 [MS3-PKG] [DEBUG] 🤖 [MS3-PKG] [DEBUG] 🤖 [MS3-PKG] [DEBUG] 🤖 [MS3-PKG] [DEBUG] 🤖 [MS3-PKG] [DEBUG] 🤖 [MS3-PKG] [DEBUG] 🤖 [MS3-PKG] [DEBUG] 🤖 [MS3-PKG] [DEBUG] 🤖 [MS3-PKG] [DEBUG] 🤖 [MS3-PKG] [DEBUG] 🤖 [MS3-PKG] [DEBUG] 🤖 [MS3-PKG] [DEBUG] 🤖 [MS3-PKG] [DEBUG] 🔑 [analyzeJoiSchema] Processing field: multiChainRpcs
🤖 [MS3-PKG] [DEBUG] 🤖 [MS3-PKG] [DEBUG] 🤖 [MS3-PKG] [DEBUG] 🤖 [MS3-PKG] [DEBUG] 🤖 [MS3-PKG] [DEBUG] 🤖 [MS3-PKG] [DEBUG] 🤖 [MS3-PKG] [DEBUG] 🤖 [MS3-PKG] [DEBUG] 🤖 [MS3-PKG] [DEBUG] 🤖 [MS3-PKG] [DEBUG] 🤖 [MS3-PKG] [DEBUG] 🤖 [MS3-PKG] [DEBUG] 🤖 [MS3-PKG] [DEBUG] 🤖 [MS3-PKG] [DEBUG] 📝 [analyzeJoiSchema] Field description: {
  type: [32m&apos;object&apos;[39m,
  flags: {
    presence: [32m&apos;optional&apos;[39m,
    description: [32m&apos;Multi-chain RPC configuration - maps chain IDs to RPC URL arrays&apos;[39m
  },
  patterns: [ { schema: [36m[Object][39m, rule: [36m[Object][39m } ]
}
🤖 [MS3-PKG] [DEBUG] 🤖 [MS3-PKG] [DEBUG] 🤖 [MS3-PKG] [DEBUG] 🤖 [MS3-PKG] [DEBUG] 🤖 [MS3-PKG] [DEBUG] 🤖 [MS3-PKG] [DEBUG] 🤖 [MS3-PKG] [DEBUG] 🤖 [MS3-PKG] [DEBUG] 🤖 [MS3-PKG] [DEBUG] 🤖 [MS3-PKG] [DEBUG] 🤖 [MS3-PKG] [DEBUG] 🤖 [MS3-PKG] [DEBUG] 🤖 [MS3-PKG] [DEBUG] 🤖 [MS3-PKG] [DEBUG] 📊 [analyzeJoiSchema] Field multiChainRpcs: type=object, required=false, message=&quot;Multi-chain RPC configuration - maps chain IDs to RPC URL arrays&quot;
🤖 [MS3-PKG] [INFO] 🤖 [MS3-PKG] [INFO] 🤖 [MS3-PKG] [INFO] 🤖 [MS3-PKG] [INFO] 🤖 [MS3-PKG] [INFO] 🤖 [MS3-PKG] [INFO] 🤖 [MS3-PKG] [INFO] 🤖 [MS3-PKG] [INFO] 🤖 [MS3-PKG] [INFO] 🤖 [MS3-PKG] [INFO] 🤖 [MS3-PKG] [INFO] 🤖 [MS3-PKG] [INFO] 🤖 [MS3-PKG] [INFO] 🤖 [MS3-PKG] [INFO] 📊 [analyzeJoiSchema] Generated 14 requirements for options
🤖 [MS3-PKG] [DEBUG] 🤖 [MS3-PKG] [DEBUG] 🤖 [MS3-PKG] [DEBUG] 🤖 [MS3-PKG] [DEBUG] 🤖 [MS3-PKG] [DEBUG] 🤖 [MS3-PKG] [DEBUG] 🤖 [MS3-PKG] [DEBUG] 🤖 [MS3-PKG] [DEBUG] 🤖 [MS3-PKG] [DEBUG] 🤖 [MS3-PKG] [DEBUG] 🤖 [MS3-PKG] [DEBUG] 🤖 [MS3-PKG] [DEBUG] 🤖 [MS3-PKG] [DEBUG] 🤖 [MS3-PKG] [DEBUG] 🔍 [getRequirements] Starting analysis for bulk-test-52
🤖 [MS3-PKG] [DEBUG] 🤖 [MS3-PKG] [DEBUG] 🤖 [MS3-PKG] [DEBUG] 🤖 [MS3-PKG] [DEBUG] 🤖 [MS3-PKG] [DEBUG] 🤖 [MS3-PKG] [DEBUG] 🤖 [MS3-PKG] [DEBUG] 🤖 [MS3-PKG] [DEBUG] 🤖 [MS3-PKG] [DEBUG] 🤖 [MS3-PKG] [DEBUG] 🤖 [MS3-PKG] [DEBUG] 🤖 [MS3-PKG] [DEBUG] 🤖 [MS3-PKG] [DEBUG] 🤖 [MS3-PKG] [DEBUG] 🔬 [analyzeJoiSchema] Analyzing schema at path: options
🤖 [MS3-PKG] [DEBUG] 🤖 [MS3-PKG] [DEBUG] 🤖 [MS3-PKG] [DEBUG] 🤖 [MS3-PKG] [DEBUG] 🤖 [MS3-PKG] [DEBUG] 🤖 [MS3-PKG] [DEBUG] 🤖 [MS3-PKG] [DEBUG] 🤖 [MS3-PKG] [DEBUG] 🤖 [MS3-PKG] [DEBUG] 🤖 [MS3-PKG] [DEBUG] 🤖 [MS3-PKG] [DEBUG] 🤖 [MS3-PKG] [DEBUG] 🤖 [MS3-PKG] [DEBUG] 🤖 [MS3-PKG] [DEBUG] 📋 [analyzeJoiSchema] Schema description type: object
🤖 [MS3-PKG] [DEBUG] 🤖 [MS3-PKG] [DEBUG] 🤖 [MS3-PKG] [DEBUG] 🤖 [MS3-PKG] [DEBUG] 🤖 [MS3-PKG] [DEBUG] 🤖 [MS3-PKG] [DEBUG] 🤖 [MS3-PKG] [DEBUG] 🤖 [MS3-PKG] [DEBUG] 🤖 [MS3-PKG] [DEBUG] 🤖 [MS3-PKG] [DEBUG] 🤖 [MS3-PKG] [DEBUG] 🤖 [MS3-PKG] [DEBUG] 🤖 [MS3-PKG] [DEBUG] 🤖 [MS3-PKG] [DEBUG] 📋 [analyzeJoiSchema] Schema keys: [ [32m&apos;privateKey&apos;[39m, [32m&apos;provider&apos;[39m, [32m&apos;multiChainRpcs&apos;[39m ]
🤖 [MS3-PKG] [DEBUG] 🤖 [MS3-PKG] [DEBUG] 🤖 [MS3-PKG] [DEBUG] 🤖 [MS3-PKG] [DEBUG] 🤖 [MS3-PKG] [DEBUG] 🤖 [MS3-PKG] [DEBUG] 🤖 [MS3-PKG] [DEBUG] 🤖 [MS3-PKG] [DEBUG] 🤖 [MS3-PKG] [DEBUG] 🤖 [MS3-PKG] [DEBUG] 🤖 [MS3-PKG] [DEBUG] 🤖 [MS3-PKG] [DEBUG] 🤖 [MS3-PKG] [DEBUG] 🤖 [MS3-PKG] [DEBUG] ✅ [analyzeJoiSchema] Processing object schema with 3 keys
🤖 [MS3-PKG] [DEBUG] 🤖 [MS3-PKG] [DEBUG] 🤖 [MS3-PKG] [DEBUG] 🤖 [MS3-PKG] [DEBUG] 🤖 [MS3-PKG] [DEBUG] 🤖 [MS3-PKG] [DEBUG] 🤖 [MS3-PKG] [DEBUG] 🤖 [MS3-PKG] [DEBUG] 🤖 [MS3-PKG] [DEBUG] 🤖 [MS3-PKG] [DEBUG] 🤖 [MS3-PKG] [DEBUG] 🤖 [MS3-PKG] [DEBUG] 🤖 [MS3-PKG] [DEBUG] 🤖 [MS3-PKG] [DEBUG] 🔑 [analyzeJoiSchema] Processing field: privateKey
🤖 [MS3-PKG] [DEBUG] 🤖 [MS3-PKG] [DEBUG] 🤖 [MS3-PKG] [DEBUG] 🤖 [MS3-PKG] [DEBUG] 🤖 [MS3-PKG] [DEBUG] 🤖 [MS3-PKG] [DEBUG] 🤖 [MS3-PKG] [DEBUG] 🤖 [MS3-PKG] [DEBUG] 🤖 [MS3-PKG] [DEBUG] 🤖 [MS3-PKG] [DEBUG] 🤖 [MS3-PKG] [DEBUG] 🤖 [MS3-PKG] [DEBUG] 🤖 [MS3-PKG] [DEBUG] 🤖 [MS3-PKG] [DEBUG] 📝 [analyzeJoiSchema] Field description: {
  type: [32m&apos;string&apos;[39m,
  flags: {
    presence: [32m&apos;required&apos;[39m,
    description: [32m&apos;Private key for wallet (generates random if not provided)&apos;[39m
  },
  rules: [ { name: [32m&apos;pattern&apos;[39m, args: [36m[Object][39m } ]
}
🤖 [MS3-PKG] [DEBUG] 🤖 [MS3-PKG] [DEBUG] 🤖 [MS3-PKG] [DEBUG] 🤖 [MS3-PKG] [DEBUG] 🤖 [MS3-PKG] [DEBUG] 🤖 [MS3-PKG] [DEBUG] 🤖 [MS3-PKG] [DEBUG] 🤖 [MS3-PKG] [DEBUG] 🤖 [MS3-PKG] [DEBUG] 🤖 [MS3-PKG] [DEBUG] 🤖 [MS3-PKG] [DEBUG] 🤖 [MS3-PKG] [DEBUG] 🤖 [MS3-PKG] [DEBUG] 🤖 [MS3-PKG] [DEBUG] 📊 [analyzeJoiSchema] Field privateKey: type=string, required=true, message=&quot;Private key for wallet (generates random if not provided)&quot;
🤖 [MS3-PKG] [DEBUG] 🤖 [MS3-PKG] [DEBUG] 🤖 [MS3-PKG] [DEBUG] 🤖 [MS3-PKG] [DEBUG] 🤖 [MS3-PKG] [DEBUG] 🤖 [MS3-PKG] [DEBUG] 🤖 [MS3-PKG] [DEBUG] 🤖 [MS3-PKG] [DEBUG] 🤖 [MS3-PKG] [DEBUG] 🤖 [MS3-PKG] [DEBUG] 🤖 [MS3-PKG] [DEBUG] 🤖 [MS3-PKG] [DEBUG] 🤖 [MS3-PKG] [DEBUG] 🤖 [MS3-PKG] [DEBUG] 🔑 [analyzeJoiSchema] Processing field: provider
🤖 [MS3-PKG] [DEBUG] 🤖 [MS3-PKG] [DEBUG] 🤖 [MS3-PKG] [DEBUG] 🤖 [MS3-PKG] [DEBUG] 🤖 [MS3-PKG] [DEBUG] 🤖 [MS3-PKG] [DEBUG] 🤖 [MS3-PKG] [DEBUG] 🤖 [MS3-PKG] [DEBUG] 🤖 [MS3-PKG] [DEBUG] 🤖 [MS3-PKG] [DEBUG] 🤖 [MS3-PKG] [DEBUG] 🤖 [MS3-PKG] [DEBUG] 🤖 [MS3-PKG] [DEBUG] 🤖 [MS3-PKG] [DEBUG] 📝 [analyzeJoiSchema] Field description: {
  type: [32m&apos;object&apos;[39m,
  flags: {
    presence: [32m&apos;optional&apos;[39m,
    description: [32m&apos;Optional provider configuration&apos;[39m
  },
  keys: {
    name: { type: [32m&apos;string&apos;[39m, flags: [36m[Object][39m },
    chainId: { type: [32m&apos;string&apos;[39m, flags: [36m[Object][39m, rules: [36m[Array][39m },
    rpcUrls: { type: [32m&apos;array&apos;[39m, flags: [36m[Object][39m, rules: [36m[Array][39m, items: [36m[Array][39m },
    displayName: { type: [32m&apos;string&apos;[39m, flags: [36m[Object][39m }
  }
}
🤖 [MS3-PKG] [DEBUG] 🤖 [MS3-PKG] [DEBUG] 🤖 [MS3-PKG] [DEBUG] 🤖 [MS3-PKG] [DEBUG] 🤖 [MS3-PKG] [DEBUG] 🤖 [MS3-PKG] [DEBUG] 🤖 [MS3-PKG] [DEBUG] 🤖 [MS3-PKG] [DEBUG] 🤖 [MS3-PKG] [DEBUG] 🤖 [MS3-PKG] [DEBUG] 🤖 [MS3-PKG] [DEBUG] 🤖 [MS3-PKG] [DEBUG] 🤖 [MS3-PKG] [DEBUG] 🤖 [MS3-PKG] [DEBUG] 📊 [analyzeJoiSchema] Field provider: type=object, required=false, message=&quot;Optional provider configuration&quot;
🤖 [MS3-PKG] [DEBUG] 🤖 [MS3-PKG] [DEBUG] 🤖 [MS3-PKG] [DEBUG] 🤖 [MS3-PKG] [DEBUG] 🤖 [MS3-PKG] [DEBUG] 🤖 [MS3-PKG] [DEBUG] 🤖 [MS3-PKG] [DEBUG] 🤖 [MS3-PKG] [DEBUG] 🤖 [MS3-PKG] [DEBUG] 🤖 [MS3-PKG] [DEBUG] 🤖 [MS3-PKG] [DEBUG] 🤖 [MS3-PKG] [DEBUG] 🤖 [MS3-PKG] [DEBUG] 🤖 [MS3-PKG] [DEBUG] 🔄 [analyzeJoiSchema] Recursing into nested object: provider
🤖 [MS3-PKG] [DEBUG] 🤖 [MS3-PKG] [DEBUG] 🤖 [MS3-PKG] [DEBUG] 🤖 [MS3-PKG] [DEBUG] 🤖 [MS3-PKG] [DEBUG] 🤖 [MS3-PKG] [DEBUG] 🤖 [MS3-PKG] [DEBUG] 🤖 [MS3-PKG] [DEBUG] 🤖 [MS3-PKG] [DEBUG] 🤖 [MS3-PKG] [DEBUG] 🤖 [MS3-PKG] [DEBUG] 🤖 [MS3-PKG] [DEBUG] 🤖 [MS3-PKG] [DEBUG] 🤖 [MS3-PKG] [DEBUG] 🔑 [analyzeJoiSchema] Processing field: multiChainRpcs
🤖 [MS3-PKG] [DEBUG] 🤖 [MS3-PKG] [DEBUG] 🤖 [MS3-PKG] [DEBUG] 🤖 [MS3-PKG] [DEBUG] 🤖 [MS3-PKG] [DEBUG] 🤖 [MS3-PKG] [DEBUG] 🤖 [MS3-PKG] [DEBUG] 🤖 [MS3-PKG] [DEBUG] 🤖 [MS3-PKG] [DEBUG] 🤖 [MS3-PKG] [DEBUG] 🤖 [MS3-PKG] [DEBUG] 🤖 [MS3-PKG] [DEBUG] 🤖 [MS3-PKG] [DEBUG] 🤖 [MS3-PKG] [DEBUG] 📝 [analyzeJoiSchema] Field description: {
  type: [32m&apos;object&apos;[39m,
  flags: {
    presence: [32m&apos;optional&apos;[39m,
    description: [32m&apos;Multi-chain RPC configuration - maps chain IDs to RPC URL arrays&apos;[39m
  },
  patterns: [ { schema: [36m[Object][39m, rule: [36m[Object][39m } ]
}
🤖 [MS3-PKG] [DEBUG] 🤖 [MS3-PKG] [DEBUG] 🤖 [MS3-PKG] [DEBUG] 🤖 [MS3-PKG] [DEBUG] 🤖 [MS3-PKG] [DEBUG] 🤖 [MS3-PKG] [DEBUG] 🤖 [MS3-PKG] [DEBUG] 🤖 [MS3-PKG] [DEBUG] 🤖 [MS3-PKG] [DEBUG] 🤖 [MS3-PKG] [DEBUG] 🤖 [MS3-PKG] [DEBUG] 🤖 [MS3-PKG] [DEBUG] 🤖 [MS3-PKG] [DEBUG] 🤖 [MS3-PKG] [DEBUG] 📊 [analyzeJoiSchema] Field multiChainRpcs: type=object, required=false, message=&quot;Multi-chain RPC configuration - maps chain IDs to RPC URL arrays&quot;
🤖 [MS3-PKG] [INFO] 🤖 [MS3-PKG] [INFO] 🤖 [MS3-PKG] [INFO] 🤖 [MS3-PKG] [INFO] 🤖 [MS3-PKG] [INFO] 🤖 [MS3-PKG] [INFO] 🤖 [MS3-PKG] [INFO] 🤖 [MS3-PKG] [INFO] 🤖 [MS3-PKG] [INFO] 🤖 [MS3-PKG] [INFO] 🤖 [MS3-PKG] [INFO] 🤖 [MS3-PKG] [INFO] 🤖 [MS3-PKG] [INFO] 🤖 [MS3-PKG] [INFO] 📊 [analyzeJoiSchema] Generated 7 requirements for options
🤖 [MS3-PKG] [DEBUG] 🤖 [MS3-PKG] [DEBUG] 🤖 [MS3-PKG] [DEBUG] 🤖 [MS3-PKG] [DEBUG] 🤖 [MS3-PKG] [DEBUG] 🤖 [MS3-PKG] [DEBUG] 🤖 [MS3-PKG] [DEBUG] 🤖 [MS3-PKG] [DEBUG] 🤖 [MS3-PKG] [DEBUG] 🤖 [MS3-PKG] [DEBUG] 🤖 [MS3-PKG] [DEBUG] 🤖 [MS3-PKG] [DEBUG] 🤖 [MS3-PKG] [DEBUG] 🤖 [MS3-PKG] [DEBUG] 🔍 [getRequirements] Starting analysis for bulk-test-52
🤖 [MS3-PKG] [DEBUG] 🤖 [MS3-PKG] [DEBUG] 🤖 [MS3-PKG] [DEBUG] 🤖 [MS3-PKG] [DEBUG] 🤖 [MS3-PKG] [DEBUG] 🤖 [MS3-PKG] [DEBUG] 🤖 [MS3-PKG] [DEBUG] 🤖 [MS3-PKG] [DEBUG] 🤖 [MS3-PKG] [DEBUG] 🤖 [MS3-PKG] [DEBUG] 🤖 [MS3-PKG] [DEBUG] 🤖 [MS3-PKG] [DEBUG] 🤖 [MS3-PKG] [DEBUG] 🤖 [MS3-PKG] [DEBUG] 🔬 [analyzeJoiSchema] Analyzing schema at path: options
🤖 [MS3-PKG] [DEBUG] 🤖 [MS3-PKG] [DEBUG] 🤖 [MS3-PKG] [DEBUG] 🤖 [MS3-PKG] [DEBUG] 🤖 [MS3-PKG] [DEBUG] 🤖 [MS3-PKG] [DEBUG] 🤖 [MS3-PKG] [DEBUG] 🤖 [MS3-PKG] [DEBUG] 🤖 [MS3-PKG] [DEBUG] 🤖 [MS3-PKG] [DEBUG] 🤖 [MS3-PKG] [DEBUG] 🤖 [MS3-PKG] [DEBUG] 🤖 [MS3-PKG] [DEBUG] 🤖 [MS3-PKG] [DEBUG] 📋 [analyzeJoiSchema] Schema description type: object
🤖 [MS3-PKG] [DEBUG] 🤖 [MS3-PKG] [DEBUG] 🤖 [MS3-PKG] [DEBUG] 🤖 [MS3-PKG] [DEBUG] 🤖 [MS3-PKG] [DEBUG] 🤖 [MS3-PKG] [DEBUG] 🤖 [MS3-PKG] [DEBUG] 🤖 [MS3-PKG] [DEBUG] 🤖 [MS3-PKG] [DEBUG] 🤖 [MS3-PKG] [DEBUG] 🤖 [MS3-PKG] [DEBUG] 🤖 [MS3-PKG] [DEBUG] 🤖 [MS3-PKG] [DEBUG] 🤖 [MS3-PKG] [DEBUG] 📋 [analyzeJoiSchema] Schema keys: [ [32m&apos;web3authConfig&apos;[39m, [32m&apos;multiChainRpcs&apos;[39m ]
🤖 [MS3-PKG] [DEBUG] 🤖 [MS3-PKG] [DEBUG] 🤖 [MS3-PKG] [DEBUG] 🤖 [MS3-PKG] [DEBUG] 🤖 [MS3-PKG] [DEBUG] 🤖 [MS3-PKG] [DEBUG] 🤖 [MS3-PKG] [DEBUG] 🤖 [MS3-PKG] [DEBUG] 🤖 [MS3-PKG] [DEBUG] 🤖 [MS3-PKG] [DEBUG] 🤖 [MS3-PKG] [DEBUG] 🤖 [MS3-PKG] [DEBUG] 🤖 [MS3-PKG] [DEBUG] 🤖 [MS3-PKG] [DEBUG] ✅ [analyzeJoiSchema] Processing object schema with 2 keys
🤖 [MS3-PKG] [DEBUG] 🤖 [MS3-PKG] [DEBUG] 🤖 [MS3-PKG] [DEBUG] 🤖 [MS3-PKG] [DEBUG] 🤖 [MS3-PKG] [DEBUG] 🤖 [MS3-PKG] [DEBUG] 🤖 [MS3-PKG] [DEBUG] 🤖 [MS3-PKG] [DEBUG] 🤖 [MS3-PKG] [DEBUG] 🤖 [MS3-PKG] [DEBUG] 🤖 [MS3-PKG] [DEBUG] 🤖 [MS3-PKG] [DEBUG] 🤖 [MS3-PKG] [DEBUG] 🤖 [MS3-PKG] [DEBUG] 🔑 [analyzeJoiSchema] Processing field: web3authConfig
🤖 [MS3-PKG] [DEBUG] 🤖 [MS3-PKG] [DEBUG] 🤖 [MS3-PKG] [DEBUG] 🤖 [MS3-PKG] [DEBUG] 🤖 [MS3-PKG] [DEBUG] 🤖 [MS3-PKG] [DEBUG] 🤖 [MS3-PKG] [DEBUG] 🤖 [MS3-PKG] [DEBUG] 🤖 [MS3-PKG] [DEBUG] 🤖 [MS3-PKG] [DEBUG] 🤖 [MS3-PKG] [DEBUG] 🤖 [MS3-PKG] [DEBUG] 🤖 [MS3-PKG] [DEBUG] 🤖 [MS3-PKG] [DEBUG] 📝 [analyzeJoiSchema] Field description: {
  type: [32m&apos;object&apos;[39m,
  flags: {
    presence: [32m&apos;required&apos;[39m,
    description: [32m&apos;Web3Auth configuration object&apos;[39m
  },
  keys: {
    clientId: { type: [32m&apos;string&apos;[39m, flags: [36m[Object][39m },
    web3AuthNetwork: { type: [32m&apos;string&apos;[39m, flags: [36m[Object][39m, allow: [36m[Array][39m },
    chainConfig: { type: [32m&apos;object&apos;[39m, flags: [36m[Object][39m, keys: [36m[Object][39m },
    loginConfig: { type: [32m&apos;object&apos;[39m, flags: [36m[Object][39m },
    privateKeyProvider: { type: [32m&apos;any&apos;[39m, flags: [36m[Object][39m }
  }
}
🤖 [MS3-PKG] [DEBUG] 🤖 [MS3-PKG] [DEBUG] 🤖 [MS3-PKG] [DEBUG] 🤖 [MS3-PKG] [DEBUG] 🤖 [MS3-PKG] [DEBUG] 🤖 [MS3-PKG] [DEBUG] 🤖 [MS3-PKG] [DEBUG] 🤖 [MS3-PKG] [DEBUG] 🤖 [MS3-PKG] [DEBUG] 🤖 [MS3-PKG] [DEBUG] 🤖 [MS3-PKG] [DEBUG] 🤖 [MS3-PKG] [DEBUG] 🤖 [MS3-PKG] [DEBUG] 🤖 [MS3-PKG] [DEBUG] 📊 [analyzeJoiSchema] Field web3authConfig: type=object, required=true, message=&quot;Web3Auth configuration object&quot;
🤖 [MS3-PKG] [DEBUG] 🤖 [MS3-PKG] [DEBUG] 🤖 [MS3-PKG] [DEBUG] 🤖 [MS3-PKG] [DEBUG] 🤖 [MS3-PKG] [DEBUG] 🤖 [MS3-PKG] [DEBUG] 🤖 [MS3-PKG] [DEBUG] 🤖 [MS3-PKG] [DEBUG] 🤖 [MS3-PKG] [DEBUG] 🤖 [MS3-PKG] [DEBUG] 🤖 [MS3-PKG] [DEBUG] 🤖 [MS3-PKG] [DEBUG] 🤖 [MS3-PKG] [DEBUG] 🤖 [MS3-PKG] [DEBUG] 🔄 [analyzeJoiSchema] Recursing into nested object: web3authConfig
🤖 [MS3-PKG] [DEBUG] 🤖 [MS3-PKG] [DEBUG] 🤖 [MS3-PKG] [DEBUG] 🤖 [MS3-PKG] [DEBUG] 🤖 [MS3-PKG] [DEBUG] 🤖 [MS3-PKG] [DEBUG] 🤖 [MS3-PKG] [DEBUG] 🤖 [MS3-PKG] [DEBUG] 🤖 [MS3-PKG] [DEBUG] 🤖 [MS3-PKG] [DEBUG] 🤖 [MS3-PKG] [DEBUG] 🤖 [MS3-PKG] [DEBUG] 🤖 [MS3-PKG] [DEBUG] 🤖 [MS3-PKG] [DEBUG] 🔑 [analyzeJoiSchema] Processing field: multiChainRpcs
🤖 [MS3-PKG] [DEBUG] 🤖 [MS3-PKG] [DEBUG] 🤖 [MS3-PKG] [DEBUG] 🤖 [MS3-PKG] [DEBUG] 🤖 [MS3-PKG] [DEBUG] 🤖 [MS3-PKG] [DEBUG] 🤖 [MS3-PKG] [DEBUG] 🤖 [MS3-PKG] [DEBUG] 🤖 [MS3-PKG] [DEBUG] 🤖 [MS3-PKG] [DEBUG] 🤖 [MS3-PKG] [DEBUG] 🤖 [MS3-PKG] [DEBUG] 🤖 [MS3-PKG] [DEBUG] 🤖 [MS3-PKG] [DEBUG] 📝 [analyzeJoiSchema] Field description: {
  type: [32m&apos;object&apos;[39m,
  flags: {
    presence: [32m&apos;optional&apos;[39m,
    description: [32m&apos;Multi-chain RPC configuration - maps chain IDs to RPC URL arrays&apos;[39m
  },
  patterns: [ { schema: [36m[Object][39m, rule: [36m[Object][39m } ]
}
🤖 [MS3-PKG] [DEBUG] 🤖 [MS3-PKG] [DEBUG] 🤖 [MS3-PKG] [DEBUG] 🤖 [MS3-PKG] [DEBUG] 🤖 [MS3-PKG] [DEBUG] 🤖 [MS3-PKG] [DEBUG] 🤖 [MS3-PKG] [DEBUG] 🤖 [MS3-PKG] [DEBUG] 🤖 [MS3-PKG] [DEBUG] 🤖 [MS3-PKG] [DEBUG] 🤖 [MS3-PKG] [DEBUG] 🤖 [MS3-PKG] [DEBUG] 🤖 [MS3-PKG] [DEBUG] 🤖 [MS3-PKG] [DEBUG] 📊 [analyzeJoiSchema] Field multiChainRpcs: type=object, required=false, message=&quot;Multi-chain RPC configuration - maps chain IDs to RPC URL arrays&quot;
🤖 [MS3-PKG] [INFO] 🤖 [MS3-PKG] [INFO] 🤖 [MS3-PKG] [INFO] 🤖 [MS3-PKG] [INFO] 🤖 [MS3-PKG] [INFO] 🤖 [MS3-PKG] [INFO] 🤖 [MS3-PKG] [INFO] 🤖 [MS3-PKG] [INFO] 🤖 [MS3-PKG] [INFO] 🤖 [MS3-PKG] [INFO] 🤖 [MS3-PKG] [INFO] 🤖 [MS3-PKG] [INFO] 🤖 [MS3-PKG] [INFO] 🤖 [MS3-PKG] [INFO] 📊 [analyzeJoiSchema] Generated 14 requirements for options
🤖 [MS3-PKG] [DEBUG] 🤖 [MS3-PKG] [DEBUG] 🤖 [MS3-PKG] [DEBUG] 🤖 [MS3-PKG] [DEBUG] 🤖 [MS3-PKG] [DEBUG] 🤖 [MS3-PKG] [DEBUG] 🤖 [MS3-PKG] [DEBUG] 🤖 [MS3-PKG] [DEBUG] 🤖 [MS3-PKG] [DEBUG] 🤖 [MS3-PKG] [DEBUG] 🤖 [MS3-PKG] [DEBUG] 🤖 [MS3-PKG] [DEBUG] 🤖 [MS3-PKG] [DEBUG] 🤖 [MS3-PKG] [DEBUG] 🔍 [getRequirements] Starting analysis for bulk-test-53
🤖 [MS3-PKG] [DEBUG] 🤖 [MS3-PKG] [DEBUG] 🤖 [MS3-PKG] [DEBUG] 🤖 [MS3-PKG] [DEBUG] 🤖 [MS3-PKG] [DEBUG] 🤖 [MS3-PKG] [DEBUG] 🤖 [MS3-PKG] [DEBUG] 🤖 [MS3-PKG] [DEBUG] 🤖 [MS3-PKG] [DEBUG] 🤖 [MS3-PKG] [DEBUG] 🤖 [MS3-PKG] [DEBUG] 🤖 [MS3-PKG] [DEBUG] 🤖 [MS3-PKG] [DEBUG] 🤖 [MS3-PKG] [DEBUG] 🔬 [analyzeJoiSchema] Analyzing schema at path: options
🤖 [MS3-PKG] [DEBUG] 🤖 [MS3-PKG] [DEBUG] 🤖 [MS3-PKG] [DEBUG] 🤖 [MS3-PKG] [DEBUG] 🤖 [MS3-PKG] [DEBUG] 🤖 [MS3-PKG] [DEBUG] 🤖 [MS3-PKG] [DEBUG] 🤖 [MS3-PKG] [DEBUG] 🤖 [MS3-PKG] [DEBUG] 🤖 [MS3-PKG] [DEBUG] 🤖 [MS3-PKG] [DEBUG] 🤖 [MS3-PKG] [DEBUG] 🤖 [MS3-PKG] [DEBUG] 🤖 [MS3-PKG] [DEBUG] 📋 [analyzeJoiSchema] Schema description type: object
🤖 [MS3-PKG] [DEBUG] 🤖 [MS3-PKG] [DEBUG] 🤖 [MS3-PKG] [DEBUG] 🤖 [MS3-PKG] [DEBUG] 🤖 [MS3-PKG] [DEBUG] 🤖 [MS3-PKG] [DEBUG] 🤖 [MS3-PKG] [DEBUG] 🤖 [MS3-PKG] [DEBUG] 🤖 [MS3-PKG] [DEBUG] 🤖 [MS3-PKG] [DEBUG] 🤖 [MS3-PKG] [DEBUG] 🤖 [MS3-PKG] [DEBUG] 🤖 [MS3-PKG] [DEBUG] 🤖 [MS3-PKG] [DEBUG] 📋 [analyzeJoiSchema] Schema keys: [ [32m&apos;privateKey&apos;[39m, [32m&apos;provider&apos;[39m, [32m&apos;multiChainRpcs&apos;[39m ]
🤖 [MS3-PKG] [DEBUG] 🤖 [MS3-PKG] [DEBUG] 🤖 [MS3-PKG] [DEBUG] 🤖 [MS3-PKG] [DEBUG] 🤖 [MS3-PKG] [DEBUG] 🤖 [MS3-PKG] [DEBUG] 🤖 [MS3-PKG] [DEBUG] 🤖 [MS3-PKG] [DEBUG] 🤖 [MS3-PKG] [DEBUG] 🤖 [MS3-PKG] [DEBUG] 🤖 [MS3-PKG] [DEBUG] 🤖 [MS3-PKG] [DEBUG] 🤖 [MS3-PKG] [DEBUG] 🤖 [MS3-PKG] [DEBUG] ✅ [analyzeJoiSchema] Processing object schema with 3 keys
🤖 [MS3-PKG] [DEBUG] 🤖 [MS3-PKG] [DEBUG] 🤖 [MS3-PKG] [DEBUG] 🤖 [MS3-PKG] [DEBUG] 🤖 [MS3-PKG] [DEBUG] 🤖 [MS3-PKG] [DEBUG] 🤖 [MS3-PKG] [DEBUG] 🤖 [MS3-PKG] [DEBUG] 🤖 [MS3-PKG] [DEBUG] 🤖 [MS3-PKG] [DEBUG] 🤖 [MS3-PKG] [DEBUG] 🤖 [MS3-PKG] [DEBUG] 🤖 [MS3-PKG] [DEBUG] 🤖 [MS3-PKG] [DEBUG] 🔑 [analyzeJoiSchema] Processing field: privateKey
🤖 [MS3-PKG] [DEBUG] 🤖 [MS3-PKG] [DEBUG] 🤖 [MS3-PKG] [DEBUG] 🤖 [MS3-PKG] [DEBUG] 🤖 [MS3-PKG] [DEBUG] 🤖 [MS3-PKG] [DEBUG] 🤖 [MS3-PKG] [DEBUG] 🤖 [MS3-PKG] [DEBUG] 🤖 [MS3-PKG] [DEBUG] 🤖 [MS3-PKG] [DEBUG] 🤖 [MS3-PKG] [DEBUG] 🤖 [MS3-PKG] [DEBUG] 🤖 [MS3-PKG] [DEBUG] 🤖 [MS3-PKG] [DEBUG] 📝 [analyzeJoiSchema] Field description: {
  type: [32m&apos;string&apos;[39m,
  flags: {
    presence: [32m&apos;required&apos;[39m,
    description: [32m&apos;Private key for wallet (generates random if not provided)&apos;[39m
  },
  rules: [ { name: [32m&apos;pattern&apos;[39m, args: [36m[Object][39m } ]
}
🤖 [MS3-PKG] [DEBUG] 🤖 [MS3-PKG] [DEBUG] 🤖 [MS3-PKG] [DEBUG] 🤖 [MS3-PKG] [DEBUG] 🤖 [MS3-PKG] [DEBUG] 🤖 [MS3-PKG] [DEBUG] 🤖 [MS3-PKG] [DEBUG] 🤖 [MS3-PKG] [DEBUG] 🤖 [MS3-PKG] [DEBUG] 🤖 [MS3-PKG] [DEBUG] 🤖 [MS3-PKG] [DEBUG] 🤖 [MS3-PKG] [DEBUG] 🤖 [MS3-PKG] [DEBUG] 🤖 [MS3-PKG] [DEBUG] 📊 [analyzeJoiSchema] Field privateKey: type=string, required=true, message=&quot;Private key for wallet (generates random if not provided)&quot;
🤖 [MS3-PKG] [DEBUG] 🤖 [MS3-PKG] [DEBUG] 🤖 [MS3-PKG] [DEBUG] 🤖 [MS3-PKG] [DEBUG] 🤖 [MS3-PKG] [DEBUG] 🤖 [MS3-PKG] [DEBUG] 🤖 [MS3-PKG] [DEBUG] 🤖 [MS3-PKG] [DEBUG] 🤖 [MS3-PKG] [DEBUG] 🤖 [MS3-PKG] [DEBUG] 🤖 [MS3-PKG] [DEBUG] 🤖 [MS3-PKG] [DEBUG] 🤖 [MS3-PKG] [DEBUG] 🤖 [MS3-PKG] [DEBUG] 🔑 [analyzeJoiSchema] Processing field: provider
🤖 [MS3-PKG] [DEBUG] 🤖 [MS3-PKG] [DEBUG] 🤖 [MS3-PKG] [DEBUG] 🤖 [MS3-PKG] [DEBUG] 🤖 [MS3-PKG] [DEBUG] 🤖 [MS3-PKG] [DEBUG] 🤖 [MS3-PKG] [DEBUG] 🤖 [MS3-PKG] [DEBUG] 🤖 [MS3-PKG] [DEBUG] 🤖 [MS3-PKG] [DEBUG] 🤖 [MS3-PKG] [DEBUG] 🤖 [MS3-PKG] [DEBUG] 🤖 [MS3-PKG] [DEBUG] 🤖 [MS3-PKG] [DEBUG] 📝 [analyzeJoiSchema] Field description: {
  type: [32m&apos;object&apos;[39m,
  flags: {
    presence: [32m&apos;optional&apos;[39m,
    description: [32m&apos;Optional provider configuration&apos;[39m
  },
  keys: {
    name: { type: [32m&apos;string&apos;[39m, flags: [36m[Object][39m },
    chainId: { type: [32m&apos;string&apos;[39m, flags: [36m[Object][39m, rules: [36m[Array][39m },
    rpcUrls: { type: [32m&apos;array&apos;[39m, flags: [36m[Object][39m, rules: [36m[Array][39m, items: [36m[Array][39m },
    displayName: { type: [32m&apos;string&apos;[39m, flags: [36m[Object][39m }
  }
}
🤖 [MS3-PKG] [DEBUG] 🤖 [MS3-PKG] [DEBUG] 🤖 [MS3-PKG] [DEBUG] 🤖 [MS3-PKG] [DEBUG] 🤖 [MS3-PKG] [DEBUG] 🤖 [MS3-PKG] [DEBUG] 🤖 [MS3-PKG] [DEBUG] 🤖 [MS3-PKG] [DEBUG] 🤖 [MS3-PKG] [DEBUG] 🤖 [MS3-PKG] [DEBUG] 🤖 [MS3-PKG] [DEBUG] 🤖 [MS3-PKG] [DEBUG] 🤖 [MS3-PKG] [DEBUG] 🤖 [MS3-PKG] [DEBUG] 📊 [analyzeJoiSchema] Field provider: type=object, required=false, message=&quot;Optional provider configuration&quot;
🤖 [MS3-PKG] [DEBUG] 🤖 [MS3-PKG] [DEBUG] 🤖 [MS3-PKG] [DEBUG] 🤖 [MS3-PKG] [DEBUG] 🤖 [MS3-PKG] [DEBUG] 🤖 [MS3-PKG] [DEBUG] 🤖 [MS3-PKG] [DEBUG] 🤖 [MS3-PKG] [DEBUG] 🤖 [MS3-PKG] [DEBUG] 🤖 [MS3-PKG] [DEBUG] 🤖 [MS3-PKG] [DEBUG] 🤖 [MS3-PKG] [DEBUG] 🤖 [MS3-PKG] [DEBUG] 🤖 [MS3-PKG] [DEBUG] 🔄 [analyzeJoiSchema] Recursing into nested object: provider
🤖 [MS3-PKG] [DEBUG] 🤖 [MS3-PKG] [DEBUG] 🤖 [MS3-PKG] [DEBUG] 🤖 [MS3-PKG] [DEBUG] 🤖 [MS3-PKG] [DEBUG] 🤖 [MS3-PKG] [DEBUG] 🤖 [MS3-PKG] [DEBUG] 🤖 [MS3-PKG] [DEBUG] 🤖 [MS3-PKG] [DEBUG] 🤖 [MS3-PKG] [DEBUG] 🤖 [MS3-PKG] [DEBUG] 🤖 [MS3-PKG] [DEBUG] 🤖 [MS3-PKG] [DEBUG] 🤖 [MS3-PKG] [DEBUG] 🔑 [analyzeJoiSchema] Processing field: multiChainRpcs
🤖 [MS3-PKG] [DEBUG] 🤖 [MS3-PKG] [DEBUG] 🤖 [MS3-PKG] [DEBUG] 🤖 [MS3-PKG] [DEBUG] 🤖 [MS3-PKG] [DEBUG] 🤖 [MS3-PKG] [DEBUG] 🤖 [MS3-PKG] [DEBUG] 🤖 [MS3-PKG] [DEBUG] 🤖 [MS3-PKG] [DEBUG] 🤖 [MS3-PKG] [DEBUG] 🤖 [MS3-PKG] [DEBUG] 🤖 [MS3-PKG] [DEBUG] 🤖 [MS3-PKG] [DEBUG] 🤖 [MS3-PKG] [DEBUG] 📝 [analyzeJoiSchema] Field description: {
  type: [32m&apos;object&apos;[39m,
  flags: {
    presence: [32m&apos;optional&apos;[39m,
    description: [32m&apos;Multi-chain RPC configuration - maps chain IDs to RPC URL arrays&apos;[39m
  },
  patterns: [ { schema: [36m[Object][39m, rule: [36m[Object][39m } ]
}
🤖 [MS3-PKG] [DEBUG] 🤖 [MS3-PKG] [DEBUG] 🤖 [MS3-PKG] [DEBUG] 🤖 [MS3-PKG] [DEBUG] 🤖 [MS3-PKG] [DEBUG] 🤖 [MS3-PKG] [DEBUG] 🤖 [MS3-PKG] [DEBUG] 🤖 [MS3-PKG] [DEBUG] 🤖 [MS3-PKG] [DEBUG] 🤖 [MS3-PKG] [DEBUG] 🤖 [MS3-PKG] [DEBUG] 🤖 [MS3-PKG] [DEBUG] 🤖 [MS3-PKG] [DEBUG] 🤖 [MS3-PKG] [DEBUG] 📊 [analyzeJoiSchema] Field multiChainRpcs: type=object, required=false, message=&quot;Multi-chain RPC configuration - maps chain IDs to RPC URL arrays&quot;
🤖 [MS3-PKG] [INFO] 🤖 [MS3-PKG] [INFO] 🤖 [MS3-PKG] [INFO] 🤖 [MS3-PKG] [INFO] 🤖 [MS3-PKG] [INFO] 🤖 [MS3-PKG] [INFO] 🤖 [MS3-PKG] [INFO] 🤖 [MS3-PKG] [INFO] 🤖 [MS3-PKG] [INFO] 🤖 [MS3-PKG] [INFO] 🤖 [MS3-PKG] [INFO] 🤖 [MS3-PKG] [INFO] 🤖 [MS3-PKG] [INFO] 🤖 [MS3-PKG] [INFO] 📊 [analyzeJoiSchema] Generated 7 requirements for options
🤖 [MS3-PKG] [DEBUG] 🤖 [MS3-PKG] [DEBUG] 🤖 [MS3-PKG] [DEBUG] 🤖 [MS3-PKG] [DEBUG] 🤖 [MS3-PKG] [DEBUG] 🤖 [MS3-PKG] [DEBUG] 🤖 [MS3-PKG] [DEBUG] 🤖 [MS3-PKG] [DEBUG] 🤖 [MS3-PKG] [DEBUG] 🤖 [MS3-PKG] [DEBUG] 🤖 [MS3-PKG] [DEBUG] 🤖 [MS3-PKG] [DEBUG] 🤖 [MS3-PKG] [DEBUG] 🤖 [MS3-PKG] [DEBUG] 🔍 [getRequirements] Starting analysis for bulk-test-53
🤖 [MS3-PKG] [DEBUG] 🤖 [MS3-PKG] [DEBUG] 🤖 [MS3-PKG] [DEBUG] 🤖 [MS3-PKG] [DEBUG] 🤖 [MS3-PKG] [DEBUG] 🤖 [MS3-PKG] [DEBUG] 🤖 [MS3-PKG] [DEBUG] 🤖 [MS3-PKG] [DEBUG] 🤖 [MS3-PKG] [DEBUG] 🤖 [MS3-PKG] [DEBUG] 🤖 [MS3-PKG] [DEBUG] 🤖 [MS3-PKG] [DEBUG] 🤖 [MS3-PKG] [DEBUG] 🤖 [MS3-PKG] [DEBUG] 🔬 [analyzeJoiSchema] Analyzing schema at path: options
🤖 [MS3-PKG] [DEBUG] 🤖 [MS3-PKG] [DEBUG] 🤖 [MS3-PKG] [DEBUG] 🤖 [MS3-PKG] [DEBUG] 🤖 [MS3-PKG] [DEBUG] 🤖 [MS3-PKG] [DEBUG] 🤖 [MS3-PKG] [DEBUG] 🤖 [MS3-PKG] [DEBUG] 🤖 [MS3-PKG] [DEBUG] 🤖 [MS3-PKG] [DEBUG] 🤖 [MS3-PKG] [DEBUG] 🤖 [MS3-PKG] [DEBUG] 🤖 [MS3-PKG] [DEBUG] 🤖 [MS3-PKG] [DEBUG] 📋 [analyzeJoiSchema] Schema description type: object
🤖 [MS3-PKG] [DEBUG] 🤖 [MS3-PKG] [DEBUG] 🤖 [MS3-PKG] [DEBUG] 🤖 [MS3-PKG] [DEBUG] 🤖 [MS3-PKG] [DEBUG] 🤖 [MS3-PKG] [DEBUG] 🤖 [MS3-PKG] [DEBUG] 🤖 [MS3-PKG] [DEBUG] 🤖 [MS3-PKG] [DEBUG] 🤖 [MS3-PKG] [DEBUG] 🤖 [MS3-PKG] [DEBUG] 🤖 [MS3-PKG] [DEBUG] 🤖 [MS3-PKG] [DEBUG] 🤖 [MS3-PKG] [DEBUG] 📋 [analyzeJoiSchema] Schema keys: [ [32m&apos;web3authConfig&apos;[39m, [32m&apos;multiChainRpcs&apos;[39m ]
🤖 [MS3-PKG] [DEBUG] 🤖 [MS3-PKG] [DEBUG] 🤖 [MS3-PKG] [DEBUG] 🤖 [MS3-PKG] [DEBUG] 🤖 [MS3-PKG] [DEBUG] 🤖 [MS3-PKG] [DEBUG] 🤖 [MS3-PKG] [DEBUG] 🤖 [MS3-PKG] [DEBUG] 🤖 [MS3-PKG] [DEBUG] 🤖 [MS3-PKG] [DEBUG] 🤖 [MS3-PKG] [DEBUG] 🤖 [MS3-PKG] [DEBUG] 🤖 [MS3-PKG] [DEBUG] 🤖 [MS3-PKG] [DEBUG] ✅ [analyzeJoiSchema] Processing object schema with 2 keys
🤖 [MS3-PKG] [DEBUG] 🤖 [MS3-PKG] [DEBUG] 🤖 [MS3-PKG] [DEBUG] 🤖 [MS3-PKG] [DEBUG] 🤖 [MS3-PKG] [DEBUG] 🤖 [MS3-PKG] [DEBUG] 🤖 [MS3-PKG] [DEBUG] 🤖 [MS3-PKG] [DEBUG] 🤖 [MS3-PKG] [DEBUG] 🤖 [MS3-PKG] [DEBUG] 🤖 [MS3-PKG] [DEBUG] 🤖 [MS3-PKG] [DEBUG] 🤖 [MS3-PKG] [DEBUG] 🤖 [MS3-PKG] [DEBUG] 🔑 [analyzeJoiSchema] Processing field: web3authConfig
🤖 [MS3-PKG] [DEBUG] 🤖 [MS3-PKG] [DEBUG] 🤖 [MS3-PKG] [DEBUG] 🤖 [MS3-PKG] [DEBUG] 🤖 [MS3-PKG] [DEBUG] 🤖 [MS3-PKG] [DEBUG] 🤖 [MS3-PKG] [DEBUG] 🤖 [MS3-PKG] [DEBUG] 🤖 [MS3-PKG] [DEBUG] 🤖 [MS3-PKG] [DEBUG] 🤖 [MS3-PKG] [DEBUG] 🤖 [MS3-PKG] [DEBUG] 🤖 [MS3-PKG] [DEBUG] 🤖 [MS3-PKG] [DEBUG] 📝 [analyzeJoiSchema] Field description: {
  type: [32m&apos;object&apos;[39m,
  flags: {
    presence: [32m&apos;required&apos;[39m,
    description: [32m&apos;Web3Auth configuration object&apos;[39m
  },
  keys: {
    clientId: { type: [32m&apos;string&apos;[39m, flags: [36m[Object][39m },
    web3AuthNetwork: { type: [32m&apos;string&apos;[39m, flags: [36m[Object][39m, allow: [36m[Array][39m },
    chainConfig: { type: [32m&apos;object&apos;[39m, flags: [36m[Object][39m, keys: [36m[Object][39m },
    loginConfig: { type: [32m&apos;object&apos;[39m, flags: [36m[Object][39m },
    privateKeyProvider: { type: [32m&apos;any&apos;[39m, flags: [36m[Object][39m }
  }
}
🤖 [MS3-PKG] [DEBUG] 🤖 [MS3-PKG] [DEBUG] 🤖 [MS3-PKG] [DEBUG] 🤖 [MS3-PKG] [DEBUG] 🤖 [MS3-PKG] [DEBUG] 🤖 [MS3-PKG] [DEBUG] 🤖 [MS3-PKG] [DEBUG] 🤖 [MS3-PKG] [DEBUG] 🤖 [MS3-PKG] [DEBUG] 🤖 [MS3-PKG] [DEBUG] 🤖 [MS3-PKG] [DEBUG] 🤖 [MS3-PKG] [DEBUG] 🤖 [MS3-PKG] [DEBUG] 🤖 [MS3-PKG] [DEBUG] 📊 [analyzeJoiSchema] Field web3authConfig: type=object, required=true, message=&quot;Web3Auth configuration object&quot;
🤖 [MS3-PKG] [DEBUG] 🤖 [MS3-PKG] [DEBUG] 🤖 [MS3-PKG] [DEBUG] 🤖 [MS3-PKG] [DEBUG] 🤖 [MS3-PKG] [DEBUG] 🤖 [MS3-PKG] [DEBUG] 🤖 [MS3-PKG] [DEBUG] 🤖 [MS3-PKG] [DEBUG] 🤖 [MS3-PKG] [DEBUG] 🤖 [MS3-PKG] [DEBUG] 🤖 [MS3-PKG] [DEBUG] 🤖 [MS3-PKG] [DEBUG] 🤖 [MS3-PKG] [DEBUG] 🤖 [MS3-PKG] [DEBUG] 🔄 [analyzeJoiSchema] Recursing into nested object: web3authConfig
🤖 [MS3-PKG] [DEBUG] 🤖 [MS3-PKG] [DEBUG] 🤖 [MS3-PKG] [DEBUG] 🤖 [MS3-PKG] [DEBUG] 🤖 [MS3-PKG] [DEBUG] 🤖 [MS3-PKG] [DEBUG] 🤖 [MS3-PKG] [DEBUG] 🤖 [MS3-PKG] [DEBUG] 🤖 [MS3-PKG] [DEBUG] 🤖 [MS3-PKG] [DEBUG] 🤖 [MS3-PKG] [DEBUG] 🤖 [MS3-PKG] [DEBUG] 🤖 [MS3-PKG] [DEBUG] 🤖 [MS3-PKG] [DEBUG] 🔑 [analyzeJoiSchema] Processing field: multiChainRpcs
🤖 [MS3-PKG] [DEBUG] 🤖 [MS3-PKG] [DEBUG] 🤖 [MS3-PKG] [DEBUG] 🤖 [MS3-PKG] [DEBUG] 🤖 [MS3-PKG] [DEBUG] 🤖 [MS3-PKG] [DEBUG] 🤖 [MS3-PKG] [DEBUG] 🤖 [MS3-PKG] [DEBUG] 🤖 [MS3-PKG] [DEBUG] 🤖 [MS3-PKG] [DEBUG] 🤖 [MS3-PKG] [DEBUG] 🤖 [MS3-PKG] [DEBUG] 🤖 [MS3-PKG] [DEBUG] 🤖 [MS3-PKG] [DEBUG] 📝 [analyzeJoiSchema] Field description: {
  type: [32m&apos;object&apos;[39m,
  flags: {
    presence: [32m&apos;optional&apos;[39m,
    description: [32m&apos;Multi-chain RPC configuration - maps chain IDs to RPC URL arrays&apos;[39m
  },
  patterns: [ { schema: [36m[Object][39m, rule: [36m[Object][39m } ]
}
🤖 [MS3-PKG] [DEBUG] 🤖 [MS3-PKG] [DEBUG] 🤖 [MS3-PKG] [DEBUG] 🤖 [MS3-PKG] [DEBUG] 🤖 [MS3-PKG] [DEBUG] 🤖 [MS3-PKG] [DEBUG] 🤖 [MS3-PKG] [DEBUG] 🤖 [MS3-PKG] [DEBUG] 🤖 [MS3-PKG] [DEBUG] 🤖 [MS3-PKG] [DEBUG] 🤖 [MS3-PKG] [DEBUG] 🤖 [MS3-PKG] [DEBUG] 🤖 [MS3-PKG] [DEBUG] 🤖 [MS3-PKG] [DEBUG] 📊 [analyzeJoiSchema] Field multiChainRpcs: type=object, required=false, message=&quot;Multi-chain RPC configuration - maps chain IDs to RPC URL arrays&quot;
🤖 [MS3-PKG] [INFO] 🤖 [MS3-PKG] [INFO] 🤖 [MS3-PKG] [INFO] 🤖 [MS3-PKG] [INFO] 🤖 [MS3-PKG] [INFO] 🤖 [MS3-PKG] [INFO] 🤖 [MS3-PKG] [INFO] 🤖 [MS3-PKG] [INFO] 🤖 [MS3-PKG] [INFO] 🤖 [MS3-PKG] [INFO] 🤖 [MS3-PKG] [INFO] 🤖 [MS3-PKG] [INFO] 🤖 [MS3-PKG] [INFO] 🤖 [MS3-PKG] [INFO] 📊 [analyzeJoiSchema] Generated 14 requirements for options
🤖 [MS3-PKG] [DEBUG] 🤖 [MS3-PKG] [DEBUG] 🤖 [MS3-PKG] [DEBUG] 🤖 [MS3-PKG] [DEBUG] 🤖 [MS3-PKG] [DEBUG] 🤖 [MS3-PKG] [DEBUG] 🤖 [MS3-PKG] [DEBUG] 🤖 [MS3-PKG] [DEBUG] 🤖 [MS3-PKG] [DEBUG] 🤖 [MS3-PKG] [DEBUG] 🤖 [MS3-PKG] [DEBUG] 🤖 [MS3-PKG] [DEBUG] 🤖 [MS3-PKG] [DEBUG] 🤖 [MS3-PKG] [DEBUG] 🔍 [getRequirements] Starting analysis for bulk-test-54
🤖 [MS3-PKG] [DEBUG] 🤖 [MS3-PKG] [DEBUG] 🤖 [MS3-PKG] [DEBUG] 🤖 [MS3-PKG] [DEBUG] 🤖 [MS3-PKG] [DEBUG] 🤖 [MS3-PKG] [DEBUG] 🤖 [MS3-PKG] [DEBUG] 🤖 [MS3-PKG] [DEBUG] 🤖 [MS3-PKG] [DEBUG] 🤖 [MS3-PKG] [DEBUG] 🤖 [MS3-PKG] [DEBUG] 🤖 [MS3-PKG] [DEBUG] 🤖 [MS3-PKG] [DEBUG] 🤖 [MS3-PKG] [DEBUG] 🔬 [analyzeJoiSchema] Analyzing schema at path: options
🤖 [MS3-PKG] [DEBUG] 🤖 [MS3-PKG] [DEBUG] 🤖 [MS3-PKG] [DEBUG] 🤖 [MS3-PKG] [DEBUG] 🤖 [MS3-PKG] [DEBUG] 🤖 [MS3-PKG] [DEBUG] 🤖 [MS3-PKG] [DEBUG] 🤖 [MS3-PKG] [DEBUG] 🤖 [MS3-PKG] [DEBUG] 🤖 [MS3-PKG] [DEBUG] 🤖 [MS3-PKG] [DEBUG] 🤖 [MS3-PKG] [DEBUG] 🤖 [MS3-PKG] [DEBUG] 🤖 [MS3-PKG] [DEBUG] 📋 [analyzeJoiSchema] Schema description type: object
🤖 [MS3-PKG] [DEBUG] 🤖 [MS3-PKG] [DEBUG] 🤖 [MS3-PKG] [DEBUG] 🤖 [MS3-PKG] [DEBUG] 🤖 [MS3-PKG] [DEBUG] 🤖 [MS3-PKG] [DEBUG] 🤖 [MS3-PKG] [DEBUG] 🤖 [MS3-PKG] [DEBUG] 🤖 [MS3-PKG] [DEBUG] 🤖 [MS3-PKG] [DEBUG] 🤖 [MS3-PKG] [DEBUG] 🤖 [MS3-PKG] [DEBUG] 🤖 [MS3-PKG] [DEBUG] 🤖 [MS3-PKG] [DEBUG] 📋 [analyzeJoiSchema] Schema keys: [ [32m&apos;privateKey&apos;[39m, [32m&apos;provider&apos;[39m, [32m&apos;multiChainRpcs&apos;[39m ]
🤖 [MS3-PKG] [DEBUG] 🤖 [MS3-PKG] [DEBUG] 🤖 [MS3-PKG] [DEBUG] 🤖 [MS3-PKG] [DEBUG] 🤖 [MS3-PKG] [DEBUG] 🤖 [MS3-PKG] [DEBUG] 🤖 [MS3-PKG] [DEBUG] 🤖 [MS3-PKG] [DEBUG] 🤖 [MS3-PKG] [DEBUG] 🤖 [MS3-PKG] [DEBUG] 🤖 [MS3-PKG] [DEBUG] 🤖 [MS3-PKG] [DEBUG] 🤖 [MS3-PKG] [DEBUG] 🤖 [MS3-PKG] [DEBUG] ✅ [analyzeJoiSchema] Processing object schema with 3 keys
🤖 [MS3-PKG] [DEBUG] 🤖 [MS3-PKG] [DEBUG] 🤖 [MS3-PKG] [DEBUG] 🤖 [MS3-PKG] [DEBUG] 🤖 [MS3-PKG] [DEBUG] 🤖 [MS3-PKG] [DEBUG] 🤖 [MS3-PKG] [DEBUG] 🤖 [MS3-PKG] [DEBUG] 🤖 [MS3-PKG] [DEBUG] 🤖 [MS3-PKG] [DEBUG] 🤖 [MS3-PKG] [DEBUG] 🤖 [MS3-PKG] [DEBUG] 🤖 [MS3-PKG] [DEBUG] 🤖 [MS3-PKG] [DEBUG] 🔑 [analyzeJoiSchema] Processing field: privateKey
🤖 [MS3-PKG] [DEBUG] 🤖 [MS3-PKG] [DEBUG] 🤖 [MS3-PKG] [DEBUG] 🤖 [MS3-PKG] [DEBUG] 🤖 [MS3-PKG] [DEBUG] 🤖 [MS3-PKG] [DEBUG] 🤖 [MS3-PKG] [DEBUG] 🤖 [MS3-PKG] [DEBUG] 🤖 [MS3-PKG] [DEBUG] 🤖 [MS3-PKG] [DEBUG] 🤖 [MS3-PKG] [DEBUG] 🤖 [MS3-PKG] [DEBUG] 🤖 [MS3-PKG] [DEBUG] 🤖 [MS3-PKG] [DEBUG] 📝 [analyzeJoiSchema] Field description: {
  type: [32m&apos;string&apos;[39m,
  flags: {
    presence: [32m&apos;required&apos;[39m,
    description: [32m&apos;Private key for wallet (generates random if not provided)&apos;[39m
  },
  rules: [ { name: [32m&apos;pattern&apos;[39m, args: [36m[Object][39m } ]
}
🤖 [MS3-PKG] [DEBUG] 🤖 [MS3-PKG] [DEBUG] 🤖 [MS3-PKG] [DEBUG] 🤖 [MS3-PKG] [DEBUG] 🤖 [MS3-PKG] [DEBUG] 🤖 [MS3-PKG] [DEBUG] 🤖 [MS3-PKG] [DEBUG] 🤖 [MS3-PKG] [DEBUG] 🤖 [MS3-PKG] [DEBUG] 🤖 [MS3-PKG] [DEBUG] 🤖 [MS3-PKG] [DEBUG] 🤖 [MS3-PKG] [DEBUG] 🤖 [MS3-PKG] [DEBUG] 🤖 [MS3-PKG] [DEBUG] 📊 [analyzeJoiSchema] Field privateKey: type=string, required=true, message=&quot;Private key for wallet (generates random if not provided)&quot;
🤖 [MS3-PKG] [DEBUG] 🤖 [MS3-PKG] [DEBUG] 🤖 [MS3-PKG] [DEBUG] 🤖 [MS3-PKG] [DEBUG] 🤖 [MS3-PKG] [DEBUG] 🤖 [MS3-PKG] [DEBUG] 🤖 [MS3-PKG] [DEBUG] 🤖 [MS3-PKG] [DEBUG] 🤖 [MS3-PKG] [DEBUG] 🤖 [MS3-PKG] [DEBUG] 🤖 [MS3-PKG] [DEBUG] 🤖 [MS3-PKG] [DEBUG] 🤖 [MS3-PKG] [DEBUG] 🤖 [MS3-PKG] [DEBUG] 🔑 [analyzeJoiSchema] Processing field: provider
🤖 [MS3-PKG] [DEBUG] 🤖 [MS3-PKG] [DEBUG] 🤖 [MS3-PKG] [DEBUG] 🤖 [MS3-PKG] [DEBUG] 🤖 [MS3-PKG] [DEBUG] 🤖 [MS3-PKG] [DEBUG] 🤖 [MS3-PKG] [DEBUG] 🤖 [MS3-PKG] [DEBUG] 🤖 [MS3-PKG] [DEBUG] 🤖 [MS3-PKG] [DEBUG] 🤖 [MS3-PKG] [DEBUG] 🤖 [MS3-PKG] [DEBUG] 🤖 [MS3-PKG] [DEBUG] 🤖 [MS3-PKG] [DEBUG] 📝 [analyzeJoiSchema] Field description: {
  type: [32m&apos;object&apos;[39m,
  flags: {
    presence: [32m&apos;optional&apos;[39m,
    description: [32m&apos;Optional provider configuration&apos;[39m
  },
  keys: {
    name: { type: [32m&apos;string&apos;[39m, flags: [36m[Object][39m },
    chainId: { type: [32m&apos;string&apos;[39m, flags: [36m[Object][39m, rules: [36m[Array][39m },
    rpcUrls: { type: [32m&apos;array&apos;[39m, flags: [36m[Object][39m, rules: [36m[Array][39m, items: [36m[Array][39m },
    displayName: { type: [32m&apos;string&apos;[39m, flags: [36m[Object][39m }
  }
}
🤖 [MS3-PKG] [DEBUG] 🤖 [MS3-PKG] [DEBUG] 🤖 [MS3-PKG] [DEBUG] 🤖 [MS3-PKG] [DEBUG] 🤖 [MS3-PKG] [DEBUG] 🤖 [MS3-PKG] [DEBUG] 🤖 [MS3-PKG] [DEBUG] 🤖 [MS3-PKG] [DEBUG] 🤖 [MS3-PKG] [DEBUG] 🤖 [MS3-PKG] [DEBUG] 🤖 [MS3-PKG] [DEBUG] 🤖 [MS3-PKG] [DEBUG] 🤖 [MS3-PKG] [DEBUG] 🤖 [MS3-PKG] [DEBUG] 📊 [analyzeJoiSchema] Field provider: type=object, required=false, message=&quot;Optional provider configuration&quot;
🤖 [MS3-PKG] [DEBUG] 🤖 [MS3-PKG] [DEBUG] 🤖 [MS3-PKG] [DEBUG] 🤖 [MS3-PKG] [DEBUG] 🤖 [MS3-PKG] [DEBUG] 🤖 [MS3-PKG] [DEBUG] 🤖 [MS3-PKG] [DEBUG] 🤖 [MS3-PKG] [DEBUG] 🤖 [MS3-PKG] [DEBUG] 🤖 [MS3-PKG] [DEBUG] 🤖 [MS3-PKG] [DEBUG] 🤖 [MS3-PKG] [DEBUG] 🤖 [MS3-PKG] [DEBUG] 🤖 [MS3-PKG] [DEBUG] 🔄 [analyzeJoiSchema] Recursing into nested object: provider
🤖 [MS3-PKG] [DEBUG] 🤖 [MS3-PKG] [DEBUG] 🤖 [MS3-PKG] [DEBUG] 🤖 [MS3-PKG] [DEBUG] 🤖 [MS3-PKG] [DEBUG] 🤖 [MS3-PKG] [DEBUG] 🤖 [MS3-PKG] [DEBUG] 🤖 [MS3-PKG] [DEBUG] 🤖 [MS3-PKG] [DEBUG] 🤖 [MS3-PKG] [DEBUG] 🤖 [MS3-PKG] [DEBUG] 🤖 [MS3-PKG] [DEBUG] 🤖 [MS3-PKG] [DEBUG] 🤖 [MS3-PKG] [DEBUG] 🔑 [analyzeJoiSchema] Processing field: multiChainRpcs
🤖 [MS3-PKG] [DEBUG] 🤖 [MS3-PKG] [DEBUG] 🤖 [MS3-PKG] [DEBUG] 🤖 [MS3-PKG] [DEBUG] 🤖 [MS3-PKG] [DEBUG] 🤖 [MS3-PKG] [DEBUG] 🤖 [MS3-PKG] [DEBUG] 🤖 [MS3-PKG] [DEBUG] 🤖 [MS3-PKG] [DEBUG] 🤖 [MS3-PKG] [DEBUG] 🤖 [MS3-PKG] [DEBUG] 🤖 [MS3-PKG] [DEBUG] 🤖 [MS3-PKG] [DEBUG] 🤖 [MS3-PKG] [DEBUG] 📝 [analyzeJoiSchema] Field description: {
  type: [32m&apos;object&apos;[39m,
  flags: {
    presence: [32m&apos;optional&apos;[39m,
    description: [32m&apos;Multi-chain RPC configuration - maps chain IDs to RPC URL arrays&apos;[39m
  },
  patterns: [ { schema: [36m[Object][39m, rule: [36m[Object][39m } ]
}
🤖 [MS3-PKG] [DEBUG] 🤖 [MS3-PKG] [DEBUG] 🤖 [MS3-PKG] [DEBUG] 🤖 [MS3-PKG] [DEBUG] 🤖 [MS3-PKG] [DEBUG] 🤖 [MS3-PKG] [DEBUG] 🤖 [MS3-PKG] [DEBUG] 🤖 [MS3-PKG] [DEBUG] 🤖 [MS3-PKG] [DEBUG] 🤖 [MS3-PKG] [DEBUG] 🤖 [MS3-PKG] [DEBUG] 🤖 [MS3-PKG] [DEBUG] 🤖 [MS3-PKG] [DEBUG] 🤖 [MS3-PKG] [DEBUG] 📊 [analyzeJoiSchema] Field multiChainRpcs: type=object, required=false, message=&quot;Multi-chain RPC configuration - maps chain IDs to RPC URL arrays&quot;
🤖 [MS3-PKG] [INFO] 🤖 [MS3-PKG] [INFO] 🤖 [MS3-PKG] [INFO] 🤖 [MS3-PKG] [INFO] 🤖 [MS3-PKG] [INFO] 🤖 [MS3-PKG] [INFO] 🤖 [MS3-PKG] [INFO] 🤖 [MS3-PKG] [INFO] 🤖 [MS3-PKG] [INFO] 🤖 [MS3-PKG] [INFO] 🤖 [MS3-PKG] [INFO] 🤖 [MS3-PKG] [INFO] 🤖 [MS3-PKG] [INFO] 🤖 [MS3-PKG] [INFO] 📊 [analyzeJoiSchema] Generated 7 requirements for options
🤖 [MS3-PKG] [DEBUG] 🤖 [MS3-PKG] [DEBUG] 🤖 [MS3-PKG] [DEBUG] 🤖 [MS3-PKG] [DEBUG] 🤖 [MS3-PKG] [DEBUG] 🤖 [MS3-PKG] [DEBUG] 🤖 [MS3-PKG] [DEBUG] 🤖 [MS3-PKG] [DEBUG] 🤖 [MS3-PKG] [DEBUG] 🤖 [MS3-PKG] [DEBUG] 🤖 [MS3-PKG] [DEBUG] 🤖 [MS3-PKG] [DEBUG] 🤖 [MS3-PKG] [DEBUG] 🤖 [MS3-PKG] [DEBUG] 🔍 [getRequirements] Starting analysis for bulk-test-54
🤖 [MS3-PKG] [DEBUG] 🤖 [MS3-PKG] [DEBUG] 🤖 [MS3-PKG] [DEBUG] 🤖 [MS3-PKG] [DEBUG] 🤖 [MS3-PKG] [DEBUG] 🤖 [MS3-PKG] [DEBUG] 🤖 [MS3-PKG] [DEBUG] 🤖 [MS3-PKG] [DEBUG] 🤖 [MS3-PKG] [DEBUG] 🤖 [MS3-PKG] [DEBUG] 🤖 [MS3-PKG] [DEBUG] 🤖 [MS3-PKG] [DEBUG] 🤖 [MS3-PKG] [DEBUG] 🤖 [MS3-PKG] [DEBUG] 🔬 [analyzeJoiSchema] Analyzing schema at path: options
🤖 [MS3-PKG] [DEBUG] 🤖 [MS3-PKG] [DEBUG] 🤖 [MS3-PKG] [DEBUG] 🤖 [MS3-PKG] [DEBUG] 🤖 [MS3-PKG] [DEBUG] 🤖 [MS3-PKG] [DEBUG] 🤖 [MS3-PKG] [DEBUG] 🤖 [MS3-PKG] [DEBUG] 🤖 [MS3-PKG] [DEBUG] 🤖 [MS3-PKG] [DEBUG] 🤖 [MS3-PKG] [DEBUG] 🤖 [MS3-PKG] [DEBUG] 🤖 [MS3-PKG] [DEBUG] 🤖 [MS3-PKG] [DEBUG] 📋 [analyzeJoiSchema] Schema description type: object
🤖 [MS3-PKG] [DEBUG] 🤖 [MS3-PKG] [DEBUG] 🤖 [MS3-PKG] [DEBUG] 🤖 [MS3-PKG] [DEBUG] 🤖 [MS3-PKG] [DEBUG] 🤖 [MS3-PKG] [DEBUG] 🤖 [MS3-PKG] [DEBUG] 🤖 [MS3-PKG] [DEBUG] 🤖 [MS3-PKG] [DEBUG] 🤖 [MS3-PKG] [DEBUG] 🤖 [MS3-PKG] [DEBUG] 🤖 [MS3-PKG] [DEBUG] 🤖 [MS3-PKG] [DEBUG] 🤖 [MS3-PKG] [DEBUG] 📋 [analyzeJoiSchema] Schema keys: [ [32m&apos;web3authConfig&apos;[39m, [32m&apos;multiChainRpcs&apos;[39m ]
🤖 [MS3-PKG] [DEBUG] 🤖 [MS3-PKG] [DEBUG] 🤖 [MS3-PKG] [DEBUG] 🤖 [MS3-PKG] [DEBUG] 🤖 [MS3-PKG] [DEBUG] 🤖 [MS3-PKG] [DEBUG] 🤖 [MS3-PKG] [DEBUG] 🤖 [MS3-PKG] [DEBUG] 🤖 [MS3-PKG] [DEBUG] 🤖 [MS3-PKG] [DEBUG] 🤖 [MS3-PKG] [DEBUG] 🤖 [MS3-PKG] [DEBUG] 🤖 [MS3-PKG] [DEBUG] 🤖 [MS3-PKG] [DEBUG] ✅ [analyzeJoiSchema] Processing object schema with 2 keys
🤖 [MS3-PKG] [DEBUG] 🤖 [MS3-PKG] [DEBUG] 🤖 [MS3-PKG] [DEBUG] 🤖 [MS3-PKG] [DEBUG] 🤖 [MS3-PKG] [DEBUG] 🤖 [MS3-PKG] [DEBUG] 🤖 [MS3-PKG] [DEBUG] 🤖 [MS3-PKG] [DEBUG] 🤖 [MS3-PKG] [DEBUG] 🤖 [MS3-PKG] [DEBUG] 🤖 [MS3-PKG] [DEBUG] 🤖 [MS3-PKG] [DEBUG] 🤖 [MS3-PKG] [DEBUG] 🤖 [MS3-PKG] [DEBUG] 🔑 [analyzeJoiSchema] Processing field: web3authConfig
🤖 [MS3-PKG] [DEBUG] 🤖 [MS3-PKG] [DEBUG] 🤖 [MS3-PKG] [DEBUG] 🤖 [MS3-PKG] [DEBUG] 🤖 [MS3-PKG] [DEBUG] 🤖 [MS3-PKG] [DEBUG] 🤖 [MS3-PKG] [DEBUG] 🤖 [MS3-PKG] [DEBUG] 🤖 [MS3-PKG] [DEBUG] 🤖 [MS3-PKG] [DEBUG] 🤖 [MS3-PKG] [DEBUG] 🤖 [MS3-PKG] [DEBUG] 🤖 [MS3-PKG] [DEBUG] 🤖 [MS3-PKG] [DEBUG] 📝 [analyzeJoiSchema] Field description: {
  type: [32m&apos;object&apos;[39m,
  flags: {
    presence: [32m&apos;required&apos;[39m,
    description: [32m&apos;Web3Auth configuration object&apos;[39m
  },
  keys: {
    clientId: { type: [32m&apos;string&apos;[39m, flags: [36m[Object][39m },
    web3AuthNetwork: { type: [32m&apos;string&apos;[39m, flags: [36m[Object][39m, allow: [36m[Array][39m },
    chainConfig: { type: [32m&apos;object&apos;[39m, flags: [36m[Object][39m, keys: [36m[Object][39m },
    loginConfig: { type: [32m&apos;object&apos;[39m, flags: [36m[Object][39m },
    privateKeyProvider: { type: [32m&apos;any&apos;[39m, flags: [36m[Object][39m }
  }
}
🤖 [MS3-PKG] [DEBUG] 🤖 [MS3-PKG] [DEBUG] 🤖 [MS3-PKG] [DEBUG] 🤖 [MS3-PKG] [DEBUG] 🤖 [MS3-PKG] [DEBUG] 🤖 [MS3-PKG] [DEBUG] 🤖 [MS3-PKG] [DEBUG] 🤖 [MS3-PKG] [DEBUG] 🤖 [MS3-PKG] [DEBUG] 🤖 [MS3-PKG] [DEBUG] 🤖 [MS3-PKG] [DEBUG] 🤖 [MS3-PKG] [DEBUG] 🤖 [MS3-PKG] [DEBUG] 🤖 [MS3-PKG] [DEBUG] 📊 [analyzeJoiSchema] Field web3authConfig: type=object, required=true, message=&quot;Web3Auth configuration object&quot;
🤖 [MS3-PKG] [DEBUG] 🤖 [MS3-PKG] [DEBUG] 🤖 [MS3-PKG] [DEBUG] 🤖 [MS3-PKG] [DEBUG] 🤖 [MS3-PKG] [DEBUG] 🤖 [MS3-PKG] [DEBUG] 🤖 [MS3-PKG] [DEBUG] 🤖 [MS3-PKG] [DEBUG] 🤖 [MS3-PKG] [DEBUG] 🤖 [MS3-PKG] [DEBUG] 🤖 [MS3-PKG] [DEBUG] 🤖 [MS3-PKG] [DEBUG] 🤖 [MS3-PKG] [DEBUG] 🤖 [MS3-PKG] [DEBUG] 🔄 [analyzeJoiSchema] Recursing into nested object: web3authConfig
🤖 [MS3-PKG] [DEBUG] 🤖 [MS3-PKG] [DEBUG] 🤖 [MS3-PKG] [DEBUG] 🤖 [MS3-PKG] [DEBUG] 🤖 [MS3-PKG] [DEBUG] 🤖 [MS3-PKG] [DEBUG] 🤖 [MS3-PKG] [DEBUG] 🤖 [MS3-PKG] [DEBUG] 🤖 [MS3-PKG] [DEBUG] 🤖 [MS3-PKG] [DEBUG] 🤖 [MS3-PKG] [DEBUG] 🤖 [MS3-PKG] [DEBUG] 🤖 [MS3-PKG] [DEBUG] 🤖 [MS3-PKG] [DEBUG] 🔑 [analyzeJoiSchema] Processing field: multiChainRpcs
🤖 [MS3-PKG] [DEBUG] 🤖 [MS3-PKG] [DEBUG] 🤖 [MS3-PKG] [DEBUG] 🤖 [MS3-PKG] [DEBUG] 🤖 [MS3-PKG] [DEBUG] 🤖 [MS3-PKG] [DEBUG] 🤖 [MS3-PKG] [DEBUG] 🤖 [MS3-PKG] [DEBUG] 🤖 [MS3-PKG] [DEBUG] 🤖 [MS3-PKG] [DEBUG] 🤖 [MS3-PKG] [DEBUG] 🤖 [MS3-PKG] [DEBUG] 🤖 [MS3-PKG] [DEBUG] 🤖 [MS3-PKG] [DEBUG] 📝 [analyzeJoiSchema] Field description: {
  type: [32m&apos;object&apos;[39m,
  flags: {
    presence: [32m&apos;optional&apos;[39m,
    description: [32m&apos;Multi-chain RPC configuration - maps chain IDs to RPC URL arrays&apos;[39m
  },
  patterns: [ { schema: [36m[Object][39m, rule: [36m[Object][39m } ]
}
🤖 [MS3-PKG] [DEBUG] 🤖 [MS3-PKG] [DEBUG] 🤖 [MS3-PKG] [DEBUG] 🤖 [MS3-PKG] [DEBUG] 🤖 [MS3-PKG] [DEBUG] 🤖 [MS3-PKG] [DEBUG] 🤖 [MS3-PKG] [DEBUG] 🤖 [MS3-PKG] [DEBUG] 🤖 [MS3-PKG] [DEBUG] 🤖 [MS3-PKG] [DEBUG] 🤖 [MS3-PKG] [DEBUG] 🤖 [MS3-PKG] [DEBUG] 🤖 [MS3-PKG] [DEBUG] 🤖 [MS3-PKG] [DEBUG] 📊 [analyzeJoiSchema] Field multiChainRpcs: type=object, required=false, message=&quot;Multi-chain RPC configuration - maps chain IDs to RPC URL arrays&quot;
🤖 [MS3-PKG] [INFO] 🤖 [MS3-PKG] [INFO] 🤖 [MS3-PKG] [INFO] 🤖 [MS3-PKG] [INFO] 🤖 [MS3-PKG] [INFO] 🤖 [MS3-PKG] [INFO] 🤖 [MS3-PKG] [INFO] 🤖 [MS3-PKG] [INFO] 🤖 [MS3-PKG] [INFO] 🤖 [MS3-PKG] [INFO] 🤖 [MS3-PKG] [INFO] 🤖 [MS3-PKG] [INFO] 🤖 [MS3-PKG] [INFO] 🤖 [MS3-PKG] [INFO] 📊 [analyzeJoiSchema] Generated 14 requirements for options
🤖 [MS3-PKG] [DEBUG] 🤖 [MS3-PKG] [DEBUG] 🤖 [MS3-PKG] [DEBUG] 🤖 [MS3-PKG] [DEBUG] 🤖 [MS3-PKG] [DEBUG] 🤖 [MS3-PKG] [DEBUG] 🤖 [MS3-PKG] [DEBUG] 🤖 [MS3-PKG] [DEBUG] 🤖 [MS3-PKG] [DEBUG] 🤖 [MS3-PKG] [DEBUG] 🤖 [MS3-PKG] [DEBUG] 🤖 [MS3-PKG] [DEBUG] 🤖 [MS3-PKG] [DEBUG] 🤖 [MS3-PKG] [DEBUG] 🔍 [getRequirements] Starting analysis for bulk-test-55
🤖 [MS3-PKG] [DEBUG] 🤖 [MS3-PKG] [DEBUG] 🤖 [MS3-PKG] [DEBUG] 🤖 [MS3-PKG] [DEBUG] 🤖 [MS3-PKG] [DEBUG] 🤖 [MS3-PKG] [DEBUG] 🤖 [MS3-PKG] [DEBUG] 🤖 [MS3-PKG] [DEBUG] 🤖 [MS3-PKG] [DEBUG] 🤖 [MS3-PKG] [DEBUG] 🤖 [MS3-PKG] [DEBUG] 🤖 [MS3-PKG] [DEBUG] 🤖 [MS3-PKG] [DEBUG] 🤖 [MS3-PKG] [DEBUG] 🔬 [analyzeJoiSchema] Analyzing schema at path: options
🤖 [MS3-PKG] [DEBUG] 🤖 [MS3-PKG] [DEBUG] 🤖 [MS3-PKG] [DEBUG] 🤖 [MS3-PKG] [DEBUG] 🤖 [MS3-PKG] [DEBUG] 🤖 [MS3-PKG] [DEBUG] 🤖 [MS3-PKG] [DEBUG] 🤖 [MS3-PKG] [DEBUG] 🤖 [MS3-PKG] [DEBUG] 🤖 [MS3-PKG] [DEBUG] 🤖 [MS3-PKG] [DEBUG] 🤖 [MS3-PKG] [DEBUG] 🤖 [MS3-PKG] [DEBUG] 🤖 [MS3-PKG] [DEBUG] 📋 [analyzeJoiSchema] Schema description type: object
🤖 [MS3-PKG] [DEBUG] 🤖 [MS3-PKG] [DEBUG] 🤖 [MS3-PKG] [DEBUG] 🤖 [MS3-PKG] [DEBUG] 🤖 [MS3-PKG] [DEBUG] 🤖 [MS3-PKG] [DEBUG] 🤖 [MS3-PKG] [DEBUG] 🤖 [MS3-PKG] [DEBUG] 🤖 [MS3-PKG] [DEBUG] 🤖 [MS3-PKG] [DEBUG] 🤖 [MS3-PKG] [DEBUG] 🤖 [MS3-PKG] [DEBUG] 🤖 [MS3-PKG] [DEBUG] 🤖 [MS3-PKG] [DEBUG] 📋 [analyzeJoiSchema] Schema keys: [ [32m&apos;privateKey&apos;[39m, [32m&apos;provider&apos;[39m, [32m&apos;multiChainRpcs&apos;[39m ]
🤖 [MS3-PKG] [DEBUG] 🤖 [MS3-PKG] [DEBUG] 🤖 [MS3-PKG] [DEBUG] 🤖 [MS3-PKG] [DEBUG] 🤖 [MS3-PKG] [DEBUG] 🤖 [MS3-PKG] [DEBUG] 🤖 [MS3-PKG] [DEBUG] 🤖 [MS3-PKG] [DEBUG] 🤖 [MS3-PKG] [DEBUG] 🤖 [MS3-PKG] [DEBUG] 🤖 [MS3-PKG] [DEBUG] 🤖 [MS3-PKG] [DEBUG] 🤖 [MS3-PKG] [DEBUG] 🤖 [MS3-PKG] [DEBUG] ✅ [analyzeJoiSchema] Processing object schema with 3 keys
🤖 [MS3-PKG] [DEBUG] 🤖 [MS3-PKG] [DEBUG] 🤖 [MS3-PKG] [DEBUG] 🤖 [MS3-PKG] [DEBUG] 🤖 [MS3-PKG] [DEBUG] 🤖 [MS3-PKG] [DEBUG] 🤖 [MS3-PKG] [DEBUG] 🤖 [MS3-PKG] [DEBUG] 🤖 [MS3-PKG] [DEBUG] 🤖 [MS3-PKG] [DEBUG] 🤖 [MS3-PKG] [DEBUG] 🤖 [MS3-PKG] [DEBUG] 🤖 [MS3-PKG] [DEBUG] 🤖 [MS3-PKG] [DEBUG] 🔑 [analyzeJoiSchema] Processing field: privateKey
🤖 [MS3-PKG] [DEBUG] 🤖 [MS3-PKG] [DEBUG] 🤖 [MS3-PKG] [DEBUG] 🤖 [MS3-PKG] [DEBUG] 🤖 [MS3-PKG] [DEBUG] 🤖 [MS3-PKG] [DEBUG] 🤖 [MS3-PKG] [DEBUG] 🤖 [MS3-PKG] [DEBUG] 🤖 [MS3-PKG] [DEBUG] 🤖 [MS3-PKG] [DEBUG] 🤖 [MS3-PKG] [DEBUG] 🤖 [MS3-PKG] [DEBUG] 🤖 [MS3-PKG] [DEBUG] 🤖 [MS3-PKG] [DEBUG] 📝 [analyzeJoiSchema] Field description: {
  type: [32m&apos;string&apos;[39m,
  flags: {
    presence: [32m&apos;required&apos;[39m,
    description: [32m&apos;Private key for wallet (generates random if not provided)&apos;[39m
  },
  rules: [ { name: [32m&apos;pattern&apos;[39m, args: [36m[Object][39m } ]
}
🤖 [MS3-PKG] [DEBUG] 🤖 [MS3-PKG] [DEBUG] 🤖 [MS3-PKG] [DEBUG] 🤖 [MS3-PKG] [DEBUG] 🤖 [MS3-PKG] [DEBUG] 🤖 [MS3-PKG] [DEBUG] 🤖 [MS3-PKG] [DEBUG] 🤖 [MS3-PKG] [DEBUG] 🤖 [MS3-PKG] [DEBUG] 🤖 [MS3-PKG] [DEBUG] 🤖 [MS3-PKG] [DEBUG] 🤖 [MS3-PKG] [DEBUG] 🤖 [MS3-PKG] [DEBUG] 🤖 [MS3-PKG] [DEBUG] 📊 [analyzeJoiSchema] Field privateKey: type=string, required=true, message=&quot;Private key for wallet (generates random if not provided)&quot;
🤖 [MS3-PKG] [DEBUG] 🤖 [MS3-PKG] [DEBUG] 🤖 [MS3-PKG] [DEBUG] 🤖 [MS3-PKG] [DEBUG] 🤖 [MS3-PKG] [DEBUG] 🤖 [MS3-PKG] [DEBUG] 🤖 [MS3-PKG] [DEBUG] 🤖 [MS3-PKG] [DEBUG] 🤖 [MS3-PKG] [DEBUG] 🤖 [MS3-PKG] [DEBUG] 🤖 [MS3-PKG] [DEBUG] 🤖 [MS3-PKG] [DEBUG] 🤖 [MS3-PKG] [DEBUG] 🤖 [MS3-PKG] [DEBUG] 🔑 [analyzeJoiSchema] Processing field: provider
🤖 [MS3-PKG] [DEBUG] 🤖 [MS3-PKG] [DEBUG] 🤖 [MS3-PKG] [DEBUG] 🤖 [MS3-PKG] [DEBUG] 🤖 [MS3-PKG] [DEBUG] 🤖 [MS3-PKG] [DEBUG] 🤖 [MS3-PKG] [DEBUG] 🤖 [MS3-PKG] [DEBUG] 🤖 [MS3-PKG] [DEBUG] 🤖 [MS3-PKG] [DEBUG] 🤖 [MS3-PKG] [DEBUG] 🤖 [MS3-PKG] [DEBUG] 🤖 [MS3-PKG] [DEBUG] 🤖 [MS3-PKG] [DEBUG] 📝 [analyzeJoiSchema] Field description: {
  type: [32m&apos;object&apos;[39m,
  flags: {
    presence: [32m&apos;optional&apos;[39m,
    description: [32m&apos;Optional provider configuration&apos;[39m
  },
  keys: {
    name: { type: [32m&apos;string&apos;[39m, flags: [36m[Object][39m },
    chainId: { type: [32m&apos;string&apos;[39m, flags: [36m[Object][39m, rules: [36m[Array][39m },
    rpcUrls: { type: [32m&apos;array&apos;[39m, flags: [36m[Object][39m, rules: [36m[Array][39m, items: [36m[Array][39m },
    displayName: { type: [32m&apos;string&apos;[39m, flags: [36m[Object][39m }
  }
}
🤖 [MS3-PKG] [DEBUG] 🤖 [MS3-PKG] [DEBUG] 🤖 [MS3-PKG] [DEBUG] 🤖 [MS3-PKG] [DEBUG] 🤖 [MS3-PKG] [DEBUG] 🤖 [MS3-PKG] [DEBUG] 🤖 [MS3-PKG] [DEBUG] 🤖 [MS3-PKG] [DEBUG] 🤖 [MS3-PKG] [DEBUG] 🤖 [MS3-PKG] [DEBUG] 🤖 [MS3-PKG] [DEBUG] 🤖 [MS3-PKG] [DEBUG] 🤖 [MS3-PKG] [DEBUG] 🤖 [MS3-PKG] [DEBUG] 📊 [analyzeJoiSchema] Field provider: type=object, required=false, message=&quot;Optional provider configuration&quot;
🤖 [MS3-PKG] [DEBUG] 🤖 [MS3-PKG] [DEBUG] 🤖 [MS3-PKG] [DEBUG] 🤖 [MS3-PKG] [DEBUG] 🤖 [MS3-PKG] [DEBUG] 🤖 [MS3-PKG] [DEBUG] 🤖 [MS3-PKG] [DEBUG] 🤖 [MS3-PKG] [DEBUG] 🤖 [MS3-PKG] [DEBUG] 🤖 [MS3-PKG] [DEBUG] 🤖 [MS3-PKG] [DEBUG] 🤖 [MS3-PKG] [DEBUG] 🤖 [MS3-PKG] [DEBUG] 🤖 [MS3-PKG] [DEBUG] 🔄 [analyzeJoiSchema] Recursing into nested object: provider
🤖 [MS3-PKG] [DEBUG] 🤖 [MS3-PKG] [DEBUG] 🤖 [MS3-PKG] [DEBUG] 🤖 [MS3-PKG] [DEBUG] 🤖 [MS3-PKG] [DEBUG] 🤖 [MS3-PKG] [DEBUG] 🤖 [MS3-PKG] [DEBUG] 🤖 [MS3-PKG] [DEBUG] 🤖 [MS3-PKG] [DEBUG] 🤖 [MS3-PKG] [DEBUG] 🤖 [MS3-PKG] [DEBUG] 🤖 [MS3-PKG] [DEBUG] 🤖 [MS3-PKG] [DEBUG] 🤖 [MS3-PKG] [DEBUG] 🔑 [analyzeJoiSchema] Processing field: multiChainRpcs
🤖 [MS3-PKG] [DEBUG] 🤖 [MS3-PKG] [DEBUG] 🤖 [MS3-PKG] [DEBUG] 🤖 [MS3-PKG] [DEBUG] 🤖 [MS3-PKG] [DEBUG] 🤖 [MS3-PKG] [DEBUG] 🤖 [MS3-PKG] [DEBUG] 🤖 [MS3-PKG] [DEBUG] 🤖 [MS3-PKG] [DEBUG] 🤖 [MS3-PKG] [DEBUG] 🤖 [MS3-PKG] [DEBUG] 🤖 [MS3-PKG] [DEBUG] 🤖 [MS3-PKG] [DEBUG] 🤖 [MS3-PKG] [DEBUG] 📝 [analyzeJoiSchema] Field description: {
  type: [32m&apos;object&apos;[39m,
  flags: {
    presence: [32m&apos;optional&apos;[39m,
    description: [32m&apos;Multi-chain RPC configuration - maps chain IDs to RPC URL arrays&apos;[39m
  },
  patterns: [ { schema: [36m[Object][39m, rule: [36m[Object][39m } ]
}
🤖 [MS3-PKG] [DEBUG] 🤖 [MS3-PKG] [DEBUG] 🤖 [MS3-PKG] [DEBUG] 🤖 [MS3-PKG] [DEBUG] 🤖 [MS3-PKG] [DEBUG] 🤖 [MS3-PKG] [DEBUG] 🤖 [MS3-PKG] [DEBUG] 🤖 [MS3-PKG] [DEBUG] 🤖 [MS3-PKG] [DEBUG] 🤖 [MS3-PKG] [DEBUG] 🤖 [MS3-PKG] [DEBUG] 🤖 [MS3-PKG] [DEBUG] 🤖 [MS3-PKG] [DEBUG] 🤖 [MS3-PKG] [DEBUG] 📊 [analyzeJoiSchema] Field multiChainRpcs: type=object, required=false, message=&quot;Multi-chain RPC configuration - maps chain IDs to RPC URL arrays&quot;
🤖 [MS3-PKG] [INFO] 🤖 [MS3-PKG] [INFO] 🤖 [MS3-PKG] [INFO] 🤖 [MS3-PKG] [INFO] 🤖 [MS3-PKG] [INFO] 🤖 [MS3-PKG] [INFO] 🤖 [MS3-PKG] [INFO] 🤖 [MS3-PKG] [INFO] 🤖 [MS3-PKG] [INFO] 🤖 [MS3-PKG] [INFO] 🤖 [MS3-PKG] [INFO] 🤖 [MS3-PKG] [INFO] 🤖 [MS3-PKG] [INFO] 🤖 [MS3-PKG] [INFO] 📊 [analyzeJoiSchema] Generated 7 requirements for options
🤖 [MS3-PKG] [DEBUG] 🤖 [MS3-PKG] [DEBUG] 🤖 [MS3-PKG] [DEBUG] 🤖 [MS3-PKG] [DEBUG] 🤖 [MS3-PKG] [DEBUG] 🤖 [MS3-PKG] [DEBUG] 🤖 [MS3-PKG] [DEBUG] 🤖 [MS3-PKG] [DEBUG] 🤖 [MS3-PKG] [DEBUG] 🤖 [MS3-PKG] [DEBUG] 🤖 [MS3-PKG] [DEBUG] 🤖 [MS3-PKG] [DEBUG] 🤖 [MS3-PKG] [DEBUG] 🤖 [MS3-PKG] [DEBUG] 🔍 [getRequirements] Starting analysis for bulk-test-55
🤖 [MS3-PKG] [DEBUG] 🤖 [MS3-PKG] [DEBUG] 🤖 [MS3-PKG] [DEBUG] 🤖 [MS3-PKG] [DEBUG] 🤖 [MS3-PKG] [DEBUG] 🤖 [MS3-PKG] [DEBUG] 🤖 [MS3-PKG] [DEBUG] 🤖 [MS3-PKG] [DEBUG] 🤖 [MS3-PKG] [DEBUG] 🤖 [MS3-PKG] [DEBUG] 🤖 [MS3-PKG] [DEBUG] 🤖 [MS3-PKG] [DEBUG] 🤖 [MS3-PKG] [DEBUG] 🤖 [MS3-PKG] [DEBUG] 🔬 [analyzeJoiSchema] Analyzing schema at path: options
🤖 [MS3-PKG] [DEBUG] 🤖 [MS3-PKG] [DEBUG] 🤖 [MS3-PKG] [DEBUG] 🤖 [MS3-PKG] [DEBUG] 🤖 [MS3-PKG] [DEBUG] 🤖 [MS3-PKG] [DEBUG] 🤖 [MS3-PKG] [DEBUG] 🤖 [MS3-PKG] [DEBUG] 🤖 [MS3-PKG] [DEBUG] 🤖 [MS3-PKG] [DEBUG] 🤖 [MS3-PKG] [DEBUG] 🤖 [MS3-PKG] [DEBUG] 🤖 [MS3-PKG] [DEBUG] 🤖 [MS3-PKG] [DEBUG] 📋 [analyzeJoiSchema] Schema description type: object
🤖 [MS3-PKG] [DEBUG] 🤖 [MS3-PKG] [DEBUG] 🤖 [MS3-PKG] [DEBUG] 🤖 [MS3-PKG] [DEBUG] 🤖 [MS3-PKG] [DEBUG] 🤖 [MS3-PKG] [DEBUG] 🤖 [MS3-PKG] [DEBUG] 🤖 [MS3-PKG] [DEBUG] 🤖 [MS3-PKG] [DEBUG] 🤖 [MS3-PKG] [DEBUG] 🤖 [MS3-PKG] [DEBUG] 🤖 [MS3-PKG] [DEBUG] 🤖 [MS3-PKG] [DEBUG] 🤖 [MS3-PKG] [DEBUG] 📋 [analyzeJoiSchema] Schema keys: [ [32m&apos;web3authConfig&apos;[39m, [32m&apos;multiChainRpcs&apos;[39m ]
🤖 [MS3-PKG] [DEBUG] 🤖 [MS3-PKG] [DEBUG] 🤖 [MS3-PKG] [DEBUG] 🤖 [MS3-PKG] [DEBUG] 🤖 [MS3-PKG] [DEBUG] 🤖 [MS3-PKG] [DEBUG] 🤖 [MS3-PKG] [DEBUG] 🤖 [MS3-PKG] [DEBUG] 🤖 [MS3-PKG] [DEBUG] 🤖 [MS3-PKG] [DEBUG] 🤖 [MS3-PKG] [DEBUG] 🤖 [MS3-PKG] [DEBUG] 🤖 [MS3-PKG] [DEBUG] 🤖 [MS3-PKG] [DEBUG] ✅ [analyzeJoiSchema] Processing object schema with 2 keys
🤖 [MS3-PKG] [DEBUG] 🤖 [MS3-PKG] [DEBUG] 🤖 [MS3-PKG] [DEBUG] 🤖 [MS3-PKG] [DEBUG] 🤖 [MS3-PKG] [DEBUG] 🤖 [MS3-PKG] [DEBUG] 🤖 [MS3-PKG] [DEBUG] 🤖 [MS3-PKG] [DEBUG] 🤖 [MS3-PKG] [DEBUG] 🤖 [MS3-PKG] [DEBUG] 🤖 [MS3-PKG] [DEBUG] 🤖 [MS3-PKG] [DEBUG] 🤖 [MS3-PKG] [DEBUG] 🤖 [MS3-PKG] [DEBUG] 🔑 [analyzeJoiSchema] Processing field: web3authConfig
🤖 [MS3-PKG] [DEBUG] 🤖 [MS3-PKG] [DEBUG] 🤖 [MS3-PKG] [DEBUG] 🤖 [MS3-PKG] [DEBUG] 🤖 [MS3-PKG] [DEBUG] 🤖 [MS3-PKG] [DEBUG] 🤖 [MS3-PKG] [DEBUG] 🤖 [MS3-PKG] [DEBUG] 🤖 [MS3-PKG] [DEBUG] 🤖 [MS3-PKG] [DEBUG] 🤖 [MS3-PKG] [DEBUG] 🤖 [MS3-PKG] [DEBUG] 🤖 [MS3-PKG] [DEBUG] 🤖 [MS3-PKG] [DEBUG] 📝 [analyzeJoiSchema] Field description: {
  type: [32m&apos;object&apos;[39m,
  flags: {
    presence: [32m&apos;required&apos;[39m,
    description: [32m&apos;Web3Auth configuration object&apos;[39m
  },
  keys: {
    clientId: { type: [32m&apos;string&apos;[39m, flags: [36m[Object][39m },
    web3AuthNetwork: { type: [32m&apos;string&apos;[39m, flags: [36m[Object][39m, allow: [36m[Array][39m },
    chainConfig: { type: [32m&apos;object&apos;[39m, flags: [36m[Object][39m, keys: [36m[Object][39m },
    loginConfig: { type: [32m&apos;object&apos;[39m, flags: [36m[Object][39m },
    privateKeyProvider: { type: [32m&apos;any&apos;[39m, flags: [36m[Object][39m }
  }
}
🤖 [MS3-PKG] [DEBUG] 🤖 [MS3-PKG] [DEBUG] 🤖 [MS3-PKG] [DEBUG] 🤖 [MS3-PKG] [DEBUG] 🤖 [MS3-PKG] [DEBUG] 🤖 [MS3-PKG] [DEBUG] 🤖 [MS3-PKG] [DEBUG] 🤖 [MS3-PKG] [DEBUG] 🤖 [MS3-PKG] [DEBUG] 🤖 [MS3-PKG] [DEBUG] 🤖 [MS3-PKG] [DEBUG] 🤖 [MS3-PKG] [DEBUG] 🤖 [MS3-PKG] [DEBUG] 🤖 [MS3-PKG] [DEBUG] 📊 [analyzeJoiSchema] Field web3authConfig: type=object, required=true, message=&quot;Web3Auth configuration object&quot;
🤖 [MS3-PKG] [DEBUG] 🤖 [MS3-PKG] [DEBUG] 🤖 [MS3-PKG] [DEBUG] 🤖 [MS3-PKG] [DEBUG] 🤖 [MS3-PKG] [DEBUG] 🤖 [MS3-PKG] [DEBUG] 🤖 [MS3-PKG] [DEBUG] 🤖 [MS3-PKG] [DEBUG] 🤖 [MS3-PKG] [DEBUG] 🤖 [MS3-PKG] [DEBUG] 🤖 [MS3-PKG] [DEBUG] 🤖 [MS3-PKG] [DEBUG] 🤖 [MS3-PKG] [DEBUG] 🤖 [MS3-PKG] [DEBUG] 🔄 [analyzeJoiSchema] Recursing into nested object: web3authConfig
🤖 [MS3-PKG] [DEBUG] 🤖 [MS3-PKG] [DEBUG] 🤖 [MS3-PKG] [DEBUG] 🤖 [MS3-PKG] [DEBUG] 🤖 [MS3-PKG] [DEBUG] 🤖 [MS3-PKG] [DEBUG] 🤖 [MS3-PKG] [DEBUG] 🤖 [MS3-PKG] [DEBUG] 🤖 [MS3-PKG] [DEBUG] 🤖 [MS3-PKG] [DEBUG] 🤖 [MS3-PKG] [DEBUG] 🤖 [MS3-PKG] [DEBUG] 🤖 [MS3-PKG] [DEBUG] 🤖 [MS3-PKG] [DEBUG] 🔑 [analyzeJoiSchema] Processing field: multiChainRpcs
🤖 [MS3-PKG] [DEBUG] 🤖 [MS3-PKG] [DEBUG] 🤖 [MS3-PKG] [DEBUG] 🤖 [MS3-PKG] [DEBUG] 🤖 [MS3-PKG] [DEBUG] 🤖 [MS3-PKG] [DEBUG] 🤖 [MS3-PKG] [DEBUG] 🤖 [MS3-PKG] [DEBUG] 🤖 [MS3-PKG] [DEBUG] 🤖 [MS3-PKG] [DEBUG] 🤖 [MS3-PKG] [DEBUG] 🤖 [MS3-PKG] [DEBUG] 🤖 [MS3-PKG] [DEBUG] 🤖 [MS3-PKG] [DEBUG] 📝 [analyzeJoiSchema] Field description: {
  type: [32m&apos;object&apos;[39m,
  flags: {
    presence: [32m&apos;optional&apos;[39m,
    description: [32m&apos;Multi-chain RPC configuration - maps chain IDs to RPC URL arrays&apos;[39m
  },
  patterns: [ { schema: [36m[Object][39m, rule: [36m[Object][39m } ]
}
🤖 [MS3-PKG] [DEBUG] 🤖 [MS3-PKG] [DEBUG] 🤖 [MS3-PKG] [DEBUG] 🤖 [MS3-PKG] [DEBUG] 🤖 [MS3-PKG] [DEBUG] 🤖 [MS3-PKG] [DEBUG] 🤖 [MS3-PKG] [DEBUG] 🤖 [MS3-PKG] [DEBUG] 🤖 [MS3-PKG] [DEBUG] 🤖 [MS3-PKG] [DEBUG] 🤖 [MS3-PKG] [DEBUG] 🤖 [MS3-PKG] [DEBUG] 🤖 [MS3-PKG] [DEBUG] 🤖 [MS3-PKG] [DEBUG] 📊 [analyzeJoiSchema] Field multiChainRpcs: type=object, required=false, message=&quot;Multi-chain RPC configuration - maps chain IDs to RPC URL arrays&quot;
🤖 [MS3-PKG] [INFO] 🤖 [MS3-PKG] [INFO] 🤖 [MS3-PKG] [INFO] 🤖 [MS3-PKG] [INFO] 🤖 [MS3-PKG] [INFO] 🤖 [MS3-PKG] [INFO] 🤖 [MS3-PKG] [INFO] 🤖 [MS3-PKG] [INFO] 🤖 [MS3-PKG] [INFO] 🤖 [MS3-PKG] [INFO] 🤖 [MS3-PKG] [INFO] 🤖 [MS3-PKG] [INFO] 🤖 [MS3-PKG] [INFO] 🤖 [MS3-PKG] [INFO] 📊 [analyzeJoiSchema] Generated 14 requirements for options
🤖 [MS3-PKG] [DEBUG] 🤖 [MS3-PKG] [DEBUG] 🤖 [MS3-PKG] [DEBUG] 🤖 [MS3-PKG] [DEBUG] 🤖 [MS3-PKG] [DEBUG] 🤖 [MS3-PKG] [DEBUG] 🤖 [MS3-PKG] [DEBUG] 🤖 [MS3-PKG] [DEBUG] 🤖 [MS3-PKG] [DEBUG] 🤖 [MS3-PKG] [DEBUG] 🤖 [MS3-PKG] [DEBUG] 🤖 [MS3-PKG] [DEBUG] 🤖 [MS3-PKG] [DEBUG] 🤖 [MS3-PKG] [DEBUG] 🔍 [getRequirements] Starting analysis for bulk-test-56
🤖 [MS3-PKG] [DEBUG] 🤖 [MS3-PKG] [DEBUG] 🤖 [MS3-PKG] [DEBUG] 🤖 [MS3-PKG] [DEBUG] 🤖 [MS3-PKG] [DEBUG] 🤖 [MS3-PKG] [DEBUG] 🤖 [MS3-PKG] [DEBUG] 🤖 [MS3-PKG] [DEBUG] 🤖 [MS3-PKG] [DEBUG] 🤖 [MS3-PKG] [DEBUG] 🤖 [MS3-PKG] [DEBUG] 🤖 [MS3-PKG] [DEBUG] 🤖 [MS3-PKG] [DEBUG] 🤖 [MS3-PKG] [DEBUG] 🔬 [analyzeJoiSchema] Analyzing schema at path: options
🤖 [MS3-PKG] [DEBUG] 🤖 [MS3-PKG] [DEBUG] 🤖 [MS3-PKG] [DEBUG] 🤖 [MS3-PKG] [DEBUG] 🤖 [MS3-PKG] [DEBUG] 🤖 [MS3-PKG] [DEBUG] 🤖 [MS3-PKG] [DEBUG] 🤖 [MS3-PKG] [DEBUG] 🤖 [MS3-PKG] [DEBUG] 🤖 [MS3-PKG] [DEBUG] 🤖 [MS3-PKG] [DEBUG] 🤖 [MS3-PKG] [DEBUG] 🤖 [MS3-PKG] [DEBUG] 🤖 [MS3-PKG] [DEBUG] 📋 [analyzeJoiSchema] Schema description type: object
🤖 [MS3-PKG] [DEBUG] 🤖 [MS3-PKG] [DEBUG] 🤖 [MS3-PKG] [DEBUG] 🤖 [MS3-PKG] [DEBUG] 🤖 [MS3-PKG] [DEBUG] 🤖 [MS3-PKG] [DEBUG] 🤖 [MS3-PKG] [DEBUG] 🤖 [MS3-PKG] [DEBUG] 🤖 [MS3-PKG] [DEBUG] 🤖 [MS3-PKG] [DEBUG] 🤖 [MS3-PKG] [DEBUG] 🤖 [MS3-PKG] [DEBUG] 🤖 [MS3-PKG] [DEBUG] 🤖 [MS3-PKG] [DEBUG] 📋 [analyzeJoiSchema] Schema keys: [ [32m&apos;privateKey&apos;[39m, [32m&apos;provider&apos;[39m, [32m&apos;multiChainRpcs&apos;[39m ]
🤖 [MS3-PKG] [DEBUG] 🤖 [MS3-PKG] [DEBUG] 🤖 [MS3-PKG] [DEBUG] 🤖 [MS3-PKG] [DEBUG] 🤖 [MS3-PKG] [DEBUG] 🤖 [MS3-PKG] [DEBUG] 🤖 [MS3-PKG] [DEBUG] 🤖 [MS3-PKG] [DEBUG] 🤖 [MS3-PKG] [DEBUG] 🤖 [MS3-PKG] [DEBUG] 🤖 [MS3-PKG] [DEBUG] 🤖 [MS3-PKG] [DEBUG] 🤖 [MS3-PKG] [DEBUG] 🤖 [MS3-PKG] [DEBUG] ✅ [analyzeJoiSchema] Processing object schema with 3 keys
🤖 [MS3-PKG] [DEBUG] 🤖 [MS3-PKG] [DEBUG] 🤖 [MS3-PKG] [DEBUG] 🤖 [MS3-PKG] [DEBUG] 🤖 [MS3-PKG] [DEBUG] 🤖 [MS3-PKG] [DEBUG] 🤖 [MS3-PKG] [DEBUG] 🤖 [MS3-PKG] [DEBUG] 🤖 [MS3-PKG] [DEBUG] 🤖 [MS3-PKG] [DEBUG] 🤖 [MS3-PKG] [DEBUG] 🤖 [MS3-PKG] [DEBUG] 🤖 [MS3-PKG] [DEBUG] 🤖 [MS3-PKG] [DEBUG] 🔑 [analyzeJoiSchema] Processing field: privateKey
🤖 [MS3-PKG] [DEBUG] 🤖 [MS3-PKG] [DEBUG] 🤖 [MS3-PKG] [DEBUG] 🤖 [MS3-PKG] [DEBUG] 🤖 [MS3-PKG] [DEBUG] 🤖 [MS3-PKG] [DEBUG] 🤖 [MS3-PKG] [DEBUG] 🤖 [MS3-PKG] [DEBUG] 🤖 [MS3-PKG] [DEBUG] 🤖 [MS3-PKG] [DEBUG] 🤖 [MS3-PKG] [DEBUG] 🤖 [MS3-PKG] [DEBUG] 🤖 [MS3-PKG] [DEBUG] 🤖 [MS3-PKG] [DEBUG] 📝 [analyzeJoiSchema] Field description: {
  type: [32m&apos;string&apos;[39m,
  flags: {
    presence: [32m&apos;required&apos;[39m,
    description: [32m&apos;Private key for wallet (generates random if not provided)&apos;[39m
  },
  rules: [ { name: [32m&apos;pattern&apos;[39m, args: [36m[Object][39m } ]
}
🤖 [MS3-PKG] [DEBUG] 🤖 [MS3-PKG] [DEBUG] 🤖 [MS3-PKG] [DEBUG] 🤖 [MS3-PKG] [DEBUG] 🤖 [MS3-PKG] [DEBUG] 🤖 [MS3-PKG] [DEBUG] 🤖 [MS3-PKG] [DEBUG] 🤖 [MS3-PKG] [DEBUG] 🤖 [MS3-PKG] [DEBUG] 🤖 [MS3-PKG] [DEBUG] 🤖 [MS3-PKG] [DEBUG] 🤖 [MS3-PKG] [DEBUG] 🤖 [MS3-PKG] [DEBUG] 🤖 [MS3-PKG] [DEBUG] 📊 [analyzeJoiSchema] Field privateKey: type=string, required=true, message=&quot;Private key for wallet (generates random if not provided)&quot;
🤖 [MS3-PKG] [DEBUG] 🤖 [MS3-PKG] [DEBUG] 🤖 [MS3-PKG] [DEBUG] 🤖 [MS3-PKG] [DEBUG] 🤖 [MS3-PKG] [DEBUG] 🤖 [MS3-PKG] [DEBUG] 🤖 [MS3-PKG] [DEBUG] 🤖 [MS3-PKG] [DEBUG] 🤖 [MS3-PKG] [DEBUG] 🤖 [MS3-PKG] [DEBUG] 🤖 [MS3-PKG] [DEBUG] 🤖 [MS3-PKG] [DEBUG] 🤖 [MS3-PKG] [DEBUG] 🤖 [MS3-PKG] [DEBUG] 🔑 [analyzeJoiSchema] Processing field: provider
🤖 [MS3-PKG] [DEBUG] 🤖 [MS3-PKG] [DEBUG] 🤖 [MS3-PKG] [DEBUG] 🤖 [MS3-PKG] [DEBUG] 🤖 [MS3-PKG] [DEBUG] 🤖 [MS3-PKG] [DEBUG] 🤖 [MS3-PKG] [DEBUG] 🤖 [MS3-PKG] [DEBUG] 🤖 [MS3-PKG] [DEBUG] 🤖 [MS3-PKG] [DEBUG] 🤖 [MS3-PKG] [DEBUG] 🤖 [MS3-PKG] [DEBUG] 🤖 [MS3-PKG] [DEBUG] 🤖 [MS3-PKG] [DEBUG] 📝 [analyzeJoiSchema] Field description: {
  type: [32m&apos;object&apos;[39m,
  flags: {
    presence: [32m&apos;optional&apos;[39m,
    description: [32m&apos;Optional provider configuration&apos;[39m
  },
  keys: {
    name: { type: [32m&apos;string&apos;[39m, flags: [36m[Object][39m },
    chainId: { type: [32m&apos;string&apos;[39m, flags: [36m[Object][39m, rules: [36m[Array][39m },
    rpcUrls: { type: [32m&apos;array&apos;[39m, flags: [36m[Object][39m, rules: [36m[Array][39m, items: [36m[Array][39m },
    displayName: { type: [32m&apos;string&apos;[39m, flags: [36m[Object][39m }
  }
}
🤖 [MS3-PKG] [DEBUG] 🤖 [MS3-PKG] [DEBUG] 🤖 [MS3-PKG] [DEBUG] 🤖 [MS3-PKG] [DEBUG] 🤖 [MS3-PKG] [DEBUG] 🤖 [MS3-PKG] [DEBUG] 🤖 [MS3-PKG] [DEBUG] 🤖 [MS3-PKG] [DEBUG] 🤖 [MS3-PKG] [DEBUG] 🤖 [MS3-PKG] [DEBUG] 🤖 [MS3-PKG] [DEBUG] 🤖 [MS3-PKG] [DEBUG] 🤖 [MS3-PKG] [DEBUG] 🤖 [MS3-PKG] [DEBUG] 📊 [analyzeJoiSchema] Field provider: type=object, required=false, message=&quot;Optional provider configuration&quot;
🤖 [MS3-PKG] [DEBUG] 🤖 [MS3-PKG] [DEBUG] 🤖 [MS3-PKG] [DEBUG] 🤖 [MS3-PKG] [DEBUG] 🤖 [MS3-PKG] [DEBUG] 🤖 [MS3-PKG] [DEBUG] 🤖 [MS3-PKG] [DEBUG] 🤖 [MS3-PKG] [DEBUG] 🤖 [MS3-PKG] [DEBUG] 🤖 [MS3-PKG] [DEBUG] 🤖 [MS3-PKG] [DEBUG] 🤖 [MS3-PKG] [DEBUG] 🤖 [MS3-PKG] [DEBUG] 🤖 [MS3-PKG] [DEBUG] 🔄 [analyzeJoiSchema] Recursing into nested object: provider
🤖 [MS3-PKG] [DEBUG] 🤖 [MS3-PKG] [DEBUG] 🤖 [MS3-PKG] [DEBUG] 🤖 [MS3-PKG] [DEBUG] 🤖 [MS3-PKG] [DEBUG] 🤖 [MS3-PKG] [DEBUG] 🤖 [MS3-PKG] [DEBUG] 🤖 [MS3-PKG] [DEBUG] 🤖 [MS3-PKG] [DEBUG] 🤖 [MS3-PKG] [DEBUG] 🤖 [MS3-PKG] [DEBUG] 🤖 [MS3-PKG] [DEBUG] 🤖 [MS3-PKG] [DEBUG] 🤖 [MS3-PKG] [DEBUG] 🔑 [analyzeJoiSchema] Processing field: multiChainRpcs
🤖 [MS3-PKG] [DEBUG] 🤖 [MS3-PKG] [DEBUG] 🤖 [MS3-PKG] [DEBUG] 🤖 [MS3-PKG] [DEBUG] 🤖 [MS3-PKG] [DEBUG] 🤖 [MS3-PKG] [DEBUG] 🤖 [MS3-PKG] [DEBUG] 🤖 [MS3-PKG] [DEBUG] 🤖 [MS3-PKG] [DEBUG] 🤖 [MS3-PKG] [DEBUG] 🤖 [MS3-PKG] [DEBUG] 🤖 [MS3-PKG] [DEBUG] 🤖 [MS3-PKG] [DEBUG] 🤖 [MS3-PKG] [DEBUG] 📝 [analyzeJoiSchema] Field description: {
  type: [32m&apos;object&apos;[39m,
  flags: {
    presence: [32m&apos;optional&apos;[39m,
    description: [32m&apos;Multi-chain RPC configuration - maps chain IDs to RPC URL arrays&apos;[39m
  },
  patterns: [ { schema: [36m[Object][39m, rule: [36m[Object][39m } ]
}
🤖 [MS3-PKG] [DEBUG] 🤖 [MS3-PKG] [DEBUG] 🤖 [MS3-PKG] [DEBUG] 🤖 [MS3-PKG] [DEBUG] 🤖 [MS3-PKG] [DEBUG] 🤖 [MS3-PKG] [DEBUG] 🤖 [MS3-PKG] [DEBUG] 🤖 [MS3-PKG] [DEBUG] 🤖 [MS3-PKG] [DEBUG] 🤖 [MS3-PKG] [DEBUG] 🤖 [MS3-PKG] [DEBUG] 🤖 [MS3-PKG] [DEBUG] 🤖 [MS3-PKG] [DEBUG] 🤖 [MS3-PKG] [DEBUG] 📊 [analyzeJoiSchema] Field multiChainRpcs: type=object, required=false, message=&quot;Multi-chain RPC configuration - maps chain IDs to RPC URL arrays&quot;
🤖 [MS3-PKG] [INFO] 🤖 [MS3-PKG] [INFO] 🤖 [MS3-PKG] [INFO] 🤖 [MS3-PKG] [INFO] 🤖 [MS3-PKG] [INFO] 🤖 [MS3-PKG] [INFO] 🤖 [MS3-PKG] [INFO] 🤖 [MS3-PKG] [INFO] 🤖 [MS3-PKG] [INFO] 🤖 [MS3-PKG] [INFO] 🤖 [MS3-PKG] [INFO] 🤖 [MS3-PKG] [INFO] 🤖 [MS3-PKG] [INFO] 🤖 [MS3-PKG] [INFO] 📊 [analyzeJoiSchema] Generated 7 requirements for options
🤖 [MS3-PKG] [DEBUG] 🤖 [MS3-PKG] [DEBUG] 🤖 [MS3-PKG] [DEBUG] 🤖 [MS3-PKG] [DEBUG] 🤖 [MS3-PKG] [DEBUG] 🤖 [MS3-PKG] [DEBUG] 🤖 [MS3-PKG] [DEBUG] 🤖 [MS3-PKG] [DEBUG] 🤖 [MS3-PKG] [DEBUG] 🤖 [MS3-PKG] [DEBUG] 🤖 [MS3-PKG] [DEBUG] 🤖 [MS3-PKG] [DEBUG] 🤖 [MS3-PKG] [DEBUG] 🤖 [MS3-PKG] [DEBUG] 🔍 [getRequirements] Starting analysis for bulk-test-56
🤖 [MS3-PKG] [DEBUG] 🤖 [MS3-PKG] [DEBUG] 🤖 [MS3-PKG] [DEBUG] 🤖 [MS3-PKG] [DEBUG] 🤖 [MS3-PKG] [DEBUG] 🤖 [MS3-PKG] [DEBUG] 🤖 [MS3-PKG] [DEBUG] 🤖 [MS3-PKG] [DEBUG] 🤖 [MS3-PKG] [DEBUG] 🤖 [MS3-PKG] [DEBUG] 🤖 [MS3-PKG] [DEBUG] 🤖 [MS3-PKG] [DEBUG] 🤖 [MS3-PKG] [DEBUG] 🤖 [MS3-PKG] [DEBUG] 🔬 [analyzeJoiSchema] Analyzing schema at path: options
🤖 [MS3-PKG] [DEBUG] 🤖 [MS3-PKG] [DEBUG] 🤖 [MS3-PKG] [DEBUG] 🤖 [MS3-PKG] [DEBUG] 🤖 [MS3-PKG] [DEBUG] 🤖 [MS3-PKG] [DEBUG] 🤖 [MS3-PKG] [DEBUG] 🤖 [MS3-PKG] [DEBUG] 🤖 [MS3-PKG] [DEBUG] 🤖 [MS3-PKG] [DEBUG] 🤖 [MS3-PKG] [DEBUG] 🤖 [MS3-PKG] [DEBUG] 🤖 [MS3-PKG] [DEBUG] 🤖 [MS3-PKG] [DEBUG] 📋 [analyzeJoiSchema] Schema description type: object
🤖 [MS3-PKG] [DEBUG] 🤖 [MS3-PKG] [DEBUG] 🤖 [MS3-PKG] [DEBUG] 🤖 [MS3-PKG] [DEBUG] 🤖 [MS3-PKG] [DEBUG] 🤖 [MS3-PKG] [DEBUG] 🤖 [MS3-PKG] [DEBUG] 🤖 [MS3-PKG] [DEBUG] 🤖 [MS3-PKG] [DEBUG] 🤖 [MS3-PKG] [DEBUG] 🤖 [MS3-PKG] [DEBUG] 🤖 [MS3-PKG] [DEBUG] 🤖 [MS3-PKG] [DEBUG] 🤖 [MS3-PKG] [DEBUG] 📋 [analyzeJoiSchema] Schema keys: [ [32m&apos;web3authConfig&apos;[39m, [32m&apos;multiChainRpcs&apos;[39m ]
🤖 [MS3-PKG] [DEBUG] 🤖 [MS3-PKG] [DEBUG] 🤖 [MS3-PKG] [DEBUG] 🤖 [MS3-PKG] [DEBUG] 🤖 [MS3-PKG] [DEBUG] 🤖 [MS3-PKG] [DEBUG] 🤖 [MS3-PKG] [DEBUG] 🤖 [MS3-PKG] [DEBUG] 🤖 [MS3-PKG] [DEBUG] 🤖 [MS3-PKG] [DEBUG] 🤖 [MS3-PKG] [DEBUG] 🤖 [MS3-PKG] [DEBUG] 🤖 [MS3-PKG] [DEBUG] 🤖 [MS3-PKG] [DEBUG] ✅ [analyzeJoiSchema] Processing object schema with 2 keys
🤖 [MS3-PKG] [DEBUG] 🤖 [MS3-PKG] [DEBUG] 🤖 [MS3-PKG] [DEBUG] 🤖 [MS3-PKG] [DEBUG] 🤖 [MS3-PKG] [DEBUG] 🤖 [MS3-PKG] [DEBUG] 🤖 [MS3-PKG] [DEBUG] 🤖 [MS3-PKG] [DEBUG] 🤖 [MS3-PKG] [DEBUG] 🤖 [MS3-PKG] [DEBUG] 🤖 [MS3-PKG] [DEBUG] 🤖 [MS3-PKG] [DEBUG] 🤖 [MS3-PKG] [DEBUG] 🤖 [MS3-PKG] [DEBUG] 🔑 [analyzeJoiSchema] Processing field: web3authConfig
🤖 [MS3-PKG] [DEBUG] 🤖 [MS3-PKG] [DEBUG] 🤖 [MS3-PKG] [DEBUG] 🤖 [MS3-PKG] [DEBUG] 🤖 [MS3-PKG] [DEBUG] 🤖 [MS3-PKG] [DEBUG] 🤖 [MS3-PKG] [DEBUG] 🤖 [MS3-PKG] [DEBUG] 🤖 [MS3-PKG] [DEBUG] 🤖 [MS3-PKG] [DEBUG] 🤖 [MS3-PKG] [DEBUG] 🤖 [MS3-PKG] [DEBUG] 🤖 [MS3-PKG] [DEBUG] 🤖 [MS3-PKG] [DEBUG] 📝 [analyzeJoiSchema] Field description: {
  type: [32m&apos;object&apos;[39m,
  flags: {
    presence: [32m&apos;required&apos;[39m,
    description: [32m&apos;Web3Auth configuration object&apos;[39m
  },
  keys: {
    clientId: { type: [32m&apos;string&apos;[39m, flags: [36m[Object][39m },
    web3AuthNetwork: { type: [32m&apos;string&apos;[39m, flags: [36m[Object][39m, allow: [36m[Array][39m },
    chainConfig: { type: [32m&apos;object&apos;[39m, flags: [36m[Object][39m, keys: [36m[Object][39m },
    loginConfig: { type: [32m&apos;object&apos;[39m, flags: [36m[Object][39m },
    privateKeyProvider: { type: [32m&apos;any&apos;[39m, flags: [36m[Object][39m }
  }
}
🤖 [MS3-PKG] [DEBUG] 🤖 [MS3-PKG] [DEBUG] 🤖 [MS3-PKG] [DEBUG] 🤖 [MS3-PKG] [DEBUG] 🤖 [MS3-PKG] [DEBUG] 🤖 [MS3-PKG] [DEBUG] 🤖 [MS3-PKG] [DEBUG] 🤖 [MS3-PKG] [DEBUG] 🤖 [MS3-PKG] [DEBUG] 🤖 [MS3-PKG] [DEBUG] 🤖 [MS3-PKG] [DEBUG] 🤖 [MS3-PKG] [DEBUG] 🤖 [MS3-PKG] [DEBUG] 🤖 [MS3-PKG] [DEBUG] 📊 [analyzeJoiSchema] Field web3authConfig: type=object, required=true, message=&quot;Web3Auth configuration object&quot;
🤖 [MS3-PKG] [DEBUG] 🤖 [MS3-PKG] [DEBUG] 🤖 [MS3-PKG] [DEBUG] 🤖 [MS3-PKG] [DEBUG] 🤖 [MS3-PKG] [DEBUG] 🤖 [MS3-PKG] [DEBUG] 🤖 [MS3-PKG] [DEBUG] 🤖 [MS3-PKG] [DEBUG] 🤖 [MS3-PKG] [DEBUG] 🤖 [MS3-PKG] [DEBUG] 🤖 [MS3-PKG] [DEBUG] 🤖 [MS3-PKG] [DEBUG] 🤖 [MS3-PKG] [DEBUG] 🤖 [MS3-PKG] [DEBUG] 🔄 [analyzeJoiSchema] Recursing into nested object: web3authConfig
🤖 [MS3-PKG] [DEBUG] 🤖 [MS3-PKG] [DEBUG] 🤖 [MS3-PKG] [DEBUG] 🤖 [MS3-PKG] [DEBUG] 🤖 [MS3-PKG] [DEBUG] 🤖 [MS3-PKG] [DEBUG] 🤖 [MS3-PKG] [DEBUG] 🤖 [MS3-PKG] [DEBUG] 🤖 [MS3-PKG] [DEBUG] 🤖 [MS3-PKG] [DEBUG] 🤖 [MS3-PKG] [DEBUG] 🤖 [MS3-PKG] [DEBUG] 🤖 [MS3-PKG] [DEBUG] 🤖 [MS3-PKG] [DEBUG] 🔑 [analyzeJoiSchema] Processing field: multiChainRpcs
🤖 [MS3-PKG] [DEBUG] 🤖 [MS3-PKG] [DEBUG] 🤖 [MS3-PKG] [DEBUG] 🤖 [MS3-PKG] [DEBUG] 🤖 [MS3-PKG] [DEBUG] 🤖 [MS3-PKG] [DEBUG] 🤖 [MS3-PKG] [DEBUG] 🤖 [MS3-PKG] [DEBUG] 🤖 [MS3-PKG] [DEBUG] 🤖 [MS3-PKG] [DEBUG] 🤖 [MS3-PKG] [DEBUG] 🤖 [MS3-PKG] [DEBUG] 🤖 [MS3-PKG] [DEBUG] 🤖 [MS3-PKG] [DEBUG] 📝 [analyzeJoiSchema] Field description: {
  type: [32m&apos;object&apos;[39m,
  flags: {
    presence: [32m&apos;optional&apos;[39m,
    description: [32m&apos;Multi-chain RPC configuration - maps chain IDs to RPC URL arrays&apos;[39m
  },
  patterns: [ { schema: [36m[Object][39m, rule: [36m[Object][39m } ]
}
🤖 [MS3-PKG] [DEBUG] 🤖 [MS3-PKG] [DEBUG] 🤖 [MS3-PKG] [DEBUG] 🤖 [MS3-PKG] [DEBUG] 🤖 [MS3-PKG] [DEBUG] 🤖 [MS3-PKG] [DEBUG] 🤖 [MS3-PKG] [DEBUG] 🤖 [MS3-PKG] [DEBUG] 🤖 [MS3-PKG] [DEBUG] 🤖 [MS3-PKG] [DEBUG] 🤖 [MS3-PKG] [DEBUG] 🤖 [MS3-PKG] [DEBUG] 🤖 [MS3-PKG] [DEBUG] 🤖 [MS3-PKG] [DEBUG] 📊 [analyzeJoiSchema] Field multiChainRpcs: type=object, required=false, message=&quot;Multi-chain RPC configuration - maps chain IDs to RPC URL arrays&quot;
🤖 [MS3-PKG] [INFO] 🤖 [MS3-PKG] [INFO] 🤖 [MS3-PKG] [INFO] 🤖 [MS3-PKG] [INFO] 🤖 [MS3-PKG] [INFO] 🤖 [MS3-PKG] [INFO] 🤖 [MS3-PKG] [INFO] 🤖 [MS3-PKG] [INFO] 🤖 [MS3-PKG] [INFO] 🤖 [MS3-PKG] [INFO] 🤖 [MS3-PKG] [INFO] 🤖 [MS3-PKG] [INFO] 🤖 [MS3-PKG] [INFO] 🤖 [MS3-PKG] [INFO] 📊 [analyzeJoiSchema] Generated 14 requirements for options
🤖 [MS3-PKG] [DEBUG] 🤖 [MS3-PKG] [DEBUG] 🤖 [MS3-PKG] [DEBUG] 🤖 [MS3-PKG] [DEBUG] 🤖 [MS3-PKG] [DEBUG] 🤖 [MS3-PKG] [DEBUG] 🤖 [MS3-PKG] [DEBUG] 🤖 [MS3-PKG] [DEBUG] 🤖 [MS3-PKG] [DEBUG] 🤖 [MS3-PKG] [DEBUG] 🤖 [MS3-PKG] [DEBUG] 🤖 [MS3-PKG] [DEBUG] 🤖 [MS3-PKG] [DEBUG] 🤖 [MS3-PKG] [DEBUG] 🔍 [getRequirements] Starting analysis for bulk-test-57
🤖 [MS3-PKG] [DEBUG] 🤖 [MS3-PKG] [DEBUG] 🤖 [MS3-PKG] [DEBUG] 🤖 [MS3-PKG] [DEBUG] 🤖 [MS3-PKG] [DEBUG] 🤖 [MS3-PKG] [DEBUG] 🤖 [MS3-PKG] [DEBUG] 🤖 [MS3-PKG] [DEBUG] 🤖 [MS3-PKG] [DEBUG] 🤖 [MS3-PKG] [DEBUG] 🤖 [MS3-PKG] [DEBUG] 🤖 [MS3-PKG] [DEBUG] 🤖 [MS3-PKG] [DEBUG] 🤖 [MS3-PKG] [DEBUG] 🔬 [analyzeJoiSchema] Analyzing schema at path: options
🤖 [MS3-PKG] [DEBUG] 🤖 [MS3-PKG] [DEBUG] 🤖 [MS3-PKG] [DEBUG] 🤖 [MS3-PKG] [DEBUG] 🤖 [MS3-PKG] [DEBUG] 🤖 [MS3-PKG] [DEBUG] 🤖 [MS3-PKG] [DEBUG] 🤖 [MS3-PKG] [DEBUG] 🤖 [MS3-PKG] [DEBUG] 🤖 [MS3-PKG] [DEBUG] 🤖 [MS3-PKG] [DEBUG] 🤖 [MS3-PKG] [DEBUG] 🤖 [MS3-PKG] [DEBUG] 🤖 [MS3-PKG] [DEBUG] 📋 [analyzeJoiSchema] Schema description type: object
🤖 [MS3-PKG] [DEBUG] 🤖 [MS3-PKG] [DEBUG] 🤖 [MS3-PKG] [DEBUG] 🤖 [MS3-PKG] [DEBUG] 🤖 [MS3-PKG] [DEBUG] 🤖 [MS3-PKG] [DEBUG] 🤖 [MS3-PKG] [DEBUG] 🤖 [MS3-PKG] [DEBUG] 🤖 [MS3-PKG] [DEBUG] 🤖 [MS3-PKG] [DEBUG] 🤖 [MS3-PKG] [DEBUG] 🤖 [MS3-PKG] [DEBUG] 🤖 [MS3-PKG] [DEBUG] 🤖 [MS3-PKG] [DEBUG] 📋 [analyzeJoiSchema] Schema keys: [ [32m&apos;privateKey&apos;[39m, [32m&apos;provider&apos;[39m, [32m&apos;multiChainRpcs&apos;[39m ]
🤖 [MS3-PKG] [DEBUG] 🤖 [MS3-PKG] [DEBUG] 🤖 [MS3-PKG] [DEBUG] 🤖 [MS3-PKG] [DEBUG] 🤖 [MS3-PKG] [DEBUG] 🤖 [MS3-PKG] [DEBUG] 🤖 [MS3-PKG] [DEBUG] 🤖 [MS3-PKG] [DEBUG] 🤖 [MS3-PKG] [DEBUG] 🤖 [MS3-PKG] [DEBUG] 🤖 [MS3-PKG] [DEBUG] 🤖 [MS3-PKG] [DEBUG] 🤖 [MS3-PKG] [DEBUG] 🤖 [MS3-PKG] [DEBUG] ✅ [analyzeJoiSchema] Processing object schema with 3 keys
🤖 [MS3-PKG] [DEBUG] 🤖 [MS3-PKG] [DEBUG] 🤖 [MS3-PKG] [DEBUG] 🤖 [MS3-PKG] [DEBUG] 🤖 [MS3-PKG] [DEBUG] 🤖 [MS3-PKG] [DEBUG] 🤖 [MS3-PKG] [DEBUG] 🤖 [MS3-PKG] [DEBUG] 🤖 [MS3-PKG] [DEBUG] 🤖 [MS3-PKG] [DEBUG] 🤖 [MS3-PKG] [DEBUG] 🤖 [MS3-PKG] [DEBUG] 🤖 [MS3-PKG] [DEBUG] 🤖 [MS3-PKG] [DEBUG] 🔑 [analyzeJoiSchema] Processing field: privateKey
🤖 [MS3-PKG] [DEBUG] 🤖 [MS3-PKG] [DEBUG] 🤖 [MS3-PKG] [DEBUG] 🤖 [MS3-PKG] [DEBUG] 🤖 [MS3-PKG] [DEBUG] 🤖 [MS3-PKG] [DEBUG] 🤖 [MS3-PKG] [DEBUG] 🤖 [MS3-PKG] [DEBUG] 🤖 [MS3-PKG] [DEBUG] 🤖 [MS3-PKG] [DEBUG] 🤖 [MS3-PKG] [DEBUG] 🤖 [MS3-PKG] [DEBUG] 🤖 [MS3-PKG] [DEBUG] 🤖 [MS3-PKG] [DEBUG] 📝 [analyzeJoiSchema] Field description: {
  type: [32m&apos;string&apos;[39m,
  flags: {
    presence: [32m&apos;required&apos;[39m,
    description: [32m&apos;Private key for wallet (generates random if not provided)&apos;[39m
  },
  rules: [ { name: [32m&apos;pattern&apos;[39m, args: [36m[Object][39m } ]
}
🤖 [MS3-PKG] [DEBUG] 🤖 [MS3-PKG] [DEBUG] 🤖 [MS3-PKG] [DEBUG] 🤖 [MS3-PKG] [DEBUG] 🤖 [MS3-PKG] [DEBUG] 🤖 [MS3-PKG] [DEBUG] 🤖 [MS3-PKG] [DEBUG] 🤖 [MS3-PKG] [DEBUG] 🤖 [MS3-PKG] [DEBUG] 🤖 [MS3-PKG] [DEBUG] 🤖 [MS3-PKG] [DEBUG] 🤖 [MS3-PKG] [DEBUG] 🤖 [MS3-PKG] [DEBUG] 🤖 [MS3-PKG] [DEBUG] 📊 [analyzeJoiSchema] Field privateKey: type=string, required=true, message=&quot;Private key for wallet (generates random if not provided)&quot;
🤖 [MS3-PKG] [DEBUG] 🤖 [MS3-PKG] [DEBUG] 🤖 [MS3-PKG] [DEBUG] 🤖 [MS3-PKG] [DEBUG] 🤖 [MS3-PKG] [DEBUG] 🤖 [MS3-PKG] [DEBUG] 🤖 [MS3-PKG] [DEBUG] 🤖 [MS3-PKG] [DEBUG] 🤖 [MS3-PKG] [DEBUG] 🤖 [MS3-PKG] [DEBUG] 🤖 [MS3-PKG] [DEBUG] 🤖 [MS3-PKG] [DEBUG] 🤖 [MS3-PKG] [DEBUG] 🤖 [MS3-PKG] [DEBUG] 🔑 [analyzeJoiSchema] Processing field: provider
🤖 [MS3-PKG] [DEBUG] 🤖 [MS3-PKG] [DEBUG] 🤖 [MS3-PKG] [DEBUG] 🤖 [MS3-PKG] [DEBUG] 🤖 [MS3-PKG] [DEBUG] 🤖 [MS3-PKG] [DEBUG] 🤖 [MS3-PKG] [DEBUG] 🤖 [MS3-PKG] [DEBUG] 🤖 [MS3-PKG] [DEBUG] 🤖 [MS3-PKG] [DEBUG] 🤖 [MS3-PKG] [DEBUG] 🤖 [MS3-PKG] [DEBUG] 🤖 [MS3-PKG] [DEBUG] 🤖 [MS3-PKG] [DEBUG] 📝 [analyzeJoiSchema] Field description: {
  type: [32m&apos;object&apos;[39m,
  flags: {
    presence: [32m&apos;optional&apos;[39m,
    description: [32m&apos;Optional provider configuration&apos;[39m
  },
  keys: {
    name: { type: [32m&apos;string&apos;[39m, flags: [36m[Object][39m },
    chainId: { type: [32m&apos;string&apos;[39m, flags: [36m[Object][39m, rules: [36m[Array][39m },
    rpcUrls: { type: [32m&apos;array&apos;[39m, flags: [36m[Object][39m, rules: [36m[Array][39m, items: [36m[Array][39m },
    displayName: { type: [32m&apos;string&apos;[39m, flags: [36m[Object][39m }
  }
}
🤖 [MS3-PKG] [DEBUG] 🤖 [MS3-PKG] [DEBUG] 🤖 [MS3-PKG] [DEBUG] 🤖 [MS3-PKG] [DEBUG] 🤖 [MS3-PKG] [DEBUG] 🤖 [MS3-PKG] [DEBUG] 🤖 [MS3-PKG] [DEBUG] 🤖 [MS3-PKG] [DEBUG] 🤖 [MS3-PKG] [DEBUG] 🤖 [MS3-PKG] [DEBUG] 🤖 [MS3-PKG] [DEBUG] 🤖 [MS3-PKG] [DEBUG] 🤖 [MS3-PKG] [DEBUG] 🤖 [MS3-PKG] [DEBUG] 📊 [analyzeJoiSchema] Field provider: type=object, required=false, message=&quot;Optional provider configuration&quot;
🤖 [MS3-PKG] [DEBUG] 🤖 [MS3-PKG] [DEBUG] 🤖 [MS3-PKG] [DEBUG] 🤖 [MS3-PKG] [DEBUG] 🤖 [MS3-PKG] [DEBUG] 🤖 [MS3-PKG] [DEBUG] 🤖 [MS3-PKG] [DEBUG] 🤖 [MS3-PKG] [DEBUG] 🤖 [MS3-PKG] [DEBUG] 🤖 [MS3-PKG] [DEBUG] 🤖 [MS3-PKG] [DEBUG] 🤖 [MS3-PKG] [DEBUG] 🤖 [MS3-PKG] [DEBUG] 🤖 [MS3-PKG] [DEBUG] 🔄 [analyzeJoiSchema] Recursing into nested object: provider
🤖 [MS3-PKG] [DEBUG] 🤖 [MS3-PKG] [DEBUG] 🤖 [MS3-PKG] [DEBUG] 🤖 [MS3-PKG] [DEBUG] 🤖 [MS3-PKG] [DEBUG] 🤖 [MS3-PKG] [DEBUG] 🤖 [MS3-PKG] [DEBUG] 🤖 [MS3-PKG] [DEBUG] 🤖 [MS3-PKG] [DEBUG] 🤖 [MS3-PKG] [DEBUG] 🤖 [MS3-PKG] [DEBUG] 🤖 [MS3-PKG] [DEBUG] 🤖 [MS3-PKG] [DEBUG] 🤖 [MS3-PKG] [DEBUG] 🔑 [analyzeJoiSchema] Processing field: multiChainRpcs
🤖 [MS3-PKG] [DEBUG] 🤖 [MS3-PKG] [DEBUG] 🤖 [MS3-PKG] [DEBUG] 🤖 [MS3-PKG] [DEBUG] 🤖 [MS3-PKG] [DEBUG] 🤖 [MS3-PKG] [DEBUG] 🤖 [MS3-PKG] [DEBUG] 🤖 [MS3-PKG] [DEBUG] 🤖 [MS3-PKG] [DEBUG] 🤖 [MS3-PKG] [DEBUG] 🤖 [MS3-PKG] [DEBUG] 🤖 [MS3-PKG] [DEBUG] 🤖 [MS3-PKG] [DEBUG] 🤖 [MS3-PKG] [DEBUG] 📝 [analyzeJoiSchema] Field description: {
  type: [32m&apos;object&apos;[39m,
  flags: {
    presence: [32m&apos;optional&apos;[39m,
    description: [32m&apos;Multi-chain RPC configuration - maps chain IDs to RPC URL arrays&apos;[39m
  },
  patterns: [ { schema: [36m[Object][39m, rule: [36m[Object][39m } ]
}
🤖 [MS3-PKG] [DEBUG] 🤖 [MS3-PKG] [DEBUG] 🤖 [MS3-PKG] [DEBUG] 🤖 [MS3-PKG] [DEBUG] 🤖 [MS3-PKG] [DEBUG] 🤖 [MS3-PKG] [DEBUG] 🤖 [MS3-PKG] [DEBUG] 🤖 [MS3-PKG] [DEBUG] 🤖 [MS3-PKG] [DEBUG] 🤖 [MS3-PKG] [DEBUG] 🤖 [MS3-PKG] [DEBUG] 🤖 [MS3-PKG] [DEBUG] 🤖 [MS3-PKG] [DEBUG] 🤖 [MS3-PKG] [DEBUG] 📊 [analyzeJoiSchema] Field multiChainRpcs: type=object, required=false, message=&quot;Multi-chain RPC configuration - maps chain IDs to RPC URL arrays&quot;
🤖 [MS3-PKG] [INFO] 🤖 [MS3-PKG] [INFO] 🤖 [MS3-PKG] [INFO] 🤖 [MS3-PKG] [INFO] 🤖 [MS3-PKG] [INFO] 🤖 [MS3-PKG] [INFO] 🤖 [MS3-PKG] [INFO] 🤖 [MS3-PKG] [INFO] 🤖 [MS3-PKG] [INFO] 🤖 [MS3-PKG] [INFO] 🤖 [MS3-PKG] [INFO] 🤖 [MS3-PKG] [INFO] 🤖 [MS3-PKG] [INFO] 🤖 [MS3-PKG] [INFO] 📊 [analyzeJoiSchema] Generated 7 requirements for options
🤖 [MS3-PKG] [DEBUG] 🤖 [MS3-PKG] [DEBUG] 🤖 [MS3-PKG] [DEBUG] 🤖 [MS3-PKG] [DEBUG] 🤖 [MS3-PKG] [DEBUG] 🤖 [MS3-PKG] [DEBUG] 🤖 [MS3-PKG] [DEBUG] 🤖 [MS3-PKG] [DEBUG] 🤖 [MS3-PKG] [DEBUG] 🤖 [MS3-PKG] [DEBUG] 🤖 [MS3-PKG] [DEBUG] 🤖 [MS3-PKG] [DEBUG] 🤖 [MS3-PKG] [DEBUG] 🤖 [MS3-PKG] [DEBUG] 🔍 [getRequirements] Starting analysis for bulk-test-57
🤖 [MS3-PKG] [DEBUG] 🤖 [MS3-PKG] [DEBUG] 🤖 [MS3-PKG] [DEBUG] 🤖 [MS3-PKG] [DEBUG] 🤖 [MS3-PKG] [DEBUG] 🤖 [MS3-PKG] [DEBUG] 🤖 [MS3-PKG] [DEBUG] 🤖 [MS3-PKG] [DEBUG] 🤖 [MS3-PKG] [DEBUG] 🤖 [MS3-PKG] [DEBUG] 🤖 [MS3-PKG] [DEBUG] 🤖 [MS3-PKG] [DEBUG] 🤖 [MS3-PKG] [DEBUG] 🤖 [MS3-PKG] [DEBUG] 🔬 [analyzeJoiSchema] Analyzing schema at path: options
🤖 [MS3-PKG] [DEBUG] 🤖 [MS3-PKG] [DEBUG] 🤖 [MS3-PKG] [DEBUG] 🤖 [MS3-PKG] [DEBUG] 🤖 [MS3-PKG] [DEBUG] 🤖 [MS3-PKG] [DEBUG] 🤖 [MS3-PKG] [DEBUG] 🤖 [MS3-PKG] [DEBUG] 🤖 [MS3-PKG] [DEBUG] 🤖 [MS3-PKG] [DEBUG] 🤖 [MS3-PKG] [DEBUG] 🤖 [MS3-PKG] [DEBUG] 🤖 [MS3-PKG] [DEBUG] 🤖 [MS3-PKG] [DEBUG] 📋 [analyzeJoiSchema] Schema description type: object
🤖 [MS3-PKG] [DEBUG] 🤖 [MS3-PKG] [DEBUG] 🤖 [MS3-PKG] [DEBUG] 🤖 [MS3-PKG] [DEBUG] 🤖 [MS3-PKG] [DEBUG] 🤖 [MS3-PKG] [DEBUG] 🤖 [MS3-PKG] [DEBUG] 🤖 [MS3-PKG] [DEBUG] 🤖 [MS3-PKG] [DEBUG] 🤖 [MS3-PKG] [DEBUG] 🤖 [MS3-PKG] [DEBUG] 🤖 [MS3-PKG] [DEBUG] 🤖 [MS3-PKG] [DEBUG] 🤖 [MS3-PKG] [DEBUG] 📋 [analyzeJoiSchema] Schema keys: [ [32m&apos;web3authConfig&apos;[39m, [32m&apos;multiChainRpcs&apos;[39m ]
🤖 [MS3-PKG] [DEBUG] 🤖 [MS3-PKG] [DEBUG] 🤖 [MS3-PKG] [DEBUG] 🤖 [MS3-PKG] [DEBUG] 🤖 [MS3-PKG] [DEBUG] 🤖 [MS3-PKG] [DEBUG] 🤖 [MS3-PKG] [DEBUG] 🤖 [MS3-PKG] [DEBUG] 🤖 [MS3-PKG] [DEBUG] 🤖 [MS3-PKG] [DEBUG] 🤖 [MS3-PKG] [DEBUG] 🤖 [MS3-PKG] [DEBUG] 🤖 [MS3-PKG] [DEBUG] 🤖 [MS3-PKG] [DEBUG] ✅ [analyzeJoiSchema] Processing object schema with 2 keys
🤖 [MS3-PKG] [DEBUG] 🤖 [MS3-PKG] [DEBUG] 🤖 [MS3-PKG] [DEBUG] 🤖 [MS3-PKG] [DEBUG] 🤖 [MS3-PKG] [DEBUG] 🤖 [MS3-PKG] [DEBUG] 🤖 [MS3-PKG] [DEBUG] 🤖 [MS3-PKG] [DEBUG] 🤖 [MS3-PKG] [DEBUG] 🤖 [MS3-PKG] [DEBUG] 🤖 [MS3-PKG] [DEBUG] 🤖 [MS3-PKG] [DEBUG] 🤖 [MS3-PKG] [DEBUG] 🤖 [MS3-PKG] [DEBUG] 🔑 [analyzeJoiSchema] Processing field: web3authConfig
🤖 [MS3-PKG] [DEBUG] 🤖 [MS3-PKG] [DEBUG] 🤖 [MS3-PKG] [DEBUG] 🤖 [MS3-PKG] [DEBUG] 🤖 [MS3-PKG] [DEBUG] 🤖 [MS3-PKG] [DEBUG] 🤖 [MS3-PKG] [DEBUG] 🤖 [MS3-PKG] [DEBUG] 🤖 [MS3-PKG] [DEBUG] 🤖 [MS3-PKG] [DEBUG] 🤖 [MS3-PKG] [DEBUG] 🤖 [MS3-PKG] [DEBUG] 🤖 [MS3-PKG] [DEBUG] 🤖 [MS3-PKG] [DEBUG] 📝 [analyzeJoiSchema] Field description: {
  type: [32m&apos;object&apos;[39m,
  flags: {
    presence: [32m&apos;required&apos;[39m,
    description: [32m&apos;Web3Auth configuration object&apos;[39m
  },
  keys: {
    clientId: { type: [32m&apos;string&apos;[39m, flags: [36m[Object][39m },
    web3AuthNetwork: { type: [32m&apos;string&apos;[39m, flags: [36m[Object][39m, allow: [36m[Array][39m },
    chainConfig: { type: [32m&apos;object&apos;[39m, flags: [36m[Object][39m, keys: [36m[Object][39m },
    loginConfig: { type: [32m&apos;object&apos;[39m, flags: [36m[Object][39m },
    privateKeyProvider: { type: [32m&apos;any&apos;[39m, flags: [36m[Object][39m }
  }
}
🤖 [MS3-PKG] [DEBUG] 🤖 [MS3-PKG] [DEBUG] 🤖 [MS3-PKG] [DEBUG] 🤖 [MS3-PKG] [DEBUG] 🤖 [MS3-PKG] [DEBUG] 🤖 [MS3-PKG] [DEBUG] 🤖 [MS3-PKG] [DEBUG] 🤖 [MS3-PKG] [DEBUG] 🤖 [MS3-PKG] [DEBUG] 🤖 [MS3-PKG] [DEBUG] 🤖 [MS3-PKG] [DEBUG] 🤖 [MS3-PKG] [DEBUG] 🤖 [MS3-PKG] [DEBUG] 🤖 [MS3-PKG] [DEBUG] 📊 [analyzeJoiSchema] Field web3authConfig: type=object, required=true, message=&quot;Web3Auth configuration object&quot;
🤖 [MS3-PKG] [DEBUG] 🤖 [MS3-PKG] [DEBUG] 🤖 [MS3-PKG] [DEBUG] 🤖 [MS3-PKG] [DEBUG] 🤖 [MS3-PKG] [DEBUG] 🤖 [MS3-PKG] [DEBUG] 🤖 [MS3-PKG] [DEBUG] 🤖 [MS3-PKG] [DEBUG] 🤖 [MS3-PKG] [DEBUG] 🤖 [MS3-PKG] [DEBUG] 🤖 [MS3-PKG] [DEBUG] 🤖 [MS3-PKG] [DEBUG] 🤖 [MS3-PKG] [DEBUG] 🤖 [MS3-PKG] [DEBUG] 🔄 [analyzeJoiSchema] Recursing into nested object: web3authConfig
🤖 [MS3-PKG] [DEBUG] 🤖 [MS3-PKG] [DEBUG] 🤖 [MS3-PKG] [DEBUG] 🤖 [MS3-PKG] [DEBUG] 🤖 [MS3-PKG] [DEBUG] 🤖 [MS3-PKG] [DEBUG] 🤖 [MS3-PKG] [DEBUG] 🤖 [MS3-PKG] [DEBUG] 🤖 [MS3-PKG] [DEBUG] 🤖 [MS3-PKG] [DEBUG] 🤖 [MS3-PKG] [DEBUG] 🤖 [MS3-PKG] [DEBUG] 🤖 [MS3-PKG] [DEBUG] 🤖 [MS3-PKG] [DEBUG] 🔑 [analyzeJoiSchema] Processing field: multiChainRpcs
🤖 [MS3-PKG] [DEBUG] 🤖 [MS3-PKG] [DEBUG] 🤖 [MS3-PKG] [DEBUG] 🤖 [MS3-PKG] [DEBUG] 🤖 [MS3-PKG] [DEBUG] 🤖 [MS3-PKG] [DEBUG] 🤖 [MS3-PKG] [DEBUG] 🤖 [MS3-PKG] [DEBUG] 🤖 [MS3-PKG] [DEBUG] 🤖 [MS3-PKG] [DEBUG] 🤖 [MS3-PKG] [DEBUG] 🤖 [MS3-PKG] [DEBUG] 🤖 [MS3-PKG] [DEBUG] 🤖 [MS3-PKG] [DEBUG] 📝 [analyzeJoiSchema] Field description: {
  type: [32m&apos;object&apos;[39m,
  flags: {
    presence: [32m&apos;optional&apos;[39m,
    description: [32m&apos;Multi-chain RPC configuration - maps chain IDs to RPC URL arrays&apos;[39m
  },
  patterns: [ { schema: [36m[Object][39m, rule: [36m[Object][39m } ]
}
🤖 [MS3-PKG] [DEBUG] 🤖 [MS3-PKG] [DEBUG] 🤖 [MS3-PKG] [DEBUG] 🤖 [MS3-PKG] [DEBUG] 🤖 [MS3-PKG] [DEBUG] 🤖 [MS3-PKG] [DEBUG] 🤖 [MS3-PKG] [DEBUG] 🤖 [MS3-PKG] [DEBUG] 🤖 [MS3-PKG] [DEBUG] 🤖 [MS3-PKG] [DEBUG] 🤖 [MS3-PKG] [DEBUG] 🤖 [MS3-PKG] [DEBUG] 🤖 [MS3-PKG] [DEBUG] 🤖 [MS3-PKG] [DEBUG] 📊 [analyzeJoiSchema] Field multiChainRpcs: type=object, required=false, message=&quot;Multi-chain RPC configuration - maps chain IDs to RPC URL arrays&quot;
🤖 [MS3-PKG] [INFO] 🤖 [MS3-PKG] [INFO] 🤖 [MS3-PKG] [INFO] 🤖 [MS3-PKG] [INFO] 🤖 [MS3-PKG] [INFO] 🤖 [MS3-PKG] [INFO] 🤖 [MS3-PKG] [INFO] 🤖 [MS3-PKG] [INFO] 🤖 [MS3-PKG] [INFO] 🤖 [MS3-PKG] [INFO] 🤖 [MS3-PKG] [INFO] 🤖 [MS3-PKG] [INFO] 🤖 [MS3-PKG] [INFO] 🤖 [MS3-PKG] [INFO] 📊 [analyzeJoiSchema] Generated 14 requirements for options
🤖 [MS3-PKG] [DEBUG] 🤖 [MS3-PKG] [DEBUG] 🤖 [MS3-PKG] [DEBUG] 🤖 [MS3-PKG] [DEBUG] 🤖 [MS3-PKG] [DEBUG] 🤖 [MS3-PKG] [DEBUG] 🤖 [MS3-PKG] [DEBUG] 🤖 [MS3-PKG] [DEBUG] 🤖 [MS3-PKG] [DEBUG] 🤖 [MS3-PKG] [DEBUG] 🤖 [MS3-PKG] [DEBUG] 🤖 [MS3-PKG] [DEBUG] 🤖 [MS3-PKG] [DEBUG] 🤖 [MS3-PKG] [DEBUG] 🔍 [getRequirements] Starting analysis for bulk-test-58
🤖 [MS3-PKG] [DEBUG] 🤖 [MS3-PKG] [DEBUG] 🤖 [MS3-PKG] [DEBUG] 🤖 [MS3-PKG] [DEBUG] 🤖 [MS3-PKG] [DEBUG] 🤖 [MS3-PKG] [DEBUG] 🤖 [MS3-PKG] [DEBUG] 🤖 [MS3-PKG] [DEBUG] 🤖 [MS3-PKG] [DEBUG] 🤖 [MS3-PKG] [DEBUG] 🤖 [MS3-PKG] [DEBUG] 🤖 [MS3-PKG] [DEBUG] 🤖 [MS3-PKG] [DEBUG] 🤖 [MS3-PKG] [DEBUG] 🔬 [analyzeJoiSchema] Analyzing schema at path: options
🤖 [MS3-PKG] [DEBUG] 🤖 [MS3-PKG] [DEBUG] 🤖 [MS3-PKG] [DEBUG] 🤖 [MS3-PKG] [DEBUG] 🤖 [MS3-PKG] [DEBUG] 🤖 [MS3-PKG] [DEBUG] 🤖 [MS3-PKG] [DEBUG] 🤖 [MS3-PKG] [DEBUG] 🤖 [MS3-PKG] [DEBUG] 🤖 [MS3-PKG] [DEBUG] 🤖 [MS3-PKG] [DEBUG] 🤖 [MS3-PKG] [DEBUG] 🤖 [MS3-PKG] [DEBUG] 🤖 [MS3-PKG] [DEBUG] 📋 [analyzeJoiSchema] Schema description type: object
🤖 [MS3-PKG] [DEBUG] 🤖 [MS3-PKG] [DEBUG] 🤖 [MS3-PKG] [DEBUG] 🤖 [MS3-PKG] [DEBUG] 🤖 [MS3-PKG] [DEBUG] 🤖 [MS3-PKG] [DEBUG] 🤖 [MS3-PKG] [DEBUG] 🤖 [MS3-PKG] [DEBUG] 🤖 [MS3-PKG] [DEBUG] 🤖 [MS3-PKG] [DEBUG] 🤖 [MS3-PKG] [DEBUG] 🤖 [MS3-PKG] [DEBUG] 🤖 [MS3-PKG] [DEBUG] 🤖 [MS3-PKG] [DEBUG] 📋 [analyzeJoiSchema] Schema keys: [ [32m&apos;privateKey&apos;[39m, [32m&apos;provider&apos;[39m, [32m&apos;multiChainRpcs&apos;[39m ]
🤖 [MS3-PKG] [DEBUG] 🤖 [MS3-PKG] [DEBUG] 🤖 [MS3-PKG] [DEBUG] 🤖 [MS3-PKG] [DEBUG] 🤖 [MS3-PKG] [DEBUG] 🤖 [MS3-PKG] [DEBUG] 🤖 [MS3-PKG] [DEBUG] 🤖 [MS3-PKG] [DEBUG] 🤖 [MS3-PKG] [DEBUG] 🤖 [MS3-PKG] [DEBUG] 🤖 [MS3-PKG] [DEBUG] 🤖 [MS3-PKG] [DEBUG] 🤖 [MS3-PKG] [DEBUG] 🤖 [MS3-PKG] [DEBUG] ✅ [analyzeJoiSchema] Processing object schema with 3 keys
🤖 [MS3-PKG] [DEBUG] 🤖 [MS3-PKG] [DEBUG] 🤖 [MS3-PKG] [DEBUG] 🤖 [MS3-PKG] [DEBUG] 🤖 [MS3-PKG] [DEBUG] 🤖 [MS3-PKG] [DEBUG] 🤖 [MS3-PKG] [DEBUG] 🤖 [MS3-PKG] [DEBUG] 🤖 [MS3-PKG] [DEBUG] 🤖 [MS3-PKG] [DEBUG] 🤖 [MS3-PKG] [DEBUG] 🤖 [MS3-PKG] [DEBUG] 🤖 [MS3-PKG] [DEBUG] 🤖 [MS3-PKG] [DEBUG] 🔑 [analyzeJoiSchema] Processing field: privateKey
🤖 [MS3-PKG] [DEBUG] 🤖 [MS3-PKG] [DEBUG] 🤖 [MS3-PKG] [DEBUG] 🤖 [MS3-PKG] [DEBUG] 🤖 [MS3-PKG] [DEBUG] 🤖 [MS3-PKG] [DEBUG] 🤖 [MS3-PKG] [DEBUG] 🤖 [MS3-PKG] [DEBUG] 🤖 [MS3-PKG] [DEBUG] 🤖 [MS3-PKG] [DEBUG] 🤖 [MS3-PKG] [DEBUG] 🤖 [MS3-PKG] [DEBUG] 🤖 [MS3-PKG] [DEBUG] 🤖 [MS3-PKG] [DEBUG] 📝 [analyzeJoiSchema] Field description: {
  type: [32m&apos;string&apos;[39m,
  flags: {
    presence: [32m&apos;required&apos;[39m,
    description: [32m&apos;Private key for wallet (generates random if not provided)&apos;[39m
  },
  rules: [ { name: [32m&apos;pattern&apos;[39m, args: [36m[Object][39m } ]
}
🤖 [MS3-PKG] [DEBUG] 🤖 [MS3-PKG] [DEBUG] 🤖 [MS3-PKG] [DEBUG] 🤖 [MS3-PKG] [DEBUG] 🤖 [MS3-PKG] [DEBUG] 🤖 [MS3-PKG] [DEBUG] 🤖 [MS3-PKG] [DEBUG] 🤖 [MS3-PKG] [DEBUG] 🤖 [MS3-PKG] [DEBUG] 🤖 [MS3-PKG] [DEBUG] 🤖 [MS3-PKG] [DEBUG] 🤖 [MS3-PKG] [DEBUG] 🤖 [MS3-PKG] [DEBUG] 🤖 [MS3-PKG] [DEBUG] 📊 [analyzeJoiSchema] Field privateKey: type=string, required=true, message=&quot;Private key for wallet (generates random if not provided)&quot;
🤖 [MS3-PKG] [DEBUG] 🤖 [MS3-PKG] [DEBUG] 🤖 [MS3-PKG] [DEBUG] 🤖 [MS3-PKG] [DEBUG] 🤖 [MS3-PKG] [DEBUG] 🤖 [MS3-PKG] [DEBUG] 🤖 [MS3-PKG] [DEBUG] 🤖 [MS3-PKG] [DEBUG] 🤖 [MS3-PKG] [DEBUG] 🤖 [MS3-PKG] [DEBUG] 🤖 [MS3-PKG] [DEBUG] 🤖 [MS3-PKG] [DEBUG] 🤖 [MS3-PKG] [DEBUG] 🤖 [MS3-PKG] [DEBUG] 🔑 [analyzeJoiSchema] Processing field: provider
🤖 [MS3-PKG] [DEBUG] 🤖 [MS3-PKG] [DEBUG] 🤖 [MS3-PKG] [DEBUG] 🤖 [MS3-PKG] [DEBUG] 🤖 [MS3-PKG] [DEBUG] 🤖 [MS3-PKG] [DEBUG] 🤖 [MS3-PKG] [DEBUG] 🤖 [MS3-PKG] [DEBUG] 🤖 [MS3-PKG] [DEBUG] 🤖 [MS3-PKG] [DEBUG] 🤖 [MS3-PKG] [DEBUG] 🤖 [MS3-PKG] [DEBUG] 🤖 [MS3-PKG] [DEBUG] 🤖 [MS3-PKG] [DEBUG] 📝 [analyzeJoiSchema] Field description: {
  type: [32m&apos;object&apos;[39m,
  flags: {
    presence: [32m&apos;optional&apos;[39m,
    description: [32m&apos;Optional provider configuration&apos;[39m
  },
  keys: {
    name: { type: [32m&apos;string&apos;[39m, flags: [36m[Object][39m },
    chainId: { type: [32m&apos;string&apos;[39m, flags: [36m[Object][39m, rules: [36m[Array][39m },
    rpcUrls: { type: [32m&apos;array&apos;[39m, flags: [36m[Object][39m, rules: [36m[Array][39m, items: [36m[Array][39m },
    displayName: { type: [32m&apos;string&apos;[39m, flags: [36m[Object][39m }
  }
}
🤖 [MS3-PKG] [DEBUG] 🤖 [MS3-PKG] [DEBUG] 🤖 [MS3-PKG] [DEBUG] 🤖 [MS3-PKG] [DEBUG] 🤖 [MS3-PKG] [DEBUG] 🤖 [MS3-PKG] [DEBUG] 🤖 [MS3-PKG] [DEBUG] 🤖 [MS3-PKG] [DEBUG] 🤖 [MS3-PKG] [DEBUG] 🤖 [MS3-PKG] [DEBUG] 🤖 [MS3-PKG] [DEBUG] 🤖 [MS3-PKG] [DEBUG] 🤖 [MS3-PKG] [DEBUG] 🤖 [MS3-PKG] [DEBUG] 📊 [analyzeJoiSchema] Field provider: type=object, required=false, message=&quot;Optional provider configuration&quot;
🤖 [MS3-PKG] [DEBUG] 🤖 [MS3-PKG] [DEBUG] 🤖 [MS3-PKG] [DEBUG] 🤖 [MS3-PKG] [DEBUG] 🤖 [MS3-PKG] [DEBUG] 🤖 [MS3-PKG] [DEBUG] 🤖 [MS3-PKG] [DEBUG] 🤖 [MS3-PKG] [DEBUG] 🤖 [MS3-PKG] [DEBUG] 🤖 [MS3-PKG] [DEBUG] 🤖 [MS3-PKG] [DEBUG] 🤖 [MS3-PKG] [DEBUG] 🤖 [MS3-PKG] [DEBUG] 🤖 [MS3-PKG] [DEBUG] 🔄 [analyzeJoiSchema] Recursing into nested object: provider
🤖 [MS3-PKG] [DEBUG] 🤖 [MS3-PKG] [DEBUG] 🤖 [MS3-PKG] [DEBUG] 🤖 [MS3-PKG] [DEBUG] 🤖 [MS3-PKG] [DEBUG] 🤖 [MS3-PKG] [DEBUG] 🤖 [MS3-PKG] [DEBUG] 🤖 [MS3-PKG] [DEBUG] 🤖 [MS3-PKG] [DEBUG] 🤖 [MS3-PKG] [DEBUG] 🤖 [MS3-PKG] [DEBUG] 🤖 [MS3-PKG] [DEBUG] 🤖 [MS3-PKG] [DEBUG] 🤖 [MS3-PKG] [DEBUG] 🔑 [analyzeJoiSchema] Processing field: multiChainRpcs
🤖 [MS3-PKG] [DEBUG] 🤖 [MS3-PKG] [DEBUG] 🤖 [MS3-PKG] [DEBUG] 🤖 [MS3-PKG] [DEBUG] 🤖 [MS3-PKG] [DEBUG] 🤖 [MS3-PKG] [DEBUG] 🤖 [MS3-PKG] [DEBUG] 🤖 [MS3-PKG] [DEBUG] 🤖 [MS3-PKG] [DEBUG] 🤖 [MS3-PKG] [DEBUG] 🤖 [MS3-PKG] [DEBUG] 🤖 [MS3-PKG] [DEBUG] 🤖 [MS3-PKG] [DEBUG] 🤖 [MS3-PKG] [DEBUG] 📝 [analyzeJoiSchema] Field description: {
  type: [32m&apos;object&apos;[39m,
  flags: {
    presence: [32m&apos;optional&apos;[39m,
    description: [32m&apos;Multi-chain RPC configuration - maps chain IDs to RPC URL arrays&apos;[39m
  },
  patterns: [ { schema: [36m[Object][39m, rule: [36m[Object][39m } ]
}
🤖 [MS3-PKG] [DEBUG] 🤖 [MS3-PKG] [DEBUG] 🤖 [MS3-PKG] [DEBUG] 🤖 [MS3-PKG] [DEBUG] 🤖 [MS3-PKG] [DEBUG] 🤖 [MS3-PKG] [DEBUG] 🤖 [MS3-PKG] [DEBUG] 🤖 [MS3-PKG] [DEBUG] 🤖 [MS3-PKG] [DEBUG] 🤖 [MS3-PKG] [DEBUG] 🤖 [MS3-PKG] [DEBUG] 🤖 [MS3-PKG] [DEBUG] 🤖 [MS3-PKG] [DEBUG] 🤖 [MS3-PKG] [DEBUG] 📊 [analyzeJoiSchema] Field multiChainRpcs: type=object, required=false, message=&quot;Multi-chain RPC configuration - maps chain IDs to RPC URL arrays&quot;
🤖 [MS3-PKG] [INFO] 🤖 [MS3-PKG] [INFO] 🤖 [MS3-PKG] [INFO] 🤖 [MS3-PKG] [INFO] 🤖 [MS3-PKG] [INFO] 🤖 [MS3-PKG] [INFO] 🤖 [MS3-PKG] [INFO] 🤖 [MS3-PKG] [INFO] 🤖 [MS3-PKG] [INFO] 🤖 [MS3-PKG] [INFO] 🤖 [MS3-PKG] [INFO] 🤖 [MS3-PKG] [INFO] 🤖 [MS3-PKG] [INFO] 🤖 [MS3-PKG] [INFO] 📊 [analyzeJoiSchema] Generated 7 requirements for options
🤖 [MS3-PKG] [DEBUG] 🤖 [MS3-PKG] [DEBUG] 🤖 [MS3-PKG] [DEBUG] 🤖 [MS3-PKG] [DEBUG] 🤖 [MS3-PKG] [DEBUG] 🤖 [MS3-PKG] [DEBUG] 🤖 [MS3-PKG] [DEBUG] 🤖 [MS3-PKG] [DEBUG] 🤖 [MS3-PKG] [DEBUG] 🤖 [MS3-PKG] [DEBUG] 🤖 [MS3-PKG] [DEBUG] 🤖 [MS3-PKG] [DEBUG] 🤖 [MS3-PKG] [DEBUG] 🤖 [MS3-PKG] [DEBUG] 🔍 [getRequirements] Starting analysis for bulk-test-58
🤖 [MS3-PKG] [DEBUG] 🤖 [MS3-PKG] [DEBUG] 🤖 [MS3-PKG] [DEBUG] 🤖 [MS3-PKG] [DEBUG] 🤖 [MS3-PKG] [DEBUG] 🤖 [MS3-PKG] [DEBUG] 🤖 [MS3-PKG] [DEBUG] 🤖 [MS3-PKG] [DEBUG] 🤖 [MS3-PKG] [DEBUG] 🤖 [MS3-PKG] [DEBUG] 🤖 [MS3-PKG] [DEBUG] 🤖 [MS3-PKG] [DEBUG] 🤖 [MS3-PKG] [DEBUG] 🤖 [MS3-PKG] [DEBUG] 🔬 [analyzeJoiSchema] Analyzing schema at path: options
🤖 [MS3-PKG] [DEBUG] 🤖 [MS3-PKG] [DEBUG] 🤖 [MS3-PKG] [DEBUG] 🤖 [MS3-PKG] [DEBUG] 🤖 [MS3-PKG] [DEBUG] 🤖 [MS3-PKG] [DEBUG] 🤖 [MS3-PKG] [DEBUG] 🤖 [MS3-PKG] [DEBUG] 🤖 [MS3-PKG] [DEBUG] 🤖 [MS3-PKG] [DEBUG] 🤖 [MS3-PKG] [DEBUG] 🤖 [MS3-PKG] [DEBUG] 🤖 [MS3-PKG] [DEBUG] 🤖 [MS3-PKG] [DEBUG] 📋 [analyzeJoiSchema] Schema description type: object
🤖 [MS3-PKG] [DEBUG] 🤖 [MS3-PKG] [DEBUG] 🤖 [MS3-PKG] [DEBUG] 🤖 [MS3-PKG] [DEBUG] 🤖 [MS3-PKG] [DEBUG] 🤖 [MS3-PKG] [DEBUG] 🤖 [MS3-PKG] [DEBUG] 🤖 [MS3-PKG] [DEBUG] 🤖 [MS3-PKG] [DEBUG] 🤖 [MS3-PKG] [DEBUG] 🤖 [MS3-PKG] [DEBUG] 🤖 [MS3-PKG] [DEBUG] 🤖 [MS3-PKG] [DEBUG] 🤖 [MS3-PKG] [DEBUG] 📋 [analyzeJoiSchema] Schema keys: [ [32m&apos;web3authConfig&apos;[39m, [32m&apos;multiChainRpcs&apos;[39m ]
🤖 [MS3-PKG] [DEBUG] 🤖 [MS3-PKG] [DEBUG] 🤖 [MS3-PKG] [DEBUG] 🤖 [MS3-PKG] [DEBUG] 🤖 [MS3-PKG] [DEBUG] 🤖 [MS3-PKG] [DEBUG] 🤖 [MS3-PKG] [DEBUG] 🤖 [MS3-PKG] [DEBUG] 🤖 [MS3-PKG] [DEBUG] 🤖 [MS3-PKG] [DEBUG] 🤖 [MS3-PKG] [DEBUG] 🤖 [MS3-PKG] [DEBUG] 🤖 [MS3-PKG] [DEBUG] 🤖 [MS3-PKG] [DEBUG] ✅ [analyzeJoiSchema] Processing object schema with 2 keys
🤖 [MS3-PKG] [DEBUG] 🤖 [MS3-PKG] [DEBUG] 🤖 [MS3-PKG] [DEBUG] 🤖 [MS3-PKG] [DEBUG] 🤖 [MS3-PKG] [DEBUG] 🤖 [MS3-PKG] [DEBUG] 🤖 [MS3-PKG] [DEBUG] 🤖 [MS3-PKG] [DEBUG] 🤖 [MS3-PKG] [DEBUG] 🤖 [MS3-PKG] [DEBUG] 🤖 [MS3-PKG] [DEBUG] 🤖 [MS3-PKG] [DEBUG] 🤖 [MS3-PKG] [DEBUG] 🤖 [MS3-PKG] [DEBUG] 🔑 [analyzeJoiSchema] Processing field: web3authConfig
🤖 [MS3-PKG] [DEBUG] 🤖 [MS3-PKG] [DEBUG] 🤖 [MS3-PKG] [DEBUG] 🤖 [MS3-PKG] [DEBUG] 🤖 [MS3-PKG] [DEBUG] 🤖 [MS3-PKG] [DEBUG] 🤖 [MS3-PKG] [DEBUG] 🤖 [MS3-PKG] [DEBUG] 🤖 [MS3-PKG] [DEBUG] 🤖 [MS3-PKG] [DEBUG] 🤖 [MS3-PKG] [DEBUG] 🤖 [MS3-PKG] [DEBUG] 🤖 [MS3-PKG] [DEBUG] 🤖 [MS3-PKG] [DEBUG] 📝 [analyzeJoiSchema] Field description: {
  type: [32m&apos;object&apos;[39m,
  flags: {
    presence: [32m&apos;required&apos;[39m,
    description: [32m&apos;Web3Auth configuration object&apos;[39m
  },
  keys: {
    clientId: { type: [32m&apos;string&apos;[39m, flags: [36m[Object][39m },
    web3AuthNetwork: { type: [32m&apos;string&apos;[39m, flags: [36m[Object][39m, allow: [36m[Array][39m },
    chainConfig: { type: [32m&apos;object&apos;[39m, flags: [36m[Object][39m, keys: [36m[Object][39m },
    loginConfig: { type: [32m&apos;object&apos;[39m, flags: [36m[Object][39m },
    privateKeyProvider: { type: [32m&apos;any&apos;[39m, flags: [36m[Object][39m }
  }
}
🤖 [MS3-PKG] [DEBUG] 🤖 [MS3-PKG] [DEBUG] 🤖 [MS3-PKG] [DEBUG] 🤖 [MS3-PKG] [DEBUG] 🤖 [MS3-PKG] [DEBUG] 🤖 [MS3-PKG] [DEBUG] 🤖 [MS3-PKG] [DEBUG] 🤖 [MS3-PKG] [DEBUG] 🤖 [MS3-PKG] [DEBUG] 🤖 [MS3-PKG] [DEBUG] 🤖 [MS3-PKG] [DEBUG] 🤖 [MS3-PKG] [DEBUG] 🤖 [MS3-PKG] [DEBUG] 🤖 [MS3-PKG] [DEBUG] 📊 [analyzeJoiSchema] Field web3authConfig: type=object, required=true, message=&quot;Web3Auth configuration object&quot;
🤖 [MS3-PKG] [DEBUG] 🤖 [MS3-PKG] [DEBUG] 🤖 [MS3-PKG] [DEBUG] 🤖 [MS3-PKG] [DEBUG] 🤖 [MS3-PKG] [DEBUG] 🤖 [MS3-PKG] [DEBUG] 🤖 [MS3-PKG] [DEBUG] 🤖 [MS3-PKG] [DEBUG] 🤖 [MS3-PKG] [DEBUG] 🤖 [MS3-PKG] [DEBUG] 🤖 [MS3-PKG] [DEBUG] 🤖 [MS3-PKG] [DEBUG] 🤖 [MS3-PKG] [DEBUG] 🤖 [MS3-PKG] [DEBUG] 🔄 [analyzeJoiSchema] Recursing into nested object: web3authConfig
🤖 [MS3-PKG] [DEBUG] 🤖 [MS3-PKG] [DEBUG] 🤖 [MS3-PKG] [DEBUG] 🤖 [MS3-PKG] [DEBUG] 🤖 [MS3-PKG] [DEBUG] 🤖 [MS3-PKG] [DEBUG] 🤖 [MS3-PKG] [DEBUG] 🤖 [MS3-PKG] [DEBUG] 🤖 [MS3-PKG] [DEBUG] 🤖 [MS3-PKG] [DEBUG] 🤖 [MS3-PKG] [DEBUG] 🤖 [MS3-PKG] [DEBUG] 🤖 [MS3-PKG] [DEBUG] 🤖 [MS3-PKG] [DEBUG] 🔑 [analyzeJoiSchema] Processing field: multiChainRpcs
🤖 [MS3-PKG] [DEBUG] 🤖 [MS3-PKG] [DEBUG] 🤖 [MS3-PKG] [DEBUG] 🤖 [MS3-PKG] [DEBUG] 🤖 [MS3-PKG] [DEBUG] 🤖 [MS3-PKG] [DEBUG] 🤖 [MS3-PKG] [DEBUG] 🤖 [MS3-PKG] [DEBUG] 🤖 [MS3-PKG] [DEBUG] 🤖 [MS3-PKG] [DEBUG] 🤖 [MS3-PKG] [DEBUG] 🤖 [MS3-PKG] [DEBUG] 🤖 [MS3-PKG] [DEBUG] 🤖 [MS3-PKG] [DEBUG] 📝 [analyzeJoiSchema] Field description: {
  type: [32m&apos;object&apos;[39m,
  flags: {
    presence: [32m&apos;optional&apos;[39m,
    description: [32m&apos;Multi-chain RPC configuration - maps chain IDs to RPC URL arrays&apos;[39m
  },
  patterns: [ { schema: [36m[Object][39m, rule: [36m[Object][39m } ]
}
🤖 [MS3-PKG] [DEBUG] 🤖 [MS3-PKG] [DEBUG] 🤖 [MS3-PKG] [DEBUG] 🤖 [MS3-PKG] [DEBUG] 🤖 [MS3-PKG] [DEBUG] 🤖 [MS3-PKG] [DEBUG] 🤖 [MS3-PKG] [DEBUG] 🤖 [MS3-PKG] [DEBUG] 🤖 [MS3-PKG] [DEBUG] 🤖 [MS3-PKG] [DEBUG] 🤖 [MS3-PKG] [DEBUG] 🤖 [MS3-PKG] [DEBUG] 🤖 [MS3-PKG] [DEBUG] 🤖 [MS3-PKG] [DEBUG] 📊 [analyzeJoiSchema] Field multiChainRpcs: type=object, required=false, message=&quot;Multi-chain RPC configuration - maps chain IDs to RPC URL arrays&quot;
🤖 [MS3-PKG] [INFO] 🤖 [MS3-PKG] [INFO] 🤖 [MS3-PKG] [INFO] 🤖 [MS3-PKG] [INFO] 🤖 [MS3-PKG] [INFO] 🤖 [MS3-PKG] [INFO] 🤖 [MS3-PKG] [INFO] 🤖 [MS3-PKG] [INFO] 🤖 [MS3-PKG] [INFO] 🤖 [MS3-PKG] [INFO] 🤖 [MS3-PKG] [INFO] 🤖 [MS3-PKG] [INFO] 🤖 [MS3-PKG] [INFO] 🤖 [MS3-PKG] [INFO] 📊 [analyzeJoiSchema] Generated 14 requirements for options
🤖 [MS3-PKG] [DEBUG] 🤖 [MS3-PKG] [DEBUG] 🤖 [MS3-PKG] [DEBUG] 🤖 [MS3-PKG] [DEBUG] 🤖 [MS3-PKG] [DEBUG] 🤖 [MS3-PKG] [DEBUG] 🤖 [MS3-PKG] [DEBUG] 🤖 [MS3-PKG] [DEBUG] 🤖 [MS3-PKG] [DEBUG] 🤖 [MS3-PKG] [DEBUG] 🤖 [MS3-PKG] [DEBUG] 🤖 [MS3-PKG] [DEBUG] 🤖 [MS3-PKG] [DEBUG] 🤖 [MS3-PKG] [DEBUG] 🔍 [getRequirements] Starting analysis for bulk-test-59
🤖 [MS3-PKG] [DEBUG] 🤖 [MS3-PKG] [DEBUG] 🤖 [MS3-PKG] [DEBUG] 🤖 [MS3-PKG] [DEBUG] 🤖 [MS3-PKG] [DEBUG] 🤖 [MS3-PKG] [DEBUG] 🤖 [MS3-PKG] [DEBUG] 🤖 [MS3-PKG] [DEBUG] 🤖 [MS3-PKG] [DEBUG] 🤖 [MS3-PKG] [DEBUG] 🤖 [MS3-PKG] [DEBUG] 🤖 [MS3-PKG] [DEBUG] 🤖 [MS3-PKG] [DEBUG] 🤖 [MS3-PKG] [DEBUG] 🔬 [analyzeJoiSchema] Analyzing schema at path: options
🤖 [MS3-PKG] [DEBUG] 🤖 [MS3-PKG] [DEBUG] 🤖 [MS3-PKG] [DEBUG] 🤖 [MS3-PKG] [DEBUG] 🤖 [MS3-PKG] [DEBUG] 🤖 [MS3-PKG] [DEBUG] 🤖 [MS3-PKG] [DEBUG] 🤖 [MS3-PKG] [DEBUG] 🤖 [MS3-PKG] [DEBUG] 🤖 [MS3-PKG] [DEBUG] 🤖 [MS3-PKG] [DEBUG] 🤖 [MS3-PKG] [DEBUG] 🤖 [MS3-PKG] [DEBUG] 🤖 [MS3-PKG] [DEBUG] 📋 [analyzeJoiSchema] Schema description type: object
🤖 [MS3-PKG] [DEBUG] 🤖 [MS3-PKG] [DEBUG] 🤖 [MS3-PKG] [DEBUG] 🤖 [MS3-PKG] [DEBUG] 🤖 [MS3-PKG] [DEBUG] 🤖 [MS3-PKG] [DEBUG] 🤖 [MS3-PKG] [DEBUG] 🤖 [MS3-PKG] [DEBUG] 🤖 [MS3-PKG] [DEBUG] 🤖 [MS3-PKG] [DEBUG] 🤖 [MS3-PKG] [DEBUG] 🤖 [MS3-PKG] [DEBUG] 🤖 [MS3-PKG] [DEBUG] 🤖 [MS3-PKG] [DEBUG] 📋 [analyzeJoiSchema] Schema keys: [ [32m&apos;privateKey&apos;[39m, [32m&apos;provider&apos;[39m, [32m&apos;multiChainRpcs&apos;[39m ]
🤖 [MS3-PKG] [DEBUG] 🤖 [MS3-PKG] [DEBUG] 🤖 [MS3-PKG] [DEBUG] 🤖 [MS3-PKG] [DEBUG] 🤖 [MS3-PKG] [DEBUG] 🤖 [MS3-PKG] [DEBUG] 🤖 [MS3-PKG] [DEBUG] 🤖 [MS3-PKG] [DEBUG] 🤖 [MS3-PKG] [DEBUG] 🤖 [MS3-PKG] [DEBUG] 🤖 [MS3-PKG] [DEBUG] 🤖 [MS3-PKG] [DEBUG] 🤖 [MS3-PKG] [DEBUG] 🤖 [MS3-PKG] [DEBUG] ✅ [analyzeJoiSchema] Processing object schema with 3 keys
🤖 [MS3-PKG] [DEBUG] 🤖 [MS3-PKG] [DEBUG] 🤖 [MS3-PKG] [DEBUG] 🤖 [MS3-PKG] [DEBUG] 🤖 [MS3-PKG] [DEBUG] 🤖 [MS3-PKG] [DEBUG] 🤖 [MS3-PKG] [DEBUG] 🤖 [MS3-PKG] [DEBUG] 🤖 [MS3-PKG] [DEBUG] 🤖 [MS3-PKG] [DEBUG] 🤖 [MS3-PKG] [DEBUG] 🤖 [MS3-PKG] [DEBUG] 🤖 [MS3-PKG] [DEBUG] 🤖 [MS3-PKG] [DEBUG] 🔑 [analyzeJoiSchema] Processing field: privateKey
🤖 [MS3-PKG] [DEBUG] 🤖 [MS3-PKG] [DEBUG] 🤖 [MS3-PKG] [DEBUG] 🤖 [MS3-PKG] [DEBUG] 🤖 [MS3-PKG] [DEBUG] 🤖 [MS3-PKG] [DEBUG] 🤖 [MS3-PKG] [DEBUG] 🤖 [MS3-PKG] [DEBUG] 🤖 [MS3-PKG] [DEBUG] 🤖 [MS3-PKG] [DEBUG] 🤖 [MS3-PKG] [DEBUG] 🤖 [MS3-PKG] [DEBUG] 🤖 [MS3-PKG] [DEBUG] 🤖 [MS3-PKG] [DEBUG] 📝 [analyzeJoiSchema] Field description: {
  type: [32m&apos;string&apos;[39m,
  flags: {
    presence: [32m&apos;required&apos;[39m,
    description: [32m&apos;Private key for wallet (generates random if not provided)&apos;[39m
  },
  rules: [ { name: [32m&apos;pattern&apos;[39m, args: [36m[Object][39m } ]
}
🤖 [MS3-PKG] [DEBUG] 🤖 [MS3-PKG] [DEBUG] 🤖 [MS3-PKG] [DEBUG] 🤖 [MS3-PKG] [DEBUG] 🤖 [MS3-PKG] [DEBUG] 🤖 [MS3-PKG] [DEBUG] 🤖 [MS3-PKG] [DEBUG] 🤖 [MS3-PKG] [DEBUG] 🤖 [MS3-PKG] [DEBUG] 🤖 [MS3-PKG] [DEBUG] 🤖 [MS3-PKG] [DEBUG] 🤖 [MS3-PKG] [DEBUG] 🤖 [MS3-PKG] [DEBUG] 🤖 [MS3-PKG] [DEBUG] 📊 [analyzeJoiSchema] Field privateKey: type=string, required=true, message=&quot;Private key for wallet (generates random if not provided)&quot;
🤖 [MS3-PKG] [DEBUG] 🤖 [MS3-PKG] [DEBUG] 🤖 [MS3-PKG] [DEBUG] 🤖 [MS3-PKG] [DEBUG] 🤖 [MS3-PKG] [DEBUG] 🤖 [MS3-PKG] [DEBUG] 🤖 [MS3-PKG] [DEBUG] 🤖 [MS3-PKG] [DEBUG] 🤖 [MS3-PKG] [DEBUG] 🤖 [MS3-PKG] [DEBUG] 🤖 [MS3-PKG] [DEBUG] 🤖 [MS3-PKG] [DEBUG] 🤖 [MS3-PKG] [DEBUG] 🤖 [MS3-PKG] [DEBUG] 🔑 [analyzeJoiSchema] Processing field: provider
🤖 [MS3-PKG] [DEBUG] 🤖 [MS3-PKG] [DEBUG] 🤖 [MS3-PKG] [DEBUG] 🤖 [MS3-PKG] [DEBUG] 🤖 [MS3-PKG] [DEBUG] 🤖 [MS3-PKG] [DEBUG] 🤖 [MS3-PKG] [DEBUG] 🤖 [MS3-PKG] [DEBUG] 🤖 [MS3-PKG] [DEBUG] 🤖 [MS3-PKG] [DEBUG] 🤖 [MS3-PKG] [DEBUG] 🤖 [MS3-PKG] [DEBUG] 🤖 [MS3-PKG] [DEBUG] 🤖 [MS3-PKG] [DEBUG] 📝 [analyzeJoiSchema] Field description: {
  type: [32m&apos;object&apos;[39m,
  flags: {
    presence: [32m&apos;optional&apos;[39m,
    description: [32m&apos;Optional provider configuration&apos;[39m
  },
  keys: {
    name: { type: [32m&apos;string&apos;[39m, flags: [36m[Object][39m },
    chainId: { type: [32m&apos;string&apos;[39m, flags: [36m[Object][39m, rules: [36m[Array][39m },
    rpcUrls: { type: [32m&apos;array&apos;[39m, flags: [36m[Object][39m, rules: [36m[Array][39m, items: [36m[Array][39m },
    displayName: { type: [32m&apos;string&apos;[39m, flags: [36m[Object][39m }
  }
}
🤖 [MS3-PKG] [DEBUG] 🤖 [MS3-PKG] [DEBUG] 🤖 [MS3-PKG] [DEBUG] 🤖 [MS3-PKG] [DEBUG] 🤖 [MS3-PKG] [DEBUG] 🤖 [MS3-PKG] [DEBUG] 🤖 [MS3-PKG] [DEBUG] 🤖 [MS3-PKG] [DEBUG] 🤖 [MS3-PKG] [DEBUG] 🤖 [MS3-PKG] [DEBUG] 🤖 [MS3-PKG] [DEBUG] 🤖 [MS3-PKG] [DEBUG] 🤖 [MS3-PKG] [DEBUG] 🤖 [MS3-PKG] [DEBUG] 📊 [analyzeJoiSchema] Field provider: type=object, required=false, message=&quot;Optional provider configuration&quot;
🤖 [MS3-PKG] [DEBUG] 🤖 [MS3-PKG] [DEBUG] 🤖 [MS3-PKG] [DEBUG] 🤖 [MS3-PKG] [DEBUG] 🤖 [MS3-PKG] [DEBUG] 🤖 [MS3-PKG] [DEBUG] 🤖 [MS3-PKG] [DEBUG] 🤖 [MS3-PKG] [DEBUG] 🤖 [MS3-PKG] [DEBUG] 🤖 [MS3-PKG] [DEBUG] 🤖 [MS3-PKG] [DEBUG] 🤖 [MS3-PKG] [DEBUG] 🤖 [MS3-PKG] [DEBUG] 🤖 [MS3-PKG] [DEBUG] 🔄 [analyzeJoiSchema] Recursing into nested object: provider
🤖 [MS3-PKG] [DEBUG] 🤖 [MS3-PKG] [DEBUG] 🤖 [MS3-PKG] [DEBUG] 🤖 [MS3-PKG] [DEBUG] 🤖 [MS3-PKG] [DEBUG] 🤖 [MS3-PKG] [DEBUG] 🤖 [MS3-PKG] [DEBUG] 🤖 [MS3-PKG] [DEBUG] 🤖 [MS3-PKG] [DEBUG] 🤖 [MS3-PKG] [DEBUG] 🤖 [MS3-PKG] [DEBUG] 🤖 [MS3-PKG] [DEBUG] 🤖 [MS3-PKG] [DEBUG] 🤖 [MS3-PKG] [DEBUG] 🔑 [analyzeJoiSchema] Processing field: multiChainRpcs
🤖 [MS3-PKG] [DEBUG] 🤖 [MS3-PKG] [DEBUG] 🤖 [MS3-PKG] [DEBUG] 🤖 [MS3-PKG] [DEBUG] 🤖 [MS3-PKG] [DEBUG] 🤖 [MS3-PKG] [DEBUG] 🤖 [MS3-PKG] [DEBUG] 🤖 [MS3-PKG] [DEBUG] 🤖 [MS3-PKG] [DEBUG] 🤖 [MS3-PKG] [DEBUG] 🤖 [MS3-PKG] [DEBUG] 🤖 [MS3-PKG] [DEBUG] 🤖 [MS3-PKG] [DEBUG] 🤖 [MS3-PKG] [DEBUG] 📝 [analyzeJoiSchema] Field description: {
  type: [32m&apos;object&apos;[39m,
  flags: {
    presence: [32m&apos;optional&apos;[39m,
    description: [32m&apos;Multi-chain RPC configuration - maps chain IDs to RPC URL arrays&apos;[39m
  },
  patterns: [ { schema: [36m[Object][39m, rule: [36m[Object][39m } ]
}
🤖 [MS3-PKG] [DEBUG] 🤖 [MS3-PKG] [DEBUG] 🤖 [MS3-PKG] [DEBUG] 🤖 [MS3-PKG] [DEBUG] 🤖 [MS3-PKG] [DEBUG] 🤖 [MS3-PKG] [DEBUG] 🤖 [MS3-PKG] [DEBUG] 🤖 [MS3-PKG] [DEBUG] 🤖 [MS3-PKG] [DEBUG] 🤖 [MS3-PKG] [DEBUG] 🤖 [MS3-PKG] [DEBUG] 🤖 [MS3-PKG] [DEBUG] 🤖 [MS3-PKG] [DEBUG] 🤖 [MS3-PKG] [DEBUG] 📊 [analyzeJoiSchema] Field multiChainRpcs: type=object, required=false, message=&quot;Multi-chain RPC configuration - maps chain IDs to RPC URL arrays&quot;
🤖 [MS3-PKG] [INFO] 🤖 [MS3-PKG] [INFO] 🤖 [MS3-PKG] [INFO] 🤖 [MS3-PKG] [INFO] 🤖 [MS3-PKG] [INFO] 🤖 [MS3-PKG] [INFO] 🤖 [MS3-PKG] [INFO] 🤖 [MS3-PKG] [INFO] 🤖 [MS3-PKG] [INFO] 🤖 [MS3-PKG] [INFO] 🤖 [MS3-PKG] [INFO] 🤖 [MS3-PKG] [INFO] 🤖 [MS3-PKG] [INFO] 🤖 [MS3-PKG] [INFO] 📊 [analyzeJoiSchema] Generated 7 requirements for options
🤖 [MS3-PKG] [DEBUG] 🤖 [MS3-PKG] [DEBUG] 🤖 [MS3-PKG] [DEBUG] 🤖 [MS3-PKG] [DEBUG] 🤖 [MS3-PKG] [DEBUG] 🤖 [MS3-PKG] [DEBUG] 🤖 [MS3-PKG] [DEBUG] 🤖 [MS3-PKG] [DEBUG] 🤖 [MS3-PKG] [DEBUG] 🤖 [MS3-PKG] [DEBUG] 🤖 [MS3-PKG] [DEBUG] 🤖 [MS3-PKG] [DEBUG] 🤖 [MS3-PKG] [DEBUG] 🤖 [MS3-PKG] [DEBUG] 🔍 [getRequirements] Starting analysis for bulk-test-59
🤖 [MS3-PKG] [DEBUG] 🤖 [MS3-PKG] [DEBUG] 🤖 [MS3-PKG] [DEBUG] 🤖 [MS3-PKG] [DEBUG] 🤖 [MS3-PKG] [DEBUG] 🤖 [MS3-PKG] [DEBUG] 🤖 [MS3-PKG] [DEBUG] 🤖 [MS3-PKG] [DEBUG] 🤖 [MS3-PKG] [DEBUG] 🤖 [MS3-PKG] [DEBUG] 🤖 [MS3-PKG] [DEBUG] 🤖 [MS3-PKG] [DEBUG] 🤖 [MS3-PKG] [DEBUG] 🤖 [MS3-PKG] [DEBUG] 🔬 [analyzeJoiSchema] Analyzing schema at path: options
🤖 [MS3-PKG] [DEBUG] 🤖 [MS3-PKG] [DEBUG] 🤖 [MS3-PKG] [DEBUG] 🤖 [MS3-PKG] [DEBUG] 🤖 [MS3-PKG] [DEBUG] 🤖 [MS3-PKG] [DEBUG] 🤖 [MS3-PKG] [DEBUG] 🤖 [MS3-PKG] [DEBUG] 🤖 [MS3-PKG] [DEBUG] 🤖 [MS3-PKG] [DEBUG] 🤖 [MS3-PKG] [DEBUG] 🤖 [MS3-PKG] [DEBUG] 🤖 [MS3-PKG] [DEBUG] 🤖 [MS3-PKG] [DEBUG] 📋 [analyzeJoiSchema] Schema description type: object
🤖 [MS3-PKG] [DEBUG] 🤖 [MS3-PKG] [DEBUG] 🤖 [MS3-PKG] [DEBUG] 🤖 [MS3-PKG] [DEBUG] 🤖 [MS3-PKG] [DEBUG] 🤖 [MS3-PKG] [DEBUG] 🤖 [MS3-PKG] [DEBUG] 🤖 [MS3-PKG] [DEBUG] 🤖 [MS3-PKG] [DEBUG] 🤖 [MS3-PKG] [DEBUG] 🤖 [MS3-PKG] [DEBUG] 🤖 [MS3-PKG] [DEBUG] 🤖 [MS3-PKG] [DEBUG] 🤖 [MS3-PKG] [DEBUG] 📋 [analyzeJoiSchema] Schema keys: [ [32m&apos;web3authConfig&apos;[39m, [32m&apos;multiChainRpcs&apos;[39m ]
🤖 [MS3-PKG] [DEBUG] 🤖 [MS3-PKG] [DEBUG] 🤖 [MS3-PKG] [DEBUG] 🤖 [MS3-PKG] [DEBUG] 🤖 [MS3-PKG] [DEBUG] 🤖 [MS3-PKG] [DEBUG] 🤖 [MS3-PKG] [DEBUG] 🤖 [MS3-PKG] [DEBUG] 🤖 [MS3-PKG] [DEBUG] 🤖 [MS3-PKG] [DEBUG] 🤖 [MS3-PKG] [DEBUG] 🤖 [MS3-PKG] [DEBUG] 🤖 [MS3-PKG] [DEBUG] 🤖 [MS3-PKG] [DEBUG] ✅ [analyzeJoiSchema] Processing object schema with 2 keys
🤖 [MS3-PKG] [DEBUG] 🤖 [MS3-PKG] [DEBUG] 🤖 [MS3-PKG] [DEBUG] 🤖 [MS3-PKG] [DEBUG] 🤖 [MS3-PKG] [DEBUG] 🤖 [MS3-PKG] [DEBUG] 🤖 [MS3-PKG] [DEBUG] 🤖 [MS3-PKG] [DEBUG] 🤖 [MS3-PKG] [DEBUG] 🤖 [MS3-PKG] [DEBUG] 🤖 [MS3-PKG] [DEBUG] 🤖 [MS3-PKG] [DEBUG] 🤖 [MS3-PKG] [DEBUG] 🤖 [MS3-PKG] [DEBUG] 🔑 [analyzeJoiSchema] Processing field: web3authConfig
🤖 [MS3-PKG] [DEBUG] 🤖 [MS3-PKG] [DEBUG] 🤖 [MS3-PKG] [DEBUG] 🤖 [MS3-PKG] [DEBUG] 🤖 [MS3-PKG] [DEBUG] 🤖 [MS3-PKG] [DEBUG] 🤖 [MS3-PKG] [DEBUG] 🤖 [MS3-PKG] [DEBUG] 🤖 [MS3-PKG] [DEBUG] 🤖 [MS3-PKG] [DEBUG] 🤖 [MS3-PKG] [DEBUG] 🤖 [MS3-PKG] [DEBUG] 🤖 [MS3-PKG] [DEBUG] 🤖 [MS3-PKG] [DEBUG] 📝 [analyzeJoiSchema] Field description: {
  type: [32m&apos;object&apos;[39m,
  flags: {
    presence: [32m&apos;required&apos;[39m,
    description: [32m&apos;Web3Auth configuration object&apos;[39m
  },
  keys: {
    clientId: { type: [32m&apos;string&apos;[39m, flags: [36m[Object][39m },
    web3AuthNetwork: { type: [32m&apos;string&apos;[39m, flags: [36m[Object][39m, allow: [36m[Array][39m },
    chainConfig: { type: [32m&apos;object&apos;[39m, flags: [36m[Object][39m, keys: [36m[Object][39m },
    loginConfig: { type: [32m&apos;object&apos;[39m, flags: [36m[Object][39m },
    privateKeyProvider: { type: [32m&apos;any&apos;[39m, flags: [36m[Object][39m }
  }
}
🤖 [MS3-PKG] [DEBUG] 🤖 [MS3-PKG] [DEBUG] 🤖 [MS3-PKG] [DEBUG] 🤖 [MS3-PKG] [DEBUG] 🤖 [MS3-PKG] [DEBUG] 🤖 [MS3-PKG] [DEBUG] 🤖 [MS3-PKG] [DEBUG] 🤖 [MS3-PKG] [DEBUG] 🤖 [MS3-PKG] [DEBUG] 🤖 [MS3-PKG] [DEBUG] 🤖 [MS3-PKG] [DEBUG] 🤖 [MS3-PKG] [DEBUG] 🤖 [MS3-PKG] [DEBUG] 🤖 [MS3-PKG] [DEBUG] 📊 [analyzeJoiSchema] Field web3authConfig: type=object, required=true, message=&quot;Web3Auth configuration object&quot;
🤖 [MS3-PKG] [DEBUG] 🤖 [MS3-PKG] [DEBUG] 🤖 [MS3-PKG] [DEBUG] 🤖 [MS3-PKG] [DEBUG] 🤖 [MS3-PKG] [DEBUG] 🤖 [MS3-PKG] [DEBUG] 🤖 [MS3-PKG] [DEBUG] 🤖 [MS3-PKG] [DEBUG] 🤖 [MS3-PKG] [DEBUG] 🤖 [MS3-PKG] [DEBUG] 🤖 [MS3-PKG] [DEBUG] 🤖 [MS3-PKG] [DEBUG] 🤖 [MS3-PKG] [DEBUG] 🤖 [MS3-PKG] [DEBUG] 🔄 [analyzeJoiSchema] Recursing into nested object: web3authConfig
🤖 [MS3-PKG] [DEBUG] 🤖 [MS3-PKG] [DEBUG] 🤖 [MS3-PKG] [DEBUG] 🤖 [MS3-PKG] [DEBUG] 🤖 [MS3-PKG] [DEBUG] 🤖 [MS3-PKG] [DEBUG] 🤖 [MS3-PKG] [DEBUG] 🤖 [MS3-PKG] [DEBUG] 🤖 [MS3-PKG] [DEBUG] 🤖 [MS3-PKG] [DEBUG] 🤖 [MS3-PKG] [DEBUG] 🤖 [MS3-PKG] [DEBUG] 🤖 [MS3-PKG] [DEBUG] 🤖 [MS3-PKG] [DEBUG] 🔑 [analyzeJoiSchema] Processing field: multiChainRpcs
🤖 [MS3-PKG] [DEBUG] 🤖 [MS3-PKG] [DEBUG] 🤖 [MS3-PKG] [DEBUG] 🤖 [MS3-PKG] [DEBUG] 🤖 [MS3-PKG] [DEBUG] 🤖 [MS3-PKG] [DEBUG] 🤖 [MS3-PKG] [DEBUG] 🤖 [MS3-PKG] [DEBUG] 🤖 [MS3-PKG] [DEBUG] 🤖 [MS3-PKG] [DEBUG] 🤖 [MS3-PKG] [DEBUG] 🤖 [MS3-PKG] [DEBUG] 🤖 [MS3-PKG] [DEBUG] 🤖 [MS3-PKG] [DEBUG] 📝 [analyzeJoiSchema] Field description: {
  type: [32m&apos;object&apos;[39m,
  flags: {
    presence: [32m&apos;optional&apos;[39m,
    description: [32m&apos;Multi-chain RPC configuration - maps chain IDs to RPC URL arrays&apos;[39m
  },
  patterns: [ { schema: [36m[Object][39m, rule: [36m[Object][39m } ]
}
🤖 [MS3-PKG] [DEBUG] 🤖 [MS3-PKG] [DEBUG] 🤖 [MS3-PKG] [DEBUG] 🤖 [MS3-PKG] [DEBUG] 🤖 [MS3-PKG] [DEBUG] 🤖 [MS3-PKG] [DEBUG] 🤖 [MS3-PKG] [DEBUG] 🤖 [MS3-PKG] [DEBUG] 🤖 [MS3-PKG] [DEBUG] 🤖 [MS3-PKG] [DEBUG] 🤖 [MS3-PKG] [DEBUG] 🤖 [MS3-PKG] [DEBUG] 🤖 [MS3-PKG] [DEBUG] 🤖 [MS3-PKG] [DEBUG] 📊 [analyzeJoiSchema] Field multiChainRpcs: type=object, required=false, message=&quot;Multi-chain RPC configuration - maps chain IDs to RPC URL arrays&quot;
🤖 [MS3-PKG] [INFO] 🤖 [MS3-PKG] [INFO] 🤖 [MS3-PKG] [INFO] 🤖 [MS3-PKG] [INFO] 🤖 [MS3-PKG] [INFO] 🤖 [MS3-PKG] [INFO] 🤖 [MS3-PKG] [INFO] 🤖 [MS3-PKG] [INFO] 🤖 [MS3-PKG] [INFO] 🤖 [MS3-PKG] [INFO] 🤖 [MS3-PKG] [INFO] 🤖 [MS3-PKG] [INFO] 🤖 [MS3-PKG] [INFO] 🤖 [MS3-PKG] [INFO] 📊 [analyzeJoiSchema] Generated 14 requirements for options
🤖 [MS3-PKG] [DEBUG] 🤖 [MS3-PKG] [DEBUG] 🤖 [MS3-PKG] [DEBUG] 🤖 [MS3-PKG] [DEBUG] 🤖 [MS3-PKG] [DEBUG] 🤖 [MS3-PKG] [DEBUG] 🤖 [MS3-PKG] [DEBUG] 🤖 [MS3-PKG] [DEBUG] 🤖 [MS3-PKG] [DEBUG] 🤖 [MS3-PKG] [DEBUG] 🤖 [MS3-PKG] [DEBUG] 🤖 [MS3-PKG] [DEBUG] 🤖 [MS3-PKG] [DEBUG] 🤖 [MS3-PKG] [DEBUG] 🔍 [getRequirements] Starting analysis for bulk-test-60
🤖 [MS3-PKG] [DEBUG] 🤖 [MS3-PKG] [DEBUG] 🤖 [MS3-PKG] [DEBUG] 🤖 [MS3-PKG] [DEBUG] 🤖 [MS3-PKG] [DEBUG] 🤖 [MS3-PKG] [DEBUG] 🤖 [MS3-PKG] [DEBUG] 🤖 [MS3-PKG] [DEBUG] 🤖 [MS3-PKG] [DEBUG] 🤖 [MS3-PKG] [DEBUG] 🤖 [MS3-PKG] [DEBUG] 🤖 [MS3-PKG] [DEBUG] 🤖 [MS3-PKG] [DEBUG] 🤖 [MS3-PKG] [DEBUG] 🔬 [analyzeJoiSchema] Analyzing schema at path: options
🤖 [MS3-PKG] [DEBUG] 🤖 [MS3-PKG] [DEBUG] 🤖 [MS3-PKG] [DEBUG] 🤖 [MS3-PKG] [DEBUG] 🤖 [MS3-PKG] [DEBUG] 🤖 [MS3-PKG] [DEBUG] 🤖 [MS3-PKG] [DEBUG] 🤖 [MS3-PKG] [DEBUG] 🤖 [MS3-PKG] [DEBUG] 🤖 [MS3-PKG] [DEBUG] 🤖 [MS3-PKG] [DEBUG] 🤖 [MS3-PKG] [DEBUG] 🤖 [MS3-PKG] [DEBUG] 🤖 [MS3-PKG] [DEBUG] 📋 [analyzeJoiSchema] Schema description type: object
🤖 [MS3-PKG] [DEBUG] 🤖 [MS3-PKG] [DEBUG] 🤖 [MS3-PKG] [DEBUG] 🤖 [MS3-PKG] [DEBUG] 🤖 [MS3-PKG] [DEBUG] 🤖 [MS3-PKG] [DEBUG] 🤖 [MS3-PKG] [DEBUG] 🤖 [MS3-PKG] [DEBUG] 🤖 [MS3-PKG] [DEBUG] 🤖 [MS3-PKG] [DEBUG] 🤖 [MS3-PKG] [DEBUG] 🤖 [MS3-PKG] [DEBUG] 🤖 [MS3-PKG] [DEBUG] 🤖 [MS3-PKG] [DEBUG] 📋 [analyzeJoiSchema] Schema keys: [ [32m&apos;privateKey&apos;[39m, [32m&apos;provider&apos;[39m, [32m&apos;multiChainRpcs&apos;[39m ]
🤖 [MS3-PKG] [DEBUG] 🤖 [MS3-PKG] [DEBUG] 🤖 [MS3-PKG] [DEBUG] 🤖 [MS3-PKG] [DEBUG] 🤖 [MS3-PKG] [DEBUG] 🤖 [MS3-PKG] [DEBUG] 🤖 [MS3-PKG] [DEBUG] 🤖 [MS3-PKG] [DEBUG] 🤖 [MS3-PKG] [DEBUG] 🤖 [MS3-PKG] [DEBUG] 🤖 [MS3-PKG] [DEBUG] 🤖 [MS3-PKG] [DEBUG] 🤖 [MS3-PKG] [DEBUG] 🤖 [MS3-PKG] [DEBUG] ✅ [analyzeJoiSchema] Processing object schema with 3 keys
🤖 [MS3-PKG] [DEBUG] 🤖 [MS3-PKG] [DEBUG] 🤖 [MS3-PKG] [DEBUG] 🤖 [MS3-PKG] [DEBUG] 🤖 [MS3-PKG] [DEBUG] 🤖 [MS3-PKG] [DEBUG] 🤖 [MS3-PKG] [DEBUG] 🤖 [MS3-PKG] [DEBUG] 🤖 [MS3-PKG] [DEBUG] 🤖 [MS3-PKG] [DEBUG] 🤖 [MS3-PKG] [DEBUG] 🤖 [MS3-PKG] [DEBUG] 🤖 [MS3-PKG] [DEBUG] 🤖 [MS3-PKG] [DEBUG] 🔑 [analyzeJoiSchema] Processing field: privateKey
🤖 [MS3-PKG] [DEBUG] 🤖 [MS3-PKG] [DEBUG] 🤖 [MS3-PKG] [DEBUG] 🤖 [MS3-PKG] [DEBUG] 🤖 [MS3-PKG] [DEBUG] 🤖 [MS3-PKG] [DEBUG] 🤖 [MS3-PKG] [DEBUG] 🤖 [MS3-PKG] [DEBUG] 🤖 [MS3-PKG] [DEBUG] 🤖 [MS3-PKG] [DEBUG] 🤖 [MS3-PKG] [DEBUG] 🤖 [MS3-PKG] [DEBUG] 🤖 [MS3-PKG] [DEBUG] 🤖 [MS3-PKG] [DEBUG] 📝 [analyzeJoiSchema] Field description: {
  type: [32m&apos;string&apos;[39m,
  flags: {
    presence: [32m&apos;required&apos;[39m,
    description: [32m&apos;Private key for wallet (generates random if not provided)&apos;[39m
  },
  rules: [ { name: [32m&apos;pattern&apos;[39m, args: [36m[Object][39m } ]
}
🤖 [MS3-PKG] [DEBUG] 🤖 [MS3-PKG] [DEBUG] 🤖 [MS3-PKG] [DEBUG] 🤖 [MS3-PKG] [DEBUG] 🤖 [MS3-PKG] [DEBUG] 🤖 [MS3-PKG] [DEBUG] 🤖 [MS3-PKG] [DEBUG] 🤖 [MS3-PKG] [DEBUG] 🤖 [MS3-PKG] [DEBUG] 🤖 [MS3-PKG] [DEBUG] 🤖 [MS3-PKG] [DEBUG] 🤖 [MS3-PKG] [DEBUG] 🤖 [MS3-PKG] [DEBUG] 🤖 [MS3-PKG] [DEBUG] 📊 [analyzeJoiSchema] Field privateKey: type=string, required=true, message=&quot;Private key for wallet (generates random if not provided)&quot;
🤖 [MS3-PKG] [DEBUG] 🤖 [MS3-PKG] [DEBUG] 🤖 [MS3-PKG] [DEBUG] 🤖 [MS3-PKG] [DEBUG] 🤖 [MS3-PKG] [DEBUG] 🤖 [MS3-PKG] [DEBUG] 🤖 [MS3-PKG] [DEBUG] 🤖 [MS3-PKG] [DEBUG] 🤖 [MS3-PKG] [DEBUG] 🤖 [MS3-PKG] [DEBUG] 🤖 [MS3-PKG] [DEBUG] 🤖 [MS3-PKG] [DEBUG] 🤖 [MS3-PKG] [DEBUG] 🤖 [MS3-PKG] [DEBUG] 🔑 [analyzeJoiSchema] Processing field: provider
🤖 [MS3-PKG] [DEBUG] 🤖 [MS3-PKG] [DEBUG] 🤖 [MS3-PKG] [DEBUG] 🤖 [MS3-PKG] [DEBUG] 🤖 [MS3-PKG] [DEBUG] 🤖 [MS3-PKG] [DEBUG] 🤖 [MS3-PKG] [DEBUG] 🤖 [MS3-PKG] [DEBUG] 🤖 [MS3-PKG] [DEBUG] 🤖 [MS3-PKG] [DEBUG] 🤖 [MS3-PKG] [DEBUG] 🤖 [MS3-PKG] [DEBUG] 🤖 [MS3-PKG] [DEBUG] 🤖 [MS3-PKG] [DEBUG] 📝 [analyzeJoiSchema] Field description: {
  type: [32m&apos;object&apos;[39m,
  flags: {
    presence: [32m&apos;optional&apos;[39m,
    description: [32m&apos;Optional provider configuration&apos;[39m
  },
  keys: {
    name: { type: [32m&apos;string&apos;[39m, flags: [36m[Object][39m },
    chainId: { type: [32m&apos;string&apos;[39m, flags: [36m[Object][39m, rules: [36m[Array][39m },
    rpcUrls: { type: [32m&apos;array&apos;[39m, flags: [36m[Object][39m, rules: [36m[Array][39m, items: [36m[Array][39m },
    displayName: { type: [32m&apos;string&apos;[39m, flags: [36m[Object][39m }
  }
}
🤖 [MS3-PKG] [DEBUG] 🤖 [MS3-PKG] [DEBUG] 🤖 [MS3-PKG] [DEBUG] 🤖 [MS3-PKG] [DEBUG] 🤖 [MS3-PKG] [DEBUG] 🤖 [MS3-PKG] [DEBUG] 🤖 [MS3-PKG] [DEBUG] 🤖 [MS3-PKG] [DEBUG] 🤖 [MS3-PKG] [DEBUG] 🤖 [MS3-PKG] [DEBUG] 🤖 [MS3-PKG] [DEBUG] 🤖 [MS3-PKG] [DEBUG] 🤖 [MS3-PKG] [DEBUG] 🤖 [MS3-PKG] [DEBUG] 📊 [analyzeJoiSchema] Field provider: type=object, required=false, message=&quot;Optional provider configuration&quot;
🤖 [MS3-PKG] [DEBUG] 🤖 [MS3-PKG] [DEBUG] 🤖 [MS3-PKG] [DEBUG] 🤖 [MS3-PKG] [DEBUG] 🤖 [MS3-PKG] [DEBUG] 🤖 [MS3-PKG] [DEBUG] 🤖 [MS3-PKG] [DEBUG] 🤖 [MS3-PKG] [DEBUG] 🤖 [MS3-PKG] [DEBUG] 🤖 [MS3-PKG] [DEBUG] 🤖 [MS3-PKG] [DEBUG] 🤖 [MS3-PKG] [DEBUG] 🤖 [MS3-PKG] [DEBUG] 🤖 [MS3-PKG] [DEBUG] 🔄 [analyzeJoiSchema] Recursing into nested object: provider
🤖 [MS3-PKG] [DEBUG] 🤖 [MS3-PKG] [DEBUG] 🤖 [MS3-PKG] [DEBUG] 🤖 [MS3-PKG] [DEBUG] 🤖 [MS3-PKG] [DEBUG] 🤖 [MS3-PKG] [DEBUG] 🤖 [MS3-PKG] [DEBUG] 🤖 [MS3-PKG] [DEBUG] 🤖 [MS3-PKG] [DEBUG] 🤖 [MS3-PKG] [DEBUG] 🤖 [MS3-PKG] [DEBUG] 🤖 [MS3-PKG] [DEBUG] 🤖 [MS3-PKG] [DEBUG] 🤖 [MS3-PKG] [DEBUG] 🔑 [analyzeJoiSchema] Processing field: multiChainRpcs
🤖 [MS3-PKG] [DEBUG] 🤖 [MS3-PKG] [DEBUG] 🤖 [MS3-PKG] [DEBUG] 🤖 [MS3-PKG] [DEBUG] 🤖 [MS3-PKG] [DEBUG] 🤖 [MS3-PKG] [DEBUG] 🤖 [MS3-PKG] [DEBUG] 🤖 [MS3-PKG] [DEBUG] 🤖 [MS3-PKG] [DEBUG] 🤖 [MS3-PKG] [DEBUG] 🤖 [MS3-PKG] [DEBUG] 🤖 [MS3-PKG] [DEBUG] 🤖 [MS3-PKG] [DEBUG] 🤖 [MS3-PKG] [DEBUG] 📝 [analyzeJoiSchema] Field description: {
  type: [32m&apos;object&apos;[39m,
  flags: {
    presence: [32m&apos;optional&apos;[39m,
    description: [32m&apos;Multi-chain RPC configuration - maps chain IDs to RPC URL arrays&apos;[39m
  },
  patterns: [ { schema: [36m[Object][39m, rule: [36m[Object][39m } ]
}
🤖 [MS3-PKG] [DEBUG] 🤖 [MS3-PKG] [DEBUG] 🤖 [MS3-PKG] [DEBUG] 🤖 [MS3-PKG] [DEBUG] 🤖 [MS3-PKG] [DEBUG] 🤖 [MS3-PKG] [DEBUG] 🤖 [MS3-PKG] [DEBUG] 🤖 [MS3-PKG] [DEBUG] 🤖 [MS3-PKG] [DEBUG] 🤖 [MS3-PKG] [DEBUG] 🤖 [MS3-PKG] [DEBUG] 🤖 [MS3-PKG] [DEBUG] 🤖 [MS3-PKG] [DEBUG] 🤖 [MS3-PKG] [DEBUG] 📊 [analyzeJoiSchema] Field multiChainRpcs: type=object, required=false, message=&quot;Multi-chain RPC configuration - maps chain IDs to RPC URL arrays&quot;
🤖 [MS3-PKG] [INFO] 🤖 [MS3-PKG] [INFO] 🤖 [MS3-PKG] [INFO] 🤖 [MS3-PKG] [INFO] 🤖 [MS3-PKG] [INFO] 🤖 [MS3-PKG] [INFO] 🤖 [MS3-PKG] [INFO] 🤖 [MS3-PKG] [INFO] 🤖 [MS3-PKG] [INFO] 🤖 [MS3-PKG] [INFO] 🤖 [MS3-PKG] [INFO] 🤖 [MS3-PKG] [INFO] 🤖 [MS3-PKG] [INFO] 🤖 [MS3-PKG] [INFO] 📊 [analyzeJoiSchema] Generated 7 requirements for options
🤖 [MS3-PKG] [DEBUG] 🤖 [MS3-PKG] [DEBUG] 🤖 [MS3-PKG] [DEBUG] 🤖 [MS3-PKG] [DEBUG] 🤖 [MS3-PKG] [DEBUG] 🤖 [MS3-PKG] [DEBUG] 🤖 [MS3-PKG] [DEBUG] 🤖 [MS3-PKG] [DEBUG] 🤖 [MS3-PKG] [DEBUG] 🤖 [MS3-PKG] [DEBUG] 🤖 [MS3-PKG] [DEBUG] 🤖 [MS3-PKG] [DEBUG] 🤖 [MS3-PKG] [DEBUG] 🤖 [MS3-PKG] [DEBUG] 🔍 [getRequirements] Starting analysis for bulk-test-60
🤖 [MS3-PKG] [DEBUG] 🤖 [MS3-PKG] [DEBUG] 🤖 [MS3-PKG] [DEBUG] 🤖 [MS3-PKG] [DEBUG] 🤖 [MS3-PKG] [DEBUG] 🤖 [MS3-PKG] [DEBUG] 🤖 [MS3-PKG] [DEBUG] 🤖 [MS3-PKG] [DEBUG] 🤖 [MS3-PKG] [DEBUG] 🤖 [MS3-PKG] [DEBUG] 🤖 [MS3-PKG] [DEBUG] 🤖 [MS3-PKG] [DEBUG] 🤖 [MS3-PKG] [DEBUG] 🤖 [MS3-PKG] [DEBUG] 🔬 [analyzeJoiSchema] Analyzing schema at path: options
🤖 [MS3-PKG] [DEBUG] 🤖 [MS3-PKG] [DEBUG] 🤖 [MS3-PKG] [DEBUG] 🤖 [MS3-PKG] [DEBUG] 🤖 [MS3-PKG] [DEBUG] 🤖 [MS3-PKG] [DEBUG] 🤖 [MS3-PKG] [DEBUG] 🤖 [MS3-PKG] [DEBUG] 🤖 [MS3-PKG] [DEBUG] 🤖 [MS3-PKG] [DEBUG] 🤖 [MS3-PKG] [DEBUG] 🤖 [MS3-PKG] [DEBUG] 🤖 [MS3-PKG] [DEBUG] 🤖 [MS3-PKG] [DEBUG] 📋 [analyzeJoiSchema] Schema description type: object
🤖 [MS3-PKG] [DEBUG] 🤖 [MS3-PKG] [DEBUG] 🤖 [MS3-PKG] [DEBUG] 🤖 [MS3-PKG] [DEBUG] 🤖 [MS3-PKG] [DEBUG] 🤖 [MS3-PKG] [DEBUG] 🤖 [MS3-PKG] [DEBUG] 🤖 [MS3-PKG] [DEBUG] 🤖 [MS3-PKG] [DEBUG] 🤖 [MS3-PKG] [DEBUG] 🤖 [MS3-PKG] [DEBUG] 🤖 [MS3-PKG] [DEBUG] 🤖 [MS3-PKG] [DEBUG] 🤖 [MS3-PKG] [DEBUG] 📋 [analyzeJoiSchema] Schema keys: [ [32m&apos;web3authConfig&apos;[39m, [32m&apos;multiChainRpcs&apos;[39m ]
🤖 [MS3-PKG] [DEBUG] 🤖 [MS3-PKG] [DEBUG] 🤖 [MS3-PKG] [DEBUG] 🤖 [MS3-PKG] [DEBUG] 🤖 [MS3-PKG] [DEBUG] 🤖 [MS3-PKG] [DEBUG] 🤖 [MS3-PKG] [DEBUG] 🤖 [MS3-PKG] [DEBUG] 🤖 [MS3-PKG] [DEBUG] 🤖 [MS3-PKG] [DEBUG] 🤖 [MS3-PKG] [DEBUG] 🤖 [MS3-PKG] [DEBUG] 🤖 [MS3-PKG] [DEBUG] 🤖 [MS3-PKG] [DEBUG] ✅ [analyzeJoiSchema] Processing object schema with 2 keys
🤖 [MS3-PKG] [DEBUG] 🤖 [MS3-PKG] [DEBUG] 🤖 [MS3-PKG] [DEBUG] 🤖 [MS3-PKG] [DEBUG] 🤖 [MS3-PKG] [DEBUG] 🤖 [MS3-PKG] [DEBUG] 🤖 [MS3-PKG] [DEBUG] 🤖 [MS3-PKG] [DEBUG] 🤖 [MS3-PKG] [DEBUG] 🤖 [MS3-PKG] [DEBUG] 🤖 [MS3-PKG] [DEBUG] 🤖 [MS3-PKG] [DEBUG] 🤖 [MS3-PKG] [DEBUG] 🤖 [MS3-PKG] [DEBUG] 🔑 [analyzeJoiSchema] Processing field: web3authConfig
🤖 [MS3-PKG] [DEBUG] 🤖 [MS3-PKG] [DEBUG] 🤖 [MS3-PKG] [DEBUG] 🤖 [MS3-PKG] [DEBUG] 🤖 [MS3-PKG] [DEBUG] 🤖 [MS3-PKG] [DEBUG] 🤖 [MS3-PKG] [DEBUG] 🤖 [MS3-PKG] [DEBUG] 🤖 [MS3-PKG] [DEBUG] 🤖 [MS3-PKG] [DEBUG] 🤖 [MS3-PKG] [DEBUG] 🤖 [MS3-PKG] [DEBUG] 🤖 [MS3-PKG] [DEBUG] 🤖 [MS3-PKG] [DEBUG] 📝 [analyzeJoiSchema] Field description: {
  type: [32m&apos;object&apos;[39m,
  flags: {
    presence: [32m&apos;required&apos;[39m,
    description: [32m&apos;Web3Auth configuration object&apos;[39m
  },
  keys: {
    clientId: { type: [32m&apos;string&apos;[39m, flags: [36m[Object][39m },
    web3AuthNetwork: { type: [32m&apos;string&apos;[39m, flags: [36m[Object][39m, allow: [36m[Array][39m },
    chainConfig: { type: [32m&apos;object&apos;[39m, flags: [36m[Object][39m, keys: [36m[Object][39m },
    loginConfig: { type: [32m&apos;object&apos;[39m, flags: [36m[Object][39m },
    privateKeyProvider: { type: [32m&apos;any&apos;[39m, flags: [36m[Object][39m }
  }
}
🤖 [MS3-PKG] [DEBUG] 🤖 [MS3-PKG] [DEBUG] 🤖 [MS3-PKG] [DEBUG] 🤖 [MS3-PKG] [DEBUG] 🤖 [MS3-PKG] [DEBUG] 🤖 [MS3-PKG] [DEBUG] 🤖 [MS3-PKG] [DEBUG] 🤖 [MS3-PKG] [DEBUG] 🤖 [MS3-PKG] [DEBUG] 🤖 [MS3-PKG] [DEBUG] 🤖 [MS3-PKG] [DEBUG] 🤖 [MS3-PKG] [DEBUG] 🤖 [MS3-PKG] [DEBUG] 🤖 [MS3-PKG] [DEBUG] 📊 [analyzeJoiSchema] Field web3authConfig: type=object, required=true, message=&quot;Web3Auth configuration object&quot;
🤖 [MS3-PKG] [DEBUG] 🤖 [MS3-PKG] [DEBUG] 🤖 [MS3-PKG] [DEBUG] 🤖 [MS3-PKG] [DEBUG] 🤖 [MS3-PKG] [DEBUG] 🤖 [MS3-PKG] [DEBUG] 🤖 [MS3-PKG] [DEBUG] 🤖 [MS3-PKG] [DEBUG] 🤖 [MS3-PKG] [DEBUG] 🤖 [MS3-PKG] [DEBUG] 🤖 [MS3-PKG] [DEBUG] 🤖 [MS3-PKG] [DEBUG] 🤖 [MS3-PKG] [DEBUG] 🤖 [MS3-PKG] [DEBUG] 🔄 [analyzeJoiSchema] Recursing into nested object: web3authConfig
🤖 [MS3-PKG] [DEBUG] 🤖 [MS3-PKG] [DEBUG] 🤖 [MS3-PKG] [DEBUG] 🤖 [MS3-PKG] [DEBUG] 🤖 [MS3-PKG] [DEBUG] 🤖 [MS3-PKG] [DEBUG] 🤖 [MS3-PKG] [DEBUG] 🤖 [MS3-PKG] [DEBUG] 🤖 [MS3-PKG] [DEBUG] 🤖 [MS3-PKG] [DEBUG] 🤖 [MS3-PKG] [DEBUG] 🤖 [MS3-PKG] [DEBUG] 🤖 [MS3-PKG] [DEBUG] 🤖 [MS3-PKG] [DEBUG] 🔑 [analyzeJoiSchema] Processing field: multiChainRpcs
🤖 [MS3-PKG] [DEBUG] 🤖 [MS3-PKG] [DEBUG] 🤖 [MS3-PKG] [DEBUG] 🤖 [MS3-PKG] [DEBUG] 🤖 [MS3-PKG] [DEBUG] 🤖 [MS3-PKG] [DEBUG] 🤖 [MS3-PKG] [DEBUG] 🤖 [MS3-PKG] [DEBUG] 🤖 [MS3-PKG] [DEBUG] 🤖 [MS3-PKG] [DEBUG] 🤖 [MS3-PKG] [DEBUG] 🤖 [MS3-PKG] [DEBUG] 🤖 [MS3-PKG] [DEBUG] 🤖 [MS3-PKG] [DEBUG] 📝 [analyzeJoiSchema] Field description: {
  type: [32m&apos;object&apos;[39m,
  flags: {
    presence: [32m&apos;optional&apos;[39m,
    description: [32m&apos;Multi-chain RPC configuration - maps chain IDs to RPC URL arrays&apos;[39m
  },
  patterns: [ { schema: [36m[Object][39m, rule: [36m[Object][39m } ]
}
🤖 [MS3-PKG] [DEBUG] 🤖 [MS3-PKG] [DEBUG] 🤖 [MS3-PKG] [DEBUG] 🤖 [MS3-PKG] [DEBUG] 🤖 [MS3-PKG] [DEBUG] 🤖 [MS3-PKG] [DEBUG] 🤖 [MS3-PKG] [DEBUG] 🤖 [MS3-PKG] [DEBUG] 🤖 [MS3-PKG] [DEBUG] 🤖 [MS3-PKG] [DEBUG] 🤖 [MS3-PKG] [DEBUG] 🤖 [MS3-PKG] [DEBUG] 🤖 [MS3-PKG] [DEBUG] 🤖 [MS3-PKG] [DEBUG] 📊 [analyzeJoiSchema] Field multiChainRpcs: type=object, required=false, message=&quot;Multi-chain RPC configuration - maps chain IDs to RPC URL arrays&quot;
🤖 [MS3-PKG] [INFO] 🤖 [MS3-PKG] [INFO] 🤖 [MS3-PKG] [INFO] 🤖 [MS3-PKG] [INFO] 🤖 [MS3-PKG] [INFO] 🤖 [MS3-PKG] [INFO] 🤖 [MS3-PKG] [INFO] 🤖 [MS3-PKG] [INFO] 🤖 [MS3-PKG] [INFO] 🤖 [MS3-PKG] [INFO] 🤖 [MS3-PKG] [INFO] 🤖 [MS3-PKG] [INFO] 🤖 [MS3-PKG] [INFO] 🤖 [MS3-PKG] [INFO] 📊 [analyzeJoiSchema] Generated 14 requirements for options
🤖 [MS3-PKG] [DEBUG] 🤖 [MS3-PKG] [DEBUG] 🤖 [MS3-PKG] [DEBUG] 🤖 [MS3-PKG] [DEBUG] 🤖 [MS3-PKG] [DEBUG] 🤖 [MS3-PKG] [DEBUG] 🤖 [MS3-PKG] [DEBUG] 🤖 [MS3-PKG] [DEBUG] 🤖 [MS3-PKG] [DEBUG] 🤖 [MS3-PKG] [DEBUG] 🤖 [MS3-PKG] [DEBUG] 🤖 [MS3-PKG] [DEBUG] 🤖 [MS3-PKG] [DEBUG] 🤖 [MS3-PKG] [DEBUG] 🔍 [getRequirements] Starting analysis for bulk-test-61
🤖 [MS3-PKG] [DEBUG] 🤖 [MS3-PKG] [DEBUG] 🤖 [MS3-PKG] [DEBUG] 🤖 [MS3-PKG] [DEBUG] 🤖 [MS3-PKG] [DEBUG] 🤖 [MS3-PKG] [DEBUG] 🤖 [MS3-PKG] [DEBUG] 🤖 [MS3-PKG] [DEBUG] 🤖 [MS3-PKG] [DEBUG] 🤖 [MS3-PKG] [DEBUG] 🤖 [MS3-PKG] [DEBUG] 🤖 [MS3-PKG] [DEBUG] 🤖 [MS3-PKG] [DEBUG] 🤖 [MS3-PKG] [DEBUG] 🔬 [analyzeJoiSchema] Analyzing schema at path: options
🤖 [MS3-PKG] [DEBUG] 🤖 [MS3-PKG] [DEBUG] 🤖 [MS3-PKG] [DEBUG] 🤖 [MS3-PKG] [DEBUG] 🤖 [MS3-PKG] [DEBUG] 🤖 [MS3-PKG] [DEBUG] 🤖 [MS3-PKG] [DEBUG] 🤖 [MS3-PKG] [DEBUG] 🤖 [MS3-PKG] [DEBUG] 🤖 [MS3-PKG] [DEBUG] 🤖 [MS3-PKG] [DEBUG] 🤖 [MS3-PKG] [DEBUG] 🤖 [MS3-PKG] [DEBUG] 🤖 [MS3-PKG] [DEBUG] 📋 [analyzeJoiSchema] Schema description type: object
🤖 [MS3-PKG] [DEBUG] 🤖 [MS3-PKG] [DEBUG] 🤖 [MS3-PKG] [DEBUG] 🤖 [MS3-PKG] [DEBUG] 🤖 [MS3-PKG] [DEBUG] 🤖 [MS3-PKG] [DEBUG] 🤖 [MS3-PKG] [DEBUG] 🤖 [MS3-PKG] [DEBUG] 🤖 [MS3-PKG] [DEBUG] 🤖 [MS3-PKG] [DEBUG] 🤖 [MS3-PKG] [DEBUG] 🤖 [MS3-PKG] [DEBUG] 🤖 [MS3-PKG] [DEBUG] 🤖 [MS3-PKG] [DEBUG] 📋 [analyzeJoiSchema] Schema keys: [ [32m&apos;privateKey&apos;[39m, [32m&apos;provider&apos;[39m, [32m&apos;multiChainRpcs&apos;[39m ]
🤖 [MS3-PKG] [DEBUG] 🤖 [MS3-PKG] [DEBUG] 🤖 [MS3-PKG] [DEBUG] 🤖 [MS3-PKG] [DEBUG] 🤖 [MS3-PKG] [DEBUG] 🤖 [MS3-PKG] [DEBUG] 🤖 [MS3-PKG] [DEBUG] 🤖 [MS3-PKG] [DEBUG] 🤖 [MS3-PKG] [DEBUG] 🤖 [MS3-PKG] [DEBUG] 🤖 [MS3-PKG] [DEBUG] 🤖 [MS3-PKG] [DEBUG] 🤖 [MS3-PKG] [DEBUG] 🤖 [MS3-PKG] [DEBUG] ✅ [analyzeJoiSchema] Processing object schema with 3 keys
🤖 [MS3-PKG] [DEBUG] 🤖 [MS3-PKG] [DEBUG] 🤖 [MS3-PKG] [DEBUG] 🤖 [MS3-PKG] [DEBUG] 🤖 [MS3-PKG] [DEBUG] 🤖 [MS3-PKG] [DEBUG] 🤖 [MS3-PKG] [DEBUG] 🤖 [MS3-PKG] [DEBUG] 🤖 [MS3-PKG] [DEBUG] 🤖 [MS3-PKG] [DEBUG] 🤖 [MS3-PKG] [DEBUG] 🤖 [MS3-PKG] [DEBUG] 🤖 [MS3-PKG] [DEBUG] 🤖 [MS3-PKG] [DEBUG] 🔑 [analyzeJoiSchema] Processing field: privateKey
🤖 [MS3-PKG] [DEBUG] 🤖 [MS3-PKG] [DEBUG] 🤖 [MS3-PKG] [DEBUG] 🤖 [MS3-PKG] [DEBUG] 🤖 [MS3-PKG] [DEBUG] 🤖 [MS3-PKG] [DEBUG] 🤖 [MS3-PKG] [DEBUG] 🤖 [MS3-PKG] [DEBUG] 🤖 [MS3-PKG] [DEBUG] 🤖 [MS3-PKG] [DEBUG] 🤖 [MS3-PKG] [DEBUG] 🤖 [MS3-PKG] [DEBUG] 🤖 [MS3-PKG] [DEBUG] 🤖 [MS3-PKG] [DEBUG] 📝 [analyzeJoiSchema] Field description: {
  type: [32m&apos;string&apos;[39m,
  flags: {
    presence: [32m&apos;required&apos;[39m,
    description: [32m&apos;Private key for wallet (generates random if not provided)&apos;[39m
  },
  rules: [ { name: [32m&apos;pattern&apos;[39m, args: [36m[Object][39m } ]
}
🤖 [MS3-PKG] [DEBUG] 🤖 [MS3-PKG] [DEBUG] 🤖 [MS3-PKG] [DEBUG] 🤖 [MS3-PKG] [DEBUG] 🤖 [MS3-PKG] [DEBUG] 🤖 [MS3-PKG] [DEBUG] 🤖 [MS3-PKG] [DEBUG] 🤖 [MS3-PKG] [DEBUG] 🤖 [MS3-PKG] [DEBUG] 🤖 [MS3-PKG] [DEBUG] 🤖 [MS3-PKG] [DEBUG] 🤖 [MS3-PKG] [DEBUG] 🤖 [MS3-PKG] [DEBUG] 🤖 [MS3-PKG] [DEBUG] 📊 [analyzeJoiSchema] Field privateKey: type=string, required=true, message=&quot;Private key for wallet (generates random if not provided)&quot;
🤖 [MS3-PKG] [DEBUG] 🤖 [MS3-PKG] [DEBUG] 🤖 [MS3-PKG] [DEBUG] 🤖 [MS3-PKG] [DEBUG] 🤖 [MS3-PKG] [DEBUG] 🤖 [MS3-PKG] [DEBUG] 🤖 [MS3-PKG] [DEBUG] 🤖 [MS3-PKG] [DEBUG] 🤖 [MS3-PKG] [DEBUG] 🤖 [MS3-PKG] [DEBUG] 🤖 [MS3-PKG] [DEBUG] 🤖 [MS3-PKG] [DEBUG] 🤖 [MS3-PKG] [DEBUG] 🤖 [MS3-PKG] [DEBUG] 🔑 [analyzeJoiSchema] Processing field: provider
🤖 [MS3-PKG] [DEBUG] 🤖 [MS3-PKG] [DEBUG] 🤖 [MS3-PKG] [DEBUG] 🤖 [MS3-PKG] [DEBUG] 🤖 [MS3-PKG] [DEBUG] 🤖 [MS3-PKG] [DEBUG] 🤖 [MS3-PKG] [DEBUG] 🤖 [MS3-PKG] [DEBUG] 🤖 [MS3-PKG] [DEBUG] 🤖 [MS3-PKG] [DEBUG] 🤖 [MS3-PKG] [DEBUG] 🤖 [MS3-PKG] [DEBUG] 🤖 [MS3-PKG] [DEBUG] 🤖 [MS3-PKG] [DEBUG] 📝 [analyzeJoiSchema] Field description: {
  type: [32m&apos;object&apos;[39m,
  flags: {
    presence: [32m&apos;optional&apos;[39m,
    description: [32m&apos;Optional provider configuration&apos;[39m
  },
  keys: {
    name: { type: [32m&apos;string&apos;[39m, flags: [36m[Object][39m },
    chainId: { type: [32m&apos;string&apos;[39m, flags: [36m[Object][39m, rules: [36m[Array][39m },
    rpcUrls: { type: [32m&apos;array&apos;[39m, flags: [36m[Object][39m, rules: [36m[Array][39m, items: [36m[Array][39m },
    displayName: { type: [32m&apos;string&apos;[39m, flags: [36m[Object][39m }
  }
}
🤖 [MS3-PKG] [DEBUG] 🤖 [MS3-PKG] [DEBUG] 🤖 [MS3-PKG] [DEBUG] 🤖 [MS3-PKG] [DEBUG] 🤖 [MS3-PKG] [DEBUG] 🤖 [MS3-PKG] [DEBUG] 🤖 [MS3-PKG] [DEBUG] 🤖 [MS3-PKG] [DEBUG] 🤖 [MS3-PKG] [DEBUG] 🤖 [MS3-PKG] [DEBUG] 🤖 [MS3-PKG] [DEBUG] 🤖 [MS3-PKG] [DEBUG] 🤖 [MS3-PKG] [DEBUG] 🤖 [MS3-PKG] [DEBUG] 📊 [analyzeJoiSchema] Field provider: type=object, required=false, message=&quot;Optional provider configuration&quot;
🤖 [MS3-PKG] [DEBUG] 🤖 [MS3-PKG] [DEBUG] 🤖 [MS3-PKG] [DEBUG] 🤖 [MS3-PKG] [DEBUG] 🤖 [MS3-PKG] [DEBUG] 🤖 [MS3-PKG] [DEBUG] 🤖 [MS3-PKG] [DEBUG] 🤖 [MS3-PKG] [DEBUG] 🤖 [MS3-PKG] [DEBUG] 🤖 [MS3-PKG] [DEBUG] 🤖 [MS3-PKG] [DEBUG] 🤖 [MS3-PKG] [DEBUG] 🤖 [MS3-PKG] [DEBUG] 🤖 [MS3-PKG] [DEBUG] 🔄 [analyzeJoiSchema] Recursing into nested object: provider
🤖 [MS3-PKG] [DEBUG] 🤖 [MS3-PKG] [DEBUG] 🤖 [MS3-PKG] [DEBUG] 🤖 [MS3-PKG] [DEBUG] 🤖 [MS3-PKG] [DEBUG] 🤖 [MS3-PKG] [DEBUG] 🤖 [MS3-PKG] [DEBUG] 🤖 [MS3-PKG] [DEBUG] 🤖 [MS3-PKG] [DEBUG] 🤖 [MS3-PKG] [DEBUG] 🤖 [MS3-PKG] [DEBUG] 🤖 [MS3-PKG] [DEBUG] 🤖 [MS3-PKG] [DEBUG] 🤖 [MS3-PKG] [DEBUG] 🔑 [analyzeJoiSchema] Processing field: multiChainRpcs
🤖 [MS3-PKG] [DEBUG] 🤖 [MS3-PKG] [DEBUG] 🤖 [MS3-PKG] [DEBUG] 🤖 [MS3-PKG] [DEBUG] 🤖 [MS3-PKG] [DEBUG] 🤖 [MS3-PKG] [DEBUG] 🤖 [MS3-PKG] [DEBUG] 🤖 [MS3-PKG] [DEBUG] 🤖 [MS3-PKG] [DEBUG] 🤖 [MS3-PKG] [DEBUG] 🤖 [MS3-PKG] [DEBUG] 🤖 [MS3-PKG] [DEBUG] 🤖 [MS3-PKG] [DEBUG] 🤖 [MS3-PKG] [DEBUG] 📝 [analyzeJoiSchema] Field description: {
  type: [32m&apos;object&apos;[39m,
  flags: {
    presence: [32m&apos;optional&apos;[39m,
    description: [32m&apos;Multi-chain RPC configuration - maps chain IDs to RPC URL arrays&apos;[39m
  },
  patterns: [ { schema: [36m[Object][39m, rule: [36m[Object][39m } ]
}
🤖 [MS3-PKG] [DEBUG] 🤖 [MS3-PKG] [DEBUG] 🤖 [MS3-PKG] [DEBUG] 🤖 [MS3-PKG] [DEBUG] 🤖 [MS3-PKG] [DEBUG] 🤖 [MS3-PKG] [DEBUG] 🤖 [MS3-PKG] [DEBUG] 🤖 [MS3-PKG] [DEBUG] 🤖 [MS3-PKG] [DEBUG] 🤖 [MS3-PKG] [DEBUG] 🤖 [MS3-PKG] [DEBUG] 🤖 [MS3-PKG] [DEBUG] 🤖 [MS3-PKG] [DEBUG] 🤖 [MS3-PKG] [DEBUG] 📊 [analyzeJoiSchema] Field multiChainRpcs: type=object, required=false, message=&quot;Multi-chain RPC configuration - maps chain IDs to RPC URL arrays&quot;
🤖 [MS3-PKG] [INFO] 🤖 [MS3-PKG] [INFO] 🤖 [MS3-PKG] [INFO] 🤖 [MS3-PKG] [INFO] 🤖 [MS3-PKG] [INFO] 🤖 [MS3-PKG] [INFO] 🤖 [MS3-PKG] [INFO] 🤖 [MS3-PKG] [INFO] 🤖 [MS3-PKG] [INFO] 🤖 [MS3-PKG] [INFO] 🤖 [MS3-PKG] [INFO] 🤖 [MS3-PKG] [INFO] 🤖 [MS3-PKG] [INFO] 🤖 [MS3-PKG] [INFO] 📊 [analyzeJoiSchema] Generated 7 requirements for options
🤖 [MS3-PKG] [DEBUG] 🤖 [MS3-PKG] [DEBUG] 🤖 [MS3-PKG] [DEBUG] 🤖 [MS3-PKG] [DEBUG] 🤖 [MS3-PKG] [DEBUG] 🤖 [MS3-PKG] [DEBUG] 🤖 [MS3-PKG] [DEBUG] 🤖 [MS3-PKG] [DEBUG] 🤖 [MS3-PKG] [DEBUG] 🤖 [MS3-PKG] [DEBUG] 🤖 [MS3-PKG] [DEBUG] 🤖 [MS3-PKG] [DEBUG] 🤖 [MS3-PKG] [DEBUG] 🤖 [MS3-PKG] [DEBUG] 🔍 [getRequirements] Starting analysis for bulk-test-61
🤖 [MS3-PKG] [DEBUG] 🤖 [MS3-PKG] [DEBUG] 🤖 [MS3-PKG] [DEBUG] 🤖 [MS3-PKG] [DEBUG] 🤖 [MS3-PKG] [DEBUG] 🤖 [MS3-PKG] [DEBUG] 🤖 [MS3-PKG] [DEBUG] 🤖 [MS3-PKG] [DEBUG] 🤖 [MS3-PKG] [DEBUG] 🤖 [MS3-PKG] [DEBUG] 🤖 [MS3-PKG] [DEBUG] 🤖 [MS3-PKG] [DEBUG] 🤖 [MS3-PKG] [DEBUG] 🤖 [MS3-PKG] [DEBUG] 🔬 [analyzeJoiSchema] Analyzing schema at path: options
🤖 [MS3-PKG] [DEBUG] 🤖 [MS3-PKG] [DEBUG] 🤖 [MS3-PKG] [DEBUG] 🤖 [MS3-PKG] [DEBUG] 🤖 [MS3-PKG] [DEBUG] 🤖 [MS3-PKG] [DEBUG] 🤖 [MS3-PKG] [DEBUG] 🤖 [MS3-PKG] [DEBUG] 🤖 [MS3-PKG] [DEBUG] 🤖 [MS3-PKG] [DEBUG] 🤖 [MS3-PKG] [DEBUG] 🤖 [MS3-PKG] [DEBUG] 🤖 [MS3-PKG] [DEBUG] 🤖 [MS3-PKG] [DEBUG] 📋 [analyzeJoiSchema] Schema description type: object
🤖 [MS3-PKG] [DEBUG] 🤖 [MS3-PKG] [DEBUG] 🤖 [MS3-PKG] [DEBUG] 🤖 [MS3-PKG] [DEBUG] 🤖 [MS3-PKG] [DEBUG] 🤖 [MS3-PKG] [DEBUG] 🤖 [MS3-PKG] [DEBUG] 🤖 [MS3-PKG] [DEBUG] 🤖 [MS3-PKG] [DEBUG] 🤖 [MS3-PKG] [DEBUG] 🤖 [MS3-PKG] [DEBUG] 🤖 [MS3-PKG] [DEBUG] 🤖 [MS3-PKG] [DEBUG] 🤖 [MS3-PKG] [DEBUG] 📋 [analyzeJoiSchema] Schema keys: [ [32m&apos;web3authConfig&apos;[39m, [32m&apos;multiChainRpcs&apos;[39m ]
🤖 [MS3-PKG] [DEBUG] 🤖 [MS3-PKG] [DEBUG] 🤖 [MS3-PKG] [DEBUG] 🤖 [MS3-PKG] [DEBUG] 🤖 [MS3-PKG] [DEBUG] 🤖 [MS3-PKG] [DEBUG] 🤖 [MS3-PKG] [DEBUG] 🤖 [MS3-PKG] [DEBUG] 🤖 [MS3-PKG] [DEBUG] 🤖 [MS3-PKG] [DEBUG] 🤖 [MS3-PKG] [DEBUG] 🤖 [MS3-PKG] [DEBUG] 🤖 [MS3-PKG] [DEBUG] 🤖 [MS3-PKG] [DEBUG] ✅ [analyzeJoiSchema] Processing object schema with 2 keys
🤖 [MS3-PKG] [DEBUG] 🤖 [MS3-PKG] [DEBUG] 🤖 [MS3-PKG] [DEBUG] 🤖 [MS3-PKG] [DEBUG] 🤖 [MS3-PKG] [DEBUG] 🤖 [MS3-PKG] [DEBUG] 🤖 [MS3-PKG] [DEBUG] 🤖 [MS3-PKG] [DEBUG] 🤖 [MS3-PKG] [DEBUG] 🤖 [MS3-PKG] [DEBUG] 🤖 [MS3-PKG] [DEBUG] 🤖 [MS3-PKG] [DEBUG] 🤖 [MS3-PKG] [DEBUG] 🤖 [MS3-PKG] [DEBUG] 🔑 [analyzeJoiSchema] Processing field: web3authConfig
🤖 [MS3-PKG] [DEBUG] 🤖 [MS3-PKG] [DEBUG] 🤖 [MS3-PKG] [DEBUG] 🤖 [MS3-PKG] [DEBUG] 🤖 [MS3-PKG] [DEBUG] 🤖 [MS3-PKG] [DEBUG] 🤖 [MS3-PKG] [DEBUG] 🤖 [MS3-PKG] [DEBUG] 🤖 [MS3-PKG] [DEBUG] 🤖 [MS3-PKG] [DEBUG] 🤖 [MS3-PKG] [DEBUG] 🤖 [MS3-PKG] [DEBUG] 🤖 [MS3-PKG] [DEBUG] 🤖 [MS3-PKG] [DEBUG] 📝 [analyzeJoiSchema] Field description: {
  type: [32m&apos;object&apos;[39m,
  flags: {
    presence: [32m&apos;required&apos;[39m,
    description: [32m&apos;Web3Auth configuration object&apos;[39m
  },
  keys: {
    clientId: { type: [32m&apos;string&apos;[39m, flags: [36m[Object][39m },
    web3AuthNetwork: { type: [32m&apos;string&apos;[39m, flags: [36m[Object][39m, allow: [36m[Array][39m },
    chainConfig: { type: [32m&apos;object&apos;[39m, flags: [36m[Object][39m, keys: [36m[Object][39m },
    loginConfig: { type: [32m&apos;object&apos;[39m, flags: [36m[Object][39m },
    privateKeyProvider: { type: [32m&apos;any&apos;[39m, flags: [36m[Object][39m }
  }
}
🤖 [MS3-PKG] [DEBUG] 🤖 [MS3-PKG] [DEBUG] 🤖 [MS3-PKG] [DEBUG] 🤖 [MS3-PKG] [DEBUG] 🤖 [MS3-PKG] [DEBUG] 🤖 [MS3-PKG] [DEBUG] 🤖 [MS3-PKG] [DEBUG] 🤖 [MS3-PKG] [DEBUG] 🤖 [MS3-PKG] [DEBUG] 🤖 [MS3-PKG] [DEBUG] 🤖 [MS3-PKG] [DEBUG] 🤖 [MS3-PKG] [DEBUG] 🤖 [MS3-PKG] [DEBUG] 🤖 [MS3-PKG] [DEBUG] 📊 [analyzeJoiSchema] Field web3authConfig: type=object, required=true, message=&quot;Web3Auth configuration object&quot;
🤖 [MS3-PKG] [DEBUG] 🤖 [MS3-PKG] [DEBUG] 🤖 [MS3-PKG] [DEBUG] 🤖 [MS3-PKG] [DEBUG] 🤖 [MS3-PKG] [DEBUG] 🤖 [MS3-PKG] [DEBUG] 🤖 [MS3-PKG] [DEBUG] 🤖 [MS3-PKG] [DEBUG] 🤖 [MS3-PKG] [DEBUG] 🤖 [MS3-PKG] [DEBUG] 🤖 [MS3-PKG] [DEBUG] 🤖 [MS3-PKG] [DEBUG] 🤖 [MS3-PKG] [DEBUG] 🤖 [MS3-PKG] [DEBUG] 🔄 [analyzeJoiSchema] Recursing into nested object: web3authConfig
🤖 [MS3-PKG] [DEBUG] 🤖 [MS3-PKG] [DEBUG] 🤖 [MS3-PKG] [DEBUG] 🤖 [MS3-PKG] [DEBUG] 🤖 [MS3-PKG] [DEBUG] 🤖 [MS3-PKG] [DEBUG] 🤖 [MS3-PKG] [DEBUG] 🤖 [MS3-PKG] [DEBUG] 🤖 [MS3-PKG] [DEBUG] 🤖 [MS3-PKG] [DEBUG] 🤖 [MS3-PKG] [DEBUG] 🤖 [MS3-PKG] [DEBUG] 🤖 [MS3-PKG] [DEBUG] 🤖 [MS3-PKG] [DEBUG] 🔑 [analyzeJoiSchema] Processing field: multiChainRpcs
🤖 [MS3-PKG] [DEBUG] 🤖 [MS3-PKG] [DEBUG] 🤖 [MS3-PKG] [DEBUG] 🤖 [MS3-PKG] [DEBUG] 🤖 [MS3-PKG] [DEBUG] 🤖 [MS3-PKG] [DEBUG] 🤖 [MS3-PKG] [DEBUG] 🤖 [MS3-PKG] [DEBUG] 🤖 [MS3-PKG] [DEBUG] 🤖 [MS3-PKG] [DEBUG] 🤖 [MS3-PKG] [DEBUG] 🤖 [MS3-PKG] [DEBUG] 🤖 [MS3-PKG] [DEBUG] 🤖 [MS3-PKG] [DEBUG] 📝 [analyzeJoiSchema] Field description: {
  type: [32m&apos;object&apos;[39m,
  flags: {
    presence: [32m&apos;optional&apos;[39m,
    description: [32m&apos;Multi-chain RPC configuration - maps chain IDs to RPC URL arrays&apos;[39m
  },
  patterns: [ { schema: [36m[Object][39m, rule: [36m[Object][39m } ]
}
🤖 [MS3-PKG] [DEBUG] 🤖 [MS3-PKG] [DEBUG] 🤖 [MS3-PKG] [DEBUG] 🤖 [MS3-PKG] [DEBUG] 🤖 [MS3-PKG] [DEBUG] 🤖 [MS3-PKG] [DEBUG] 🤖 [MS3-PKG] [DEBUG] 🤖 [MS3-PKG] [DEBUG] 🤖 [MS3-PKG] [DEBUG] 🤖 [MS3-PKG] [DEBUG] 🤖 [MS3-PKG] [DEBUG] 🤖 [MS3-PKG] [DEBUG] 🤖 [MS3-PKG] [DEBUG] 🤖 [MS3-PKG] [DEBUG] 📊 [analyzeJoiSchema] Field multiChainRpcs: type=object, required=false, message=&quot;Multi-chain RPC configuration - maps chain IDs to RPC URL arrays&quot;
🤖 [MS3-PKG] [INFO] 🤖 [MS3-PKG] [INFO] 🤖 [MS3-PKG] [INFO] 🤖 [MS3-PKG] [INFO] 🤖 [MS3-PKG] [INFO] 🤖 [MS3-PKG] [INFO] 🤖 [MS3-PKG] [INFO] 🤖 [MS3-PKG] [INFO] 🤖 [MS3-PKG] [INFO] 🤖 [MS3-PKG] [INFO] 🤖 [MS3-PKG] [INFO] 🤖 [MS3-PKG] [INFO] 🤖 [MS3-PKG] [INFO] 🤖 [MS3-PKG] [INFO] 📊 [analyzeJoiSchema] Generated 14 requirements for options
🤖 [MS3-PKG] [DEBUG] 🤖 [MS3-PKG] [DEBUG] 🤖 [MS3-PKG] [DEBUG] 🤖 [MS3-PKG] [DEBUG] 🤖 [MS3-PKG] [DEBUG] 🤖 [MS3-PKG] [DEBUG] 🤖 [MS3-PKG] [DEBUG] 🤖 [MS3-PKG] [DEBUG] 🤖 [MS3-PKG] [DEBUG] 🤖 [MS3-PKG] [DEBUG] 🤖 [MS3-PKG] [DEBUG] 🤖 [MS3-PKG] [DEBUG] 🤖 [MS3-PKG] [DEBUG] 🤖 [MS3-PKG] [DEBUG] 🔍 [getRequirements] Starting analysis for bulk-test-62
🤖 [MS3-PKG] [DEBUG] 🤖 [MS3-PKG] [DEBUG] 🤖 [MS3-PKG] [DEBUG] 🤖 [MS3-PKG] [DEBUG] 🤖 [MS3-PKG] [DEBUG] 🤖 [MS3-PKG] [DEBUG] 🤖 [MS3-PKG] [DEBUG] 🤖 [MS3-PKG] [DEBUG] 🤖 [MS3-PKG] [DEBUG] 🤖 [MS3-PKG] [DEBUG] 🤖 [MS3-PKG] [DEBUG] 🤖 [MS3-PKG] [DEBUG] 🤖 [MS3-PKG] [DEBUG] 🤖 [MS3-PKG] [DEBUG] 🔬 [analyzeJoiSchema] Analyzing schema at path: options
🤖 [MS3-PKG] [DEBUG] 🤖 [MS3-PKG] [DEBUG] 🤖 [MS3-PKG] [DEBUG] 🤖 [MS3-PKG] [DEBUG] 🤖 [MS3-PKG] [DEBUG] 🤖 [MS3-PKG] [DEBUG] 🤖 [MS3-PKG] [DEBUG] 🤖 [MS3-PKG] [DEBUG] 🤖 [MS3-PKG] [DEBUG] 🤖 [MS3-PKG] [DEBUG] 🤖 [MS3-PKG] [DEBUG] 🤖 [MS3-PKG] [DEBUG] 🤖 [MS3-PKG] [DEBUG] 🤖 [MS3-PKG] [DEBUG] 📋 [analyzeJoiSchema] Schema description type: object
🤖 [MS3-PKG] [DEBUG] 🤖 [MS3-PKG] [DEBUG] 🤖 [MS3-PKG] [DEBUG] 🤖 [MS3-PKG] [DEBUG] 🤖 [MS3-PKG] [DEBUG] 🤖 [MS3-PKG] [DEBUG] 🤖 [MS3-PKG] [DEBUG] 🤖 [MS3-PKG] [DEBUG] 🤖 [MS3-PKG] [DEBUG] 🤖 [MS3-PKG] [DEBUG] 🤖 [MS3-PKG] [DEBUG] 🤖 [MS3-PKG] [DEBUG] 🤖 [MS3-PKG] [DEBUG] 🤖 [MS3-PKG] [DEBUG] 📋 [analyzeJoiSchema] Schema keys: [ [32m&apos;privateKey&apos;[39m, [32m&apos;provider&apos;[39m, [32m&apos;multiChainRpcs&apos;[39m ]
🤖 [MS3-PKG] [DEBUG] 🤖 [MS3-PKG] [DEBUG] 🤖 [MS3-PKG] [DEBUG] 🤖 [MS3-PKG] [DEBUG] 🤖 [MS3-PKG] [DEBUG] 🤖 [MS3-PKG] [DEBUG] 🤖 [MS3-PKG] [DEBUG] 🤖 [MS3-PKG] [DEBUG] 🤖 [MS3-PKG] [DEBUG] 🤖 [MS3-PKG] [DEBUG] 🤖 [MS3-PKG] [DEBUG] 🤖 [MS3-PKG] [DEBUG] 🤖 [MS3-PKG] [DEBUG] 🤖 [MS3-PKG] [DEBUG] ✅ [analyzeJoiSchema] Processing object schema with 3 keys
🤖 [MS3-PKG] [DEBUG] 🤖 [MS3-PKG] [DEBUG] 🤖 [MS3-PKG] [DEBUG] 🤖 [MS3-PKG] [DEBUG] 🤖 [MS3-PKG] [DEBUG] 🤖 [MS3-PKG] [DEBUG] 🤖 [MS3-PKG] [DEBUG] 🤖 [MS3-PKG] [DEBUG] 🤖 [MS3-PKG] [DEBUG] 🤖 [MS3-PKG] [DEBUG] 🤖 [MS3-PKG] [DEBUG] 🤖 [MS3-PKG] [DEBUG] 🤖 [MS3-PKG] [DEBUG] 🤖 [MS3-PKG] [DEBUG] 🔑 [analyzeJoiSchema] Processing field: privateKey
🤖 [MS3-PKG] [DEBUG] 🤖 [MS3-PKG] [DEBUG] 🤖 [MS3-PKG] [DEBUG] 🤖 [MS3-PKG] [DEBUG] 🤖 [MS3-PKG] [DEBUG] 🤖 [MS3-PKG] [DEBUG] 🤖 [MS3-PKG] [DEBUG] 🤖 [MS3-PKG] [DEBUG] 🤖 [MS3-PKG] [DEBUG] 🤖 [MS3-PKG] [DEBUG] 🤖 [MS3-PKG] [DEBUG] 🤖 [MS3-PKG] [DEBUG] 🤖 [MS3-PKG] [DEBUG] 🤖 [MS3-PKG] [DEBUG] 📝 [analyzeJoiSchema] Field description: {
  type: [32m&apos;string&apos;[39m,
  flags: {
    presence: [32m&apos;required&apos;[39m,
    description: [32m&apos;Private key for wallet (generates random if not provided)&apos;[39m
  },
  rules: [ { name: [32m&apos;pattern&apos;[39m, args: [36m[Object][39m } ]
}
🤖 [MS3-PKG] [DEBUG] 🤖 [MS3-PKG] [DEBUG] 🤖 [MS3-PKG] [DEBUG] 🤖 [MS3-PKG] [DEBUG] 🤖 [MS3-PKG] [DEBUG] 🤖 [MS3-PKG] [DEBUG] 🤖 [MS3-PKG] [DEBUG] 🤖 [MS3-PKG] [DEBUG] 🤖 [MS3-PKG] [DEBUG] 🤖 [MS3-PKG] [DEBUG] 🤖 [MS3-PKG] [DEBUG] 🤖 [MS3-PKG] [DEBUG] 🤖 [MS3-PKG] [DEBUG] 🤖 [MS3-PKG] [DEBUG] 📊 [analyzeJoiSchema] Field privateKey: type=string, required=true, message=&quot;Private key for wallet (generates random if not provided)&quot;
🤖 [MS3-PKG] [DEBUG] 🤖 [MS3-PKG] [DEBUG] 🤖 [MS3-PKG] [DEBUG] 🤖 [MS3-PKG] [DEBUG] 🤖 [MS3-PKG] [DEBUG] 🤖 [MS3-PKG] [DEBUG] 🤖 [MS3-PKG] [DEBUG] 🤖 [MS3-PKG] [DEBUG] 🤖 [MS3-PKG] [DEBUG] 🤖 [MS3-PKG] [DEBUG] 🤖 [MS3-PKG] [DEBUG] 🤖 [MS3-PKG] [DEBUG] 🤖 [MS3-PKG] [DEBUG] 🤖 [MS3-PKG] [DEBUG] 🔑 [analyzeJoiSchema] Processing field: provider
🤖 [MS3-PKG] [DEBUG] 🤖 [MS3-PKG] [DEBUG] 🤖 [MS3-PKG] [DEBUG] 🤖 [MS3-PKG] [DEBUG] 🤖 [MS3-PKG] [DEBUG] 🤖 [MS3-PKG] [DEBUG] 🤖 [MS3-PKG] [DEBUG] 🤖 [MS3-PKG] [DEBUG] 🤖 [MS3-PKG] [DEBUG] 🤖 [MS3-PKG] [DEBUG] 🤖 [MS3-PKG] [DEBUG] 🤖 [MS3-PKG] [DEBUG] 🤖 [MS3-PKG] [DEBUG] 🤖 [MS3-PKG] [DEBUG] 📝 [analyzeJoiSchema] Field description: {
  type: [32m&apos;object&apos;[39m,
  flags: {
    presence: [32m&apos;optional&apos;[39m,
    description: [32m&apos;Optional provider configuration&apos;[39m
  },
  keys: {
    name: { type: [32m&apos;string&apos;[39m, flags: [36m[Object][39m },
    chainId: { type: [32m&apos;string&apos;[39m, flags: [36m[Object][39m, rules: [36m[Array][39m },
    rpcUrls: { type: [32m&apos;array&apos;[39m, flags: [36m[Object][39m, rules: [36m[Array][39m, items: [36m[Array][39m },
    displayName: { type: [32m&apos;string&apos;[39m, flags: [36m[Object][39m }
  }
}
🤖 [MS3-PKG] [DEBUG] 🤖 [MS3-PKG] [DEBUG] 🤖 [MS3-PKG] [DEBUG] 🤖 [MS3-PKG] [DEBUG] 🤖 [MS3-PKG] [DEBUG] 🤖 [MS3-PKG] [DEBUG] 🤖 [MS3-PKG] [DEBUG] 🤖 [MS3-PKG] [DEBUG] 🤖 [MS3-PKG] [DEBUG] 🤖 [MS3-PKG] [DEBUG] 🤖 [MS3-PKG] [DEBUG] 🤖 [MS3-PKG] [DEBUG] 🤖 [MS3-PKG] [DEBUG] 🤖 [MS3-PKG] [DEBUG] 📊 [analyzeJoiSchema] Field provider: type=object, required=false, message=&quot;Optional provider configuration&quot;
🤖 [MS3-PKG] [DEBUG] 🤖 [MS3-PKG] [DEBUG] 🤖 [MS3-PKG] [DEBUG] 🤖 [MS3-PKG] [DEBUG] 🤖 [MS3-PKG] [DEBUG] 🤖 [MS3-PKG] [DEBUG] 🤖 [MS3-PKG] [DEBUG] 🤖 [MS3-PKG] [DEBUG] 🤖 [MS3-PKG] [DEBUG] 🤖 [MS3-PKG] [DEBUG] 🤖 [MS3-PKG] [DEBUG] 🤖 [MS3-PKG] [DEBUG] 🤖 [MS3-PKG] [DEBUG] 🤖 [MS3-PKG] [DEBUG] 🔄 [analyzeJoiSchema] Recursing into nested object: provider
🤖 [MS3-PKG] [DEBUG] 🤖 [MS3-PKG] [DEBUG] 🤖 [MS3-PKG] [DEBUG] 🤖 [MS3-PKG] [DEBUG] 🤖 [MS3-PKG] [DEBUG] 🤖 [MS3-PKG] [DEBUG] 🤖 [MS3-PKG] [DEBUG] 🤖 [MS3-PKG] [DEBUG] 🤖 [MS3-PKG] [DEBUG] 🤖 [MS3-PKG] [DEBUG] 🤖 [MS3-PKG] [DEBUG] 🤖 [MS3-PKG] [DEBUG] 🤖 [MS3-PKG] [DEBUG] 🤖 [MS3-PKG] [DEBUG] 🔑 [analyzeJoiSchema] Processing field: multiChainRpcs
🤖 [MS3-PKG] [DEBUG] 🤖 [MS3-PKG] [DEBUG] 🤖 [MS3-PKG] [DEBUG] 🤖 [MS3-PKG] [DEBUG] 🤖 [MS3-PKG] [DEBUG] 🤖 [MS3-PKG] [DEBUG] 🤖 [MS3-PKG] [DEBUG] 🤖 [MS3-PKG] [DEBUG] 🤖 [MS3-PKG] [DEBUG] 🤖 [MS3-PKG] [DEBUG] 🤖 [MS3-PKG] [DEBUG] 🤖 [MS3-PKG] [DEBUG] 🤖 [MS3-PKG] [DEBUG] 🤖 [MS3-PKG] [DEBUG] 📝 [analyzeJoiSchema] Field description: {
  type: [32m&apos;object&apos;[39m,
  flags: {
    presence: [32m&apos;optional&apos;[39m,
    description: [32m&apos;Multi-chain RPC configuration - maps chain IDs to RPC URL arrays&apos;[39m
  },
  patterns: [ { schema: [36m[Object][39m, rule: [36m[Object][39m } ]
}
🤖 [MS3-PKG] [DEBUG] 🤖 [MS3-PKG] [DEBUG] 🤖 [MS3-PKG] [DEBUG] 🤖 [MS3-PKG] [DEBUG] 🤖 [MS3-PKG] [DEBUG] 🤖 [MS3-PKG] [DEBUG] 🤖 [MS3-PKG] [DEBUG] 🤖 [MS3-PKG] [DEBUG] 🤖 [MS3-PKG] [DEBUG] 🤖 [MS3-PKG] [DEBUG] 🤖 [MS3-PKG] [DEBUG] 🤖 [MS3-PKG] [DEBUG] 🤖 [MS3-PKG] [DEBUG] 🤖 [MS3-PKG] [DEBUG] 📊 [analyzeJoiSchema] Field multiChainRpcs: type=object, required=false, message=&quot;Multi-chain RPC configuration - maps chain IDs to RPC URL arrays&quot;
🤖 [MS3-PKG] [INFO] 🤖 [MS3-PKG] [INFO] 🤖 [MS3-PKG] [INFO] 🤖 [MS3-PKG] [INFO] 🤖 [MS3-PKG] [INFO] 🤖 [MS3-PKG] [INFO] 🤖 [MS3-PKG] [INFO] 🤖 [MS3-PKG] [INFO] 🤖 [MS3-PKG] [INFO] 🤖 [MS3-PKG] [INFO] 🤖 [MS3-PKG] [INFO] 🤖 [MS3-PKG] [INFO] 🤖 [MS3-PKG] [INFO] 🤖 [MS3-PKG] [INFO] 📊 [analyzeJoiSchema] Generated 7 requirements for options
🤖 [MS3-PKG] [DEBUG] 🤖 [MS3-PKG] [DEBUG] 🤖 [MS3-PKG] [DEBUG] 🤖 [MS3-PKG] [DEBUG] 🤖 [MS3-PKG] [DEBUG] 🤖 [MS3-PKG] [DEBUG] 🤖 [MS3-PKG] [DEBUG] 🤖 [MS3-PKG] [DEBUG] 🤖 [MS3-PKG] [DEBUG] 🤖 [MS3-PKG] [DEBUG] 🤖 [MS3-PKG] [DEBUG] 🤖 [MS3-PKG] [DEBUG] 🤖 [MS3-PKG] [DEBUG] 🤖 [MS3-PKG] [DEBUG] 🔍 [getRequirements] Starting analysis for bulk-test-62
🤖 [MS3-PKG] [DEBUG] 🤖 [MS3-PKG] [DEBUG] 🤖 [MS3-PKG] [DEBUG] 🤖 [MS3-PKG] [DEBUG] 🤖 [MS3-PKG] [DEBUG] 🤖 [MS3-PKG] [DEBUG] 🤖 [MS3-PKG] [DEBUG] 🤖 [MS3-PKG] [DEBUG] 🤖 [MS3-PKG] [DEBUG] 🤖 [MS3-PKG] [DEBUG] 🤖 [MS3-PKG] [DEBUG] 🤖 [MS3-PKG] [DEBUG] 🤖 [MS3-PKG] [DEBUG] 🤖 [MS3-PKG] [DEBUG] 🔬 [analyzeJoiSchema] Analyzing schema at path: options
🤖 [MS3-PKG] [DEBUG] 🤖 [MS3-PKG] [DEBUG] 🤖 [MS3-PKG] [DEBUG] 🤖 [MS3-PKG] [DEBUG] 🤖 [MS3-PKG] [DEBUG] 🤖 [MS3-PKG] [DEBUG] 🤖 [MS3-PKG] [DEBUG] 🤖 [MS3-PKG] [DEBUG] 🤖 [MS3-PKG] [DEBUG] 🤖 [MS3-PKG] [DEBUG] 🤖 [MS3-PKG] [DEBUG] 🤖 [MS3-PKG] [DEBUG] 🤖 [MS3-PKG] [DEBUG] 🤖 [MS3-PKG] [DEBUG] 📋 [analyzeJoiSchema] Schema description type: object
🤖 [MS3-PKG] [DEBUG] 🤖 [MS3-PKG] [DEBUG] 🤖 [MS3-PKG] [DEBUG] 🤖 [MS3-PKG] [DEBUG] 🤖 [MS3-PKG] [DEBUG] 🤖 [MS3-PKG] [DEBUG] 🤖 [MS3-PKG] [DEBUG] 🤖 [MS3-PKG] [DEBUG] 🤖 [MS3-PKG] [DEBUG] 🤖 [MS3-PKG] [DEBUG] 🤖 [MS3-PKG] [DEBUG] 🤖 [MS3-PKG] [DEBUG] 🤖 [MS3-PKG] [DEBUG] 🤖 [MS3-PKG] [DEBUG] 📋 [analyzeJoiSchema] Schema keys: [ [32m&apos;web3authConfig&apos;[39m, [32m&apos;multiChainRpcs&apos;[39m ]
🤖 [MS3-PKG] [DEBUG] 🤖 [MS3-PKG] [DEBUG] 🤖 [MS3-PKG] [DEBUG] 🤖 [MS3-PKG] [DEBUG] 🤖 [MS3-PKG] [DEBUG] 🤖 [MS3-PKG] [DEBUG] 🤖 [MS3-PKG] [DEBUG] 🤖 [MS3-PKG] [DEBUG] 🤖 [MS3-PKG] [DEBUG] 🤖 [MS3-PKG] [DEBUG] 🤖 [MS3-PKG] [DEBUG] 🤖 [MS3-PKG] [DEBUG] 🤖 [MS3-PKG] [DEBUG] 🤖 [MS3-PKG] [DEBUG] ✅ [analyzeJoiSchema] Processing object schema with 2 keys
🤖 [MS3-PKG] [DEBUG] 🤖 [MS3-PKG] [DEBUG] 🤖 [MS3-PKG] [DEBUG] 🤖 [MS3-PKG] [DEBUG] 🤖 [MS3-PKG] [DEBUG] 🤖 [MS3-PKG] [DEBUG] 🤖 [MS3-PKG] [DEBUG] 🤖 [MS3-PKG] [DEBUG] 🤖 [MS3-PKG] [DEBUG] 🤖 [MS3-PKG] [DEBUG] 🤖 [MS3-PKG] [DEBUG] 🤖 [MS3-PKG] [DEBUG] 🤖 [MS3-PKG] [DEBUG] 🤖 [MS3-PKG] [DEBUG] 🔑 [analyzeJoiSchema] Processing field: web3authConfig
🤖 [MS3-PKG] [DEBUG] 🤖 [MS3-PKG] [DEBUG] 🤖 [MS3-PKG] [DEBUG] 🤖 [MS3-PKG] [DEBUG] 🤖 [MS3-PKG] [DEBUG] 🤖 [MS3-PKG] [DEBUG] 🤖 [MS3-PKG] [DEBUG] 🤖 [MS3-PKG] [DEBUG] 🤖 [MS3-PKG] [DEBUG] 🤖 [MS3-PKG] [DEBUG] 🤖 [MS3-PKG] [DEBUG] 🤖 [MS3-PKG] [DEBUG] 🤖 [MS3-PKG] [DEBUG] 🤖 [MS3-PKG] [DEBUG] 📝 [analyzeJoiSchema] Field description: {
  type: [32m&apos;object&apos;[39m,
  flags: {
    presence: [32m&apos;required&apos;[39m,
    description: [32m&apos;Web3Auth configuration object&apos;[39m
  },
  keys: {
    clientId: { type: [32m&apos;string&apos;[39m, flags: [36m[Object][39m },
    web3AuthNetwork: { type: [32m&apos;string&apos;[39m, flags: [36m[Object][39m, allow: [36m[Array][39m },
    chainConfig: { type: [32m&apos;object&apos;[39m, flags: [36m[Object][39m, keys: [36m[Object][39m },
    loginConfig: { type: [32m&apos;object&apos;[39m, flags: [36m[Object][39m },
    privateKeyProvider: { type: [32m&apos;any&apos;[39m, flags: [36m[Object][39m }
  }
}
🤖 [MS3-PKG] [DEBUG] 🤖 [MS3-PKG] [DEBUG] 🤖 [MS3-PKG] [DEBUG] 🤖 [MS3-PKG] [DEBUG] 🤖 [MS3-PKG] [DEBUG] 🤖 [MS3-PKG] [DEBUG] 🤖 [MS3-PKG] [DEBUG] 🤖 [MS3-PKG] [DEBUG] 🤖 [MS3-PKG] [DEBUG] 🤖 [MS3-PKG] [DEBUG] 🤖 [MS3-PKG] [DEBUG] 🤖 [MS3-PKG] [DEBUG] 🤖 [MS3-PKG] [DEBUG] 🤖 [MS3-PKG] [DEBUG] 📊 [analyzeJoiSchema] Field web3authConfig: type=object, required=true, message=&quot;Web3Auth configuration object&quot;
🤖 [MS3-PKG] [DEBUG] 🤖 [MS3-PKG] [DEBUG] 🤖 [MS3-PKG] [DEBUG] 🤖 [MS3-PKG] [DEBUG] 🤖 [MS3-PKG] [DEBUG] 🤖 [MS3-PKG] [DEBUG] 🤖 [MS3-PKG] [DEBUG] 🤖 [MS3-PKG] [DEBUG] 🤖 [MS3-PKG] [DEBUG] 🤖 [MS3-PKG] [DEBUG] 🤖 [MS3-PKG] [DEBUG] 🤖 [MS3-PKG] [DEBUG] 🤖 [MS3-PKG] [DEBUG] 🤖 [MS3-PKG] [DEBUG] 🔄 [analyzeJoiSchema] Recursing into nested object: web3authConfig
🤖 [MS3-PKG] [DEBUG] 🤖 [MS3-PKG] [DEBUG] 🤖 [MS3-PKG] [DEBUG] 🤖 [MS3-PKG] [DEBUG] 🤖 [MS3-PKG] [DEBUG] 🤖 [MS3-PKG] [DEBUG] 🤖 [MS3-PKG] [DEBUG] 🤖 [MS3-PKG] [DEBUG] 🤖 [MS3-PKG] [DEBUG] 🤖 [MS3-PKG] [DEBUG] 🤖 [MS3-PKG] [DEBUG] 🤖 [MS3-PKG] [DEBUG] 🤖 [MS3-PKG] [DEBUG] 🤖 [MS3-PKG] [DEBUG] 🔑 [analyzeJoiSchema] Processing field: multiChainRpcs
🤖 [MS3-PKG] [DEBUG] 🤖 [MS3-PKG] [DEBUG] 🤖 [MS3-PKG] [DEBUG] 🤖 [MS3-PKG] [DEBUG] 🤖 [MS3-PKG] [DEBUG] 🤖 [MS3-PKG] [DEBUG] 🤖 [MS3-PKG] [DEBUG] 🤖 [MS3-PKG] [DEBUG] 🤖 [MS3-PKG] [DEBUG] 🤖 [MS3-PKG] [DEBUG] 🤖 [MS3-PKG] [DEBUG] 🤖 [MS3-PKG] [DEBUG] 🤖 [MS3-PKG] [DEBUG] 🤖 [MS3-PKG] [DEBUG] 📝 [analyzeJoiSchema] Field description: {
  type: [32m&apos;object&apos;[39m,
  flags: {
    presence: [32m&apos;optional&apos;[39m,
    description: [32m&apos;Multi-chain RPC configuration - maps chain IDs to RPC URL arrays&apos;[39m
  },
  patterns: [ { schema: [36m[Object][39m, rule: [36m[Object][39m } ]
}
🤖 [MS3-PKG] [DEBUG] 🤖 [MS3-PKG] [DEBUG] 🤖 [MS3-PKG] [DEBUG] 🤖 [MS3-PKG] [DEBUG] 🤖 [MS3-PKG] [DEBUG] 🤖 [MS3-PKG] [DEBUG] 🤖 [MS3-PKG] [DEBUG] 🤖 [MS3-PKG] [DEBUG] 🤖 [MS3-PKG] [DEBUG] 🤖 [MS3-PKG] [DEBUG] 🤖 [MS3-PKG] [DEBUG] 🤖 [MS3-PKG] [DEBUG] 🤖 [MS3-PKG] [DEBUG] 🤖 [MS3-PKG] [DEBUG] 📊 [analyzeJoiSchema] Field multiChainRpcs: type=object, required=false, message=&quot;Multi-chain RPC configuration - maps chain IDs to RPC URL arrays&quot;
🤖 [MS3-PKG] [INFO] 🤖 [MS3-PKG] [INFO] 🤖 [MS3-PKG] [INFO] 🤖 [MS3-PKG] [INFO] 🤖 [MS3-PKG] [INFO] 🤖 [MS3-PKG] [INFO] 🤖 [MS3-PKG] [INFO] 🤖 [MS3-PKG] [INFO] 🤖 [MS3-PKG] [INFO] 🤖 [MS3-PKG] [INFO] 🤖 [MS3-PKG] [INFO] 🤖 [MS3-PKG] [INFO] 🤖 [MS3-PKG] [INFO] 🤖 [MS3-PKG] [INFO] 📊 [analyzeJoiSchema] Generated 14 requirements for options
🤖 [MS3-PKG] [DEBUG] 🤖 [MS3-PKG] [DEBUG] 🤖 [MS3-PKG] [DEBUG] 🤖 [MS3-PKG] [DEBUG] 🤖 [MS3-PKG] [DEBUG] 🤖 [MS3-PKG] [DEBUG] 🤖 [MS3-PKG] [DEBUG] 🤖 [MS3-PKG] [DEBUG] 🤖 [MS3-PKG] [DEBUG] 🤖 [MS3-PKG] [DEBUG] 🤖 [MS3-PKG] [DEBUG] 🤖 [MS3-PKG] [DEBUG] 🤖 [MS3-PKG] [DEBUG] 🤖 [MS3-PKG] [DEBUG] 🔍 [getRequirements] Starting analysis for bulk-test-63
🤖 [MS3-PKG] [DEBUG] 🤖 [MS3-PKG] [DEBUG] 🤖 [MS3-PKG] [DEBUG] 🤖 [MS3-PKG] [DEBUG] 🤖 [MS3-PKG] [DEBUG] 🤖 [MS3-PKG] [DEBUG] 🤖 [MS3-PKG] [DEBUG] 🤖 [MS3-PKG] [DEBUG] 🤖 [MS3-PKG] [DEBUG] 🤖 [MS3-PKG] [DEBUG] 🤖 [MS3-PKG] [DEBUG] 🤖 [MS3-PKG] [DEBUG] 🤖 [MS3-PKG] [DEBUG] 🤖 [MS3-PKG] [DEBUG] 🔬 [analyzeJoiSchema] Analyzing schema at path: options
🤖 [MS3-PKG] [DEBUG] 🤖 [MS3-PKG] [DEBUG] 🤖 [MS3-PKG] [DEBUG] 🤖 [MS3-PKG] [DEBUG] 🤖 [MS3-PKG] [DEBUG] 🤖 [MS3-PKG] [DEBUG] 🤖 [MS3-PKG] [DEBUG] 🤖 [MS3-PKG] [DEBUG] 🤖 [MS3-PKG] [DEBUG] 🤖 [MS3-PKG] [DEBUG] 🤖 [MS3-PKG] [DEBUG] 🤖 [MS3-PKG] [DEBUG] 🤖 [MS3-PKG] [DEBUG] 🤖 [MS3-PKG] [DEBUG] 📋 [analyzeJoiSchema] Schema description type: object
🤖 [MS3-PKG] [DEBUG] 🤖 [MS3-PKG] [DEBUG] 🤖 [MS3-PKG] [DEBUG] 🤖 [MS3-PKG] [DEBUG] 🤖 [MS3-PKG] [DEBUG] 🤖 [MS3-PKG] [DEBUG] 🤖 [MS3-PKG] [DEBUG] 🤖 [MS3-PKG] [DEBUG] 🤖 [MS3-PKG] [DEBUG] 🤖 [MS3-PKG] [DEBUG] 🤖 [MS3-PKG] [DEBUG] 🤖 [MS3-PKG] [DEBUG] 🤖 [MS3-PKG] [DEBUG] 🤖 [MS3-PKG] [DEBUG] 📋 [analyzeJoiSchema] Schema keys: [ [32m&apos;privateKey&apos;[39m, [32m&apos;provider&apos;[39m, [32m&apos;multiChainRpcs&apos;[39m ]
🤖 [MS3-PKG] [DEBUG] 🤖 [MS3-PKG] [DEBUG] 🤖 [MS3-PKG] [DEBUG] 🤖 [MS3-PKG] [DEBUG] 🤖 [MS3-PKG] [DEBUG] 🤖 [MS3-PKG] [DEBUG] 🤖 [MS3-PKG] [DEBUG] 🤖 [MS3-PKG] [DEBUG] 🤖 [MS3-PKG] [DEBUG] 🤖 [MS3-PKG] [DEBUG] 🤖 [MS3-PKG] [DEBUG] 🤖 [MS3-PKG] [DEBUG] 🤖 [MS3-PKG] [DEBUG] 🤖 [MS3-PKG] [DEBUG] ✅ [analyzeJoiSchema] Processing object schema with 3 keys
🤖 [MS3-PKG] [DEBUG] 🤖 [MS3-PKG] [DEBUG] 🤖 [MS3-PKG] [DEBUG] 🤖 [MS3-PKG] [DEBUG] 🤖 [MS3-PKG] [DEBUG] 🤖 [MS3-PKG] [DEBUG] 🤖 [MS3-PKG] [DEBUG] 🤖 [MS3-PKG] [DEBUG] 🤖 [MS3-PKG] [DEBUG] 🤖 [MS3-PKG] [DEBUG] 🤖 [MS3-PKG] [DEBUG] 🤖 [MS3-PKG] [DEBUG] 🤖 [MS3-PKG] [DEBUG] 🤖 [MS3-PKG] [DEBUG] 🔑 [analyzeJoiSchema] Processing field: privateKey
🤖 [MS3-PKG] [DEBUG] 🤖 [MS3-PKG] [DEBUG] 🤖 [MS3-PKG] [DEBUG] 🤖 [MS3-PKG] [DEBUG] 🤖 [MS3-PKG] [DEBUG] 🤖 [MS3-PKG] [DEBUG] 🤖 [MS3-PKG] [DEBUG] 🤖 [MS3-PKG] [DEBUG] 🤖 [MS3-PKG] [DEBUG] 🤖 [MS3-PKG] [DEBUG] 🤖 [MS3-PKG] [DEBUG] 🤖 [MS3-PKG] [DEBUG] 🤖 [MS3-PKG] [DEBUG] 🤖 [MS3-PKG] [DEBUG] 📝 [analyzeJoiSchema] Field description: {
  type: [32m&apos;string&apos;[39m,
  flags: {
    presence: [32m&apos;required&apos;[39m,
    description: [32m&apos;Private key for wallet (generates random if not provided)&apos;[39m
  },
  rules: [ { name: [32m&apos;pattern&apos;[39m, args: [36m[Object][39m } ]
}
🤖 [MS3-PKG] [DEBUG] 🤖 [MS3-PKG] [DEBUG] 🤖 [MS3-PKG] [DEBUG] 🤖 [MS3-PKG] [DEBUG] 🤖 [MS3-PKG] [DEBUG] 🤖 [MS3-PKG] [DEBUG] 🤖 [MS3-PKG] [DEBUG] 🤖 [MS3-PKG] [DEBUG] 🤖 [MS3-PKG] [DEBUG] 🤖 [MS3-PKG] [DEBUG] 🤖 [MS3-PKG] [DEBUG] 🤖 [MS3-PKG] [DEBUG] 🤖 [MS3-PKG] [DEBUG] 🤖 [MS3-PKG] [DEBUG] 📊 [analyzeJoiSchema] Field privateKey: type=string, required=true, message=&quot;Private key for wallet (generates random if not provided)&quot;
🤖 [MS3-PKG] [DEBUG] 🤖 [MS3-PKG] [DEBUG] 🤖 [MS3-PKG] [DEBUG] 🤖 [MS3-PKG] [DEBUG] 🤖 [MS3-PKG] [DEBUG] 🤖 [MS3-PKG] [DEBUG] 🤖 [MS3-PKG] [DEBUG] 🤖 [MS3-PKG] [DEBUG] 🤖 [MS3-PKG] [DEBUG] 🤖 [MS3-PKG] [DEBUG] 🤖 [MS3-PKG] [DEBUG] 🤖 [MS3-PKG] [DEBUG] 🤖 [MS3-PKG] [DEBUG] 🤖 [MS3-PKG] [DEBUG] 🔑 [analyzeJoiSchema] Processing field: provider
🤖 [MS3-PKG] [DEBUG] 🤖 [MS3-PKG] [DEBUG] 🤖 [MS3-PKG] [DEBUG] 🤖 [MS3-PKG] [DEBUG] 🤖 [MS3-PKG] [DEBUG] 🤖 [MS3-PKG] [DEBUG] 🤖 [MS3-PKG] [DEBUG] 🤖 [MS3-PKG] [DEBUG] 🤖 [MS3-PKG] [DEBUG] 🤖 [MS3-PKG] [DEBUG] 🤖 [MS3-PKG] [DEBUG] 🤖 [MS3-PKG] [DEBUG] 🤖 [MS3-PKG] [DEBUG] 🤖 [MS3-PKG] [DEBUG] 📝 [analyzeJoiSchema] Field description: {
  type: [32m&apos;object&apos;[39m,
  flags: {
    presence: [32m&apos;optional&apos;[39m,
    description: [32m&apos;Optional provider configuration&apos;[39m
  },
  keys: {
    name: { type: [32m&apos;string&apos;[39m, flags: [36m[Object][39m },
    chainId: { type: [32m&apos;string&apos;[39m, flags: [36m[Object][39m, rules: [36m[Array][39m },
    rpcUrls: { type: [32m&apos;array&apos;[39m, flags: [36m[Object][39m, rules: [36m[Array][39m, items: [36m[Array][39m },
    displayName: { type: [32m&apos;string&apos;[39m, flags: [36m[Object][39m }
  }
}
🤖 [MS3-PKG] [DEBUG] 🤖 [MS3-PKG] [DEBUG] 🤖 [MS3-PKG] [DEBUG] 🤖 [MS3-PKG] [DEBUG] 🤖 [MS3-PKG] [DEBUG] 🤖 [MS3-PKG] [DEBUG] 🤖 [MS3-PKG] [DEBUG] 🤖 [MS3-PKG] [DEBUG] 🤖 [MS3-PKG] [DEBUG] 🤖 [MS3-PKG] [DEBUG] 🤖 [MS3-PKG] [DEBUG] 🤖 [MS3-PKG] [DEBUG] 🤖 [MS3-PKG] [DEBUG] 🤖 [MS3-PKG] [DEBUG] 📊 [analyzeJoiSchema] Field provider: type=object, required=false, message=&quot;Optional provider configuration&quot;
🤖 [MS3-PKG] [DEBUG] 🤖 [MS3-PKG] [DEBUG] 🤖 [MS3-PKG] [DEBUG] 🤖 [MS3-PKG] [DEBUG] 🤖 [MS3-PKG] [DEBUG] 🤖 [MS3-PKG] [DEBUG] 🤖 [MS3-PKG] [DEBUG] 🤖 [MS3-PKG] [DEBUG] 🤖 [MS3-PKG] [DEBUG] 🤖 [MS3-PKG] [DEBUG] 🤖 [MS3-PKG] [DEBUG] 🤖 [MS3-PKG] [DEBUG] 🤖 [MS3-PKG] [DEBUG] 🤖 [MS3-PKG] [DEBUG] 🔄 [analyzeJoiSchema] Recursing into nested object: provider
🤖 [MS3-PKG] [DEBUG] 🤖 [MS3-PKG] [DEBUG] 🤖 [MS3-PKG] [DEBUG] 🤖 [MS3-PKG] [DEBUG] 🤖 [MS3-PKG] [DEBUG] 🤖 [MS3-PKG] [DEBUG] 🤖 [MS3-PKG] [DEBUG] 🤖 [MS3-PKG] [DEBUG] 🤖 [MS3-PKG] [DEBUG] 🤖 [MS3-PKG] [DEBUG] 🤖 [MS3-PKG] [DEBUG] 🤖 [MS3-PKG] [DEBUG] 🤖 [MS3-PKG] [DEBUG] 🤖 [MS3-PKG] [DEBUG] 🔑 [analyzeJoiSchema] Processing field: multiChainRpcs
🤖 [MS3-PKG] [DEBUG] 🤖 [MS3-PKG] [DEBUG] 🤖 [MS3-PKG] [DEBUG] 🤖 [MS3-PKG] [DEBUG] 🤖 [MS3-PKG] [DEBUG] 🤖 [MS3-PKG] [DEBUG] 🤖 [MS3-PKG] [DEBUG] 🤖 [MS3-PKG] [DEBUG] 🤖 [MS3-PKG] [DEBUG] 🤖 [MS3-PKG] [DEBUG] 🤖 [MS3-PKG] [DEBUG] 🤖 [MS3-PKG] [DEBUG] 🤖 [MS3-PKG] [DEBUG] 🤖 [MS3-PKG] [DEBUG] 📝 [analyzeJoiSchema] Field description: {
  type: [32m&apos;object&apos;[39m,
  flags: {
    presence: [32m&apos;optional&apos;[39m,
    description: [32m&apos;Multi-chain RPC configuration - maps chain IDs to RPC URL arrays&apos;[39m
  },
  patterns: [ { schema: [36m[Object][39m, rule: [36m[Object][39m } ]
}
🤖 [MS3-PKG] [DEBUG] 🤖 [MS3-PKG] [DEBUG] 🤖 [MS3-PKG] [DEBUG] 🤖 [MS3-PKG] [DEBUG] 🤖 [MS3-PKG] [DEBUG] 🤖 [MS3-PKG] [DEBUG] 🤖 [MS3-PKG] [DEBUG] 🤖 [MS3-PKG] [DEBUG] 🤖 [MS3-PKG] [DEBUG] 🤖 [MS3-PKG] [DEBUG] 🤖 [MS3-PKG] [DEBUG] 🤖 [MS3-PKG] [DEBUG] 🤖 [MS3-PKG] [DEBUG] 🤖 [MS3-PKG] [DEBUG] 📊 [analyzeJoiSchema] Field multiChainRpcs: type=object, required=false, message=&quot;Multi-chain RPC configuration - maps chain IDs to RPC URL arrays&quot;
🤖 [MS3-PKG] [INFO] 🤖 [MS3-PKG] [INFO] 🤖 [MS3-PKG] [INFO] 🤖 [MS3-PKG] [INFO] 🤖 [MS3-PKG] [INFO] 🤖 [MS3-PKG] [INFO] 🤖 [MS3-PKG] [INFO] 🤖 [MS3-PKG] [INFO] 🤖 [MS3-PKG] [INFO] 🤖 [MS3-PKG] [INFO] 🤖 [MS3-PKG] [INFO] 🤖 [MS3-PKG] [INFO] 🤖 [MS3-PKG] [INFO] 🤖 [MS3-PKG] [INFO] 📊 [analyzeJoiSchema] Generated 7 requirements for options
🤖 [MS3-PKG] [DEBUG] 🤖 [MS3-PKG] [DEBUG] 🤖 [MS3-PKG] [DEBUG] 🤖 [MS3-PKG] [DEBUG] 🤖 [MS3-PKG] [DEBUG] 🤖 [MS3-PKG] [DEBUG] 🤖 [MS3-PKG] [DEBUG] 🤖 [MS3-PKG] [DEBUG] 🤖 [MS3-PKG] [DEBUG] 🤖 [MS3-PKG] [DEBUG] 🤖 [MS3-PKG] [DEBUG] 🤖 [MS3-PKG] [DEBUG] 🤖 [MS3-PKG] [DEBUG] 🤖 [MS3-PKG] [DEBUG] 🔍 [getRequirements] Starting analysis for bulk-test-63
🤖 [MS3-PKG] [DEBUG] 🤖 [MS3-PKG] [DEBUG] 🤖 [MS3-PKG] [DEBUG] 🤖 [MS3-PKG] [DEBUG] 🤖 [MS3-PKG] [DEBUG] 🤖 [MS3-PKG] [DEBUG] 🤖 [MS3-PKG] [DEBUG] 🤖 [MS3-PKG] [DEBUG] 🤖 [MS3-PKG] [DEBUG] 🤖 [MS3-PKG] [DEBUG] 🤖 [MS3-PKG] [DEBUG] 🤖 [MS3-PKG] [DEBUG] 🤖 [MS3-PKG] [DEBUG] 🤖 [MS3-PKG] [DEBUG] 🔬 [analyzeJoiSchema] Analyzing schema at path: options
🤖 [MS3-PKG] [DEBUG] 🤖 [MS3-PKG] [DEBUG] 🤖 [MS3-PKG] [DEBUG] 🤖 [MS3-PKG] [DEBUG] 🤖 [MS3-PKG] [DEBUG] 🤖 [MS3-PKG] [DEBUG] 🤖 [MS3-PKG] [DEBUG] 🤖 [MS3-PKG] [DEBUG] 🤖 [MS3-PKG] [DEBUG] 🤖 [MS3-PKG] [DEBUG] 🤖 [MS3-PKG] [DEBUG] 🤖 [MS3-PKG] [DEBUG] 🤖 [MS3-PKG] [DEBUG] 🤖 [MS3-PKG] [DEBUG] 📋 [analyzeJoiSchema] Schema description type: object
🤖 [MS3-PKG] [DEBUG] 🤖 [MS3-PKG] [DEBUG] 🤖 [MS3-PKG] [DEBUG] 🤖 [MS3-PKG] [DEBUG] 🤖 [MS3-PKG] [DEBUG] 🤖 [MS3-PKG] [DEBUG] 🤖 [MS3-PKG] [DEBUG] 🤖 [MS3-PKG] [DEBUG] 🤖 [MS3-PKG] [DEBUG] 🤖 [MS3-PKG] [DEBUG] 🤖 [MS3-PKG] [DEBUG] 🤖 [MS3-PKG] [DEBUG] 🤖 [MS3-PKG] [DEBUG] 🤖 [MS3-PKG] [DEBUG] 📋 [analyzeJoiSchema] Schema keys: [ [32m&apos;web3authConfig&apos;[39m, [32m&apos;multiChainRpcs&apos;[39m ]
🤖 [MS3-PKG] [DEBUG] 🤖 [MS3-PKG] [DEBUG] 🤖 [MS3-PKG] [DEBUG] 🤖 [MS3-PKG] [DEBUG] 🤖 [MS3-PKG] [DEBUG] 🤖 [MS3-PKG] [DEBUG] 🤖 [MS3-PKG] [DEBUG] 🤖 [MS3-PKG] [DEBUG] 🤖 [MS3-PKG] [DEBUG] 🤖 [MS3-PKG] [DEBUG] 🤖 [MS3-PKG] [DEBUG] 🤖 [MS3-PKG] [DEBUG] 🤖 [MS3-PKG] [DEBUG] 🤖 [MS3-PKG] [DEBUG] ✅ [analyzeJoiSchema] Processing object schema with 2 keys
🤖 [MS3-PKG] [DEBUG] 🤖 [MS3-PKG] [DEBUG] 🤖 [MS3-PKG] [DEBUG] 🤖 [MS3-PKG] [DEBUG] 🤖 [MS3-PKG] [DEBUG] 🤖 [MS3-PKG] [DEBUG] 🤖 [MS3-PKG] [DEBUG] 🤖 [MS3-PKG] [DEBUG] 🤖 [MS3-PKG] [DEBUG] 🤖 [MS3-PKG] [DEBUG] 🤖 [MS3-PKG] [DEBUG] 🤖 [MS3-PKG] [DEBUG] 🤖 [MS3-PKG] [DEBUG] 🤖 [MS3-PKG] [DEBUG] 🔑 [analyzeJoiSchema] Processing field: web3authConfig
🤖 [MS3-PKG] [DEBUG] 🤖 [MS3-PKG] [DEBUG] 🤖 [MS3-PKG] [DEBUG] 🤖 [MS3-PKG] [DEBUG] 🤖 [MS3-PKG] [DEBUG] 🤖 [MS3-PKG] [DEBUG] 🤖 [MS3-PKG] [DEBUG] 🤖 [MS3-PKG] [DEBUG] 🤖 [MS3-PKG] [DEBUG] 🤖 [MS3-PKG] [DEBUG] 🤖 [MS3-PKG] [DEBUG] 🤖 [MS3-PKG] [DEBUG] 🤖 [MS3-PKG] [DEBUG] 🤖 [MS3-PKG] [DEBUG] 📝 [analyzeJoiSchema] Field description: {
  type: [32m&apos;object&apos;[39m,
  flags: {
    presence: [32m&apos;required&apos;[39m,
    description: [32m&apos;Web3Auth configuration object&apos;[39m
  },
  keys: {
    clientId: { type: [32m&apos;string&apos;[39m, flags: [36m[Object][39m },
    web3AuthNetwork: { type: [32m&apos;string&apos;[39m, flags: [36m[Object][39m, allow: [36m[Array][39m },
    chainConfig: { type: [32m&apos;object&apos;[39m, flags: [36m[Object][39m, keys: [36m[Object][39m },
    loginConfig: { type: [32m&apos;object&apos;[39m, flags: [36m[Object][39m },
    privateKeyProvider: { type: [32m&apos;any&apos;[39m, flags: [36m[Object][39m }
  }
}
🤖 [MS3-PKG] [DEBUG] 🤖 [MS3-PKG] [DEBUG] 🤖 [MS3-PKG] [DEBUG] 🤖 [MS3-PKG] [DEBUG] 🤖 [MS3-PKG] [DEBUG] 🤖 [MS3-PKG] [DEBUG] 🤖 [MS3-PKG] [DEBUG] 🤖 [MS3-PKG] [DEBUG] 🤖 [MS3-PKG] [DEBUG] 🤖 [MS3-PKG] [DEBUG] 🤖 [MS3-PKG] [DEBUG] 🤖 [MS3-PKG] [DEBUG] 🤖 [MS3-PKG] [DEBUG] 🤖 [MS3-PKG] [DEBUG] 📊 [analyzeJoiSchema] Field web3authConfig: type=object, required=true, message=&quot;Web3Auth configuration object&quot;
🤖 [MS3-PKG] [DEBUG] 🤖 [MS3-PKG] [DEBUG] 🤖 [MS3-PKG] [DEBUG] 🤖 [MS3-PKG] [DEBUG] 🤖 [MS3-PKG] [DEBUG] 🤖 [MS3-PKG] [DEBUG] 🤖 [MS3-PKG] [DEBUG] 🤖 [MS3-PKG] [DEBUG] 🤖 [MS3-PKG] [DEBUG] 🤖 [MS3-PKG] [DEBUG] 🤖 [MS3-PKG] [DEBUG] 🤖 [MS3-PKG] [DEBUG] 🤖 [MS3-PKG] [DEBUG] 🤖 [MS3-PKG] [DEBUG] 🔄 [analyzeJoiSchema] Recursing into nested object: web3authConfig
🤖 [MS3-PKG] [DEBUG] 🤖 [MS3-PKG] [DEBUG] 🤖 [MS3-PKG] [DEBUG] 🤖 [MS3-PKG] [DEBUG] 🤖 [MS3-PKG] [DEBUG] 🤖 [MS3-PKG] [DEBUG] 🤖 [MS3-PKG] [DEBUG] 🤖 [MS3-PKG] [DEBUG] 🤖 [MS3-PKG] [DEBUG] 🤖 [MS3-PKG] [DEBUG] 🤖 [MS3-PKG] [DEBUG] 🤖 [MS3-PKG] [DEBUG] 🤖 [MS3-PKG] [DEBUG] 🤖 [MS3-PKG] [DEBUG] 🔑 [analyzeJoiSchema] Processing field: multiChainRpcs
🤖 [MS3-PKG] [DEBUG] 🤖 [MS3-PKG] [DEBUG] 🤖 [MS3-PKG] [DEBUG] 🤖 [MS3-PKG] [DEBUG] 🤖 [MS3-PKG] [DEBUG] 🤖 [MS3-PKG] [DEBUG] 🤖 [MS3-PKG] [DEBUG] 🤖 [MS3-PKG] [DEBUG] 🤖 [MS3-PKG] [DEBUG] 🤖 [MS3-PKG] [DEBUG] 🤖 [MS3-PKG] [DEBUG] 🤖 [MS3-PKG] [DEBUG] 🤖 [MS3-PKG] [DEBUG] 🤖 [MS3-PKG] [DEBUG] 📝 [analyzeJoiSchema] Field description: {
  type: [32m&apos;object&apos;[39m,
  flags: {
    presence: [32m&apos;optional&apos;[39m,
    description: [32m&apos;Multi-chain RPC configuration - maps chain IDs to RPC URL arrays&apos;[39m
  },
  patterns: [ { schema: [36m[Object][39m, rule: [36m[Object][39m } ]
}
🤖 [MS3-PKG] [DEBUG] 🤖 [MS3-PKG] [DEBUG] 🤖 [MS3-PKG] [DEBUG] 🤖 [MS3-PKG] [DEBUG] 🤖 [MS3-PKG] [DEBUG] 🤖 [MS3-PKG] [DEBUG] 🤖 [MS3-PKG] [DEBUG] 🤖 [MS3-PKG] [DEBUG] 🤖 [MS3-PKG] [DEBUG] 🤖 [MS3-PKG] [DEBUG] 🤖 [MS3-PKG] [DEBUG] 🤖 [MS3-PKG] [DEBUG] 🤖 [MS3-PKG] [DEBUG] 🤖 [MS3-PKG] [DEBUG] 📊 [analyzeJoiSchema] Field multiChainRpcs: type=object, required=false, message=&quot;Multi-chain RPC configuration - maps chain IDs to RPC URL arrays&quot;
🤖 [MS3-PKG] [INFO] 🤖 [MS3-PKG] [INFO] 🤖 [MS3-PKG] [INFO] 🤖 [MS3-PKG] [INFO] 🤖 [MS3-PKG] [INFO] 🤖 [MS3-PKG] [INFO] 🤖 [MS3-PKG] [INFO] 🤖 [MS3-PKG] [INFO] 🤖 [MS3-PKG] [INFO] 🤖 [MS3-PKG] [INFO] 🤖 [MS3-PKG] [INFO] 🤖 [MS3-PKG] [INFO] 🤖 [MS3-PKG] [INFO] 🤖 [MS3-PKG] [INFO] 📊 [analyzeJoiSchema] Generated 14 requirements for options
🤖 [MS3-PKG] [DEBUG] 🤖 [MS3-PKG] [DEBUG] 🤖 [MS3-PKG] [DEBUG] 🤖 [MS3-PKG] [DEBUG] 🤖 [MS3-PKG] [DEBUG] 🤖 [MS3-PKG] [DEBUG] 🤖 [MS3-PKG] [DEBUG] 🤖 [MS3-PKG] [DEBUG] 🤖 [MS3-PKG] [DEBUG] 🤖 [MS3-PKG] [DEBUG] 🤖 [MS3-PKG] [DEBUG] 🤖 [MS3-PKG] [DEBUG] 🤖 [MS3-PKG] [DEBUG] 🤖 [MS3-PKG] [DEBUG] 🔍 [getRequirements] Starting analysis for bulk-test-64
🤖 [MS3-PKG] [DEBUG] 🤖 [MS3-PKG] [DEBUG] 🤖 [MS3-PKG] [DEBUG] 🤖 [MS3-PKG] [DEBUG] 🤖 [MS3-PKG] [DEBUG] 🤖 [MS3-PKG] [DEBUG] 🤖 [MS3-PKG] [DEBUG] 🤖 [MS3-PKG] [DEBUG] 🤖 [MS3-PKG] [DEBUG] 🤖 [MS3-PKG] [DEBUG] 🤖 [MS3-PKG] [DEBUG] 🤖 [MS3-PKG] [DEBUG] 🤖 [MS3-PKG] [DEBUG] 🤖 [MS3-PKG] [DEBUG] 🔬 [analyzeJoiSchema] Analyzing schema at path: options
🤖 [MS3-PKG] [DEBUG] 🤖 [MS3-PKG] [DEBUG] 🤖 [MS3-PKG] [DEBUG] 🤖 [MS3-PKG] [DEBUG] 🤖 [MS3-PKG] [DEBUG] 🤖 [MS3-PKG] [DEBUG] 🤖 [MS3-PKG] [DEBUG] 🤖 [MS3-PKG] [DEBUG] 🤖 [MS3-PKG] [DEBUG] 🤖 [MS3-PKG] [DEBUG] 🤖 [MS3-PKG] [DEBUG] 🤖 [MS3-PKG] [DEBUG] 🤖 [MS3-PKG] [DEBUG] 🤖 [MS3-PKG] [DEBUG] 📋 [analyzeJoiSchema] Schema description type: object
🤖 [MS3-PKG] [DEBUG] 🤖 [MS3-PKG] [DEBUG] 🤖 [MS3-PKG] [DEBUG] 🤖 [MS3-PKG] [DEBUG] 🤖 [MS3-PKG] [DEBUG] 🤖 [MS3-PKG] [DEBUG] 🤖 [MS3-PKG] [DEBUG] 🤖 [MS3-PKG] [DEBUG] 🤖 [MS3-PKG] [DEBUG] 🤖 [MS3-PKG] [DEBUG] 🤖 [MS3-PKG] [DEBUG] 🤖 [MS3-PKG] [DEBUG] 🤖 [MS3-PKG] [DEBUG] 🤖 [MS3-PKG] [DEBUG] 📋 [analyzeJoiSchema] Schema keys: [ [32m&apos;privateKey&apos;[39m, [32m&apos;provider&apos;[39m, [32m&apos;multiChainRpcs&apos;[39m ]
🤖 [MS3-PKG] [DEBUG] 🤖 [MS3-PKG] [DEBUG] 🤖 [MS3-PKG] [DEBUG] 🤖 [MS3-PKG] [DEBUG] 🤖 [MS3-PKG] [DEBUG] 🤖 [MS3-PKG] [DEBUG] 🤖 [MS3-PKG] [DEBUG] 🤖 [MS3-PKG] [DEBUG] 🤖 [MS3-PKG] [DEBUG] 🤖 [MS3-PKG] [DEBUG] 🤖 [MS3-PKG] [DEBUG] 🤖 [MS3-PKG] [DEBUG] 🤖 [MS3-PKG] [DEBUG] 🤖 [MS3-PKG] [DEBUG] ✅ [analyzeJoiSchema] Processing object schema with 3 keys
🤖 [MS3-PKG] [DEBUG] 🤖 [MS3-PKG] [DEBUG] 🤖 [MS3-PKG] [DEBUG] 🤖 [MS3-PKG] [DEBUG] 🤖 [MS3-PKG] [DEBUG] 🤖 [MS3-PKG] [DEBUG] 🤖 [MS3-PKG] [DEBUG] 🤖 [MS3-PKG] [DEBUG] 🤖 [MS3-PKG] [DEBUG] 🤖 [MS3-PKG] [DEBUG] 🤖 [MS3-PKG] [DEBUG] 🤖 [MS3-PKG] [DEBUG] 🤖 [MS3-PKG] [DEBUG] 🤖 [MS3-PKG] [DEBUG] 🔑 [analyzeJoiSchema] Processing field: privateKey
🤖 [MS3-PKG] [DEBUG] 🤖 [MS3-PKG] [DEBUG] 🤖 [MS3-PKG] [DEBUG] 🤖 [MS3-PKG] [DEBUG] 🤖 [MS3-PKG] [DEBUG] 🤖 [MS3-PKG] [DEBUG] 🤖 [MS3-PKG] [DEBUG] 🤖 [MS3-PKG] [DEBUG] 🤖 [MS3-PKG] [DEBUG] 🤖 [MS3-PKG] [DEBUG] 🤖 [MS3-PKG] [DEBUG] 🤖 [MS3-PKG] [DEBUG] 🤖 [MS3-PKG] [DEBUG] 🤖 [MS3-PKG] [DEBUG] 📝 [analyzeJoiSchema] Field description: {
  type: [32m&apos;string&apos;[39m,
  flags: {
    presence: [32m&apos;required&apos;[39m,
    description: [32m&apos;Private key for wallet (generates random if not provided)&apos;[39m
  },
  rules: [ { name: [32m&apos;pattern&apos;[39m, args: [36m[Object][39m } ]
}
🤖 [MS3-PKG] [DEBUG] 🤖 [MS3-PKG] [DEBUG] 🤖 [MS3-PKG] [DEBUG] 🤖 [MS3-PKG] [DEBUG] 🤖 [MS3-PKG] [DEBUG] 🤖 [MS3-PKG] [DEBUG] 🤖 [MS3-PKG] [DEBUG] 🤖 [MS3-PKG] [DEBUG] 🤖 [MS3-PKG] [DEBUG] 🤖 [MS3-PKG] [DEBUG] 🤖 [MS3-PKG] [DEBUG] 🤖 [MS3-PKG] [DEBUG] 🤖 [MS3-PKG] [DEBUG] 🤖 [MS3-PKG] [DEBUG] 📊 [analyzeJoiSchema] Field privateKey: type=string, required=true, message=&quot;Private key for wallet (generates random if not provided)&quot;
🤖 [MS3-PKG] [DEBUG] 🤖 [MS3-PKG] [DEBUG] 🤖 [MS3-PKG] [DEBUG] 🤖 [MS3-PKG] [DEBUG] 🤖 [MS3-PKG] [DEBUG] 🤖 [MS3-PKG] [DEBUG] 🤖 [MS3-PKG] [DEBUG] 🤖 [MS3-PKG] [DEBUG] 🤖 [MS3-PKG] [DEBUG] 🤖 [MS3-PKG] [DEBUG] 🤖 [MS3-PKG] [DEBUG] 🤖 [MS3-PKG] [DEBUG] 🤖 [MS3-PKG] [DEBUG] 🤖 [MS3-PKG] [DEBUG] 🔑 [analyzeJoiSchema] Processing field: provider
🤖 [MS3-PKG] [DEBUG] 🤖 [MS3-PKG] [DEBUG] 🤖 [MS3-PKG] [DEBUG] 🤖 [MS3-PKG] [DEBUG] 🤖 [MS3-PKG] [DEBUG] 🤖 [MS3-PKG] [DEBUG] 🤖 [MS3-PKG] [DEBUG] 🤖 [MS3-PKG] [DEBUG] 🤖 [MS3-PKG] [DEBUG] 🤖 [MS3-PKG] [DEBUG] 🤖 [MS3-PKG] [DEBUG] 🤖 [MS3-PKG] [DEBUG] 🤖 [MS3-PKG] [DEBUG] 🤖 [MS3-PKG] [DEBUG] 📝 [analyzeJoiSchema] Field description: {
  type: [32m&apos;object&apos;[39m,
  flags: {
    presence: [32m&apos;optional&apos;[39m,
    description: [32m&apos;Optional provider configuration&apos;[39m
  },
  keys: {
    name: { type: [32m&apos;string&apos;[39m, flags: [36m[Object][39m },
    chainId: { type: [32m&apos;string&apos;[39m, flags: [36m[Object][39m, rules: [36m[Array][39m },
    rpcUrls: { type: [32m&apos;array&apos;[39m, flags: [36m[Object][39m, rules: [36m[Array][39m, items: [36m[Array][39m },
    displayName: { type: [32m&apos;string&apos;[39m, flags: [36m[Object][39m }
  }
}
🤖 [MS3-PKG] [DEBUG] 🤖 [MS3-PKG] [DEBUG] 🤖 [MS3-PKG] [DEBUG] 🤖 [MS3-PKG] [DEBUG] 🤖 [MS3-PKG] [DEBUG] 🤖 [MS3-PKG] [DEBUG] 🤖 [MS3-PKG] [DEBUG] 🤖 [MS3-PKG] [DEBUG] 🤖 [MS3-PKG] [DEBUG] 🤖 [MS3-PKG] [DEBUG] 🤖 [MS3-PKG] [DEBUG] 🤖 [MS3-PKG] [DEBUG] 🤖 [MS3-PKG] [DEBUG] 🤖 [MS3-PKG] [DEBUG] 📊 [analyzeJoiSchema] Field provider: type=object, required=false, message=&quot;Optional provider configuration&quot;
🤖 [MS3-PKG] [DEBUG] 🤖 [MS3-PKG] [DEBUG] 🤖 [MS3-PKG] [DEBUG] 🤖 [MS3-PKG] [DEBUG] 🤖 [MS3-PKG] [DEBUG] 🤖 [MS3-PKG] [DEBUG] 🤖 [MS3-PKG] [DEBUG] 🤖 [MS3-PKG] [DEBUG] 🤖 [MS3-PKG] [DEBUG] 🤖 [MS3-PKG] [DEBUG] 🤖 [MS3-PKG] [DEBUG] 🤖 [MS3-PKG] [DEBUG] 🤖 [MS3-PKG] [DEBUG] 🤖 [MS3-PKG] [DEBUG] 🔄 [analyzeJoiSchema] Recursing into nested object: provider
🤖 [MS3-PKG] [DEBUG] 🤖 [MS3-PKG] [DEBUG] 🤖 [MS3-PKG] [DEBUG] 🤖 [MS3-PKG] [DEBUG] 🤖 [MS3-PKG] [DEBUG] 🤖 [MS3-PKG] [DEBUG] 🤖 [MS3-PKG] [DEBUG] 🤖 [MS3-PKG] [DEBUG] 🤖 [MS3-PKG] [DEBUG] 🤖 [MS3-PKG] [DEBUG] 🤖 [MS3-PKG] [DEBUG] 🤖 [MS3-PKG] [DEBUG] 🤖 [MS3-PKG] [DEBUG] 🤖 [MS3-PKG] [DEBUG] 🔑 [analyzeJoiSchema] Processing field: multiChainRpcs
🤖 [MS3-PKG] [DEBUG] 🤖 [MS3-PKG] [DEBUG] 🤖 [MS3-PKG] [DEBUG] 🤖 [MS3-PKG] [DEBUG] 🤖 [MS3-PKG] [DEBUG] 🤖 [MS3-PKG] [DEBUG] 🤖 [MS3-PKG] [DEBUG] 🤖 [MS3-PKG] [DEBUG] 🤖 [MS3-PKG] [DEBUG] 🤖 [MS3-PKG] [DEBUG] 🤖 [MS3-PKG] [DEBUG] 🤖 [MS3-PKG] [DEBUG] 🤖 [MS3-PKG] [DEBUG] 🤖 [MS3-PKG] [DEBUG] 📝 [analyzeJoiSchema] Field description: {
  type: [32m&apos;object&apos;[39m,
  flags: {
    presence: [32m&apos;optional&apos;[39m,
    description: [32m&apos;Multi-chain RPC configuration - maps chain IDs to RPC URL arrays&apos;[39m
  },
  patterns: [ { schema: [36m[Object][39m, rule: [36m[Object][39m } ]
}
🤖 [MS3-PKG] [DEBUG] 🤖 [MS3-PKG] [DEBUG] 🤖 [MS3-PKG] [DEBUG] 🤖 [MS3-PKG] [DEBUG] 🤖 [MS3-PKG] [DEBUG] 🤖 [MS3-PKG] [DEBUG] 🤖 [MS3-PKG] [DEBUG] 🤖 [MS3-PKG] [DEBUG] 🤖 [MS3-PKG] [DEBUG] 🤖 [MS3-PKG] [DEBUG] 🤖 [MS3-PKG] [DEBUG] 🤖 [MS3-PKG] [DEBUG] 🤖 [MS3-PKG] [DEBUG] 🤖 [MS3-PKG] [DEBUG] 📊 [analyzeJoiSchema] Field multiChainRpcs: type=object, required=false, message=&quot;Multi-chain RPC configuration - maps chain IDs to RPC URL arrays&quot;
🤖 [MS3-PKG] [INFO] 🤖 [MS3-PKG] [INFO] 🤖 [MS3-PKG] [INFO] 🤖 [MS3-PKG] [INFO] 🤖 [MS3-PKG] [INFO] 🤖 [MS3-PKG] [INFO] 🤖 [MS3-PKG] [INFO] 🤖 [MS3-PKG] [INFO] 🤖 [MS3-PKG] [INFO] 🤖 [MS3-PKG] [INFO] 🤖 [MS3-PKG] [INFO] 🤖 [MS3-PKG] [INFO] 🤖 [MS3-PKG] [INFO] 🤖 [MS3-PKG] [INFO] 📊 [analyzeJoiSchema] Generated 7 requirements for options
🤖 [MS3-PKG] [DEBUG] 🤖 [MS3-PKG] [DEBUG] 🤖 [MS3-PKG] [DEBUG] 🤖 [MS3-PKG] [DEBUG] 🤖 [MS3-PKG] [DEBUG] 🤖 [MS3-PKG] [DEBUG] 🤖 [MS3-PKG] [DEBUG] 🤖 [MS3-PKG] [DEBUG] 🤖 [MS3-PKG] [DEBUG] 🤖 [MS3-PKG] [DEBUG] 🤖 [MS3-PKG] [DEBUG] 🤖 [MS3-PKG] [DEBUG] 🤖 [MS3-PKG] [DEBUG] 🤖 [MS3-PKG] [DEBUG] 🔍 [getRequirements] Starting analysis for bulk-test-64
🤖 [MS3-PKG] [DEBUG] 🤖 [MS3-PKG] [DEBUG] 🤖 [MS3-PKG] [DEBUG] 🤖 [MS3-PKG] [DEBUG] 🤖 [MS3-PKG] [DEBUG] 🤖 [MS3-PKG] [DEBUG] 🤖 [MS3-PKG] [DEBUG] 🤖 [MS3-PKG] [DEBUG] 🤖 [MS3-PKG] [DEBUG] 🤖 [MS3-PKG] [DEBUG] 🤖 [MS3-PKG] [DEBUG] 🤖 [MS3-PKG] [DEBUG] 🤖 [MS3-PKG] [DEBUG] 🤖 [MS3-PKG] [DEBUG] 🔬 [analyzeJoiSchema] Analyzing schema at path: options
🤖 [MS3-PKG] [DEBUG] 🤖 [MS3-PKG] [DEBUG] 🤖 [MS3-PKG] [DEBUG] 🤖 [MS3-PKG] [DEBUG] 🤖 [MS3-PKG] [DEBUG] 🤖 [MS3-PKG] [DEBUG] 🤖 [MS3-PKG] [DEBUG] 🤖 [MS3-PKG] [DEBUG] 🤖 [MS3-PKG] [DEBUG] 🤖 [MS3-PKG] [DEBUG] 🤖 [MS3-PKG] [DEBUG] 🤖 [MS3-PKG] [DEBUG] 🤖 [MS3-PKG] [DEBUG] 🤖 [MS3-PKG] [DEBUG] 📋 [analyzeJoiSchema] Schema description type: object
🤖 [MS3-PKG] [DEBUG] 🤖 [MS3-PKG] [DEBUG] 🤖 [MS3-PKG] [DEBUG] 🤖 [MS3-PKG] [DEBUG] 🤖 [MS3-PKG] [DEBUG] 🤖 [MS3-PKG] [DEBUG] 🤖 [MS3-PKG] [DEBUG] 🤖 [MS3-PKG] [DEBUG] 🤖 [MS3-PKG] [DEBUG] 🤖 [MS3-PKG] [DEBUG] 🤖 [MS3-PKG] [DEBUG] 🤖 [MS3-PKG] [DEBUG] 🤖 [MS3-PKG] [DEBUG] 🤖 [MS3-PKG] [DEBUG] 📋 [analyzeJoiSchema] Schema keys: [ [32m&apos;web3authConfig&apos;[39m, [32m&apos;multiChainRpcs&apos;[39m ]
🤖 [MS3-PKG] [DEBUG] 🤖 [MS3-PKG] [DEBUG] 🤖 [MS3-PKG] [DEBUG] 🤖 [MS3-PKG] [DEBUG] 🤖 [MS3-PKG] [DEBUG] 🤖 [MS3-PKG] [DEBUG] 🤖 [MS3-PKG] [DEBUG] 🤖 [MS3-PKG] [DEBUG] 🤖 [MS3-PKG] [DEBUG] 🤖 [MS3-PKG] [DEBUG] 🤖 [MS3-PKG] [DEBUG] 🤖 [MS3-PKG] [DEBUG] 🤖 [MS3-PKG] [DEBUG] 🤖 [MS3-PKG] [DEBUG] ✅ [analyzeJoiSchema] Processing object schema with 2 keys
🤖 [MS3-PKG] [DEBUG] 🤖 [MS3-PKG] [DEBUG] 🤖 [MS3-PKG] [DEBUG] 🤖 [MS3-PKG] [DEBUG] 🤖 [MS3-PKG] [DEBUG] 🤖 [MS3-PKG] [DEBUG] 🤖 [MS3-PKG] [DEBUG] 🤖 [MS3-PKG] [DEBUG] 🤖 [MS3-PKG] [DEBUG] 🤖 [MS3-PKG] [DEBUG] 🤖 [MS3-PKG] [DEBUG] 🤖 [MS3-PKG] [DEBUG] 🤖 [MS3-PKG] [DEBUG] 🤖 [MS3-PKG] [DEBUG] 🔑 [analyzeJoiSchema] Processing field: web3authConfig
🤖 [MS3-PKG] [DEBUG] 🤖 [MS3-PKG] [DEBUG] 🤖 [MS3-PKG] [DEBUG] 🤖 [MS3-PKG] [DEBUG] 🤖 [MS3-PKG] [DEBUG] 🤖 [MS3-PKG] [DEBUG] 🤖 [MS3-PKG] [DEBUG] 🤖 [MS3-PKG] [DEBUG] 🤖 [MS3-PKG] [DEBUG] 🤖 [MS3-PKG] [DEBUG] 🤖 [MS3-PKG] [DEBUG] 🤖 [MS3-PKG] [DEBUG] 🤖 [MS3-PKG] [DEBUG] 🤖 [MS3-PKG] [DEBUG] 📝 [analyzeJoiSchema] Field description: {
  type: [32m&apos;object&apos;[39m,
  flags: {
    presence: [32m&apos;required&apos;[39m,
    description: [32m&apos;Web3Auth configuration object&apos;[39m
  },
  keys: {
    clientId: { type: [32m&apos;string&apos;[39m, flags: [36m[Object][39m },
    web3AuthNetwork: { type: [32m&apos;string&apos;[39m, flags: [36m[Object][39m, allow: [36m[Array][39m },
    chainConfig: { type: [32m&apos;object&apos;[39m, flags: [36m[Object][39m, keys: [36m[Object][39m },
    loginConfig: { type: [32m&apos;object&apos;[39m, flags: [36m[Object][39m },
    privateKeyProvider: { type: [32m&apos;any&apos;[39m, flags: [36m[Object][39m }
  }
}
🤖 [MS3-PKG] [DEBUG] 🤖 [MS3-PKG] [DEBUG] 🤖 [MS3-PKG] [DEBUG] 🤖 [MS3-PKG] [DEBUG] 🤖 [MS3-PKG] [DEBUG] 🤖 [MS3-PKG] [DEBUG] 🤖 [MS3-PKG] [DEBUG] 🤖 [MS3-PKG] [DEBUG] 🤖 [MS3-PKG] [DEBUG] 🤖 [MS3-PKG] [DEBUG] 🤖 [MS3-PKG] [DEBUG] 🤖 [MS3-PKG] [DEBUG] 🤖 [MS3-PKG] [DEBUG] 🤖 [MS3-PKG] [DEBUG] 📊 [analyzeJoiSchema] Field web3authConfig: type=object, required=true, message=&quot;Web3Auth configuration object&quot;
🤖 [MS3-PKG] [DEBUG] 🤖 [MS3-PKG] [DEBUG] 🤖 [MS3-PKG] [DEBUG] 🤖 [MS3-PKG] [DEBUG] 🤖 [MS3-PKG] [DEBUG] 🤖 [MS3-PKG] [DEBUG] 🤖 [MS3-PKG] [DEBUG] 🤖 [MS3-PKG] [DEBUG] 🤖 [MS3-PKG] [DEBUG] 🤖 [MS3-PKG] [DEBUG] 🤖 [MS3-PKG] [DEBUG] 🤖 [MS3-PKG] [DEBUG] 🤖 [MS3-PKG] [DEBUG] 🤖 [MS3-PKG] [DEBUG] 🔄 [analyzeJoiSchema] Recursing into nested object: web3authConfig
🤖 [MS3-PKG] [DEBUG] 🤖 [MS3-PKG] [DEBUG] 🤖 [MS3-PKG] [DEBUG] 🤖 [MS3-PKG] [DEBUG] 🤖 [MS3-PKG] [DEBUG] 🤖 [MS3-PKG] [DEBUG] 🤖 [MS3-PKG] [DEBUG] 🤖 [MS3-PKG] [DEBUG] 🤖 [MS3-PKG] [DEBUG] 🤖 [MS3-PKG] [DEBUG] 🤖 [MS3-PKG] [DEBUG] 🤖 [MS3-PKG] [DEBUG] 🤖 [MS3-PKG] [DEBUG] 🤖 [MS3-PKG] [DEBUG] 🔑 [analyzeJoiSchema] Processing field: multiChainRpcs
🤖 [MS3-PKG] [DEBUG] 🤖 [MS3-PKG] [DEBUG] 🤖 [MS3-PKG] [DEBUG] 🤖 [MS3-PKG] [DEBUG] 🤖 [MS3-PKG] [DEBUG] 🤖 [MS3-PKG] [DEBUG] 🤖 [MS3-PKG] [DEBUG] 🤖 [MS3-PKG] [DEBUG] 🤖 [MS3-PKG] [DEBUG] 🤖 [MS3-PKG] [DEBUG] 🤖 [MS3-PKG] [DEBUG] 🤖 [MS3-PKG] [DEBUG] 🤖 [MS3-PKG] [DEBUG] 🤖 [MS3-PKG] [DEBUG] 📝 [analyzeJoiSchema] Field description: {
  type: [32m&apos;object&apos;[39m,
  flags: {
    presence: [32m&apos;optional&apos;[39m,
    description: [32m&apos;Multi-chain RPC configuration - maps chain IDs to RPC URL arrays&apos;[39m
  },
  patterns: [ { schema: [36m[Object][39m, rule: [36m[Object][39m } ]
}
🤖 [MS3-PKG] [DEBUG] 🤖 [MS3-PKG] [DEBUG] 🤖 [MS3-PKG] [DEBUG] 🤖 [MS3-PKG] [DEBUG] 🤖 [MS3-PKG] [DEBUG] 🤖 [MS3-PKG] [DEBUG] 🤖 [MS3-PKG] [DEBUG] 🤖 [MS3-PKG] [DEBUG] 🤖 [MS3-PKG] [DEBUG] 🤖 [MS3-PKG] [DEBUG] 🤖 [MS3-PKG] [DEBUG] 🤖 [MS3-PKG] [DEBUG] 🤖 [MS3-PKG] [DEBUG] 🤖 [MS3-PKG] [DEBUG] 📊 [analyzeJoiSchema] Field multiChainRpcs: type=object, required=false, message=&quot;Multi-chain RPC configuration - maps chain IDs to RPC URL arrays&quot;
🤖 [MS3-PKG] [INFO] 🤖 [MS3-PKG] [INFO] 🤖 [MS3-PKG] [INFO] 🤖 [MS3-PKG] [INFO] 🤖 [MS3-PKG] [INFO] 🤖 [MS3-PKG] [INFO] 🤖 [MS3-PKG] [INFO] 🤖 [MS3-PKG] [INFO] 🤖 [MS3-PKG] [INFO] 🤖 [MS3-PKG] [INFO] 🤖 [MS3-PKG] [INFO] 🤖 [MS3-PKG] [INFO] 🤖 [MS3-PKG] [INFO] 🤖 [MS3-PKG] [INFO] 📊 [analyzeJoiSchema] Generated 14 requirements for options
🤖 [MS3-PKG] [DEBUG] 🤖 [MS3-PKG] [DEBUG] 🤖 [MS3-PKG] [DEBUG] 🤖 [MS3-PKG] [DEBUG] 🤖 [MS3-PKG] [DEBUG] 🤖 [MS3-PKG] [DEBUG] 🤖 [MS3-PKG] [DEBUG] 🤖 [MS3-PKG] [DEBUG] 🤖 [MS3-PKG] [DEBUG] 🤖 [MS3-PKG] [DEBUG] 🤖 [MS3-PKG] [DEBUG] 🤖 [MS3-PKG] [DEBUG] 🤖 [MS3-PKG] [DEBUG] 🤖 [MS3-PKG] [DEBUG] 🔍 [getRequirements] Starting analysis for bulk-test-65
🤖 [MS3-PKG] [DEBUG] 🤖 [MS3-PKG] [DEBUG] 🤖 [MS3-PKG] [DEBUG] 🤖 [MS3-PKG] [DEBUG] 🤖 [MS3-PKG] [DEBUG] 🤖 [MS3-PKG] [DEBUG] 🤖 [MS3-PKG] [DEBUG] 🤖 [MS3-PKG] [DEBUG] 🤖 [MS3-PKG] [DEBUG] 🤖 [MS3-PKG] [DEBUG] 🤖 [MS3-PKG] [DEBUG] 🤖 [MS3-PKG] [DEBUG] 🤖 [MS3-PKG] [DEBUG] 🤖 [MS3-PKG] [DEBUG] 🔬 [analyzeJoiSchema] Analyzing schema at path: options
🤖 [MS3-PKG] [DEBUG] 🤖 [MS3-PKG] [DEBUG] 🤖 [MS3-PKG] [DEBUG] 🤖 [MS3-PKG] [DEBUG] 🤖 [MS3-PKG] [DEBUG] 🤖 [MS3-PKG] [DEBUG] 🤖 [MS3-PKG] [DEBUG] 🤖 [MS3-PKG] [DEBUG] 🤖 [MS3-PKG] [DEBUG] 🤖 [MS3-PKG] [DEBUG] 🤖 [MS3-PKG] [DEBUG] 🤖 [MS3-PKG] [DEBUG] 🤖 [MS3-PKG] [DEBUG] 🤖 [MS3-PKG] [DEBUG] 📋 [analyzeJoiSchema] Schema description type: object
🤖 [MS3-PKG] [DEBUG] 🤖 [MS3-PKG] [DEBUG] 🤖 [MS3-PKG] [DEBUG] 🤖 [MS3-PKG] [DEBUG] 🤖 [MS3-PKG] [DEBUG] 🤖 [MS3-PKG] [DEBUG] 🤖 [MS3-PKG] [DEBUG] 🤖 [MS3-PKG] [DEBUG] 🤖 [MS3-PKG] [DEBUG] 🤖 [MS3-PKG] [DEBUG] 🤖 [MS3-PKG] [DEBUG] 🤖 [MS3-PKG] [DEBUG] 🤖 [MS3-PKG] [DEBUG] 🤖 [MS3-PKG] [DEBUG] 📋 [analyzeJoiSchema] Schema keys: [ [32m&apos;privateKey&apos;[39m, [32m&apos;provider&apos;[39m, [32m&apos;multiChainRpcs&apos;[39m ]
🤖 [MS3-PKG] [DEBUG] 🤖 [MS3-PKG] [DEBUG] 🤖 [MS3-PKG] [DEBUG] 🤖 [MS3-PKG] [DEBUG] 🤖 [MS3-PKG] [DEBUG] 🤖 [MS3-PKG] [DEBUG] 🤖 [MS3-PKG] [DEBUG] 🤖 [MS3-PKG] [DEBUG] 🤖 [MS3-PKG] [DEBUG] 🤖 [MS3-PKG] [DEBUG] 🤖 [MS3-PKG] [DEBUG] 🤖 [MS3-PKG] [DEBUG] 🤖 [MS3-PKG] [DEBUG] 🤖 [MS3-PKG] [DEBUG] ✅ [analyzeJoiSchema] Processing object schema with 3 keys
🤖 [MS3-PKG] [DEBUG] 🤖 [MS3-PKG] [DEBUG] 🤖 [MS3-PKG] [DEBUG] 🤖 [MS3-PKG] [DEBUG] 🤖 [MS3-PKG] [DEBUG] 🤖 [MS3-PKG] [DEBUG] 🤖 [MS3-PKG] [DEBUG] 🤖 [MS3-PKG] [DEBUG] 🤖 [MS3-PKG] [DEBUG] 🤖 [MS3-PKG] [DEBUG] 🤖 [MS3-PKG] [DEBUG] 🤖 [MS3-PKG] [DEBUG] 🤖 [MS3-PKG] [DEBUG] 🤖 [MS3-PKG] [DEBUG] 🔑 [analyzeJoiSchema] Processing field: privateKey
🤖 [MS3-PKG] [DEBUG] 🤖 [MS3-PKG] [DEBUG] 🤖 [MS3-PKG] [DEBUG] 🤖 [MS3-PKG] [DEBUG] 🤖 [MS3-PKG] [DEBUG] 🤖 [MS3-PKG] [DEBUG] 🤖 [MS3-PKG] [DEBUG] 🤖 [MS3-PKG] [DEBUG] 🤖 [MS3-PKG] [DEBUG] 🤖 [MS3-PKG] [DEBUG] 🤖 [MS3-PKG] [DEBUG] 🤖 [MS3-PKG] [DEBUG] 🤖 [MS3-PKG] [DEBUG] 🤖 [MS3-PKG] [DEBUG] 📝 [analyzeJoiSchema] Field description: {
  type: [32m&apos;string&apos;[39m,
  flags: {
    presence: [32m&apos;required&apos;[39m,
    description: [32m&apos;Private key for wallet (generates random if not provided)&apos;[39m
  },
  rules: [ { name: [32m&apos;pattern&apos;[39m, args: [36m[Object][39m } ]
}
🤖 [MS3-PKG] [DEBUG] 🤖 [MS3-PKG] [DEBUG] 🤖 [MS3-PKG] [DEBUG] 🤖 [MS3-PKG] [DEBUG] 🤖 [MS3-PKG] [DEBUG] 🤖 [MS3-PKG] [DEBUG] 🤖 [MS3-PKG] [DEBUG] 🤖 [MS3-PKG] [DEBUG] 🤖 [MS3-PKG] [DEBUG] 🤖 [MS3-PKG] [DEBUG] 🤖 [MS3-PKG] [DEBUG] 🤖 [MS3-PKG] [DEBUG] 🤖 [MS3-PKG] [DEBUG] 🤖 [MS3-PKG] [DEBUG] 📊 [analyzeJoiSchema] Field privateKey: type=string, required=true, message=&quot;Private key for wallet (generates random if not provided)&quot;
🤖 [MS3-PKG] [DEBUG] 🤖 [MS3-PKG] [DEBUG] 🤖 [MS3-PKG] [DEBUG] 🤖 [MS3-PKG] [DEBUG] 🤖 [MS3-PKG] [DEBUG] 🤖 [MS3-PKG] [DEBUG] 🤖 [MS3-PKG] [DEBUG] 🤖 [MS3-PKG] [DEBUG] 🤖 [MS3-PKG] [DEBUG] 🤖 [MS3-PKG] [DEBUG] 🤖 [MS3-PKG] [DEBUG] 🤖 [MS3-PKG] [DEBUG] 🤖 [MS3-PKG] [DEBUG] 🤖 [MS3-PKG] [DEBUG] 🔑 [analyzeJoiSchema] Processing field: provider
🤖 [MS3-PKG] [DEBUG] 🤖 [MS3-PKG] [DEBUG] 🤖 [MS3-PKG] [DEBUG] 🤖 [MS3-PKG] [DEBUG] 🤖 [MS3-PKG] [DEBUG] 🤖 [MS3-PKG] [DEBUG] 🤖 [MS3-PKG] [DEBUG] 🤖 [MS3-PKG] [DEBUG] 🤖 [MS3-PKG] [DEBUG] 🤖 [MS3-PKG] [DEBUG] 🤖 [MS3-PKG] [DEBUG] 🤖 [MS3-PKG] [DEBUG] 🤖 [MS3-PKG] [DEBUG] 🤖 [MS3-PKG] [DEBUG] 📝 [analyzeJoiSchema] Field description: {
  type: [32m&apos;object&apos;[39m,
  flags: {
    presence: [32m&apos;optional&apos;[39m,
    description: [32m&apos;Optional provider configuration&apos;[39m
  },
  keys: {
    name: { type: [32m&apos;string&apos;[39m, flags: [36m[Object][39m },
    chainId: { type: [32m&apos;string&apos;[39m, flags: [36m[Object][39m, rules: [36m[Array][39m },
    rpcUrls: { type: [32m&apos;array&apos;[39m, flags: [36m[Object][39m, rules: [36m[Array][39m, items: [36m[Array][39m },
    displayName: { type: [32m&apos;string&apos;[39m, flags: [36m[Object][39m }
  }
}
🤖 [MS3-PKG] [DEBUG] 🤖 [MS3-PKG] [DEBUG] 🤖 [MS3-PKG] [DEBUG] 🤖 [MS3-PKG] [DEBUG] 🤖 [MS3-PKG] [DEBUG] 🤖 [MS3-PKG] [DEBUG] 🤖 [MS3-PKG] [DEBUG] 🤖 [MS3-PKG] [DEBUG] 🤖 [MS3-PKG] [DEBUG] 🤖 [MS3-PKG] [DEBUG] 🤖 [MS3-PKG] [DEBUG] 🤖 [MS3-PKG] [DEBUG] 🤖 [MS3-PKG] [DEBUG] 🤖 [MS3-PKG] [DEBUG] 📊 [analyzeJoiSchema] Field provider: type=object, required=false, message=&quot;Optional provider configuration&quot;
🤖 [MS3-PKG] [DEBUG] 🤖 [MS3-PKG] [DEBUG] 🤖 [MS3-PKG] [DEBUG] 🤖 [MS3-PKG] [DEBUG] 🤖 [MS3-PKG] [DEBUG] 🤖 [MS3-PKG] [DEBUG] 🤖 [MS3-PKG] [DEBUG] 🤖 [MS3-PKG] [DEBUG] 🤖 [MS3-PKG] [DEBUG] 🤖 [MS3-PKG] [DEBUG] 🤖 [MS3-PKG] [DEBUG] 🤖 [MS3-PKG] [DEBUG] 🤖 [MS3-PKG] [DEBUG] 🤖 [MS3-PKG] [DEBUG] 🔄 [analyzeJoiSchema] Recursing into nested object: provider
🤖 [MS3-PKG] [DEBUG] 🤖 [MS3-PKG] [DEBUG] 🤖 [MS3-PKG] [DEBUG] 🤖 [MS3-PKG] [DEBUG] 🤖 [MS3-PKG] [DEBUG] 🤖 [MS3-PKG] [DEBUG] 🤖 [MS3-PKG] [DEBUG] 🤖 [MS3-PKG] [DEBUG] 🤖 [MS3-PKG] [DEBUG] 🤖 [MS3-PKG] [DEBUG] 🤖 [MS3-PKG] [DEBUG] 🤖 [MS3-PKG] [DEBUG] 🤖 [MS3-PKG] [DEBUG] 🤖 [MS3-PKG] [DEBUG] 🔑 [analyzeJoiSchema] Processing field: multiChainRpcs
🤖 [MS3-PKG] [DEBUG] 🤖 [MS3-PKG] [DEBUG] 🤖 [MS3-PKG] [DEBUG] 🤖 [MS3-PKG] [DEBUG] 🤖 [MS3-PKG] [DEBUG] 🤖 [MS3-PKG] [DEBUG] 🤖 [MS3-PKG] [DEBUG] 🤖 [MS3-PKG] [DEBUG] 🤖 [MS3-PKG] [DEBUG] 🤖 [MS3-PKG] [DEBUG] 🤖 [MS3-PKG] [DEBUG] 🤖 [MS3-PKG] [DEBUG] 🤖 [MS3-PKG] [DEBUG] 🤖 [MS3-PKG] [DEBUG] 📝 [analyzeJoiSchema] Field description: {
  type: [32m&apos;object&apos;[39m,
  flags: {
    presence: [32m&apos;optional&apos;[39m,
    description: [32m&apos;Multi-chain RPC configuration - maps chain IDs to RPC URL arrays&apos;[39m
  },
  patterns: [ { schema: [36m[Object][39m, rule: [36m[Object][39m } ]
}
🤖 [MS3-PKG] [DEBUG] 🤖 [MS3-PKG] [DEBUG] 🤖 [MS3-PKG] [DEBUG] 🤖 [MS3-PKG] [DEBUG] 🤖 [MS3-PKG] [DEBUG] 🤖 [MS3-PKG] [DEBUG] 🤖 [MS3-PKG] [DEBUG] 🤖 [MS3-PKG] [DEBUG] 🤖 [MS3-PKG] [DEBUG] 🤖 [MS3-PKG] [DEBUG] 🤖 [MS3-PKG] [DEBUG] 🤖 [MS3-PKG] [DEBUG] 🤖 [MS3-PKG] [DEBUG] 🤖 [MS3-PKG] [DEBUG] 📊 [analyzeJoiSchema] Field multiChainRpcs: type=object, required=false, message=&quot;Multi-chain RPC configuration - maps chain IDs to RPC URL arrays&quot;
🤖 [MS3-PKG] [INFO] 🤖 [MS3-PKG] [INFO] 🤖 [MS3-PKG] [INFO] 🤖 [MS3-PKG] [INFO] 🤖 [MS3-PKG] [INFO] 🤖 [MS3-PKG] [INFO] 🤖 [MS3-PKG] [INFO] 🤖 [MS3-PKG] [INFO] 🤖 [MS3-PKG] [INFO] 🤖 [MS3-PKG] [INFO] 🤖 [MS3-PKG] [INFO] 🤖 [MS3-PKG] [INFO] 🤖 [MS3-PKG] [INFO] 🤖 [MS3-PKG] [INFO] 📊 [analyzeJoiSchema] Generated 7 requirements for options
🤖 [MS3-PKG] [DEBUG] 🤖 [MS3-PKG] [DEBUG] 🤖 [MS3-PKG] [DEBUG] 🤖 [MS3-PKG] [DEBUG] 🤖 [MS3-PKG] [DEBUG] 🤖 [MS3-PKG] [DEBUG] 🤖 [MS3-PKG] [DEBUG] 🤖 [MS3-PKG] [DEBUG] 🤖 [MS3-PKG] [DEBUG] 🤖 [MS3-PKG] [DEBUG] 🤖 [MS3-PKG] [DEBUG] 🤖 [MS3-PKG] [DEBUG] 🤖 [MS3-PKG] [DEBUG] 🤖 [MS3-PKG] [DEBUG] 🔍 [getRequirements] Starting analysis for bulk-test-65
🤖 [MS3-PKG] [DEBUG] 🤖 [MS3-PKG] [DEBUG] 🤖 [MS3-PKG] [DEBUG] 🤖 [MS3-PKG] [DEBUG] 🤖 [MS3-PKG] [DEBUG] 🤖 [MS3-PKG] [DEBUG] 🤖 [MS3-PKG] [DEBUG] 🤖 [MS3-PKG] [DEBUG] 🤖 [MS3-PKG] [DEBUG] 🤖 [MS3-PKG] [DEBUG] 🤖 [MS3-PKG] [DEBUG] 🤖 [MS3-PKG] [DEBUG] 🤖 [MS3-PKG] [DEBUG] 🤖 [MS3-PKG] [DEBUG] 🔬 [analyzeJoiSchema] Analyzing schema at path: options
🤖 [MS3-PKG] [DEBUG] 🤖 [MS3-PKG] [DEBUG] 🤖 [MS3-PKG] [DEBUG] 🤖 [MS3-PKG] [DEBUG] 🤖 [MS3-PKG] [DEBUG] 🤖 [MS3-PKG] [DEBUG] 🤖 [MS3-PKG] [DEBUG] 🤖 [MS3-PKG] [DEBUG] 🤖 [MS3-PKG] [DEBUG] 🤖 [MS3-PKG] [DEBUG] 🤖 [MS3-PKG] [DEBUG] 🤖 [MS3-PKG] [DEBUG] 🤖 [MS3-PKG] [DEBUG] 🤖 [MS3-PKG] [DEBUG] 📋 [analyzeJoiSchema] Schema description type: object
🤖 [MS3-PKG] [DEBUG] 🤖 [MS3-PKG] [DEBUG] 🤖 [MS3-PKG] [DEBUG] 🤖 [MS3-PKG] [DEBUG] 🤖 [MS3-PKG] [DEBUG] 🤖 [MS3-PKG] [DEBUG] 🤖 [MS3-PKG] [DEBUG] 🤖 [MS3-PKG] [DEBUG] 🤖 [MS3-PKG] [DEBUG] 🤖 [MS3-PKG] [DEBUG] 🤖 [MS3-PKG] [DEBUG] 🤖 [MS3-PKG] [DEBUG] 🤖 [MS3-PKG] [DEBUG] 🤖 [MS3-PKG] [DEBUG] 📋 [analyzeJoiSchema] Schema keys: [ [32m&apos;web3authConfig&apos;[39m, [32m&apos;multiChainRpcs&apos;[39m ]
🤖 [MS3-PKG] [DEBUG] 🤖 [MS3-PKG] [DEBUG] 🤖 [MS3-PKG] [DEBUG] 🤖 [MS3-PKG] [DEBUG] 🤖 [MS3-PKG] [DEBUG] 🤖 [MS3-PKG] [DEBUG] 🤖 [MS3-PKG] [DEBUG] 🤖 [MS3-PKG] [DEBUG] 🤖 [MS3-PKG] [DEBUG] 🤖 [MS3-PKG] [DEBUG] 🤖 [MS3-PKG] [DEBUG] 🤖 [MS3-PKG] [DEBUG] 🤖 [MS3-PKG] [DEBUG] 🤖 [MS3-PKG] [DEBUG] ✅ [analyzeJoiSchema] Processing object schema with 2 keys
🤖 [MS3-PKG] [DEBUG] 🤖 [MS3-PKG] [DEBUG] 🤖 [MS3-PKG] [DEBUG] 🤖 [MS3-PKG] [DEBUG] 🤖 [MS3-PKG] [DEBUG] 🤖 [MS3-PKG] [DEBUG] 🤖 [MS3-PKG] [DEBUG] 🤖 [MS3-PKG] [DEBUG] 🤖 [MS3-PKG] [DEBUG] 🤖 [MS3-PKG] [DEBUG] 🤖 [MS3-PKG] [DEBUG] 🤖 [MS3-PKG] [DEBUG] 🤖 [MS3-PKG] [DEBUG] 🤖 [MS3-PKG] [DEBUG] 🔑 [analyzeJoiSchema] Processing field: web3authConfig
🤖 [MS3-PKG] [DEBUG] 🤖 [MS3-PKG] [DEBUG] 🤖 [MS3-PKG] [DEBUG] 🤖 [MS3-PKG] [DEBUG] 🤖 [MS3-PKG] [DEBUG] 🤖 [MS3-PKG] [DEBUG] 🤖 [MS3-PKG] [DEBUG] 🤖 [MS3-PKG] [DEBUG] 🤖 [MS3-PKG] [DEBUG] 🤖 [MS3-PKG] [DEBUG] 🤖 [MS3-PKG] [DEBUG] 🤖 [MS3-PKG] [DEBUG] 🤖 [MS3-PKG] [DEBUG] 🤖 [MS3-PKG] [DEBUG] 📝 [analyzeJoiSchema] Field description: {
  type: [32m&apos;object&apos;[39m,
  flags: {
    presence: [32m&apos;required&apos;[39m,
    description: [32m&apos;Web3Auth configuration object&apos;[39m
  },
  keys: {
    clientId: { type: [32m&apos;string&apos;[39m, flags: [36m[Object][39m },
    web3AuthNetwork: { type: [32m&apos;string&apos;[39m, flags: [36m[Object][39m, allow: [36m[Array][39m },
    chainConfig: { type: [32m&apos;object&apos;[39m, flags: [36m[Object][39m, keys: [36m[Object][39m },
    loginConfig: { type: [32m&apos;object&apos;[39m, flags: [36m[Object][39m },
    privateKeyProvider: { type: [32m&apos;any&apos;[39m, flags: [36m[Object][39m }
  }
}
🤖 [MS3-PKG] [DEBUG] 🤖 [MS3-PKG] [DEBUG] 🤖 [MS3-PKG] [DEBUG] 🤖 [MS3-PKG] [DEBUG] 🤖 [MS3-PKG] [DEBUG] 🤖 [MS3-PKG] [DEBUG] 🤖 [MS3-PKG] [DEBUG] 🤖 [MS3-PKG] [DEBUG] 🤖 [MS3-PKG] [DEBUG] 🤖 [MS3-PKG] [DEBUG] 🤖 [MS3-PKG] [DEBUG] 🤖 [MS3-PKG] [DEBUG] 🤖 [MS3-PKG] [DEBUG] 🤖 [MS3-PKG] [DEBUG] 📊 [analyzeJoiSchema] Field web3authConfig: type=object, required=true, message=&quot;Web3Auth configuration object&quot;
🤖 [MS3-PKG] [DEBUG] 🤖 [MS3-PKG] [DEBUG] 🤖 [MS3-PKG] [DEBUG] 🤖 [MS3-PKG] [DEBUG] 🤖 [MS3-PKG] [DEBUG] 🤖 [MS3-PKG] [DEBUG] 🤖 [MS3-PKG] [DEBUG] 🤖 [MS3-PKG] [DEBUG] 🤖 [MS3-PKG] [DEBUG] 🤖 [MS3-PKG] [DEBUG] 🤖 [MS3-PKG] [DEBUG] 🤖 [MS3-PKG] [DEBUG] 🤖 [MS3-PKG] [DEBUG] 🤖 [MS3-PKG] [DEBUG] 🔄 [analyzeJoiSchema] Recursing into nested object: web3authConfig
🤖 [MS3-PKG] [DEBUG] 🤖 [MS3-PKG] [DEBUG] 🤖 [MS3-PKG] [DEBUG] 🤖 [MS3-PKG] [DEBUG] 🤖 [MS3-PKG] [DEBUG] 🤖 [MS3-PKG] [DEBUG] 🤖 [MS3-PKG] [DEBUG] 🤖 [MS3-PKG] [DEBUG] 🤖 [MS3-PKG] [DEBUG] 🤖 [MS3-PKG] [DEBUG] 🤖 [MS3-PKG] [DEBUG] 🤖 [MS3-PKG] [DEBUG] 🤖 [MS3-PKG] [DEBUG] 🤖 [MS3-PKG] [DEBUG] 🔑 [analyzeJoiSchema] Processing field: multiChainRpcs
🤖 [MS3-PKG] [DEBUG] 🤖 [MS3-PKG] [DEBUG] 🤖 [MS3-PKG] [DEBUG] 🤖 [MS3-PKG] [DEBUG] 🤖 [MS3-PKG] [DEBUG] 🤖 [MS3-PKG] [DEBUG] 🤖 [MS3-PKG] [DEBUG] 🤖 [MS3-PKG] [DEBUG] 🤖 [MS3-PKG] [DEBUG] 🤖 [MS3-PKG] [DEBUG] 🤖 [MS3-PKG] [DEBUG] 🤖 [MS3-PKG] [DEBUG] 🤖 [MS3-PKG] [DEBUG] 🤖 [MS3-PKG] [DEBUG] 📝 [analyzeJoiSchema] Field description: {
  type: [32m&apos;object&apos;[39m,
  flags: {
    presence: [32m&apos;optional&apos;[39m,
    description: [32m&apos;Multi-chain RPC configuration - maps chain IDs to RPC URL arrays&apos;[39m
  },
  patterns: [ { schema: [36m[Object][39m, rule: [36m[Object][39m } ]
}
🤖 [MS3-PKG] [DEBUG] 🤖 [MS3-PKG] [DEBUG] 🤖 [MS3-PKG] [DEBUG] 🤖 [MS3-PKG] [DEBUG] 🤖 [MS3-PKG] [DEBUG] 🤖 [MS3-PKG] [DEBUG] 🤖 [MS3-PKG] [DEBUG] 🤖 [MS3-PKG] [DEBUG] 🤖 [MS3-PKG] [DEBUG] 🤖 [MS3-PKG] [DEBUG] 🤖 [MS3-PKG] [DEBUG] 🤖 [MS3-PKG] [DEBUG] 🤖 [MS3-PKG] [DEBUG] 🤖 [MS3-PKG] [DEBUG] 📊 [analyzeJoiSchema] Field multiChainRpcs: type=object, required=false, message=&quot;Multi-chain RPC configuration - maps chain IDs to RPC URL arrays&quot;
🤖 [MS3-PKG] [INFO] 🤖 [MS3-PKG] [INFO] 🤖 [MS3-PKG] [INFO] 🤖 [MS3-PKG] [INFO] 🤖 [MS3-PKG] [INFO] 🤖 [MS3-PKG] [INFO] 🤖 [MS3-PKG] [INFO] 🤖 [MS3-PKG] [INFO] 🤖 [MS3-PKG] [INFO] 🤖 [MS3-PKG] [INFO] 🤖 [MS3-PKG] [INFO] 🤖 [MS3-PKG] [INFO] 🤖 [MS3-PKG] [INFO] 🤖 [MS3-PKG] [INFO] 📊 [analyzeJoiSchema] Generated 14 requirements for options
🤖 [MS3-PKG] [DEBUG] 🤖 [MS3-PKG] [DEBUG] 🤖 [MS3-PKG] [DEBUG] 🤖 [MS3-PKG] [DEBUG] 🤖 [MS3-PKG] [DEBUG] 🤖 [MS3-PKG] [DEBUG] 🤖 [MS3-PKG] [DEBUG] 🤖 [MS3-PKG] [DEBUG] 🤖 [MS3-PKG] [DEBUG] 🤖 [MS3-PKG] [DEBUG] 🤖 [MS3-PKG] [DEBUG] 🤖 [MS3-PKG] [DEBUG] 🤖 [MS3-PKG] [DEBUG] 🤖 [MS3-PKG] [DEBUG] 🔍 [getRequirements] Starting analysis for bulk-test-66
🤖 [MS3-PKG] [DEBUG] 🤖 [MS3-PKG] [DEBUG] 🤖 [MS3-PKG] [DEBUG] 🤖 [MS3-PKG] [DEBUG] 🤖 [MS3-PKG] [DEBUG] 🤖 [MS3-PKG] [DEBUG] 🤖 [MS3-PKG] [DEBUG] 🤖 [MS3-PKG] [DEBUG] 🤖 [MS3-PKG] [DEBUG] 🤖 [MS3-PKG] [DEBUG] 🤖 [MS3-PKG] [DEBUG] 🤖 [MS3-PKG] [DEBUG] 🤖 [MS3-PKG] [DEBUG] 🤖 [MS3-PKG] [DEBUG] 🔬 [analyzeJoiSchema] Analyzing schema at path: options
🤖 [MS3-PKG] [DEBUG] 🤖 [MS3-PKG] [DEBUG] 🤖 [MS3-PKG] [DEBUG] 🤖 [MS3-PKG] [DEBUG] 🤖 [MS3-PKG] [DEBUG] 🤖 [MS3-PKG] [DEBUG] 🤖 [MS3-PKG] [DEBUG] 🤖 [MS3-PKG] [DEBUG] 🤖 [MS3-PKG] [DEBUG] 🤖 [MS3-PKG] [DEBUG] 🤖 [MS3-PKG] [DEBUG] 🤖 [MS3-PKG] [DEBUG] 🤖 [MS3-PKG] [DEBUG] 🤖 [MS3-PKG] [DEBUG] 📋 [analyzeJoiSchema] Schema description type: object
🤖 [MS3-PKG] [DEBUG] 🤖 [MS3-PKG] [DEBUG] 🤖 [MS3-PKG] [DEBUG] 🤖 [MS3-PKG] [DEBUG] 🤖 [MS3-PKG] [DEBUG] 🤖 [MS3-PKG] [DEBUG] 🤖 [MS3-PKG] [DEBUG] 🤖 [MS3-PKG] [DEBUG] 🤖 [MS3-PKG] [DEBUG] 🤖 [MS3-PKG] [DEBUG] 🤖 [MS3-PKG] [DEBUG] 🤖 [MS3-PKG] [DEBUG] 🤖 [MS3-PKG] [DEBUG] 🤖 [MS3-PKG] [DEBUG] 📋 [analyzeJoiSchema] Schema keys: [ [32m&apos;privateKey&apos;[39m, [32m&apos;provider&apos;[39m, [32m&apos;multiChainRpcs&apos;[39m ]
🤖 [MS3-PKG] [DEBUG] 🤖 [MS3-PKG] [DEBUG] 🤖 [MS3-PKG] [DEBUG] 🤖 [MS3-PKG] [DEBUG] 🤖 [MS3-PKG] [DEBUG] 🤖 [MS3-PKG] [DEBUG] 🤖 [MS3-PKG] [DEBUG] 🤖 [MS3-PKG] [DEBUG] 🤖 [MS3-PKG] [DEBUG] 🤖 [MS3-PKG] [DEBUG] 🤖 [MS3-PKG] [DEBUG] 🤖 [MS3-PKG] [DEBUG] 🤖 [MS3-PKG] [DEBUG] 🤖 [MS3-PKG] [DEBUG] ✅ [analyzeJoiSchema] Processing object schema with 3 keys
🤖 [MS3-PKG] [DEBUG] 🤖 [MS3-PKG] [DEBUG] 🤖 [MS3-PKG] [DEBUG] 🤖 [MS3-PKG] [DEBUG] 🤖 [MS3-PKG] [DEBUG] 🤖 [MS3-PKG] [DEBUG] 🤖 [MS3-PKG] [DEBUG] 🤖 [MS3-PKG] [DEBUG] 🤖 [MS3-PKG] [DEBUG] 🤖 [MS3-PKG] [DEBUG] 🤖 [MS3-PKG] [DEBUG] 🤖 [MS3-PKG] [DEBUG] 🤖 [MS3-PKG] [DEBUG] 🤖 [MS3-PKG] [DEBUG] 🔑 [analyzeJoiSchema] Processing field: privateKey
🤖 [MS3-PKG] [DEBUG] 🤖 [MS3-PKG] [DEBUG] 🤖 [MS3-PKG] [DEBUG] 🤖 [MS3-PKG] [DEBUG] 🤖 [MS3-PKG] [DEBUG] 🤖 [MS3-PKG] [DEBUG] 🤖 [MS3-PKG] [DEBUG] 🤖 [MS3-PKG] [DEBUG] 🤖 [MS3-PKG] [DEBUG] 🤖 [MS3-PKG] [DEBUG] 🤖 [MS3-PKG] [DEBUG] 🤖 [MS3-PKG] [DEBUG] 🤖 [MS3-PKG] [DEBUG] 🤖 [MS3-PKG] [DEBUG] 📝 [analyzeJoiSchema] Field description: {
  type: [32m&apos;string&apos;[39m,
  flags: {
    presence: [32m&apos;required&apos;[39m,
    description: [32m&apos;Private key for wallet (generates random if not provided)&apos;[39m
  },
  rules: [ { name: [32m&apos;pattern&apos;[39m, args: [36m[Object][39m } ]
}
🤖 [MS3-PKG] [DEBUG] 🤖 [MS3-PKG] [DEBUG] 🤖 [MS3-PKG] [DEBUG] 🤖 [MS3-PKG] [DEBUG] 🤖 [MS3-PKG] [DEBUG] 🤖 [MS3-PKG] [DEBUG] 🤖 [MS3-PKG] [DEBUG] 🤖 [MS3-PKG] [DEBUG] 🤖 [MS3-PKG] [DEBUG] 🤖 [MS3-PKG] [DEBUG] 🤖 [MS3-PKG] [DEBUG] 🤖 [MS3-PKG] [DEBUG] 🤖 [MS3-PKG] [DEBUG] 🤖 [MS3-PKG] [DEBUG] 📊 [analyzeJoiSchema] Field privateKey: type=string, required=true, message=&quot;Private key for wallet (generates random if not provided)&quot;
🤖 [MS3-PKG] [DEBUG] 🤖 [MS3-PKG] [DEBUG] 🤖 [MS3-PKG] [DEBUG] 🤖 [MS3-PKG] [DEBUG] 🤖 [MS3-PKG] [DEBUG] 🤖 [MS3-PKG] [DEBUG] 🤖 [MS3-PKG] [DEBUG] 🤖 [MS3-PKG] [DEBUG] 🤖 [MS3-PKG] [DEBUG] 🤖 [MS3-PKG] [DEBUG] 🤖 [MS3-PKG] [DEBUG] 🤖 [MS3-PKG] [DEBUG] 🤖 [MS3-PKG] [DEBUG] 🤖 [MS3-PKG] [DEBUG] 🔑 [analyzeJoiSchema] Processing field: provider
🤖 [MS3-PKG] [DEBUG] 🤖 [MS3-PKG] [DEBUG] 🤖 [MS3-PKG] [DEBUG] 🤖 [MS3-PKG] [DEBUG] 🤖 [MS3-PKG] [DEBUG] 🤖 [MS3-PKG] [DEBUG] 🤖 [MS3-PKG] [DEBUG] 🤖 [MS3-PKG] [DEBUG] 🤖 [MS3-PKG] [DEBUG] 🤖 [MS3-PKG] [DEBUG] 🤖 [MS3-PKG] [DEBUG] 🤖 [MS3-PKG] [DEBUG] 🤖 [MS3-PKG] [DEBUG] 🤖 [MS3-PKG] [DEBUG] 📝 [analyzeJoiSchema] Field description: {
  type: [32m&apos;object&apos;[39m,
  flags: {
    presence: [32m&apos;optional&apos;[39m,
    description: [32m&apos;Optional provider configuration&apos;[39m
  },
  keys: {
    name: { type: [32m&apos;string&apos;[39m, flags: [36m[Object][39m },
    chainId: { type: [32m&apos;string&apos;[39m, flags: [36m[Object][39m, rules: [36m[Array][39m },
    rpcUrls: { type: [32m&apos;array&apos;[39m, flags: [36m[Object][39m, rules: [36m[Array][39m, items: [36m[Array][39m },
    displayName: { type: [32m&apos;string&apos;[39m, flags: [36m[Object][39m }
  }
}
🤖 [MS3-PKG] [DEBUG] 🤖 [MS3-PKG] [DEBUG] 🤖 [MS3-PKG] [DEBUG] 🤖 [MS3-PKG] [DEBUG] 🤖 [MS3-PKG] [DEBUG] 🤖 [MS3-PKG] [DEBUG] 🤖 [MS3-PKG] [DEBUG] 🤖 [MS3-PKG] [DEBUG] 🤖 [MS3-PKG] [DEBUG] 🤖 [MS3-PKG] [DEBUG] 🤖 [MS3-PKG] [DEBUG] 🤖 [MS3-PKG] [DEBUG] 🤖 [MS3-PKG] [DEBUG] 🤖 [MS3-PKG] [DEBUG] 📊 [analyzeJoiSchema] Field provider: type=object, required=false, message=&quot;Optional provider configuration&quot;
🤖 [MS3-PKG] [DEBUG] 🤖 [MS3-PKG] [DEBUG] 🤖 [MS3-PKG] [DEBUG] 🤖 [MS3-PKG] [DEBUG] 🤖 [MS3-PKG] [DEBUG] 🤖 [MS3-PKG] [DEBUG] 🤖 [MS3-PKG] [DEBUG] 🤖 [MS3-PKG] [DEBUG] 🤖 [MS3-PKG] [DEBUG] 🤖 [MS3-PKG] [DEBUG] 🤖 [MS3-PKG] [DEBUG] 🤖 [MS3-PKG] [DEBUG] 🤖 [MS3-PKG] [DEBUG] 🤖 [MS3-PKG] [DEBUG] 🔄 [analyzeJoiSchema] Recursing into nested object: provider
🤖 [MS3-PKG] [DEBUG] 🤖 [MS3-PKG] [DEBUG] 🤖 [MS3-PKG] [DEBUG] 🤖 [MS3-PKG] [DEBUG] 🤖 [MS3-PKG] [DEBUG] 🤖 [MS3-PKG] [DEBUG] 🤖 [MS3-PKG] [DEBUG] 🤖 [MS3-PKG] [DEBUG] 🤖 [MS3-PKG] [DEBUG] 🤖 [MS3-PKG] [DEBUG] 🤖 [MS3-PKG] [DEBUG] 🤖 [MS3-PKG] [DEBUG] 🤖 [MS3-PKG] [DEBUG] 🤖 [MS3-PKG] [DEBUG] 🔑 [analyzeJoiSchema] Processing field: multiChainRpcs
🤖 [MS3-PKG] [DEBUG] 🤖 [MS3-PKG] [DEBUG] 🤖 [MS3-PKG] [DEBUG] 🤖 [MS3-PKG] [DEBUG] 🤖 [MS3-PKG] [DEBUG] 🤖 [MS3-PKG] [DEBUG] 🤖 [MS3-PKG] [DEBUG] 🤖 [MS3-PKG] [DEBUG] 🤖 [MS3-PKG] [DEBUG] 🤖 [MS3-PKG] [DEBUG] 🤖 [MS3-PKG] [DEBUG] 🤖 [MS3-PKG] [DEBUG] 🤖 [MS3-PKG] [DEBUG] 🤖 [MS3-PKG] [DEBUG] 📝 [analyzeJoiSchema] Field description: {
  type: [32m&apos;object&apos;[39m,
  flags: {
    presence: [32m&apos;optional&apos;[39m,
    description: [32m&apos;Multi-chain RPC configuration - maps chain IDs to RPC URL arrays&apos;[39m
  },
  patterns: [ { schema: [36m[Object][39m, rule: [36m[Object][39m } ]
}
🤖 [MS3-PKG] [DEBUG] 🤖 [MS3-PKG] [DEBUG] 🤖 [MS3-PKG] [DEBUG] 🤖 [MS3-PKG] [DEBUG] 🤖 [MS3-PKG] [DEBUG] 🤖 [MS3-PKG] [DEBUG] 🤖 [MS3-PKG] [DEBUG] 🤖 [MS3-PKG] [DEBUG] 🤖 [MS3-PKG] [DEBUG] 🤖 [MS3-PKG] [DEBUG] 🤖 [MS3-PKG] [DEBUG] 🤖 [MS3-PKG] [DEBUG] 🤖 [MS3-PKG] [DEBUG] 🤖 [MS3-PKG] [DEBUG] 📊 [analyzeJoiSchema] Field multiChainRpcs: type=object, required=false, message=&quot;Multi-chain RPC configuration - maps chain IDs to RPC URL arrays&quot;
🤖 [MS3-PKG] [INFO] 🤖 [MS3-PKG] [INFO] 🤖 [MS3-PKG] [INFO] 🤖 [MS3-PKG] [INFO] 🤖 [MS3-PKG] [INFO] 🤖 [MS3-PKG] [INFO] 🤖 [MS3-PKG] [INFO] 🤖 [MS3-PKG] [INFO] 🤖 [MS3-PKG] [INFO] 🤖 [MS3-PKG] [INFO] 🤖 [MS3-PKG] [INFO] 🤖 [MS3-PKG] [INFO] 🤖 [MS3-PKG] [INFO] 🤖 [MS3-PKG] [INFO] 📊 [analyzeJoiSchema] Generated 7 requirements for options
🤖 [MS3-PKG] [DEBUG] 🤖 [MS3-PKG] [DEBUG] 🤖 [MS3-PKG] [DEBUG] 🤖 [MS3-PKG] [DEBUG] 🤖 [MS3-PKG] [DEBUG] 🤖 [MS3-PKG] [DEBUG] 🤖 [MS3-PKG] [DEBUG] 🤖 [MS3-PKG] [DEBUG] 🤖 [MS3-PKG] [DEBUG] 🤖 [MS3-PKG] [DEBUG] 🤖 [MS3-PKG] [DEBUG] 🤖 [MS3-PKG] [DEBUG] 🤖 [MS3-PKG] [DEBUG] 🤖 [MS3-PKG] [DEBUG] 🔍 [getRequirements] Starting analysis for bulk-test-66
🤖 [MS3-PKG] [DEBUG] 🤖 [MS3-PKG] [DEBUG] 🤖 [MS3-PKG] [DEBUG] 🤖 [MS3-PKG] [DEBUG] 🤖 [MS3-PKG] [DEBUG] 🤖 [MS3-PKG] [DEBUG] 🤖 [MS3-PKG] [DEBUG] 🤖 [MS3-PKG] [DEBUG] 🤖 [MS3-PKG] [DEBUG] 🤖 [MS3-PKG] [DEBUG] 🤖 [MS3-PKG] [DEBUG] 🤖 [MS3-PKG] [DEBUG] 🤖 [MS3-PKG] [DEBUG] 🤖 [MS3-PKG] [DEBUG] 🔬 [analyzeJoiSchema] Analyzing schema at path: options
🤖 [MS3-PKG] [DEBUG] 🤖 [MS3-PKG] [DEBUG] 🤖 [MS3-PKG] [DEBUG] 🤖 [MS3-PKG] [DEBUG] 🤖 [MS3-PKG] [DEBUG] 🤖 [MS3-PKG] [DEBUG] 🤖 [MS3-PKG] [DEBUG] 🤖 [MS3-PKG] [DEBUG] 🤖 [MS3-PKG] [DEBUG] 🤖 [MS3-PKG] [DEBUG] 🤖 [MS3-PKG] [DEBUG] 🤖 [MS3-PKG] [DEBUG] 🤖 [MS3-PKG] [DEBUG] 🤖 [MS3-PKG] [DEBUG] 📋 [analyzeJoiSchema] Schema description type: object
🤖 [MS3-PKG] [DEBUG] 🤖 [MS3-PKG] [DEBUG] 🤖 [MS3-PKG] [DEBUG] 🤖 [MS3-PKG] [DEBUG] 🤖 [MS3-PKG] [DEBUG] 🤖 [MS3-PKG] [DEBUG] 🤖 [MS3-PKG] [DEBUG] 🤖 [MS3-PKG] [DEBUG] 🤖 [MS3-PKG] [DEBUG] 🤖 [MS3-PKG] [DEBUG] 🤖 [MS3-PKG] [DEBUG] 🤖 [MS3-PKG] [DEBUG] 🤖 [MS3-PKG] [DEBUG] 🤖 [MS3-PKG] [DEBUG] 📋 [analyzeJoiSchema] Schema keys: [ [32m&apos;web3authConfig&apos;[39m, [32m&apos;multiChainRpcs&apos;[39m ]
🤖 [MS3-PKG] [DEBUG] 🤖 [MS3-PKG] [DEBUG] 🤖 [MS3-PKG] [DEBUG] 🤖 [MS3-PKG] [DEBUG] 🤖 [MS3-PKG] [DEBUG] 🤖 [MS3-PKG] [DEBUG] 🤖 [MS3-PKG] [DEBUG] 🤖 [MS3-PKG] [DEBUG] 🤖 [MS3-PKG] [DEBUG] 🤖 [MS3-PKG] [DEBUG] 🤖 [MS3-PKG] [DEBUG] 🤖 [MS3-PKG] [DEBUG] 🤖 [MS3-PKG] [DEBUG] 🤖 [MS3-PKG] [DEBUG] ✅ [analyzeJoiSchema] Processing object schema with 2 keys
🤖 [MS3-PKG] [DEBUG] 🤖 [MS3-PKG] [DEBUG] 🤖 [MS3-PKG] [DEBUG] 🤖 [MS3-PKG] [DEBUG] 🤖 [MS3-PKG] [DEBUG] 🤖 [MS3-PKG] [DEBUG] 🤖 [MS3-PKG] [DEBUG] 🤖 [MS3-PKG] [DEBUG] 🤖 [MS3-PKG] [DEBUG] 🤖 [MS3-PKG] [DEBUG] 🤖 [MS3-PKG] [DEBUG] 🤖 [MS3-PKG] [DEBUG] 🤖 [MS3-PKG] [DEBUG] 🤖 [MS3-PKG] [DEBUG] 🔑 [analyzeJoiSchema] Processing field: web3authConfig
🤖 [MS3-PKG] [DEBUG] 🤖 [MS3-PKG] [DEBUG] 🤖 [MS3-PKG] [DEBUG] 🤖 [MS3-PKG] [DEBUG] 🤖 [MS3-PKG] [DEBUG] 🤖 [MS3-PKG] [DEBUG] 🤖 [MS3-PKG] [DEBUG] 🤖 [MS3-PKG] [DEBUG] 🤖 [MS3-PKG] [DEBUG] 🤖 [MS3-PKG] [DEBUG] 🤖 [MS3-PKG] [DEBUG] 🤖 [MS3-PKG] [DEBUG] 🤖 [MS3-PKG] [DEBUG] 🤖 [MS3-PKG] [DEBUG] 📝 [analyzeJoiSchema] Field description: {
  type: [32m&apos;object&apos;[39m,
  flags: {
    presence: [32m&apos;required&apos;[39m,
    description: [32m&apos;Web3Auth configuration object&apos;[39m
  },
  keys: {
    clientId: { type: [32m&apos;string&apos;[39m, flags: [36m[Object][39m },
    web3AuthNetwork: { type: [32m&apos;string&apos;[39m, flags: [36m[Object][39m, allow: [36m[Array][39m },
    chainConfig: { type: [32m&apos;object&apos;[39m, flags: [36m[Object][39m, keys: [36m[Object][39m },
    loginConfig: { type: [32m&apos;object&apos;[39m, flags: [36m[Object][39m },
    privateKeyProvider: { type: [32m&apos;any&apos;[39m, flags: [36m[Object][39m }
  }
}
🤖 [MS3-PKG] [DEBUG] 🤖 [MS3-PKG] [DEBUG] 🤖 [MS3-PKG] [DEBUG] 🤖 [MS3-PKG] [DEBUG] 🤖 [MS3-PKG] [DEBUG] 🤖 [MS3-PKG] [DEBUG] 🤖 [MS3-PKG] [DEBUG] 🤖 [MS3-PKG] [DEBUG] 🤖 [MS3-PKG] [DEBUG] 🤖 [MS3-PKG] [DEBUG] 🤖 [MS3-PKG] [DEBUG] 🤖 [MS3-PKG] [DEBUG] 🤖 [MS3-PKG] [DEBUG] 🤖 [MS3-PKG] [DEBUG] 📊 [analyzeJoiSchema] Field web3authConfig: type=object, required=true, message=&quot;Web3Auth configuration object&quot;
🤖 [MS3-PKG] [DEBUG] 🤖 [MS3-PKG] [DEBUG] 🤖 [MS3-PKG] [DEBUG] 🤖 [MS3-PKG] [DEBUG] 🤖 [MS3-PKG] [DEBUG] 🤖 [MS3-PKG] [DEBUG] 🤖 [MS3-PKG] [DEBUG] 🤖 [MS3-PKG] [DEBUG] 🤖 [MS3-PKG] [DEBUG] 🤖 [MS3-PKG] [DEBUG] 🤖 [MS3-PKG] [DEBUG] 🤖 [MS3-PKG] [DEBUG] 🤖 [MS3-PKG] [DEBUG] 🤖 [MS3-PKG] [DEBUG] 🔄 [analyzeJoiSchema] Recursing into nested object: web3authConfig
🤖 [MS3-PKG] [DEBUG] 🤖 [MS3-PKG] [DEBUG] 🤖 [MS3-PKG] [DEBUG] 🤖 [MS3-PKG] [DEBUG] 🤖 [MS3-PKG] [DEBUG] 🤖 [MS3-PKG] [DEBUG] 🤖 [MS3-PKG] [DEBUG] 🤖 [MS3-PKG] [DEBUG] 🤖 [MS3-PKG] [DEBUG] 🤖 [MS3-PKG] [DEBUG] 🤖 [MS3-PKG] [DEBUG] 🤖 [MS3-PKG] [DEBUG] 🤖 [MS3-PKG] [DEBUG] 🤖 [MS3-PKG] [DEBUG] 🔑 [analyzeJoiSchema] Processing field: multiChainRpcs
🤖 [MS3-PKG] [DEBUG] 🤖 [MS3-PKG] [DEBUG] 🤖 [MS3-PKG] [DEBUG] 🤖 [MS3-PKG] [DEBUG] 🤖 [MS3-PKG] [DEBUG] 🤖 [MS3-PKG] [DEBUG] 🤖 [MS3-PKG] [DEBUG] 🤖 [MS3-PKG] [DEBUG] 🤖 [MS3-PKG] [DEBUG] 🤖 [MS3-PKG] [DEBUG] 🤖 [MS3-PKG] [DEBUG] 🤖 [MS3-PKG] [DEBUG] 🤖 [MS3-PKG] [DEBUG] 🤖 [MS3-PKG] [DEBUG] 📝 [analyzeJoiSchema] Field description: {
  type: [32m&apos;object&apos;[39m,
  flags: {
    presence: [32m&apos;optional&apos;[39m,
    description: [32m&apos;Multi-chain RPC configuration - maps chain IDs to RPC URL arrays&apos;[39m
  },
  patterns: [ { schema: [36m[Object][39m, rule: [36m[Object][39m } ]
}
🤖 [MS3-PKG] [DEBUG] 🤖 [MS3-PKG] [DEBUG] 🤖 [MS3-PKG] [DEBUG] 🤖 [MS3-PKG] [DEBUG] 🤖 [MS3-PKG] [DEBUG] 🤖 [MS3-PKG] [DEBUG] 🤖 [MS3-PKG] [DEBUG] 🤖 [MS3-PKG] [DEBUG] 🤖 [MS3-PKG] [DEBUG] 🤖 [MS3-PKG] [DEBUG] 🤖 [MS3-PKG] [DEBUG] 🤖 [MS3-PKG] [DEBUG] 🤖 [MS3-PKG] [DEBUG] 🤖 [MS3-PKG] [DEBUG] 📊 [analyzeJoiSchema] Field multiChainRpcs: type=object, required=false, message=&quot;Multi-chain RPC configuration - maps chain IDs to RPC URL arrays&quot;
🤖 [MS3-PKG] [INFO] 🤖 [MS3-PKG] [INFO] 🤖 [MS3-PKG] [INFO] 🤖 [MS3-PKG] [INFO] 🤖 [MS3-PKG] [INFO] 🤖 [MS3-PKG] [INFO] 🤖 [MS3-PKG] [INFO] 🤖 [MS3-PKG] [INFO] 🤖 [MS3-PKG] [INFO] 🤖 [MS3-PKG] [INFO] 🤖 [MS3-PKG] [INFO] 🤖 [MS3-PKG] [INFO] 🤖 [MS3-PKG] [INFO] 🤖 [MS3-PKG] [INFO] 📊 [analyzeJoiSchema] Generated 14 requirements for options
🤖 [MS3-PKG] [DEBUG] 🤖 [MS3-PKG] [DEBUG] 🤖 [MS3-PKG] [DEBUG] 🤖 [MS3-PKG] [DEBUG] 🤖 [MS3-PKG] [DEBUG] 🤖 [MS3-PKG] [DEBUG] 🤖 [MS3-PKG] [DEBUG] 🤖 [MS3-PKG] [DEBUG] 🤖 [MS3-PKG] [DEBUG] 🤖 [MS3-PKG] [DEBUG] 🤖 [MS3-PKG] [DEBUG] 🤖 [MS3-PKG] [DEBUG] 🤖 [MS3-PKG] [DEBUG] 🤖 [MS3-PKG] [DEBUG] 🔍 [getRequirements] Starting analysis for bulk-test-67
🤖 [MS3-PKG] [DEBUG] 🤖 [MS3-PKG] [DEBUG] 🤖 [MS3-PKG] [DEBUG] 🤖 [MS3-PKG] [DEBUG] 🤖 [MS3-PKG] [DEBUG] 🤖 [MS3-PKG] [DEBUG] 🤖 [MS3-PKG] [DEBUG] 🤖 [MS3-PKG] [DEBUG] 🤖 [MS3-PKG] [DEBUG] 🤖 [MS3-PKG] [DEBUG] 🤖 [MS3-PKG] [DEBUG] 🤖 [MS3-PKG] [DEBUG] 🤖 [MS3-PKG] [DEBUG] 🤖 [MS3-PKG] [DEBUG] 🔬 [analyzeJoiSchema] Analyzing schema at path: options
🤖 [MS3-PKG] [DEBUG] 🤖 [MS3-PKG] [DEBUG] 🤖 [MS3-PKG] [DEBUG] 🤖 [MS3-PKG] [DEBUG] 🤖 [MS3-PKG] [DEBUG] 🤖 [MS3-PKG] [DEBUG] 🤖 [MS3-PKG] [DEBUG] 🤖 [MS3-PKG] [DEBUG] 🤖 [MS3-PKG] [DEBUG] 🤖 [MS3-PKG] [DEBUG] 🤖 [MS3-PKG] [DEBUG] 🤖 [MS3-PKG] [DEBUG] 🤖 [MS3-PKG] [DEBUG] 🤖 [MS3-PKG] [DEBUG] 📋 [analyzeJoiSchema] Schema description type: object
🤖 [MS3-PKG] [DEBUG] 🤖 [MS3-PKG] [DEBUG] 🤖 [MS3-PKG] [DEBUG] 🤖 [MS3-PKG] [DEBUG] 🤖 [MS3-PKG] [DEBUG] 🤖 [MS3-PKG] [DEBUG] 🤖 [MS3-PKG] [DEBUG] 🤖 [MS3-PKG] [DEBUG] 🤖 [MS3-PKG] [DEBUG] 🤖 [MS3-PKG] [DEBUG] 🤖 [MS3-PKG] [DEBUG] 🤖 [MS3-PKG] [DEBUG] 🤖 [MS3-PKG] [DEBUG] 🤖 [MS3-PKG] [DEBUG] 📋 [analyzeJoiSchema] Schema keys: [ [32m&apos;privateKey&apos;[39m, [32m&apos;provider&apos;[39m, [32m&apos;multiChainRpcs&apos;[39m ]
🤖 [MS3-PKG] [DEBUG] 🤖 [MS3-PKG] [DEBUG] 🤖 [MS3-PKG] [DEBUG] 🤖 [MS3-PKG] [DEBUG] 🤖 [MS3-PKG] [DEBUG] 🤖 [MS3-PKG] [DEBUG] 🤖 [MS3-PKG] [DEBUG] 🤖 [MS3-PKG] [DEBUG] 🤖 [MS3-PKG] [DEBUG] 🤖 [MS3-PKG] [DEBUG] 🤖 [MS3-PKG] [DEBUG] 🤖 [MS3-PKG] [DEBUG] 🤖 [MS3-PKG] [DEBUG] 🤖 [MS3-PKG] [DEBUG] ✅ [analyzeJoiSchema] Processing object schema with 3 keys
🤖 [MS3-PKG] [DEBUG] 🤖 [MS3-PKG] [DEBUG] 🤖 [MS3-PKG] [DEBUG] 🤖 [MS3-PKG] [DEBUG] 🤖 [MS3-PKG] [DEBUG] 🤖 [MS3-PKG] [DEBUG] 🤖 [MS3-PKG] [DEBUG] 🤖 [MS3-PKG] [DEBUG] 🤖 [MS3-PKG] [DEBUG] 🤖 [MS3-PKG] [DEBUG] 🤖 [MS3-PKG] [DEBUG] 🤖 [MS3-PKG] [DEBUG] 🤖 [MS3-PKG] [DEBUG] 🤖 [MS3-PKG] [DEBUG] 🔑 [analyzeJoiSchema] Processing field: privateKey
🤖 [MS3-PKG] [DEBUG] 🤖 [MS3-PKG] [DEBUG] 🤖 [MS3-PKG] [DEBUG] 🤖 [MS3-PKG] [DEBUG] 🤖 [MS3-PKG] [DEBUG] 🤖 [MS3-PKG] [DEBUG] 🤖 [MS3-PKG] [DEBUG] 🤖 [MS3-PKG] [DEBUG] 🤖 [MS3-PKG] [DEBUG] 🤖 [MS3-PKG] [DEBUG] 🤖 [MS3-PKG] [DEBUG] 🤖 [MS3-PKG] [DEBUG] 🤖 [MS3-PKG] [DEBUG] 🤖 [MS3-PKG] [DEBUG] 📝 [analyzeJoiSchema] Field description: {
  type: [32m&apos;string&apos;[39m,
  flags: {
    presence: [32m&apos;required&apos;[39m,
    description: [32m&apos;Private key for wallet (generates random if not provided)&apos;[39m
  },
  rules: [ { name: [32m&apos;pattern&apos;[39m, args: [36m[Object][39m } ]
}
🤖 [MS3-PKG] [DEBUG] 🤖 [MS3-PKG] [DEBUG] 🤖 [MS3-PKG] [DEBUG] 🤖 [MS3-PKG] [DEBUG] 🤖 [MS3-PKG] [DEBUG] 🤖 [MS3-PKG] [DEBUG] 🤖 [MS3-PKG] [DEBUG] 🤖 [MS3-PKG] [DEBUG] 🤖 [MS3-PKG] [DEBUG] 🤖 [MS3-PKG] [DEBUG] 🤖 [MS3-PKG] [DEBUG] 🤖 [MS3-PKG] [DEBUG] 🤖 [MS3-PKG] [DEBUG] 🤖 [MS3-PKG] [DEBUG] 📊 [analyzeJoiSchema] Field privateKey: type=string, required=true, message=&quot;Private key for wallet (generates random if not provided)&quot;
🤖 [MS3-PKG] [DEBUG] 🤖 [MS3-PKG] [DEBUG] 🤖 [MS3-PKG] [DEBUG] 🤖 [MS3-PKG] [DEBUG] 🤖 [MS3-PKG] [DEBUG] 🤖 [MS3-PKG] [DEBUG] 🤖 [MS3-PKG] [DEBUG] 🤖 [MS3-PKG] [DEBUG] 🤖 [MS3-PKG] [DEBUG] 🤖 [MS3-PKG] [DEBUG] 🤖 [MS3-PKG] [DEBUG] 🤖 [MS3-PKG] [DEBUG] 🤖 [MS3-PKG] [DEBUG] 🤖 [MS3-PKG] [DEBUG] 🔑 [analyzeJoiSchema] Processing field: provider
🤖 [MS3-PKG] [DEBUG] 🤖 [MS3-PKG] [DEBUG] 🤖 [MS3-PKG] [DEBUG] 🤖 [MS3-PKG] [DEBUG] 🤖 [MS3-PKG] [DEBUG] 🤖 [MS3-PKG] [DEBUG] 🤖 [MS3-PKG] [DEBUG] 🤖 [MS3-PKG] [DEBUG] 🤖 [MS3-PKG] [DEBUG] 🤖 [MS3-PKG] [DEBUG] 🤖 [MS3-PKG] [DEBUG] 🤖 [MS3-PKG] [DEBUG] 🤖 [MS3-PKG] [DEBUG] 🤖 [MS3-PKG] [DEBUG] 📝 [analyzeJoiSchema] Field description: {
  type: [32m&apos;object&apos;[39m,
  flags: {
    presence: [32m&apos;optional&apos;[39m,
    description: [32m&apos;Optional provider configuration&apos;[39m
  },
  keys: {
    name: { type: [32m&apos;string&apos;[39m, flags: [36m[Object][39m },
    chainId: { type: [32m&apos;string&apos;[39m, flags: [36m[Object][39m, rules: [36m[Array][39m },
    rpcUrls: { type: [32m&apos;array&apos;[39m, flags: [36m[Object][39m, rules: [36m[Array][39m, items: [36m[Array][39m },
    displayName: { type: [32m&apos;string&apos;[39m, flags: [36m[Object][39m }
  }
}
🤖 [MS3-PKG] [DEBUG] 🤖 [MS3-PKG] [DEBUG] 🤖 [MS3-PKG] [DEBUG] 🤖 [MS3-PKG] [DEBUG] 🤖 [MS3-PKG] [DEBUG] 🤖 [MS3-PKG] [DEBUG] 🤖 [MS3-PKG] [DEBUG] 🤖 [MS3-PKG] [DEBUG] 🤖 [MS3-PKG] [DEBUG] 🤖 [MS3-PKG] [DEBUG] 🤖 [MS3-PKG] [DEBUG] 🤖 [MS3-PKG] [DEBUG] 🤖 [MS3-PKG] [DEBUG] 🤖 [MS3-PKG] [DEBUG] 📊 [analyzeJoiSchema] Field provider: type=object, required=false, message=&quot;Optional provider configuration&quot;
🤖 [MS3-PKG] [DEBUG] 🤖 [MS3-PKG] [DEBUG] 🤖 [MS3-PKG] [DEBUG] 🤖 [MS3-PKG] [DEBUG] 🤖 [MS3-PKG] [DEBUG] 🤖 [MS3-PKG] [DEBUG] 🤖 [MS3-PKG] [DEBUG] 🤖 [MS3-PKG] [DEBUG] 🤖 [MS3-PKG] [DEBUG] 🤖 [MS3-PKG] [DEBUG] 🤖 [MS3-PKG] [DEBUG] 🤖 [MS3-PKG] [DEBUG] 🤖 [MS3-PKG] [DEBUG] 🤖 [MS3-PKG] [DEBUG] 🔄 [analyzeJoiSchema] Recursing into nested object: provider
🤖 [MS3-PKG] [DEBUG] 🤖 [MS3-PKG] [DEBUG] 🤖 [MS3-PKG] [DEBUG] 🤖 [MS3-PKG] [DEBUG] 🤖 [MS3-PKG] [DEBUG] 🤖 [MS3-PKG] [DEBUG] 🤖 [MS3-PKG] [DEBUG] 🤖 [MS3-PKG] [DEBUG] 🤖 [MS3-PKG] [DEBUG] 🤖 [MS3-PKG] [DEBUG] 🤖 [MS3-PKG] [DEBUG] 🤖 [MS3-PKG] [DEBUG] 🤖 [MS3-PKG] [DEBUG] 🤖 [MS3-PKG] [DEBUG] 🔑 [analyzeJoiSchema] Processing field: multiChainRpcs
🤖 [MS3-PKG] [DEBUG] 🤖 [MS3-PKG] [DEBUG] 🤖 [MS3-PKG] [DEBUG] 🤖 [MS3-PKG] [DEBUG] 🤖 [MS3-PKG] [DEBUG] 🤖 [MS3-PKG] [DEBUG] 🤖 [MS3-PKG] [DEBUG] 🤖 [MS3-PKG] [DEBUG] 🤖 [MS3-PKG] [DEBUG] 🤖 [MS3-PKG] [DEBUG] 🤖 [MS3-PKG] [DEBUG] 🤖 [MS3-PKG] [DEBUG] 🤖 [MS3-PKG] [DEBUG] 🤖 [MS3-PKG] [DEBUG] 📝 [analyzeJoiSchema] Field description: {
  type: [32m&apos;object&apos;[39m,
  flags: {
    presence: [32m&apos;optional&apos;[39m,
    description: [32m&apos;Multi-chain RPC configuration - maps chain IDs to RPC URL arrays&apos;[39m
  },
  patterns: [ { schema: [36m[Object][39m, rule: [36m[Object][39m } ]
}
🤖 [MS3-PKG] [DEBUG] 🤖 [MS3-PKG] [DEBUG] 🤖 [MS3-PKG] [DEBUG] 🤖 [MS3-PKG] [DEBUG] 🤖 [MS3-PKG] [DEBUG] 🤖 [MS3-PKG] [DEBUG] 🤖 [MS3-PKG] [DEBUG] 🤖 [MS3-PKG] [DEBUG] 🤖 [MS3-PKG] [DEBUG] 🤖 [MS3-PKG] [DEBUG] 🤖 [MS3-PKG] [DEBUG] 🤖 [MS3-PKG] [DEBUG] 🤖 [MS3-PKG] [DEBUG] 🤖 [MS3-PKG] [DEBUG] 📊 [analyzeJoiSchema] Field multiChainRpcs: type=object, required=false, message=&quot;Multi-chain RPC configuration - maps chain IDs to RPC URL arrays&quot;
🤖 [MS3-PKG] [INFO] 🤖 [MS3-PKG] [INFO] 🤖 [MS3-PKG] [INFO] 🤖 [MS3-PKG] [INFO] 🤖 [MS3-PKG] [INFO] 🤖 [MS3-PKG] [INFO] 🤖 [MS3-PKG] [INFO] 🤖 [MS3-PKG] [INFO] 🤖 [MS3-PKG] [INFO] 🤖 [MS3-PKG] [INFO] 🤖 [MS3-PKG] [INFO] 🤖 [MS3-PKG] [INFO] 🤖 [MS3-PKG] [INFO] 🤖 [MS3-PKG] [INFO] 📊 [analyzeJoiSchema] Generated 7 requirements for options
🤖 [MS3-PKG] [DEBUG] 🤖 [MS3-PKG] [DEBUG] 🤖 [MS3-PKG] [DEBUG] 🤖 [MS3-PKG] [DEBUG] 🤖 [MS3-PKG] [DEBUG] 🤖 [MS3-PKG] [DEBUG] 🤖 [MS3-PKG] [DEBUG] 🤖 [MS3-PKG] [DEBUG] 🤖 [MS3-PKG] [DEBUG] 🤖 [MS3-PKG] [DEBUG] 🤖 [MS3-PKG] [DEBUG] 🤖 [MS3-PKG] [DEBUG] 🤖 [MS3-PKG] [DEBUG] 🤖 [MS3-PKG] [DEBUG] 🔍 [getRequirements] Starting analysis for bulk-test-67
🤖 [MS3-PKG] [DEBUG] 🤖 [MS3-PKG] [DEBUG] 🤖 [MS3-PKG] [DEBUG] 🤖 [MS3-PKG] [DEBUG] 🤖 [MS3-PKG] [DEBUG] 🤖 [MS3-PKG] [DEBUG] 🤖 [MS3-PKG] [DEBUG] 🤖 [MS3-PKG] [DEBUG] 🤖 [MS3-PKG] [DEBUG] 🤖 [MS3-PKG] [DEBUG] 🤖 [MS3-PKG] [DEBUG] 🤖 [MS3-PKG] [DEBUG] 🤖 [MS3-PKG] [DEBUG] 🤖 [MS3-PKG] [DEBUG] 🔬 [analyzeJoiSchema] Analyzing schema at path: options
🤖 [MS3-PKG] [DEBUG] 🤖 [MS3-PKG] [DEBUG] 🤖 [MS3-PKG] [DEBUG] 🤖 [MS3-PKG] [DEBUG] 🤖 [MS3-PKG] [DEBUG] 🤖 [MS3-PKG] [DEBUG] 🤖 [MS3-PKG] [DEBUG] 🤖 [MS3-PKG] [DEBUG] 🤖 [MS3-PKG] [DEBUG] 🤖 [MS3-PKG] [DEBUG] 🤖 [MS3-PKG] [DEBUG] 🤖 [MS3-PKG] [DEBUG] 🤖 [MS3-PKG] [DEBUG] 🤖 [MS3-PKG] [DEBUG] 📋 [analyzeJoiSchema] Schema description type: object
🤖 [MS3-PKG] [DEBUG] 🤖 [MS3-PKG] [DEBUG] 🤖 [MS3-PKG] [DEBUG] 🤖 [MS3-PKG] [DEBUG] 🤖 [MS3-PKG] [DEBUG] 🤖 [MS3-PKG] [DEBUG] 🤖 [MS3-PKG] [DEBUG] 🤖 [MS3-PKG] [DEBUG] 🤖 [MS3-PKG] [DEBUG] 🤖 [MS3-PKG] [DEBUG] 🤖 [MS3-PKG] [DEBUG] 🤖 [MS3-PKG] [DEBUG] 🤖 [MS3-PKG] [DEBUG] 🤖 [MS3-PKG] [DEBUG] 📋 [analyzeJoiSchema] Schema keys: [ [32m&apos;web3authConfig&apos;[39m, [32m&apos;multiChainRpcs&apos;[39m ]
🤖 [MS3-PKG] [DEBUG] 🤖 [MS3-PKG] [DEBUG] 🤖 [MS3-PKG] [DEBUG] 🤖 [MS3-PKG] [DEBUG] 🤖 [MS3-PKG] [DEBUG] 🤖 [MS3-PKG] [DEBUG] 🤖 [MS3-PKG] [DEBUG] 🤖 [MS3-PKG] [DEBUG] 🤖 [MS3-PKG] [DEBUG] 🤖 [MS3-PKG] [DEBUG] 🤖 [MS3-PKG] [DEBUG] 🤖 [MS3-PKG] [DEBUG] 🤖 [MS3-PKG] [DEBUG] 🤖 [MS3-PKG] [DEBUG] ✅ [analyzeJoiSchema] Processing object schema with 2 keys
🤖 [MS3-PKG] [DEBUG] 🤖 [MS3-PKG] [DEBUG] 🤖 [MS3-PKG] [DEBUG] 🤖 [MS3-PKG] [DEBUG] 🤖 [MS3-PKG] [DEBUG] 🤖 [MS3-PKG] [DEBUG] 🤖 [MS3-PKG] [DEBUG] 🤖 [MS3-PKG] [DEBUG] 🤖 [MS3-PKG] [DEBUG] 🤖 [MS3-PKG] [DEBUG] 🤖 [MS3-PKG] [DEBUG] 🤖 [MS3-PKG] [DEBUG] 🤖 [MS3-PKG] [DEBUG] 🤖 [MS3-PKG] [DEBUG] 🔑 [analyzeJoiSchema] Processing field: web3authConfig
🤖 [MS3-PKG] [DEBUG] 🤖 [MS3-PKG] [DEBUG] 🤖 [MS3-PKG] [DEBUG] 🤖 [MS3-PKG] [DEBUG] 🤖 [MS3-PKG] [DEBUG] 🤖 [MS3-PKG] [DEBUG] 🤖 [MS3-PKG] [DEBUG] 🤖 [MS3-PKG] [DEBUG] 🤖 [MS3-PKG] [DEBUG] 🤖 [MS3-PKG] [DEBUG] 🤖 [MS3-PKG] [DEBUG] 🤖 [MS3-PKG] [DEBUG] 🤖 [MS3-PKG] [DEBUG] 🤖 [MS3-PKG] [DEBUG] 📝 [analyzeJoiSchema] Field description: {
  type: [32m&apos;object&apos;[39m,
  flags: {
    presence: [32m&apos;required&apos;[39m,
    description: [32m&apos;Web3Auth configuration object&apos;[39m
  },
  keys: {
    clientId: { type: [32m&apos;string&apos;[39m, flags: [36m[Object][39m },
    web3AuthNetwork: { type: [32m&apos;string&apos;[39m, flags: [36m[Object][39m, allow: [36m[Array][39m },
    chainConfig: { type: [32m&apos;object&apos;[39m, flags: [36m[Object][39m, keys: [36m[Object][39m },
    loginConfig: { type: [32m&apos;object&apos;[39m, flags: [36m[Object][39m },
    privateKeyProvider: { type: [32m&apos;any&apos;[39m, flags: [36m[Object][39m }
  }
}
🤖 [MS3-PKG] [DEBUG] 🤖 [MS3-PKG] [DEBUG] 🤖 [MS3-PKG] [DEBUG] 🤖 [MS3-PKG] [DEBUG] 🤖 [MS3-PKG] [DEBUG] 🤖 [MS3-PKG] [DEBUG] 🤖 [MS3-PKG] [DEBUG] 🤖 [MS3-PKG] [DEBUG] 🤖 [MS3-PKG] [DEBUG] 🤖 [MS3-PKG] [DEBUG] 🤖 [MS3-PKG] [DEBUG] 🤖 [MS3-PKG] [DEBUG] 🤖 [MS3-PKG] [DEBUG] 🤖 [MS3-PKG] [DEBUG] 📊 [analyzeJoiSchema] Field web3authConfig: type=object, required=true, message=&quot;Web3Auth configuration object&quot;
🤖 [MS3-PKG] [DEBUG] 🤖 [MS3-PKG] [DEBUG] 🤖 [MS3-PKG] [DEBUG] 🤖 [MS3-PKG] [DEBUG] 🤖 [MS3-PKG] [DEBUG] 🤖 [MS3-PKG] [DEBUG] 🤖 [MS3-PKG] [DEBUG] 🤖 [MS3-PKG] [DEBUG] 🤖 [MS3-PKG] [DEBUG] 🤖 [MS3-PKG] [DEBUG] 🤖 [MS3-PKG] [DEBUG] 🤖 [MS3-PKG] [DEBUG] 🤖 [MS3-PKG] [DEBUG] 🤖 [MS3-PKG] [DEBUG] 🔄 [analyzeJoiSchema] Recursing into nested object: web3authConfig
🤖 [MS3-PKG] [DEBUG] 🤖 [MS3-PKG] [DEBUG] 🤖 [MS3-PKG] [DEBUG] 🤖 [MS3-PKG] [DEBUG] 🤖 [MS3-PKG] [DEBUG] 🤖 [MS3-PKG] [DEBUG] 🤖 [MS3-PKG] [DEBUG] 🤖 [MS3-PKG] [DEBUG] 🤖 [MS3-PKG] [DEBUG] 🤖 [MS3-PKG] [DEBUG] 🤖 [MS3-PKG] [DEBUG] 🤖 [MS3-PKG] [DEBUG] 🤖 [MS3-PKG] [DEBUG] 🤖 [MS3-PKG] [DEBUG] 🔑 [analyzeJoiSchema] Processing field: multiChainRpcs
🤖 [MS3-PKG] [DEBUG] 🤖 [MS3-PKG] [DEBUG] 🤖 [MS3-PKG] [DEBUG] 🤖 [MS3-PKG] [DEBUG] 🤖 [MS3-PKG] [DEBUG] 🤖 [MS3-PKG] [DEBUG] 🤖 [MS3-PKG] [DEBUG] 🤖 [MS3-PKG] [DEBUG] 🤖 [MS3-PKG] [DEBUG] 🤖 [MS3-PKG] [DEBUG] 🤖 [MS3-PKG] [DEBUG] 🤖 [MS3-PKG] [DEBUG] 🤖 [MS3-PKG] [DEBUG] 🤖 [MS3-PKG] [DEBUG] 📝 [analyzeJoiSchema] Field description: {
  type: [32m&apos;object&apos;[39m,
  flags: {
    presence: [32m&apos;optional&apos;[39m,
    description: [32m&apos;Multi-chain RPC configuration - maps chain IDs to RPC URL arrays&apos;[39m
  },
  patterns: [ { schema: [36m[Object][39m, rule: [36m[Object][39m } ]
}
🤖 [MS3-PKG] [DEBUG] 🤖 [MS3-PKG] [DEBUG] 🤖 [MS3-PKG] [DEBUG] 🤖 [MS3-PKG] [DEBUG] 🤖 [MS3-PKG] [DEBUG] 🤖 [MS3-PKG] [DEBUG] 🤖 [MS3-PKG] [DEBUG] 🤖 [MS3-PKG] [DEBUG] 🤖 [MS3-PKG] [DEBUG] 🤖 [MS3-PKG] [DEBUG] 🤖 [MS3-PKG] [DEBUG] 🤖 [MS3-PKG] [DEBUG] 🤖 [MS3-PKG] [DEBUG] 🤖 [MS3-PKG] [DEBUG] 📊 [analyzeJoiSchema] Field multiChainRpcs: type=object, required=false, message=&quot;Multi-chain RPC configuration - maps chain IDs to RPC URL arrays&quot;
🤖 [MS3-PKG] [INFO] 🤖 [MS3-PKG] [INFO] 🤖 [MS3-PKG] [INFO] 🤖 [MS3-PKG] [INFO] 🤖 [MS3-PKG] [INFO] 🤖 [MS3-PKG] [INFO] 🤖 [MS3-PKG] [INFO] 🤖 [MS3-PKG] [INFO] 🤖 [MS3-PKG] [INFO] 🤖 [MS3-PKG] [INFO] 🤖 [MS3-PKG] [INFO] 🤖 [MS3-PKG] [INFO] 🤖 [MS3-PKG] [INFO] 🤖 [MS3-PKG] [INFO] 📊 [analyzeJoiSchema] Generated 14 requirements for options
🤖 [MS3-PKG] [DEBUG] 🤖 [MS3-PKG] [DEBUG] 🤖 [MS3-PKG] [DEBUG] 🤖 [MS3-PKG] [DEBUG] 🤖 [MS3-PKG] [DEBUG] 🤖 [MS3-PKG] [DEBUG] 🤖 [MS3-PKG] [DEBUG] 🤖 [MS3-PKG] [DEBUG] 🤖 [MS3-PKG] [DEBUG] 🤖 [MS3-PKG] [DEBUG] 🤖 [MS3-PKG] [DEBUG] 🤖 [MS3-PKG] [DEBUG] 🤖 [MS3-PKG] [DEBUG] 🤖 [MS3-PKG] [DEBUG] 🔍 [getRequirements] Starting analysis for bulk-test-68
🤖 [MS3-PKG] [DEBUG] 🤖 [MS3-PKG] [DEBUG] 🤖 [MS3-PKG] [DEBUG] 🤖 [MS3-PKG] [DEBUG] 🤖 [MS3-PKG] [DEBUG] 🤖 [MS3-PKG] [DEBUG] 🤖 [MS3-PKG] [DEBUG] 🤖 [MS3-PKG] [DEBUG] 🤖 [MS3-PKG] [DEBUG] 🤖 [MS3-PKG] [DEBUG] 🤖 [MS3-PKG] [DEBUG] 🤖 [MS3-PKG] [DEBUG] 🤖 [MS3-PKG] [DEBUG] 🤖 [MS3-PKG] [DEBUG] 🔬 [analyzeJoiSchema] Analyzing schema at path: options
🤖 [MS3-PKG] [DEBUG] 🤖 [MS3-PKG] [DEBUG] 🤖 [MS3-PKG] [DEBUG] 🤖 [MS3-PKG] [DEBUG] 🤖 [MS3-PKG] [DEBUG] 🤖 [MS3-PKG] [DEBUG] 🤖 [MS3-PKG] [DEBUG] 🤖 [MS3-PKG] [DEBUG] 🤖 [MS3-PKG] [DEBUG] 🤖 [MS3-PKG] [DEBUG] 🤖 [MS3-PKG] [DEBUG] 🤖 [MS3-PKG] [DEBUG] 🤖 [MS3-PKG] [DEBUG] 🤖 [MS3-PKG] [DEBUG] 📋 [analyzeJoiSchema] Schema description type: object
🤖 [MS3-PKG] [DEBUG] 🤖 [MS3-PKG] [DEBUG] 🤖 [MS3-PKG] [DEBUG] 🤖 [MS3-PKG] [DEBUG] 🤖 [MS3-PKG] [DEBUG] 🤖 [MS3-PKG] [DEBUG] 🤖 [MS3-PKG] [DEBUG] 🤖 [MS3-PKG] [DEBUG] 🤖 [MS3-PKG] [DEBUG] 🤖 [MS3-PKG] [DEBUG] 🤖 [MS3-PKG] [DEBUG] 🤖 [MS3-PKG] [DEBUG] 🤖 [MS3-PKG] [DEBUG] 🤖 [MS3-PKG] [DEBUG] 📋 [analyzeJoiSchema] Schema keys: [ [32m&apos;privateKey&apos;[39m, [32m&apos;provider&apos;[39m, [32m&apos;multiChainRpcs&apos;[39m ]
🤖 [MS3-PKG] [DEBUG] 🤖 [MS3-PKG] [DEBUG] 🤖 [MS3-PKG] [DEBUG] 🤖 [MS3-PKG] [DEBUG] 🤖 [MS3-PKG] [DEBUG] 🤖 [MS3-PKG] [DEBUG] 🤖 [MS3-PKG] [DEBUG] 🤖 [MS3-PKG] [DEBUG] 🤖 [MS3-PKG] [DEBUG] 🤖 [MS3-PKG] [DEBUG] 🤖 [MS3-PKG] [DEBUG] 🤖 [MS3-PKG] [DEBUG] 🤖 [MS3-PKG] [DEBUG] 🤖 [MS3-PKG] [DEBUG] ✅ [analyzeJoiSchema] Processing object schema with 3 keys
🤖 [MS3-PKG] [DEBUG] 🤖 [MS3-PKG] [DEBUG] 🤖 [MS3-PKG] [DEBUG] 🤖 [MS3-PKG] [DEBUG] 🤖 [MS3-PKG] [DEBUG] 🤖 [MS3-PKG] [DEBUG] 🤖 [MS3-PKG] [DEBUG] 🤖 [MS3-PKG] [DEBUG] 🤖 [MS3-PKG] [DEBUG] 🤖 [MS3-PKG] [DEBUG] 🤖 [MS3-PKG] [DEBUG] 🤖 [MS3-PKG] [DEBUG] 🤖 [MS3-PKG] [DEBUG] 🤖 [MS3-PKG] [DEBUG] 🔑 [analyzeJoiSchema] Processing field: privateKey
🤖 [MS3-PKG] [DEBUG] 🤖 [MS3-PKG] [DEBUG] 🤖 [MS3-PKG] [DEBUG] 🤖 [MS3-PKG] [DEBUG] 🤖 [MS3-PKG] [DEBUG] 🤖 [MS3-PKG] [DEBUG] 🤖 [MS3-PKG] [DEBUG] 🤖 [MS3-PKG] [DEBUG] 🤖 [MS3-PKG] [DEBUG] 🤖 [MS3-PKG] [DEBUG] 🤖 [MS3-PKG] [DEBUG] 🤖 [MS3-PKG] [DEBUG] 🤖 [MS3-PKG] [DEBUG] 🤖 [MS3-PKG] [DEBUG] 📝 [analyzeJoiSchema] Field description: {
  type: [32m&apos;string&apos;[39m,
  flags: {
    presence: [32m&apos;required&apos;[39m,
    description: [32m&apos;Private key for wallet (generates random if not provided)&apos;[39m
  },
  rules: [ { name: [32m&apos;pattern&apos;[39m, args: [36m[Object][39m } ]
}
🤖 [MS3-PKG] [DEBUG] 🤖 [MS3-PKG] [DEBUG] 🤖 [MS3-PKG] [DEBUG] 🤖 [MS3-PKG] [DEBUG] 🤖 [MS3-PKG] [DEBUG] 🤖 [MS3-PKG] [DEBUG] 🤖 [MS3-PKG] [DEBUG] 🤖 [MS3-PKG] [DEBUG] 🤖 [MS3-PKG] [DEBUG] 🤖 [MS3-PKG] [DEBUG] 🤖 [MS3-PKG] [DEBUG] 🤖 [MS3-PKG] [DEBUG] 🤖 [MS3-PKG] [DEBUG] 🤖 [MS3-PKG] [DEBUG] 📊 [analyzeJoiSchema] Field privateKey: type=string, required=true, message=&quot;Private key for wallet (generates random if not provided)&quot;
🤖 [MS3-PKG] [DEBUG] 🤖 [MS3-PKG] [DEBUG] 🤖 [MS3-PKG] [DEBUG] 🤖 [MS3-PKG] [DEBUG] 🤖 [MS3-PKG] [DEBUG] 🤖 [MS3-PKG] [DEBUG] 🤖 [MS3-PKG] [DEBUG] 🤖 [MS3-PKG] [DEBUG] 🤖 [MS3-PKG] [DEBUG] 🤖 [MS3-PKG] [DEBUG] 🤖 [MS3-PKG] [DEBUG] 🤖 [MS3-PKG] [DEBUG] 🤖 [MS3-PKG] [DEBUG] 🤖 [MS3-PKG] [DEBUG] 🔑 [analyzeJoiSchema] Processing field: provider
🤖 [MS3-PKG] [DEBUG] 🤖 [MS3-PKG] [DEBUG] 🤖 [MS3-PKG] [DEBUG] 🤖 [MS3-PKG] [DEBUG] 🤖 [MS3-PKG] [DEBUG] 🤖 [MS3-PKG] [DEBUG] 🤖 [MS3-PKG] [DEBUG] 🤖 [MS3-PKG] [DEBUG] 🤖 [MS3-PKG] [DEBUG] 🤖 [MS3-PKG] [DEBUG] 🤖 [MS3-PKG] [DEBUG] 🤖 [MS3-PKG] [DEBUG] 🤖 [MS3-PKG] [DEBUG] 🤖 [MS3-PKG] [DEBUG] 📝 [analyzeJoiSchema] Field description: {
  type: [32m&apos;object&apos;[39m,
  flags: {
    presence: [32m&apos;optional&apos;[39m,
    description: [32m&apos;Optional provider configuration&apos;[39m
  },
  keys: {
    name: { type: [32m&apos;string&apos;[39m, flags: [36m[Object][39m },
    chainId: { type: [32m&apos;string&apos;[39m, flags: [36m[Object][39m, rules: [36m[Array][39m },
    rpcUrls: { type: [32m&apos;array&apos;[39m, flags: [36m[Object][39m, rules: [36m[Array][39m, items: [36m[Array][39m },
    displayName: { type: [32m&apos;string&apos;[39m, flags: [36m[Object][39m }
  }
}
🤖 [MS3-PKG] [DEBUG] 🤖 [MS3-PKG] [DEBUG] 🤖 [MS3-PKG] [DEBUG] 🤖 [MS3-PKG] [DEBUG] 🤖 [MS3-PKG] [DEBUG] 🤖 [MS3-PKG] [DEBUG] 🤖 [MS3-PKG] [DEBUG] 🤖 [MS3-PKG] [DEBUG] 🤖 [MS3-PKG] [DEBUG] 🤖 [MS3-PKG] [DEBUG] 🤖 [MS3-PKG] [DEBUG] 🤖 [MS3-PKG] [DEBUG] 🤖 [MS3-PKG] [DEBUG] 🤖 [MS3-PKG] [DEBUG] 📊 [analyzeJoiSchema] Field provider: type=object, required=false, message=&quot;Optional provider configuration&quot;
🤖 [MS3-PKG] [DEBUG] 🤖 [MS3-PKG] [DEBUG] 🤖 [MS3-PKG] [DEBUG] 🤖 [MS3-PKG] [DEBUG] 🤖 [MS3-PKG] [DEBUG] 🤖 [MS3-PKG] [DEBUG] 🤖 [MS3-PKG] [DEBUG] 🤖 [MS3-PKG] [DEBUG] 🤖 [MS3-PKG] [DEBUG] 🤖 [MS3-PKG] [DEBUG] 🤖 [MS3-PKG] [DEBUG] 🤖 [MS3-PKG] [DEBUG] 🤖 [MS3-PKG] [DEBUG] 🤖 [MS3-PKG] [DEBUG] 🔄 [analyzeJoiSchema] Recursing into nested object: provider
🤖 [MS3-PKG] [DEBUG] 🤖 [MS3-PKG] [DEBUG] 🤖 [MS3-PKG] [DEBUG] 🤖 [MS3-PKG] [DEBUG] 🤖 [MS3-PKG] [DEBUG] 🤖 [MS3-PKG] [DEBUG] 🤖 [MS3-PKG] [DEBUG] 🤖 [MS3-PKG] [DEBUG] 🤖 [MS3-PKG] [DEBUG] 🤖 [MS3-PKG] [DEBUG] 🤖 [MS3-PKG] [DEBUG] 🤖 [MS3-PKG] [DEBUG] 🤖 [MS3-PKG] [DEBUG] 🤖 [MS3-PKG] [DEBUG] 🔑 [analyzeJoiSchema] Processing field: multiChainRpcs
🤖 [MS3-PKG] [DEBUG] 🤖 [MS3-PKG] [DEBUG] 🤖 [MS3-PKG] [DEBUG] 🤖 [MS3-PKG] [DEBUG] 🤖 [MS3-PKG] [DEBUG] 🤖 [MS3-PKG] [DEBUG] 🤖 [MS3-PKG] [DEBUG] 🤖 [MS3-PKG] [DEBUG] 🤖 [MS3-PKG] [DEBUG] 🤖 [MS3-PKG] [DEBUG] 🤖 [MS3-PKG] [DEBUG] 🤖 [MS3-PKG] [DEBUG] 🤖 [MS3-PKG] [DEBUG] 🤖 [MS3-PKG] [DEBUG] 📝 [analyzeJoiSchema] Field description: {
  type: [32m&apos;object&apos;[39m,
  flags: {
    presence: [32m&apos;optional&apos;[39m,
    description: [32m&apos;Multi-chain RPC configuration - maps chain IDs to RPC URL arrays&apos;[39m
  },
  patterns: [ { schema: [36m[Object][39m, rule: [36m[Object][39m } ]
}
🤖 [MS3-PKG] [DEBUG] 🤖 [MS3-PKG] [DEBUG] 🤖 [MS3-PKG] [DEBUG] 🤖 [MS3-PKG] [DEBUG] 🤖 [MS3-PKG] [DEBUG] 🤖 [MS3-PKG] [DEBUG] 🤖 [MS3-PKG] [DEBUG] 🤖 [MS3-PKG] [DEBUG] 🤖 [MS3-PKG] [DEBUG] 🤖 [MS3-PKG] [DEBUG] 🤖 [MS3-PKG] [DEBUG] 🤖 [MS3-PKG] [DEBUG] 🤖 [MS3-PKG] [DEBUG] 🤖 [MS3-PKG] [DEBUG] 📊 [analyzeJoiSchema] Field multiChainRpcs: type=object, required=false, message=&quot;Multi-chain RPC configuration - maps chain IDs to RPC URL arrays&quot;
🤖 [MS3-PKG] [INFO] 🤖 [MS3-PKG] [INFO] 🤖 [MS3-PKG] [INFO] 🤖 [MS3-PKG] [INFO] 🤖 [MS3-PKG] [INFO] 🤖 [MS3-PKG] [INFO] 🤖 [MS3-PKG] [INFO] 🤖 [MS3-PKG] [INFO] 🤖 [MS3-PKG] [INFO] 🤖 [MS3-PKG] [INFO] 🤖 [MS3-PKG] [INFO] 🤖 [MS3-PKG] [INFO] 🤖 [MS3-PKG] [INFO] 🤖 [MS3-PKG] [INFO] 📊 [analyzeJoiSchema] Generated 7 requirements for options
🤖 [MS3-PKG] [DEBUG] 🤖 [MS3-PKG] [DEBUG] 🤖 [MS3-PKG] [DEBUG] 🤖 [MS3-PKG] [DEBUG] 🤖 [MS3-PKG] [DEBUG] 🤖 [MS3-PKG] [DEBUG] 🤖 [MS3-PKG] [DEBUG] 🤖 [MS3-PKG] [DEBUG] 🤖 [MS3-PKG] [DEBUG] 🤖 [MS3-PKG] [DEBUG] 🤖 [MS3-PKG] [DEBUG] 🤖 [MS3-PKG] [DEBUG] 🤖 [MS3-PKG] [DEBUG] 🤖 [MS3-PKG] [DEBUG] 🔍 [getRequirements] Starting analysis for bulk-test-68
🤖 [MS3-PKG] [DEBUG] 🤖 [MS3-PKG] [DEBUG] 🤖 [MS3-PKG] [DEBUG] 🤖 [MS3-PKG] [DEBUG] 🤖 [MS3-PKG] [DEBUG] 🤖 [MS3-PKG] [DEBUG] 🤖 [MS3-PKG] [DEBUG] 🤖 [MS3-PKG] [DEBUG] 🤖 [MS3-PKG] [DEBUG] 🤖 [MS3-PKG] [DEBUG] 🤖 [MS3-PKG] [DEBUG] 🤖 [MS3-PKG] [DEBUG] 🤖 [MS3-PKG] [DEBUG] 🤖 [MS3-PKG] [DEBUG] 🔬 [analyzeJoiSchema] Analyzing schema at path: options
🤖 [MS3-PKG] [DEBUG] 🤖 [MS3-PKG] [DEBUG] 🤖 [MS3-PKG] [DEBUG] 🤖 [MS3-PKG] [DEBUG] 🤖 [MS3-PKG] [DEBUG] 🤖 [MS3-PKG] [DEBUG] 🤖 [MS3-PKG] [DEBUG] 🤖 [MS3-PKG] [DEBUG] 🤖 [MS3-PKG] [DEBUG] 🤖 [MS3-PKG] [DEBUG] 🤖 [MS3-PKG] [DEBUG] 🤖 [MS3-PKG] [DEBUG] 🤖 [MS3-PKG] [DEBUG] 🤖 [MS3-PKG] [DEBUG] 📋 [analyzeJoiSchema] Schema description type: object
🤖 [MS3-PKG] [DEBUG] 🤖 [MS3-PKG] [DEBUG] 🤖 [MS3-PKG] [DEBUG] 🤖 [MS3-PKG] [DEBUG] 🤖 [MS3-PKG] [DEBUG] 🤖 [MS3-PKG] [DEBUG] 🤖 [MS3-PKG] [DEBUG] 🤖 [MS3-PKG] [DEBUG] 🤖 [MS3-PKG] [DEBUG] 🤖 [MS3-PKG] [DEBUG] 🤖 [MS3-PKG] [DEBUG] 🤖 [MS3-PKG] [DEBUG] 🤖 [MS3-PKG] [DEBUG] 🤖 [MS3-PKG] [DEBUG] 📋 [analyzeJoiSchema] Schema keys: [ [32m&apos;web3authConfig&apos;[39m, [32m&apos;multiChainRpcs&apos;[39m ]
🤖 [MS3-PKG] [DEBUG] 🤖 [MS3-PKG] [DEBUG] 🤖 [MS3-PKG] [DEBUG] 🤖 [MS3-PKG] [DEBUG] 🤖 [MS3-PKG] [DEBUG] 🤖 [MS3-PKG] [DEBUG] 🤖 [MS3-PKG] [DEBUG] 🤖 [MS3-PKG] [DEBUG] 🤖 [MS3-PKG] [DEBUG] 🤖 [MS3-PKG] [DEBUG] 🤖 [MS3-PKG] [DEBUG] 🤖 [MS3-PKG] [DEBUG] 🤖 [MS3-PKG] [DEBUG] 🤖 [MS3-PKG] [DEBUG] ✅ [analyzeJoiSchema] Processing object schema with 2 keys
🤖 [MS3-PKG] [DEBUG] 🤖 [MS3-PKG] [DEBUG] 🤖 [MS3-PKG] [DEBUG] 🤖 [MS3-PKG] [DEBUG] 🤖 [MS3-PKG] [DEBUG] 🤖 [MS3-PKG] [DEBUG] 🤖 [MS3-PKG] [DEBUG] 🤖 [MS3-PKG] [DEBUG] 🤖 [MS3-PKG] [DEBUG] 🤖 [MS3-PKG] [DEBUG] 🤖 [MS3-PKG] [DEBUG] 🤖 [MS3-PKG] [DEBUG] 🤖 [MS3-PKG] [DEBUG] 🤖 [MS3-PKG] [DEBUG] 🔑 [analyzeJoiSchema] Processing field: web3authConfig
🤖 [MS3-PKG] [DEBUG] 🤖 [MS3-PKG] [DEBUG] 🤖 [MS3-PKG] [DEBUG] 🤖 [MS3-PKG] [DEBUG] 🤖 [MS3-PKG] [DEBUG] 🤖 [MS3-PKG] [DEBUG] 🤖 [MS3-PKG] [DEBUG] 🤖 [MS3-PKG] [DEBUG] 🤖 [MS3-PKG] [DEBUG] 🤖 [MS3-PKG] [DEBUG] 🤖 [MS3-PKG] [DEBUG] 🤖 [MS3-PKG] [DEBUG] 🤖 [MS3-PKG] [DEBUG] 🤖 [MS3-PKG] [DEBUG] 📝 [analyzeJoiSchema] Field description: {
  type: [32m&apos;object&apos;[39m,
  flags: {
    presence: [32m&apos;required&apos;[39m,
    description: [32m&apos;Web3Auth configuration object&apos;[39m
  },
  keys: {
    clientId: { type: [32m&apos;string&apos;[39m, flags: [36m[Object][39m },
    web3AuthNetwork: { type: [32m&apos;string&apos;[39m, flags: [36m[Object][39m, allow: [36m[Array][39m },
    chainConfig: { type: [32m&apos;object&apos;[39m, flags: [36m[Object][39m, keys: [36m[Object][39m },
    loginConfig: { type: [32m&apos;object&apos;[39m, flags: [36m[Object][39m },
    privateKeyProvider: { type: [32m&apos;any&apos;[39m, flags: [36m[Object][39m }
  }
}
🤖 [MS3-PKG] [DEBUG] 🤖 [MS3-PKG] [DEBUG] 🤖 [MS3-PKG] [DEBUG] 🤖 [MS3-PKG] [DEBUG] 🤖 [MS3-PKG] [DEBUG] 🤖 [MS3-PKG] [DEBUG] 🤖 [MS3-PKG] [DEBUG] 🤖 [MS3-PKG] [DEBUG] 🤖 [MS3-PKG] [DEBUG] 🤖 [MS3-PKG] [DEBUG] 🤖 [MS3-PKG] [DEBUG] 🤖 [MS3-PKG] [DEBUG] 🤖 [MS3-PKG] [DEBUG] 🤖 [MS3-PKG] [DEBUG] 📊 [analyzeJoiSchema] Field web3authConfig: type=object, required=true, message=&quot;Web3Auth configuration object&quot;
🤖 [MS3-PKG] [DEBUG] 🤖 [MS3-PKG] [DEBUG] 🤖 [MS3-PKG] [DEBUG] 🤖 [MS3-PKG] [DEBUG] 🤖 [MS3-PKG] [DEBUG] 🤖 [MS3-PKG] [DEBUG] 🤖 [MS3-PKG] [DEBUG] 🤖 [MS3-PKG] [DEBUG] 🤖 [MS3-PKG] [DEBUG] 🤖 [MS3-PKG] [DEBUG] 🤖 [MS3-PKG] [DEBUG] 🤖 [MS3-PKG] [DEBUG] 🤖 [MS3-PKG] [DEBUG] 🤖 [MS3-PKG] [DEBUG] 🔄 [analyzeJoiSchema] Recursing into nested object: web3authConfig
🤖 [MS3-PKG] [DEBUG] 🤖 [MS3-PKG] [DEBUG] 🤖 [MS3-PKG] [DEBUG] 🤖 [MS3-PKG] [DEBUG] 🤖 [MS3-PKG] [DEBUG] 🤖 [MS3-PKG] [DEBUG] 🤖 [MS3-PKG] [DEBUG] 🤖 [MS3-PKG] [DEBUG] 🤖 [MS3-PKG] [DEBUG] 🤖 [MS3-PKG] [DEBUG] 🤖 [MS3-PKG] [DEBUG] 🤖 [MS3-PKG] [DEBUG] 🤖 [MS3-PKG] [DEBUG] 🤖 [MS3-PKG] [DEBUG] 🔑 [analyzeJoiSchema] Processing field: multiChainRpcs
🤖 [MS3-PKG] [DEBUG] 🤖 [MS3-PKG] [DEBUG] 🤖 [MS3-PKG] [DEBUG] 🤖 [MS3-PKG] [DEBUG] 🤖 [MS3-PKG] [DEBUG] 🤖 [MS3-PKG] [DEBUG] 🤖 [MS3-PKG] [DEBUG] 🤖 [MS3-PKG] [DEBUG] 🤖 [MS3-PKG] [DEBUG] 🤖 [MS3-PKG] [DEBUG] 🤖 [MS3-PKG] [DEBUG] 🤖 [MS3-PKG] [DEBUG] 🤖 [MS3-PKG] [DEBUG] 🤖 [MS3-PKG] [DEBUG] 📝 [analyzeJoiSchema] Field description: {
  type: [32m&apos;object&apos;[39m,
  flags: {
    presence: [32m&apos;optional&apos;[39m,
    description: [32m&apos;Multi-chain RPC configuration - maps chain IDs to RPC URL arrays&apos;[39m
  },
  patterns: [ { schema: [36m[Object][39m, rule: [36m[Object][39m } ]
}
🤖 [MS3-PKG] [DEBUG] 🤖 [MS3-PKG] [DEBUG] 🤖 [MS3-PKG] [DEBUG] 🤖 [MS3-PKG] [DEBUG] 🤖 [MS3-PKG] [DEBUG] 🤖 [MS3-PKG] [DEBUG] 🤖 [MS3-PKG] [DEBUG] 🤖 [MS3-PKG] [DEBUG] 🤖 [MS3-PKG] [DEBUG] 🤖 [MS3-PKG] [DEBUG] 🤖 [MS3-PKG] [DEBUG] 🤖 [MS3-PKG] [DEBUG] 🤖 [MS3-PKG] [DEBUG] 🤖 [MS3-PKG] [DEBUG] 📊 [analyzeJoiSchema] Field multiChainRpcs: type=object, required=false, message=&quot;Multi-chain RPC configuration - maps chain IDs to RPC URL arrays&quot;
🤖 [MS3-PKG] [INFO] 🤖 [MS3-PKG] [INFO] 🤖 [MS3-PKG] [INFO] 🤖 [MS3-PKG] [INFO] 🤖 [MS3-PKG] [INFO] 🤖 [MS3-PKG] [INFO] 🤖 [MS3-PKG] [INFO] 🤖 [MS3-PKG] [INFO] 🤖 [MS3-PKG] [INFO] 🤖 [MS3-PKG] [INFO] 🤖 [MS3-PKG] [INFO] 🤖 [MS3-PKG] [INFO] 🤖 [MS3-PKG] [INFO] 🤖 [MS3-PKG] [INFO] 📊 [analyzeJoiSchema] Generated 14 requirements for options
🤖 [MS3-PKG] [DEBUG] 🤖 [MS3-PKG] [DEBUG] 🤖 [MS3-PKG] [DEBUG] 🤖 [MS3-PKG] [DEBUG] 🤖 [MS3-PKG] [DEBUG] 🤖 [MS3-PKG] [DEBUG] 🤖 [MS3-PKG] [DEBUG] 🤖 [MS3-PKG] [DEBUG] 🤖 [MS3-PKG] [DEBUG] 🤖 [MS3-PKG] [DEBUG] 🤖 [MS3-PKG] [DEBUG] 🤖 [MS3-PKG] [DEBUG] 🤖 [MS3-PKG] [DEBUG] 🤖 [MS3-PKG] [DEBUG] 🔍 [getRequirements] Starting analysis for bulk-test-69
🤖 [MS3-PKG] [DEBUG] 🤖 [MS3-PKG] [DEBUG] 🤖 [MS3-PKG] [DEBUG] 🤖 [MS3-PKG] [DEBUG] 🤖 [MS3-PKG] [DEBUG] 🤖 [MS3-PKG] [DEBUG] 🤖 [MS3-PKG] [DEBUG] 🤖 [MS3-PKG] [DEBUG] 🤖 [MS3-PKG] [DEBUG] 🤖 [MS3-PKG] [DEBUG] 🤖 [MS3-PKG] [DEBUG] 🤖 [MS3-PKG] [DEBUG] 🤖 [MS3-PKG] [DEBUG] 🤖 [MS3-PKG] [DEBUG] 🔬 [analyzeJoiSchema] Analyzing schema at path: options
🤖 [MS3-PKG] [DEBUG] 🤖 [MS3-PKG] [DEBUG] 🤖 [MS3-PKG] [DEBUG] 🤖 [MS3-PKG] [DEBUG] 🤖 [MS3-PKG] [DEBUG] 🤖 [MS3-PKG] [DEBUG] 🤖 [MS3-PKG] [DEBUG] 🤖 [MS3-PKG] [DEBUG] 🤖 [MS3-PKG] [DEBUG] 🤖 [MS3-PKG] [DEBUG] 🤖 [MS3-PKG] [DEBUG] 🤖 [MS3-PKG] [DEBUG] 🤖 [MS3-PKG] [DEBUG] 🤖 [MS3-PKG] [DEBUG] 📋 [analyzeJoiSchema] Schema description type: object
🤖 [MS3-PKG] [DEBUG] 🤖 [MS3-PKG] [DEBUG] 🤖 [MS3-PKG] [DEBUG] 🤖 [MS3-PKG] [DEBUG] 🤖 [MS3-PKG] [DEBUG] 🤖 [MS3-PKG] [DEBUG] 🤖 [MS3-PKG] [DEBUG] 🤖 [MS3-PKG] [DEBUG] 🤖 [MS3-PKG] [DEBUG] 🤖 [MS3-PKG] [DEBUG] 🤖 [MS3-PKG] [DEBUG] 🤖 [MS3-PKG] [DEBUG] 🤖 [MS3-PKG] [DEBUG] 🤖 [MS3-PKG] [DEBUG] 📋 [analyzeJoiSchema] Schema keys: [ [32m&apos;privateKey&apos;[39m, [32m&apos;provider&apos;[39m, [32m&apos;multiChainRpcs&apos;[39m ]
🤖 [MS3-PKG] [DEBUG] 🤖 [MS3-PKG] [DEBUG] 🤖 [MS3-PKG] [DEBUG] 🤖 [MS3-PKG] [DEBUG] 🤖 [MS3-PKG] [DEBUG] 🤖 [MS3-PKG] [DEBUG] 🤖 [MS3-PKG] [DEBUG] 🤖 [MS3-PKG] [DEBUG] 🤖 [MS3-PKG] [DEBUG] 🤖 [MS3-PKG] [DEBUG] 🤖 [MS3-PKG] [DEBUG] 🤖 [MS3-PKG] [DEBUG] 🤖 [MS3-PKG] [DEBUG] 🤖 [MS3-PKG] [DEBUG] ✅ [analyzeJoiSchema] Processing object schema with 3 keys
🤖 [MS3-PKG] [DEBUG] 🤖 [MS3-PKG] [DEBUG] 🤖 [MS3-PKG] [DEBUG] 🤖 [MS3-PKG] [DEBUG] 🤖 [MS3-PKG] [DEBUG] 🤖 [MS3-PKG] [DEBUG] 🤖 [MS3-PKG] [DEBUG] 🤖 [MS3-PKG] [DEBUG] 🤖 [MS3-PKG] [DEBUG] 🤖 [MS3-PKG] [DEBUG] 🤖 [MS3-PKG] [DEBUG] 🤖 [MS3-PKG] [DEBUG] 🤖 [MS3-PKG] [DEBUG] 🤖 [MS3-PKG] [DEBUG] 🔑 [analyzeJoiSchema] Processing field: privateKey
🤖 [MS3-PKG] [DEBUG] 🤖 [MS3-PKG] [DEBUG] 🤖 [MS3-PKG] [DEBUG] 🤖 [MS3-PKG] [DEBUG] 🤖 [MS3-PKG] [DEBUG] 🤖 [MS3-PKG] [DEBUG] 🤖 [MS3-PKG] [DEBUG] 🤖 [MS3-PKG] [DEBUG] 🤖 [MS3-PKG] [DEBUG] 🤖 [MS3-PKG] [DEBUG] 🤖 [MS3-PKG] [DEBUG] 🤖 [MS3-PKG] [DEBUG] 🤖 [MS3-PKG] [DEBUG] 🤖 [MS3-PKG] [DEBUG] 📝 [analyzeJoiSchema] Field description: {
  type: [32m&apos;string&apos;[39m,
  flags: {
    presence: [32m&apos;required&apos;[39m,
    description: [32m&apos;Private key for wallet (generates random if not provided)&apos;[39m
  },
  rules: [ { name: [32m&apos;pattern&apos;[39m, args: [36m[Object][39m } ]
}
🤖 [MS3-PKG] [DEBUG] 🤖 [MS3-PKG] [DEBUG] 🤖 [MS3-PKG] [DEBUG] 🤖 [MS3-PKG] [DEBUG] 🤖 [MS3-PKG] [DEBUG] 🤖 [MS3-PKG] [DEBUG] 🤖 [MS3-PKG] [DEBUG] 🤖 [MS3-PKG] [DEBUG] 🤖 [MS3-PKG] [DEBUG] 🤖 [MS3-PKG] [DEBUG] 🤖 [MS3-PKG] [DEBUG] 🤖 [MS3-PKG] [DEBUG] 🤖 [MS3-PKG] [DEBUG] 🤖 [MS3-PKG] [DEBUG] 📊 [analyzeJoiSchema] Field privateKey: type=string, required=true, message=&quot;Private key for wallet (generates random if not provided)&quot;
🤖 [MS3-PKG] [DEBUG] 🤖 [MS3-PKG] [DEBUG] 🤖 [MS3-PKG] [DEBUG] 🤖 [MS3-PKG] [DEBUG] 🤖 [MS3-PKG] [DEBUG] 🤖 [MS3-PKG] [DEBUG] 🤖 [MS3-PKG] [DEBUG] 🤖 [MS3-PKG] [DEBUG] 🤖 [MS3-PKG] [DEBUG] 🤖 [MS3-PKG] [DEBUG] 🤖 [MS3-PKG] [DEBUG] 🤖 [MS3-PKG] [DEBUG] 🤖 [MS3-PKG] [DEBUG] 🤖 [MS3-PKG] [DEBUG] 🔑 [analyzeJoiSchema] Processing field: provider
🤖 [MS3-PKG] [DEBUG] 🤖 [MS3-PKG] [DEBUG] 🤖 [MS3-PKG] [DEBUG] 🤖 [MS3-PKG] [DEBUG] 🤖 [MS3-PKG] [DEBUG] 🤖 [MS3-PKG] [DEBUG] 🤖 [MS3-PKG] [DEBUG] 🤖 [MS3-PKG] [DEBUG] 🤖 [MS3-PKG] [DEBUG] 🤖 [MS3-PKG] [DEBUG] 🤖 [MS3-PKG] [DEBUG] 🤖 [MS3-PKG] [DEBUG] 🤖 [MS3-PKG] [DEBUG] 🤖 [MS3-PKG] [DEBUG] 📝 [analyzeJoiSchema] Field description: {
  type: [32m&apos;object&apos;[39m,
  flags: {
    presence: [32m&apos;optional&apos;[39m,
    description: [32m&apos;Optional provider configuration&apos;[39m
  },
  keys: {
    name: { type: [32m&apos;string&apos;[39m, flags: [36m[Object][39m },
    chainId: { type: [32m&apos;string&apos;[39m, flags: [36m[Object][39m, rules: [36m[Array][39m },
    rpcUrls: { type: [32m&apos;array&apos;[39m, flags: [36m[Object][39m, rules: [36m[Array][39m, items: [36m[Array][39m },
    displayName: { type: [32m&apos;string&apos;[39m, flags: [36m[Object][39m }
  }
}
🤖 [MS3-PKG] [DEBUG] 🤖 [MS3-PKG] [DEBUG] 🤖 [MS3-PKG] [DEBUG] 🤖 [MS3-PKG] [DEBUG] 🤖 [MS3-PKG] [DEBUG] 🤖 [MS3-PKG] [DEBUG] 🤖 [MS3-PKG] [DEBUG] 🤖 [MS3-PKG] [DEBUG] 🤖 [MS3-PKG] [DEBUG] 🤖 [MS3-PKG] [DEBUG] 🤖 [MS3-PKG] [DEBUG] 🤖 [MS3-PKG] [DEBUG] 🤖 [MS3-PKG] [DEBUG] 🤖 [MS3-PKG] [DEBUG] 📊 [analyzeJoiSchema] Field provider: type=object, required=false, message=&quot;Optional provider configuration&quot;
🤖 [MS3-PKG] [DEBUG] 🤖 [MS3-PKG] [DEBUG] 🤖 [MS3-PKG] [DEBUG] 🤖 [MS3-PKG] [DEBUG] 🤖 [MS3-PKG] [DEBUG] 🤖 [MS3-PKG] [DEBUG] 🤖 [MS3-PKG] [DEBUG] 🤖 [MS3-PKG] [DEBUG] 🤖 [MS3-PKG] [DEBUG] 🤖 [MS3-PKG] [DEBUG] 🤖 [MS3-PKG] [DEBUG] 🤖 [MS3-PKG] [DEBUG] 🤖 [MS3-PKG] [DEBUG] 🤖 [MS3-PKG] [DEBUG] 🔄 [analyzeJoiSchema] Recursing into nested object: provider
🤖 [MS3-PKG] [DEBUG] 🤖 [MS3-PKG] [DEBUG] 🤖 [MS3-PKG] [DEBUG] 🤖 [MS3-PKG] [DEBUG] 🤖 [MS3-PKG] [DEBUG] 🤖 [MS3-PKG] [DEBUG] 🤖 [MS3-PKG] [DEBUG] 🤖 [MS3-PKG] [DEBUG] 🤖 [MS3-PKG] [DEBUG] 🤖 [MS3-PKG] [DEBUG] 🤖 [MS3-PKG] [DEBUG] 🤖 [MS3-PKG] [DEBUG] 🤖 [MS3-PKG] [DEBUG] 🤖 [MS3-PKG] [DEBUG] 🔑 [analyzeJoiSchema] Processing field: multiChainRpcs
🤖 [MS3-PKG] [DEBUG] 🤖 [MS3-PKG] [DEBUG] 🤖 [MS3-PKG] [DEBUG] 🤖 [MS3-PKG] [DEBUG] 🤖 [MS3-PKG] [DEBUG] 🤖 [MS3-PKG] [DEBUG] 🤖 [MS3-PKG] [DEBUG] 🤖 [MS3-PKG] [DEBUG] 🤖 [MS3-PKG] [DEBUG] 🤖 [MS3-PKG] [DEBUG] 🤖 [MS3-PKG] [DEBUG] 🤖 [MS3-PKG] [DEBUG] 🤖 [MS3-PKG] [DEBUG] 🤖 [MS3-PKG] [DEBUG] 📝 [analyzeJoiSchema] Field description: {
  type: [32m&apos;object&apos;[39m,
  flags: {
    presence: [32m&apos;optional&apos;[39m,
    description: [32m&apos;Multi-chain RPC configuration - maps chain IDs to RPC URL arrays&apos;[39m
  },
  patterns: [ { schema: [36m[Object][39m, rule: [36m[Object][39m } ]
}
🤖 [MS3-PKG] [DEBUG] 🤖 [MS3-PKG] [DEBUG] 🤖 [MS3-PKG] [DEBUG] 🤖 [MS3-PKG] [DEBUG] 🤖 [MS3-PKG] [DEBUG] 🤖 [MS3-PKG] [DEBUG] 🤖 [MS3-PKG] [DEBUG] 🤖 [MS3-PKG] [DEBUG] 🤖 [MS3-PKG] [DEBUG] 🤖 [MS3-PKG] [DEBUG] 🤖 [MS3-PKG] [DEBUG] 🤖 [MS3-PKG] [DEBUG] 🤖 [MS3-PKG] [DEBUG] 🤖 [MS3-PKG] [DEBUG] 📊 [analyzeJoiSchema] Field multiChainRpcs: type=object, required=false, message=&quot;Multi-chain RPC configuration - maps chain IDs to RPC URL arrays&quot;
🤖 [MS3-PKG] [INFO] 🤖 [MS3-PKG] [INFO] 🤖 [MS3-PKG] [INFO] 🤖 [MS3-PKG] [INFO] 🤖 [MS3-PKG] [INFO] 🤖 [MS3-PKG] [INFO] 🤖 [MS3-PKG] [INFO] 🤖 [MS3-PKG] [INFO] 🤖 [MS3-PKG] [INFO] 🤖 [MS3-PKG] [INFO] 🤖 [MS3-PKG] [INFO] 🤖 [MS3-PKG] [INFO] 🤖 [MS3-PKG] [INFO] 🤖 [MS3-PKG] [INFO] 📊 [analyzeJoiSchema] Generated 7 requirements for options
🤖 [MS3-PKG] [DEBUG] 🤖 [MS3-PKG] [DEBUG] 🤖 [MS3-PKG] [DEBUG] 🤖 [MS3-PKG] [DEBUG] 🤖 [MS3-PKG] [DEBUG] 🤖 [MS3-PKG] [DEBUG] 🤖 [MS3-PKG] [DEBUG] 🤖 [MS3-PKG] [DEBUG] 🤖 [MS3-PKG] [DEBUG] 🤖 [MS3-PKG] [DEBUG] 🤖 [MS3-PKG] [DEBUG] 🤖 [MS3-PKG] [DEBUG] 🤖 [MS3-PKG] [DEBUG] 🤖 [MS3-PKG] [DEBUG] 🔍 [getRequirements] Starting analysis for bulk-test-69
🤖 [MS3-PKG] [DEBUG] 🤖 [MS3-PKG] [DEBUG] 🤖 [MS3-PKG] [DEBUG] 🤖 [MS3-PKG] [DEBUG] 🤖 [MS3-PKG] [DEBUG] 🤖 [MS3-PKG] [DEBUG] 🤖 [MS3-PKG] [DEBUG] 🤖 [MS3-PKG] [DEBUG] 🤖 [MS3-PKG] [DEBUG] 🤖 [MS3-PKG] [DEBUG] 🤖 [MS3-PKG] [DEBUG] 🤖 [MS3-PKG] [DEBUG] 🤖 [MS3-PKG] [DEBUG] 🤖 [MS3-PKG] [DEBUG] 🔬 [analyzeJoiSchema] Analyzing schema at path: options
🤖 [MS3-PKG] [DEBUG] 🤖 [MS3-PKG] [DEBUG] 🤖 [MS3-PKG] [DEBUG] 🤖 [MS3-PKG] [DEBUG] 🤖 [MS3-PKG] [DEBUG] 🤖 [MS3-PKG] [DEBUG] 🤖 [MS3-PKG] [DEBUG] 🤖 [MS3-PKG] [DEBUG] 🤖 [MS3-PKG] [DEBUG] 🤖 [MS3-PKG] [DEBUG] 🤖 [MS3-PKG] [DEBUG] 🤖 [MS3-PKG] [DEBUG] 🤖 [MS3-PKG] [DEBUG] 🤖 [MS3-PKG] [DEBUG] 📋 [analyzeJoiSchema] Schema description type: object
🤖 [MS3-PKG] [DEBUG] 🤖 [MS3-PKG] [DEBUG] 🤖 [MS3-PKG] [DEBUG] 🤖 [MS3-PKG] [DEBUG] 🤖 [MS3-PKG] [DEBUG] 🤖 [MS3-PKG] [DEBUG] 🤖 [MS3-PKG] [DEBUG] 🤖 [MS3-PKG] [DEBUG] 🤖 [MS3-PKG] [DEBUG] 🤖 [MS3-PKG] [DEBUG] 🤖 [MS3-PKG] [DEBUG] 🤖 [MS3-PKG] [DEBUG] 🤖 [MS3-PKG] [DEBUG] 🤖 [MS3-PKG] [DEBUG] 📋 [analyzeJoiSchema] Schema keys: [ [32m&apos;web3authConfig&apos;[39m, [32m&apos;multiChainRpcs&apos;[39m ]
🤖 [MS3-PKG] [DEBUG] 🤖 [MS3-PKG] [DEBUG] 🤖 [MS3-PKG] [DEBUG] 🤖 [MS3-PKG] [DEBUG] 🤖 [MS3-PKG] [DEBUG] 🤖 [MS3-PKG] [DEBUG] 🤖 [MS3-PKG] [DEBUG] 🤖 [MS3-PKG] [DEBUG] 🤖 [MS3-PKG] [DEBUG] 🤖 [MS3-PKG] [DEBUG] 🤖 [MS3-PKG] [DEBUG] 🤖 [MS3-PKG] [DEBUG] 🤖 [MS3-PKG] [DEBUG] 🤖 [MS3-PKG] [DEBUG] ✅ [analyzeJoiSchema] Processing object schema with 2 keys
🤖 [MS3-PKG] [DEBUG] 🤖 [MS3-PKG] [DEBUG] 🤖 [MS3-PKG] [DEBUG] 🤖 [MS3-PKG] [DEBUG] 🤖 [MS3-PKG] [DEBUG] 🤖 [MS3-PKG] [DEBUG] 🤖 [MS3-PKG] [DEBUG] 🤖 [MS3-PKG] [DEBUG] 🤖 [MS3-PKG] [DEBUG] 🤖 [MS3-PKG] [DEBUG] 🤖 [MS3-PKG] [DEBUG] 🤖 [MS3-PKG] [DEBUG] 🤖 [MS3-PKG] [DEBUG] 🤖 [MS3-PKG] [DEBUG] 🔑 [analyzeJoiSchema] Processing field: web3authConfig
🤖 [MS3-PKG] [DEBUG] 🤖 [MS3-PKG] [DEBUG] 🤖 [MS3-PKG] [DEBUG] 🤖 [MS3-PKG] [DEBUG] 🤖 [MS3-PKG] [DEBUG] 🤖 [MS3-PKG] [DEBUG] 🤖 [MS3-PKG] [DEBUG] 🤖 [MS3-PKG] [DEBUG] 🤖 [MS3-PKG] [DEBUG] 🤖 [MS3-PKG] [DEBUG] 🤖 [MS3-PKG] [DEBUG] 🤖 [MS3-PKG] [DEBUG] 🤖 [MS3-PKG] [DEBUG] 🤖 [MS3-PKG] [DEBUG] 📝 [analyzeJoiSchema] Field description: {
  type: [32m&apos;object&apos;[39m,
  flags: {
    presence: [32m&apos;required&apos;[39m,
    description: [32m&apos;Web3Auth configuration object&apos;[39m
  },
  keys: {
    clientId: { type: [32m&apos;string&apos;[39m, flags: [36m[Object][39m },
    web3AuthNetwork: { type: [32m&apos;string&apos;[39m, flags: [36m[Object][39m, allow: [36m[Array][39m },
    chainConfig: { type: [32m&apos;object&apos;[39m, flags: [36m[Object][39m, keys: [36m[Object][39m },
    loginConfig: { type: [32m&apos;object&apos;[39m, flags: [36m[Object][39m },
    privateKeyProvider: { type: [32m&apos;any&apos;[39m, flags: [36m[Object][39m }
  }
}
🤖 [MS3-PKG] [DEBUG] 🤖 [MS3-PKG] [DEBUG] 🤖 [MS3-PKG] [DEBUG] 🤖 [MS3-PKG] [DEBUG] 🤖 [MS3-PKG] [DEBUG] 🤖 [MS3-PKG] [DEBUG] 🤖 [MS3-PKG] [DEBUG] 🤖 [MS3-PKG] [DEBUG] 🤖 [MS3-PKG] [DEBUG] 🤖 [MS3-PKG] [DEBUG] 🤖 [MS3-PKG] [DEBUG] 🤖 [MS3-PKG] [DEBUG] 🤖 [MS3-PKG] [DEBUG] 🤖 [MS3-PKG] [DEBUG] 📊 [analyzeJoiSchema] Field web3authConfig: type=object, required=true, message=&quot;Web3Auth configuration object&quot;
🤖 [MS3-PKG] [DEBUG] 🤖 [MS3-PKG] [DEBUG] 🤖 [MS3-PKG] [DEBUG] 🤖 [MS3-PKG] [DEBUG] 🤖 [MS3-PKG] [DEBUG] 🤖 [MS3-PKG] [DEBUG] 🤖 [MS3-PKG] [DEBUG] 🤖 [MS3-PKG] [DEBUG] 🤖 [MS3-PKG] [DEBUG] 🤖 [MS3-PKG] [DEBUG] 🤖 [MS3-PKG] [DEBUG] 🤖 [MS3-PKG] [DEBUG] 🤖 [MS3-PKG] [DEBUG] 🤖 [MS3-PKG] [DEBUG] 🔄 [analyzeJoiSchema] Recursing into nested object: web3authConfig
🤖 [MS3-PKG] [DEBUG] 🤖 [MS3-PKG] [DEBUG] 🤖 [MS3-PKG] [DEBUG] 🤖 [MS3-PKG] [DEBUG] 🤖 [MS3-PKG] [DEBUG] 🤖 [MS3-PKG] [DEBUG] 🤖 [MS3-PKG] [DEBUG] 🤖 [MS3-PKG] [DEBUG] 🤖 [MS3-PKG] [DEBUG] 🤖 [MS3-PKG] [DEBUG] 🤖 [MS3-PKG] [DEBUG] 🤖 [MS3-PKG] [DEBUG] 🤖 [MS3-PKG] [DEBUG] 🤖 [MS3-PKG] [DEBUG] 🔑 [analyzeJoiSchema] Processing field: multiChainRpcs
🤖 [MS3-PKG] [DEBUG] 🤖 [MS3-PKG] [DEBUG] 🤖 [MS3-PKG] [DEBUG] 🤖 [MS3-PKG] [DEBUG] 🤖 [MS3-PKG] [DEBUG] 🤖 [MS3-PKG] [DEBUG] 🤖 [MS3-PKG] [DEBUG] 🤖 [MS3-PKG] [DEBUG] 🤖 [MS3-PKG] [DEBUG] 🤖 [MS3-PKG] [DEBUG] 🤖 [MS3-PKG] [DEBUG] 🤖 [MS3-PKG] [DEBUG] 🤖 [MS3-PKG] [DEBUG] 🤖 [MS3-PKG] [DEBUG] 📝 [analyzeJoiSchema] Field description: {
  type: [32m&apos;object&apos;[39m,
  flags: {
    presence: [32m&apos;optional&apos;[39m,
    description: [32m&apos;Multi-chain RPC configuration - maps chain IDs to RPC URL arrays&apos;[39m
  },
  patterns: [ { schema: [36m[Object][39m, rule: [36m[Object][39m } ]
}
🤖 [MS3-PKG] [DEBUG] 🤖 [MS3-PKG] [DEBUG] 🤖 [MS3-PKG] [DEBUG] 🤖 [MS3-PKG] [DEBUG] 🤖 [MS3-PKG] [DEBUG] 🤖 [MS3-PKG] [DEBUG] 🤖 [MS3-PKG] [DEBUG] 🤖 [MS3-PKG] [DEBUG] 🤖 [MS3-PKG] [DEBUG] 🤖 [MS3-PKG] [DEBUG] 🤖 [MS3-PKG] [DEBUG] 🤖 [MS3-PKG] [DEBUG] 🤖 [MS3-PKG] [DEBUG] 🤖 [MS3-PKG] [DEBUG] 📊 [analyzeJoiSchema] Field multiChainRpcs: type=object, required=false, message=&quot;Multi-chain RPC configuration - maps chain IDs to RPC URL arrays&quot;
🤖 [MS3-PKG] [INFO] 🤖 [MS3-PKG] [INFO] 🤖 [MS3-PKG] [INFO] 🤖 [MS3-PKG] [INFO] 🤖 [MS3-PKG] [INFO] 🤖 [MS3-PKG] [INFO] 🤖 [MS3-PKG] [INFO] 🤖 [MS3-PKG] [INFO] 🤖 [MS3-PKG] [INFO] 🤖 [MS3-PKG] [INFO] 🤖 [MS3-PKG] [INFO] 🤖 [MS3-PKG] [INFO] 🤖 [MS3-PKG] [INFO] 🤖 [MS3-PKG] [INFO] 📊 [analyzeJoiSchema] Generated 14 requirements for options
🤖 [MS3-PKG] [DEBUG] 🤖 [MS3-PKG] [DEBUG] 🤖 [MS3-PKG] [DEBUG] 🤖 [MS3-PKG] [DEBUG] 🤖 [MS3-PKG] [DEBUG] 🤖 [MS3-PKG] [DEBUG] 🤖 [MS3-PKG] [DEBUG] 🤖 [MS3-PKG] [DEBUG] 🤖 [MS3-PKG] [DEBUG] 🤖 [MS3-PKG] [DEBUG] 🤖 [MS3-PKG] [DEBUG] 🤖 [MS3-PKG] [DEBUG] 🤖 [MS3-PKG] [DEBUG] 🤖 [MS3-PKG] [DEBUG] 🔍 [getRequirements] Starting analysis for bulk-test-70
🤖 [MS3-PKG] [DEBUG] 🤖 [MS3-PKG] [DEBUG] 🤖 [MS3-PKG] [DEBUG] 🤖 [MS3-PKG] [DEBUG] 🤖 [MS3-PKG] [DEBUG] 🤖 [MS3-PKG] [DEBUG] 🤖 [MS3-PKG] [DEBUG] 🤖 [MS3-PKG] [DEBUG] 🤖 [MS3-PKG] [DEBUG] 🤖 [MS3-PKG] [DEBUG] 🤖 [MS3-PKG] [DEBUG] 🤖 [MS3-PKG] [DEBUG] 🤖 [MS3-PKG] [DEBUG] 🤖 [MS3-PKG] [DEBUG] 🔬 [analyzeJoiSchema] Analyzing schema at path: options
🤖 [MS3-PKG] [DEBUG] 🤖 [MS3-PKG] [DEBUG] 🤖 [MS3-PKG] [DEBUG] 🤖 [MS3-PKG] [DEBUG] 🤖 [MS3-PKG] [DEBUG] 🤖 [MS3-PKG] [DEBUG] 🤖 [MS3-PKG] [DEBUG] 🤖 [MS3-PKG] [DEBUG] 🤖 [MS3-PKG] [DEBUG] 🤖 [MS3-PKG] [DEBUG] 🤖 [MS3-PKG] [DEBUG] 🤖 [MS3-PKG] [DEBUG] 🤖 [MS3-PKG] [DEBUG] 🤖 [MS3-PKG] [DEBUG] 📋 [analyzeJoiSchema] Schema description type: object
🤖 [MS3-PKG] [DEBUG] 🤖 [MS3-PKG] [DEBUG] 🤖 [MS3-PKG] [DEBUG] 🤖 [MS3-PKG] [DEBUG] 🤖 [MS3-PKG] [DEBUG] 🤖 [MS3-PKG] [DEBUG] 🤖 [MS3-PKG] [DEBUG] 🤖 [MS3-PKG] [DEBUG] 🤖 [MS3-PKG] [DEBUG] 🤖 [MS3-PKG] [DEBUG] 🤖 [MS3-PKG] [DEBUG] 🤖 [MS3-PKG] [DEBUG] 🤖 [MS3-PKG] [DEBUG] 🤖 [MS3-PKG] [DEBUG] 📋 [analyzeJoiSchema] Schema keys: [ [32m&apos;privateKey&apos;[39m, [32m&apos;provider&apos;[39m, [32m&apos;multiChainRpcs&apos;[39m ]
🤖 [MS3-PKG] [DEBUG] 🤖 [MS3-PKG] [DEBUG] 🤖 [MS3-PKG] [DEBUG] 🤖 [MS3-PKG] [DEBUG] 🤖 [MS3-PKG] [DEBUG] 🤖 [MS3-PKG] [DEBUG] 🤖 [MS3-PKG] [DEBUG] 🤖 [MS3-PKG] [DEBUG] 🤖 [MS3-PKG] [DEBUG] 🤖 [MS3-PKG] [DEBUG] 🤖 [MS3-PKG] [DEBUG] 🤖 [MS3-PKG] [DEBUG] 🤖 [MS3-PKG] [DEBUG] 🤖 [MS3-PKG] [DEBUG] ✅ [analyzeJoiSchema] Processing object schema with 3 keys
🤖 [MS3-PKG] [DEBUG] 🤖 [MS3-PKG] [DEBUG] 🤖 [MS3-PKG] [DEBUG] 🤖 [MS3-PKG] [DEBUG] 🤖 [MS3-PKG] [DEBUG] 🤖 [MS3-PKG] [DEBUG] 🤖 [MS3-PKG] [DEBUG] 🤖 [MS3-PKG] [DEBUG] 🤖 [MS3-PKG] [DEBUG] 🤖 [MS3-PKG] [DEBUG] 🤖 [MS3-PKG] [DEBUG] 🤖 [MS3-PKG] [DEBUG] 🤖 [MS3-PKG] [DEBUG] 🤖 [MS3-PKG] [DEBUG] 🔑 [analyzeJoiSchema] Processing field: privateKey
🤖 [MS3-PKG] [DEBUG] 🤖 [MS3-PKG] [DEBUG] 🤖 [MS3-PKG] [DEBUG] 🤖 [MS3-PKG] [DEBUG] 🤖 [MS3-PKG] [DEBUG] 🤖 [MS3-PKG] [DEBUG] 🤖 [MS3-PKG] [DEBUG] 🤖 [MS3-PKG] [DEBUG] 🤖 [MS3-PKG] [DEBUG] 🤖 [MS3-PKG] [DEBUG] 🤖 [MS3-PKG] [DEBUG] 🤖 [MS3-PKG] [DEBUG] 🤖 [MS3-PKG] [DEBUG] 🤖 [MS3-PKG] [DEBUG] 📝 [analyzeJoiSchema] Field description: {
  type: [32m&apos;string&apos;[39m,
  flags: {
    presence: [32m&apos;required&apos;[39m,
    description: [32m&apos;Private key for wallet (generates random if not provided)&apos;[39m
  },
  rules: [ { name: [32m&apos;pattern&apos;[39m, args: [36m[Object][39m } ]
}
🤖 [MS3-PKG] [DEBUG] 🤖 [MS3-PKG] [DEBUG] 🤖 [MS3-PKG] [DEBUG] 🤖 [MS3-PKG] [DEBUG] 🤖 [MS3-PKG] [DEBUG] 🤖 [MS3-PKG] [DEBUG] 🤖 [MS3-PKG] [DEBUG] 🤖 [MS3-PKG] [DEBUG] 🤖 [MS3-PKG] [DEBUG] 🤖 [MS3-PKG] [DEBUG] 🤖 [MS3-PKG] [DEBUG] 🤖 [MS3-PKG] [DEBUG] 🤖 [MS3-PKG] [DEBUG] 🤖 [MS3-PKG] [DEBUG] 📊 [analyzeJoiSchema] Field privateKey: type=string, required=true, message=&quot;Private key for wallet (generates random if not provided)&quot;
🤖 [MS3-PKG] [DEBUG] 🤖 [MS3-PKG] [DEBUG] 🤖 [MS3-PKG] [DEBUG] 🤖 [MS3-PKG] [DEBUG] 🤖 [MS3-PKG] [DEBUG] 🤖 [MS3-PKG] [DEBUG] 🤖 [MS3-PKG] [DEBUG] 🤖 [MS3-PKG] [DEBUG] 🤖 [MS3-PKG] [DEBUG] 🤖 [MS3-PKG] [DEBUG] 🤖 [MS3-PKG] [DEBUG] 🤖 [MS3-PKG] [DEBUG] 🤖 [MS3-PKG] [DEBUG] 🤖 [MS3-PKG] [DEBUG] 🔑 [analyzeJoiSchema] Processing field: provider
🤖 [MS3-PKG] [DEBUG] 🤖 [MS3-PKG] [DEBUG] 🤖 [MS3-PKG] [DEBUG] 🤖 [MS3-PKG] [DEBUG] 🤖 [MS3-PKG] [DEBUG] 🤖 [MS3-PKG] [DEBUG] 🤖 [MS3-PKG] [DEBUG] 🤖 [MS3-PKG] [DEBUG] 🤖 [MS3-PKG] [DEBUG] 🤖 [MS3-PKG] [DEBUG] 🤖 [MS3-PKG] [DEBUG] 🤖 [MS3-PKG] [DEBUG] 🤖 [MS3-PKG] [DEBUG] 🤖 [MS3-PKG] [DEBUG] 📝 [analyzeJoiSchema] Field description: {
  type: [32m&apos;object&apos;[39m,
  flags: {
    presence: [32m&apos;optional&apos;[39m,
    description: [32m&apos;Optional provider configuration&apos;[39m
  },
  keys: {
    name: { type: [32m&apos;string&apos;[39m, flags: [36m[Object][39m },
    chainId: { type: [32m&apos;string&apos;[39m, flags: [36m[Object][39m, rules: [36m[Array][39m },
    rpcUrls: { type: [32m&apos;array&apos;[39m, flags: [36m[Object][39m, rules: [36m[Array][39m, items: [36m[Array][39m },
    displayName: { type: [32m&apos;string&apos;[39m, flags: [36m[Object][39m }
  }
}
🤖 [MS3-PKG] [DEBUG] 🤖 [MS3-PKG] [DEBUG] 🤖 [MS3-PKG] [DEBUG] 🤖 [MS3-PKG] [DEBUG] 🤖 [MS3-PKG] [DEBUG] 🤖 [MS3-PKG] [DEBUG] 🤖 [MS3-PKG] [DEBUG] 🤖 [MS3-PKG] [DEBUG] 🤖 [MS3-PKG] [DEBUG] 🤖 [MS3-PKG] [DEBUG] 🤖 [MS3-PKG] [DEBUG] 🤖 [MS3-PKG] [DEBUG] 🤖 [MS3-PKG] [DEBUG] 🤖 [MS3-PKG] [DEBUG] 📊 [analyzeJoiSchema] Field provider: type=object, required=false, message=&quot;Optional provider configuration&quot;
🤖 [MS3-PKG] [DEBUG] 🤖 [MS3-PKG] [DEBUG] 🤖 [MS3-PKG] [DEBUG] 🤖 [MS3-PKG] [DEBUG] 🤖 [MS3-PKG] [DEBUG] 🤖 [MS3-PKG] [DEBUG] 🤖 [MS3-PKG] [DEBUG] 🤖 [MS3-PKG] [DEBUG] 🤖 [MS3-PKG] [DEBUG] 🤖 [MS3-PKG] [DEBUG] 🤖 [MS3-PKG] [DEBUG] 🤖 [MS3-PKG] [DEBUG] 🤖 [MS3-PKG] [DEBUG] 🤖 [MS3-PKG] [DEBUG] 🔄 [analyzeJoiSchema] Recursing into nested object: provider
🤖 [MS3-PKG] [DEBUG] 🤖 [MS3-PKG] [DEBUG] 🤖 [MS3-PKG] [DEBUG] 🤖 [MS3-PKG] [DEBUG] 🤖 [MS3-PKG] [DEBUG] 🤖 [MS3-PKG] [DEBUG] 🤖 [MS3-PKG] [DEBUG] 🤖 [MS3-PKG] [DEBUG] 🤖 [MS3-PKG] [DEBUG] 🤖 [MS3-PKG] [DEBUG] 🤖 [MS3-PKG] [DEBUG] 🤖 [MS3-PKG] [DEBUG] 🤖 [MS3-PKG] [DEBUG] 🤖 [MS3-PKG] [DEBUG] 🔑 [analyzeJoiSchema] Processing field: multiChainRpcs
🤖 [MS3-PKG] [DEBUG] 🤖 [MS3-PKG] [DEBUG] 🤖 [MS3-PKG] [DEBUG] 🤖 [MS3-PKG] [DEBUG] 🤖 [MS3-PKG] [DEBUG] 🤖 [MS3-PKG] [DEBUG] 🤖 [MS3-PKG] [DEBUG] 🤖 [MS3-PKG] [DEBUG] 🤖 [MS3-PKG] [DEBUG] 🤖 [MS3-PKG] [DEBUG] 🤖 [MS3-PKG] [DEBUG] 🤖 [MS3-PKG] [DEBUG] 🤖 [MS3-PKG] [DEBUG] 🤖 [MS3-PKG] [DEBUG] 📝 [analyzeJoiSchema] Field description: {
  type: [32m&apos;object&apos;[39m,
  flags: {
    presence: [32m&apos;optional&apos;[39m,
    description: [32m&apos;Multi-chain RPC configuration - maps chain IDs to RPC URL arrays&apos;[39m
  },
  patterns: [ { schema: [36m[Object][39m, rule: [36m[Object][39m } ]
}
🤖 [MS3-PKG] [DEBUG] 🤖 [MS3-PKG] [DEBUG] 🤖 [MS3-PKG] [DEBUG] 🤖 [MS3-PKG] [DEBUG] 🤖 [MS3-PKG] [DEBUG] 🤖 [MS3-PKG] [DEBUG] 🤖 [MS3-PKG] [DEBUG] 🤖 [MS3-PKG] [DEBUG] 🤖 [MS3-PKG] [DEBUG] 🤖 [MS3-PKG] [DEBUG] 🤖 [MS3-PKG] [DEBUG] 🤖 [MS3-PKG] [DEBUG] 🤖 [MS3-PKG] [DEBUG] 🤖 [MS3-PKG] [DEBUG] 📊 [analyzeJoiSchema] Field multiChainRpcs: type=object, required=false, message=&quot;Multi-chain RPC configuration - maps chain IDs to RPC URL arrays&quot;
🤖 [MS3-PKG] [INFO] 🤖 [MS3-PKG] [INFO] 🤖 [MS3-PKG] [INFO] 🤖 [MS3-PKG] [INFO] 🤖 [MS3-PKG] [INFO] 🤖 [MS3-PKG] [INFO] 🤖 [MS3-PKG] [INFO] 🤖 [MS3-PKG] [INFO] 🤖 [MS3-PKG] [INFO] 🤖 [MS3-PKG] [INFO] 🤖 [MS3-PKG] [INFO] 🤖 [MS3-PKG] [INFO] 🤖 [MS3-PKG] [INFO] 🤖 [MS3-PKG] [INFO] 📊 [analyzeJoiSchema] Generated 7 requirements for options
🤖 [MS3-PKG] [DEBUG] 🤖 [MS3-PKG] [DEBUG] 🤖 [MS3-PKG] [DEBUG] 🤖 [MS3-PKG] [DEBUG] 🤖 [MS3-PKG] [DEBUG] 🤖 [MS3-PKG] [DEBUG] 🤖 [MS3-PKG] [DEBUG] 🤖 [MS3-PKG] [DEBUG] 🤖 [MS3-PKG] [DEBUG] 🤖 [MS3-PKG] [DEBUG] 🤖 [MS3-PKG] [DEBUG] 🤖 [MS3-PKG] [DEBUG] 🤖 [MS3-PKG] [DEBUG] 🤖 [MS3-PKG] [DEBUG] 🔍 [getRequirements] Starting analysis for bulk-test-70
🤖 [MS3-PKG] [DEBUG] 🤖 [MS3-PKG] [DEBUG] 🤖 [MS3-PKG] [DEBUG] 🤖 [MS3-PKG] [DEBUG] 🤖 [MS3-PKG] [DEBUG] 🤖 [MS3-PKG] [DEBUG] 🤖 [MS3-PKG] [DEBUG] 🤖 [MS3-PKG] [DEBUG] 🤖 [MS3-PKG] [DEBUG] 🤖 [MS3-PKG] [DEBUG] 🤖 [MS3-PKG] [DEBUG] 🤖 [MS3-PKG] [DEBUG] 🤖 [MS3-PKG] [DEBUG] 🤖 [MS3-PKG] [DEBUG] 🔬 [analyzeJoiSchema] Analyzing schema at path: options
🤖 [MS3-PKG] [DEBUG] 🤖 [MS3-PKG] [DEBUG] 🤖 [MS3-PKG] [DEBUG] 🤖 [MS3-PKG] [DEBUG] 🤖 [MS3-PKG] [DEBUG] 🤖 [MS3-PKG] [DEBUG] 🤖 [MS3-PKG] [DEBUG] 🤖 [MS3-PKG] [DEBUG] 🤖 [MS3-PKG] [DEBUG] 🤖 [MS3-PKG] [DEBUG] 🤖 [MS3-PKG] [DEBUG] 🤖 [MS3-PKG] [DEBUG] 🤖 [MS3-PKG] [DEBUG] 🤖 [MS3-PKG] [DEBUG] 📋 [analyzeJoiSchema] Schema description type: object
🤖 [MS3-PKG] [DEBUG] 🤖 [MS3-PKG] [DEBUG] 🤖 [MS3-PKG] [DEBUG] 🤖 [MS3-PKG] [DEBUG] 🤖 [MS3-PKG] [DEBUG] 🤖 [MS3-PKG] [DEBUG] 🤖 [MS3-PKG] [DEBUG] 🤖 [MS3-PKG] [DEBUG] 🤖 [MS3-PKG] [DEBUG] 🤖 [MS3-PKG] [DEBUG] 🤖 [MS3-PKG] [DEBUG] 🤖 [MS3-PKG] [DEBUG] 🤖 [MS3-PKG] [DEBUG] 🤖 [MS3-PKG] [DEBUG] 📋 [analyzeJoiSchema] Schema keys: [ [32m&apos;web3authConfig&apos;[39m, [32m&apos;multiChainRpcs&apos;[39m ]
🤖 [MS3-PKG] [DEBUG] 🤖 [MS3-PKG] [DEBUG] 🤖 [MS3-PKG] [DEBUG] 🤖 [MS3-PKG] [DEBUG] 🤖 [MS3-PKG] [DEBUG] 🤖 [MS3-PKG] [DEBUG] 🤖 [MS3-PKG] [DEBUG] 🤖 [MS3-PKG] [DEBUG] 🤖 [MS3-PKG] [DEBUG] 🤖 [MS3-PKG] [DEBUG] 🤖 [MS3-PKG] [DEBUG] 🤖 [MS3-PKG] [DEBUG] 🤖 [MS3-PKG] [DEBUG] 🤖 [MS3-PKG] [DEBUG] ✅ [analyzeJoiSchema] Processing object schema with 2 keys
🤖 [MS3-PKG] [DEBUG] 🤖 [MS3-PKG] [DEBUG] 🤖 [MS3-PKG] [DEBUG] 🤖 [MS3-PKG] [DEBUG] 🤖 [MS3-PKG] [DEBUG] 🤖 [MS3-PKG] [DEBUG] 🤖 [MS3-PKG] [DEBUG] 🤖 [MS3-PKG] [DEBUG] 🤖 [MS3-PKG] [DEBUG] 🤖 [MS3-PKG] [DEBUG] 🤖 [MS3-PKG] [DEBUG] 🤖 [MS3-PKG] [DEBUG] 🤖 [MS3-PKG] [DEBUG] 🤖 [MS3-PKG] [DEBUG] 🔑 [analyzeJoiSchema] Processing field: web3authConfig
🤖 [MS3-PKG] [DEBUG] 🤖 [MS3-PKG] [DEBUG] 🤖 [MS3-PKG] [DEBUG] 🤖 [MS3-PKG] [DEBUG] 🤖 [MS3-PKG] [DEBUG] 🤖 [MS3-PKG] [DEBUG] 🤖 [MS3-PKG] [DEBUG] 🤖 [MS3-PKG] [DEBUG] 🤖 [MS3-PKG] [DEBUG] 🤖 [MS3-PKG] [DEBUG] 🤖 [MS3-PKG] [DEBUG] 🤖 [MS3-PKG] [DEBUG] 🤖 [MS3-PKG] [DEBUG] 🤖 [MS3-PKG] [DEBUG] 📝 [analyzeJoiSchema] Field description: {
  type: [32m&apos;object&apos;[39m,
  flags: {
    presence: [32m&apos;required&apos;[39m,
    description: [32m&apos;Web3Auth configuration object&apos;[39m
  },
  keys: {
    clientId: { type: [32m&apos;string&apos;[39m, flags: [36m[Object][39m },
    web3AuthNetwork: { type: [32m&apos;string&apos;[39m, flags: [36m[Object][39m, allow: [36m[Array][39m },
    chainConfig: { type: [32m&apos;object&apos;[39m, flags: [36m[Object][39m, keys: [36m[Object][39m },
    loginConfig: { type: [32m&apos;object&apos;[39m, flags: [36m[Object][39m },
    privateKeyProvider: { type: [32m&apos;any&apos;[39m, flags: [36m[Object][39m }
  }
}
🤖 [MS3-PKG] [DEBUG] 🤖 [MS3-PKG] [DEBUG] 🤖 [MS3-PKG] [DEBUG] 🤖 [MS3-PKG] [DEBUG] 🤖 [MS3-PKG] [DEBUG] 🤖 [MS3-PKG] [DEBUG] 🤖 [MS3-PKG] [DEBUG] 🤖 [MS3-PKG] [DEBUG] 🤖 [MS3-PKG] [DEBUG] 🤖 [MS3-PKG] [DEBUG] 🤖 [MS3-PKG] [DEBUG] 🤖 [MS3-PKG] [DEBUG] 🤖 [MS3-PKG] [DEBUG] 🤖 [MS3-PKG] [DEBUG] 📊 [analyzeJoiSchema] Field web3authConfig: type=object, required=true, message=&quot;Web3Auth configuration object&quot;
🤖 [MS3-PKG] [DEBUG] 🤖 [MS3-PKG] [DEBUG] 🤖 [MS3-PKG] [DEBUG] 🤖 [MS3-PKG] [DEBUG] 🤖 [MS3-PKG] [DEBUG] 🤖 [MS3-PKG] [DEBUG] 🤖 [MS3-PKG] [DEBUG] 🤖 [MS3-PKG] [DEBUG] 🤖 [MS3-PKG] [DEBUG] 🤖 [MS3-PKG] [DEBUG] 🤖 [MS3-PKG] [DEBUG] 🤖 [MS3-PKG] [DEBUG] 🤖 [MS3-PKG] [DEBUG] 🤖 [MS3-PKG] [DEBUG] 🔄 [analyzeJoiSchema] Recursing into nested object: web3authConfig
🤖 [MS3-PKG] [DEBUG] 🤖 [MS3-PKG] [DEBUG] 🤖 [MS3-PKG] [DEBUG] 🤖 [MS3-PKG] [DEBUG] 🤖 [MS3-PKG] [DEBUG] 🤖 [MS3-PKG] [DEBUG] 🤖 [MS3-PKG] [DEBUG] 🤖 [MS3-PKG] [DEBUG] 🤖 [MS3-PKG] [DEBUG] 🤖 [MS3-PKG] [DEBUG] 🤖 [MS3-PKG] [DEBUG] 🤖 [MS3-PKG] [DEBUG] 🤖 [MS3-PKG] [DEBUG] 🤖 [MS3-PKG] [DEBUG] 🔑 [analyzeJoiSchema] Processing field: multiChainRpcs
🤖 [MS3-PKG] [DEBUG] 🤖 [MS3-PKG] [DEBUG] 🤖 [MS3-PKG] [DEBUG] 🤖 [MS3-PKG] [DEBUG] 🤖 [MS3-PKG] [DEBUG] 🤖 [MS3-PKG] [DEBUG] 🤖 [MS3-PKG] [DEBUG] 🤖 [MS3-PKG] [DEBUG] 🤖 [MS3-PKG] [DEBUG] 🤖 [MS3-PKG] [DEBUG] 🤖 [MS3-PKG] [DEBUG] 🤖 [MS3-PKG] [DEBUG] 🤖 [MS3-PKG] [DEBUG] 🤖 [MS3-PKG] [DEBUG] 📝 [analyzeJoiSchema] Field description: {
  type: [32m&apos;object&apos;[39m,
  flags: {
    presence: [32m&apos;optional&apos;[39m,
    description: [32m&apos;Multi-chain RPC configuration - maps chain IDs to RPC URL arrays&apos;[39m
  },
  patterns: [ { schema: [36m[Object][39m, rule: [36m[Object][39m } ]
}
🤖 [MS3-PKG] [DEBUG] 🤖 [MS3-PKG] [DEBUG] 🤖 [MS3-PKG] [DEBUG] 🤖 [MS3-PKG] [DEBUG] 🤖 [MS3-PKG] [DEBUG] 🤖 [MS3-PKG] [DEBUG] 🤖 [MS3-PKG] [DEBUG] 🤖 [MS3-PKG] [DEBUG] 🤖 [MS3-PKG] [DEBUG] 🤖 [MS3-PKG] [DEBUG] 🤖 [MS3-PKG] [DEBUG] 🤖 [MS3-PKG] [DEBUG] 🤖 [MS3-PKG] [DEBUG] 🤖 [MS3-PKG] [DEBUG] 📊 [analyzeJoiSchema] Field multiChainRpcs: type=object, required=false, message=&quot;Multi-chain RPC configuration - maps chain IDs to RPC URL arrays&quot;
🤖 [MS3-PKG] [INFO] 🤖 [MS3-PKG] [INFO] 🤖 [MS3-PKG] [INFO] 🤖 [MS3-PKG] [INFO] 🤖 [MS3-PKG] [INFO] 🤖 [MS3-PKG] [INFO] 🤖 [MS3-PKG] [INFO] 🤖 [MS3-PKG] [INFO] 🤖 [MS3-PKG] [INFO] 🤖 [MS3-PKG] [INFO] 🤖 [MS3-PKG] [INFO] 🤖 [MS3-PKG] [INFO] 🤖 [MS3-PKG] [INFO] 🤖 [MS3-PKG] [INFO] 📊 [analyzeJoiSchema] Generated 14 requirements for options
🤖 [MS3-PKG] [DEBUG] 🤖 [MS3-PKG] [DEBUG] 🤖 [MS3-PKG] [DEBUG] 🤖 [MS3-PKG] [DEBUG] 🤖 [MS3-PKG] [DEBUG] 🤖 [MS3-PKG] [DEBUG] 🤖 [MS3-PKG] [DEBUG] 🤖 [MS3-PKG] [DEBUG] 🤖 [MS3-PKG] [DEBUG] 🤖 [MS3-PKG] [DEBUG] 🤖 [MS3-PKG] [DEBUG] 🤖 [MS3-PKG] [DEBUG] 🤖 [MS3-PKG] [DEBUG] 🤖 [MS3-PKG] [DEBUG] 🔍 [getRequirements] Starting analysis for bulk-test-71
🤖 [MS3-PKG] [DEBUG] 🤖 [MS3-PKG] [DEBUG] 🤖 [MS3-PKG] [DEBUG] 🤖 [MS3-PKG] [DEBUG] 🤖 [MS3-PKG] [DEBUG] 🤖 [MS3-PKG] [DEBUG] 🤖 [MS3-PKG] [DEBUG] 🤖 [MS3-PKG] [DEBUG] 🤖 [MS3-PKG] [DEBUG] 🤖 [MS3-PKG] [DEBUG] 🤖 [MS3-PKG] [DEBUG] 🤖 [MS3-PKG] [DEBUG] 🤖 [MS3-PKG] [DEBUG] 🤖 [MS3-PKG] [DEBUG] 🔬 [analyzeJoiSchema] Analyzing schema at path: options
🤖 [MS3-PKG] [DEBUG] 🤖 [MS3-PKG] [DEBUG] 🤖 [MS3-PKG] [DEBUG] 🤖 [MS3-PKG] [DEBUG] 🤖 [MS3-PKG] [DEBUG] 🤖 [MS3-PKG] [DEBUG] 🤖 [MS3-PKG] [DEBUG] 🤖 [MS3-PKG] [DEBUG] 🤖 [MS3-PKG] [DEBUG] 🤖 [MS3-PKG] [DEBUG] 🤖 [MS3-PKG] [DEBUG] 🤖 [MS3-PKG] [DEBUG] 🤖 [MS3-PKG] [DEBUG] 🤖 [MS3-PKG] [DEBUG] 📋 [analyzeJoiSchema] Schema description type: object
🤖 [MS3-PKG] [DEBUG] 🤖 [MS3-PKG] [DEBUG] 🤖 [MS3-PKG] [DEBUG] 🤖 [MS3-PKG] [DEBUG] 🤖 [MS3-PKG] [DEBUG] 🤖 [MS3-PKG] [DEBUG] 🤖 [MS3-PKG] [DEBUG] 🤖 [MS3-PKG] [DEBUG] 🤖 [MS3-PKG] [DEBUG] 🤖 [MS3-PKG] [DEBUG] 🤖 [MS3-PKG] [DEBUG] 🤖 [MS3-PKG] [DEBUG] 🤖 [MS3-PKG] [DEBUG] 🤖 [MS3-PKG] [DEBUG] 📋 [analyzeJoiSchema] Schema keys: [ [32m&apos;privateKey&apos;[39m, [32m&apos;provider&apos;[39m, [32m&apos;multiChainRpcs&apos;[39m ]
🤖 [MS3-PKG] [DEBUG] 🤖 [MS3-PKG] [DEBUG] 🤖 [MS3-PKG] [DEBUG] 🤖 [MS3-PKG] [DEBUG] 🤖 [MS3-PKG] [DEBUG] 🤖 [MS3-PKG] [DEBUG] 🤖 [MS3-PKG] [DEBUG] 🤖 [MS3-PKG] [DEBUG] 🤖 [MS3-PKG] [DEBUG] 🤖 [MS3-PKG] [DEBUG] 🤖 [MS3-PKG] [DEBUG] 🤖 [MS3-PKG] [DEBUG] 🤖 [MS3-PKG] [DEBUG] 🤖 [MS3-PKG] [DEBUG] ✅ [analyzeJoiSchema] Processing object schema with 3 keys
🤖 [MS3-PKG] [DEBUG] 🤖 [MS3-PKG] [DEBUG] 🤖 [MS3-PKG] [DEBUG] 🤖 [MS3-PKG] [DEBUG] 🤖 [MS3-PKG] [DEBUG] 🤖 [MS3-PKG] [DEBUG] 🤖 [MS3-PKG] [DEBUG] 🤖 [MS3-PKG] [DEBUG] 🤖 [MS3-PKG] [DEBUG] 🤖 [MS3-PKG] [DEBUG] 🤖 [MS3-PKG] [DEBUG] 🤖 [MS3-PKG] [DEBUG] 🤖 [MS3-PKG] [DEBUG] 🤖 [MS3-PKG] [DEBUG] 🔑 [analyzeJoiSchema] Processing field: privateKey
🤖 [MS3-PKG] [DEBUG] 🤖 [MS3-PKG] [DEBUG] 🤖 [MS3-PKG] [DEBUG] 🤖 [MS3-PKG] [DEBUG] 🤖 [MS3-PKG] [DEBUG] 🤖 [MS3-PKG] [DEBUG] 🤖 [MS3-PKG] [DEBUG] 🤖 [MS3-PKG] [DEBUG] 🤖 [MS3-PKG] [DEBUG] 🤖 [MS3-PKG] [DEBUG] 🤖 [MS3-PKG] [DEBUG] 🤖 [MS3-PKG] [DEBUG] 🤖 [MS3-PKG] [DEBUG] 🤖 [MS3-PKG] [DEBUG] 📝 [analyzeJoiSchema] Field description: {
  type: [32m&apos;string&apos;[39m,
  flags: {
    presence: [32m&apos;required&apos;[39m,
    description: [32m&apos;Private key for wallet (generates random if not provided)&apos;[39m
  },
  rules: [ { name: [32m&apos;pattern&apos;[39m, args: [36m[Object][39m } ]
}
🤖 [MS3-PKG] [DEBUG] 🤖 [MS3-PKG] [DEBUG] 🤖 [MS3-PKG] [DEBUG] 🤖 [MS3-PKG] [DEBUG] 🤖 [MS3-PKG] [DEBUG] 🤖 [MS3-PKG] [DEBUG] 🤖 [MS3-PKG] [DEBUG] 🤖 [MS3-PKG] [DEBUG] 🤖 [MS3-PKG] [DEBUG] 🤖 [MS3-PKG] [DEBUG] 🤖 [MS3-PKG] [DEBUG] 🤖 [MS3-PKG] [DEBUG] 🤖 [MS3-PKG] [DEBUG] 🤖 [MS3-PKG] [DEBUG] 📊 [analyzeJoiSchema] Field privateKey: type=string, required=true, message=&quot;Private key for wallet (generates random if not provided)&quot;
🤖 [MS3-PKG] [DEBUG] 🤖 [MS3-PKG] [DEBUG] 🤖 [MS3-PKG] [DEBUG] 🤖 [MS3-PKG] [DEBUG] 🤖 [MS3-PKG] [DEBUG] 🤖 [MS3-PKG] [DEBUG] 🤖 [MS3-PKG] [DEBUG] 🤖 [MS3-PKG] [DEBUG] 🤖 [MS3-PKG] [DEBUG] 🤖 [MS3-PKG] [DEBUG] 🤖 [MS3-PKG] [DEBUG] 🤖 [MS3-PKG] [DEBUG] 🤖 [MS3-PKG] [DEBUG] 🤖 [MS3-PKG] [DEBUG] 🔑 [analyzeJoiSchema] Processing field: provider
🤖 [MS3-PKG] [DEBUG] 🤖 [MS3-PKG] [DEBUG] 🤖 [MS3-PKG] [DEBUG] 🤖 [MS3-PKG] [DEBUG] 🤖 [MS3-PKG] [DEBUG] 🤖 [MS3-PKG] [DEBUG] 🤖 [MS3-PKG] [DEBUG] 🤖 [MS3-PKG] [DEBUG] 🤖 [MS3-PKG] [DEBUG] 🤖 [MS3-PKG] [DEBUG] 🤖 [MS3-PKG] [DEBUG] 🤖 [MS3-PKG] [DEBUG] 🤖 [MS3-PKG] [DEBUG] 🤖 [MS3-PKG] [DEBUG] 📝 [analyzeJoiSchema] Field description: {
  type: [32m&apos;object&apos;[39m,
  flags: {
    presence: [32m&apos;optional&apos;[39m,
    description: [32m&apos;Optional provider configuration&apos;[39m
  },
  keys: {
    name: { type: [32m&apos;string&apos;[39m, flags: [36m[Object][39m },
    chainId: { type: [32m&apos;string&apos;[39m, flags: [36m[Object][39m, rules: [36m[Array][39m },
    rpcUrls: { type: [32m&apos;array&apos;[39m, flags: [36m[Object][39m, rules: [36m[Array][39m, items: [36m[Array][39m },
    displayName: { type: [32m&apos;string&apos;[39m, flags: [36m[Object][39m }
  }
}
🤖 [MS3-PKG] [DEBUG] 🤖 [MS3-PKG] [DEBUG] 🤖 [MS3-PKG] [DEBUG] 🤖 [MS3-PKG] [DEBUG] 🤖 [MS3-PKG] [DEBUG] 🤖 [MS3-PKG] [DEBUG] 🤖 [MS3-PKG] [DEBUG] 🤖 [MS3-PKG] [DEBUG] 🤖 [MS3-PKG] [DEBUG] 🤖 [MS3-PKG] [DEBUG] 🤖 [MS3-PKG] [DEBUG] 🤖 [MS3-PKG] [DEBUG] 🤖 [MS3-PKG] [DEBUG] 🤖 [MS3-PKG] [DEBUG] 📊 [analyzeJoiSchema] Field provider: type=object, required=false, message=&quot;Optional provider configuration&quot;
🤖 [MS3-PKG] [DEBUG] 🤖 [MS3-PKG] [DEBUG] 🤖 [MS3-PKG] [DEBUG] 🤖 [MS3-PKG] [DEBUG] 🤖 [MS3-PKG] [DEBUG] 🤖 [MS3-PKG] [DEBUG] 🤖 [MS3-PKG] [DEBUG] 🤖 [MS3-PKG] [DEBUG] 🤖 [MS3-PKG] [DEBUG] 🤖 [MS3-PKG] [DEBUG] 🤖 [MS3-PKG] [DEBUG] 🤖 [MS3-PKG] [DEBUG] 🤖 [MS3-PKG] [DEBUG] 🤖 [MS3-PKG] [DEBUG] 🔄 [analyzeJoiSchema] Recursing into nested object: provider
🤖 [MS3-PKG] [DEBUG] 🤖 [MS3-PKG] [DEBUG] 🤖 [MS3-PKG] [DEBUG] 🤖 [MS3-PKG] [DEBUG] 🤖 [MS3-PKG] [DEBUG] 🤖 [MS3-PKG] [DEBUG] 🤖 [MS3-PKG] [DEBUG] 🤖 [MS3-PKG] [DEBUG] 🤖 [MS3-PKG] [DEBUG] 🤖 [MS3-PKG] [DEBUG] 🤖 [MS3-PKG] [DEBUG] 🤖 [MS3-PKG] [DEBUG] 🤖 [MS3-PKG] [DEBUG] 🤖 [MS3-PKG] [DEBUG] 🔑 [analyzeJoiSchema] Processing field: multiChainRpcs
🤖 [MS3-PKG] [DEBUG] 🤖 [MS3-PKG] [DEBUG] 🤖 [MS3-PKG] [DEBUG] 🤖 [MS3-PKG] [DEBUG] 🤖 [MS3-PKG] [DEBUG] 🤖 [MS3-PKG] [DEBUG] 🤖 [MS3-PKG] [DEBUG] 🤖 [MS3-PKG] [DEBUG] 🤖 [MS3-PKG] [DEBUG] 🤖 [MS3-PKG] [DEBUG] 🤖 [MS3-PKG] [DEBUG] 🤖 [MS3-PKG] [DEBUG] 🤖 [MS3-PKG] [DEBUG] 🤖 [MS3-PKG] [DEBUG] 📝 [analyzeJoiSchema] Field description: {
  type: [32m&apos;object&apos;[39m,
  flags: {
    presence: [32m&apos;optional&apos;[39m,
    description: [32m&apos;Multi-chain RPC configuration - maps chain IDs to RPC URL arrays&apos;[39m
  },
  patterns: [ { schema: [36m[Object][39m, rule: [36m[Object][39m } ]
}
🤖 [MS3-PKG] [DEBUG] 🤖 [MS3-PKG] [DEBUG] 🤖 [MS3-PKG] [DEBUG] 🤖 [MS3-PKG] [DEBUG] 🤖 [MS3-PKG] [DEBUG] 🤖 [MS3-PKG] [DEBUG] 🤖 [MS3-PKG] [DEBUG] 🤖 [MS3-PKG] [DEBUG] 🤖 [MS3-PKG] [DEBUG] 🤖 [MS3-PKG] [DEBUG] 🤖 [MS3-PKG] [DEBUG] 🤖 [MS3-PKG] [DEBUG] 🤖 [MS3-PKG] [DEBUG] 🤖 [MS3-PKG] [DEBUG] 📊 [analyzeJoiSchema] Field multiChainRpcs: type=object, required=false, message=&quot;Multi-chain RPC configuration - maps chain IDs to RPC URL arrays&quot;
🤖 [MS3-PKG] [INFO] 🤖 [MS3-PKG] [INFO] 🤖 [MS3-PKG] [INFO] 🤖 [MS3-PKG] [INFO] 🤖 [MS3-PKG] [INFO] 🤖 [MS3-PKG] [INFO] 🤖 [MS3-PKG] [INFO] 🤖 [MS3-PKG] [INFO] 🤖 [MS3-PKG] [INFO] 🤖 [MS3-PKG] [INFO] 🤖 [MS3-PKG] [INFO] 🤖 [MS3-PKG] [INFO] 🤖 [MS3-PKG] [INFO] 🤖 [MS3-PKG] [INFO] 📊 [analyzeJoiSchema] Generated 7 requirements for options
🤖 [MS3-PKG] [DEBUG] 🤖 [MS3-PKG] [DEBUG] 🤖 [MS3-PKG] [DEBUG] 🤖 [MS3-PKG] [DEBUG] 🤖 [MS3-PKG] [DEBUG] 🤖 [MS3-PKG] [DEBUG] 🤖 [MS3-PKG] [DEBUG] 🤖 [MS3-PKG] [DEBUG] 🤖 [MS3-PKG] [DEBUG] 🤖 [MS3-PKG] [DEBUG] 🤖 [MS3-PKG] [DEBUG] 🤖 [MS3-PKG] [DEBUG] 🤖 [MS3-PKG] [DEBUG] 🤖 [MS3-PKG] [DEBUG] 🔍 [getRequirements] Starting analysis for bulk-test-71
🤖 [MS3-PKG] [DEBUG] 🤖 [MS3-PKG] [DEBUG] 🤖 [MS3-PKG] [DEBUG] 🤖 [MS3-PKG] [DEBUG] 🤖 [MS3-PKG] [DEBUG] 🤖 [MS3-PKG] [DEBUG] 🤖 [MS3-PKG] [DEBUG] 🤖 [MS3-PKG] [DEBUG] 🤖 [MS3-PKG] [DEBUG] 🤖 [MS3-PKG] [DEBUG] 🤖 [MS3-PKG] [DEBUG] 🤖 [MS3-PKG] [DEBUG] 🤖 [MS3-PKG] [DEBUG] 🤖 [MS3-PKG] [DEBUG] 🔬 [analyzeJoiSchema] Analyzing schema at path: options
🤖 [MS3-PKG] [DEBUG] 🤖 [MS3-PKG] [DEBUG] 🤖 [MS3-PKG] [DEBUG] 🤖 [MS3-PKG] [DEBUG] 🤖 [MS3-PKG] [DEBUG] 🤖 [MS3-PKG] [DEBUG] 🤖 [MS3-PKG] [DEBUG] 🤖 [MS3-PKG] [DEBUG] 🤖 [MS3-PKG] [DEBUG] 🤖 [MS3-PKG] [DEBUG] 🤖 [MS3-PKG] [DEBUG] 🤖 [MS3-PKG] [DEBUG] 🤖 [MS3-PKG] [DEBUG] 🤖 [MS3-PKG] [DEBUG] 📋 [analyzeJoiSchema] Schema description type: object
🤖 [MS3-PKG] [DEBUG] 🤖 [MS3-PKG] [DEBUG] 🤖 [MS3-PKG] [DEBUG] 🤖 [MS3-PKG] [DEBUG] 🤖 [MS3-PKG] [DEBUG] 🤖 [MS3-PKG] [DEBUG] 🤖 [MS3-PKG] [DEBUG] 🤖 [MS3-PKG] [DEBUG] 🤖 [MS3-PKG] [DEBUG] 🤖 [MS3-PKG] [DEBUG] 🤖 [MS3-PKG] [DEBUG] 🤖 [MS3-PKG] [DEBUG] 🤖 [MS3-PKG] [DEBUG] 🤖 [MS3-PKG] [DEBUG] 📋 [analyzeJoiSchema] Schema keys: [ [32m&apos;web3authConfig&apos;[39m, [32m&apos;multiChainRpcs&apos;[39m ]
🤖 [MS3-PKG] [DEBUG] 🤖 [MS3-PKG] [DEBUG] 🤖 [MS3-PKG] [DEBUG] 🤖 [MS3-PKG] [DEBUG] 🤖 [MS3-PKG] [DEBUG] 🤖 [MS3-PKG] [DEBUG] 🤖 [MS3-PKG] [DEBUG] 🤖 [MS3-PKG] [DEBUG] 🤖 [MS3-PKG] [DEBUG] 🤖 [MS3-PKG] [DEBUG] 🤖 [MS3-PKG] [DEBUG] 🤖 [MS3-PKG] [DEBUG] 🤖 [MS3-PKG] [DEBUG] 🤖 [MS3-PKG] [DEBUG] ✅ [analyzeJoiSchema] Processing object schema with 2 keys
🤖 [MS3-PKG] [DEBUG] 🤖 [MS3-PKG] [DEBUG] 🤖 [MS3-PKG] [DEBUG] 🤖 [MS3-PKG] [DEBUG] 🤖 [MS3-PKG] [DEBUG] 🤖 [MS3-PKG] [DEBUG] 🤖 [MS3-PKG] [DEBUG] 🤖 [MS3-PKG] [DEBUG] 🤖 [MS3-PKG] [DEBUG] 🤖 [MS3-PKG] [DEBUG] 🤖 [MS3-PKG] [DEBUG] 🤖 [MS3-PKG] [DEBUG] 🤖 [MS3-PKG] [DEBUG] 🤖 [MS3-PKG] [DEBUG] 🔑 [analyzeJoiSchema] Processing field: web3authConfig
🤖 [MS3-PKG] [DEBUG] 🤖 [MS3-PKG] [DEBUG] 🤖 [MS3-PKG] [DEBUG] 🤖 [MS3-PKG] [DEBUG] 🤖 [MS3-PKG] [DEBUG] 🤖 [MS3-PKG] [DEBUG] 🤖 [MS3-PKG] [DEBUG] 🤖 [MS3-PKG] [DEBUG] 🤖 [MS3-PKG] [DEBUG] 🤖 [MS3-PKG] [DEBUG] 🤖 [MS3-PKG] [DEBUG] 🤖 [MS3-PKG] [DEBUG] 🤖 [MS3-PKG] [DEBUG] 🤖 [MS3-PKG] [DEBUG] 📝 [analyzeJoiSchema] Field description: {
  type: [32m&apos;object&apos;[39m,
  flags: {
    presence: [32m&apos;required&apos;[39m,
    description: [32m&apos;Web3Auth configuration object&apos;[39m
  },
  keys: {
    clientId: { type: [32m&apos;string&apos;[39m, flags: [36m[Object][39m },
    web3AuthNetwork: { type: [32m&apos;string&apos;[39m, flags: [36m[Object][39m, allow: [36m[Array][39m },
    chainConfig: { type: [32m&apos;object&apos;[39m, flags: [36m[Object][39m, keys: [36m[Object][39m },
    loginConfig: { type: [32m&apos;object&apos;[39m, flags: [36m[Object][39m },
    privateKeyProvider: { type: [32m&apos;any&apos;[39m, flags: [36m[Object][39m }
  }
}
🤖 [MS3-PKG] [DEBUG] 🤖 [MS3-PKG] [DEBUG] 🤖 [MS3-PKG] [DEBUG] 🤖 [MS3-PKG] [DEBUG] 🤖 [MS3-PKG] [DEBUG] 🤖 [MS3-PKG] [DEBUG] 🤖 [MS3-PKG] [DEBUG] 🤖 [MS3-PKG] [DEBUG] 🤖 [MS3-PKG] [DEBUG] 🤖 [MS3-PKG] [DEBUG] 🤖 [MS3-PKG] [DEBUG] 🤖 [MS3-PKG] [DEBUG] 🤖 [MS3-PKG] [DEBUG] 🤖 [MS3-PKG] [DEBUG] 📊 [analyzeJoiSchema] Field web3authConfig: type=object, required=true, message=&quot;Web3Auth configuration object&quot;
🤖 [MS3-PKG] [DEBUG] 🤖 [MS3-PKG] [DEBUG] 🤖 [MS3-PKG] [DEBUG] 🤖 [MS3-PKG] [DEBUG] 🤖 [MS3-PKG] [DEBUG] 🤖 [MS3-PKG] [DEBUG] 🤖 [MS3-PKG] [DEBUG] 🤖 [MS3-PKG] [DEBUG] 🤖 [MS3-PKG] [DEBUG] 🤖 [MS3-PKG] [DEBUG] 🤖 [MS3-PKG] [DEBUG] 🤖 [MS3-PKG] [DEBUG] 🤖 [MS3-PKG] [DEBUG] 🤖 [MS3-PKG] [DEBUG] 🔄 [analyzeJoiSchema] Recursing into nested object: web3authConfig
🤖 [MS3-PKG] [DEBUG] 🤖 [MS3-PKG] [DEBUG] 🤖 [MS3-PKG] [DEBUG] 🤖 [MS3-PKG] [DEBUG] 🤖 [MS3-PKG] [DEBUG] 🤖 [MS3-PKG] [DEBUG] 🤖 [MS3-PKG] [DEBUG] 🤖 [MS3-PKG] [DEBUG] 🤖 [MS3-PKG] [DEBUG] 🤖 [MS3-PKG] [DEBUG] 🤖 [MS3-PKG] [DEBUG] 🤖 [MS3-PKG] [DEBUG] 🤖 [MS3-PKG] [DEBUG] 🤖 [MS3-PKG] [DEBUG] 🔑 [analyzeJoiSchema] Processing field: multiChainRpcs
🤖 [MS3-PKG] [DEBUG] 🤖 [MS3-PKG] [DEBUG] 🤖 [MS3-PKG] [DEBUG] 🤖 [MS3-PKG] [DEBUG] 🤖 [MS3-PKG] [DEBUG] 🤖 [MS3-PKG] [DEBUG] 🤖 [MS3-PKG] [DEBUG] 🤖 [MS3-PKG] [DEBUG] 🤖 [MS3-PKG] [DEBUG] 🤖 [MS3-PKG] [DEBUG] 🤖 [MS3-PKG] [DEBUG] 🤖 [MS3-PKG] [DEBUG] 🤖 [MS3-PKG] [DEBUG] 🤖 [MS3-PKG] [DEBUG] 📝 [analyzeJoiSchema] Field description: {
  type: [32m&apos;object&apos;[39m,
  flags: {
    presence: [32m&apos;optional&apos;[39m,
    description: [32m&apos;Multi-chain RPC configuration - maps chain IDs to RPC URL arrays&apos;[39m
  },
  patterns: [ { schema: [36m[Object][39m, rule: [36m[Object][39m } ]
}
🤖 [MS3-PKG] [DEBUG] 🤖 [MS3-PKG] [DEBUG] 🤖 [MS3-PKG] [DEBUG] 🤖 [MS3-PKG] [DEBUG] 🤖 [MS3-PKG] [DEBUG] 🤖 [MS3-PKG] [DEBUG] 🤖 [MS3-PKG] [DEBUG] 🤖 [MS3-PKG] [DEBUG] 🤖 [MS3-PKG] [DEBUG] 🤖 [MS3-PKG] [DEBUG] 🤖 [MS3-PKG] [DEBUG] 🤖 [MS3-PKG] [DEBUG] 🤖 [MS3-PKG] [DEBUG] 🤖 [MS3-PKG] [DEBUG] 📊 [analyzeJoiSchema] Field multiChainRpcs: type=object, required=false, message=&quot;Multi-chain RPC configuration - maps chain IDs to RPC URL arrays&quot;
🤖 [MS3-PKG] [INFO] 🤖 [MS3-PKG] [INFO] 🤖 [MS3-PKG] [INFO] 🤖 [MS3-PKG] [INFO] 🤖 [MS3-PKG] [INFO] 🤖 [MS3-PKG] [INFO] 🤖 [MS3-PKG] [INFO] 🤖 [MS3-PKG] [INFO] 🤖 [MS3-PKG] [INFO] 🤖 [MS3-PKG] [INFO] 🤖 [MS3-PKG] [INFO] 🤖 [MS3-PKG] [INFO] 🤖 [MS3-PKG] [INFO] 🤖 [MS3-PKG] [INFO] 📊 [analyzeJoiSchema] Generated 14 requirements for options
🤖 [MS3-PKG] [DEBUG] 🤖 [MS3-PKG] [DEBUG] 🤖 [MS3-PKG] [DEBUG] 🤖 [MS3-PKG] [DEBUG] 🤖 [MS3-PKG] [DEBUG] 🤖 [MS3-PKG] [DEBUG] 🤖 [MS3-PKG] [DEBUG] 🤖 [MS3-PKG] [DEBUG] 🤖 [MS3-PKG] [DEBUG] 🤖 [MS3-PKG] [DEBUG] 🤖 [MS3-PKG] [DEBUG] 🤖 [MS3-PKG] [DEBUG] 🤖 [MS3-PKG] [DEBUG] 🤖 [MS3-PKG] [DEBUG] 🔍 [getRequirements] Starting analysis for bulk-test-72
🤖 [MS3-PKG] [DEBUG] 🤖 [MS3-PKG] [DEBUG] 🤖 [MS3-PKG] [DEBUG] 🤖 [MS3-PKG] [DEBUG] 🤖 [MS3-PKG] [DEBUG] 🤖 [MS3-PKG] [DEBUG] 🤖 [MS3-PKG] [DEBUG] 🤖 [MS3-PKG] [DEBUG] 🤖 [MS3-PKG] [DEBUG] 🤖 [MS3-PKG] [DEBUG] 🤖 [MS3-PKG] [DEBUG] 🤖 [MS3-PKG] [DEBUG] 🤖 [MS3-PKG] [DEBUG] 🤖 [MS3-PKG] [DEBUG] 🔬 [analyzeJoiSchema] Analyzing schema at path: options
🤖 [MS3-PKG] [DEBUG] 🤖 [MS3-PKG] [DEBUG] 🤖 [MS3-PKG] [DEBUG] 🤖 [MS3-PKG] [DEBUG] 🤖 [MS3-PKG] [DEBUG] 🤖 [MS3-PKG] [DEBUG] 🤖 [MS3-PKG] [DEBUG] 🤖 [MS3-PKG] [DEBUG] 🤖 [MS3-PKG] [DEBUG] 🤖 [MS3-PKG] [DEBUG] 🤖 [MS3-PKG] [DEBUG] 🤖 [MS3-PKG] [DEBUG] 🤖 [MS3-PKG] [DEBUG] 🤖 [MS3-PKG] [DEBUG] 📋 [analyzeJoiSchema] Schema description type: object
🤖 [MS3-PKG] [DEBUG] 🤖 [MS3-PKG] [DEBUG] 🤖 [MS3-PKG] [DEBUG] 🤖 [MS3-PKG] [DEBUG] 🤖 [MS3-PKG] [DEBUG] 🤖 [MS3-PKG] [DEBUG] 🤖 [MS3-PKG] [DEBUG] 🤖 [MS3-PKG] [DEBUG] 🤖 [MS3-PKG] [DEBUG] 🤖 [MS3-PKG] [DEBUG] 🤖 [MS3-PKG] [DEBUG] 🤖 [MS3-PKG] [DEBUG] 🤖 [MS3-PKG] [DEBUG] 🤖 [MS3-PKG] [DEBUG] 📋 [analyzeJoiSchema] Schema keys: [ [32m&apos;privateKey&apos;[39m, [32m&apos;provider&apos;[39m, [32m&apos;multiChainRpcs&apos;[39m ]
🤖 [MS3-PKG] [DEBUG] 🤖 [MS3-PKG] [DEBUG] 🤖 [MS3-PKG] [DEBUG] 🤖 [MS3-PKG] [DEBUG] 🤖 [MS3-PKG] [DEBUG] 🤖 [MS3-PKG] [DEBUG] 🤖 [MS3-PKG] [DEBUG] 🤖 [MS3-PKG] [DEBUG] 🤖 [MS3-PKG] [DEBUG] 🤖 [MS3-PKG] [DEBUG] 🤖 [MS3-PKG] [DEBUG] 🤖 [MS3-PKG] [DEBUG] 🤖 [MS3-PKG] [DEBUG] 🤖 [MS3-PKG] [DEBUG] ✅ [analyzeJoiSchema] Processing object schema with 3 keys
🤖 [MS3-PKG] [DEBUG] 🤖 [MS3-PKG] [DEBUG] 🤖 [MS3-PKG] [DEBUG] 🤖 [MS3-PKG] [DEBUG] 🤖 [MS3-PKG] [DEBUG] 🤖 [MS3-PKG] [DEBUG] 🤖 [MS3-PKG] [DEBUG] 🤖 [MS3-PKG] [DEBUG] 🤖 [MS3-PKG] [DEBUG] 🤖 [MS3-PKG] [DEBUG] 🤖 [MS3-PKG] [DEBUG] 🤖 [MS3-PKG] [DEBUG] 🤖 [MS3-PKG] [DEBUG] 🤖 [MS3-PKG] [DEBUG] 🔑 [analyzeJoiSchema] Processing field: privateKey
🤖 [MS3-PKG] [DEBUG] 🤖 [MS3-PKG] [DEBUG] 🤖 [MS3-PKG] [DEBUG] 🤖 [MS3-PKG] [DEBUG] 🤖 [MS3-PKG] [DEBUG] 🤖 [MS3-PKG] [DEBUG] 🤖 [MS3-PKG] [DEBUG] 🤖 [MS3-PKG] [DEBUG] 🤖 [MS3-PKG] [DEBUG] 🤖 [MS3-PKG] [DEBUG] 🤖 [MS3-PKG] [DEBUG] 🤖 [MS3-PKG] [DEBUG] 🤖 [MS3-PKG] [DEBUG] 🤖 [MS3-PKG] [DEBUG] 📝 [analyzeJoiSchema] Field description: {
  type: [32m&apos;string&apos;[39m,
  flags: {
    presence: [32m&apos;required&apos;[39m,
    description: [32m&apos;Private key for wallet (generates random if not provided)&apos;[39m
  },
  rules: [ { name: [32m&apos;pattern&apos;[39m, args: [36m[Object][39m } ]
}
🤖 [MS3-PKG] [DEBUG] 🤖 [MS3-PKG] [DEBUG] 🤖 [MS3-PKG] [DEBUG] 🤖 [MS3-PKG] [DEBUG] 🤖 [MS3-PKG] [DEBUG] 🤖 [MS3-PKG] [DEBUG] 🤖 [MS3-PKG] [DEBUG] 🤖 [MS3-PKG] [DEBUG] 🤖 [MS3-PKG] [DEBUG] 🤖 [MS3-PKG] [DEBUG] 🤖 [MS3-PKG] [DEBUG] 🤖 [MS3-PKG] [DEBUG] 🤖 [MS3-PKG] [DEBUG] 🤖 [MS3-PKG] [DEBUG] 📊 [analyzeJoiSchema] Field privateKey: type=string, required=true, message=&quot;Private key for wallet (generates random if not provided)&quot;
🤖 [MS3-PKG] [DEBUG] 🤖 [MS3-PKG] [DEBUG] 🤖 [MS3-PKG] [DEBUG] 🤖 [MS3-PKG] [DEBUG] 🤖 [MS3-PKG] [DEBUG] 🤖 [MS3-PKG] [DEBUG] 🤖 [MS3-PKG] [DEBUG] 🤖 [MS3-PKG] [DEBUG] 🤖 [MS3-PKG] [DEBUG] 🤖 [MS3-PKG] [DEBUG] 🤖 [MS3-PKG] [DEBUG] 🤖 [MS3-PKG] [DEBUG] 🤖 [MS3-PKG] [DEBUG] 🤖 [MS3-PKG] [DEBUG] 🔑 [analyzeJoiSchema] Processing field: provider
🤖 [MS3-PKG] [DEBUG] 🤖 [MS3-PKG] [DEBUG] 🤖 [MS3-PKG] [DEBUG] 🤖 [MS3-PKG] [DEBUG] 🤖 [MS3-PKG] [DEBUG] 🤖 [MS3-PKG] [DEBUG] 🤖 [MS3-PKG] [DEBUG] 🤖 [MS3-PKG] [DEBUG] 🤖 [MS3-PKG] [DEBUG] 🤖 [MS3-PKG] [DEBUG] 🤖 [MS3-PKG] [DEBUG] 🤖 [MS3-PKG] [DEBUG] 🤖 [MS3-PKG] [DEBUG] 🤖 [MS3-PKG] [DEBUG] 📝 [analyzeJoiSchema] Field description: {
  type: [32m&apos;object&apos;[39m,
  flags: {
    presence: [32m&apos;optional&apos;[39m,
    description: [32m&apos;Optional provider configuration&apos;[39m
  },
  keys: {
    name: { type: [32m&apos;string&apos;[39m, flags: [36m[Object][39m },
    chainId: { type: [32m&apos;string&apos;[39m, flags: [36m[Object][39m, rules: [36m[Array][39m },
    rpcUrls: { type: [32m&apos;array&apos;[39m, flags: [36m[Object][39m, rules: [36m[Array][39m, items: [36m[Array][39m },
    displayName: { type: [32m&apos;string&apos;[39m, flags: [36m[Object][39m }
  }
}
🤖 [MS3-PKG] [DEBUG] 🤖 [MS3-PKG] [DEBUG] 🤖 [MS3-PKG] [DEBUG] 🤖 [MS3-PKG] [DEBUG] 🤖 [MS3-PKG] [DEBUG] 🤖 [MS3-PKG] [DEBUG] 🤖 [MS3-PKG] [DEBUG] 🤖 [MS3-PKG] [DEBUG] 🤖 [MS3-PKG] [DEBUG] 🤖 [MS3-PKG] [DEBUG] 🤖 [MS3-PKG] [DEBUG] 🤖 [MS3-PKG] [DEBUG] 🤖 [MS3-PKG] [DEBUG] 🤖 [MS3-PKG] [DEBUG] 📊 [analyzeJoiSchema] Field provider: type=object, required=false, message=&quot;Optional provider configuration&quot;
🤖 [MS3-PKG] [DEBUG] 🤖 [MS3-PKG] [DEBUG] 🤖 [MS3-PKG] [DEBUG] 🤖 [MS3-PKG] [DEBUG] 🤖 [MS3-PKG] [DEBUG] 🤖 [MS3-PKG] [DEBUG] 🤖 [MS3-PKG] [DEBUG] 🤖 [MS3-PKG] [DEBUG] 🤖 [MS3-PKG] [DEBUG] 🤖 [MS3-PKG] [DEBUG] 🤖 [MS3-PKG] [DEBUG] 🤖 [MS3-PKG] [DEBUG] 🤖 [MS3-PKG] [DEBUG] 🤖 [MS3-PKG] [DEBUG] 🔄 [analyzeJoiSchema] Recursing into nested object: provider
🤖 [MS3-PKG] [DEBUG] 🤖 [MS3-PKG] [DEBUG] 🤖 [MS3-PKG] [DEBUG] 🤖 [MS3-PKG] [DEBUG] 🤖 [MS3-PKG] [DEBUG] 🤖 [MS3-PKG] [DEBUG] 🤖 [MS3-PKG] [DEBUG] 🤖 [MS3-PKG] [DEBUG] 🤖 [MS3-PKG] [DEBUG] 🤖 [MS3-PKG] [DEBUG] 🤖 [MS3-PKG] [DEBUG] 🤖 [MS3-PKG] [DEBUG] 🤖 [MS3-PKG] [DEBUG] 🤖 [MS3-PKG] [DEBUG] 🔑 [analyzeJoiSchema] Processing field: multiChainRpcs
🤖 [MS3-PKG] [DEBUG] 🤖 [MS3-PKG] [DEBUG] 🤖 [MS3-PKG] [DEBUG] 🤖 [MS3-PKG] [DEBUG] 🤖 [MS3-PKG] [DEBUG] 🤖 [MS3-PKG] [DEBUG] 🤖 [MS3-PKG] [DEBUG] 🤖 [MS3-PKG] [DEBUG] 🤖 [MS3-PKG] [DEBUG] 🤖 [MS3-PKG] [DEBUG] 🤖 [MS3-PKG] [DEBUG] 🤖 [MS3-PKG] [DEBUG] 🤖 [MS3-PKG] [DEBUG] 🤖 [MS3-PKG] [DEBUG] 📝 [analyzeJoiSchema] Field description: {
  type: [32m&apos;object&apos;[39m,
  flags: {
    presence: [32m&apos;optional&apos;[39m,
    description: [32m&apos;Multi-chain RPC configuration - maps chain IDs to RPC URL arrays&apos;[39m
  },
  patterns: [ { schema: [36m[Object][39m, rule: [36m[Object][39m } ]
}
🤖 [MS3-PKG] [DEBUG] 🤖 [MS3-PKG] [DEBUG] 🤖 [MS3-PKG] [DEBUG] 🤖 [MS3-PKG] [DEBUG] 🤖 [MS3-PKG] [DEBUG] 🤖 [MS3-PKG] [DEBUG] 🤖 [MS3-PKG] [DEBUG] 🤖 [MS3-PKG] [DEBUG] 🤖 [MS3-PKG] [DEBUG] 🤖 [MS3-PKG] [DEBUG] 🤖 [MS3-PKG] [DEBUG] 🤖 [MS3-PKG] [DEBUG] 🤖 [MS3-PKG] [DEBUG] 🤖 [MS3-PKG] [DEBUG] 📊 [analyzeJoiSchema] Field multiChainRpcs: type=object, required=false, message=&quot;Multi-chain RPC configuration - maps chain IDs to RPC URL arrays&quot;
🤖 [MS3-PKG] [INFO] 🤖 [MS3-PKG] [INFO] 🤖 [MS3-PKG] [INFO] 🤖 [MS3-PKG] [INFO] 🤖 [MS3-PKG] [INFO] 🤖 [MS3-PKG] [INFO] 🤖 [MS3-PKG] [INFO] 🤖 [MS3-PKG] [INFO] 🤖 [MS3-PKG] [INFO] 🤖 [MS3-PKG] [INFO] 🤖 [MS3-PKG] [INFO] 🤖 [MS3-PKG] [INFO] 🤖 [MS3-PKG] [INFO] 🤖 [MS3-PKG] [INFO] 📊 [analyzeJoiSchema] Generated 7 requirements for options
🤖 [MS3-PKG] [DEBUG] 🤖 [MS3-PKG] [DEBUG] 🤖 [MS3-PKG] [DEBUG] 🤖 [MS3-PKG] [DEBUG] 🤖 [MS3-PKG] [DEBUG] 🤖 [MS3-PKG] [DEBUG] 🤖 [MS3-PKG] [DEBUG] 🤖 [MS3-PKG] [DEBUG] 🤖 [MS3-PKG] [DEBUG] 🤖 [MS3-PKG] [DEBUG] 🤖 [MS3-PKG] [DEBUG] 🤖 [MS3-PKG] [DEBUG] 🤖 [MS3-PKG] [DEBUG] 🤖 [MS3-PKG] [DEBUG] 🔍 [getRequirements] Starting analysis for bulk-test-72
🤖 [MS3-PKG] [DEBUG] 🤖 [MS3-PKG] [DEBUG] 🤖 [MS3-PKG] [DEBUG] 🤖 [MS3-PKG] [DEBUG] 🤖 [MS3-PKG] [DEBUG] 🤖 [MS3-PKG] [DEBUG] 🤖 [MS3-PKG] [DEBUG] 🤖 [MS3-PKG] [DEBUG] 🤖 [MS3-PKG] [DEBUG] 🤖 [MS3-PKG] [DEBUG] 🤖 [MS3-PKG] [DEBUG] 🤖 [MS3-PKG] [DEBUG] 🤖 [MS3-PKG] [DEBUG] 🤖 [MS3-PKG] [DEBUG] 🔬 [analyzeJoiSchema] Analyzing schema at path: options
🤖 [MS3-PKG] [DEBUG] 🤖 [MS3-PKG] [DEBUG] 🤖 [MS3-PKG] [DEBUG] 🤖 [MS3-PKG] [DEBUG] 🤖 [MS3-PKG] [DEBUG] 🤖 [MS3-PKG] [DEBUG] 🤖 [MS3-PKG] [DEBUG] 🤖 [MS3-PKG] [DEBUG] 🤖 [MS3-PKG] [DEBUG] 🤖 [MS3-PKG] [DEBUG] 🤖 [MS3-PKG] [DEBUG] 🤖 [MS3-PKG] [DEBUG] 🤖 [MS3-PKG] [DEBUG] 🤖 [MS3-PKG] [DEBUG] 📋 [analyzeJoiSchema] Schema description type: object
🤖 [MS3-PKG] [DEBUG] 🤖 [MS3-PKG] [DEBUG] 🤖 [MS3-PKG] [DEBUG] 🤖 [MS3-PKG] [DEBUG] 🤖 [MS3-PKG] [DEBUG] 🤖 [MS3-PKG] [DEBUG] 🤖 [MS3-PKG] [DEBUG] 🤖 [MS3-PKG] [DEBUG] 🤖 [MS3-PKG] [DEBUG] 🤖 [MS3-PKG] [DEBUG] 🤖 [MS3-PKG] [DEBUG] 🤖 [MS3-PKG] [DEBUG] 🤖 [MS3-PKG] [DEBUG] 🤖 [MS3-PKG] [DEBUG] 📋 [analyzeJoiSchema] Schema keys: [ [32m&apos;web3authConfig&apos;[39m, [32m&apos;multiChainRpcs&apos;[39m ]
🤖 [MS3-PKG] [DEBUG] 🤖 [MS3-PKG] [DEBUG] 🤖 [MS3-PKG] [DEBUG] 🤖 [MS3-PKG] [DEBUG] 🤖 [MS3-PKG] [DEBUG] 🤖 [MS3-PKG] [DEBUG] 🤖 [MS3-PKG] [DEBUG] 🤖 [MS3-PKG] [DEBUG] 🤖 [MS3-PKG] [DEBUG] 🤖 [MS3-PKG] [DEBUG] 🤖 [MS3-PKG] [DEBUG] 🤖 [MS3-PKG] [DEBUG] 🤖 [MS3-PKG] [DEBUG] 🤖 [MS3-PKG] [DEBUG] ✅ [analyzeJoiSchema] Processing object schema with 2 keys
🤖 [MS3-PKG] [DEBUG] 🤖 [MS3-PKG] [DEBUG] 🤖 [MS3-PKG] [DEBUG] 🤖 [MS3-PKG] [DEBUG] 🤖 [MS3-PKG] [DEBUG] 🤖 [MS3-PKG] [DEBUG] 🤖 [MS3-PKG] [DEBUG] 🤖 [MS3-PKG] [DEBUG] 🤖 [MS3-PKG] [DEBUG] 🤖 [MS3-PKG] [DEBUG] 🤖 [MS3-PKG] [DEBUG] 🤖 [MS3-PKG] [DEBUG] 🤖 [MS3-PKG] [DEBUG] 🤖 [MS3-PKG] [DEBUG] 🔑 [analyzeJoiSchema] Processing field: web3authConfig
🤖 [MS3-PKG] [DEBUG] 🤖 [MS3-PKG] [DEBUG] 🤖 [MS3-PKG] [DEBUG] 🤖 [MS3-PKG] [DEBUG] 🤖 [MS3-PKG] [DEBUG] 🤖 [MS3-PKG] [DEBUG] 🤖 [MS3-PKG] [DEBUG] 🤖 [MS3-PKG] [DEBUG] 🤖 [MS3-PKG] [DEBUG] 🤖 [MS3-PKG] [DEBUG] 🤖 [MS3-PKG] [DEBUG] 🤖 [MS3-PKG] [DEBUG] 🤖 [MS3-PKG] [DEBUG] 🤖 [MS3-PKG] [DEBUG] 📝 [analyzeJoiSchema] Field description: {
  type: [32m&apos;object&apos;[39m,
  flags: {
    presence: [32m&apos;required&apos;[39m,
    description: [32m&apos;Web3Auth configuration object&apos;[39m
  },
  keys: {
    clientId: { type: [32m&apos;string&apos;[39m, flags: [36m[Object][39m },
    web3AuthNetwork: { type: [32m&apos;string&apos;[39m, flags: [36m[Object][39m, allow: [36m[Array][39m },
    chainConfig: { type: [32m&apos;object&apos;[39m, flags: [36m[Object][39m, keys: [36m[Object][39m },
    loginConfig: { type: [32m&apos;object&apos;[39m, flags: [36m[Object][39m },
    privateKeyProvider: { type: [32m&apos;any&apos;[39m, flags: [36m[Object][39m }
  }
}
🤖 [MS3-PKG] [DEBUG] 🤖 [MS3-PKG] [DEBUG] 🤖 [MS3-PKG] [DEBUG] 🤖 [MS3-PKG] [DEBUG] 🤖 [MS3-PKG] [DEBUG] 🤖 [MS3-PKG] [DEBUG] 🤖 [MS3-PKG] [DEBUG] 🤖 [MS3-PKG] [DEBUG] 🤖 [MS3-PKG] [DEBUG] 🤖 [MS3-PKG] [DEBUG] 🤖 [MS3-PKG] [DEBUG] 🤖 [MS3-PKG] [DEBUG] 🤖 [MS3-PKG] [DEBUG] 🤖 [MS3-PKG] [DEBUG] 📊 [analyzeJoiSchema] Field web3authConfig: type=object, required=true, message=&quot;Web3Auth configuration object&quot;
🤖 [MS3-PKG] [DEBUG] 🤖 [MS3-PKG] [DEBUG] 🤖 [MS3-PKG] [DEBUG] 🤖 [MS3-PKG] [DEBUG] 🤖 [MS3-PKG] [DEBUG] 🤖 [MS3-PKG] [DEBUG] 🤖 [MS3-PKG] [DEBUG] 🤖 [MS3-PKG] [DEBUG] 🤖 [MS3-PKG] [DEBUG] 🤖 [MS3-PKG] [DEBUG] 🤖 [MS3-PKG] [DEBUG] 🤖 [MS3-PKG] [DEBUG] 🤖 [MS3-PKG] [DEBUG] 🤖 [MS3-PKG] [DEBUG] 🔄 [analyzeJoiSchema] Recursing into nested object: web3authConfig
🤖 [MS3-PKG] [DEBUG] 🤖 [MS3-PKG] [DEBUG] 🤖 [MS3-PKG] [DEBUG] 🤖 [MS3-PKG] [DEBUG] 🤖 [MS3-PKG] [DEBUG] 🤖 [MS3-PKG] [DEBUG] 🤖 [MS3-PKG] [DEBUG] 🤖 [MS3-PKG] [DEBUG] 🤖 [MS3-PKG] [DEBUG] 🤖 [MS3-PKG] [DEBUG] 🤖 [MS3-PKG] [DEBUG] 🤖 [MS3-PKG] [DEBUG] 🤖 [MS3-PKG] [DEBUG] 🤖 [MS3-PKG] [DEBUG] 🔑 [analyzeJoiSchema] Processing field: multiChainRpcs
🤖 [MS3-PKG] [DEBUG] 🤖 [MS3-PKG] [DEBUG] 🤖 [MS3-PKG] [DEBUG] 🤖 [MS3-PKG] [DEBUG] 🤖 [MS3-PKG] [DEBUG] 🤖 [MS3-PKG] [DEBUG] 🤖 [MS3-PKG] [DEBUG] 🤖 [MS3-PKG] [DEBUG] 🤖 [MS3-PKG] [DEBUG] 🤖 [MS3-PKG] [DEBUG] 🤖 [MS3-PKG] [DEBUG] 🤖 [MS3-PKG] [DEBUG] 🤖 [MS3-PKG] [DEBUG] 🤖 [MS3-PKG] [DEBUG] 📝 [analyzeJoiSchema] Field description: {
  type: [32m&apos;object&apos;[39m,
  flags: {
    presence: [32m&apos;optional&apos;[39m,
    description: [32m&apos;Multi-chain RPC configuration - maps chain IDs to RPC URL arrays&apos;[39m
  },
  patterns: [ { schema: [36m[Object][39m, rule: [36m[Object][39m } ]
}
🤖 [MS3-PKG] [DEBUG] 🤖 [MS3-PKG] [DEBUG] 🤖 [MS3-PKG] [DEBUG] 🤖 [MS3-PKG] [DEBUG] 🤖 [MS3-PKG] [DEBUG] 🤖 [MS3-PKG] [DEBUG] 🤖 [MS3-PKG] [DEBUG] 🤖 [MS3-PKG] [DEBUG] 🤖 [MS3-PKG] [DEBUG] 🤖 [MS3-PKG] [DEBUG] 🤖 [MS3-PKG] [DEBUG] 🤖 [MS3-PKG] [DEBUG] 🤖 [MS3-PKG] [DEBUG] 🤖 [MS3-PKG] [DEBUG] 📊 [analyzeJoiSchema] Field multiChainRpcs: type=object, required=false, message=&quot;Multi-chain RPC configuration - maps chain IDs to RPC URL arrays&quot;
🤖 [MS3-PKG] [INFO] 🤖 [MS3-PKG] [INFO] 🤖 [MS3-PKG] [INFO] 🤖 [MS3-PKG] [INFO] 🤖 [MS3-PKG] [INFO] 🤖 [MS3-PKG] [INFO] 🤖 [MS3-PKG] [INFO] 🤖 [MS3-PKG] [INFO] 🤖 [MS3-PKG] [INFO] 🤖 [MS3-PKG] [INFO] 🤖 [MS3-PKG] [INFO] 🤖 [MS3-PKG] [INFO] 🤖 [MS3-PKG] [INFO] 🤖 [MS3-PKG] [INFO] 📊 [analyzeJoiSchema] Generated 14 requirements for options
🤖 [MS3-PKG] [DEBUG] 🤖 [MS3-PKG] [DEBUG] 🤖 [MS3-PKG] [DEBUG] 🤖 [MS3-PKG] [DEBUG] 🤖 [MS3-PKG] [DEBUG] 🤖 [MS3-PKG] [DEBUG] 🤖 [MS3-PKG] [DEBUG] 🤖 [MS3-PKG] [DEBUG] 🤖 [MS3-PKG] [DEBUG] 🤖 [MS3-PKG] [DEBUG] 🤖 [MS3-PKG] [DEBUG] 🤖 [MS3-PKG] [DEBUG] 🤖 [MS3-PKG] [DEBUG] 🤖 [MS3-PKG] [DEBUG] 🔍 [getRequirements] Starting analysis for bulk-test-73
🤖 [MS3-PKG] [DEBUG] 🤖 [MS3-PKG] [DEBUG] 🤖 [MS3-PKG] [DEBUG] 🤖 [MS3-PKG] [DEBUG] 🤖 [MS3-PKG] [DEBUG] 🤖 [MS3-PKG] [DEBUG] 🤖 [MS3-PKG] [DEBUG] 🤖 [MS3-PKG] [DEBUG] 🤖 [MS3-PKG] [DEBUG] 🤖 [MS3-PKG] [DEBUG] 🤖 [MS3-PKG] [DEBUG] 🤖 [MS3-PKG] [DEBUG] 🤖 [MS3-PKG] [DEBUG] 🤖 [MS3-PKG] [DEBUG] 🔬 [analyzeJoiSchema] Analyzing schema at path: options
🤖 [MS3-PKG] [DEBUG] 🤖 [MS3-PKG] [DEBUG] 🤖 [MS3-PKG] [DEBUG] 🤖 [MS3-PKG] [DEBUG] 🤖 [MS3-PKG] [DEBUG] 🤖 [MS3-PKG] [DEBUG] 🤖 [MS3-PKG] [DEBUG] 🤖 [MS3-PKG] [DEBUG] 🤖 [MS3-PKG] [DEBUG] 🤖 [MS3-PKG] [DEBUG] 🤖 [MS3-PKG] [DEBUG] 🤖 [MS3-PKG] [DEBUG] 🤖 [MS3-PKG] [DEBUG] 🤖 [MS3-PKG] [DEBUG] 📋 [analyzeJoiSchema] Schema description type: object
🤖 [MS3-PKG] [DEBUG] 🤖 [MS3-PKG] [DEBUG] 🤖 [MS3-PKG] [DEBUG] 🤖 [MS3-PKG] [DEBUG] 🤖 [MS3-PKG] [DEBUG] 🤖 [MS3-PKG] [DEBUG] 🤖 [MS3-PKG] [DEBUG] 🤖 [MS3-PKG] [DEBUG] 🤖 [MS3-PKG] [DEBUG] 🤖 [MS3-PKG] [DEBUG] 🤖 [MS3-PKG] [DEBUG] 🤖 [MS3-PKG] [DEBUG] 🤖 [MS3-PKG] [DEBUG] 🤖 [MS3-PKG] [DEBUG] 📋 [analyzeJoiSchema] Schema keys: [ [32m&apos;privateKey&apos;[39m, [32m&apos;provider&apos;[39m, [32m&apos;multiChainRpcs&apos;[39m ]
🤖 [MS3-PKG] [DEBUG] 🤖 [MS3-PKG] [DEBUG] 🤖 [MS3-PKG] [DEBUG] 🤖 [MS3-PKG] [DEBUG] 🤖 [MS3-PKG] [DEBUG] 🤖 [MS3-PKG] [DEBUG] 🤖 [MS3-PKG] [DEBUG] 🤖 [MS3-PKG] [DEBUG] 🤖 [MS3-PKG] [DEBUG] 🤖 [MS3-PKG] [DEBUG] 🤖 [MS3-PKG] [DEBUG] 🤖 [MS3-PKG] [DEBUG] 🤖 [MS3-PKG] [DEBUG] 🤖 [MS3-PKG] [DEBUG] ✅ [analyzeJoiSchema] Processing object schema with 3 keys
🤖 [MS3-PKG] [DEBUG] 🤖 [MS3-PKG] [DEBUG] 🤖 [MS3-PKG] [DEBUG] 🤖 [MS3-PKG] [DEBUG] 🤖 [MS3-PKG] [DEBUG] 🤖 [MS3-PKG] [DEBUG] 🤖 [MS3-PKG] [DEBUG] 🤖 [MS3-PKG] [DEBUG] 🤖 [MS3-PKG] [DEBUG] 🤖 [MS3-PKG] [DEBUG] 🤖 [MS3-PKG] [DEBUG] 🤖 [MS3-PKG] [DEBUG] 🤖 [MS3-PKG] [DEBUG] 🤖 [MS3-PKG] [DEBUG] 🔑 [analyzeJoiSchema] Processing field: privateKey
🤖 [MS3-PKG] [DEBUG] 🤖 [MS3-PKG] [DEBUG] 🤖 [MS3-PKG] [DEBUG] 🤖 [MS3-PKG] [DEBUG] 🤖 [MS3-PKG] [DEBUG] 🤖 [MS3-PKG] [DEBUG] 🤖 [MS3-PKG] [DEBUG] 🤖 [MS3-PKG] [DEBUG] 🤖 [MS3-PKG] [DEBUG] 🤖 [MS3-PKG] [DEBUG] 🤖 [MS3-PKG] [DEBUG] 🤖 [MS3-PKG] [DEBUG] 🤖 [MS3-PKG] [DEBUG] 🤖 [MS3-PKG] [DEBUG] 📝 [analyzeJoiSchema] Field description: {
  type: [32m&apos;string&apos;[39m,
  flags: {
    presence: [32m&apos;required&apos;[39m,
    description: [32m&apos;Private key for wallet (generates random if not provided)&apos;[39m
  },
  rules: [ { name: [32m&apos;pattern&apos;[39m, args: [36m[Object][39m } ]
}
🤖 [MS3-PKG] [DEBUG] 🤖 [MS3-PKG] [DEBUG] 🤖 [MS3-PKG] [DEBUG] 🤖 [MS3-PKG] [DEBUG] 🤖 [MS3-PKG] [DEBUG] 🤖 [MS3-PKG] [DEBUG] 🤖 [MS3-PKG] [DEBUG] 🤖 [MS3-PKG] [DEBUG] 🤖 [MS3-PKG] [DEBUG] 🤖 [MS3-PKG] [DEBUG] 🤖 [MS3-PKG] [DEBUG] 🤖 [MS3-PKG] [DEBUG] 🤖 [MS3-PKG] [DEBUG] 🤖 [MS3-PKG] [DEBUG] 📊 [analyzeJoiSchema] Field privateKey: type=string, required=true, message=&quot;Private key for wallet (generates random if not provided)&quot;
🤖 [MS3-PKG] [DEBUG] 🤖 [MS3-PKG] [DEBUG] 🤖 [MS3-PKG] [DEBUG] 🤖 [MS3-PKG] [DEBUG] 🤖 [MS3-PKG] [DEBUG] 🤖 [MS3-PKG] [DEBUG] 🤖 [MS3-PKG] [DEBUG] 🤖 [MS3-PKG] [DEBUG] 🤖 [MS3-PKG] [DEBUG] 🤖 [MS3-PKG] [DEBUG] 🤖 [MS3-PKG] [DEBUG] 🤖 [MS3-PKG] [DEBUG] 🤖 [MS3-PKG] [DEBUG] 🤖 [MS3-PKG] [DEBUG] 🔑 [analyzeJoiSchema] Processing field: provider
🤖 [MS3-PKG] [DEBUG] 🤖 [MS3-PKG] [DEBUG] 🤖 [MS3-PKG] [DEBUG] 🤖 [MS3-PKG] [DEBUG] 🤖 [MS3-PKG] [DEBUG] 🤖 [MS3-PKG] [DEBUG] 🤖 [MS3-PKG] [DEBUG] 🤖 [MS3-PKG] [DEBUG] 🤖 [MS3-PKG] [DEBUG] 🤖 [MS3-PKG] [DEBUG] 🤖 [MS3-PKG] [DEBUG] 🤖 [MS3-PKG] [DEBUG] 🤖 [MS3-PKG] [DEBUG] 🤖 [MS3-PKG] [DEBUG] 📝 [analyzeJoiSchema] Field description: {
  type: [32m&apos;object&apos;[39m,
  flags: {
    presence: [32m&apos;optional&apos;[39m,
    description: [32m&apos;Optional provider configuration&apos;[39m
  },
  keys: {
    name: { type: [32m&apos;string&apos;[39m, flags: [36m[Object][39m },
    chainId: { type: [32m&apos;string&apos;[39m, flags: [36m[Object][39m, rules: [36m[Array][39m },
    rpcUrls: { type: [32m&apos;array&apos;[39m, flags: [36m[Object][39m, rules: [36m[Array][39m, items: [36m[Array][39m },
    displayName: { type: [32m&apos;string&apos;[39m, flags: [36m[Object][39m }
  }
}
🤖 [MS3-PKG] [DEBUG] 🤖 [MS3-PKG] [DEBUG] 🤖 [MS3-PKG] [DEBUG] 🤖 [MS3-PKG] [DEBUG] 🤖 [MS3-PKG] [DEBUG] 🤖 [MS3-PKG] [DEBUG] 🤖 [MS3-PKG] [DEBUG] 🤖 [MS3-PKG] [DEBUG] 🤖 [MS3-PKG] [DEBUG] 🤖 [MS3-PKG] [DEBUG] 🤖 [MS3-PKG] [DEBUG] 🤖 [MS3-PKG] [DEBUG] 🤖 [MS3-PKG] [DEBUG] 🤖 [MS3-PKG] [DEBUG] 📊 [analyzeJoiSchema] Field provider: type=object, required=false, message=&quot;Optional provider configuration&quot;
🤖 [MS3-PKG] [DEBUG] 🤖 [MS3-PKG] [DEBUG] 🤖 [MS3-PKG] [DEBUG] 🤖 [MS3-PKG] [DEBUG] 🤖 [MS3-PKG] [DEBUG] 🤖 [MS3-PKG] [DEBUG] 🤖 [MS3-PKG] [DEBUG] 🤖 [MS3-PKG] [DEBUG] 🤖 [MS3-PKG] [DEBUG] 🤖 [MS3-PKG] [DEBUG] 🤖 [MS3-PKG] [DEBUG] 🤖 [MS3-PKG] [DEBUG] 🤖 [MS3-PKG] [DEBUG] 🤖 [MS3-PKG] [DEBUG] 🔄 [analyzeJoiSchema] Recursing into nested object: provider
🤖 [MS3-PKG] [DEBUG] 🤖 [MS3-PKG] [DEBUG] 🤖 [MS3-PKG] [DEBUG] 🤖 [MS3-PKG] [DEBUG] 🤖 [MS3-PKG] [DEBUG] 🤖 [MS3-PKG] [DEBUG] 🤖 [MS3-PKG] [DEBUG] 🤖 [MS3-PKG] [DEBUG] 🤖 [MS3-PKG] [DEBUG] 🤖 [MS3-PKG] [DEBUG] 🤖 [MS3-PKG] [DEBUG] 🤖 [MS3-PKG] [DEBUG] 🤖 [MS3-PKG] [DEBUG] 🤖 [MS3-PKG] [DEBUG] 🔑 [analyzeJoiSchema] Processing field: multiChainRpcs
🤖 [MS3-PKG] [DEBUG] 🤖 [MS3-PKG] [DEBUG] 🤖 [MS3-PKG] [DEBUG] 🤖 [MS3-PKG] [DEBUG] 🤖 [MS3-PKG] [DEBUG] 🤖 [MS3-PKG] [DEBUG] 🤖 [MS3-PKG] [DEBUG] 🤖 [MS3-PKG] [DEBUG] 🤖 [MS3-PKG] [DEBUG] 🤖 [MS3-PKG] [DEBUG] 🤖 [MS3-PKG] [DEBUG] 🤖 [MS3-PKG] [DEBUG] 🤖 [MS3-PKG] [DEBUG] 🤖 [MS3-PKG] [DEBUG] 📝 [analyzeJoiSchema] Field description: {
  type: [32m&apos;object&apos;[39m,
  flags: {
    presence: [32m&apos;optional&apos;[39m,
    description: [32m&apos;Multi-chain RPC configuration - maps chain IDs to RPC URL arrays&apos;[39m
  },
  patterns: [ { schema: [36m[Object][39m, rule: [36m[Object][39m } ]
}
🤖 [MS3-PKG] [DEBUG] 🤖 [MS3-PKG] [DEBUG] 🤖 [MS3-PKG] [DEBUG] 🤖 [MS3-PKG] [DEBUG] 🤖 [MS3-PKG] [DEBUG] 🤖 [MS3-PKG] [DEBUG] 🤖 [MS3-PKG] [DEBUG] 🤖 [MS3-PKG] [DEBUG] 🤖 [MS3-PKG] [DEBUG] 🤖 [MS3-PKG] [DEBUG] 🤖 [MS3-PKG] [DEBUG] 🤖 [MS3-PKG] [DEBUG] 🤖 [MS3-PKG] [DEBUG] 🤖 [MS3-PKG] [DEBUG] 📊 [analyzeJoiSchema] Field multiChainRpcs: type=object, required=false, message=&quot;Multi-chain RPC configuration - maps chain IDs to RPC URL arrays&quot;
🤖 [MS3-PKG] [INFO] 🤖 [MS3-PKG] [INFO] 🤖 [MS3-PKG] [INFO] 🤖 [MS3-PKG] [INFO] 🤖 [MS3-PKG] [INFO] 🤖 [MS3-PKG] [INFO] 🤖 [MS3-PKG] [INFO] 🤖 [MS3-PKG] [INFO] 🤖 [MS3-PKG] [INFO] 🤖 [MS3-PKG] [INFO] 🤖 [MS3-PKG] [INFO] 🤖 [MS3-PKG] [INFO] 🤖 [MS3-PKG] [INFO] 🤖 [MS3-PKG] [INFO] 📊 [analyzeJoiSchema] Generated 7 requirements for options
🤖 [MS3-PKG] [DEBUG] 🤖 [MS3-PKG] [DEBUG] 🤖 [MS3-PKG] [DEBUG] 🤖 [MS3-PKG] [DEBUG] 🤖 [MS3-PKG] [DEBUG] 🤖 [MS3-PKG] [DEBUG] 🤖 [MS3-PKG] [DEBUG] 🤖 [MS3-PKG] [DEBUG] 🤖 [MS3-PKG] [DEBUG] 🤖 [MS3-PKG] [DEBUG] 🤖 [MS3-PKG] [DEBUG] 🤖 [MS3-PKG] [DEBUG] 🤖 [MS3-PKG] [DEBUG] 🤖 [MS3-PKG] [DEBUG] 🔍 [getRequirements] Starting analysis for bulk-test-73
🤖 [MS3-PKG] [DEBUG] 🤖 [MS3-PKG] [DEBUG] 🤖 [MS3-PKG] [DEBUG] 🤖 [MS3-PKG] [DEBUG] 🤖 [MS3-PKG] [DEBUG] 🤖 [MS3-PKG] [DEBUG] 🤖 [MS3-PKG] [DEBUG] 🤖 [MS3-PKG] [DEBUG] 🤖 [MS3-PKG] [DEBUG] 🤖 [MS3-PKG] [DEBUG] 🤖 [MS3-PKG] [DEBUG] 🤖 [MS3-PKG] [DEBUG] 🤖 [MS3-PKG] [DEBUG] 🤖 [MS3-PKG] [DEBUG] 🔬 [analyzeJoiSchema] Analyzing schema at path: options
🤖 [MS3-PKG] [DEBUG] 🤖 [MS3-PKG] [DEBUG] 🤖 [MS3-PKG] [DEBUG] 🤖 [MS3-PKG] [DEBUG] 🤖 [MS3-PKG] [DEBUG] 🤖 [MS3-PKG] [DEBUG] 🤖 [MS3-PKG] [DEBUG] 🤖 [MS3-PKG] [DEBUG] 🤖 [MS3-PKG] [DEBUG] 🤖 [MS3-PKG] [DEBUG] 🤖 [MS3-PKG] [DEBUG] 🤖 [MS3-PKG] [DEBUG] 🤖 [MS3-PKG] [DEBUG] 🤖 [MS3-PKG] [DEBUG] 📋 [analyzeJoiSchema] Schema description type: object
🤖 [MS3-PKG] [DEBUG] 🤖 [MS3-PKG] [DEBUG] 🤖 [MS3-PKG] [DEBUG] 🤖 [MS3-PKG] [DEBUG] 🤖 [MS3-PKG] [DEBUG] 🤖 [MS3-PKG] [DEBUG] 🤖 [MS3-PKG] [DEBUG] 🤖 [MS3-PKG] [DEBUG] 🤖 [MS3-PKG] [DEBUG] 🤖 [MS3-PKG] [DEBUG] 🤖 [MS3-PKG] [DEBUG] 🤖 [MS3-PKG] [DEBUG] 🤖 [MS3-PKG] [DEBUG] 🤖 [MS3-PKG] [DEBUG] 📋 [analyzeJoiSchema] Schema keys: [ [32m&apos;web3authConfig&apos;[39m, [32m&apos;multiChainRpcs&apos;[39m ]
🤖 [MS3-PKG] [DEBUG] 🤖 [MS3-PKG] [DEBUG] 🤖 [MS3-PKG] [DEBUG] 🤖 [MS3-PKG] [DEBUG] 🤖 [MS3-PKG] [DEBUG] 🤖 [MS3-PKG] [DEBUG] 🤖 [MS3-PKG] [DEBUG] 🤖 [MS3-PKG] [DEBUG] 🤖 [MS3-PKG] [DEBUG] 🤖 [MS3-PKG] [DEBUG] 🤖 [MS3-PKG] [DEBUG] 🤖 [MS3-PKG] [DEBUG] 🤖 [MS3-PKG] [DEBUG] 🤖 [MS3-PKG] [DEBUG] ✅ [analyzeJoiSchema] Processing object schema with 2 keys
🤖 [MS3-PKG] [DEBUG] 🤖 [MS3-PKG] [DEBUG] 🤖 [MS3-PKG] [DEBUG] 🤖 [MS3-PKG] [DEBUG] 🤖 [MS3-PKG] [DEBUG] 🤖 [MS3-PKG] [DEBUG] 🤖 [MS3-PKG] [DEBUG] 🤖 [MS3-PKG] [DEBUG] 🤖 [MS3-PKG] [DEBUG] 🤖 [MS3-PKG] [DEBUG] 🤖 [MS3-PKG] [DEBUG] 🤖 [MS3-PKG] [DEBUG] 🤖 [MS3-PKG] [DEBUG] 🤖 [MS3-PKG] [DEBUG] 🔑 [analyzeJoiSchema] Processing field: web3authConfig
🤖 [MS3-PKG] [DEBUG] 🤖 [MS3-PKG] [DEBUG] 🤖 [MS3-PKG] [DEBUG] 🤖 [MS3-PKG] [DEBUG] 🤖 [MS3-PKG] [DEBUG] 🤖 [MS3-PKG] [DEBUG] 🤖 [MS3-PKG] [DEBUG] 🤖 [MS3-PKG] [DEBUG] 🤖 [MS3-PKG] [DEBUG] 🤖 [MS3-PKG] [DEBUG] 🤖 [MS3-PKG] [DEBUG] 🤖 [MS3-PKG] [DEBUG] 🤖 [MS3-PKG] [DEBUG] 🤖 [MS3-PKG] [DEBUG] 📝 [analyzeJoiSchema] Field description: {
  type: [32m&apos;object&apos;[39m,
  flags: {
    presence: [32m&apos;required&apos;[39m,
    description: [32m&apos;Web3Auth configuration object&apos;[39m
  },
  keys: {
    clientId: { type: [32m&apos;string&apos;[39m, flags: [36m[Object][39m },
    web3AuthNetwork: { type: [32m&apos;string&apos;[39m, flags: [36m[Object][39m, allow: [36m[Array][39m },
    chainConfig: { type: [32m&apos;object&apos;[39m, flags: [36m[Object][39m, keys: [36m[Object][39m },
    loginConfig: { type: [32m&apos;object&apos;[39m, flags: [36m[Object][39m },
    privateKeyProvider: { type: [32m&apos;any&apos;[39m, flags: [36m[Object][39m }
  }
}
🤖 [MS3-PKG] [DEBUG] 🤖 [MS3-PKG] [DEBUG] 🤖 [MS3-PKG] [DEBUG] 🤖 [MS3-PKG] [DEBUG] 🤖 [MS3-PKG] [DEBUG] 🤖 [MS3-PKG] [DEBUG] 🤖 [MS3-PKG] [DEBUG] 🤖 [MS3-PKG] [DEBUG] 🤖 [MS3-PKG] [DEBUG] 🤖 [MS3-PKG] [DEBUG] 🤖 [MS3-PKG] [DEBUG] 🤖 [MS3-PKG] [DEBUG] 🤖 [MS3-PKG] [DEBUG] 🤖 [MS3-PKG] [DEBUG] 📊 [analyzeJoiSchema] Field web3authConfig: type=object, required=true, message=&quot;Web3Auth configuration object&quot;
🤖 [MS3-PKG] [DEBUG] 🤖 [MS3-PKG] [DEBUG] 🤖 [MS3-PKG] [DEBUG] 🤖 [MS3-PKG] [DEBUG] 🤖 [MS3-PKG] [DEBUG] 🤖 [MS3-PKG] [DEBUG] 🤖 [MS3-PKG] [DEBUG] 🤖 [MS3-PKG] [DEBUG] 🤖 [MS3-PKG] [DEBUG] 🤖 [MS3-PKG] [DEBUG] 🤖 [MS3-PKG] [DEBUG] 🤖 [MS3-PKG] [DEBUG] 🤖 [MS3-PKG] [DEBUG] 🤖 [MS3-PKG] [DEBUG] 🔄 [analyzeJoiSchema] Recursing into nested object: web3authConfig
🤖 [MS3-PKG] [DEBUG] 🤖 [MS3-PKG] [DEBUG] 🤖 [MS3-PKG] [DEBUG] 🤖 [MS3-PKG] [DEBUG] 🤖 [MS3-PKG] [DEBUG] 🤖 [MS3-PKG] [DEBUG] 🤖 [MS3-PKG] [DEBUG] 🤖 [MS3-PKG] [DEBUG] 🤖 [MS3-PKG] [DEBUG] 🤖 [MS3-PKG] [DEBUG] 🤖 [MS3-PKG] [DEBUG] 🤖 [MS3-PKG] [DEBUG] 🤖 [MS3-PKG] [DEBUG] 🤖 [MS3-PKG] [DEBUG] 🔑 [analyzeJoiSchema] Processing field: multiChainRpcs
🤖 [MS3-PKG] [DEBUG] 🤖 [MS3-PKG] [DEBUG] 🤖 [MS3-PKG] [DEBUG] 🤖 [MS3-PKG] [DEBUG] 🤖 [MS3-PKG] [DEBUG] 🤖 [MS3-PKG] [DEBUG] 🤖 [MS3-PKG] [DEBUG] 🤖 [MS3-PKG] [DEBUG] 🤖 [MS3-PKG] [DEBUG] 🤖 [MS3-PKG] [DEBUG] 🤖 [MS3-PKG] [DEBUG] 🤖 [MS3-PKG] [DEBUG] 🤖 [MS3-PKG] [DEBUG] 🤖 [MS3-PKG] [DEBUG] 📝 [analyzeJoiSchema] Field description: {
  type: [32m&apos;object&apos;[39m,
  flags: {
    presence: [32m&apos;optional&apos;[39m,
    description: [32m&apos;Multi-chain RPC configuration - maps chain IDs to RPC URL arrays&apos;[39m
  },
  patterns: [ { schema: [36m[Object][39m, rule: [36m[Object][39m } ]
}
🤖 [MS3-PKG] [DEBUG] 🤖 [MS3-PKG] [DEBUG] 🤖 [MS3-PKG] [DEBUG] 🤖 [MS3-PKG] [DEBUG] 🤖 [MS3-PKG] [DEBUG] 🤖 [MS3-PKG] [DEBUG] 🤖 [MS3-PKG] [DEBUG] 🤖 [MS3-PKG] [DEBUG] 🤖 [MS3-PKG] [DEBUG] 🤖 [MS3-PKG] [DEBUG] 🤖 [MS3-PKG] [DEBUG] 🤖 [MS3-PKG] [DEBUG] 🤖 [MS3-PKG] [DEBUG] 🤖 [MS3-PKG] [DEBUG] 📊 [analyzeJoiSchema] Field multiChainRpcs: type=object, required=false, message=&quot;Multi-chain RPC configuration - maps chain IDs to RPC URL arrays&quot;
🤖 [MS3-PKG] [INFO] 🤖 [MS3-PKG] [INFO] 🤖 [MS3-PKG] [INFO] 🤖 [MS3-PKG] [INFO] 🤖 [MS3-PKG] [INFO] 🤖 [MS3-PKG] [INFO] 🤖 [MS3-PKG] [INFO] 🤖 [MS3-PKG] [INFO] 🤖 [MS3-PKG] [INFO] 🤖 [MS3-PKG] [INFO] 🤖 [MS3-PKG] [INFO] 🤖 [MS3-PKG] [INFO] 🤖 [MS3-PKG] [INFO] 🤖 [MS3-PKG] [INFO] 📊 [analyzeJoiSchema] Generated 14 requirements for options
🤖 [MS3-PKG] [DEBUG] 🤖 [MS3-PKG] [DEBUG] 🤖 [MS3-PKG] [DEBUG] 🤖 [MS3-PKG] [DEBUG] 🤖 [MS3-PKG] [DEBUG] 🤖 [MS3-PKG] [DEBUG] 🤖 [MS3-PKG] [DEBUG] 🤖 [MS3-PKG] [DEBUG] 🤖 [MS3-PKG] [DEBUG] 🤖 [MS3-PKG] [DEBUG] 🤖 [MS3-PKG] [DEBUG] 🤖 [MS3-PKG] [DEBUG] 🤖 [MS3-PKG] [DEBUG] 🤖 [MS3-PKG] [DEBUG] 🔍 [getRequirements] Starting analysis for bulk-test-74
🤖 [MS3-PKG] [DEBUG] 🤖 [MS3-PKG] [DEBUG] 🤖 [MS3-PKG] [DEBUG] 🤖 [MS3-PKG] [DEBUG] 🤖 [MS3-PKG] [DEBUG] 🤖 [MS3-PKG] [DEBUG] 🤖 [MS3-PKG] [DEBUG] 🤖 [MS3-PKG] [DEBUG] 🤖 [MS3-PKG] [DEBUG] 🤖 [MS3-PKG] [DEBUG] 🤖 [MS3-PKG] [DEBUG] 🤖 [MS3-PKG] [DEBUG] 🤖 [MS3-PKG] [DEBUG] 🤖 [MS3-PKG] [DEBUG] 🔬 [analyzeJoiSchema] Analyzing schema at path: options
🤖 [MS3-PKG] [DEBUG] 🤖 [MS3-PKG] [DEBUG] 🤖 [MS3-PKG] [DEBUG] 🤖 [MS3-PKG] [DEBUG] 🤖 [MS3-PKG] [DEBUG] 🤖 [MS3-PKG] [DEBUG] 🤖 [MS3-PKG] [DEBUG] 🤖 [MS3-PKG] [DEBUG] 🤖 [MS3-PKG] [DEBUG] 🤖 [MS3-PKG] [DEBUG] 🤖 [MS3-PKG] [DEBUG] 🤖 [MS3-PKG] [DEBUG] 🤖 [MS3-PKG] [DEBUG] 🤖 [MS3-PKG] [DEBUG] 📋 [analyzeJoiSchema] Schema description type: object
🤖 [MS3-PKG] [DEBUG] 🤖 [MS3-PKG] [DEBUG] 🤖 [MS3-PKG] [DEBUG] 🤖 [MS3-PKG] [DEBUG] 🤖 [MS3-PKG] [DEBUG] 🤖 [MS3-PKG] [DEBUG] 🤖 [MS3-PKG] [DEBUG] 🤖 [MS3-PKG] [DEBUG] 🤖 [MS3-PKG] [DEBUG] 🤖 [MS3-PKG] [DEBUG] 🤖 [MS3-PKG] [DEBUG] 🤖 [MS3-PKG] [DEBUG] 🤖 [MS3-PKG] [DEBUG] 🤖 [MS3-PKG] [DEBUG] 📋 [analyzeJoiSchema] Schema keys: [ [32m&apos;privateKey&apos;[39m, [32m&apos;provider&apos;[39m, [32m&apos;multiChainRpcs&apos;[39m ]
🤖 [MS3-PKG] [DEBUG] 🤖 [MS3-PKG] [DEBUG] 🤖 [MS3-PKG] [DEBUG] 🤖 [MS3-PKG] [DEBUG] 🤖 [MS3-PKG] [DEBUG] 🤖 [MS3-PKG] [DEBUG] 🤖 [MS3-PKG] [DEBUG] 🤖 [MS3-PKG] [DEBUG] 🤖 [MS3-PKG] [DEBUG] 🤖 [MS3-PKG] [DEBUG] 🤖 [MS3-PKG] [DEBUG] 🤖 [MS3-PKG] [DEBUG] 🤖 [MS3-PKG] [DEBUG] 🤖 [MS3-PKG] [DEBUG] ✅ [analyzeJoiSchema] Processing object schema with 3 keys
🤖 [MS3-PKG] [DEBUG] 🤖 [MS3-PKG] [DEBUG] 🤖 [MS3-PKG] [DEBUG] 🤖 [MS3-PKG] [DEBUG] 🤖 [MS3-PKG] [DEBUG] 🤖 [MS3-PKG] [DEBUG] 🤖 [MS3-PKG] [DEBUG] 🤖 [MS3-PKG] [DEBUG] 🤖 [MS3-PKG] [DEBUG] 🤖 [MS3-PKG] [DEBUG] 🤖 [MS3-PKG] [DEBUG] 🤖 [MS3-PKG] [DEBUG] 🤖 [MS3-PKG] [DEBUG] 🤖 [MS3-PKG] [DEBUG] 🔑 [analyzeJoiSchema] Processing field: privateKey
🤖 [MS3-PKG] [DEBUG] 🤖 [MS3-PKG] [DEBUG] 🤖 [MS3-PKG] [DEBUG] 🤖 [MS3-PKG] [DEBUG] 🤖 [MS3-PKG] [DEBUG] 🤖 [MS3-PKG] [DEBUG] 🤖 [MS3-PKG] [DEBUG] 🤖 [MS3-PKG] [DEBUG] 🤖 [MS3-PKG] [DEBUG] 🤖 [MS3-PKG] [DEBUG] 🤖 [MS3-PKG] [DEBUG] 🤖 [MS3-PKG] [DEBUG] 🤖 [MS3-PKG] [DEBUG] 🤖 [MS3-PKG] [DEBUG] 📝 [analyzeJoiSchema] Field description: {
  type: [32m&apos;string&apos;[39m,
  flags: {
    presence: [32m&apos;required&apos;[39m,
    description: [32m&apos;Private key for wallet (generates random if not provided)&apos;[39m
  },
  rules: [ { name: [32m&apos;pattern&apos;[39m, args: [36m[Object][39m } ]
}
🤖 [MS3-PKG] [DEBUG] 🤖 [MS3-PKG] [DEBUG] 🤖 [MS3-PKG] [DEBUG] 🤖 [MS3-PKG] [DEBUG] 🤖 [MS3-PKG] [DEBUG] 🤖 [MS3-PKG] [DEBUG] 🤖 [MS3-PKG] [DEBUG] 🤖 [MS3-PKG] [DEBUG] 🤖 [MS3-PKG] [DEBUG] 🤖 [MS3-PKG] [DEBUG] 🤖 [MS3-PKG] [DEBUG] 🤖 [MS3-PKG] [DEBUG] 🤖 [MS3-PKG] [DEBUG] 🤖 [MS3-PKG] [DEBUG] 📊 [analyzeJoiSchema] Field privateKey: type=string, required=true, message=&quot;Private key for wallet (generates random if not provided)&quot;
🤖 [MS3-PKG] [DEBUG] 🤖 [MS3-PKG] [DEBUG] 🤖 [MS3-PKG] [DEBUG] 🤖 [MS3-PKG] [DEBUG] 🤖 [MS3-PKG] [DEBUG] 🤖 [MS3-PKG] [DEBUG] 🤖 [MS3-PKG] [DEBUG] 🤖 [MS3-PKG] [DEBUG] 🤖 [MS3-PKG] [DEBUG] 🤖 [MS3-PKG] [DEBUG] 🤖 [MS3-PKG] [DEBUG] 🤖 [MS3-PKG] [DEBUG] 🤖 [MS3-PKG] [DEBUG] 🤖 [MS3-PKG] [DEBUG] 🔑 [analyzeJoiSchema] Processing field: provider
🤖 [MS3-PKG] [DEBUG] 🤖 [MS3-PKG] [DEBUG] 🤖 [MS3-PKG] [DEBUG] 🤖 [MS3-PKG] [DEBUG] 🤖 [MS3-PKG] [DEBUG] 🤖 [MS3-PKG] [DEBUG] 🤖 [MS3-PKG] [DEBUG] 🤖 [MS3-PKG] [DEBUG] 🤖 [MS3-PKG] [DEBUG] 🤖 [MS3-PKG] [DEBUG] 🤖 [MS3-PKG] [DEBUG] 🤖 [MS3-PKG] [DEBUG] 🤖 [MS3-PKG] [DEBUG] 🤖 [MS3-PKG] [DEBUG] 📝 [analyzeJoiSchema] Field description: {
  type: [32m&apos;object&apos;[39m,
  flags: {
    presence: [32m&apos;optional&apos;[39m,
    description: [32m&apos;Optional provider configuration&apos;[39m
  },
  keys: {
    name: { type: [32m&apos;string&apos;[39m, flags: [36m[Object][39m },
    chainId: { type: [32m&apos;string&apos;[39m, flags: [36m[Object][39m, rules: [36m[Array][39m },
    rpcUrls: { type: [32m&apos;array&apos;[39m, flags: [36m[Object][39m, rules: [36m[Array][39m, items: [36m[Array][39m },
    displayName: { type: [32m&apos;string&apos;[39m, flags: [36m[Object][39m }
  }
}
🤖 [MS3-PKG] [DEBUG] 🤖 [MS3-PKG] [DEBUG] 🤖 [MS3-PKG] [DEBUG] 🤖 [MS3-PKG] [DEBUG] 🤖 [MS3-PKG] [DEBUG] 🤖 [MS3-PKG] [DEBUG] 🤖 [MS3-PKG] [DEBUG] 🤖 [MS3-PKG] [DEBUG] 🤖 [MS3-PKG] [DEBUG] 🤖 [MS3-PKG] [DEBUG] 🤖 [MS3-PKG] [DEBUG] 🤖 [MS3-PKG] [DEBUG] 🤖 [MS3-PKG] [DEBUG] 🤖 [MS3-PKG] [DEBUG] 📊 [analyzeJoiSchema] Field provider: type=object, required=false, message=&quot;Optional provider configuration&quot;
🤖 [MS3-PKG] [DEBUG] 🤖 [MS3-PKG] [DEBUG] 🤖 [MS3-PKG] [DEBUG] 🤖 [MS3-PKG] [DEBUG] 🤖 [MS3-PKG] [DEBUG] 🤖 [MS3-PKG] [DEBUG] 🤖 [MS3-PKG] [DEBUG] 🤖 [MS3-PKG] [DEBUG] 🤖 [MS3-PKG] [DEBUG] 🤖 [MS3-PKG] [DEBUG] 🤖 [MS3-PKG] [DEBUG] 🤖 [MS3-PKG] [DEBUG] 🤖 [MS3-PKG] [DEBUG] 🤖 [MS3-PKG] [DEBUG] 🔄 [analyzeJoiSchema] Recursing into nested object: provider
🤖 [MS3-PKG] [DEBUG] 🤖 [MS3-PKG] [DEBUG] 🤖 [MS3-PKG] [DEBUG] 🤖 [MS3-PKG] [DEBUG] 🤖 [MS3-PKG] [DEBUG] 🤖 [MS3-PKG] [DEBUG] 🤖 [MS3-PKG] [DEBUG] 🤖 [MS3-PKG] [DEBUG] 🤖 [MS3-PKG] [DEBUG] 🤖 [MS3-PKG] [DEBUG] 🤖 [MS3-PKG] [DEBUG] 🤖 [MS3-PKG] [DEBUG] 🤖 [MS3-PKG] [DEBUG] 🤖 [MS3-PKG] [DEBUG] 🔑 [analyzeJoiSchema] Processing field: multiChainRpcs
🤖 [MS3-PKG] [DEBUG] 🤖 [MS3-PKG] [DEBUG] 🤖 [MS3-PKG] [DEBUG] 🤖 [MS3-PKG] [DEBUG] 🤖 [MS3-PKG] [DEBUG] 🤖 [MS3-PKG] [DEBUG] 🤖 [MS3-PKG] [DEBUG] 🤖 [MS3-PKG] [DEBUG] 🤖 [MS3-PKG] [DEBUG] 🤖 [MS3-PKG] [DEBUG] 🤖 [MS3-PKG] [DEBUG] 🤖 [MS3-PKG] [DEBUG] 🤖 [MS3-PKG] [DEBUG] 🤖 [MS3-PKG] [DEBUG] 📝 [analyzeJoiSchema] Field description: {
  type: [32m&apos;object&apos;[39m,
  flags: {
    presence: [32m&apos;optional&apos;[39m,
    description: [32m&apos;Multi-chain RPC configuration - maps chain IDs to RPC URL arrays&apos;[39m
  },
  patterns: [ { schema: [36m[Object][39m, rule: [36m[Object][39m } ]
}
🤖 [MS3-PKG] [DEBUG] 🤖 [MS3-PKG] [DEBUG] 🤖 [MS3-PKG] [DEBUG] 🤖 [MS3-PKG] [DEBUG] 🤖 [MS3-PKG] [DEBUG] 🤖 [MS3-PKG] [DEBUG] 🤖 [MS3-PKG] [DEBUG] 🤖 [MS3-PKG] [DEBUG] 🤖 [MS3-PKG] [DEBUG] 🤖 [MS3-PKG] [DEBUG] 🤖 [MS3-PKG] [DEBUG] 🤖 [MS3-PKG] [DEBUG] 🤖 [MS3-PKG] [DEBUG] 🤖 [MS3-PKG] [DEBUG] 📊 [analyzeJoiSchema] Field multiChainRpcs: type=object, required=false, message=&quot;Multi-chain RPC configuration - maps chain IDs to RPC URL arrays&quot;
🤖 [MS3-PKG] [INFO] 🤖 [MS3-PKG] [INFO] 🤖 [MS3-PKG] [INFO] 🤖 [MS3-PKG] [INFO] 🤖 [MS3-PKG] [INFO] 🤖 [MS3-PKG] [INFO] 🤖 [MS3-PKG] [INFO] 🤖 [MS3-PKG] [INFO] 🤖 [MS3-PKG] [INFO] 🤖 [MS3-PKG] [INFO] 🤖 [MS3-PKG] [INFO] 🤖 [MS3-PKG] [INFO] 🤖 [MS3-PKG] [INFO] 🤖 [MS3-PKG] [INFO] 📊 [analyzeJoiSchema] Generated 7 requirements for options
🤖 [MS3-PKG] [DEBUG] 🤖 [MS3-PKG] [DEBUG] 🤖 [MS3-PKG] [DEBUG] 🤖 [MS3-PKG] [DEBUG] 🤖 [MS3-PKG] [DEBUG] 🤖 [MS3-PKG] [DEBUG] 🤖 [MS3-PKG] [DEBUG] 🤖 [MS3-PKG] [DEBUG] 🤖 [MS3-PKG] [DEBUG] 🤖 [MS3-PKG] [DEBUG] 🤖 [MS3-PKG] [DEBUG] 🤖 [MS3-PKG] [DEBUG] 🤖 [MS3-PKG] [DEBUG] 🤖 [MS3-PKG] [DEBUG] 🔍 [getRequirements] Starting analysis for bulk-test-74
🤖 [MS3-PKG] [DEBUG] 🤖 [MS3-PKG] [DEBUG] 🤖 [MS3-PKG] [DEBUG] 🤖 [MS3-PKG] [DEBUG] 🤖 [MS3-PKG] [DEBUG] 🤖 [MS3-PKG] [DEBUG] 🤖 [MS3-PKG] [DEBUG] 🤖 [MS3-PKG] [DEBUG] 🤖 [MS3-PKG] [DEBUG] 🤖 [MS3-PKG] [DEBUG] 🤖 [MS3-PKG] [DEBUG] 🤖 [MS3-PKG] [DEBUG] 🤖 [MS3-PKG] [DEBUG] 🤖 [MS3-PKG] [DEBUG] 🔬 [analyzeJoiSchema] Analyzing schema at path: options
🤖 [MS3-PKG] [DEBUG] 🤖 [MS3-PKG] [DEBUG] 🤖 [MS3-PKG] [DEBUG] 🤖 [MS3-PKG] [DEBUG] 🤖 [MS3-PKG] [DEBUG] 🤖 [MS3-PKG] [DEBUG] 🤖 [MS3-PKG] [DEBUG] 🤖 [MS3-PKG] [DEBUG] 🤖 [MS3-PKG] [DEBUG] 🤖 [MS3-PKG] [DEBUG] 🤖 [MS3-PKG] [DEBUG] 🤖 [MS3-PKG] [DEBUG] 🤖 [MS3-PKG] [DEBUG] 🤖 [MS3-PKG] [DEBUG] 📋 [analyzeJoiSchema] Schema description type: object
🤖 [MS3-PKG] [DEBUG] 🤖 [MS3-PKG] [DEBUG] 🤖 [MS3-PKG] [DEBUG] 🤖 [MS3-PKG] [DEBUG] 🤖 [MS3-PKG] [DEBUG] 🤖 [MS3-PKG] [DEBUG] 🤖 [MS3-PKG] [DEBUG] 🤖 [MS3-PKG] [DEBUG] 🤖 [MS3-PKG] [DEBUG] 🤖 [MS3-PKG] [DEBUG] 🤖 [MS3-PKG] [DEBUG] 🤖 [MS3-PKG] [DEBUG] 🤖 [MS3-PKG] [DEBUG] 🤖 [MS3-PKG] [DEBUG] 📋 [analyzeJoiSchema] Schema keys: [ [32m&apos;web3authConfig&apos;[39m, [32m&apos;multiChainRpcs&apos;[39m ]
🤖 [MS3-PKG] [DEBUG] 🤖 [MS3-PKG] [DEBUG] 🤖 [MS3-PKG] [DEBUG] 🤖 [MS3-PKG] [DEBUG] 🤖 [MS3-PKG] [DEBUG] 🤖 [MS3-PKG] [DEBUG] 🤖 [MS3-PKG] [DEBUG] 🤖 [MS3-PKG] [DEBUG] 🤖 [MS3-PKG] [DEBUG] 🤖 [MS3-PKG] [DEBUG] 🤖 [MS3-PKG] [DEBUG] 🤖 [MS3-PKG] [DEBUG] 🤖 [MS3-PKG] [DEBUG] 🤖 [MS3-PKG] [DEBUG] ✅ [analyzeJoiSchema] Processing object schema with 2 keys
🤖 [MS3-PKG] [DEBUG] 🤖 [MS3-PKG] [DEBUG] 🤖 [MS3-PKG] [DEBUG] 🤖 [MS3-PKG] [DEBUG] 🤖 [MS3-PKG] [DEBUG] 🤖 [MS3-PKG] [DEBUG] 🤖 [MS3-PKG] [DEBUG] 🤖 [MS3-PKG] [DEBUG] 🤖 [MS3-PKG] [DEBUG] 🤖 [MS3-PKG] [DEBUG] 🤖 [MS3-PKG] [DEBUG] 🤖 [MS3-PKG] [DEBUG] 🤖 [MS3-PKG] [DEBUG] 🤖 [MS3-PKG] [DEBUG] 🔑 [analyzeJoiSchema] Processing field: web3authConfig
🤖 [MS3-PKG] [DEBUG] 🤖 [MS3-PKG] [DEBUG] 🤖 [MS3-PKG] [DEBUG] 🤖 [MS3-PKG] [DEBUG] 🤖 [MS3-PKG] [DEBUG] 🤖 [MS3-PKG] [DEBUG] 🤖 [MS3-PKG] [DEBUG] 🤖 [MS3-PKG] [DEBUG] 🤖 [MS3-PKG] [DEBUG] 🤖 [MS3-PKG] [DEBUG] 🤖 [MS3-PKG] [DEBUG] 🤖 [MS3-PKG] [DEBUG] 🤖 [MS3-PKG] [DEBUG] 🤖 [MS3-PKG] [DEBUG] 📝 [analyzeJoiSchema] Field description: {
  type: [32m&apos;object&apos;[39m,
  flags: {
    presence: [32m&apos;required&apos;[39m,
    description: [32m&apos;Web3Auth configuration object&apos;[39m
  },
  keys: {
    clientId: { type: [32m&apos;string&apos;[39m, flags: [36m[Object][39m },
    web3AuthNetwork: { type: [32m&apos;string&apos;[39m, flags: [36m[Object][39m, allow: [36m[Array][39m },
    chainConfig: { type: [32m&apos;object&apos;[39m, flags: [36m[Object][39m, keys: [36m[Object][39m },
    loginConfig: { type: [32m&apos;object&apos;[39m, flags: [36m[Object][39m },
    privateKeyProvider: { type: [32m&apos;any&apos;[39m, flags: [36m[Object][39m }
  }
}
🤖 [MS3-PKG] [DEBUG] 🤖 [MS3-PKG] [DEBUG] 🤖 [MS3-PKG] [DEBUG] 🤖 [MS3-PKG] [DEBUG] 🤖 [MS3-PKG] [DEBUG] 🤖 [MS3-PKG] [DEBUG] 🤖 [MS3-PKG] [DEBUG] 🤖 [MS3-PKG] [DEBUG] 🤖 [MS3-PKG] [DEBUG] 🤖 [MS3-PKG] [DEBUG] 🤖 [MS3-PKG] [DEBUG] 🤖 [MS3-PKG] [DEBUG] 🤖 [MS3-PKG] [DEBUG] 🤖 [MS3-PKG] [DEBUG] 📊 [analyzeJoiSchema] Field web3authConfig: type=object, required=true, message=&quot;Web3Auth configuration object&quot;
🤖 [MS3-PKG] [DEBUG] 🤖 [MS3-PKG] [DEBUG] 🤖 [MS3-PKG] [DEBUG] 🤖 [MS3-PKG] [DEBUG] 🤖 [MS3-PKG] [DEBUG] 🤖 [MS3-PKG] [DEBUG] 🤖 [MS3-PKG] [DEBUG] 🤖 [MS3-PKG] [DEBUG] 🤖 [MS3-PKG] [DEBUG] 🤖 [MS3-PKG] [DEBUG] 🤖 [MS3-PKG] [DEBUG] 🤖 [MS3-PKG] [DEBUG] 🤖 [MS3-PKG] [DEBUG] 🤖 [MS3-PKG] [DEBUG] 🔄 [analyzeJoiSchema] Recursing into nested object: web3authConfig
🤖 [MS3-PKG] [DEBUG] 🤖 [MS3-PKG] [DEBUG] 🤖 [MS3-PKG] [DEBUG] 🤖 [MS3-PKG] [DEBUG] 🤖 [MS3-PKG] [DEBUG] 🤖 [MS3-PKG] [DEBUG] 🤖 [MS3-PKG] [DEBUG] 🤖 [MS3-PKG] [DEBUG] 🤖 [MS3-PKG] [DEBUG] 🤖 [MS3-PKG] [DEBUG] 🤖 [MS3-PKG] [DEBUG] 🤖 [MS3-PKG] [DEBUG] 🤖 [MS3-PKG] [DEBUG] 🤖 [MS3-PKG] [DEBUG] 🔑 [analyzeJoiSchema] Processing field: multiChainRpcs
🤖 [MS3-PKG] [DEBUG] 🤖 [MS3-PKG] [DEBUG] 🤖 [MS3-PKG] [DEBUG] 🤖 [MS3-PKG] [DEBUG] 🤖 [MS3-PKG] [DEBUG] 🤖 [MS3-PKG] [DEBUG] 🤖 [MS3-PKG] [DEBUG] 🤖 [MS3-PKG] [DEBUG] 🤖 [MS3-PKG] [DEBUG] 🤖 [MS3-PKG] [DEBUG] 🤖 [MS3-PKG] [DEBUG] 🤖 [MS3-PKG] [DEBUG] 🤖 [MS3-PKG] [DEBUG] 🤖 [MS3-PKG] [DEBUG] 📝 [analyzeJoiSchema] Field description: {
  type: [32m&apos;object&apos;[39m,
  flags: {
    presence: [32m&apos;optional&apos;[39m,
    description: [32m&apos;Multi-chain RPC configuration - maps chain IDs to RPC URL arrays&apos;[39m
  },
  patterns: [ { schema: [36m[Object][39m, rule: [36m[Object][39m } ]
}
🤖 [MS3-PKG] [DEBUG] 🤖 [MS3-PKG] [DEBUG] 🤖 [MS3-PKG] [DEBUG] 🤖 [MS3-PKG] [DEBUG] 🤖 [MS3-PKG] [DEBUG] 🤖 [MS3-PKG] [DEBUG] 🤖 [MS3-PKG] [DEBUG] 🤖 [MS3-PKG] [DEBUG] 🤖 [MS3-PKG] [DEBUG] 🤖 [MS3-PKG] [DEBUG] 🤖 [MS3-PKG] [DEBUG] 🤖 [MS3-PKG] [DEBUG] 🤖 [MS3-PKG] [DEBUG] 🤖 [MS3-PKG] [DEBUG] 📊 [analyzeJoiSchema] Field multiChainRpcs: type=object, required=false, message=&quot;Multi-chain RPC configuration - maps chain IDs to RPC URL arrays&quot;
🤖 [MS3-PKG] [INFO] 🤖 [MS3-PKG] [INFO] 🤖 [MS3-PKG] [INFO] 🤖 [MS3-PKG] [INFO] 🤖 [MS3-PKG] [INFO] 🤖 [MS3-PKG] [INFO] 🤖 [MS3-PKG] [INFO] 🤖 [MS3-PKG] [INFO] 🤖 [MS3-PKG] [INFO] 🤖 [MS3-PKG] [INFO] 🤖 [MS3-PKG] [INFO] 🤖 [MS3-PKG] [INFO] 🤖 [MS3-PKG] [INFO] 🤖 [MS3-PKG] [INFO] 📊 [analyzeJoiSchema] Generated 14 requirements for options
🤖 [MS3-PKG] [DEBUG] 🤖 [MS3-PKG] [DEBUG] 🤖 [MS3-PKG] [DEBUG] 🤖 [MS3-PKG] [DEBUG] 🤖 [MS3-PKG] [DEBUG] 🤖 [MS3-PKG] [DEBUG] 🤖 [MS3-PKG] [DEBUG] 🤖 [MS3-PKG] [DEBUG] 🤖 [MS3-PKG] [DEBUG] 🤖 [MS3-PKG] [DEBUG] 🤖 [MS3-PKG] [DEBUG] 🤖 [MS3-PKG] [DEBUG] 🤖 [MS3-PKG] [DEBUG] 🤖 [MS3-PKG] [DEBUG] 🔍 [getRequirements] Starting analysis for bulk-test-75
🤖 [MS3-PKG] [DEBUG] 🤖 [MS3-PKG] [DEBUG] 🤖 [MS3-PKG] [DEBUG] 🤖 [MS3-PKG] [DEBUG] 🤖 [MS3-PKG] [DEBUG] 🤖 [MS3-PKG] [DEBUG] 🤖 [MS3-PKG] [DEBUG] 🤖 [MS3-PKG] [DEBUG] 🤖 [MS3-PKG] [DEBUG] 🤖 [MS3-PKG] [DEBUG] 🤖 [MS3-PKG] [DEBUG] 🤖 [MS3-PKG] [DEBUG] 🤖 [MS3-PKG] [DEBUG] 🤖 [MS3-PKG] [DEBUG] 🔬 [analyzeJoiSchema] Analyzing schema at path: options
🤖 [MS3-PKG] [DEBUG] 🤖 [MS3-PKG] [DEBUG] 🤖 [MS3-PKG] [DEBUG] 🤖 [MS3-PKG] [DEBUG] 🤖 [MS3-PKG] [DEBUG] 🤖 [MS3-PKG] [DEBUG] 🤖 [MS3-PKG] [DEBUG] 🤖 [MS3-PKG] [DEBUG] 🤖 [MS3-PKG] [DEBUG] 🤖 [MS3-PKG] [DEBUG] 🤖 [MS3-PKG] [DEBUG] 🤖 [MS3-PKG] [DEBUG] 🤖 [MS3-PKG] [DEBUG] 🤖 [MS3-PKG] [DEBUG] 📋 [analyzeJoiSchema] Schema description type: object
🤖 [MS3-PKG] [DEBUG] 🤖 [MS3-PKG] [DEBUG] 🤖 [MS3-PKG] [DEBUG] 🤖 [MS3-PKG] [DEBUG] 🤖 [MS3-PKG] [DEBUG] 🤖 [MS3-PKG] [DEBUG] 🤖 [MS3-PKG] [DEBUG] 🤖 [MS3-PKG] [DEBUG] 🤖 [MS3-PKG] [DEBUG] 🤖 [MS3-PKG] [DEBUG] 🤖 [MS3-PKG] [DEBUG] 🤖 [MS3-PKG] [DEBUG] 🤖 [MS3-PKG] [DEBUG] 🤖 [MS3-PKG] [DEBUG] 📋 [analyzeJoiSchema] Schema keys: [ [32m&apos;privateKey&apos;[39m, [32m&apos;provider&apos;[39m, [32m&apos;multiChainRpcs&apos;[39m ]
🤖 [MS3-PKG] [DEBUG] 🤖 [MS3-PKG] [DEBUG] 🤖 [MS3-PKG] [DEBUG] 🤖 [MS3-PKG] [DEBUG] 🤖 [MS3-PKG] [DEBUG] 🤖 [MS3-PKG] [DEBUG] 🤖 [MS3-PKG] [DEBUG] 🤖 [MS3-PKG] [DEBUG] 🤖 [MS3-PKG] [DEBUG] 🤖 [MS3-PKG] [DEBUG] 🤖 [MS3-PKG] [DEBUG] 🤖 [MS3-PKG] [DEBUG] 🤖 [MS3-PKG] [DEBUG] 🤖 [MS3-PKG] [DEBUG] ✅ [analyzeJoiSchema] Processing object schema with 3 keys
🤖 [MS3-PKG] [DEBUG] 🤖 [MS3-PKG] [DEBUG] 🤖 [MS3-PKG] [DEBUG] 🤖 [MS3-PKG] [DEBUG] 🤖 [MS3-PKG] [DEBUG] 🤖 [MS3-PKG] [DEBUG] 🤖 [MS3-PKG] [DEBUG] 🤖 [MS3-PKG] [DEBUG] 🤖 [MS3-PKG] [DEBUG] 🤖 [MS3-PKG] [DEBUG] 🤖 [MS3-PKG] [DEBUG] 🤖 [MS3-PKG] [DEBUG] 🤖 [MS3-PKG] [DEBUG] 🤖 [MS3-PKG] [DEBUG] 🔑 [analyzeJoiSchema] Processing field: privateKey
🤖 [MS3-PKG] [DEBUG] 🤖 [MS3-PKG] [DEBUG] 🤖 [MS3-PKG] [DEBUG] 🤖 [MS3-PKG] [DEBUG] 🤖 [MS3-PKG] [DEBUG] 🤖 [MS3-PKG] [DEBUG] 🤖 [MS3-PKG] [DEBUG] 🤖 [MS3-PKG] [DEBUG] 🤖 [MS3-PKG] [DEBUG] 🤖 [MS3-PKG] [DEBUG] 🤖 [MS3-PKG] [DEBUG] 🤖 [MS3-PKG] [DEBUG] 🤖 [MS3-PKG] [DEBUG] 🤖 [MS3-PKG] [DEBUG] 📝 [analyzeJoiSchema] Field description: {
  type: [32m&apos;string&apos;[39m,
  flags: {
    presence: [32m&apos;required&apos;[39m,
    description: [32m&apos;Private key for wallet (generates random if not provided)&apos;[39m
  },
  rules: [ { name: [32m&apos;pattern&apos;[39m, args: [36m[Object][39m } ]
}
🤖 [MS3-PKG] [DEBUG] 🤖 [MS3-PKG] [DEBUG] 🤖 [MS3-PKG] [DEBUG] 🤖 [MS3-PKG] [DEBUG] 🤖 [MS3-PKG] [DEBUG] 🤖 [MS3-PKG] [DEBUG] 🤖 [MS3-PKG] [DEBUG] 🤖 [MS3-PKG] [DEBUG] 🤖 [MS3-PKG] [DEBUG] 🤖 [MS3-PKG] [DEBUG] 🤖 [MS3-PKG] [DEBUG] 🤖 [MS3-PKG] [DEBUG] 🤖 [MS3-PKG] [DEBUG] 🤖 [MS3-PKG] [DEBUG] 📊 [analyzeJoiSchema] Field privateKey: type=string, required=true, message=&quot;Private key for wallet (generates random if not provided)&quot;
🤖 [MS3-PKG] [DEBUG] 🤖 [MS3-PKG] [DEBUG] 🤖 [MS3-PKG] [DEBUG] 🤖 [MS3-PKG] [DEBUG] 🤖 [MS3-PKG] [DEBUG] 🤖 [MS3-PKG] [DEBUG] 🤖 [MS3-PKG] [DEBUG] 🤖 [MS3-PKG] [DEBUG] 🤖 [MS3-PKG] [DEBUG] 🤖 [MS3-PKG] [DEBUG] 🤖 [MS3-PKG] [DEBUG] 🤖 [MS3-PKG] [DEBUG] 🤖 [MS3-PKG] [DEBUG] 🤖 [MS3-PKG] [DEBUG] 🔑 [analyzeJoiSchema] Processing field: provider
🤖 [MS3-PKG] [DEBUG] 🤖 [MS3-PKG] [DEBUG] 🤖 [MS3-PKG] [DEBUG] 🤖 [MS3-PKG] [DEBUG] 🤖 [MS3-PKG] [DEBUG] 🤖 [MS3-PKG] [DEBUG] 🤖 [MS3-PKG] [DEBUG] 🤖 [MS3-PKG] [DEBUG] 🤖 [MS3-PKG] [DEBUG] 🤖 [MS3-PKG] [DEBUG] 🤖 [MS3-PKG] [DEBUG] 🤖 [MS3-PKG] [DEBUG] 🤖 [MS3-PKG] [DEBUG] 🤖 [MS3-PKG] [DEBUG] 📝 [analyzeJoiSchema] Field description: {
  type: [32m&apos;object&apos;[39m,
  flags: {
    presence: [32m&apos;optional&apos;[39m,
    description: [32m&apos;Optional provider configuration&apos;[39m
  },
  keys: {
    name: { type: [32m&apos;string&apos;[39m, flags: [36m[Object][39m },
    chainId: { type: [32m&apos;string&apos;[39m, flags: [36m[Object][39m, rules: [36m[Array][39m },
    rpcUrls: { type: [32m&apos;array&apos;[39m, flags: [36m[Object][39m, rules: [36m[Array][39m, items: [36m[Array][39m },
    displayName: { type: [32m&apos;string&apos;[39m, flags: [36m[Object][39m }
  }
}
🤖 [MS3-PKG] [DEBUG] 🤖 [MS3-PKG] [DEBUG] 🤖 [MS3-PKG] [DEBUG] 🤖 [MS3-PKG] [DEBUG] 🤖 [MS3-PKG] [DEBUG] 🤖 [MS3-PKG] [DEBUG] 🤖 [MS3-PKG] [DEBUG] 🤖 [MS3-PKG] [DEBUG] 🤖 [MS3-PKG] [DEBUG] 🤖 [MS3-PKG] [DEBUG] 🤖 [MS3-PKG] [DEBUG] 🤖 [MS3-PKG] [DEBUG] 🤖 [MS3-PKG] [DEBUG] 🤖 [MS3-PKG] [DEBUG] 📊 [analyzeJoiSchema] Field provider: type=object, required=false, message=&quot;Optional provider configuration&quot;
🤖 [MS3-PKG] [DEBUG] 🤖 [MS3-PKG] [DEBUG] 🤖 [MS3-PKG] [DEBUG] 🤖 [MS3-PKG] [DEBUG] 🤖 [MS3-PKG] [DEBUG] 🤖 [MS3-PKG] [DEBUG] 🤖 [MS3-PKG] [DEBUG] 🤖 [MS3-PKG] [DEBUG] 🤖 [MS3-PKG] [DEBUG] 🤖 [MS3-PKG] [DEBUG] 🤖 [MS3-PKG] [DEBUG] 🤖 [MS3-PKG] [DEBUG] 🤖 [MS3-PKG] [DEBUG] 🤖 [MS3-PKG] [DEBUG] 🔄 [analyzeJoiSchema] Recursing into nested object: provider
🤖 [MS3-PKG] [DEBUG] 🤖 [MS3-PKG] [DEBUG] 🤖 [MS3-PKG] [DEBUG] 🤖 [MS3-PKG] [DEBUG] 🤖 [MS3-PKG] [DEBUG] 🤖 [MS3-PKG] [DEBUG] 🤖 [MS3-PKG] [DEBUG] 🤖 [MS3-PKG] [DEBUG] 🤖 [MS3-PKG] [DEBUG] 🤖 [MS3-PKG] [DEBUG] 🤖 [MS3-PKG] [DEBUG] 🤖 [MS3-PKG] [DEBUG] 🤖 [MS3-PKG] [DEBUG] 🤖 [MS3-PKG] [DEBUG] 🔑 [analyzeJoiSchema] Processing field: multiChainRpcs
🤖 [MS3-PKG] [DEBUG] 🤖 [MS3-PKG] [DEBUG] 🤖 [MS3-PKG] [DEBUG] 🤖 [MS3-PKG] [DEBUG] 🤖 [MS3-PKG] [DEBUG] 🤖 [MS3-PKG] [DEBUG] 🤖 [MS3-PKG] [DEBUG] 🤖 [MS3-PKG] [DEBUG] 🤖 [MS3-PKG] [DEBUG] 🤖 [MS3-PKG] [DEBUG] 🤖 [MS3-PKG] [DEBUG] 🤖 [MS3-PKG] [DEBUG] 🤖 [MS3-PKG] [DEBUG] 🤖 [MS3-PKG] [DEBUG] 📝 [analyzeJoiSchema] Field description: {
  type: [32m&apos;object&apos;[39m,
  flags: {
    presence: [32m&apos;optional&apos;[39m,
    description: [32m&apos;Multi-chain RPC configuration - maps chain IDs to RPC URL arrays&apos;[39m
  },
  patterns: [ { schema: [36m[Object][39m, rule: [36m[Object][39m } ]
}
🤖 [MS3-PKG] [DEBUG] 🤖 [MS3-PKG] [DEBUG] 🤖 [MS3-PKG] [DEBUG] 🤖 [MS3-PKG] [DEBUG] 🤖 [MS3-PKG] [DEBUG] 🤖 [MS3-PKG] [DEBUG] 🤖 [MS3-PKG] [DEBUG] 🤖 [MS3-PKG] [DEBUG] 🤖 [MS3-PKG] [DEBUG] 🤖 [MS3-PKG] [DEBUG] 🤖 [MS3-PKG] [DEBUG] 🤖 [MS3-PKG] [DEBUG] 🤖 [MS3-PKG] [DEBUG] 🤖 [MS3-PKG] [DEBUG] 📊 [analyzeJoiSchema] Field multiChainRpcs: type=object, required=false, message=&quot;Multi-chain RPC configuration - maps chain IDs to RPC URL arrays&quot;
🤖 [MS3-PKG] [INFO] 🤖 [MS3-PKG] [INFO] 🤖 [MS3-PKG] [INFO] 🤖 [MS3-PKG] [INFO] 🤖 [MS3-PKG] [INFO] 🤖 [MS3-PKG] [INFO] 🤖 [MS3-PKG] [INFO] 🤖 [MS3-PKG] [INFO] 🤖 [MS3-PKG] [INFO] 🤖 [MS3-PKG] [INFO] 🤖 [MS3-PKG] [INFO] 🤖 [MS3-PKG] [INFO] 🤖 [MS3-PKG] [INFO] 🤖 [MS3-PKG] [INFO] 📊 [analyzeJoiSchema] Generated 7 requirements for options
🤖 [MS3-PKG] [DEBUG] 🤖 [MS3-PKG] [DEBUG] 🤖 [MS3-PKG] [DEBUG] 🤖 [MS3-PKG] [DEBUG] 🤖 [MS3-PKG] [DEBUG] 🤖 [MS3-PKG] [DEBUG] 🤖 [MS3-PKG] [DEBUG] 🤖 [MS3-PKG] [DEBUG] 🤖 [MS3-PKG] [DEBUG] 🤖 [MS3-PKG] [DEBUG] 🤖 [MS3-PKG] [DEBUG] 🤖 [MS3-PKG] [DEBUG] 🤖 [MS3-PKG] [DEBUG] 🤖 [MS3-PKG] [DEBUG] 🔍 [getRequirements] Starting analysis for bulk-test-75
🤖 [MS3-PKG] [DEBUG] 🤖 [MS3-PKG] [DEBUG] 🤖 [MS3-PKG] [DEBUG] 🤖 [MS3-PKG] [DEBUG] 🤖 [MS3-PKG] [DEBUG] 🤖 [MS3-PKG] [DEBUG] 🤖 [MS3-PKG] [DEBUG] 🤖 [MS3-PKG] [DEBUG] 🤖 [MS3-PKG] [DEBUG] 🤖 [MS3-PKG] [DEBUG] 🤖 [MS3-PKG] [DEBUG] 🤖 [MS3-PKG] [DEBUG] 🤖 [MS3-PKG] [DEBUG] 🤖 [MS3-PKG] [DEBUG] 🔬 [analyzeJoiSchema] Analyzing schema at path: options
🤖 [MS3-PKG] [DEBUG] 🤖 [MS3-PKG] [DEBUG] 🤖 [MS3-PKG] [DEBUG] 🤖 [MS3-PKG] [DEBUG] 🤖 [MS3-PKG] [DEBUG] 🤖 [MS3-PKG] [DEBUG] 🤖 [MS3-PKG] [DEBUG] 🤖 [MS3-PKG] [DEBUG] 🤖 [MS3-PKG] [DEBUG] 🤖 [MS3-PKG] [DEBUG] 🤖 [MS3-PKG] [DEBUG] 🤖 [MS3-PKG] [DEBUG] 🤖 [MS3-PKG] [DEBUG] 🤖 [MS3-PKG] [DEBUG] 📋 [analyzeJoiSchema] Schema description type: object
🤖 [MS3-PKG] [DEBUG] 🤖 [MS3-PKG] [DEBUG] 🤖 [MS3-PKG] [DEBUG] 🤖 [MS3-PKG] [DEBUG] 🤖 [MS3-PKG] [DEBUG] 🤖 [MS3-PKG] [DEBUG] 🤖 [MS3-PKG] [DEBUG] 🤖 [MS3-PKG] [DEBUG] 🤖 [MS3-PKG] [DEBUG] 🤖 [MS3-PKG] [DEBUG] 🤖 [MS3-PKG] [DEBUG] 🤖 [MS3-PKG] [DEBUG] 🤖 [MS3-PKG] [DEBUG] 🤖 [MS3-PKG] [DEBUG] 📋 [analyzeJoiSchema] Schema keys: [ [32m&apos;web3authConfig&apos;[39m, [32m&apos;multiChainRpcs&apos;[39m ]
🤖 [MS3-PKG] [DEBUG] 🤖 [MS3-PKG] [DEBUG] 🤖 [MS3-PKG] [DEBUG] 🤖 [MS3-PKG] [DEBUG] 🤖 [MS3-PKG] [DEBUG] 🤖 [MS3-PKG] [DEBUG] 🤖 [MS3-PKG] [DEBUG] 🤖 [MS3-PKG] [DEBUG] 🤖 [MS3-PKG] [DEBUG] 🤖 [MS3-PKG] [DEBUG] 🤖 [MS3-PKG] [DEBUG] 🤖 [MS3-PKG] [DEBUG] 🤖 [MS3-PKG] [DEBUG] 🤖 [MS3-PKG] [DEBUG] ✅ [analyzeJoiSchema] Processing object schema with 2 keys
🤖 [MS3-PKG] [DEBUG] 🤖 [MS3-PKG] [DEBUG] 🤖 [MS3-PKG] [DEBUG] 🤖 [MS3-PKG] [DEBUG] 🤖 [MS3-PKG] [DEBUG] 🤖 [MS3-PKG] [DEBUG] 🤖 [MS3-PKG] [DEBUG] 🤖 [MS3-PKG] [DEBUG] 🤖 [MS3-PKG] [DEBUG] 🤖 [MS3-PKG] [DEBUG] 🤖 [MS3-PKG] [DEBUG] 🤖 [MS3-PKG] [DEBUG] 🤖 [MS3-PKG] [DEBUG] 🤖 [MS3-PKG] [DEBUG] 🔑 [analyzeJoiSchema] Processing field: web3authConfig
🤖 [MS3-PKG] [DEBUG] 🤖 [MS3-PKG] [DEBUG] 🤖 [MS3-PKG] [DEBUG] 🤖 [MS3-PKG] [DEBUG] 🤖 [MS3-PKG] [DEBUG] 🤖 [MS3-PKG] [DEBUG] 🤖 [MS3-PKG] [DEBUG] 🤖 [MS3-PKG] [DEBUG] 🤖 [MS3-PKG] [DEBUG] 🤖 [MS3-PKG] [DEBUG] 🤖 [MS3-PKG] [DEBUG] 🤖 [MS3-PKG] [DEBUG] 🤖 [MS3-PKG] [DEBUG] 🤖 [MS3-PKG] [DEBUG] 📝 [analyzeJoiSchema] Field description: {
  type: [32m&apos;object&apos;[39m,
  flags: {
    presence: [32m&apos;required&apos;[39m,
    description: [32m&apos;Web3Auth configuration object&apos;[39m
  },
  keys: {
    clientId: { type: [32m&apos;string&apos;[39m, flags: [36m[Object][39m },
    web3AuthNetwork: { type: [32m&apos;string&apos;[39m, flags: [36m[Object][39m, allow: [36m[Array][39m },
    chainConfig: { type: [32m&apos;object&apos;[39m, flags: [36m[Object][39m, keys: [36m[Object][39m },
    loginConfig: { type: [32m&apos;object&apos;[39m, flags: [36m[Object][39m },
    privateKeyProvider: { type: [32m&apos;any&apos;[39m, flags: [36m[Object][39m }
  }
}
🤖 [MS3-PKG] [DEBUG] 🤖 [MS3-PKG] [DEBUG] 🤖 [MS3-PKG] [DEBUG] 🤖 [MS3-PKG] [DEBUG] 🤖 [MS3-PKG] [DEBUG] 🤖 [MS3-PKG] [DEBUG] 🤖 [MS3-PKG] [DEBUG] 🤖 [MS3-PKG] [DEBUG] 🤖 [MS3-PKG] [DEBUG] 🤖 [MS3-PKG] [DEBUG] 🤖 [MS3-PKG] [DEBUG] 🤖 [MS3-PKG] [DEBUG] 🤖 [MS3-PKG] [DEBUG] 🤖 [MS3-PKG] [DEBUG] 📊 [analyzeJoiSchema] Field web3authConfig: type=object, required=true, message=&quot;Web3Auth configuration object&quot;
🤖 [MS3-PKG] [DEBUG] 🤖 [MS3-PKG] [DEBUG] 🤖 [MS3-PKG] [DEBUG] 🤖 [MS3-PKG] [DEBUG] 🤖 [MS3-PKG] [DEBUG] 🤖 [MS3-PKG] [DEBUG] 🤖 [MS3-PKG] [DEBUG] 🤖 [MS3-PKG] [DEBUG] 🤖 [MS3-PKG] [DEBUG] 🤖 [MS3-PKG] [DEBUG] 🤖 [MS3-PKG] [DEBUG] 🤖 [MS3-PKG] [DEBUG] 🤖 [MS3-PKG] [DEBUG] 🤖 [MS3-PKG] [DEBUG] 🔄 [analyzeJoiSchema] Recursing into nested object: web3authConfig
🤖 [MS3-PKG] [DEBUG] 🤖 [MS3-PKG] [DEBUG] 🤖 [MS3-PKG] [DEBUG] 🤖 [MS3-PKG] [DEBUG] 🤖 [MS3-PKG] [DEBUG] 🤖 [MS3-PKG] [DEBUG] 🤖 [MS3-PKG] [DEBUG] 🤖 [MS3-PKG] [DEBUG] 🤖 [MS3-PKG] [DEBUG] 🤖 [MS3-PKG] [DEBUG] 🤖 [MS3-PKG] [DEBUG] 🤖 [MS3-PKG] [DEBUG] 🤖 [MS3-PKG] [DEBUG] 🤖 [MS3-PKG] [DEBUG] 🔑 [analyzeJoiSchema] Processing field: multiChainRpcs
🤖 [MS3-PKG] [DEBUG] 🤖 [MS3-PKG] [DEBUG] 🤖 [MS3-PKG] [DEBUG] 🤖 [MS3-PKG] [DEBUG] 🤖 [MS3-PKG] [DEBUG] 🤖 [MS3-PKG] [DEBUG] 🤖 [MS3-PKG] [DEBUG] 🤖 [MS3-PKG] [DEBUG] 🤖 [MS3-PKG] [DEBUG] 🤖 [MS3-PKG] [DEBUG] 🤖 [MS3-PKG] [DEBUG] 🤖 [MS3-PKG] [DEBUG] 🤖 [MS3-PKG] [DEBUG] 🤖 [MS3-PKG] [DEBUG] 📝 [analyzeJoiSchema] Field description: {
  type: [32m&apos;object&apos;[39m,
  flags: {
    presence: [32m&apos;optional&apos;[39m,
    description: [32m&apos;Multi-chain RPC configuration - maps chain IDs to RPC URL arrays&apos;[39m
  },
  patterns: [ { schema: [36m[Object][39m, rule: [36m[Object][39m } ]
}
🤖 [MS3-PKG] [DEBUG] 🤖 [MS3-PKG] [DEBUG] 🤖 [MS3-PKG] [DEBUG] 🤖 [MS3-PKG] [DEBUG] 🤖 [MS3-PKG] [DEBUG] 🤖 [MS3-PKG] [DEBUG] 🤖 [MS3-PKG] [DEBUG] 🤖 [MS3-PKG] [DEBUG] 🤖 [MS3-PKG] [DEBUG] 🤖 [MS3-PKG] [DEBUG] 🤖 [MS3-PKG] [DEBUG] 🤖 [MS3-PKG] [DEBUG] 🤖 [MS3-PKG] [DEBUG] 🤖 [MS3-PKG] [DEBUG] 📊 [analyzeJoiSchema] Field multiChainRpcs: type=object, required=false, message=&quot;Multi-chain RPC configuration - maps chain IDs to RPC URL arrays&quot;
🤖 [MS3-PKG] [INFO] 🤖 [MS3-PKG] [INFO] 🤖 [MS3-PKG] [INFO] 🤖 [MS3-PKG] [INFO] 🤖 [MS3-PKG] [INFO] 🤖 [MS3-PKG] [INFO] 🤖 [MS3-PKG] [INFO] 🤖 [MS3-PKG] [INFO] 🤖 [MS3-PKG] [INFO] 🤖 [MS3-PKG] [INFO] 🤖 [MS3-PKG] [INFO] 🤖 [MS3-PKG] [INFO] 🤖 [MS3-PKG] [INFO] 🤖 [MS3-PKG] [INFO] 📊 [analyzeJoiSchema] Generated 14 requirements for options
🤖 [MS3-PKG] [DEBUG] 🤖 [MS3-PKG] [DEBUG] 🤖 [MS3-PKG] [DEBUG] 🤖 [MS3-PKG] [DEBUG] 🤖 [MS3-PKG] [DEBUG] 🤖 [MS3-PKG] [DEBUG] 🤖 [MS3-PKG] [DEBUG] 🤖 [MS3-PKG] [DEBUG] 🤖 [MS3-PKG] [DEBUG] 🤖 [MS3-PKG] [DEBUG] 🤖 [MS3-PKG] [DEBUG] 🤖 [MS3-PKG] [DEBUG] 🤖 [MS3-PKG] [DEBUG] 🤖 [MS3-PKG] [DEBUG] 🔍 [getRequirements] Starting analysis for bulk-test-76
🤖 [MS3-PKG] [DEBUG] 🤖 [MS3-PKG] [DEBUG] 🤖 [MS3-PKG] [DEBUG] 🤖 [MS3-PKG] [DEBUG] 🤖 [MS3-PKG] [DEBUG] 🤖 [MS3-PKG] [DEBUG] 🤖 [MS3-PKG] [DEBUG] 🤖 [MS3-PKG] [DEBUG] 🤖 [MS3-PKG] [DEBUG] 🤖 [MS3-PKG] [DEBUG] 🤖 [MS3-PKG] [DEBUG] 🤖 [MS3-PKG] [DEBUG] 🤖 [MS3-PKG] [DEBUG] 🤖 [MS3-PKG] [DEBUG] 🔬 [analyzeJoiSchema] Analyzing schema at path: options
🤖 [MS3-PKG] [DEBUG] 🤖 [MS3-PKG] [DEBUG] 🤖 [MS3-PKG] [DEBUG] 🤖 [MS3-PKG] [DEBUG] 🤖 [MS3-PKG] [DEBUG] 🤖 [MS3-PKG] [DEBUG] 🤖 [MS3-PKG] [DEBUG] 🤖 [MS3-PKG] [DEBUG] 🤖 [MS3-PKG] [DEBUG] 🤖 [MS3-PKG] [DEBUG] 🤖 [MS3-PKG] [DEBUG] 🤖 [MS3-PKG] [DEBUG] 🤖 [MS3-PKG] [DEBUG] 🤖 [MS3-PKG] [DEBUG] 📋 [analyzeJoiSchema] Schema description type: object
🤖 [MS3-PKG] [DEBUG] 🤖 [MS3-PKG] [DEBUG] 🤖 [MS3-PKG] [DEBUG] 🤖 [MS3-PKG] [DEBUG] 🤖 [MS3-PKG] [DEBUG] 🤖 [MS3-PKG] [DEBUG] 🤖 [MS3-PKG] [DEBUG] 🤖 [MS3-PKG] [DEBUG] 🤖 [MS3-PKG] [DEBUG] 🤖 [MS3-PKG] [DEBUG] 🤖 [MS3-PKG] [DEBUG] 🤖 [MS3-PKG] [DEBUG] 🤖 [MS3-PKG] [DEBUG] 🤖 [MS3-PKG] [DEBUG] 📋 [analyzeJoiSchema] Schema keys: [ [32m&apos;privateKey&apos;[39m, [32m&apos;provider&apos;[39m, [32m&apos;multiChainRpcs&apos;[39m ]
🤖 [MS3-PKG] [DEBUG] 🤖 [MS3-PKG] [DEBUG] 🤖 [MS3-PKG] [DEBUG] 🤖 [MS3-PKG] [DEBUG] 🤖 [MS3-PKG] [DEBUG] 🤖 [MS3-PKG] [DEBUG] 🤖 [MS3-PKG] [DEBUG] 🤖 [MS3-PKG] [DEBUG] 🤖 [MS3-PKG] [DEBUG] 🤖 [MS3-PKG] [DEBUG] 🤖 [MS3-PKG] [DEBUG] 🤖 [MS3-PKG] [DEBUG] 🤖 [MS3-PKG] [DEBUG] 🤖 [MS3-PKG] [DEBUG] ✅ [analyzeJoiSchema] Processing object schema with 3 keys
🤖 [MS3-PKG] [DEBUG] 🤖 [MS3-PKG] [DEBUG] 🤖 [MS3-PKG] [DEBUG] 🤖 [MS3-PKG] [DEBUG] 🤖 [MS3-PKG] [DEBUG] 🤖 [MS3-PKG] [DEBUG] 🤖 [MS3-PKG] [DEBUG] 🤖 [MS3-PKG] [DEBUG] 🤖 [MS3-PKG] [DEBUG] 🤖 [MS3-PKG] [DEBUG] 🤖 [MS3-PKG] [DEBUG] 🤖 [MS3-PKG] [DEBUG] 🤖 [MS3-PKG] [DEBUG] 🤖 [MS3-PKG] [DEBUG] 🔑 [analyzeJoiSchema] Processing field: privateKey
🤖 [MS3-PKG] [DEBUG] 🤖 [MS3-PKG] [DEBUG] 🤖 [MS3-PKG] [DEBUG] 🤖 [MS3-PKG] [DEBUG] 🤖 [MS3-PKG] [DEBUG] 🤖 [MS3-PKG] [DEBUG] 🤖 [MS3-PKG] [DEBUG] 🤖 [MS3-PKG] [DEBUG] 🤖 [MS3-PKG] [DEBUG] 🤖 [MS3-PKG] [DEBUG] 🤖 [MS3-PKG] [DEBUG] 🤖 [MS3-PKG] [DEBUG] 🤖 [MS3-PKG] [DEBUG] 🤖 [MS3-PKG] [DEBUG] 📝 [analyzeJoiSchema] Field description: {
  type: [32m&apos;string&apos;[39m,
  flags: {
    presence: [32m&apos;required&apos;[39m,
    description: [32m&apos;Private key for wallet (generates random if not provided)&apos;[39m
  },
  rules: [ { name: [32m&apos;pattern&apos;[39m, args: [36m[Object][39m } ]
}
🤖 [MS3-PKG] [DEBUG] 🤖 [MS3-PKG] [DEBUG] 🤖 [MS3-PKG] [DEBUG] 🤖 [MS3-PKG] [DEBUG] 🤖 [MS3-PKG] [DEBUG] 🤖 [MS3-PKG] [DEBUG] 🤖 [MS3-PKG] [DEBUG] 🤖 [MS3-PKG] [DEBUG] 🤖 [MS3-PKG] [DEBUG] 🤖 [MS3-PKG] [DEBUG] 🤖 [MS3-PKG] [DEBUG] 🤖 [MS3-PKG] [DEBUG] 🤖 [MS3-PKG] [DEBUG] 🤖 [MS3-PKG] [DEBUG] 📊 [analyzeJoiSchema] Field privateKey: type=string, required=true, message=&quot;Private key for wallet (generates random if not provided)&quot;
🤖 [MS3-PKG] [DEBUG] 🤖 [MS3-PKG] [DEBUG] 🤖 [MS3-PKG] [DEBUG] 🤖 [MS3-PKG] [DEBUG] 🤖 [MS3-PKG] [DEBUG] 🤖 [MS3-PKG] [DEBUG] 🤖 [MS3-PKG] [DEBUG] 🤖 [MS3-PKG] [DEBUG] 🤖 [MS3-PKG] [DEBUG] 🤖 [MS3-PKG] [DEBUG] 🤖 [MS3-PKG] [DEBUG] 🤖 [MS3-PKG] [DEBUG] 🤖 [MS3-PKG] [DEBUG] 🤖 [MS3-PKG] [DEBUG] 🔑 [analyzeJoiSchema] Processing field: provider
🤖 [MS3-PKG] [DEBUG] 🤖 [MS3-PKG] [DEBUG] 🤖 [MS3-PKG] [DEBUG] 🤖 [MS3-PKG] [DEBUG] 🤖 [MS3-PKG] [DEBUG] 🤖 [MS3-PKG] [DEBUG] 🤖 [MS3-PKG] [DEBUG] 🤖 [MS3-PKG] [DEBUG] 🤖 [MS3-PKG] [DEBUG] 🤖 [MS3-PKG] [DEBUG] 🤖 [MS3-PKG] [DEBUG] 🤖 [MS3-PKG] [DEBUG] 🤖 [MS3-PKG] [DEBUG] 🤖 [MS3-PKG] [DEBUG] 📝 [analyzeJoiSchema] Field description: {
  type: [32m&apos;object&apos;[39m,
  flags: {
    presence: [32m&apos;optional&apos;[39m,
    description: [32m&apos;Optional provider configuration&apos;[39m
  },
  keys: {
    name: { type: [32m&apos;string&apos;[39m, flags: [36m[Object][39m },
    chainId: { type: [32m&apos;string&apos;[39m, flags: [36m[Object][39m, rules: [36m[Array][39m },
    rpcUrls: { type: [32m&apos;array&apos;[39m, flags: [36m[Object][39m, rules: [36m[Array][39m, items: [36m[Array][39m },
    displayName: { type: [32m&apos;string&apos;[39m, flags: [36m[Object][39m }
  }
}
🤖 [MS3-PKG] [DEBUG] 🤖 [MS3-PKG] [DEBUG] 🤖 [MS3-PKG] [DEBUG] 🤖 [MS3-PKG] [DEBUG] 🤖 [MS3-PKG] [DEBUG] 🤖 [MS3-PKG] [DEBUG] 🤖 [MS3-PKG] [DEBUG] 🤖 [MS3-PKG] [DEBUG] 🤖 [MS3-PKG] [DEBUG] 🤖 [MS3-PKG] [DEBUG] 🤖 [MS3-PKG] [DEBUG] 🤖 [MS3-PKG] [DEBUG] 🤖 [MS3-PKG] [DEBUG] 🤖 [MS3-PKG] [DEBUG] 📊 [analyzeJoiSchema] Field provider: type=object, required=false, message=&quot;Optional provider configuration&quot;
🤖 [MS3-PKG] [DEBUG] 🤖 [MS3-PKG] [DEBUG] 🤖 [MS3-PKG] [DEBUG] 🤖 [MS3-PKG] [DEBUG] 🤖 [MS3-PKG] [DEBUG] 🤖 [MS3-PKG] [DEBUG] 🤖 [MS3-PKG] [DEBUG] 🤖 [MS3-PKG] [DEBUG] 🤖 [MS3-PKG] [DEBUG] 🤖 [MS3-PKG] [DEBUG] 🤖 [MS3-PKG] [DEBUG] 🤖 [MS3-PKG] [DEBUG] 🤖 [MS3-PKG] [DEBUG] 🤖 [MS3-PKG] [DEBUG] 🔄 [analyzeJoiSchema] Recursing into nested object: provider
🤖 [MS3-PKG] [DEBUG] 🤖 [MS3-PKG] [DEBUG] 🤖 [MS3-PKG] [DEBUG] 🤖 [MS3-PKG] [DEBUG] 🤖 [MS3-PKG] [DEBUG] 🤖 [MS3-PKG] [DEBUG] 🤖 [MS3-PKG] [DEBUG] 🤖 [MS3-PKG] [DEBUG] 🤖 [MS3-PKG] [DEBUG] 🤖 [MS3-PKG] [DEBUG] 🤖 [MS3-PKG] [DEBUG] 🤖 [MS3-PKG] [DEBUG] 🤖 [MS3-PKG] [DEBUG] 🤖 [MS3-PKG] [DEBUG] 🔑 [analyzeJoiSchema] Processing field: multiChainRpcs
🤖 [MS3-PKG] [DEBUG] 🤖 [MS3-PKG] [DEBUG] 🤖 [MS3-PKG] [DEBUG] 🤖 [MS3-PKG] [DEBUG] 🤖 [MS3-PKG] [DEBUG] 🤖 [MS3-PKG] [DEBUG] 🤖 [MS3-PKG] [DEBUG] 🤖 [MS3-PKG] [DEBUG] 🤖 [MS3-PKG] [DEBUG] 🤖 [MS3-PKG] [DEBUG] 🤖 [MS3-PKG] [DEBUG] 🤖 [MS3-PKG] [DEBUG] 🤖 [MS3-PKG] [DEBUG] 🤖 [MS3-PKG] [DEBUG] 📝 [analyzeJoiSchema] Field description: {
  type: [32m&apos;object&apos;[39m,
  flags: {
    presence: [32m&apos;optional&apos;[39m,
    description: [32m&apos;Multi-chain RPC configuration - maps chain IDs to RPC URL arrays&apos;[39m
  },
  patterns: [ { schema: [36m[Object][39m, rule: [36m[Object][39m } ]
}
🤖 [MS3-PKG] [DEBUG] 🤖 [MS3-PKG] [DEBUG] 🤖 [MS3-PKG] [DEBUG] 🤖 [MS3-PKG] [DEBUG] 🤖 [MS3-PKG] [DEBUG] 🤖 [MS3-PKG] [DEBUG] 🤖 [MS3-PKG] [DEBUG] 🤖 [MS3-PKG] [DEBUG] 🤖 [MS3-PKG] [DEBUG] 🤖 [MS3-PKG] [DEBUG] 🤖 [MS3-PKG] [DEBUG] 🤖 [MS3-PKG] [DEBUG] 🤖 [MS3-PKG] [DEBUG] 🤖 [MS3-PKG] [DEBUG] 📊 [analyzeJoiSchema] Field multiChainRpcs: type=object, required=false, message=&quot;Multi-chain RPC configuration - maps chain IDs to RPC URL arrays&quot;
🤖 [MS3-PKG] [INFO] 🤖 [MS3-PKG] [INFO] 🤖 [MS3-PKG] [INFO] 🤖 [MS3-PKG] [INFO] 🤖 [MS3-PKG] [INFO] 🤖 [MS3-PKG] [INFO] 🤖 [MS3-PKG] [INFO] 🤖 [MS3-PKG] [INFO] 🤖 [MS3-PKG] [INFO] 🤖 [MS3-PKG] [INFO] 🤖 [MS3-PKG] [INFO] 🤖 [MS3-PKG] [INFO] 🤖 [MS3-PKG] [INFO] 🤖 [MS3-PKG] [INFO] 📊 [analyzeJoiSchema] Generated 7 requirements for options
🤖 [MS3-PKG] [DEBUG] 🤖 [MS3-PKG] [DEBUG] 🤖 [MS3-PKG] [DEBUG] 🤖 [MS3-PKG] [DEBUG] 🤖 [MS3-PKG] [DEBUG] 🤖 [MS3-PKG] [DEBUG] 🤖 [MS3-PKG] [DEBUG] 🤖 [MS3-PKG] [DEBUG] 🤖 [MS3-PKG] [DEBUG] 🤖 [MS3-PKG] [DEBUG] 🤖 [MS3-PKG] [DEBUG] 🤖 [MS3-PKG] [DEBUG] 🤖 [MS3-PKG] [DEBUG] 🤖 [MS3-PKG] [DEBUG] 🔍 [getRequirements] Starting analysis for bulk-test-76
🤖 [MS3-PKG] [DEBUG] 🤖 [MS3-PKG] [DEBUG] 🤖 [MS3-PKG] [DEBUG] 🤖 [MS3-PKG] [DEBUG] 🤖 [MS3-PKG] [DEBUG] 🤖 [MS3-PKG] [DEBUG] 🤖 [MS3-PKG] [DEBUG] 🤖 [MS3-PKG] [DEBUG] 🤖 [MS3-PKG] [DEBUG] 🤖 [MS3-PKG] [DEBUG] 🤖 [MS3-PKG] [DEBUG] 🤖 [MS3-PKG] [DEBUG] 🤖 [MS3-PKG] [DEBUG] 🤖 [MS3-PKG] [DEBUG] 🔬 [analyzeJoiSchema] Analyzing schema at path: options
🤖 [MS3-PKG] [DEBUG] 🤖 [MS3-PKG] [DEBUG] 🤖 [MS3-PKG] [DEBUG] 🤖 [MS3-PKG] [DEBUG] 🤖 [MS3-PKG] [DEBUG] 🤖 [MS3-PKG] [DEBUG] 🤖 [MS3-PKG] [DEBUG] 🤖 [MS3-PKG] [DEBUG] 🤖 [MS3-PKG] [DEBUG] 🤖 [MS3-PKG] [DEBUG] 🤖 [MS3-PKG] [DEBUG] 🤖 [MS3-PKG] [DEBUG] 🤖 [MS3-PKG] [DEBUG] 🤖 [MS3-PKG] [DEBUG] 📋 [analyzeJoiSchema] Schema description type: object
🤖 [MS3-PKG] [DEBUG] 🤖 [MS3-PKG] [DEBUG] 🤖 [MS3-PKG] [DEBUG] 🤖 [MS3-PKG] [DEBUG] 🤖 [MS3-PKG] [DEBUG] 🤖 [MS3-PKG] [DEBUG] 🤖 [MS3-PKG] [DEBUG] 🤖 [MS3-PKG] [DEBUG] 🤖 [MS3-PKG] [DEBUG] 🤖 [MS3-PKG] [DEBUG] 🤖 [MS3-PKG] [DEBUG] 🤖 [MS3-PKG] [DEBUG] 🤖 [MS3-PKG] [DEBUG] 🤖 [MS3-PKG] [DEBUG] 📋 [analyzeJoiSchema] Schema keys: [ [32m&apos;web3authConfig&apos;[39m, [32m&apos;multiChainRpcs&apos;[39m ]
🤖 [MS3-PKG] [DEBUG] 🤖 [MS3-PKG] [DEBUG] 🤖 [MS3-PKG] [DEBUG] 🤖 [MS3-PKG] [DEBUG] 🤖 [MS3-PKG] [DEBUG] 🤖 [MS3-PKG] [DEBUG] 🤖 [MS3-PKG] [DEBUG] 🤖 [MS3-PKG] [DEBUG] 🤖 [MS3-PKG] [DEBUG] 🤖 [MS3-PKG] [DEBUG] 🤖 [MS3-PKG] [DEBUG] 🤖 [MS3-PKG] [DEBUG] 🤖 [MS3-PKG] [DEBUG] 🤖 [MS3-PKG] [DEBUG] ✅ [analyzeJoiSchema] Processing object schema with 2 keys
🤖 [MS3-PKG] [DEBUG] 🤖 [MS3-PKG] [DEBUG] 🤖 [MS3-PKG] [DEBUG] 🤖 [MS3-PKG] [DEBUG] 🤖 [MS3-PKG] [DEBUG] 🤖 [MS3-PKG] [DEBUG] 🤖 [MS3-PKG] [DEBUG] 🤖 [MS3-PKG] [DEBUG] 🤖 [MS3-PKG] [DEBUG] 🤖 [MS3-PKG] [DEBUG] 🤖 [MS3-PKG] [DEBUG] 🤖 [MS3-PKG] [DEBUG] 🤖 [MS3-PKG] [DEBUG] 🤖 [MS3-PKG] [DEBUG] 🔑 [analyzeJoiSchema] Processing field: web3authConfig
🤖 [MS3-PKG] [DEBUG] 🤖 [MS3-PKG] [DEBUG] 🤖 [MS3-PKG] [DEBUG] 🤖 [MS3-PKG] [DEBUG] 🤖 [MS3-PKG] [DEBUG] 🤖 [MS3-PKG] [DEBUG] 🤖 [MS3-PKG] [DEBUG] 🤖 [MS3-PKG] [DEBUG] 🤖 [MS3-PKG] [DEBUG] 🤖 [MS3-PKG] [DEBUG] 🤖 [MS3-PKG] [DEBUG] 🤖 [MS3-PKG] [DEBUG] 🤖 [MS3-PKG] [DEBUG] 🤖 [MS3-PKG] [DEBUG] 📝 [analyzeJoiSchema] Field description: {
  type: [32m&apos;object&apos;[39m,
  flags: {
    presence: [32m&apos;required&apos;[39m,
    description: [32m&apos;Web3Auth configuration object&apos;[39m
  },
  keys: {
    clientId: { type: [32m&apos;string&apos;[39m, flags: [36m[Object][39m },
    web3AuthNetwork: { type: [32m&apos;string&apos;[39m, flags: [36m[Object][39m, allow: [36m[Array][39m },
    chainConfig: { type: [32m&apos;object&apos;[39m, flags: [36m[Object][39m, keys: [36m[Object][39m },
    loginConfig: { type: [32m&apos;object&apos;[39m, flags: [36m[Object][39m },
    privateKeyProvider: { type: [32m&apos;any&apos;[39m, flags: [36m[Object][39m }
  }
}
🤖 [MS3-PKG] [DEBUG] 🤖 [MS3-PKG] [DEBUG] 🤖 [MS3-PKG] [DEBUG] 🤖 [MS3-PKG] [DEBUG] 🤖 [MS3-PKG] [DEBUG] 🤖 [MS3-PKG] [DEBUG] 🤖 [MS3-PKG] [DEBUG] 🤖 [MS3-PKG] [DEBUG] 🤖 [MS3-PKG] [DEBUG] 🤖 [MS3-PKG] [DEBUG] 🤖 [MS3-PKG] [DEBUG] 🤖 [MS3-PKG] [DEBUG] 🤖 [MS3-PKG] [DEBUG] 🤖 [MS3-PKG] [DEBUG] 📊 [analyzeJoiSchema] Field web3authConfig: type=object, required=true, message=&quot;Web3Auth configuration object&quot;
🤖 [MS3-PKG] [DEBUG] 🤖 [MS3-PKG] [DEBUG] 🤖 [MS3-PKG] [DEBUG] 🤖 [MS3-PKG] [DEBUG] 🤖 [MS3-PKG] [DEBUG] 🤖 [MS3-PKG] [DEBUG] 🤖 [MS3-PKG] [DEBUG] 🤖 [MS3-PKG] [DEBUG] 🤖 [MS3-PKG] [DEBUG] 🤖 [MS3-PKG] [DEBUG] 🤖 [MS3-PKG] [DEBUG] 🤖 [MS3-PKG] [DEBUG] 🤖 [MS3-PKG] [DEBUG] 🤖 [MS3-PKG] [DEBUG] 🔄 [analyzeJoiSchema] Recursing into nested object: web3authConfig
🤖 [MS3-PKG] [DEBUG] 🤖 [MS3-PKG] [DEBUG] 🤖 [MS3-PKG] [DEBUG] 🤖 [MS3-PKG] [DEBUG] 🤖 [MS3-PKG] [DEBUG] 🤖 [MS3-PKG] [DEBUG] 🤖 [MS3-PKG] [DEBUG] 🤖 [MS3-PKG] [DEBUG] 🤖 [MS3-PKG] [DEBUG] 🤖 [MS3-PKG] [DEBUG] 🤖 [MS3-PKG] [DEBUG] 🤖 [MS3-PKG] [DEBUG] 🤖 [MS3-PKG] [DEBUG] 🤖 [MS3-PKG] [DEBUG] 🔑 [analyzeJoiSchema] Processing field: multiChainRpcs
🤖 [MS3-PKG] [DEBUG] 🤖 [MS3-PKG] [DEBUG] 🤖 [MS3-PKG] [DEBUG] 🤖 [MS3-PKG] [DEBUG] 🤖 [MS3-PKG] [DEBUG] 🤖 [MS3-PKG] [DEBUG] 🤖 [MS3-PKG] [DEBUG] 🤖 [MS3-PKG] [DEBUG] 🤖 [MS3-PKG] [DEBUG] 🤖 [MS3-PKG] [DEBUG] 🤖 [MS3-PKG] [DEBUG] 🤖 [MS3-PKG] [DEBUG] 🤖 [MS3-PKG] [DEBUG] 🤖 [MS3-PKG] [DEBUG] 📝 [analyzeJoiSchema] Field description: {
  type: [32m&apos;object&apos;[39m,
  flags: {
    presence: [32m&apos;optional&apos;[39m,
    description: [32m&apos;Multi-chain RPC configuration - maps chain IDs to RPC URL arrays&apos;[39m
  },
  patterns: [ { schema: [36m[Object][39m, rule: [36m[Object][39m } ]
}
🤖 [MS3-PKG] [DEBUG] 🤖 [MS3-PKG] [DEBUG] 🤖 [MS3-PKG] [DEBUG] 🤖 [MS3-PKG] [DEBUG] 🤖 [MS3-PKG] [DEBUG] 🤖 [MS3-PKG] [DEBUG] 🤖 [MS3-PKG] [DEBUG] 🤖 [MS3-PKG] [DEBUG] 🤖 [MS3-PKG] [DEBUG] 🤖 [MS3-PKG] [DEBUG] 🤖 [MS3-PKG] [DEBUG] 🤖 [MS3-PKG] [DEBUG] 🤖 [MS3-PKG] [DEBUG] 🤖 [MS3-PKG] [DEBUG] 📊 [analyzeJoiSchema] Field multiChainRpcs: type=object, required=false, message=&quot;Multi-chain RPC configuration - maps chain IDs to RPC URL arrays&quot;
🤖 [MS3-PKG] [INFO] 🤖 [MS3-PKG] [INFO] 🤖 [MS3-PKG] [INFO] 🤖 [MS3-PKG] [INFO] 🤖 [MS3-PKG] [INFO] 🤖 [MS3-PKG] [INFO] 🤖 [MS3-PKG] [INFO] 🤖 [MS3-PKG] [INFO] 🤖 [MS3-PKG] [INFO] 🤖 [MS3-PKG] [INFO] 🤖 [MS3-PKG] [INFO] 🤖 [MS3-PKG] [INFO] 🤖 [MS3-PKG] [INFO] 🤖 [MS3-PKG] [INFO] 📊 [analyzeJoiSchema] Generated 14 requirements for options
🤖 [MS3-PKG] [DEBUG] 🤖 [MS3-PKG] [DEBUG] 🤖 [MS3-PKG] [DEBUG] 🤖 [MS3-PKG] [DEBUG] 🤖 [MS3-PKG] [DEBUG] 🤖 [MS3-PKG] [DEBUG] 🤖 [MS3-PKG] [DEBUG] 🤖 [MS3-PKG] [DEBUG] 🤖 [MS3-PKG] [DEBUG] 🤖 [MS3-PKG] [DEBUG] 🤖 [MS3-PKG] [DEBUG] 🤖 [MS3-PKG] [DEBUG] 🤖 [MS3-PKG] [DEBUG] 🤖 [MS3-PKG] [DEBUG] 🔍 [getRequirements] Starting analysis for bulk-test-77
🤖 [MS3-PKG] [DEBUG] 🤖 [MS3-PKG] [DEBUG] 🤖 [MS3-PKG] [DEBUG] 🤖 [MS3-PKG] [DEBUG] 🤖 [MS3-PKG] [DEBUG] 🤖 [MS3-PKG] [DEBUG] 🤖 [MS3-PKG] [DEBUG] 🤖 [MS3-PKG] [DEBUG] 🤖 [MS3-PKG] [DEBUG] 🤖 [MS3-PKG] [DEBUG] 🤖 [MS3-PKG] [DEBUG] 🤖 [MS3-PKG] [DEBUG] 🤖 [MS3-PKG] [DEBUG] 🤖 [MS3-PKG] [DEBUG] 🔬 [analyzeJoiSchema] Analyzing schema at path: options
🤖 [MS3-PKG] [DEBUG] 🤖 [MS3-PKG] [DEBUG] 🤖 [MS3-PKG] [DEBUG] 🤖 [MS3-PKG] [DEBUG] 🤖 [MS3-PKG] [DEBUG] 🤖 [MS3-PKG] [DEBUG] 🤖 [MS3-PKG] [DEBUG] 🤖 [MS3-PKG] [DEBUG] 🤖 [MS3-PKG] [DEBUG] 🤖 [MS3-PKG] [DEBUG] 🤖 [MS3-PKG] [DEBUG] 🤖 [MS3-PKG] [DEBUG] 🤖 [MS3-PKG] [DEBUG] 🤖 [MS3-PKG] [DEBUG] 📋 [analyzeJoiSchema] Schema description type: object
🤖 [MS3-PKG] [DEBUG] 🤖 [MS3-PKG] [DEBUG] 🤖 [MS3-PKG] [DEBUG] 🤖 [MS3-PKG] [DEBUG] 🤖 [MS3-PKG] [DEBUG] 🤖 [MS3-PKG] [DEBUG] 🤖 [MS3-PKG] [DEBUG] 🤖 [MS3-PKG] [DEBUG] 🤖 [MS3-PKG] [DEBUG] 🤖 [MS3-PKG] [DEBUG] 🤖 [MS3-PKG] [DEBUG] 🤖 [MS3-PKG] [DEBUG] 🤖 [MS3-PKG] [DEBUG] 🤖 [MS3-PKG] [DEBUG] 📋 [analyzeJoiSchema] Schema keys: [ [32m&apos;privateKey&apos;[39m, [32m&apos;provider&apos;[39m, [32m&apos;multiChainRpcs&apos;[39m ]
🤖 [MS3-PKG] [DEBUG] 🤖 [MS3-PKG] [DEBUG] 🤖 [MS3-PKG] [DEBUG] 🤖 [MS3-PKG] [DEBUG] 🤖 [MS3-PKG] [DEBUG] 🤖 [MS3-PKG] [DEBUG] 🤖 [MS3-PKG] [DEBUG] 🤖 [MS3-PKG] [DEBUG] 🤖 [MS3-PKG] [DEBUG] 🤖 [MS3-PKG] [DEBUG] 🤖 [MS3-PKG] [DEBUG] 🤖 [MS3-PKG] [DEBUG] 🤖 [MS3-PKG] [DEBUG] 🤖 [MS3-PKG] [DEBUG] ✅ [analyzeJoiSchema] Processing object schema with 3 keys
🤖 [MS3-PKG] [DEBUG] 🤖 [MS3-PKG] [DEBUG] 🤖 [MS3-PKG] [DEBUG] 🤖 [MS3-PKG] [DEBUG] 🤖 [MS3-PKG] [DEBUG] 🤖 [MS3-PKG] [DEBUG] 🤖 [MS3-PKG] [DEBUG] 🤖 [MS3-PKG] [DEBUG] 🤖 [MS3-PKG] [DEBUG] 🤖 [MS3-PKG] [DEBUG] 🤖 [MS3-PKG] [DEBUG] 🤖 [MS3-PKG] [DEBUG] 🤖 [MS3-PKG] [DEBUG] 🤖 [MS3-PKG] [DEBUG] 🔑 [analyzeJoiSchema] Processing field: privateKey
🤖 [MS3-PKG] [DEBUG] 🤖 [MS3-PKG] [DEBUG] 🤖 [MS3-PKG] [DEBUG] 🤖 [MS3-PKG] [DEBUG] 🤖 [MS3-PKG] [DEBUG] 🤖 [MS3-PKG] [DEBUG] 🤖 [MS3-PKG] [DEBUG] 🤖 [MS3-PKG] [DEBUG] 🤖 [MS3-PKG] [DEBUG] 🤖 [MS3-PKG] [DEBUG] 🤖 [MS3-PKG] [DEBUG] 🤖 [MS3-PKG] [DEBUG] 🤖 [MS3-PKG] [DEBUG] 🤖 [MS3-PKG] [DEBUG] 📝 [analyzeJoiSchema] Field description: {
  type: [32m&apos;string&apos;[39m,
  flags: {
    presence: [32m&apos;required&apos;[39m,
    description: [32m&apos;Private key for wallet (generates random if not provided)&apos;[39m
  },
  rules: [ { name: [32m&apos;pattern&apos;[39m, args: [36m[Object][39m } ]
}
🤖 [MS3-PKG] [DEBUG] 🤖 [MS3-PKG] [DEBUG] 🤖 [MS3-PKG] [DEBUG] 🤖 [MS3-PKG] [DEBUG] 🤖 [MS3-PKG] [DEBUG] 🤖 [MS3-PKG] [DEBUG] 🤖 [MS3-PKG] [DEBUG] 🤖 [MS3-PKG] [DEBUG] 🤖 [MS3-PKG] [DEBUG] 🤖 [MS3-PKG] [DEBUG] 🤖 [MS3-PKG] [DEBUG] 🤖 [MS3-PKG] [DEBUG] 🤖 [MS3-PKG] [DEBUG] 🤖 [MS3-PKG] [DEBUG] 📊 [analyzeJoiSchema] Field privateKey: type=string, required=true, message=&quot;Private key for wallet (generates random if not provided)&quot;
🤖 [MS3-PKG] [DEBUG] 🤖 [MS3-PKG] [DEBUG] 🤖 [MS3-PKG] [DEBUG] 🤖 [MS3-PKG] [DEBUG] 🤖 [MS3-PKG] [DEBUG] 🤖 [MS3-PKG] [DEBUG] 🤖 [MS3-PKG] [DEBUG] 🤖 [MS3-PKG] [DEBUG] 🤖 [MS3-PKG] [DEBUG] 🤖 [MS3-PKG] [DEBUG] 🤖 [MS3-PKG] [DEBUG] 🤖 [MS3-PKG] [DEBUG] 🤖 [MS3-PKG] [DEBUG] 🤖 [MS3-PKG] [DEBUG] 🔑 [analyzeJoiSchema] Processing field: provider
🤖 [MS3-PKG] [DEBUG] 🤖 [MS3-PKG] [DEBUG] 🤖 [MS3-PKG] [DEBUG] 🤖 [MS3-PKG] [DEBUG] 🤖 [MS3-PKG] [DEBUG] 🤖 [MS3-PKG] [DEBUG] 🤖 [MS3-PKG] [DEBUG] 🤖 [MS3-PKG] [DEBUG] 🤖 [MS3-PKG] [DEBUG] 🤖 [MS3-PKG] [DEBUG] 🤖 [MS3-PKG] [DEBUG] 🤖 [MS3-PKG] [DEBUG] 🤖 [MS3-PKG] [DEBUG] 🤖 [MS3-PKG] [DEBUG] 📝 [analyzeJoiSchema] Field description: {
  type: [32m&apos;object&apos;[39m,
  flags: {
    presence: [32m&apos;optional&apos;[39m,
    description: [32m&apos;Optional provider configuration&apos;[39m
  },
  keys: {
    name: { type: [32m&apos;string&apos;[39m, flags: [36m[Object][39m },
    chainId: { type: [32m&apos;string&apos;[39m, flags: [36m[Object][39m, rules: [36m[Array][39m },
    rpcUrls: { type: [32m&apos;array&apos;[39m, flags: [36m[Object][39m, rules: [36m[Array][39m, items: [36m[Array][39m },
    displayName: { type: [32m&apos;string&apos;[39m, flags: [36m[Object][39m }
  }
}
🤖 [MS3-PKG] [DEBUG] 🤖 [MS3-PKG] [DEBUG] 🤖 [MS3-PKG] [DEBUG] 🤖 [MS3-PKG] [DEBUG] 🤖 [MS3-PKG] [DEBUG] 🤖 [MS3-PKG] [DEBUG] 🤖 [MS3-PKG] [DEBUG] 🤖 [MS3-PKG] [DEBUG] 🤖 [MS3-PKG] [DEBUG] 🤖 [MS3-PKG] [DEBUG] 🤖 [MS3-PKG] [DEBUG] 🤖 [MS3-PKG] [DEBUG] 🤖 [MS3-PKG] [DEBUG] 🤖 [MS3-PKG] [DEBUG] 📊 [analyzeJoiSchema] Field provider: type=object, required=false, message=&quot;Optional provider configuration&quot;
🤖 [MS3-PKG] [DEBUG] 🤖 [MS3-PKG] [DEBUG] 🤖 [MS3-PKG] [DEBUG] 🤖 [MS3-PKG] [DEBUG] 🤖 [MS3-PKG] [DEBUG] 🤖 [MS3-PKG] [DEBUG] 🤖 [MS3-PKG] [DEBUG] 🤖 [MS3-PKG] [DEBUG] 🤖 [MS3-PKG] [DEBUG] 🤖 [MS3-PKG] [DEBUG] 🤖 [MS3-PKG] [DEBUG] 🤖 [MS3-PKG] [DEBUG] 🤖 [MS3-PKG] [DEBUG] 🤖 [MS3-PKG] [DEBUG] 🔄 [analyzeJoiSchema] Recursing into nested object: provider
🤖 [MS3-PKG] [DEBUG] 🤖 [MS3-PKG] [DEBUG] 🤖 [MS3-PKG] [DEBUG] 🤖 [MS3-PKG] [DEBUG] 🤖 [MS3-PKG] [DEBUG] 🤖 [MS3-PKG] [DEBUG] 🤖 [MS3-PKG] [DEBUG] 🤖 [MS3-PKG] [DEBUG] 🤖 [MS3-PKG] [DEBUG] 🤖 [MS3-PKG] [DEBUG] 🤖 [MS3-PKG] [DEBUG] 🤖 [MS3-PKG] [DEBUG] 🤖 [MS3-PKG] [DEBUG] 🤖 [MS3-PKG] [DEBUG] 🔑 [analyzeJoiSchema] Processing field: multiChainRpcs
🤖 [MS3-PKG] [DEBUG] 🤖 [MS3-PKG] [DEBUG] 🤖 [MS3-PKG] [DEBUG] 🤖 [MS3-PKG] [DEBUG] 🤖 [MS3-PKG] [DEBUG] 🤖 [MS3-PKG] [DEBUG] 🤖 [MS3-PKG] [DEBUG] 🤖 [MS3-PKG] [DEBUG] 🤖 [MS3-PKG] [DEBUG] 🤖 [MS3-PKG] [DEBUG] 🤖 [MS3-PKG] [DEBUG] 🤖 [MS3-PKG] [DEBUG] 🤖 [MS3-PKG] [DEBUG] 🤖 [MS3-PKG] [DEBUG] 📝 [analyzeJoiSchema] Field description: {
  type: [32m&apos;object&apos;[39m,
  flags: {
    presence: [32m&apos;optional&apos;[39m,
    description: [32m&apos;Multi-chain RPC configuration - maps chain IDs to RPC URL arrays&apos;[39m
  },
  patterns: [ { schema: [36m[Object][39m, rule: [36m[Object][39m } ]
}
🤖 [MS3-PKG] [DEBUG] 🤖 [MS3-PKG] [DEBUG] 🤖 [MS3-PKG] [DEBUG] 🤖 [MS3-PKG] [DEBUG] 🤖 [MS3-PKG] [DEBUG] 🤖 [MS3-PKG] [DEBUG] 🤖 [MS3-PKG] [DEBUG] 🤖 [MS3-PKG] [DEBUG] 🤖 [MS3-PKG] [DEBUG] 🤖 [MS3-PKG] [DEBUG] 🤖 [MS3-PKG] [DEBUG] 🤖 [MS3-PKG] [DEBUG] 🤖 [MS3-PKG] [DEBUG] 🤖 [MS3-PKG] [DEBUG] 📊 [analyzeJoiSchema] Field multiChainRpcs: type=object, required=false, message=&quot;Multi-chain RPC configuration - maps chain IDs to RPC URL arrays&quot;
🤖 [MS3-PKG] [INFO] 🤖 [MS3-PKG] [INFO] 🤖 [MS3-PKG] [INFO] 🤖 [MS3-PKG] [INFO] 🤖 [MS3-PKG] [INFO] 🤖 [MS3-PKG] [INFO] 🤖 [MS3-PKG] [INFO] 🤖 [MS3-PKG] [INFO] 🤖 [MS3-PKG] [INFO] 🤖 [MS3-PKG] [INFO] 🤖 [MS3-PKG] [INFO] 🤖 [MS3-PKG] [INFO] 🤖 [MS3-PKG] [INFO] 🤖 [MS3-PKG] [INFO] 📊 [analyzeJoiSchema] Generated 7 requirements for options
🤖 [MS3-PKG] [DEBUG] 🤖 [MS3-PKG] [DEBUG] 🤖 [MS3-PKG] [DEBUG] 🤖 [MS3-PKG] [DEBUG] 🤖 [MS3-PKG] [DEBUG] 🤖 [MS3-PKG] [DEBUG] 🤖 [MS3-PKG] [DEBUG] 🤖 [MS3-PKG] [DEBUG] 🤖 [MS3-PKG] [DEBUG] 🤖 [MS3-PKG] [DEBUG] 🤖 [MS3-PKG] [DEBUG] 🤖 [MS3-PKG] [DEBUG] 🤖 [MS3-PKG] [DEBUG] 🤖 [MS3-PKG] [DEBUG] 🔍 [getRequirements] Starting analysis for bulk-test-77
🤖 [MS3-PKG] [DEBUG] 🤖 [MS3-PKG] [DEBUG] 🤖 [MS3-PKG] [DEBUG] 🤖 [MS3-PKG] [DEBUG] 🤖 [MS3-PKG] [DEBUG] 🤖 [MS3-PKG] [DEBUG] 🤖 [MS3-PKG] [DEBUG] 🤖 [MS3-PKG] [DEBUG] 🤖 [MS3-PKG] [DEBUG] 🤖 [MS3-PKG] [DEBUG] 🤖 [MS3-PKG] [DEBUG] 🤖 [MS3-PKG] [DEBUG] 🤖 [MS3-PKG] [DEBUG] 🤖 [MS3-PKG] [DEBUG] 🔬 [analyzeJoiSchema] Analyzing schema at path: options
🤖 [MS3-PKG] [DEBUG] 🤖 [MS3-PKG] [DEBUG] 🤖 [MS3-PKG] [DEBUG] 🤖 [MS3-PKG] [DEBUG] 🤖 [MS3-PKG] [DEBUG] 🤖 [MS3-PKG] [DEBUG] 🤖 [MS3-PKG] [DEBUG] 🤖 [MS3-PKG] [DEBUG] 🤖 [MS3-PKG] [DEBUG] 🤖 [MS3-PKG] [DEBUG] 🤖 [MS3-PKG] [DEBUG] 🤖 [MS3-PKG] [DEBUG] 🤖 [MS3-PKG] [DEBUG] 🤖 [MS3-PKG] [DEBUG] 📋 [analyzeJoiSchema] Schema description type: object
🤖 [MS3-PKG] [DEBUG] 🤖 [MS3-PKG] [DEBUG] 🤖 [MS3-PKG] [DEBUG] 🤖 [MS3-PKG] [DEBUG] 🤖 [MS3-PKG] [DEBUG] 🤖 [MS3-PKG] [DEBUG] 🤖 [MS3-PKG] [DEBUG] 🤖 [MS3-PKG] [DEBUG] 🤖 [MS3-PKG] [DEBUG] 🤖 [MS3-PKG] [DEBUG] 🤖 [MS3-PKG] [DEBUG] 🤖 [MS3-PKG] [DEBUG] 🤖 [MS3-PKG] [DEBUG] 🤖 [MS3-PKG] [DEBUG] 📋 [analyzeJoiSchema] Schema keys: [ [32m&apos;web3authConfig&apos;[39m, [32m&apos;multiChainRpcs&apos;[39m ]
🤖 [MS3-PKG] [DEBUG] 🤖 [MS3-PKG] [DEBUG] 🤖 [MS3-PKG] [DEBUG] 🤖 [MS3-PKG] [DEBUG] 🤖 [MS3-PKG] [DEBUG] 🤖 [MS3-PKG] [DEBUG] 🤖 [MS3-PKG] [DEBUG] 🤖 [MS3-PKG] [DEBUG] 🤖 [MS3-PKG] [DEBUG] 🤖 [MS3-PKG] [DEBUG] 🤖 [MS3-PKG] [DEBUG] 🤖 [MS3-PKG] [DEBUG] 🤖 [MS3-PKG] [DEBUG] 🤖 [MS3-PKG] [DEBUG] ✅ [analyzeJoiSchema] Processing object schema with 2 keys
🤖 [MS3-PKG] [DEBUG] 🤖 [MS3-PKG] [DEBUG] 🤖 [MS3-PKG] [DEBUG] 🤖 [MS3-PKG] [DEBUG] 🤖 [MS3-PKG] [DEBUG] 🤖 [MS3-PKG] [DEBUG] 🤖 [MS3-PKG] [DEBUG] 🤖 [MS3-PKG] [DEBUG] 🤖 [MS3-PKG] [DEBUG] 🤖 [MS3-PKG] [DEBUG] 🤖 [MS3-PKG] [DEBUG] 🤖 [MS3-PKG] [DEBUG] 🤖 [MS3-PKG] [DEBUG] 🤖 [MS3-PKG] [DEBUG] 🔑 [analyzeJoiSchema] Processing field: web3authConfig
🤖 [MS3-PKG] [DEBUG] 🤖 [MS3-PKG] [DEBUG] 🤖 [MS3-PKG] [DEBUG] 🤖 [MS3-PKG] [DEBUG] 🤖 [MS3-PKG] [DEBUG] 🤖 [MS3-PKG] [DEBUG] 🤖 [MS3-PKG] [DEBUG] 🤖 [MS3-PKG] [DEBUG] 🤖 [MS3-PKG] [DEBUG] 🤖 [MS3-PKG] [DEBUG] 🤖 [MS3-PKG] [DEBUG] 🤖 [MS3-PKG] [DEBUG] 🤖 [MS3-PKG] [DEBUG] 🤖 [MS3-PKG] [DEBUG] 📝 [analyzeJoiSchema] Field description: {
  type: [32m&apos;object&apos;[39m,
  flags: {
    presence: [32m&apos;required&apos;[39m,
    description: [32m&apos;Web3Auth configuration object&apos;[39m
  },
  keys: {
    clientId: { type: [32m&apos;string&apos;[39m, flags: [36m[Object][39m },
    web3AuthNetwork: { type: [32m&apos;string&apos;[39m, flags: [36m[Object][39m, allow: [36m[Array][39m },
    chainConfig: { type: [32m&apos;object&apos;[39m, flags: [36m[Object][39m, keys: [36m[Object][39m },
    loginConfig: { type: [32m&apos;object&apos;[39m, flags: [36m[Object][39m },
    privateKeyProvider: { type: [32m&apos;any&apos;[39m, flags: [36m[Object][39m }
  }
}
🤖 [MS3-PKG] [DEBUG] 🤖 [MS3-PKG] [DEBUG] 🤖 [MS3-PKG] [DEBUG] 🤖 [MS3-PKG] [DEBUG] 🤖 [MS3-PKG] [DEBUG] 🤖 [MS3-PKG] [DEBUG] 🤖 [MS3-PKG] [DEBUG] 🤖 [MS3-PKG] [DEBUG] 🤖 [MS3-PKG] [DEBUG] 🤖 [MS3-PKG] [DEBUG] 🤖 [MS3-PKG] [DEBUG] 🤖 [MS3-PKG] [DEBUG] 🤖 [MS3-PKG] [DEBUG] 🤖 [MS3-PKG] [DEBUG] 📊 [analyzeJoiSchema] Field web3authConfig: type=object, required=true, message=&quot;Web3Auth configuration object&quot;
🤖 [MS3-PKG] [DEBUG] 🤖 [MS3-PKG] [DEBUG] 🤖 [MS3-PKG] [DEBUG] 🤖 [MS3-PKG] [DEBUG] 🤖 [MS3-PKG] [DEBUG] 🤖 [MS3-PKG] [DEBUG] 🤖 [MS3-PKG] [DEBUG] 🤖 [MS3-PKG] [DEBUG] 🤖 [MS3-PKG] [DEBUG] 🤖 [MS3-PKG] [DEBUG] 🤖 [MS3-PKG] [DEBUG] 🤖 [MS3-PKG] [DEBUG] 🤖 [MS3-PKG] [DEBUG] 🤖 [MS3-PKG] [DEBUG] 🔄 [analyzeJoiSchema] Recursing into nested object: web3authConfig
🤖 [MS3-PKG] [DEBUG] 🤖 [MS3-PKG] [DEBUG] 🤖 [MS3-PKG] [DEBUG] 🤖 [MS3-PKG] [DEBUG] 🤖 [MS3-PKG] [DEBUG] 🤖 [MS3-PKG] [DEBUG] 🤖 [MS3-PKG] [DEBUG] 🤖 [MS3-PKG] [DEBUG] 🤖 [MS3-PKG] [DEBUG] 🤖 [MS3-PKG] [DEBUG] 🤖 [MS3-PKG] [DEBUG] 🤖 [MS3-PKG] [DEBUG] 🤖 [MS3-PKG] [DEBUG] 🤖 [MS3-PKG] [DEBUG] 🔑 [analyzeJoiSchema] Processing field: multiChainRpcs
🤖 [MS3-PKG] [DEBUG] 🤖 [MS3-PKG] [DEBUG] 🤖 [MS3-PKG] [DEBUG] 🤖 [MS3-PKG] [DEBUG] 🤖 [MS3-PKG] [DEBUG] 🤖 [MS3-PKG] [DEBUG] 🤖 [MS3-PKG] [DEBUG] 🤖 [MS3-PKG] [DEBUG] 🤖 [MS3-PKG] [DEBUG] 🤖 [MS3-PKG] [DEBUG] 🤖 [MS3-PKG] [DEBUG] 🤖 [MS3-PKG] [DEBUG] 🤖 [MS3-PKG] [DEBUG] 🤖 [MS3-PKG] [DEBUG] 📝 [analyzeJoiSchema] Field description: {
  type: [32m&apos;object&apos;[39m,
  flags: {
    presence: [32m&apos;optional&apos;[39m,
    description: [32m&apos;Multi-chain RPC configuration - maps chain IDs to RPC URL arrays&apos;[39m
  },
  patterns: [ { schema: [36m[Object][39m, rule: [36m[Object][39m } ]
}
🤖 [MS3-PKG] [DEBUG] 🤖 [MS3-PKG] [DEBUG] 🤖 [MS3-PKG] [DEBUG] 🤖 [MS3-PKG] [DEBUG] 🤖 [MS3-PKG] [DEBUG] 🤖 [MS3-PKG] [DEBUG] 🤖 [MS3-PKG] [DEBUG] 🤖 [MS3-PKG] [DEBUG] 🤖 [MS3-PKG] [DEBUG] 🤖 [MS3-PKG] [DEBUG] 🤖 [MS3-PKG] [DEBUG] 🤖 [MS3-PKG] [DEBUG] 🤖 [MS3-PKG] [DEBUG] 🤖 [MS3-PKG] [DEBUG] 📊 [analyzeJoiSchema] Field multiChainRpcs: type=object, required=false, message=&quot;Multi-chain RPC configuration - maps chain IDs to RPC URL arrays&quot;
🤖 [MS3-PKG] [INFO] 🤖 [MS3-PKG] [INFO] 🤖 [MS3-PKG] [INFO] 🤖 [MS3-PKG] [INFO] 🤖 [MS3-PKG] [INFO] 🤖 [MS3-PKG] [INFO] 🤖 [MS3-PKG] [INFO] 🤖 [MS3-PKG] [INFO] 🤖 [MS3-PKG] [INFO] 🤖 [MS3-PKG] [INFO] 🤖 [MS3-PKG] [INFO] 🤖 [MS3-PKG] [INFO] 🤖 [MS3-PKG] [INFO] 🤖 [MS3-PKG] [INFO] 📊 [analyzeJoiSchema] Generated 14 requirements for options
🤖 [MS3-PKG] [DEBUG] 🤖 [MS3-PKG] [DEBUG] 🤖 [MS3-PKG] [DEBUG] 🤖 [MS3-PKG] [DEBUG] 🤖 [MS3-PKG] [DEBUG] 🤖 [MS3-PKG] [DEBUG] 🤖 [MS3-PKG] [DEBUG] 🤖 [MS3-PKG] [DEBUG] 🤖 [MS3-PKG] [DEBUG] 🤖 [MS3-PKG] [DEBUG] 🤖 [MS3-PKG] [DEBUG] 🤖 [MS3-PKG] [DEBUG] 🤖 [MS3-PKG] [DEBUG] 🤖 [MS3-PKG] [DEBUG] 🔍 [getRequirements] Starting analysis for bulk-test-78
🤖 [MS3-PKG] [DEBUG] 🤖 [MS3-PKG] [DEBUG] 🤖 [MS3-PKG] [DEBUG] 🤖 [MS3-PKG] [DEBUG] 🤖 [MS3-PKG] [DEBUG] 🤖 [MS3-PKG] [DEBUG] 🤖 [MS3-PKG] [DEBUG] 🤖 [MS3-PKG] [DEBUG] 🤖 [MS3-PKG] [DEBUG] 🤖 [MS3-PKG] [DEBUG] 🤖 [MS3-PKG] [DEBUG] 🤖 [MS3-PKG] [DEBUG] 🤖 [MS3-PKG] [DEBUG] 🤖 [MS3-PKG] [DEBUG] 🔬 [analyzeJoiSchema] Analyzing schema at path: options
🤖 [MS3-PKG] [DEBUG] 🤖 [MS3-PKG] [DEBUG] 🤖 [MS3-PKG] [DEBUG] 🤖 [MS3-PKG] [DEBUG] 🤖 [MS3-PKG] [DEBUG] 🤖 [MS3-PKG] [DEBUG] 🤖 [MS3-PKG] [DEBUG] 🤖 [MS3-PKG] [DEBUG] 🤖 [MS3-PKG] [DEBUG] 🤖 [MS3-PKG] [DEBUG] 🤖 [MS3-PKG] [DEBUG] 🤖 [MS3-PKG] [DEBUG] 🤖 [MS3-PKG] [DEBUG] 🤖 [MS3-PKG] [DEBUG] 📋 [analyzeJoiSchema] Schema description type: object
🤖 [MS3-PKG] [DEBUG] 🤖 [MS3-PKG] [DEBUG] 🤖 [MS3-PKG] [DEBUG] 🤖 [MS3-PKG] [DEBUG] 🤖 [MS3-PKG] [DEBUG] 🤖 [MS3-PKG] [DEBUG] 🤖 [MS3-PKG] [DEBUG] 🤖 [MS3-PKG] [DEBUG] 🤖 [MS3-PKG] [DEBUG] 🤖 [MS3-PKG] [DEBUG] 🤖 [MS3-PKG] [DEBUG] 🤖 [MS3-PKG] [DEBUG] 🤖 [MS3-PKG] [DEBUG] 🤖 [MS3-PKG] [DEBUG] 📋 [analyzeJoiSchema] Schema keys: [ [32m&apos;privateKey&apos;[39m, [32m&apos;provider&apos;[39m, [32m&apos;multiChainRpcs&apos;[39m ]
🤖 [MS3-PKG] [DEBUG] 🤖 [MS3-PKG] [DEBUG] 🤖 [MS3-PKG] [DEBUG] 🤖 [MS3-PKG] [DEBUG] 🤖 [MS3-PKG] [DEBUG] 🤖 [MS3-PKG] [DEBUG] 🤖 [MS3-PKG] [DEBUG] 🤖 [MS3-PKG] [DEBUG] 🤖 [MS3-PKG] [DEBUG] 🤖 [MS3-PKG] [DEBUG] 🤖 [MS3-PKG] [DEBUG] 🤖 [MS3-PKG] [DEBUG] 🤖 [MS3-PKG] [DEBUG] 🤖 [MS3-PKG] [DEBUG] ✅ [analyzeJoiSchema] Processing object schema with 3 keys
🤖 [MS3-PKG] [DEBUG] 🤖 [MS3-PKG] [DEBUG] 🤖 [MS3-PKG] [DEBUG] 🤖 [MS3-PKG] [DEBUG] 🤖 [MS3-PKG] [DEBUG] 🤖 [MS3-PKG] [DEBUG] 🤖 [MS3-PKG] [DEBUG] 🤖 [MS3-PKG] [DEBUG] 🤖 [MS3-PKG] [DEBUG] 🤖 [MS3-PKG] [DEBUG] 🤖 [MS3-PKG] [DEBUG] 🤖 [MS3-PKG] [DEBUG] 🤖 [MS3-PKG] [DEBUG] 🤖 [MS3-PKG] [DEBUG] 🔑 [analyzeJoiSchema] Processing field: privateKey
🤖 [MS3-PKG] [DEBUG] 🤖 [MS3-PKG] [DEBUG] 🤖 [MS3-PKG] [DEBUG] 🤖 [MS3-PKG] [DEBUG] 🤖 [MS3-PKG] [DEBUG] 🤖 [MS3-PKG] [DEBUG] 🤖 [MS3-PKG] [DEBUG] 🤖 [MS3-PKG] [DEBUG] 🤖 [MS3-PKG] [DEBUG] 🤖 [MS3-PKG] [DEBUG] 🤖 [MS3-PKG] [DEBUG] 🤖 [MS3-PKG] [DEBUG] 🤖 [MS3-PKG] [DEBUG] 🤖 [MS3-PKG] [DEBUG] 📝 [analyzeJoiSchema] Field description: {
  type: [32m&apos;string&apos;[39m,
  flags: {
    presence: [32m&apos;required&apos;[39m,
    description: [32m&apos;Private key for wallet (generates random if not provided)&apos;[39m
  },
  rules: [ { name: [32m&apos;pattern&apos;[39m, args: [36m[Object][39m } ]
}
🤖 [MS3-PKG] [DEBUG] 🤖 [MS3-PKG] [DEBUG] 🤖 [MS3-PKG] [DEBUG] 🤖 [MS3-PKG] [DEBUG] 🤖 [MS3-PKG] [DEBUG] 🤖 [MS3-PKG] [DEBUG] 🤖 [MS3-PKG] [DEBUG] 🤖 [MS3-PKG] [DEBUG] 🤖 [MS3-PKG] [DEBUG] 🤖 [MS3-PKG] [DEBUG] 🤖 [MS3-PKG] [DEBUG] 🤖 [MS3-PKG] [DEBUG] 🤖 [MS3-PKG] [DEBUG] 🤖 [MS3-PKG] [DEBUG] 📊 [analyzeJoiSchema] Field privateKey: type=string, required=true, message=&quot;Private key for wallet (generates random if not provided)&quot;
🤖 [MS3-PKG] [DEBUG] 🤖 [MS3-PKG] [DEBUG] 🤖 [MS3-PKG] [DEBUG] 🤖 [MS3-PKG] [DEBUG] 🤖 [MS3-PKG] [DEBUG] 🤖 [MS3-PKG] [DEBUG] 🤖 [MS3-PKG] [DEBUG] 🤖 [MS3-PKG] [DEBUG] 🤖 [MS3-PKG] [DEBUG] 🤖 [MS3-PKG] [DEBUG] 🤖 [MS3-PKG] [DEBUG] 🤖 [MS3-PKG] [DEBUG] 🤖 [MS3-PKG] [DEBUG] 🤖 [MS3-PKG] [DEBUG] 🔑 [analyzeJoiSchema] Processing field: provider
🤖 [MS3-PKG] [DEBUG] 🤖 [MS3-PKG] [DEBUG] 🤖 [MS3-PKG] [DEBUG] 🤖 [MS3-PKG] [DEBUG] 🤖 [MS3-PKG] [DEBUG] 🤖 [MS3-PKG] [DEBUG] 🤖 [MS3-PKG] [DEBUG] 🤖 [MS3-PKG] [DEBUG] 🤖 [MS3-PKG] [DEBUG] 🤖 [MS3-PKG] [DEBUG] 🤖 [MS3-PKG] [DEBUG] 🤖 [MS3-PKG] [DEBUG] 🤖 [MS3-PKG] [DEBUG] 🤖 [MS3-PKG] [DEBUG] 📝 [analyzeJoiSchema] Field description: {
  type: [32m&apos;object&apos;[39m,
  flags: {
    presence: [32m&apos;optional&apos;[39m,
    description: [32m&apos;Optional provider configuration&apos;[39m
  },
  keys: {
    name: { type: [32m&apos;string&apos;[39m, flags: [36m[Object][39m },
    chainId: { type: [32m&apos;string&apos;[39m, flags: [36m[Object][39m, rules: [36m[Array][39m },
    rpcUrls: { type: [32m&apos;array&apos;[39m, flags: [36m[Object][39m, rules: [36m[Array][39m, items: [36m[Array][39m },
    displayName: { type: [32m&apos;string&apos;[39m, flags: [36m[Object][39m }
  }
}
🤖 [MS3-PKG] [DEBUG] 🤖 [MS3-PKG] [DEBUG] 🤖 [MS3-PKG] [DEBUG] 🤖 [MS3-PKG] [DEBUG] 🤖 [MS3-PKG] [DEBUG] 🤖 [MS3-PKG] [DEBUG] 🤖 [MS3-PKG] [DEBUG] 🤖 [MS3-PKG] [DEBUG] 🤖 [MS3-PKG] [DEBUG] 🤖 [MS3-PKG] [DEBUG] 🤖 [MS3-PKG] [DEBUG] 🤖 [MS3-PKG] [DEBUG] 🤖 [MS3-PKG] [DEBUG] 🤖 [MS3-PKG] [DEBUG] 📊 [analyzeJoiSchema] Field provider: type=object, required=false, message=&quot;Optional provider configuration&quot;
🤖 [MS3-PKG] [DEBUG] 🤖 [MS3-PKG] [DEBUG] 🤖 [MS3-PKG] [DEBUG] 🤖 [MS3-PKG] [DEBUG] 🤖 [MS3-PKG] [DEBUG] 🤖 [MS3-PKG] [DEBUG] 🤖 [MS3-PKG] [DEBUG] 🤖 [MS3-PKG] [DEBUG] 🤖 [MS3-PKG] [DEBUG] 🤖 [MS3-PKG] [DEBUG] 🤖 [MS3-PKG] [DEBUG] 🤖 [MS3-PKG] [DEBUG] 🤖 [MS3-PKG] [DEBUG] 🤖 [MS3-PKG] [DEBUG] 🔄 [analyzeJoiSchema] Recursing into nested object: provider
🤖 [MS3-PKG] [DEBUG] 🤖 [MS3-PKG] [DEBUG] 🤖 [MS3-PKG] [DEBUG] 🤖 [MS3-PKG] [DEBUG] 🤖 [MS3-PKG] [DEBUG] 🤖 [MS3-PKG] [DEBUG] 🤖 [MS3-PKG] [DEBUG] 🤖 [MS3-PKG] [DEBUG] 🤖 [MS3-PKG] [DEBUG] 🤖 [MS3-PKG] [DEBUG] 🤖 [MS3-PKG] [DEBUG] 🤖 [MS3-PKG] [DEBUG] 🤖 [MS3-PKG] [DEBUG] 🤖 [MS3-PKG] [DEBUG] 🔑 [analyzeJoiSchema] Processing field: multiChainRpcs
🤖 [MS3-PKG] [DEBUG] 🤖 [MS3-PKG] [DEBUG] 🤖 [MS3-PKG] [DEBUG] 🤖 [MS3-PKG] [DEBUG] 🤖 [MS3-PKG] [DEBUG] 🤖 [MS3-PKG] [DEBUG] 🤖 [MS3-PKG] [DEBUG] 🤖 [MS3-PKG] [DEBUG] 🤖 [MS3-PKG] [DEBUG] 🤖 [MS3-PKG] [DEBUG] 🤖 [MS3-PKG] [DEBUG] 🤖 [MS3-PKG] [DEBUG] 🤖 [MS3-PKG] [DEBUG] 🤖 [MS3-PKG] [DEBUG] 📝 [analyzeJoiSchema] Field description: {
  type: [32m&apos;object&apos;[39m,
  flags: {
    presence: [32m&apos;optional&apos;[39m,
    description: [32m&apos;Multi-chain RPC configuration - maps chain IDs to RPC URL arrays&apos;[39m
  },
  patterns: [ { schema: [36m[Object][39m, rule: [36m[Object][39m } ]
}
🤖 [MS3-PKG] [DEBUG] 🤖 [MS3-PKG] [DEBUG] 🤖 [MS3-PKG] [DEBUG] 🤖 [MS3-PKG] [DEBUG] 🤖 [MS3-PKG] [DEBUG] 🤖 [MS3-PKG] [DEBUG] 🤖 [MS3-PKG] [DEBUG] 🤖 [MS3-PKG] [DEBUG] 🤖 [MS3-PKG] [DEBUG] 🤖 [MS3-PKG] [DEBUG] 🤖 [MS3-PKG] [DEBUG] 🤖 [MS3-PKG] [DEBUG] 🤖 [MS3-PKG] [DEBUG] 🤖 [MS3-PKG] [DEBUG] 📊 [analyzeJoiSchema] Field multiChainRpcs: type=object, required=false, message=&quot;Multi-chain RPC configuration - maps chain IDs to RPC URL arrays&quot;
🤖 [MS3-PKG] [INFO] 🤖 [MS3-PKG] [INFO] 🤖 [MS3-PKG] [INFO] 🤖 [MS3-PKG] [INFO] 🤖 [MS3-PKG] [INFO] 🤖 [MS3-PKG] [INFO] 🤖 [MS3-PKG] [INFO] 🤖 [MS3-PKG] [INFO] 🤖 [MS3-PKG] [INFO] 🤖 [MS3-PKG] [INFO] 🤖 [MS3-PKG] [INFO] 🤖 [MS3-PKG] [INFO] 🤖 [MS3-PKG] [INFO] 🤖 [MS3-PKG] [INFO] 📊 [analyzeJoiSchema] Generated 7 requirements for options
🤖 [MS3-PKG] [DEBUG] 🤖 [MS3-PKG] [DEBUG] 🤖 [MS3-PKG] [DEBUG] 🤖 [MS3-PKG] [DEBUG] 🤖 [MS3-PKG] [DEBUG] 🤖 [MS3-PKG] [DEBUG] 🤖 [MS3-PKG] [DEBUG] 🤖 [MS3-PKG] [DEBUG] 🤖 [MS3-PKG] [DEBUG] 🤖 [MS3-PKG] [DEBUG] 🤖 [MS3-PKG] [DEBUG] 🤖 [MS3-PKG] [DEBUG] 🤖 [MS3-PKG] [DEBUG] 🤖 [MS3-PKG] [DEBUG] 🔍 [getRequirements] Starting analysis for bulk-test-78
🤖 [MS3-PKG] [DEBUG] 🤖 [MS3-PKG] [DEBUG] 🤖 [MS3-PKG] [DEBUG] 🤖 [MS3-PKG] [DEBUG] 🤖 [MS3-PKG] [DEBUG] 🤖 [MS3-PKG] [DEBUG] 🤖 [MS3-PKG] [DEBUG] 🤖 [MS3-PKG] [DEBUG] 🤖 [MS3-PKG] [DEBUG] 🤖 [MS3-PKG] [DEBUG] 🤖 [MS3-PKG] [DEBUG] 🤖 [MS3-PKG] [DEBUG] 🤖 [MS3-PKG] [DEBUG] 🤖 [MS3-PKG] [DEBUG] 🔬 [analyzeJoiSchema] Analyzing schema at path: options
🤖 [MS3-PKG] [DEBUG] 🤖 [MS3-PKG] [DEBUG] 🤖 [MS3-PKG] [DEBUG] 🤖 [MS3-PKG] [DEBUG] 🤖 [MS3-PKG] [DEBUG] 🤖 [MS3-PKG] [DEBUG] 🤖 [MS3-PKG] [DEBUG] 🤖 [MS3-PKG] [DEBUG] 🤖 [MS3-PKG] [DEBUG] 🤖 [MS3-PKG] [DEBUG] 🤖 [MS3-PKG] [DEBUG] 🤖 [MS3-PKG] [DEBUG] 🤖 [MS3-PKG] [DEBUG] 🤖 [MS3-PKG] [DEBUG] 📋 [analyzeJoiSchema] Schema description type: object
🤖 [MS3-PKG] [DEBUG] 🤖 [MS3-PKG] [DEBUG] 🤖 [MS3-PKG] [DEBUG] 🤖 [MS3-PKG] [DEBUG] 🤖 [MS3-PKG] [DEBUG] 🤖 [MS3-PKG] [DEBUG] 🤖 [MS3-PKG] [DEBUG] 🤖 [MS3-PKG] [DEBUG] 🤖 [MS3-PKG] [DEBUG] 🤖 [MS3-PKG] [DEBUG] 🤖 [MS3-PKG] [DEBUG] 🤖 [MS3-PKG] [DEBUG] 🤖 [MS3-PKG] [DEBUG] 🤖 [MS3-PKG] [DEBUG] 📋 [analyzeJoiSchema] Schema keys: [ [32m&apos;web3authConfig&apos;[39m, [32m&apos;multiChainRpcs&apos;[39m ]
🤖 [MS3-PKG] [DEBUG] 🤖 [MS3-PKG] [DEBUG] 🤖 [MS3-PKG] [DEBUG] 🤖 [MS3-PKG] [DEBUG] 🤖 [MS3-PKG] [DEBUG] 🤖 [MS3-PKG] [DEBUG] 🤖 [MS3-PKG] [DEBUG] 🤖 [MS3-PKG] [DEBUG] 🤖 [MS3-PKG] [DEBUG] 🤖 [MS3-PKG] [DEBUG] 🤖 [MS3-PKG] [DEBUG] 🤖 [MS3-PKG] [DEBUG] 🤖 [MS3-PKG] [DEBUG] 🤖 [MS3-PKG] [DEBUG] ✅ [analyzeJoiSchema] Processing object schema with 2 keys
🤖 [MS3-PKG] [DEBUG] 🤖 [MS3-PKG] [DEBUG] 🤖 [MS3-PKG] [DEBUG] 🤖 [MS3-PKG] [DEBUG] 🤖 [MS3-PKG] [DEBUG] 🤖 [MS3-PKG] [DEBUG] 🤖 [MS3-PKG] [DEBUG] 🤖 [MS3-PKG] [DEBUG] 🤖 [MS3-PKG] [DEBUG] 🤖 [MS3-PKG] [DEBUG] 🤖 [MS3-PKG] [DEBUG] 🤖 [MS3-PKG] [DEBUG] 🤖 [MS3-PKG] [DEBUG] 🤖 [MS3-PKG] [DEBUG] 🔑 [analyzeJoiSchema] Processing field: web3authConfig
🤖 [MS3-PKG] [DEBUG] 🤖 [MS3-PKG] [DEBUG] 🤖 [MS3-PKG] [DEBUG] 🤖 [MS3-PKG] [DEBUG] 🤖 [MS3-PKG] [DEBUG] 🤖 [MS3-PKG] [DEBUG] 🤖 [MS3-PKG] [DEBUG] 🤖 [MS3-PKG] [DEBUG] 🤖 [MS3-PKG] [DEBUG] 🤖 [MS3-PKG] [DEBUG] 🤖 [MS3-PKG] [DEBUG] 🤖 [MS3-PKG] [DEBUG] 🤖 [MS3-PKG] [DEBUG] 🤖 [MS3-PKG] [DEBUG] 📝 [analyzeJoiSchema] Field description: {
  type: [32m&apos;object&apos;[39m,
  flags: {
    presence: [32m&apos;required&apos;[39m,
    description: [32m&apos;Web3Auth configuration object&apos;[39m
  },
  keys: {
    clientId: { type: [32m&apos;string&apos;[39m, flags: [36m[Object][39m },
    web3AuthNetwork: { type: [32m&apos;string&apos;[39m, flags: [36m[Object][39m, allow: [36m[Array][39m },
    chainConfig: { type: [32m&apos;object&apos;[39m, flags: [36m[Object][39m, keys: [36m[Object][39m },
    loginConfig: { type: [32m&apos;object&apos;[39m, flags: [36m[Object][39m },
    privateKeyProvider: { type: [32m&apos;any&apos;[39m, flags: [36m[Object][39m }
  }
}
🤖 [MS3-PKG] [DEBUG] 🤖 [MS3-PKG] [DEBUG] 🤖 [MS3-PKG] [DEBUG] 🤖 [MS3-PKG] [DEBUG] 🤖 [MS3-PKG] [DEBUG] 🤖 [MS3-PKG] [DEBUG] 🤖 [MS3-PKG] [DEBUG] 🤖 [MS3-PKG] [DEBUG] 🤖 [MS3-PKG] [DEBUG] 🤖 [MS3-PKG] [DEBUG] 🤖 [MS3-PKG] [DEBUG] 🤖 [MS3-PKG] [DEBUG] 🤖 [MS3-PKG] [DEBUG] 🤖 [MS3-PKG] [DEBUG] 📊 [analyzeJoiSchema] Field web3authConfig: type=object, required=true, message=&quot;Web3Auth configuration object&quot;
🤖 [MS3-PKG] [DEBUG] 🤖 [MS3-PKG] [DEBUG] 🤖 [MS3-PKG] [DEBUG] 🤖 [MS3-PKG] [DEBUG] 🤖 [MS3-PKG] [DEBUG] 🤖 [MS3-PKG] [DEBUG] 🤖 [MS3-PKG] [DEBUG] 🤖 [MS3-PKG] [DEBUG] 🤖 [MS3-PKG] [DEBUG] 🤖 [MS3-PKG] [DEBUG] 🤖 [MS3-PKG] [DEBUG] 🤖 [MS3-PKG] [DEBUG] 🤖 [MS3-PKG] [DEBUG] 🤖 [MS3-PKG] [DEBUG] 🔄 [analyzeJoiSchema] Recursing into nested object: web3authConfig
🤖 [MS3-PKG] [DEBUG] 🤖 [MS3-PKG] [DEBUG] 🤖 [MS3-PKG] [DEBUG] 🤖 [MS3-PKG] [DEBUG] 🤖 [MS3-PKG] [DEBUG] 🤖 [MS3-PKG] [DEBUG] 🤖 [MS3-PKG] [DEBUG] 🤖 [MS3-PKG] [DEBUG] 🤖 [MS3-PKG] [DEBUG] 🤖 [MS3-PKG] [DEBUG] 🤖 [MS3-PKG] [DEBUG] 🤖 [MS3-PKG] [DEBUG] 🤖 [MS3-PKG] [DEBUG] 🤖 [MS3-PKG] [DEBUG] 🔑 [analyzeJoiSchema] Processing field: multiChainRpcs
🤖 [MS3-PKG] [DEBUG] 🤖 [MS3-PKG] [DEBUG] 🤖 [MS3-PKG] [DEBUG] 🤖 [MS3-PKG] [DEBUG] 🤖 [MS3-PKG] [DEBUG] 🤖 [MS3-PKG] [DEBUG] 🤖 [MS3-PKG] [DEBUG] 🤖 [MS3-PKG] [DEBUG] 🤖 [MS3-PKG] [DEBUG] 🤖 [MS3-PKG] [DEBUG] 🤖 [MS3-PKG] [DEBUG] 🤖 [MS3-PKG] [DEBUG] 🤖 [MS3-PKG] [DEBUG] 🤖 [MS3-PKG] [DEBUG] 📝 [analyzeJoiSchema] Field description: {
  type: [32m&apos;object&apos;[39m,
  flags: {
    presence: [32m&apos;optional&apos;[39m,
    description: [32m&apos;Multi-chain RPC configuration - maps chain IDs to RPC URL arrays&apos;[39m
  },
  patterns: [ { schema: [36m[Object][39m, rule: [36m[Object][39m } ]
}
🤖 [MS3-PKG] [DEBUG] 🤖 [MS3-PKG] [DEBUG] 🤖 [MS3-PKG] [DEBUG] 🤖 [MS3-PKG] [DEBUG] 🤖 [MS3-PKG] [DEBUG] 🤖 [MS3-PKG] [DEBUG] 🤖 [MS3-PKG] [DEBUG] 🤖 [MS3-PKG] [DEBUG] 🤖 [MS3-PKG] [DEBUG] 🤖 [MS3-PKG] [DEBUG] 🤖 [MS3-PKG] [DEBUG] 🤖 [MS3-PKG] [DEBUG] 🤖 [MS3-PKG] [DEBUG] 🤖 [MS3-PKG] [DEBUG] 📊 [analyzeJoiSchema] Field multiChainRpcs: type=object, required=false, message=&quot;Multi-chain RPC configuration - maps chain IDs to RPC URL arrays&quot;
🤖 [MS3-PKG] [INFO] 🤖 [MS3-PKG] [INFO] 🤖 [MS3-PKG] [INFO] 🤖 [MS3-PKG] [INFO] 🤖 [MS3-PKG] [INFO] 🤖 [MS3-PKG] [INFO] 🤖 [MS3-PKG] [INFO] 🤖 [MS3-PKG] [INFO] 🤖 [MS3-PKG] [INFO] 🤖 [MS3-PKG] [INFO] 🤖 [MS3-PKG] [INFO] 🤖 [MS3-PKG] [INFO] 🤖 [MS3-PKG] [INFO] 🤖 [MS3-PKG] [INFO] 📊 [analyzeJoiSchema] Generated 14 requirements for options
🤖 [MS3-PKG] [DEBUG] 🤖 [MS3-PKG] [DEBUG] 🤖 [MS3-PKG] [DEBUG] 🤖 [MS3-PKG] [DEBUG] 🤖 [MS3-PKG] [DEBUG] 🤖 [MS3-PKG] [DEBUG] 🤖 [MS3-PKG] [DEBUG] 🤖 [MS3-PKG] [DEBUG] 🤖 [MS3-PKG] [DEBUG] 🤖 [MS3-PKG] [DEBUG] 🤖 [MS3-PKG] [DEBUG] 🤖 [MS3-PKG] [DEBUG] 🤖 [MS3-PKG] [DEBUG] 🤖 [MS3-PKG] [DEBUG] 🔍 [getRequirements] Starting analysis for bulk-test-79
🤖 [MS3-PKG] [DEBUG] 🤖 [MS3-PKG] [DEBUG] 🤖 [MS3-PKG] [DEBUG] 🤖 [MS3-PKG] [DEBUG] 🤖 [MS3-PKG] [DEBUG] 🤖 [MS3-PKG] [DEBUG] 🤖 [MS3-PKG] [DEBUG] 🤖 [MS3-PKG] [DEBUG] 🤖 [MS3-PKG] [DEBUG] 🤖 [MS3-PKG] [DEBUG] 🤖 [MS3-PKG] [DEBUG] 🤖 [MS3-PKG] [DEBUG] 🤖 [MS3-PKG] [DEBUG] 🤖 [MS3-PKG] [DEBUG] 🔬 [analyzeJoiSchema] Analyzing schema at path: options
🤖 [MS3-PKG] [DEBUG] 🤖 [MS3-PKG] [DEBUG] 🤖 [MS3-PKG] [DEBUG] 🤖 [MS3-PKG] [DEBUG] 🤖 [MS3-PKG] [DEBUG] 🤖 [MS3-PKG] [DEBUG] 🤖 [MS3-PKG] [DEBUG] 🤖 [MS3-PKG] [DEBUG] 🤖 [MS3-PKG] [DEBUG] 🤖 [MS3-PKG] [DEBUG] 🤖 [MS3-PKG] [DEBUG] 🤖 [MS3-PKG] [DEBUG] 🤖 [MS3-PKG] [DEBUG] 🤖 [MS3-PKG] [DEBUG] 📋 [analyzeJoiSchema] Schema description type: object
🤖 [MS3-PKG] [DEBUG] 🤖 [MS3-PKG] [DEBUG] 🤖 [MS3-PKG] [DEBUG] 🤖 [MS3-PKG] [DEBUG] 🤖 [MS3-PKG] [DEBUG] 🤖 [MS3-PKG] [DEBUG] 🤖 [MS3-PKG] [DEBUG] 🤖 [MS3-PKG] [DEBUG] 🤖 [MS3-PKG] [DEBUG] 🤖 [MS3-PKG] [DEBUG] 🤖 [MS3-PKG] [DEBUG] 🤖 [MS3-PKG] [DEBUG] 🤖 [MS3-PKG] [DEBUG] 🤖 [MS3-PKG] [DEBUG] 📋 [analyzeJoiSchema] Schema keys: [ [32m&apos;privateKey&apos;[39m, [32m&apos;provider&apos;[39m, [32m&apos;multiChainRpcs&apos;[39m ]
🤖 [MS3-PKG] [DEBUG] 🤖 [MS3-PKG] [DEBUG] 🤖 [MS3-PKG] [DEBUG] 🤖 [MS3-PKG] [DEBUG] 🤖 [MS3-PKG] [DEBUG] 🤖 [MS3-PKG] [DEBUG] 🤖 [MS3-PKG] [DEBUG] 🤖 [MS3-PKG] [DEBUG] 🤖 [MS3-PKG] [DEBUG] 🤖 [MS3-PKG] [DEBUG] 🤖 [MS3-PKG] [DEBUG] 🤖 [MS3-PKG] [DEBUG] 🤖 [MS3-PKG] [DEBUG] 🤖 [MS3-PKG] [DEBUG] ✅ [analyzeJoiSchema] Processing object schema with 3 keys
🤖 [MS3-PKG] [DEBUG] 🤖 [MS3-PKG] [DEBUG] 🤖 [MS3-PKG] [DEBUG] 🤖 [MS3-PKG] [DEBUG] 🤖 [MS3-PKG] [DEBUG] 🤖 [MS3-PKG] [DEBUG] 🤖 [MS3-PKG] [DEBUG] 🤖 [MS3-PKG] [DEBUG] 🤖 [MS3-PKG] [DEBUG] 🤖 [MS3-PKG] [DEBUG] 🤖 [MS3-PKG] [DEBUG] 🤖 [MS3-PKG] [DEBUG] 🤖 [MS3-PKG] [DEBUG] 🤖 [MS3-PKG] [DEBUG] 🔑 [analyzeJoiSchema] Processing field: privateKey
🤖 [MS3-PKG] [DEBUG] 🤖 [MS3-PKG] [DEBUG] 🤖 [MS3-PKG] [DEBUG] 🤖 [MS3-PKG] [DEBUG] 🤖 [MS3-PKG] [DEBUG] 🤖 [MS3-PKG] [DEBUG] 🤖 [MS3-PKG] [DEBUG] 🤖 [MS3-PKG] [DEBUG] 🤖 [MS3-PKG] [DEBUG] 🤖 [MS3-PKG] [DEBUG] 🤖 [MS3-PKG] [DEBUG] 🤖 [MS3-PKG] [DEBUG] 🤖 [MS3-PKG] [DEBUG] 🤖 [MS3-PKG] [DEBUG] 📝 [analyzeJoiSchema] Field description: {
  type: [32m&apos;string&apos;[39m,
  flags: {
    presence: [32m&apos;required&apos;[39m,
    description: [32m&apos;Private key for wallet (generates random if not provided)&apos;[39m
  },
  rules: [ { name: [32m&apos;pattern&apos;[39m, args: [36m[Object][39m } ]
}
🤖 [MS3-PKG] [DEBUG] 🤖 [MS3-PKG] [DEBUG] 🤖 [MS3-PKG] [DEBUG] 🤖 [MS3-PKG] [DEBUG] 🤖 [MS3-PKG] [DEBUG] 🤖 [MS3-PKG] [DEBUG] 🤖 [MS3-PKG] [DEBUG] 🤖 [MS3-PKG] [DEBUG] 🤖 [MS3-PKG] [DEBUG] 🤖 [MS3-PKG] [DEBUG] 🤖 [MS3-PKG] [DEBUG] 🤖 [MS3-PKG] [DEBUG] 🤖 [MS3-PKG] [DEBUG] 🤖 [MS3-PKG] [DEBUG] 📊 [analyzeJoiSchema] Field privateKey: type=string, required=true, message=&quot;Private key for wallet (generates random if not provided)&quot;
🤖 [MS3-PKG] [DEBUG] 🤖 [MS3-PKG] [DEBUG] 🤖 [MS3-PKG] [DEBUG] 🤖 [MS3-PKG] [DEBUG] 🤖 [MS3-PKG] [DEBUG] 🤖 [MS3-PKG] [DEBUG] 🤖 [MS3-PKG] [DEBUG] 🤖 [MS3-PKG] [DEBUG] 🤖 [MS3-PKG] [DEBUG] 🤖 [MS3-PKG] [DEBUG] 🤖 [MS3-PKG] [DEBUG] 🤖 [MS3-PKG] [DEBUG] 🤖 [MS3-PKG] [DEBUG] 🤖 [MS3-PKG] [DEBUG] 🔑 [analyzeJoiSchema] Processing field: provider
🤖 [MS3-PKG] [DEBUG] 🤖 [MS3-PKG] [DEBUG] 🤖 [MS3-PKG] [DEBUG] 🤖 [MS3-PKG] [DEBUG] 🤖 [MS3-PKG] [DEBUG] 🤖 [MS3-PKG] [DEBUG] 🤖 [MS3-PKG] [DEBUG] 🤖 [MS3-PKG] [DEBUG] 🤖 [MS3-PKG] [DEBUG] 🤖 [MS3-PKG] [DEBUG] 🤖 [MS3-PKG] [DEBUG] 🤖 [MS3-PKG] [DEBUG] 🤖 [MS3-PKG] [DEBUG] 🤖 [MS3-PKG] [DEBUG] 📝 [analyzeJoiSchema] Field description: {
  type: [32m&apos;object&apos;[39m,
  flags: {
    presence: [32m&apos;optional&apos;[39m,
    description: [32m&apos;Optional provider configuration&apos;[39m
  },
  keys: {
    name: { type: [32m&apos;string&apos;[39m, flags: [36m[Object][39m },
    chainId: { type: [32m&apos;string&apos;[39m, flags: [36m[Object][39m, rules: [36m[Array][39m },
    rpcUrls: { type: [32m&apos;array&apos;[39m, flags: [36m[Object][39m, rules: [36m[Array][39m, items: [36m[Array][39m },
    displayName: { type: [32m&apos;string&apos;[39m, flags: [36m[Object][39m }
  }
}
🤖 [MS3-PKG] [DEBUG] 🤖 [MS3-PKG] [DEBUG] 🤖 [MS3-PKG] [DEBUG] 🤖 [MS3-PKG] [DEBUG] 🤖 [MS3-PKG] [DEBUG] 🤖 [MS3-PKG] [DEBUG] 🤖 [MS3-PKG] [DEBUG] 🤖 [MS3-PKG] [DEBUG] 🤖 [MS3-PKG] [DEBUG] 🤖 [MS3-PKG] [DEBUG] 🤖 [MS3-PKG] [DEBUG] 🤖 [MS3-PKG] [DEBUG] 🤖 [MS3-PKG] [DEBUG] 🤖 [MS3-PKG] [DEBUG] 📊 [analyzeJoiSchema] Field provider: type=object, required=false, message=&quot;Optional provider configuration&quot;
🤖 [MS3-PKG] [DEBUG] 🤖 [MS3-PKG] [DEBUG] 🤖 [MS3-PKG] [DEBUG] 🤖 [MS3-PKG] [DEBUG] 🤖 [MS3-PKG] [DEBUG] 🤖 [MS3-PKG] [DEBUG] 🤖 [MS3-PKG] [DEBUG] 🤖 [MS3-PKG] [DEBUG] 🤖 [MS3-PKG] [DEBUG] 🤖 [MS3-PKG] [DEBUG] 🤖 [MS3-PKG] [DEBUG] 🤖 [MS3-PKG] [DEBUG] 🤖 [MS3-PKG] [DEBUG] 🤖 [MS3-PKG] [DEBUG] 🔄 [analyzeJoiSchema] Recursing into nested object: provider
🤖 [MS3-PKG] [DEBUG] 🤖 [MS3-PKG] [DEBUG] 🤖 [MS3-PKG] [DEBUG] 🤖 [MS3-PKG] [DEBUG] 🤖 [MS3-PKG] [DEBUG] 🤖 [MS3-PKG] [DEBUG] 🤖 [MS3-PKG] [DEBUG] 🤖 [MS3-PKG] [DEBUG] 🤖 [MS3-PKG] [DEBUG] 🤖 [MS3-PKG] [DEBUG] 🤖 [MS3-PKG] [DEBUG] 🤖 [MS3-PKG] [DEBUG] 🤖 [MS3-PKG] [DEBUG] 🤖 [MS3-PKG] [DEBUG] 🔑 [analyzeJoiSchema] Processing field: multiChainRpcs
🤖 [MS3-PKG] [DEBUG] 🤖 [MS3-PKG] [DEBUG] 🤖 [MS3-PKG] [DEBUG] 🤖 [MS3-PKG] [DEBUG] 🤖 [MS3-PKG] [DEBUG] 🤖 [MS3-PKG] [DEBUG] 🤖 [MS3-PKG] [DEBUG] 🤖 [MS3-PKG] [DEBUG] 🤖 [MS3-PKG] [DEBUG] 🤖 [MS3-PKG] [DEBUG] 🤖 [MS3-PKG] [DEBUG] 🤖 [MS3-PKG] [DEBUG] 🤖 [MS3-PKG] [DEBUG] 🤖 [MS3-PKG] [DEBUG] 📝 [analyzeJoiSchema] Field description: {
  type: [32m&apos;object&apos;[39m,
  flags: {
    presence: [32m&apos;optional&apos;[39m,
    description: [32m&apos;Multi-chain RPC configuration - maps chain IDs to RPC URL arrays&apos;[39m
  },
  patterns: [ { schema: [36m[Object][39m, rule: [36m[Object][39m } ]
}
🤖 [MS3-PKG] [DEBUG] 🤖 [MS3-PKG] [DEBUG] 🤖 [MS3-PKG] [DEBUG] 🤖 [MS3-PKG] [DEBUG] 🤖 [MS3-PKG] [DEBUG] 🤖 [MS3-PKG] [DEBUG] 🤖 [MS3-PKG] [DEBUG] 🤖 [MS3-PKG] [DEBUG] 🤖 [MS3-PKG] [DEBUG] 🤖 [MS3-PKG] [DEBUG] 🤖 [MS3-PKG] [DEBUG] 🤖 [MS3-PKG] [DEBUG] 🤖 [MS3-PKG] [DEBUG] 🤖 [MS3-PKG] [DEBUG] 📊 [analyzeJoiSchema] Field multiChainRpcs: type=object, required=false, message=&quot;Multi-chain RPC configuration - maps chain IDs to RPC URL arrays&quot;
🤖 [MS3-PKG] [INFO] 🤖 [MS3-PKG] [INFO] 🤖 [MS3-PKG] [INFO] 🤖 [MS3-PKG] [INFO] 🤖 [MS3-PKG] [INFO] 🤖 [MS3-PKG] [INFO] 🤖 [MS3-PKG] [INFO] 🤖 [MS3-PKG] [INFO] 🤖 [MS3-PKG] [INFO] 🤖 [MS3-PKG] [INFO] 🤖 [MS3-PKG] [INFO] 🤖 [MS3-PKG] [INFO] 🤖 [MS3-PKG] [INFO] 🤖 [MS3-PKG] [INFO] 📊 [analyzeJoiSchema] Generated 7 requirements for options
🤖 [MS3-PKG] [DEBUG] 🤖 [MS3-PKG] [DEBUG] 🤖 [MS3-PKG] [DEBUG] 🤖 [MS3-PKG] [DEBUG] 🤖 [MS3-PKG] [DEBUG] 🤖 [MS3-PKG] [DEBUG] 🤖 [MS3-PKG] [DEBUG] 🤖 [MS3-PKG] [DEBUG] 🤖 [MS3-PKG] [DEBUG] 🤖 [MS3-PKG] [DEBUG] 🤖 [MS3-PKG] [DEBUG] 🤖 [MS3-PKG] [DEBUG] 🤖 [MS3-PKG] [DEBUG] 🤖 [MS3-PKG] [DEBUG] 🔍 [getRequirements] Starting analysis for bulk-test-79
🤖 [MS3-PKG] [DEBUG] 🤖 [MS3-PKG] [DEBUG] 🤖 [MS3-PKG] [DEBUG] 🤖 [MS3-PKG] [DEBUG] 🤖 [MS3-PKG] [DEBUG] 🤖 [MS3-PKG] [DEBUG] 🤖 [MS3-PKG] [DEBUG] 🤖 [MS3-PKG] [DEBUG] 🤖 [MS3-PKG] [DEBUG] 🤖 [MS3-PKG] [DEBUG] 🤖 [MS3-PKG] [DEBUG] 🤖 [MS3-PKG] [DEBUG] 🤖 [MS3-PKG] [DEBUG] 🤖 [MS3-PKG] [DEBUG] 🔬 [analyzeJoiSchema] Analyzing schema at path: options
🤖 [MS3-PKG] [DEBUG] 🤖 [MS3-PKG] [DEBUG] 🤖 [MS3-PKG] [DEBUG] 🤖 [MS3-PKG] [DEBUG] 🤖 [MS3-PKG] [DEBUG] 🤖 [MS3-PKG] [DEBUG] 🤖 [MS3-PKG] [DEBUG] 🤖 [MS3-PKG] [DEBUG] 🤖 [MS3-PKG] [DEBUG] 🤖 [MS3-PKG] [DEBUG] 🤖 [MS3-PKG] [DEBUG] 🤖 [MS3-PKG] [DEBUG] 🤖 [MS3-PKG] [DEBUG] 🤖 [MS3-PKG] [DEBUG] 📋 [analyzeJoiSchema] Schema description type: object
🤖 [MS3-PKG] [DEBUG] 🤖 [MS3-PKG] [DEBUG] 🤖 [MS3-PKG] [DEBUG] 🤖 [MS3-PKG] [DEBUG] 🤖 [MS3-PKG] [DEBUG] 🤖 [MS3-PKG] [DEBUG] 🤖 [MS3-PKG] [DEBUG] 🤖 [MS3-PKG] [DEBUG] 🤖 [MS3-PKG] [DEBUG] 🤖 [MS3-PKG] [DEBUG] 🤖 [MS3-PKG] [DEBUG] 🤖 [MS3-PKG] [DEBUG] 🤖 [MS3-PKG] [DEBUG] 🤖 [MS3-PKG] [DEBUG] 📋 [analyzeJoiSchema] Schema keys: [ [32m&apos;web3authConfig&apos;[39m, [32m&apos;multiChainRpcs&apos;[39m ]
🤖 [MS3-PKG] [DEBUG] 🤖 [MS3-PKG] [DEBUG] 🤖 [MS3-PKG] [DEBUG] 🤖 [MS3-PKG] [DEBUG] 🤖 [MS3-PKG] [DEBUG] 🤖 [MS3-PKG] [DEBUG] 🤖 [MS3-PKG] [DEBUG] 🤖 [MS3-PKG] [DEBUG] 🤖 [MS3-PKG] [DEBUG] 🤖 [MS3-PKG] [DEBUG] 🤖 [MS3-PKG] [DEBUG] 🤖 [MS3-PKG] [DEBUG] 🤖 [MS3-PKG] [DEBUG] 🤖 [MS3-PKG] [DEBUG] ✅ [analyzeJoiSchema] Processing object schema with 2 keys
🤖 [MS3-PKG] [DEBUG] 🤖 [MS3-PKG] [DEBUG] 🤖 [MS3-PKG] [DEBUG] 🤖 [MS3-PKG] [DEBUG] 🤖 [MS3-PKG] [DEBUG] 🤖 [MS3-PKG] [DEBUG] 🤖 [MS3-PKG] [DEBUG] 🤖 [MS3-PKG] [DEBUG] 🤖 [MS3-PKG] [DEBUG] 🤖 [MS3-PKG] [DEBUG] 🤖 [MS3-PKG] [DEBUG] 🤖 [MS3-PKG] [DEBUG] 🤖 [MS3-PKG] [DEBUG] 🤖 [MS3-PKG] [DEBUG] 🔑 [analyzeJoiSchema] Processing field: web3authConfig
🤖 [MS3-PKG] [DEBUG] 🤖 [MS3-PKG] [DEBUG] 🤖 [MS3-PKG] [DEBUG] 🤖 [MS3-PKG] [DEBUG] 🤖 [MS3-PKG] [DEBUG] 🤖 [MS3-PKG] [DEBUG] 🤖 [MS3-PKG] [DEBUG] 🤖 [MS3-PKG] [DEBUG] 🤖 [MS3-PKG] [DEBUG] 🤖 [MS3-PKG] [DEBUG] 🤖 [MS3-PKG] [DEBUG] 🤖 [MS3-PKG] [DEBUG] 🤖 [MS3-PKG] [DEBUG] 🤖 [MS3-PKG] [DEBUG] 📝 [analyzeJoiSchema] Field description: {
  type: [32m&apos;object&apos;[39m,
  flags: {
    presence: [32m&apos;required&apos;[39m,
    description: [32m&apos;Web3Auth configuration object&apos;[39m
  },
  keys: {
    clientId: { type: [32m&apos;string&apos;[39m, flags: [36m[Object][39m },
    web3AuthNetwork: { type: [32m&apos;string&apos;[39m, flags: [36m[Object][39m, allow: [36m[Array][39m },
    chainConfig: { type: [32m&apos;object&apos;[39m, flags: [36m[Object][39m, keys: [36m[Object][39m },
    loginConfig: { type: [32m&apos;object&apos;[39m, flags: [36m[Object][39m },
    privateKeyProvider: { type: [32m&apos;any&apos;[39m, flags: [36m[Object][39m }
  }
}
🤖 [MS3-PKG] [DEBUG] 🤖 [MS3-PKG] [DEBUG] 🤖 [MS3-PKG] [DEBUG] 🤖 [MS3-PKG] [DEBUG] 🤖 [MS3-PKG] [DEBUG] 🤖 [MS3-PKG] [DEBUG] 🤖 [MS3-PKG] [DEBUG] 🤖 [MS3-PKG] [DEBUG] 🤖 [MS3-PKG] [DEBUG] 🤖 [MS3-PKG] [DEBUG] 🤖 [MS3-PKG] [DEBUG] 🤖 [MS3-PKG] [DEBUG] 🤖 [MS3-PKG] [DEBUG] 🤖 [MS3-PKG] [DEBUG] 📊 [analyzeJoiSchema] Field web3authConfig: type=object, required=true, message=&quot;Web3Auth configuration object&quot;
🤖 [MS3-PKG] [DEBUG] 🤖 [MS3-PKG] [DEBUG] 🤖 [MS3-PKG] [DEBUG] 🤖 [MS3-PKG] [DEBUG] 🤖 [MS3-PKG] [DEBUG] 🤖 [MS3-PKG] [DEBUG] 🤖 [MS3-PKG] [DEBUG] 🤖 [MS3-PKG] [DEBUG] 🤖 [MS3-PKG] [DEBUG] 🤖 [MS3-PKG] [DEBUG] 🤖 [MS3-PKG] [DEBUG] 🤖 [MS3-PKG] [DEBUG] 🤖 [MS3-PKG] [DEBUG] 🤖 [MS3-PKG] [DEBUG] 🔄 [analyzeJoiSchema] Recursing into nested object: web3authConfig
🤖 [MS3-PKG] [DEBUG] 🤖 [MS3-PKG] [DEBUG] 🤖 [MS3-PKG] [DEBUG] 🤖 [MS3-PKG] [DEBUG] 🤖 [MS3-PKG] [DEBUG] 🤖 [MS3-PKG] [DEBUG] 🤖 [MS3-PKG] [DEBUG] 🤖 [MS3-PKG] [DEBUG] 🤖 [MS3-PKG] [DEBUG] 🤖 [MS3-PKG] [DEBUG] 🤖 [MS3-PKG] [DEBUG] 🤖 [MS3-PKG] [DEBUG] 🤖 [MS3-PKG] [DEBUG] 🤖 [MS3-PKG] [DEBUG] 🔑 [analyzeJoiSchema] Processing field: multiChainRpcs
🤖 [MS3-PKG] [DEBUG] 🤖 [MS3-PKG] [DEBUG] 🤖 [MS3-PKG] [DEBUG] 🤖 [MS3-PKG] [DEBUG] 🤖 [MS3-PKG] [DEBUG] 🤖 [MS3-PKG] [DEBUG] 🤖 [MS3-PKG] [DEBUG] 🤖 [MS3-PKG] [DEBUG] 🤖 [MS3-PKG] [DEBUG] 🤖 [MS3-PKG] [DEBUG] 🤖 [MS3-PKG] [DEBUG] 🤖 [MS3-PKG] [DEBUG] 🤖 [MS3-PKG] [DEBUG] 🤖 [MS3-PKG] [DEBUG] 📝 [analyzeJoiSchema] Field description: {
  type: [32m&apos;object&apos;[39m,
  flags: {
    presence: [32m&apos;optional&apos;[39m,
    description: [32m&apos;Multi-chain RPC configuration - maps chain IDs to RPC URL arrays&apos;[39m
  },
  patterns: [ { schema: [36m[Object][39m, rule: [36m[Object][39m } ]
}
🤖 [MS3-PKG] [DEBUG] 🤖 [MS3-PKG] [DEBUG] 🤖 [MS3-PKG] [DEBUG] 🤖 [MS3-PKG] [DEBUG] 🤖 [MS3-PKG] [DEBUG] 🤖 [MS3-PKG] [DEBUG] 🤖 [MS3-PKG] [DEBUG] 🤖 [MS3-PKG] [DEBUG] 🤖 [MS3-PKG] [DEBUG] 🤖 [MS3-PKG] [DEBUG] 🤖 [MS3-PKG] [DEBUG] 🤖 [MS3-PKG] [DEBUG] 🤖 [MS3-PKG] [DEBUG] 🤖 [MS3-PKG] [DEBUG] 📊 [analyzeJoiSchema] Field multiChainRpcs: type=object, required=false, message=&quot;Multi-chain RPC configuration - maps chain IDs to RPC URL arrays&quot;
🤖 [MS3-PKG] [INFO] 🤖 [MS3-PKG] [INFO] 🤖 [MS3-PKG] [INFO] 🤖 [MS3-PKG] [INFO] 🤖 [MS3-PKG] [INFO] 🤖 [MS3-PKG] [INFO] 🤖 [MS3-PKG] [INFO] 🤖 [MS3-PKG] [INFO] 🤖 [MS3-PKG] [INFO] 🤖 [MS3-PKG] [INFO] 🤖 [MS3-PKG] [INFO] 🤖 [MS3-PKG] [INFO] 🤖 [MS3-PKG] [INFO] 🤖 [MS3-PKG] [INFO] 📊 [analyzeJoiSchema] Generated 14 requirements for options
🤖 [MS3-PKG] [DEBUG] 🤖 [MS3-PKG] [DEBUG] 🤖 [MS3-PKG] [DEBUG] 🤖 [MS3-PKG] [DEBUG] 🤖 [MS3-PKG] [DEBUG] 🤖 [MS3-PKG] [DEBUG] 🤖 [MS3-PKG] [DEBUG] 🤖 [MS3-PKG] [DEBUG] 🤖 [MS3-PKG] [DEBUG] 🤖 [MS3-PKG] [DEBUG] 🤖 [MS3-PKG] [DEBUG] 🤖 [MS3-PKG] [DEBUG] 🤖 [MS3-PKG] [DEBUG] 🤖 [MS3-PKG] [DEBUG] 🔍 [getRequirements] Starting analysis for bulk-test-80
🤖 [MS3-PKG] [DEBUG] 🤖 [MS3-PKG] [DEBUG] 🤖 [MS3-PKG] [DEBUG] 🤖 [MS3-PKG] [DEBUG] 🤖 [MS3-PKG] [DEBUG] 🤖 [MS3-PKG] [DEBUG] 🤖 [MS3-PKG] [DEBUG] 🤖 [MS3-PKG] [DEBUG] 🤖 [MS3-PKG] [DEBUG] 🤖 [MS3-PKG] [DEBUG] 🤖 [MS3-PKG] [DEBUG] 🤖 [MS3-PKG] [DEBUG] 🤖 [MS3-PKG] [DEBUG] 🤖 [MS3-PKG] [DEBUG] 🔬 [analyzeJoiSchema] Analyzing schema at path: options
🤖 [MS3-PKG] [DEBUG] 🤖 [MS3-PKG] [DEBUG] 🤖 [MS3-PKG] [DEBUG] 🤖 [MS3-PKG] [DEBUG] 🤖 [MS3-PKG] [DEBUG] 🤖 [MS3-PKG] [DEBUG] 🤖 [MS3-PKG] [DEBUG] 🤖 [MS3-PKG] [DEBUG] 🤖 [MS3-PKG] [DEBUG] 🤖 [MS3-PKG] [DEBUG] 🤖 [MS3-PKG] [DEBUG] 🤖 [MS3-PKG] [DEBUG] 🤖 [MS3-PKG] [DEBUG] 🤖 [MS3-PKG] [DEBUG] 📋 [analyzeJoiSchema] Schema description type: object
🤖 [MS3-PKG] [DEBUG] 🤖 [MS3-PKG] [DEBUG] 🤖 [MS3-PKG] [DEBUG] 🤖 [MS3-PKG] [DEBUG] 🤖 [MS3-PKG] [DEBUG] 🤖 [MS3-PKG] [DEBUG] 🤖 [MS3-PKG] [DEBUG] 🤖 [MS3-PKG] [DEBUG] 🤖 [MS3-PKG] [DEBUG] 🤖 [MS3-PKG] [DEBUG] 🤖 [MS3-PKG] [DEBUG] 🤖 [MS3-PKG] [DEBUG] 🤖 [MS3-PKG] [DEBUG] 🤖 [MS3-PKG] [DEBUG] 📋 [analyzeJoiSchema] Schema keys: [ [32m&apos;privateKey&apos;[39m, [32m&apos;provider&apos;[39m, [32m&apos;multiChainRpcs&apos;[39m ]
🤖 [MS3-PKG] [DEBUG] 🤖 [MS3-PKG] [DEBUG] 🤖 [MS3-PKG] [DEBUG] 🤖 [MS3-PKG] [DEBUG] 🤖 [MS3-PKG] [DEBUG] 🤖 [MS3-PKG] [DEBUG] 🤖 [MS3-PKG] [DEBUG] 🤖 [MS3-PKG] [DEBUG] 🤖 [MS3-PKG] [DEBUG] 🤖 [MS3-PKG] [DEBUG] 🤖 [MS3-PKG] [DEBUG] 🤖 [MS3-PKG] [DEBUG] 🤖 [MS3-PKG] [DEBUG] 🤖 [MS3-PKG] [DEBUG] ✅ [analyzeJoiSchema] Processing object schema with 3 keys
🤖 [MS3-PKG] [DEBUG] 🤖 [MS3-PKG] [DEBUG] 🤖 [MS3-PKG] [DEBUG] 🤖 [MS3-PKG] [DEBUG] 🤖 [MS3-PKG] [DEBUG] 🤖 [MS3-PKG] [DEBUG] 🤖 [MS3-PKG] [DEBUG] 🤖 [MS3-PKG] [DEBUG] 🤖 [MS3-PKG] [DEBUG] 🤖 [MS3-PKG] [DEBUG] 🤖 [MS3-PKG] [DEBUG] 🤖 [MS3-PKG] [DEBUG] 🤖 [MS3-PKG] [DEBUG] 🤖 [MS3-PKG] [DEBUG] 🔑 [analyzeJoiSchema] Processing field: privateKey
🤖 [MS3-PKG] [DEBUG] 🤖 [MS3-PKG] [DEBUG] 🤖 [MS3-PKG] [DEBUG] 🤖 [MS3-PKG] [DEBUG] 🤖 [MS3-PKG] [DEBUG] 🤖 [MS3-PKG] [DEBUG] 🤖 [MS3-PKG] [DEBUG] 🤖 [MS3-PKG] [DEBUG] 🤖 [MS3-PKG] [DEBUG] 🤖 [MS3-PKG] [DEBUG] 🤖 [MS3-PKG] [DEBUG] 🤖 [MS3-PKG] [DEBUG] 🤖 [MS3-PKG] [DEBUG] 🤖 [MS3-PKG] [DEBUG] 📝 [analyzeJoiSchema] Field description: {
  type: [32m&apos;string&apos;[39m,
  flags: {
    presence: [32m&apos;required&apos;[39m,
    description: [32m&apos;Private key for wallet (generates random if not provided)&apos;[39m
  },
  rules: [ { name: [32m&apos;pattern&apos;[39m, args: [36m[Object][39m } ]
}
🤖 [MS3-PKG] [DEBUG] 🤖 [MS3-PKG] [DEBUG] 🤖 [MS3-PKG] [DEBUG] 🤖 [MS3-PKG] [DEBUG] 🤖 [MS3-PKG] [DEBUG] 🤖 [MS3-PKG] [DEBUG] 🤖 [MS3-PKG] [DEBUG] 🤖 [MS3-PKG] [DEBUG] 🤖 [MS3-PKG] [DEBUG] 🤖 [MS3-PKG] [DEBUG] 🤖 [MS3-PKG] [DEBUG] 🤖 [MS3-PKG] [DEBUG] 🤖 [MS3-PKG] [DEBUG] 🤖 [MS3-PKG] [DEBUG] 📊 [analyzeJoiSchema] Field privateKey: type=string, required=true, message=&quot;Private key for wallet (generates random if not provided)&quot;
🤖 [MS3-PKG] [DEBUG] 🤖 [MS3-PKG] [DEBUG] 🤖 [MS3-PKG] [DEBUG] 🤖 [MS3-PKG] [DEBUG] 🤖 [MS3-PKG] [DEBUG] 🤖 [MS3-PKG] [DEBUG] 🤖 [MS3-PKG] [DEBUG] 🤖 [MS3-PKG] [DEBUG] 🤖 [MS3-PKG] [DEBUG] 🤖 [MS3-PKG] [DEBUG] 🤖 [MS3-PKG] [DEBUG] 🤖 [MS3-PKG] [DEBUG] 🤖 [MS3-PKG] [DEBUG] 🤖 [MS3-PKG] [DEBUG] 🔑 [analyzeJoiSchema] Processing field: provider
🤖 [MS3-PKG] [DEBUG] 🤖 [MS3-PKG] [DEBUG] 🤖 [MS3-PKG] [DEBUG] 🤖 [MS3-PKG] [DEBUG] 🤖 [MS3-PKG] [DEBUG] 🤖 [MS3-PKG] [DEBUG] 🤖 [MS3-PKG] [DEBUG] 🤖 [MS3-PKG] [DEBUG] 🤖 [MS3-PKG] [DEBUG] 🤖 [MS3-PKG] [DEBUG] 🤖 [MS3-PKG] [DEBUG] 🤖 [MS3-PKG] [DEBUG] 🤖 [MS3-PKG] [DEBUG] 🤖 [MS3-PKG] [DEBUG] 📝 [analyzeJoiSchema] Field description: {
  type: [32m&apos;object&apos;[39m,
  flags: {
    presence: [32m&apos;optional&apos;[39m,
    description: [32m&apos;Optional provider configuration&apos;[39m
  },
  keys: {
    name: { type: [32m&apos;string&apos;[39m, flags: [36m[Object][39m },
    chainId: { type: [32m&apos;string&apos;[39m, flags: [36m[Object][39m, rules: [36m[Array][39m },
    rpcUrls: { type: [32m&apos;array&apos;[39m, flags: [36m[Object][39m, rules: [36m[Array][39m, items: [36m[Array][39m },
    displayName: { type: [32m&apos;string&apos;[39m, flags: [36m[Object][39m }
  }
}
🤖 [MS3-PKG] [DEBUG] 🤖 [MS3-PKG] [DEBUG] 🤖 [MS3-PKG] [DEBUG] 🤖 [MS3-PKG] [DEBUG] 🤖 [MS3-PKG] [DEBUG] 🤖 [MS3-PKG] [DEBUG] 🤖 [MS3-PKG] [DEBUG] 🤖 [MS3-PKG] [DEBUG] 🤖 [MS3-PKG] [DEBUG] 🤖 [MS3-PKG] [DEBUG] 🤖 [MS3-PKG] [DEBUG] 🤖 [MS3-PKG] [DEBUG] 🤖 [MS3-PKG] [DEBUG] 🤖 [MS3-PKG] [DEBUG] 📊 [analyzeJoiSchema] Field provider: type=object, required=false, message=&quot;Optional provider configuration&quot;
🤖 [MS3-PKG] [DEBUG] 🤖 [MS3-PKG] [DEBUG] 🤖 [MS3-PKG] [DEBUG] 🤖 [MS3-PKG] [DEBUG] 🤖 [MS3-PKG] [DEBUG] 🤖 [MS3-PKG] [DEBUG] 🤖 [MS3-PKG] [DEBUG] 🤖 [MS3-PKG] [DEBUG] 🤖 [MS3-PKG] [DEBUG] 🤖 [MS3-PKG] [DEBUG] 🤖 [MS3-PKG] [DEBUG] 🤖 [MS3-PKG] [DEBUG] 🤖 [MS3-PKG] [DEBUG] 🤖 [MS3-PKG] [DEBUG] 🔄 [analyzeJoiSchema] Recursing into nested object: provider
🤖 [MS3-PKG] [DEBUG] 🤖 [MS3-PKG] [DEBUG] 🤖 [MS3-PKG] [DEBUG] 🤖 [MS3-PKG] [DEBUG] 🤖 [MS3-PKG] [DEBUG] 🤖 [MS3-PKG] [DEBUG] 🤖 [MS3-PKG] [DEBUG] 🤖 [MS3-PKG] [DEBUG] 🤖 [MS3-PKG] [DEBUG] 🤖 [MS3-PKG] [DEBUG] 🤖 [MS3-PKG] [DEBUG] 🤖 [MS3-PKG] [DEBUG] 🤖 [MS3-PKG] [DEBUG] 🤖 [MS3-PKG] [DEBUG] 🔑 [analyzeJoiSchema] Processing field: multiChainRpcs
🤖 [MS3-PKG] [DEBUG] 🤖 [MS3-PKG] [DEBUG] 🤖 [MS3-PKG] [DEBUG] 🤖 [MS3-PKG] [DEBUG] 🤖 [MS3-PKG] [DEBUG] 🤖 [MS3-PKG] [DEBUG] 🤖 [MS3-PKG] [DEBUG] 🤖 [MS3-PKG] [DEBUG] 🤖 [MS3-PKG] [DEBUG] 🤖 [MS3-PKG] [DEBUG] 🤖 [MS3-PKG] [DEBUG] 🤖 [MS3-PKG] [DEBUG] 🤖 [MS3-PKG] [DEBUG] 🤖 [MS3-PKG] [DEBUG] 📝 [analyzeJoiSchema] Field description: {
  type: [32m&apos;object&apos;[39m,
  flags: {
    presence: [32m&apos;optional&apos;[39m,
    description: [32m&apos;Multi-chain RPC configuration - maps chain IDs to RPC URL arrays&apos;[39m
  },
  patterns: [ { schema: [36m[Object][39m, rule: [36m[Object][39m } ]
}
🤖 [MS3-PKG] [DEBUG] 🤖 [MS3-PKG] [DEBUG] 🤖 [MS3-PKG] [DEBUG] 🤖 [MS3-PKG] [DEBUG] 🤖 [MS3-PKG] [DEBUG] 🤖 [MS3-PKG] [DEBUG] 🤖 [MS3-PKG] [DEBUG] 🤖 [MS3-PKG] [DEBUG] 🤖 [MS3-PKG] [DEBUG] 🤖 [MS3-PKG] [DEBUG] 🤖 [MS3-PKG] [DEBUG] 🤖 [MS3-PKG] [DEBUG] 🤖 [MS3-PKG] [DEBUG] 🤖 [MS3-PKG] [DEBUG] 📊 [analyzeJoiSchema] Field multiChainRpcs: type=object, required=false, message=&quot;Multi-chain RPC configuration - maps chain IDs to RPC URL arrays&quot;
🤖 [MS3-PKG] [INFO] 🤖 [MS3-PKG] [INFO] 🤖 [MS3-PKG] [INFO] 🤖 [MS3-PKG] [INFO] 🤖 [MS3-PKG] [INFO] 🤖 [MS3-PKG] [INFO] 🤖 [MS3-PKG] [INFO] 🤖 [MS3-PKG] [INFO] 🤖 [MS3-PKG] [INFO] 🤖 [MS3-PKG] [INFO] 🤖 [MS3-PKG] [INFO] 🤖 [MS3-PKG] [INFO] 🤖 [MS3-PKG] [INFO] 🤖 [MS3-PKG] [INFO] 📊 [analyzeJoiSchema] Generated 7 requirements for options
🤖 [MS3-PKG] [DEBUG] 🤖 [MS3-PKG] [DEBUG] 🤖 [MS3-PKG] [DEBUG] 🤖 [MS3-PKG] [DEBUG] 🤖 [MS3-PKG] [DEBUG] 🤖 [MS3-PKG] [DEBUG] 🤖 [MS3-PKG] [DEBUG] 🤖 [MS3-PKG] [DEBUG] 🤖 [MS3-PKG] [DEBUG] 🤖 [MS3-PKG] [DEBUG] 🤖 [MS3-PKG] [DEBUG] 🤖 [MS3-PKG] [DEBUG] 🤖 [MS3-PKG] [DEBUG] 🤖 [MS3-PKG] [DEBUG] 🔍 [getRequirements] Starting analysis for bulk-test-80
🤖 [MS3-PKG] [DEBUG] 🤖 [MS3-PKG] [DEBUG] 🤖 [MS3-PKG] [DEBUG] 🤖 [MS3-PKG] [DEBUG] 🤖 [MS3-PKG] [DEBUG] 🤖 [MS3-PKG] [DEBUG] 🤖 [MS3-PKG] [DEBUG] 🤖 [MS3-PKG] [DEBUG] 🤖 [MS3-PKG] [DEBUG] 🤖 [MS3-PKG] [DEBUG] 🤖 [MS3-PKG] [DEBUG] 🤖 [MS3-PKG] [DEBUG] 🤖 [MS3-PKG] [DEBUG] 🤖 [MS3-PKG] [DEBUG] 🔬 [analyzeJoiSchema] Analyzing schema at path: options
🤖 [MS3-PKG] [DEBUG] 🤖 [MS3-PKG] [DEBUG] 🤖 [MS3-PKG] [DEBUG] 🤖 [MS3-PKG] [DEBUG] 🤖 [MS3-PKG] [DEBUG] 🤖 [MS3-PKG] [DEBUG] 🤖 [MS3-PKG] [DEBUG] 🤖 [MS3-PKG] [DEBUG] 🤖 [MS3-PKG] [DEBUG] 🤖 [MS3-PKG] [DEBUG] 🤖 [MS3-PKG] [DEBUG] 🤖 [MS3-PKG] [DEBUG] 🤖 [MS3-PKG] [DEBUG] 🤖 [MS3-PKG] [DEBUG] 📋 [analyzeJoiSchema] Schema description type: object
🤖 [MS3-PKG] [DEBUG] 🤖 [MS3-PKG] [DEBUG] 🤖 [MS3-PKG] [DEBUG] 🤖 [MS3-PKG] [DEBUG] 🤖 [MS3-PKG] [DEBUG] 🤖 [MS3-PKG] [DEBUG] 🤖 [MS3-PKG] [DEBUG] 🤖 [MS3-PKG] [DEBUG] 🤖 [MS3-PKG] [DEBUG] 🤖 [MS3-PKG] [DEBUG] 🤖 [MS3-PKG] [DEBUG] 🤖 [MS3-PKG] [DEBUG] 🤖 [MS3-PKG] [DEBUG] 🤖 [MS3-PKG] [DEBUG] 📋 [analyzeJoiSchema] Schema keys: [ [32m&apos;web3authConfig&apos;[39m, [32m&apos;multiChainRpcs&apos;[39m ]
🤖 [MS3-PKG] [DEBUG] 🤖 [MS3-PKG] [DEBUG] 🤖 [MS3-PKG] [DEBUG] 🤖 [MS3-PKG] [DEBUG] 🤖 [MS3-PKG] [DEBUG] 🤖 [MS3-PKG] [DEBUG] 🤖 [MS3-PKG] [DEBUG] 🤖 [MS3-PKG] [DEBUG] 🤖 [MS3-PKG] [DEBUG] 🤖 [MS3-PKG] [DEBUG] 🤖 [MS3-PKG] [DEBUG] 🤖 [MS3-PKG] [DEBUG] 🤖 [MS3-PKG] [DEBUG] 🤖 [MS3-PKG] [DEBUG] ✅ [analyzeJoiSchema] Processing object schema with 2 keys
🤖 [MS3-PKG] [DEBUG] 🤖 [MS3-PKG] [DEBUG] 🤖 [MS3-PKG] [DEBUG] 🤖 [MS3-PKG] [DEBUG] 🤖 [MS3-PKG] [DEBUG] 🤖 [MS3-PKG] [DEBUG] 🤖 [MS3-PKG] [DEBUG] 🤖 [MS3-PKG] [DEBUG] 🤖 [MS3-PKG] [DEBUG] 🤖 [MS3-PKG] [DEBUG] 🤖 [MS3-PKG] [DEBUG] 🤖 [MS3-PKG] [DEBUG] 🤖 [MS3-PKG] [DEBUG] 🤖 [MS3-PKG] [DEBUG] 🔑 [analyzeJoiSchema] Processing field: web3authConfig
🤖 [MS3-PKG] [DEBUG] 🤖 [MS3-PKG] [DEBUG] 🤖 [MS3-PKG] [DEBUG] 🤖 [MS3-PKG] [DEBUG] 🤖 [MS3-PKG] [DEBUG] 🤖 [MS3-PKG] [DEBUG] 🤖 [MS3-PKG] [DEBUG] 🤖 [MS3-PKG] [DEBUG] 🤖 [MS3-PKG] [DEBUG] 🤖 [MS3-PKG] [DEBUG] 🤖 [MS3-PKG] [DEBUG] 🤖 [MS3-PKG] [DEBUG] 🤖 [MS3-PKG] [DEBUG] 🤖 [MS3-PKG] [DEBUG] 📝 [analyzeJoiSchema] Field description: {
  type: [32m&apos;object&apos;[39m,
  flags: {
    presence: [32m&apos;required&apos;[39m,
    description: [32m&apos;Web3Auth configuration object&apos;[39m
  },
  keys: {
    clientId: { type: [32m&apos;string&apos;[39m, flags: [36m[Object][39m },
    web3AuthNetwork: { type: [32m&apos;string&apos;[39m, flags: [36m[Object][39m, allow: [36m[Array][39m },
    chainConfig: { type: [32m&apos;object&apos;[39m, flags: [36m[Object][39m, keys: [36m[Object][39m },
    loginConfig: { type: [32m&apos;object&apos;[39m, flags: [36m[Object][39m },
    privateKeyProvider: { type: [32m&apos;any&apos;[39m, flags: [36m[Object][39m }
  }
}
🤖 [MS3-PKG] [DEBUG] 🤖 [MS3-PKG] [DEBUG] 🤖 [MS3-PKG] [DEBUG] 🤖 [MS3-PKG] [DEBUG] 🤖 [MS3-PKG] [DEBUG] 🤖 [MS3-PKG] [DEBUG] 🤖 [MS3-PKG] [DEBUG] 🤖 [MS3-PKG] [DEBUG] 🤖 [MS3-PKG] [DEBUG] 🤖 [MS3-PKG] [DEBUG] 🤖 [MS3-PKG] [DEBUG] 🤖 [MS3-PKG] [DEBUG] 🤖 [MS3-PKG] [DEBUG] 🤖 [MS3-PKG] [DEBUG] 📊 [analyzeJoiSchema] Field web3authConfig: type=object, required=true, message=&quot;Web3Auth configuration object&quot;
🤖 [MS3-PKG] [DEBUG] 🤖 [MS3-PKG] [DEBUG] 🤖 [MS3-PKG] [DEBUG] 🤖 [MS3-PKG] [DEBUG] 🤖 [MS3-PKG] [DEBUG] 🤖 [MS3-PKG] [DEBUG] 🤖 [MS3-PKG] [DEBUG] 🤖 [MS3-PKG] [DEBUG] 🤖 [MS3-PKG] [DEBUG] 🤖 [MS3-PKG] [DEBUG] 🤖 [MS3-PKG] [DEBUG] 🤖 [MS3-PKG] [DEBUG] 🤖 [MS3-PKG] [DEBUG] 🤖 [MS3-PKG] [DEBUG] 🔄 [analyzeJoiSchema] Recursing into nested object: web3authConfig
🤖 [MS3-PKG] [DEBUG] 🤖 [MS3-PKG] [DEBUG] 🤖 [MS3-PKG] [DEBUG] 🤖 [MS3-PKG] [DEBUG] 🤖 [MS3-PKG] [DEBUG] 🤖 [MS3-PKG] [DEBUG] 🤖 [MS3-PKG] [DEBUG] 🤖 [MS3-PKG] [DEBUG] 🤖 [MS3-PKG] [DEBUG] 🤖 [MS3-PKG] [DEBUG] 🤖 [MS3-PKG] [DEBUG] 🤖 [MS3-PKG] [DEBUG] 🤖 [MS3-PKG] [DEBUG] 🤖 [MS3-PKG] [DEBUG] 🔑 [analyzeJoiSchema] Processing field: multiChainRpcs
🤖 [MS3-PKG] [DEBUG] 🤖 [MS3-PKG] [DEBUG] 🤖 [MS3-PKG] [DEBUG] 🤖 [MS3-PKG] [DEBUG] 🤖 [MS3-PKG] [DEBUG] 🤖 [MS3-PKG] [DEBUG] 🤖 [MS3-PKG] [DEBUG] 🤖 [MS3-PKG] [DEBUG] 🤖 [MS3-PKG] [DEBUG] 🤖 [MS3-PKG] [DEBUG] 🤖 [MS3-PKG] [DEBUG] 🤖 [MS3-PKG] [DEBUG] 🤖 [MS3-PKG] [DEBUG] 🤖 [MS3-PKG] [DEBUG] 📝 [analyzeJoiSchema] Field description: {
  type: [32m&apos;object&apos;[39m,
  flags: {
    presence: [32m&apos;optional&apos;[39m,
    description: [32m&apos;Multi-chain RPC configuration - maps chain IDs to RPC URL arrays&apos;[39m
  },
  patterns: [ { schema: [36m[Object][39m, rule: [36m[Object][39m } ]
}
🤖 [MS3-PKG] [DEBUG] 🤖 [MS3-PKG] [DEBUG] 🤖 [MS3-PKG] [DEBUG] 🤖 [MS3-PKG] [DEBUG] 🤖 [MS3-PKG] [DEBUG] 🤖 [MS3-PKG] [DEBUG] 🤖 [MS3-PKG] [DEBUG] 🤖 [MS3-PKG] [DEBUG] 🤖 [MS3-PKG] [DEBUG] 🤖 [MS3-PKG] [DEBUG] 🤖 [MS3-PKG] [DEBUG] 🤖 [MS3-PKG] [DEBUG] 🤖 [MS3-PKG] [DEBUG] 🤖 [MS3-PKG] [DEBUG] 📊 [analyzeJoiSchema] Field multiChainRpcs: type=object, required=false, message=&quot;Multi-chain RPC configuration - maps chain IDs to RPC URL arrays&quot;
🤖 [MS3-PKG] [INFO] 🤖 [MS3-PKG] [INFO] 🤖 [MS3-PKG] [INFO] 🤖 [MS3-PKG] [INFO] 🤖 [MS3-PKG] [INFO] 🤖 [MS3-PKG] [INFO] 🤖 [MS3-PKG] [INFO] 🤖 [MS3-PKG] [INFO] 🤖 [MS3-PKG] [INFO] 🤖 [MS3-PKG] [INFO] 🤖 [MS3-PKG] [INFO] 🤖 [MS3-PKG] [INFO] 🤖 [MS3-PKG] [INFO] 🤖 [MS3-PKG] [INFO] 📊 [analyzeJoiSchema] Generated 14 requirements for options
🤖 [MS3-PKG] [DEBUG] 🤖 [MS3-PKG] [DEBUG] 🤖 [MS3-PKG] [DEBUG] 🤖 [MS3-PKG] [DEBUG] 🤖 [MS3-PKG] [DEBUG] 🤖 [MS3-PKG] [DEBUG] 🤖 [MS3-PKG] [DEBUG] 🤖 [MS3-PKG] [DEBUG] 🤖 [MS3-PKG] [DEBUG] 🤖 [MS3-PKG] [DEBUG] 🤖 [MS3-PKG] [DEBUG] 🤖 [MS3-PKG] [DEBUG] 🤖 [MS3-PKG] [DEBUG] 🤖 [MS3-PKG] [DEBUG] 🔍 [getRequirements] Starting analysis for bulk-test-81
🤖 [MS3-PKG] [DEBUG] 🤖 [MS3-PKG] [DEBUG] 🤖 [MS3-PKG] [DEBUG] 🤖 [MS3-PKG] [DEBUG] 🤖 [MS3-PKG] [DEBUG] 🤖 [MS3-PKG] [DEBUG] 🤖 [MS3-PKG] [DEBUG] 🤖 [MS3-PKG] [DEBUG] 🤖 [MS3-PKG] [DEBUG] 🤖 [MS3-PKG] [DEBUG] 🤖 [MS3-PKG] [DEBUG] 🤖 [MS3-PKG] [DEBUG] 🤖 [MS3-PKG] [DEBUG] 🤖 [MS3-PKG] [DEBUG] 🔬 [analyzeJoiSchema] Analyzing schema at path: options
🤖 [MS3-PKG] [DEBUG] 🤖 [MS3-PKG] [DEBUG] 🤖 [MS3-PKG] [DEBUG] 🤖 [MS3-PKG] [DEBUG] 🤖 [MS3-PKG] [DEBUG] 🤖 [MS3-PKG] [DEBUG] 🤖 [MS3-PKG] [DEBUG] 🤖 [MS3-PKG] [DEBUG] 🤖 [MS3-PKG] [DEBUG] 🤖 [MS3-PKG] [DEBUG] 🤖 [MS3-PKG] [DEBUG] 🤖 [MS3-PKG] [DEBUG] 🤖 [MS3-PKG] [DEBUG] 🤖 [MS3-PKG] [DEBUG] 📋 [analyzeJoiSchema] Schema description type: object
🤖 [MS3-PKG] [DEBUG] 🤖 [MS3-PKG] [DEBUG] 🤖 [MS3-PKG] [DEBUG] 🤖 [MS3-PKG] [DEBUG] 🤖 [MS3-PKG] [DEBUG] 🤖 [MS3-PKG] [DEBUG] 🤖 [MS3-PKG] [DEBUG] 🤖 [MS3-PKG] [DEBUG] 🤖 [MS3-PKG] [DEBUG] 🤖 [MS3-PKG] [DEBUG] 🤖 [MS3-PKG] [DEBUG] 🤖 [MS3-PKG] [DEBUG] 🤖 [MS3-PKG] [DEBUG] 🤖 [MS3-PKG] [DEBUG] 📋 [analyzeJoiSchema] Schema keys: [ [32m&apos;privateKey&apos;[39m, [32m&apos;provider&apos;[39m, [32m&apos;multiChainRpcs&apos;[39m ]
🤖 [MS3-PKG] [DEBUG] 🤖 [MS3-PKG] [DEBUG] 🤖 [MS3-PKG] [DEBUG] 🤖 [MS3-PKG] [DEBUG] 🤖 [MS3-PKG] [DEBUG] 🤖 [MS3-PKG] [DEBUG] 🤖 [MS3-PKG] [DEBUG] 🤖 [MS3-PKG] [DEBUG] 🤖 [MS3-PKG] [DEBUG] 🤖 [MS3-PKG] [DEBUG] 🤖 [MS3-PKG] [DEBUG] 🤖 [MS3-PKG] [DEBUG] 🤖 [MS3-PKG] [DEBUG] 🤖 [MS3-PKG] [DEBUG] ✅ [analyzeJoiSchema] Processing object schema with 3 keys
🤖 [MS3-PKG] [DEBUG] 🤖 [MS3-PKG] [DEBUG] 🤖 [MS3-PKG] [DEBUG] 🤖 [MS3-PKG] [DEBUG] 🤖 [MS3-PKG] [DEBUG] 🤖 [MS3-PKG] [DEBUG] 🤖 [MS3-PKG] [DEBUG] 🤖 [MS3-PKG] [DEBUG] 🤖 [MS3-PKG] [DEBUG] 🤖 [MS3-PKG] [DEBUG] 🤖 [MS3-PKG] [DEBUG] 🤖 [MS3-PKG] [DEBUG] 🤖 [MS3-PKG] [DEBUG] 🤖 [MS3-PKG] [DEBUG] 🔑 [analyzeJoiSchema] Processing field: privateKey
🤖 [MS3-PKG] [DEBUG] 🤖 [MS3-PKG] [DEBUG] 🤖 [MS3-PKG] [DEBUG] 🤖 [MS3-PKG] [DEBUG] 🤖 [MS3-PKG] [DEBUG] 🤖 [MS3-PKG] [DEBUG] 🤖 [MS3-PKG] [DEBUG] 🤖 [MS3-PKG] [DEBUG] 🤖 [MS3-PKG] [DEBUG] 🤖 [MS3-PKG] [DEBUG] 🤖 [MS3-PKG] [DEBUG] 🤖 [MS3-PKG] [DEBUG] 🤖 [MS3-PKG] [DEBUG] 🤖 [MS3-PKG] [DEBUG] 📝 [analyzeJoiSchema] Field description: {
  type: [32m&apos;string&apos;[39m,
  flags: {
    presence: [32m&apos;required&apos;[39m,
    description: [32m&apos;Private key for wallet (generates random if not provided)&apos;[39m
  },
  rules: [ { name: [32m&apos;pattern&apos;[39m, args: [36m[Object][39m } ]
}
🤖 [MS3-PKG] [DEBUG] 🤖 [MS3-PKG] [DEBUG] 🤖 [MS3-PKG] [DEBUG] 🤖 [MS3-PKG] [DEBUG] 🤖 [MS3-PKG] [DEBUG] 🤖 [MS3-PKG] [DEBUG] 🤖 [MS3-PKG] [DEBUG] 🤖 [MS3-PKG] [DEBUG] 🤖 [MS3-PKG] [DEBUG] 🤖 [MS3-PKG] [DEBUG] 🤖 [MS3-PKG] [DEBUG] 🤖 [MS3-PKG] [DEBUG] 🤖 [MS3-PKG] [DEBUG] 🤖 [MS3-PKG] [DEBUG] 📊 [analyzeJoiSchema] Field privateKey: type=string, required=true, message=&quot;Private key for wallet (generates random if not provided)&quot;
🤖 [MS3-PKG] [DEBUG] 🤖 [MS3-PKG] [DEBUG] 🤖 [MS3-PKG] [DEBUG] 🤖 [MS3-PKG] [DEBUG] 🤖 [MS3-PKG] [DEBUG] 🤖 [MS3-PKG] [DEBUG] 🤖 [MS3-PKG] [DEBUG] 🤖 [MS3-PKG] [DEBUG] 🤖 [MS3-PKG] [DEBUG] 🤖 [MS3-PKG] [DEBUG] 🤖 [MS3-PKG] [DEBUG] 🤖 [MS3-PKG] [DEBUG] 🤖 [MS3-PKG] [DEBUG] 🤖 [MS3-PKG] [DEBUG] 🔑 [analyzeJoiSchema] Processing field: provider
🤖 [MS3-PKG] [DEBUG] 🤖 [MS3-PKG] [DEBUG] 🤖 [MS3-PKG] [DEBUG] 🤖 [MS3-PKG] [DEBUG] 🤖 [MS3-PKG] [DEBUG] 🤖 [MS3-PKG] [DEBUG] 🤖 [MS3-PKG] [DEBUG] 🤖 [MS3-PKG] [DEBUG] 🤖 [MS3-PKG] [DEBUG] 🤖 [MS3-PKG] [DEBUG] 🤖 [MS3-PKG] [DEBUG] 🤖 [MS3-PKG] [DEBUG] 🤖 [MS3-PKG] [DEBUG] 🤖 [MS3-PKG] [DEBUG] 📝 [analyzeJoiSchema] Field description: {
  type: [32m&apos;object&apos;[39m,
  flags: {
    presence: [32m&apos;optional&apos;[39m,
    description: [32m&apos;Optional provider configuration&apos;[39m
  },
  keys: {
    name: { type: [32m&apos;string&apos;[39m, flags: [36m[Object][39m },
    chainId: { type: [32m&apos;string&apos;[39m, flags: [36m[Object][39m, rules: [36m[Array][39m },
    rpcUrls: { type: [32m&apos;array&apos;[39m, flags: [36m[Object][39m, rules: [36m[Array][39m, items: [36m[Array][39m },
    displayName: { type: [32m&apos;string&apos;[39m, flags: [36m[Object][39m }
  }
}
🤖 [MS3-PKG] [DEBUG] 🤖 [MS3-PKG] [DEBUG] 🤖 [MS3-PKG] [DEBUG] 🤖 [MS3-PKG] [DEBUG] 🤖 [MS3-PKG] [DEBUG] 🤖 [MS3-PKG] [DEBUG] 🤖 [MS3-PKG] [DEBUG] 🤖 [MS3-PKG] [DEBUG] 🤖 [MS3-PKG] [DEBUG] 🤖 [MS3-PKG] [DEBUG] 🤖 [MS3-PKG] [DEBUG] 🤖 [MS3-PKG] [DEBUG] 🤖 [MS3-PKG] [DEBUG] 🤖 [MS3-PKG] [DEBUG] 📊 [analyzeJoiSchema] Field provider: type=object, required=false, message=&quot;Optional provider configuration&quot;
🤖 [MS3-PKG] [DEBUG] 🤖 [MS3-PKG] [DEBUG] 🤖 [MS3-PKG] [DEBUG] 🤖 [MS3-PKG] [DEBUG] 🤖 [MS3-PKG] [DEBUG] 🤖 [MS3-PKG] [DEBUG] 🤖 [MS3-PKG] [DEBUG] 🤖 [MS3-PKG] [DEBUG] 🤖 [MS3-PKG] [DEBUG] 🤖 [MS3-PKG] [DEBUG] 🤖 [MS3-PKG] [DEBUG] 🤖 [MS3-PKG] [DEBUG] 🤖 [MS3-PKG] [DEBUG] 🤖 [MS3-PKG] [DEBUG] 🔄 [analyzeJoiSchema] Recursing into nested object: provider
🤖 [MS3-PKG] [DEBUG] 🤖 [MS3-PKG] [DEBUG] 🤖 [MS3-PKG] [DEBUG] 🤖 [MS3-PKG] [DEBUG] 🤖 [MS3-PKG] [DEBUG] 🤖 [MS3-PKG] [DEBUG] 🤖 [MS3-PKG] [DEBUG] 🤖 [MS3-PKG] [DEBUG] 🤖 [MS3-PKG] [DEBUG] 🤖 [MS3-PKG] [DEBUG] 🤖 [MS3-PKG] [DEBUG] 🤖 [MS3-PKG] [DEBUG] 🤖 [MS3-PKG] [DEBUG] 🤖 [MS3-PKG] [DEBUG] 🔑 [analyzeJoiSchema] Processing field: multiChainRpcs
🤖 [MS3-PKG] [DEBUG] 🤖 [MS3-PKG] [DEBUG] 🤖 [MS3-PKG] [DEBUG] 🤖 [MS3-PKG] [DEBUG] 🤖 [MS3-PKG] [DEBUG] 🤖 [MS3-PKG] [DEBUG] 🤖 [MS3-PKG] [DEBUG] 🤖 [MS3-PKG] [DEBUG] 🤖 [MS3-PKG] [DEBUG] 🤖 [MS3-PKG] [DEBUG] 🤖 [MS3-PKG] [DEBUG] 🤖 [MS3-PKG] [DEBUG] 🤖 [MS3-PKG] [DEBUG] 🤖 [MS3-PKG] [DEBUG] 📝 [analyzeJoiSchema] Field description: {
  type: [32m&apos;object&apos;[39m,
  flags: {
    presence: [32m&apos;optional&apos;[39m,
    description: [32m&apos;Multi-chain RPC configuration - maps chain IDs to RPC URL arrays&apos;[39m
  },
  patterns: [ { schema: [36m[Object][39m, rule: [36m[Object][39m } ]
}
🤖 [MS3-PKG] [DEBUG] 🤖 [MS3-PKG] [DEBUG] 🤖 [MS3-PKG] [DEBUG] 🤖 [MS3-PKG] [DEBUG] 🤖 [MS3-PKG] [DEBUG] 🤖 [MS3-PKG] [DEBUG] 🤖 [MS3-PKG] [DEBUG] 🤖 [MS3-PKG] [DEBUG] 🤖 [MS3-PKG] [DEBUG] 🤖 [MS3-PKG] [DEBUG] 🤖 [MS3-PKG] [DEBUG] 🤖 [MS3-PKG] [DEBUG] 🤖 [MS3-PKG] [DEBUG] 🤖 [MS3-PKG] [DEBUG] 📊 [analyzeJoiSchema] Field multiChainRpcs: type=object, required=false, message=&quot;Multi-chain RPC configuration - maps chain IDs to RPC URL arrays&quot;
🤖 [MS3-PKG] [INFO] 🤖 [MS3-PKG] [INFO] 🤖 [MS3-PKG] [INFO] 🤖 [MS3-PKG] [INFO] 🤖 [MS3-PKG] [INFO] 🤖 [MS3-PKG] [INFO] 🤖 [MS3-PKG] [INFO] 🤖 [MS3-PKG] [INFO] 🤖 [MS3-PKG] [INFO] 🤖 [MS3-PKG] [INFO] 🤖 [MS3-PKG] [INFO] 🤖 [MS3-PKG] [INFO] 🤖 [MS3-PKG] [INFO] 🤖 [MS3-PKG] [INFO] 📊 [analyzeJoiSchema] Generated 7 requirements for options
🤖 [MS3-PKG] [DEBUG] 🤖 [MS3-PKG] [DEBUG] 🤖 [MS3-PKG] [DEBUG] 🤖 [MS3-PKG] [DEBUG] 🤖 [MS3-PKG] [DEBUG] 🤖 [MS3-PKG] [DEBUG] 🤖 [MS3-PKG] [DEBUG] 🤖 [MS3-PKG] [DEBUG] 🤖 [MS3-PKG] [DEBUG] 🤖 [MS3-PKG] [DEBUG] 🤖 [MS3-PKG] [DEBUG] 🤖 [MS3-PKG] [DEBUG] 🤖 [MS3-PKG] [DEBUG] 🤖 [MS3-PKG] [DEBUG] 🔍 [getRequirements] Starting analysis for bulk-test-81
🤖 [MS3-PKG] [DEBUG] 🤖 [MS3-PKG] [DEBUG] 🤖 [MS3-PKG] [DEBUG] 🤖 [MS3-PKG] [DEBUG] 🤖 [MS3-PKG] [DEBUG] 🤖 [MS3-PKG] [DEBUG] 🤖 [MS3-PKG] [DEBUG] 🤖 [MS3-PKG] [DEBUG] 🤖 [MS3-PKG] [DEBUG] 🤖 [MS3-PKG] [DEBUG] 🤖 [MS3-PKG] [DEBUG] 🤖 [MS3-PKG] [DEBUG] 🤖 [MS3-PKG] [DEBUG] 🤖 [MS3-PKG] [DEBUG] 🔬 [analyzeJoiSchema] Analyzing schema at path: options
🤖 [MS3-PKG] [DEBUG] 🤖 [MS3-PKG] [DEBUG] 🤖 [MS3-PKG] [DEBUG] 🤖 [MS3-PKG] [DEBUG] 🤖 [MS3-PKG] [DEBUG] 🤖 [MS3-PKG] [DEBUG] 🤖 [MS3-PKG] [DEBUG] 🤖 [MS3-PKG] [DEBUG] 🤖 [MS3-PKG] [DEBUG] 🤖 [MS3-PKG] [DEBUG] 🤖 [MS3-PKG] [DEBUG] 🤖 [MS3-PKG] [DEBUG] 🤖 [MS3-PKG] [DEBUG] 🤖 [MS3-PKG] [DEBUG] 📋 [analyzeJoiSchema] Schema description type: object
🤖 [MS3-PKG] [DEBUG] 🤖 [MS3-PKG] [DEBUG] 🤖 [MS3-PKG] [DEBUG] 🤖 [MS3-PKG] [DEBUG] 🤖 [MS3-PKG] [DEBUG] 🤖 [MS3-PKG] [DEBUG] 🤖 [MS3-PKG] [DEBUG] 🤖 [MS3-PKG] [DEBUG] 🤖 [MS3-PKG] [DEBUG] 🤖 [MS3-PKG] [DEBUG] 🤖 [MS3-PKG] [DEBUG] 🤖 [MS3-PKG] [DEBUG] 🤖 [MS3-PKG] [DEBUG] 🤖 [MS3-PKG] [DEBUG] 📋 [analyzeJoiSchema] Schema keys: [ [32m&apos;web3authConfig&apos;[39m, [32m&apos;multiChainRpcs&apos;[39m ]
🤖 [MS3-PKG] [DEBUG] 🤖 [MS3-PKG] [DEBUG] 🤖 [MS3-PKG] [DEBUG] 🤖 [MS3-PKG] [DEBUG] 🤖 [MS3-PKG] [DEBUG] 🤖 [MS3-PKG] [DEBUG] 🤖 [MS3-PKG] [DEBUG] 🤖 [MS3-PKG] [DEBUG] 🤖 [MS3-PKG] [DEBUG] 🤖 [MS3-PKG] [DEBUG] 🤖 [MS3-PKG] [DEBUG] 🤖 [MS3-PKG] [DEBUG] 🤖 [MS3-PKG] [DEBUG] 🤖 [MS3-PKG] [DEBUG] ✅ [analyzeJoiSchema] Processing object schema with 2 keys
🤖 [MS3-PKG] [DEBUG] 🤖 [MS3-PKG] [DEBUG] 🤖 [MS3-PKG] [DEBUG] 🤖 [MS3-PKG] [DEBUG] 🤖 [MS3-PKG] [DEBUG] 🤖 [MS3-PKG] [DEBUG] 🤖 [MS3-PKG] [DEBUG] 🤖 [MS3-PKG] [DEBUG] 🤖 [MS3-PKG] [DEBUG] 🤖 [MS3-PKG] [DEBUG] 🤖 [MS3-PKG] [DEBUG] 🤖 [MS3-PKG] [DEBUG] 🤖 [MS3-PKG] [DEBUG] 🤖 [MS3-PKG] [DEBUG] 🔑 [analyzeJoiSchema] Processing field: web3authConfig
🤖 [MS3-PKG] [DEBUG] 🤖 [MS3-PKG] [DEBUG] 🤖 [MS3-PKG] [DEBUG] 🤖 [MS3-PKG] [DEBUG] 🤖 [MS3-PKG] [DEBUG] 🤖 [MS3-PKG] [DEBUG] 🤖 [MS3-PKG] [DEBUG] 🤖 [MS3-PKG] [DEBUG] 🤖 [MS3-PKG] [DEBUG] 🤖 [MS3-PKG] [DEBUG] 🤖 [MS3-PKG] [DEBUG] 🤖 [MS3-PKG] [DEBUG] 🤖 [MS3-PKG] [DEBUG] 🤖 [MS3-PKG] [DEBUG] 📝 [analyzeJoiSchema] Field description: {
  type: [32m&apos;object&apos;[39m,
  flags: {
    presence: [32m&apos;required&apos;[39m,
    description: [32m&apos;Web3Auth configuration object&apos;[39m
  },
  keys: {
    clientId: { type: [32m&apos;string&apos;[39m, flags: [36m[Object][39m },
    web3AuthNetwork: { type: [32m&apos;string&apos;[39m, flags: [36m[Object][39m, allow: [36m[Array][39m },
    chainConfig: { type: [32m&apos;object&apos;[39m, flags: [36m[Object][39m, keys: [36m[Object][39m },
    loginConfig: { type: [32m&apos;object&apos;[39m, flags: [36m[Object][39m },
    privateKeyProvider: { type: [32m&apos;any&apos;[39m, flags: [36m[Object][39m }
  }
}
🤖 [MS3-PKG] [DEBUG] 🤖 [MS3-PKG] [DEBUG] 🤖 [MS3-PKG] [DEBUG] 🤖 [MS3-PKG] [DEBUG] 🤖 [MS3-PKG] [DEBUG] 🤖 [MS3-PKG] [DEBUG] 🤖 [MS3-PKG] [DEBUG] 🤖 [MS3-PKG] [DEBUG] 🤖 [MS3-PKG] [DEBUG] 🤖 [MS3-PKG] [DEBUG] 🤖 [MS3-PKG] [DEBUG] 🤖 [MS3-PKG] [DEBUG] 🤖 [MS3-PKG] [DEBUG] 🤖 [MS3-PKG] [DEBUG] 📊 [analyzeJoiSchema] Field web3authConfig: type=object, required=true, message=&quot;Web3Auth configuration object&quot;
🤖 [MS3-PKG] [DEBUG] 🤖 [MS3-PKG] [DEBUG] 🤖 [MS3-PKG] [DEBUG] 🤖 [MS3-PKG] [DEBUG] 🤖 [MS3-PKG] [DEBUG] 🤖 [MS3-PKG] [DEBUG] 🤖 [MS3-PKG] [DEBUG] 🤖 [MS3-PKG] [DEBUG] 🤖 [MS3-PKG] [DEBUG] 🤖 [MS3-PKG] [DEBUG] 🤖 [MS3-PKG] [DEBUG] 🤖 [MS3-PKG] [DEBUG] 🤖 [MS3-PKG] [DEBUG] 🤖 [MS3-PKG] [DEBUG] 🔄 [analyzeJoiSchema] Recursing into nested object: web3authConfig
🤖 [MS3-PKG] [DEBUG] 🤖 [MS3-PKG] [DEBUG] 🤖 [MS3-PKG] [DEBUG] 🤖 [MS3-PKG] [DEBUG] 🤖 [MS3-PKG] [DEBUG] 🤖 [MS3-PKG] [DEBUG] 🤖 [MS3-PKG] [DEBUG] 🤖 [MS3-PKG] [DEBUG] 🤖 [MS3-PKG] [DEBUG] 🤖 [MS3-PKG] [DEBUG] 🤖 [MS3-PKG] [DEBUG] 🤖 [MS3-PKG] [DEBUG] 🤖 [MS3-PKG] [DEBUG] 🤖 [MS3-PKG] [DEBUG] 🔑 [analyzeJoiSchema] Processing field: multiChainRpcs
🤖 [MS3-PKG] [DEBUG] 🤖 [MS3-PKG] [DEBUG] 🤖 [MS3-PKG] [DEBUG] 🤖 [MS3-PKG] [DEBUG] 🤖 [MS3-PKG] [DEBUG] 🤖 [MS3-PKG] [DEBUG] 🤖 [MS3-PKG] [DEBUG] 🤖 [MS3-PKG] [DEBUG] 🤖 [MS3-PKG] [DEBUG] 🤖 [MS3-PKG] [DEBUG] 🤖 [MS3-PKG] [DEBUG] 🤖 [MS3-PKG] [DEBUG] 🤖 [MS3-PKG] [DEBUG] 🤖 [MS3-PKG] [DEBUG] 📝 [analyzeJoiSchema] Field description: {
  type: [32m&apos;object&apos;[39m,
  flags: {
    presence: [32m&apos;optional&apos;[39m,
    description: [32m&apos;Multi-chain RPC configuration - maps chain IDs to RPC URL arrays&apos;[39m
  },
  patterns: [ { schema: [36m[Object][39m, rule: [36m[Object][39m } ]
}
🤖 [MS3-PKG] [DEBUG] 🤖 [MS3-PKG] [DEBUG] 🤖 [MS3-PKG] [DEBUG] 🤖 [MS3-PKG] [DEBUG] 🤖 [MS3-PKG] [DEBUG] 🤖 [MS3-PKG] [DEBUG] 🤖 [MS3-PKG] [DEBUG] 🤖 [MS3-PKG] [DEBUG] 🤖 [MS3-PKG] [DEBUG] 🤖 [MS3-PKG] [DEBUG] 🤖 [MS3-PKG] [DEBUG] 🤖 [MS3-PKG] [DEBUG] 🤖 [MS3-PKG] [DEBUG] 🤖 [MS3-PKG] [DEBUG] 📊 [analyzeJoiSchema] Field multiChainRpcs: type=object, required=false, message=&quot;Multi-chain RPC configuration - maps chain IDs to RPC URL arrays&quot;
🤖 [MS3-PKG] [INFO] 🤖 [MS3-PKG] [INFO] 🤖 [MS3-PKG] [INFO] 🤖 [MS3-PKG] [INFO] 🤖 [MS3-PKG] [INFO] 🤖 [MS3-PKG] [INFO] 🤖 [MS3-PKG] [INFO] 🤖 [MS3-PKG] [INFO] 🤖 [MS3-PKG] [INFO] 🤖 [MS3-PKG] [INFO] 🤖 [MS3-PKG] [INFO] 🤖 [MS3-PKG] [INFO] 🤖 [MS3-PKG] [INFO] 🤖 [MS3-PKG] [INFO] 📊 [analyzeJoiSchema] Generated 14 requirements for options
🤖 [MS3-PKG] [DEBUG] 🤖 [MS3-PKG] [DEBUG] 🤖 [MS3-PKG] [DEBUG] 🤖 [MS3-PKG] [DEBUG] 🤖 [MS3-PKG] [DEBUG] 🤖 [MS3-PKG] [DEBUG] 🤖 [MS3-PKG] [DEBUG] 🤖 [MS3-PKG] [DEBUG] 🤖 [MS3-PKG] [DEBUG] 🤖 [MS3-PKG] [DEBUG] 🤖 [MS3-PKG] [DEBUG] 🤖 [MS3-PKG] [DEBUG] 🤖 [MS3-PKG] [DEBUG] 🤖 [MS3-PKG] [DEBUG] 🔍 [getRequirements] Starting analysis for bulk-test-82
🤖 [MS3-PKG] [DEBUG] 🤖 [MS3-PKG] [DEBUG] 🤖 [MS3-PKG] [DEBUG] 🤖 [MS3-PKG] [DEBUG] 🤖 [MS3-PKG] [DEBUG] 🤖 [MS3-PKG] [DEBUG] 🤖 [MS3-PKG] [DEBUG] 🤖 [MS3-PKG] [DEBUG] 🤖 [MS3-PKG] [DEBUG] 🤖 [MS3-PKG] [DEBUG] 🤖 [MS3-PKG] [DEBUG] 🤖 [MS3-PKG] [DEBUG] 🤖 [MS3-PKG] [DEBUG] 🤖 [MS3-PKG] [DEBUG] 🔬 [analyzeJoiSchema] Analyzing schema at path: options
🤖 [MS3-PKG] [DEBUG] 🤖 [MS3-PKG] [DEBUG] 🤖 [MS3-PKG] [DEBUG] 🤖 [MS3-PKG] [DEBUG] 🤖 [MS3-PKG] [DEBUG] 🤖 [MS3-PKG] [DEBUG] 🤖 [MS3-PKG] [DEBUG] 🤖 [MS3-PKG] [DEBUG] 🤖 [MS3-PKG] [DEBUG] 🤖 [MS3-PKG] [DEBUG] 🤖 [MS3-PKG] [DEBUG] 🤖 [MS3-PKG] [DEBUG] 🤖 [MS3-PKG] [DEBUG] 🤖 [MS3-PKG] [DEBUG] 📋 [analyzeJoiSchema] Schema description type: object
🤖 [MS3-PKG] [DEBUG] 🤖 [MS3-PKG] [DEBUG] 🤖 [MS3-PKG] [DEBUG] 🤖 [MS3-PKG] [DEBUG] 🤖 [MS3-PKG] [DEBUG] 🤖 [MS3-PKG] [DEBUG] 🤖 [MS3-PKG] [DEBUG] 🤖 [MS3-PKG] [DEBUG] 🤖 [MS3-PKG] [DEBUG] 🤖 [MS3-PKG] [DEBUG] 🤖 [MS3-PKG] [DEBUG] 🤖 [MS3-PKG] [DEBUG] 🤖 [MS3-PKG] [DEBUG] 🤖 [MS3-PKG] [DEBUG] 📋 [analyzeJoiSchema] Schema keys: [ [32m&apos;privateKey&apos;[39m, [32m&apos;provider&apos;[39m, [32m&apos;multiChainRpcs&apos;[39m ]
🤖 [MS3-PKG] [DEBUG] 🤖 [MS3-PKG] [DEBUG] 🤖 [MS3-PKG] [DEBUG] 🤖 [MS3-PKG] [DEBUG] 🤖 [MS3-PKG] [DEBUG] 🤖 [MS3-PKG] [DEBUG] 🤖 [MS3-PKG] [DEBUG] 🤖 [MS3-PKG] [DEBUG] 🤖 [MS3-PKG] [DEBUG] 🤖 [MS3-PKG] [DEBUG] 🤖 [MS3-PKG] [DEBUG] 🤖 [MS3-PKG] [DEBUG] 🤖 [MS3-PKG] [DEBUG] 🤖 [MS3-PKG] [DEBUG] ✅ [analyzeJoiSchema] Processing object schema with 3 keys
🤖 [MS3-PKG] [DEBUG] 🤖 [MS3-PKG] [DEBUG] 🤖 [MS3-PKG] [DEBUG] 🤖 [MS3-PKG] [DEBUG] 🤖 [MS3-PKG] [DEBUG] 🤖 [MS3-PKG] [DEBUG] 🤖 [MS3-PKG] [DEBUG] 🤖 [MS3-PKG] [DEBUG] 🤖 [MS3-PKG] [DEBUG] 🤖 [MS3-PKG] [DEBUG] 🤖 [MS3-PKG] [DEBUG] 🤖 [MS3-PKG] [DEBUG] 🤖 [MS3-PKG] [DEBUG] 🤖 [MS3-PKG] [DEBUG] 🔑 [analyzeJoiSchema] Processing field: privateKey
🤖 [MS3-PKG] [DEBUG] 🤖 [MS3-PKG] [DEBUG] 🤖 [MS3-PKG] [DEBUG] 🤖 [MS3-PKG] [DEBUG] 🤖 [MS3-PKG] [DEBUG] 🤖 [MS3-PKG] [DEBUG] 🤖 [MS3-PKG] [DEBUG] 🤖 [MS3-PKG] [DEBUG] 🤖 [MS3-PKG] [DEBUG] 🤖 [MS3-PKG] [DEBUG] 🤖 [MS3-PKG] [DEBUG] 🤖 [MS3-PKG] [DEBUG] 🤖 [MS3-PKG] [DEBUG] 🤖 [MS3-PKG] [DEBUG] 📝 [analyzeJoiSchema] Field description: {
  type: [32m&apos;string&apos;[39m,
  flags: {
    presence: [32m&apos;required&apos;[39m,
    description: [32m&apos;Private key for wallet (generates random if not provided)&apos;[39m
  },
  rules: [ { name: [32m&apos;pattern&apos;[39m, args: [36m[Object][39m } ]
}
🤖 [MS3-PKG] [DEBUG] 🤖 [MS3-PKG] [DEBUG] 🤖 [MS3-PKG] [DEBUG] 🤖 [MS3-PKG] [DEBUG] 🤖 [MS3-PKG] [DEBUG] 🤖 [MS3-PKG] [DEBUG] 🤖 [MS3-PKG] [DEBUG] 🤖 [MS3-PKG] [DEBUG] 🤖 [MS3-PKG] [DEBUG] 🤖 [MS3-PKG] [DEBUG] 🤖 [MS3-PKG] [DEBUG] 🤖 [MS3-PKG] [DEBUG] 🤖 [MS3-PKG] [DEBUG] 🤖 [MS3-PKG] [DEBUG] 📊 [analyzeJoiSchema] Field privateKey: type=string, required=true, message=&quot;Private key for wallet (generates random if not provided)&quot;
🤖 [MS3-PKG] [DEBUG] 🤖 [MS3-PKG] [DEBUG] 🤖 [MS3-PKG] [DEBUG] 🤖 [MS3-PKG] [DEBUG] 🤖 [MS3-PKG] [DEBUG] 🤖 [MS3-PKG] [DEBUG] 🤖 [MS3-PKG] [DEBUG] 🤖 [MS3-PKG] [DEBUG] 🤖 [MS3-PKG] [DEBUG] 🤖 [MS3-PKG] [DEBUG] 🤖 [MS3-PKG] [DEBUG] 🤖 [MS3-PKG] [DEBUG] 🤖 [MS3-PKG] [DEBUG] 🤖 [MS3-PKG] [DEBUG] 🔑 [analyzeJoiSchema] Processing field: provider
🤖 [MS3-PKG] [DEBUG] 🤖 [MS3-PKG] [DEBUG] 🤖 [MS3-PKG] [DEBUG] 🤖 [MS3-PKG] [DEBUG] 🤖 [MS3-PKG] [DEBUG] 🤖 [MS3-PKG] [DEBUG] 🤖 [MS3-PKG] [DEBUG] 🤖 [MS3-PKG] [DEBUG] 🤖 [MS3-PKG] [DEBUG] 🤖 [MS3-PKG] [DEBUG] 🤖 [MS3-PKG] [DEBUG] 🤖 [MS3-PKG] [DEBUG] 🤖 [MS3-PKG] [DEBUG] 🤖 [MS3-PKG] [DEBUG] 📝 [analyzeJoiSchema] Field description: {
  type: [32m&apos;object&apos;[39m,
  flags: {
    presence: [32m&apos;optional&apos;[39m,
    description: [32m&apos;Optional provider configuration&apos;[39m
  },
  keys: {
    name: { type: [32m&apos;string&apos;[39m, flags: [36m[Object][39m },
    chainId: { type: [32m&apos;string&apos;[39m, flags: [36m[Object][39m, rules: [36m[Array][39m },
    rpcUrls: { type: [32m&apos;array&apos;[39m, flags: [36m[Object][39m, rules: [36m[Array][39m, items: [36m[Array][39m },
    displayName: { type: [32m&apos;string&apos;[39m, flags: [36m[Object][39m }
  }
}
🤖 [MS3-PKG] [DEBUG] 🤖 [MS3-PKG] [DEBUG] 🤖 [MS3-PKG] [DEBUG] 🤖 [MS3-PKG] [DEBUG] 🤖 [MS3-PKG] [DEBUG] 🤖 [MS3-PKG] [DEBUG] 🤖 [MS3-PKG] [DEBUG] 🤖 [MS3-PKG] [DEBUG] 🤖 [MS3-PKG] [DEBUG] 🤖 [MS3-PKG] [DEBUG] 🤖 [MS3-PKG] [DEBUG] 🤖 [MS3-PKG] [DEBUG] 🤖 [MS3-PKG] [DEBUG] 🤖 [MS3-PKG] [DEBUG] 📊 [analyzeJoiSchema] Field provider: type=object, required=false, message=&quot;Optional provider configuration&quot;
🤖 [MS3-PKG] [DEBUG] 🤖 [MS3-PKG] [DEBUG] 🤖 [MS3-PKG] [DEBUG] 🤖 [MS3-PKG] [DEBUG] 🤖 [MS3-PKG] [DEBUG] 🤖 [MS3-PKG] [DEBUG] 🤖 [MS3-PKG] [DEBUG] 🤖 [MS3-PKG] [DEBUG] 🤖 [MS3-PKG] [DEBUG] 🤖 [MS3-PKG] [DEBUG] 🤖 [MS3-PKG] [DEBUG] 🤖 [MS3-PKG] [DEBUG] 🤖 [MS3-PKG] [DEBUG] 🤖 [MS3-PKG] [DEBUG] 🔄 [analyzeJoiSchema] Recursing into nested object: provider
🤖 [MS3-PKG] [DEBUG] 🤖 [MS3-PKG] [DEBUG] 🤖 [MS3-PKG] [DEBUG] 🤖 [MS3-PKG] [DEBUG] 🤖 [MS3-PKG] [DEBUG] 🤖 [MS3-PKG] [DEBUG] 🤖 [MS3-PKG] [DEBUG] 🤖 [MS3-PKG] [DEBUG] 🤖 [MS3-PKG] [DEBUG] 🤖 [MS3-PKG] [DEBUG] 🤖 [MS3-PKG] [DEBUG] 🤖 [MS3-PKG] [DEBUG] 🤖 [MS3-PKG] [DEBUG] 🤖 [MS3-PKG] [DEBUG] 🔑 [analyzeJoiSchema] Processing field: multiChainRpcs
🤖 [MS3-PKG] [DEBUG] 🤖 [MS3-PKG] [DEBUG] 🤖 [MS3-PKG] [DEBUG] 🤖 [MS3-PKG] [DEBUG] 🤖 [MS3-PKG] [DEBUG] 🤖 [MS3-PKG] [DEBUG] 🤖 [MS3-PKG] [DEBUG] 🤖 [MS3-PKG] [DEBUG] 🤖 [MS3-PKG] [DEBUG] 🤖 [MS3-PKG] [DEBUG] 🤖 [MS3-PKG] [DEBUG] 🤖 [MS3-PKG] [DEBUG] 🤖 [MS3-PKG] [DEBUG] 🤖 [MS3-PKG] [DEBUG] 📝 [analyzeJoiSchema] Field description: {
  type: [32m&apos;object&apos;[39m,
  flags: {
    presence: [32m&apos;optional&apos;[39m,
    description: [32m&apos;Multi-chain RPC configuration - maps chain IDs to RPC URL arrays&apos;[39m
  },
  patterns: [ { schema: [36m[Object][39m, rule: [36m[Object][39m } ]
}
🤖 [MS3-PKG] [DEBUG] 🤖 [MS3-PKG] [DEBUG] 🤖 [MS3-PKG] [DEBUG] 🤖 [MS3-PKG] [DEBUG] 🤖 [MS3-PKG] [DEBUG] 🤖 [MS3-PKG] [DEBUG] 🤖 [MS3-PKG] [DEBUG] 🤖 [MS3-PKG] [DEBUG] 🤖 [MS3-PKG] [DEBUG] 🤖 [MS3-PKG] [DEBUG] 🤖 [MS3-PKG] [DEBUG] 🤖 [MS3-PKG] [DEBUG] 🤖 [MS3-PKG] [DEBUG] 🤖 [MS3-PKG] [DEBUG] 📊 [analyzeJoiSchema] Field multiChainRpcs: type=object, required=false, message=&quot;Multi-chain RPC configuration - maps chain IDs to RPC URL arrays&quot;
🤖 [MS3-PKG] [INFO] 🤖 [MS3-PKG] [INFO] 🤖 [MS3-PKG] [INFO] 🤖 [MS3-PKG] [INFO] 🤖 [MS3-PKG] [INFO] 🤖 [MS3-PKG] [INFO] 🤖 [MS3-PKG] [INFO] 🤖 [MS3-PKG] [INFO] 🤖 [MS3-PKG] [INFO] 🤖 [MS3-PKG] [INFO] 🤖 [MS3-PKG] [INFO] 🤖 [MS3-PKG] [INFO] 🤖 [MS3-PKG] [INFO] 🤖 [MS3-PKG] [INFO] 📊 [analyzeJoiSchema] Generated 7 requirements for options
🤖 [MS3-PKG] [DEBUG] 🤖 [MS3-PKG] [DEBUG] 🤖 [MS3-PKG] [DEBUG] 🤖 [MS3-PKG] [DEBUG] 🤖 [MS3-PKG] [DEBUG] 🤖 [MS3-PKG] [DEBUG] 🤖 [MS3-PKG] [DEBUG] 🤖 [MS3-PKG] [DEBUG] 🤖 [MS3-PKG] [DEBUG] 🤖 [MS3-PKG] [DEBUG] 🤖 [MS3-PKG] [DEBUG] 🤖 [MS3-PKG] [DEBUG] 🤖 [MS3-PKG] [DEBUG] 🤖 [MS3-PKG] [DEBUG] 🔍 [getRequirements] Starting analysis for bulk-test-82
🤖 [MS3-PKG] [DEBUG] 🤖 [MS3-PKG] [DEBUG] 🤖 [MS3-PKG] [DEBUG] 🤖 [MS3-PKG] [DEBUG] 🤖 [MS3-PKG] [DEBUG] 🤖 [MS3-PKG] [DEBUG] 🤖 [MS3-PKG] [DEBUG] 🤖 [MS3-PKG] [DEBUG] 🤖 [MS3-PKG] [DEBUG] 🤖 [MS3-PKG] [DEBUG] 🤖 [MS3-PKG] [DEBUG] 🤖 [MS3-PKG] [DEBUG] 🤖 [MS3-PKG] [DEBUG] 🤖 [MS3-PKG] [DEBUG] 🔬 [analyzeJoiSchema] Analyzing schema at path: options
🤖 [MS3-PKG] [DEBUG] 🤖 [MS3-PKG] [DEBUG] 🤖 [MS3-PKG] [DEBUG] 🤖 [MS3-PKG] [DEBUG] 🤖 [MS3-PKG] [DEBUG] 🤖 [MS3-PKG] [DEBUG] 🤖 [MS3-PKG] [DEBUG] 🤖 [MS3-PKG] [DEBUG] 🤖 [MS3-PKG] [DEBUG] 🤖 [MS3-PKG] [DEBUG] 🤖 [MS3-PKG] [DEBUG] 🤖 [MS3-PKG] [DEBUG] 🤖 [MS3-PKG] [DEBUG] 🤖 [MS3-PKG] [DEBUG] 📋 [analyzeJoiSchema] Schema description type: object
🤖 [MS3-PKG] [DEBUG] 🤖 [MS3-PKG] [DEBUG] 🤖 [MS3-PKG] [DEBUG] 🤖 [MS3-PKG] [DEBUG] 🤖 [MS3-PKG] [DEBUG] 🤖 [MS3-PKG] [DEBUG] 🤖 [MS3-PKG] [DEBUG] 🤖 [MS3-PKG] [DEBUG] 🤖 [MS3-PKG] [DEBUG] 🤖 [MS3-PKG] [DEBUG] 🤖 [MS3-PKG] [DEBUG] 🤖 [MS3-PKG] [DEBUG] 🤖 [MS3-PKG] [DEBUG] 🤖 [MS3-PKG] [DEBUG] 📋 [analyzeJoiSchema] Schema keys: [ [32m&apos;web3authConfig&apos;[39m, [32m&apos;multiChainRpcs&apos;[39m ]
🤖 [MS3-PKG] [DEBUG] 🤖 [MS3-PKG] [DEBUG] 🤖 [MS3-PKG] [DEBUG] 🤖 [MS3-PKG] [DEBUG] 🤖 [MS3-PKG] [DEBUG] 🤖 [MS3-PKG] [DEBUG] 🤖 [MS3-PKG] [DEBUG] 🤖 [MS3-PKG] [DEBUG] 🤖 [MS3-PKG] [DEBUG] 🤖 [MS3-PKG] [DEBUG] 🤖 [MS3-PKG] [DEBUG] 🤖 [MS3-PKG] [DEBUG] 🤖 [MS3-PKG] [DEBUG] 🤖 [MS3-PKG] [DEBUG] ✅ [analyzeJoiSchema] Processing object schema with 2 keys
🤖 [MS3-PKG] [DEBUG] 🤖 [MS3-PKG] [DEBUG] 🤖 [MS3-PKG] [DEBUG] 🤖 [MS3-PKG] [DEBUG] 🤖 [MS3-PKG] [DEBUG] 🤖 [MS3-PKG] [DEBUG] 🤖 [MS3-PKG] [DEBUG] 🤖 [MS3-PKG] [DEBUG] 🤖 [MS3-PKG] [DEBUG] 🤖 [MS3-PKG] [DEBUG] 🤖 [MS3-PKG] [DEBUG] 🤖 [MS3-PKG] [DEBUG] 🤖 [MS3-PKG] [DEBUG] 🤖 [MS3-PKG] [DEBUG] 🔑 [analyzeJoiSchema] Processing field: web3authConfig
🤖 [MS3-PKG] [DEBUG] 🤖 [MS3-PKG] [DEBUG] 🤖 [MS3-PKG] [DEBUG] 🤖 [MS3-PKG] [DEBUG] 🤖 [MS3-PKG] [DEBUG] 🤖 [MS3-PKG] [DEBUG] 🤖 [MS3-PKG] [DEBUG] 🤖 [MS3-PKG] [DEBUG] 🤖 [MS3-PKG] [DEBUG] 🤖 [MS3-PKG] [DEBUG] 🤖 [MS3-PKG] [DEBUG] 🤖 [MS3-PKG] [DEBUG] 🤖 [MS3-PKG] [DEBUG] 🤖 [MS3-PKG] [DEBUG] 📝 [analyzeJoiSchema] Field description: {
  type: [32m&apos;object&apos;[39m,
  flags: {
    presence: [32m&apos;required&apos;[39m,
    description: [32m&apos;Web3Auth configuration object&apos;[39m
  },
  keys: {
    clientId: { type: [32m&apos;string&apos;[39m, flags: [36m[Object][39m },
    web3AuthNetwork: { type: [32m&apos;string&apos;[39m, flags: [36m[Object][39m, allow: [36m[Array][39m },
    chainConfig: { type: [32m&apos;object&apos;[39m, flags: [36m[Object][39m, keys: [36m[Object][39m },
    loginConfig: { type: [32m&apos;object&apos;[39m, flags: [36m[Object][39m },
    privateKeyProvider: { type: [32m&apos;any&apos;[39m, flags: [36m[Object][39m }
  }
}
🤖 [MS3-PKG] [DEBUG] 🤖 [MS3-PKG] [DEBUG] 🤖 [MS3-PKG] [DEBUG] 🤖 [MS3-PKG] [DEBUG] 🤖 [MS3-PKG] [DEBUG] 🤖 [MS3-PKG] [DEBUG] 🤖 [MS3-PKG] [DEBUG] 🤖 [MS3-PKG] [DEBUG] 🤖 [MS3-PKG] [DEBUG] 🤖 [MS3-PKG] [DEBUG] 🤖 [MS3-PKG] [DEBUG] 🤖 [MS3-PKG] [DEBUG] 🤖 [MS3-PKG] [DEBUG] 🤖 [MS3-PKG] [DEBUG] 📊 [analyzeJoiSchema] Field web3authConfig: type=object, required=true, message=&quot;Web3Auth configuration object&quot;
🤖 [MS3-PKG] [DEBUG] 🤖 [MS3-PKG] [DEBUG] 🤖 [MS3-PKG] [DEBUG] 🤖 [MS3-PKG] [DEBUG] 🤖 [MS3-PKG] [DEBUG] 🤖 [MS3-PKG] [DEBUG] 🤖 [MS3-PKG] [DEBUG] 🤖 [MS3-PKG] [DEBUG] 🤖 [MS3-PKG] [DEBUG] 🤖 [MS3-PKG] [DEBUG] 🤖 [MS3-PKG] [DEBUG] 🤖 [MS3-PKG] [DEBUG] 🤖 [MS3-PKG] [DEBUG] 🤖 [MS3-PKG] [DEBUG] 🔄 [analyzeJoiSchema] Recursing into nested object: web3authConfig
🤖 [MS3-PKG] [DEBUG] 🤖 [MS3-PKG] [DEBUG] 🤖 [MS3-PKG] [DEBUG] 🤖 [MS3-PKG] [DEBUG] 🤖 [MS3-PKG] [DEBUG] 🤖 [MS3-PKG] [DEBUG] 🤖 [MS3-PKG] [DEBUG] 🤖 [MS3-PKG] [DEBUG] 🤖 [MS3-PKG] [DEBUG] 🤖 [MS3-PKG] [DEBUG] 🤖 [MS3-PKG] [DEBUG] 🤖 [MS3-PKG] [DEBUG] 🤖 [MS3-PKG] [DEBUG] 🤖 [MS3-PKG] [DEBUG] 🔑 [analyzeJoiSchema] Processing field: multiChainRpcs
🤖 [MS3-PKG] [DEBUG] 🤖 [MS3-PKG] [DEBUG] 🤖 [MS3-PKG] [DEBUG] 🤖 [MS3-PKG] [DEBUG] 🤖 [MS3-PKG] [DEBUG] 🤖 [MS3-PKG] [DEBUG] 🤖 [MS3-PKG] [DEBUG] 🤖 [MS3-PKG] [DEBUG] 🤖 [MS3-PKG] [DEBUG] 🤖 [MS3-PKG] [DEBUG] 🤖 [MS3-PKG] [DEBUG] 🤖 [MS3-PKG] [DEBUG] 🤖 [MS3-PKG] [DEBUG] 🤖 [MS3-PKG] [DEBUG] 📝 [analyzeJoiSchema] Field description: {
  type: [32m&apos;object&apos;[39m,
  flags: {
    presence: [32m&apos;optional&apos;[39m,
    description: [32m&apos;Multi-chain RPC configuration - maps chain IDs to RPC URL arrays&apos;[39m
  },
  patterns: [ { schema: [36m[Object][39m, rule: [36m[Object][39m } ]
}
🤖 [MS3-PKG] [DEBUG] 🤖 [MS3-PKG] [DEBUG] 🤖 [MS3-PKG] [DEBUG] 🤖 [MS3-PKG] [DEBUG] 🤖 [MS3-PKG] [DEBUG] 🤖 [MS3-PKG] [DEBUG] 🤖 [MS3-PKG] [DEBUG] 🤖 [MS3-PKG] [DEBUG] 🤖 [MS3-PKG] [DEBUG] 🤖 [MS3-PKG] [DEBUG] 🤖 [MS3-PKG] [DEBUG] 🤖 [MS3-PKG] [DEBUG] 🤖 [MS3-PKG] [DEBUG] 🤖 [MS3-PKG] [DEBUG] 📊 [analyzeJoiSchema] Field multiChainRpcs: type=object, required=false, message=&quot;Multi-chain RPC configuration - maps chain IDs to RPC URL arrays&quot;
🤖 [MS3-PKG] [INFO] 🤖 [MS3-PKG] [INFO] 🤖 [MS3-PKG] [INFO] 🤖 [MS3-PKG] [INFO] 🤖 [MS3-PKG] [INFO] 🤖 [MS3-PKG] [INFO] 🤖 [MS3-PKG] [INFO] 🤖 [MS3-PKG] [INFO] 🤖 [MS3-PKG] [INFO] 🤖 [MS3-PKG] [INFO] 🤖 [MS3-PKG] [INFO] 🤖 [MS3-PKG] [INFO] 🤖 [MS3-PKG] [INFO] 🤖 [MS3-PKG] [INFO] 📊 [analyzeJoiSchema] Generated 14 requirements for options
🤖 [MS3-PKG] [DEBUG] 🤖 [MS3-PKG] [DEBUG] 🤖 [MS3-PKG] [DEBUG] 🤖 [MS3-PKG] [DEBUG] 🤖 [MS3-PKG] [DEBUG] 🤖 [MS3-PKG] [DEBUG] 🤖 [MS3-PKG] [DEBUG] 🤖 [MS3-PKG] [DEBUG] 🤖 [MS3-PKG] [DEBUG] 🤖 [MS3-PKG] [DEBUG] 🤖 [MS3-PKG] [DEBUG] 🤖 [MS3-PKG] [DEBUG] 🤖 [MS3-PKG] [DEBUG] 🤖 [MS3-PKG] [DEBUG] 🔍 [getRequirements] Starting analysis for bulk-test-83
🤖 [MS3-PKG] [DEBUG] 🤖 [MS3-PKG] [DEBUG] 🤖 [MS3-PKG] [DEBUG] 🤖 [MS3-PKG] [DEBUG] 🤖 [MS3-PKG] [DEBUG] 🤖 [MS3-PKG] [DEBUG] 🤖 [MS3-PKG] [DEBUG] 🤖 [MS3-PKG] [DEBUG] 🤖 [MS3-PKG] [DEBUG] 🤖 [MS3-PKG] [DEBUG] 🤖 [MS3-PKG] [DEBUG] 🤖 [MS3-PKG] [DEBUG] 🤖 [MS3-PKG] [DEBUG] 🤖 [MS3-PKG] [DEBUG] 🔬 [analyzeJoiSchema] Analyzing schema at path: options
🤖 [MS3-PKG] [DEBUG] 🤖 [MS3-PKG] [DEBUG] 🤖 [MS3-PKG] [DEBUG] 🤖 [MS3-PKG] [DEBUG] 🤖 [MS3-PKG] [DEBUG] 🤖 [MS3-PKG] [DEBUG] 🤖 [MS3-PKG] [DEBUG] 🤖 [MS3-PKG] [DEBUG] 🤖 [MS3-PKG] [DEBUG] 🤖 [MS3-PKG] [DEBUG] 🤖 [MS3-PKG] [DEBUG] 🤖 [MS3-PKG] [DEBUG] 🤖 [MS3-PKG] [DEBUG] 🤖 [MS3-PKG] [DEBUG] 📋 [analyzeJoiSchema] Schema description type: object
🤖 [MS3-PKG] [DEBUG] 🤖 [MS3-PKG] [DEBUG] 🤖 [MS3-PKG] [DEBUG] 🤖 [MS3-PKG] [DEBUG] 🤖 [MS3-PKG] [DEBUG] 🤖 [MS3-PKG] [DEBUG] 🤖 [MS3-PKG] [DEBUG] 🤖 [MS3-PKG] [DEBUG] 🤖 [MS3-PKG] [DEBUG] 🤖 [MS3-PKG] [DEBUG] 🤖 [MS3-PKG] [DEBUG] 🤖 [MS3-PKG] [DEBUG] 🤖 [MS3-PKG] [DEBUG] 🤖 [MS3-PKG] [DEBUG] 📋 [analyzeJoiSchema] Schema keys: [ [32m&apos;privateKey&apos;[39m, [32m&apos;provider&apos;[39m, [32m&apos;multiChainRpcs&apos;[39m ]
🤖 [MS3-PKG] [DEBUG] 🤖 [MS3-PKG] [DEBUG] 🤖 [MS3-PKG] [DEBUG] 🤖 [MS3-PKG] [DEBUG] 🤖 [MS3-PKG] [DEBUG] 🤖 [MS3-PKG] [DEBUG] 🤖 [MS3-PKG] [DEBUG] 🤖 [MS3-PKG] [DEBUG] 🤖 [MS3-PKG] [DEBUG] 🤖 [MS3-PKG] [DEBUG] 🤖 [MS3-PKG] [DEBUG] 🤖 [MS3-PKG] [DEBUG] 🤖 [MS3-PKG] [DEBUG] 🤖 [MS3-PKG] [DEBUG] ✅ [analyzeJoiSchema] Processing object schema with 3 keys
🤖 [MS3-PKG] [DEBUG] 🤖 [MS3-PKG] [DEBUG] 🤖 [MS3-PKG] [DEBUG] 🤖 [MS3-PKG] [DEBUG] 🤖 [MS3-PKG] [DEBUG] 🤖 [MS3-PKG] [DEBUG] 🤖 [MS3-PKG] [DEBUG] 🤖 [MS3-PKG] [DEBUG] 🤖 [MS3-PKG] [DEBUG] 🤖 [MS3-PKG] [DEBUG] 🤖 [MS3-PKG] [DEBUG] 🤖 [MS3-PKG] [DEBUG] 🤖 [MS3-PKG] [DEBUG] 🤖 [MS3-PKG] [DEBUG] 🔑 [analyzeJoiSchema] Processing field: privateKey
🤖 [MS3-PKG] [DEBUG] 🤖 [MS3-PKG] [DEBUG] 🤖 [MS3-PKG] [DEBUG] 🤖 [MS3-PKG] [DEBUG] 🤖 [MS3-PKG] [DEBUG] 🤖 [MS3-PKG] [DEBUG] 🤖 [MS3-PKG] [DEBUG] 🤖 [MS3-PKG] [DEBUG] 🤖 [MS3-PKG] [DEBUG] 🤖 [MS3-PKG] [DEBUG] 🤖 [MS3-PKG] [DEBUG] 🤖 [MS3-PKG] [DEBUG] 🤖 [MS3-PKG] [DEBUG] 🤖 [MS3-PKG] [DEBUG] 📝 [analyzeJoiSchema] Field description: {
  type: [32m&apos;string&apos;[39m,
  flags: {
    presence: [32m&apos;required&apos;[39m,
    description: [32m&apos;Private key for wallet (generates random if not provided)&apos;[39m
  },
  rules: [ { name: [32m&apos;pattern&apos;[39m, args: [36m[Object][39m } ]
}
🤖 [MS3-PKG] [DEBUG] 🤖 [MS3-PKG] [DEBUG] 🤖 [MS3-PKG] [DEBUG] 🤖 [MS3-PKG] [DEBUG] 🤖 [MS3-PKG] [DEBUG] 🤖 [MS3-PKG] [DEBUG] 🤖 [MS3-PKG] [DEBUG] 🤖 [MS3-PKG] [DEBUG] 🤖 [MS3-PKG] [DEBUG] 🤖 [MS3-PKG] [DEBUG] 🤖 [MS3-PKG] [DEBUG] 🤖 [MS3-PKG] [DEBUG] 🤖 [MS3-PKG] [DEBUG] 🤖 [MS3-PKG] [DEBUG] 📊 [analyzeJoiSchema] Field privateKey: type=string, required=true, message=&quot;Private key for wallet (generates random if not provided)&quot;
🤖 [MS3-PKG] [DEBUG] 🤖 [MS3-PKG] [DEBUG] 🤖 [MS3-PKG] [DEBUG] 🤖 [MS3-PKG] [DEBUG] 🤖 [MS3-PKG] [DEBUG] 🤖 [MS3-PKG] [DEBUG] 🤖 [MS3-PKG] [DEBUG] 🤖 [MS3-PKG] [DEBUG] 🤖 [MS3-PKG] [DEBUG] 🤖 [MS3-PKG] [DEBUG] 🤖 [MS3-PKG] [DEBUG] 🤖 [MS3-PKG] [DEBUG] 🤖 [MS3-PKG] [DEBUG] 🤖 [MS3-PKG] [DEBUG] 🔑 [analyzeJoiSchema] Processing field: provider
🤖 [MS3-PKG] [DEBUG] 🤖 [MS3-PKG] [DEBUG] 🤖 [MS3-PKG] [DEBUG] 🤖 [MS3-PKG] [DEBUG] 🤖 [MS3-PKG] [DEBUG] 🤖 [MS3-PKG] [DEBUG] 🤖 [MS3-PKG] [DEBUG] 🤖 [MS3-PKG] [DEBUG] 🤖 [MS3-PKG] [DEBUG] 🤖 [MS3-PKG] [DEBUG] 🤖 [MS3-PKG] [DEBUG] 🤖 [MS3-PKG] [DEBUG] 🤖 [MS3-PKG] [DEBUG] 🤖 [MS3-PKG] [DEBUG] 📝 [analyzeJoiSchema] Field description: {
  type: [32m&apos;object&apos;[39m,
  flags: {
    presence: [32m&apos;optional&apos;[39m,
    description: [32m&apos;Optional provider configuration&apos;[39m
  },
  keys: {
    name: { type: [32m&apos;string&apos;[39m, flags: [36m[Object][39m },
    chainId: { type: [32m&apos;string&apos;[39m, flags: [36m[Object][39m, rules: [36m[Array][39m },
    rpcUrls: { type: [32m&apos;array&apos;[39m, flags: [36m[Object][39m, rules: [36m[Array][39m, items: [36m[Array][39m },
    displayName: { type: [32m&apos;string&apos;[39m, flags: [36m[Object][39m }
  }
}
🤖 [MS3-PKG] [DEBUG] 🤖 [MS3-PKG] [DEBUG] 🤖 [MS3-PKG] [DEBUG] 🤖 [MS3-PKG] [DEBUG] 🤖 [MS3-PKG] [DEBUG] 🤖 [MS3-PKG] [DEBUG] 🤖 [MS3-PKG] [DEBUG] 🤖 [MS3-PKG] [DEBUG] 🤖 [MS3-PKG] [DEBUG] 🤖 [MS3-PKG] [DEBUG] 🤖 [MS3-PKG] [DEBUG] 🤖 [MS3-PKG] [DEBUG] 🤖 [MS3-PKG] [DEBUG] 🤖 [MS3-PKG] [DEBUG] 📊 [analyzeJoiSchema] Field provider: type=object, required=false, message=&quot;Optional provider configuration&quot;
🤖 [MS3-PKG] [DEBUG] 🤖 [MS3-PKG] [DEBUG] 🤖 [MS3-PKG] [DEBUG] 🤖 [MS3-PKG] [DEBUG] 🤖 [MS3-PKG] [DEBUG] 🤖 [MS3-PKG] [DEBUG] 🤖 [MS3-PKG] [DEBUG] 🤖 [MS3-PKG] [DEBUG] 🤖 [MS3-PKG] [DEBUG] 🤖 [MS3-PKG] [DEBUG] 🤖 [MS3-PKG] [DEBUG] 🤖 [MS3-PKG] [DEBUG] 🤖 [MS3-PKG] [DEBUG] 🤖 [MS3-PKG] [DEBUG] 🔄 [analyzeJoiSchema] Recursing into nested object: provider
🤖 [MS3-PKG] [DEBUG] 🤖 [MS3-PKG] [DEBUG] 🤖 [MS3-PKG] [DEBUG] 🤖 [MS3-PKG] [DEBUG] 🤖 [MS3-PKG] [DEBUG] 🤖 [MS3-PKG] [DEBUG] 🤖 [MS3-PKG] [DEBUG] 🤖 [MS3-PKG] [DEBUG] 🤖 [MS3-PKG] [DEBUG] 🤖 [MS3-PKG] [DEBUG] 🤖 [MS3-PKG] [DEBUG] 🤖 [MS3-PKG] [DEBUG] 🤖 [MS3-PKG] [DEBUG] 🤖 [MS3-PKG] [DEBUG] 🔑 [analyzeJoiSchema] Processing field: multiChainRpcs
🤖 [MS3-PKG] [DEBUG] 🤖 [MS3-PKG] [DEBUG] 🤖 [MS3-PKG] [DEBUG] 🤖 [MS3-PKG] [DEBUG] 🤖 [MS3-PKG] [DEBUG] 🤖 [MS3-PKG] [DEBUG] 🤖 [MS3-PKG] [DEBUG] 🤖 [MS3-PKG] [DEBUG] 🤖 [MS3-PKG] [DEBUG] 🤖 [MS3-PKG] [DEBUG] 🤖 [MS3-PKG] [DEBUG] 🤖 [MS3-PKG] [DEBUG] 🤖 [MS3-PKG] [DEBUG] 🤖 [MS3-PKG] [DEBUG] 📝 [analyzeJoiSchema] Field description: {
  type: [32m&apos;object&apos;[39m,
  flags: {
    presence: [32m&apos;optional&apos;[39m,
    description: [32m&apos;Multi-chain RPC configuration - maps chain IDs to RPC URL arrays&apos;[39m
  },
  patterns: [ { schema: [36m[Object][39m, rule: [36m[Object][39m } ]
}
🤖 [MS3-PKG] [DEBUG] 🤖 [MS3-PKG] [DEBUG] 🤖 [MS3-PKG] [DEBUG] 🤖 [MS3-PKG] [DEBUG] 🤖 [MS3-PKG] [DEBUG] 🤖 [MS3-PKG] [DEBUG] 🤖 [MS3-PKG] [DEBUG] 🤖 [MS3-PKG] [DEBUG] 🤖 [MS3-PKG] [DEBUG] 🤖 [MS3-PKG] [DEBUG] 🤖 [MS3-PKG] [DEBUG] 🤖 [MS3-PKG] [DEBUG] 🤖 [MS3-PKG] [DEBUG] 🤖 [MS3-PKG] [DEBUG] 📊 [analyzeJoiSchema] Field multiChainRpcs: type=object, required=false, message=&quot;Multi-chain RPC configuration - maps chain IDs to RPC URL arrays&quot;
🤖 [MS3-PKG] [INFO] 🤖 [MS3-PKG] [INFO] 🤖 [MS3-PKG] [INFO] 🤖 [MS3-PKG] [INFO] 🤖 [MS3-PKG] [INFO] 🤖 [MS3-PKG] [INFO] 🤖 [MS3-PKG] [INFO] 🤖 [MS3-PKG] [INFO] 🤖 [MS3-PKG] [INFO] 🤖 [MS3-PKG] [INFO] 🤖 [MS3-PKG] [INFO] 🤖 [MS3-PKG] [INFO] 🤖 [MS3-PKG] [INFO] 🤖 [MS3-PKG] [INFO] 📊 [analyzeJoiSchema] Generated 7 requirements for options
🤖 [MS3-PKG] [DEBUG] 🤖 [MS3-PKG] [DEBUG] 🤖 [MS3-PKG] [DEBUG] 🤖 [MS3-PKG] [DEBUG] 🤖 [MS3-PKG] [DEBUG] 🤖 [MS3-PKG] [DEBUG] 🤖 [MS3-PKG] [DEBUG] 🤖 [MS3-PKG] [DEBUG] 🤖 [MS3-PKG] [DEBUG] 🤖 [MS3-PKG] [DEBUG] 🤖 [MS3-PKG] [DEBUG] 🤖 [MS3-PKG] [DEBUG] 🤖 [MS3-PKG] [DEBUG] 🤖 [MS3-PKG] [DEBUG] 🔍 [getRequirements] Starting analysis for bulk-test-83
🤖 [MS3-PKG] [DEBUG] 🤖 [MS3-PKG] [DEBUG] 🤖 [MS3-PKG] [DEBUG] 🤖 [MS3-PKG] [DEBUG] 🤖 [MS3-PKG] [DEBUG] 🤖 [MS3-PKG] [DEBUG] 🤖 [MS3-PKG] [DEBUG] 🤖 [MS3-PKG] [DEBUG] 🤖 [MS3-PKG] [DEBUG] 🤖 [MS3-PKG] [DEBUG] 🤖 [MS3-PKG] [DEBUG] 🤖 [MS3-PKG] [DEBUG] 🤖 [MS3-PKG] [DEBUG] 🤖 [MS3-PKG] [DEBUG] 🔬 [analyzeJoiSchema] Analyzing schema at path: options
🤖 [MS3-PKG] [DEBUG] 🤖 [MS3-PKG] [DEBUG] 🤖 [MS3-PKG] [DEBUG] 🤖 [MS3-PKG] [DEBUG] 🤖 [MS3-PKG] [DEBUG] 🤖 [MS3-PKG] [DEBUG] 🤖 [MS3-PKG] [DEBUG] 🤖 [MS3-PKG] [DEBUG] 🤖 [MS3-PKG] [DEBUG] 🤖 [MS3-PKG] [DEBUG] 🤖 [MS3-PKG] [DEBUG] 🤖 [MS3-PKG] [DEBUG] 🤖 [MS3-PKG] [DEBUG] 🤖 [MS3-PKG] [DEBUG] 📋 [analyzeJoiSchema] Schema description type: object
🤖 [MS3-PKG] [DEBUG] 🤖 [MS3-PKG] [DEBUG] 🤖 [MS3-PKG] [DEBUG] 🤖 [MS3-PKG] [DEBUG] 🤖 [MS3-PKG] [DEBUG] 🤖 [MS3-PKG] [DEBUG] 🤖 [MS3-PKG] [DEBUG] 🤖 [MS3-PKG] [DEBUG] 🤖 [MS3-PKG] [DEBUG] 🤖 [MS3-PKG] [DEBUG] 🤖 [MS3-PKG] [DEBUG] 🤖 [MS3-PKG] [DEBUG] 🤖 [MS3-PKG] [DEBUG] 🤖 [MS3-PKG] [DEBUG] 📋 [analyzeJoiSchema] Schema keys: [ [32m&apos;web3authConfig&apos;[39m, [32m&apos;multiChainRpcs&apos;[39m ]
🤖 [MS3-PKG] [DEBUG] 🤖 [MS3-PKG] [DEBUG] 🤖 [MS3-PKG] [DEBUG] 🤖 [MS3-PKG] [DEBUG] 🤖 [MS3-PKG] [DEBUG] 🤖 [MS3-PKG] [DEBUG] 🤖 [MS3-PKG] [DEBUG] 🤖 [MS3-PKG] [DEBUG] 🤖 [MS3-PKG] [DEBUG] 🤖 [MS3-PKG] [DEBUG] 🤖 [MS3-PKG] [DEBUG] 🤖 [MS3-PKG] [DEBUG] 🤖 [MS3-PKG] [DEBUG] 🤖 [MS3-PKG] [DEBUG] ✅ [analyzeJoiSchema] Processing object schema with 2 keys
🤖 [MS3-PKG] [DEBUG] 🤖 [MS3-PKG] [DEBUG] 🤖 [MS3-PKG] [DEBUG] 🤖 [MS3-PKG] [DEBUG] 🤖 [MS3-PKG] [DEBUG] 🤖 [MS3-PKG] [DEBUG] 🤖 [MS3-PKG] [DEBUG] 🤖 [MS3-PKG] [DEBUG] 🤖 [MS3-PKG] [DEBUG] 🤖 [MS3-PKG] [DEBUG] 🤖 [MS3-PKG] [DEBUG] 🤖 [MS3-PKG] [DEBUG] 🤖 [MS3-PKG] [DEBUG] 🤖 [MS3-PKG] [DEBUG] 🔑 [analyzeJoiSchema] Processing field: web3authConfig
🤖 [MS3-PKG] [DEBUG] 🤖 [MS3-PKG] [DEBUG] 🤖 [MS3-PKG] [DEBUG] 🤖 [MS3-PKG] [DEBUG] 🤖 [MS3-PKG] [DEBUG] 🤖 [MS3-PKG] [DEBUG] 🤖 [MS3-PKG] [DEBUG] 🤖 [MS3-PKG] [DEBUG] 🤖 [MS3-PKG] [DEBUG] 🤖 [MS3-PKG] [DEBUG] 🤖 [MS3-PKG] [DEBUG] 🤖 [MS3-PKG] [DEBUG] 🤖 [MS3-PKG] [DEBUG] 🤖 [MS3-PKG] [DEBUG] 📝 [analyzeJoiSchema] Field description: {
  type: [32m&apos;object&apos;[39m,
  flags: {
    presence: [32m&apos;required&apos;[39m,
    description: [32m&apos;Web3Auth configuration object&apos;[39m
  },
  keys: {
    clientId: { type: [32m&apos;string&apos;[39m, flags: [36m[Object][39m },
    web3AuthNetwork: { type: [32m&apos;string&apos;[39m, flags: [36m[Object][39m, allow: [36m[Array][39m },
    chainConfig: { type: [32m&apos;object&apos;[39m, flags: [36m[Object][39m, keys: [36m[Object][39m },
    loginConfig: { type: [32m&apos;object&apos;[39m, flags: [36m[Object][39m },
    privateKeyProvider: { type: [32m&apos;any&apos;[39m, flags: [36m[Object][39m }
  }
}
🤖 [MS3-PKG] [DEBUG] 🤖 [MS3-PKG] [DEBUG] 🤖 [MS3-PKG] [DEBUG] 🤖 [MS3-PKG] [DEBUG] 🤖 [MS3-PKG] [DEBUG] 🤖 [MS3-PKG] [DEBUG] 🤖 [MS3-PKG] [DEBUG] 🤖 [MS3-PKG] [DEBUG] 🤖 [MS3-PKG] [DEBUG] 🤖 [MS3-PKG] [DEBUG] 🤖 [MS3-PKG] [DEBUG] 🤖 [MS3-PKG] [DEBUG] 🤖 [MS3-PKG] [DEBUG] 🤖 [MS3-PKG] [DEBUG] 📊 [analyzeJoiSchema] Field web3authConfig: type=object, required=true, message=&quot;Web3Auth configuration object&quot;
🤖 [MS3-PKG] [DEBUG] 🤖 [MS3-PKG] [DEBUG] 🤖 [MS3-PKG] [DEBUG] 🤖 [MS3-PKG] [DEBUG] 🤖 [MS3-PKG] [DEBUG] 🤖 [MS3-PKG] [DEBUG] 🤖 [MS3-PKG] [DEBUG] 🤖 [MS3-PKG] [DEBUG] 🤖 [MS3-PKG] [DEBUG] 🤖 [MS3-PKG] [DEBUG] 🤖 [MS3-PKG] [DEBUG] 🤖 [MS3-PKG] [DEBUG] 🤖 [MS3-PKG] [DEBUG] 🤖 [MS3-PKG] [DEBUG] 🔄 [analyzeJoiSchema] Recursing into nested object: web3authConfig
🤖 [MS3-PKG] [DEBUG] 🤖 [MS3-PKG] [DEBUG] 🤖 [MS3-PKG] [DEBUG] 🤖 [MS3-PKG] [DEBUG] 🤖 [MS3-PKG] [DEBUG] 🤖 [MS3-PKG] [DEBUG] 🤖 [MS3-PKG] [DEBUG] 🤖 [MS3-PKG] [DEBUG] 🤖 [MS3-PKG] [DEBUG] 🤖 [MS3-PKG] [DEBUG] 🤖 [MS3-PKG] [DEBUG] 🤖 [MS3-PKG] [DEBUG] 🤖 [MS3-PKG] [DEBUG] 🤖 [MS3-PKG] [DEBUG] 🔑 [analyzeJoiSchema] Processing field: multiChainRpcs
🤖 [MS3-PKG] [DEBUG] 🤖 [MS3-PKG] [DEBUG] 🤖 [MS3-PKG] [DEBUG] 🤖 [MS3-PKG] [DEBUG] 🤖 [MS3-PKG] [DEBUG] 🤖 [MS3-PKG] [DEBUG] 🤖 [MS3-PKG] [DEBUG] 🤖 [MS3-PKG] [DEBUG] 🤖 [MS3-PKG] [DEBUG] 🤖 [MS3-PKG] [DEBUG] 🤖 [MS3-PKG] [DEBUG] 🤖 [MS3-PKG] [DEBUG] 🤖 [MS3-PKG] [DEBUG] 🤖 [MS3-PKG] [DEBUG] 📝 [analyzeJoiSchema] Field description: {
  type: [32m&apos;object&apos;[39m,
  flags: {
    presence: [32m&apos;optional&apos;[39m,
    description: [32m&apos;Multi-chain RPC configuration - maps chain IDs to RPC URL arrays&apos;[39m
  },
  patterns: [ { schema: [36m[Object][39m, rule: [36m[Object][39m } ]
}
🤖 [MS3-PKG] [DEBUG] 🤖 [MS3-PKG] [DEBUG] 🤖 [MS3-PKG] [DEBUG] 🤖 [MS3-PKG] [DEBUG] 🤖 [MS3-PKG] [DEBUG] 🤖 [MS3-PKG] [DEBUG] 🤖 [MS3-PKG] [DEBUG] 🤖 [MS3-PKG] [DEBUG] 🤖 [MS3-PKG] [DEBUG] 🤖 [MS3-PKG] [DEBUG] 🤖 [MS3-PKG] [DEBUG] 🤖 [MS3-PKG] [DEBUG] 🤖 [MS3-PKG] [DEBUG] 🤖 [MS3-PKG] [DEBUG] 📊 [analyzeJoiSchema] Field multiChainRpcs: type=object, required=false, message=&quot;Multi-chain RPC configuration - maps chain IDs to RPC URL arrays&quot;
🤖 [MS3-PKG] [INFO] 🤖 [MS3-PKG] [INFO] 🤖 [MS3-PKG] [INFO] 🤖 [MS3-PKG] [INFO] 🤖 [MS3-PKG] [INFO] 🤖 [MS3-PKG] [INFO] 🤖 [MS3-PKG] [INFO] 🤖 [MS3-PKG] [INFO] 🤖 [MS3-PKG] [INFO] 🤖 [MS3-PKG] [INFO] 🤖 [MS3-PKG] [INFO] 🤖 [MS3-PKG] [INFO] 🤖 [MS3-PKG] [INFO] 🤖 [MS3-PKG] [INFO] 📊 [analyzeJoiSchema] Generated 14 requirements for options
🤖 [MS3-PKG] [DEBUG] 🤖 [MS3-PKG] [DEBUG] 🤖 [MS3-PKG] [DEBUG] 🤖 [MS3-PKG] [DEBUG] 🤖 [MS3-PKG] [DEBUG] 🤖 [MS3-PKG] [DEBUG] 🤖 [MS3-PKG] [DEBUG] 🤖 [MS3-PKG] [DEBUG] 🤖 [MS3-PKG] [DEBUG] 🤖 [MS3-PKG] [DEBUG] 🤖 [MS3-PKG] [DEBUG] 🤖 [MS3-PKG] [DEBUG] 🤖 [MS3-PKG] [DEBUG] 🤖 [MS3-PKG] [DEBUG] 🔍 [getRequirements] Starting analysis for bulk-test-84
🤖 [MS3-PKG] [DEBUG] 🤖 [MS3-PKG] [DEBUG] 🤖 [MS3-PKG] [DEBUG] 🤖 [MS3-PKG] [DEBUG] 🤖 [MS3-PKG] [DEBUG] 🤖 [MS3-PKG] [DEBUG] 🤖 [MS3-PKG] [DEBUG] 🤖 [MS3-PKG] [DEBUG] 🤖 [MS3-PKG] [DEBUG] 🤖 [MS3-PKG] [DEBUG] 🤖 [MS3-PKG] [DEBUG] 🤖 [MS3-PKG] [DEBUG] 🤖 [MS3-PKG] [DEBUG] 🤖 [MS3-PKG] [DEBUG] 🔬 [analyzeJoiSchema] Analyzing schema at path: options
🤖 [MS3-PKG] [DEBUG] 🤖 [MS3-PKG] [DEBUG] 🤖 [MS3-PKG] [DEBUG] 🤖 [MS3-PKG] [DEBUG] 🤖 [MS3-PKG] [DEBUG] 🤖 [MS3-PKG] [DEBUG] 🤖 [MS3-PKG] [DEBUG] 🤖 [MS3-PKG] [DEBUG] 🤖 [MS3-PKG] [DEBUG] 🤖 [MS3-PKG] [DEBUG] 🤖 [MS3-PKG] [DEBUG] 🤖 [MS3-PKG] [DEBUG] 🤖 [MS3-PKG] [DEBUG] 🤖 [MS3-PKG] [DEBUG] 📋 [analyzeJoiSchema] Schema description type: object
🤖 [MS3-PKG] [DEBUG] 🤖 [MS3-PKG] [DEBUG] 🤖 [MS3-PKG] [DEBUG] 🤖 [MS3-PKG] [DEBUG] 🤖 [MS3-PKG] [DEBUG] 🤖 [MS3-PKG] [DEBUG] 🤖 [MS3-PKG] [DEBUG] 🤖 [MS3-PKG] [DEBUG] 🤖 [MS3-PKG] [DEBUG] 🤖 [MS3-PKG] [DEBUG] 🤖 [MS3-PKG] [DEBUG] 🤖 [MS3-PKG] [DEBUG] 🤖 [MS3-PKG] [DEBUG] 🤖 [MS3-PKG] [DEBUG] 📋 [analyzeJoiSchema] Schema keys: [ [32m&apos;privateKey&apos;[39m, [32m&apos;provider&apos;[39m, [32m&apos;multiChainRpcs&apos;[39m ]
🤖 [MS3-PKG] [DEBUG] 🤖 [MS3-PKG] [DEBUG] 🤖 [MS3-PKG] [DEBUG] 🤖 [MS3-PKG] [DEBUG] 🤖 [MS3-PKG] [DEBUG] 🤖 [MS3-PKG] [DEBUG] 🤖 [MS3-PKG] [DEBUG] 🤖 [MS3-PKG] [DEBUG] 🤖 [MS3-PKG] [DEBUG] 🤖 [MS3-PKG] [DEBUG] 🤖 [MS3-PKG] [DEBUG] 🤖 [MS3-PKG] [DEBUG] 🤖 [MS3-PKG] [DEBUG] 🤖 [MS3-PKG] [DEBUG] ✅ [analyzeJoiSchema] Processing object schema with 3 keys
🤖 [MS3-PKG] [DEBUG] 🤖 [MS3-PKG] [DEBUG] 🤖 [MS3-PKG] [DEBUG] 🤖 [MS3-PKG] [DEBUG] 🤖 [MS3-PKG] [DEBUG] 🤖 [MS3-PKG] [DEBUG] 🤖 [MS3-PKG] [DEBUG] 🤖 [MS3-PKG] [DEBUG] 🤖 [MS3-PKG] [DEBUG] 🤖 [MS3-PKG] [DEBUG] 🤖 [MS3-PKG] [DEBUG] 🤖 [MS3-PKG] [DEBUG] 🤖 [MS3-PKG] [DEBUG] 🤖 [MS3-PKG] [DEBUG] 🔑 [analyzeJoiSchema] Processing field: privateKey
🤖 [MS3-PKG] [DEBUG] 🤖 [MS3-PKG] [DEBUG] 🤖 [MS3-PKG] [DEBUG] 🤖 [MS3-PKG] [DEBUG] 🤖 [MS3-PKG] [DEBUG] 🤖 [MS3-PKG] [DEBUG] 🤖 [MS3-PKG] [DEBUG] 🤖 [MS3-PKG] [DEBUG] 🤖 [MS3-PKG] [DEBUG] 🤖 [MS3-PKG] [DEBUG] 🤖 [MS3-PKG] [DEBUG] 🤖 [MS3-PKG] [DEBUG] 🤖 [MS3-PKG] [DEBUG] 🤖 [MS3-PKG] [DEBUG] 📝 [analyzeJoiSchema] Field description: {
  type: [32m&apos;string&apos;[39m,
  flags: {
    presence: [32m&apos;required&apos;[39m,
    description: [32m&apos;Private key for wallet (generates random if not provided)&apos;[39m
  },
  rules: [ { name: [32m&apos;pattern&apos;[39m, args: [36m[Object][39m } ]
}
🤖 [MS3-PKG] [DEBUG] 🤖 [MS3-PKG] [DEBUG] 🤖 [MS3-PKG] [DEBUG] 🤖 [MS3-PKG] [DEBUG] 🤖 [MS3-PKG] [DEBUG] 🤖 [MS3-PKG] [DEBUG] 🤖 [MS3-PKG] [DEBUG] 🤖 [MS3-PKG] [DEBUG] 🤖 [MS3-PKG] [DEBUG] 🤖 [MS3-PKG] [DEBUG] 🤖 [MS3-PKG] [DEBUG] 🤖 [MS3-PKG] [DEBUG] 🤖 [MS3-PKG] [DEBUG] 🤖 [MS3-PKG] [DEBUG] 📊 [analyzeJoiSchema] Field privateKey: type=string, required=true, message=&quot;Private key for wallet (generates random if not provided)&quot;
🤖 [MS3-PKG] [DEBUG] 🤖 [MS3-PKG] [DEBUG] 🤖 [MS3-PKG] [DEBUG] 🤖 [MS3-PKG] [DEBUG] 🤖 [MS3-PKG] [DEBUG] 🤖 [MS3-PKG] [DEBUG] 🤖 [MS3-PKG] [DEBUG] 🤖 [MS3-PKG] [DEBUG] 🤖 [MS3-PKG] [DEBUG] 🤖 [MS3-PKG] [DEBUG] 🤖 [MS3-PKG] [DEBUG] 🤖 [MS3-PKG] [DEBUG] 🤖 [MS3-PKG] [DEBUG] 🤖 [MS3-PKG] [DEBUG] 🔑 [analyzeJoiSchema] Processing field: provider
🤖 [MS3-PKG] [DEBUG] 🤖 [MS3-PKG] [DEBUG] 🤖 [MS3-PKG] [DEBUG] 🤖 [MS3-PKG] [DEBUG] 🤖 [MS3-PKG] [DEBUG] 🤖 [MS3-PKG] [DEBUG] 🤖 [MS3-PKG] [DEBUG] 🤖 [MS3-PKG] [DEBUG] 🤖 [MS3-PKG] [DEBUG] 🤖 [MS3-PKG] [DEBUG] 🤖 [MS3-PKG] [DEBUG] 🤖 [MS3-PKG] [DEBUG] 🤖 [MS3-PKG] [DEBUG] 🤖 [MS3-PKG] [DEBUG] 📝 [analyzeJoiSchema] Field description: {
  type: [32m&apos;object&apos;[39m,
  flags: {
    presence: [32m&apos;optional&apos;[39m,
    description: [32m&apos;Optional provider configuration&apos;[39m
  },
  keys: {
    name: { type: [32m&apos;string&apos;[39m, flags: [36m[Object][39m },
    chainId: { type: [32m&apos;string&apos;[39m, flags: [36m[Object][39m, rules: [36m[Array][39m },
    rpcUrls: { type: [32m&apos;array&apos;[39m, flags: [36m[Object][39m, rules: [36m[Array][39m, items: [36m[Array][39m },
    displayName: { type: [32m&apos;string&apos;[39m, flags: [36m[Object][39m }
  }
}
🤖 [MS3-PKG] [DEBUG] 🤖 [MS3-PKG] [DEBUG] 🤖 [MS3-PKG] [DEBUG] 🤖 [MS3-PKG] [DEBUG] 🤖 [MS3-PKG] [DEBUG] 🤖 [MS3-PKG] [DEBUG] 🤖 [MS3-PKG] [DEBUG] 🤖 [MS3-PKG] [DEBUG] 🤖 [MS3-PKG] [DEBUG] 🤖 [MS3-PKG] [DEBUG] 🤖 [MS3-PKG] [DEBUG] 🤖 [MS3-PKG] [DEBUG] 🤖 [MS3-PKG] [DEBUG] 🤖 [MS3-PKG] [DEBUG] 📊 [analyzeJoiSchema] Field provider: type=object, required=false, message=&quot;Optional provider configuration&quot;
🤖 [MS3-PKG] [DEBUG] 🤖 [MS3-PKG] [DEBUG] 🤖 [MS3-PKG] [DEBUG] 🤖 [MS3-PKG] [DEBUG] 🤖 [MS3-PKG] [DEBUG] 🤖 [MS3-PKG] [DEBUG] 🤖 [MS3-PKG] [DEBUG] 🤖 [MS3-PKG] [DEBUG] 🤖 [MS3-PKG] [DEBUG] 🤖 [MS3-PKG] [DEBUG] 🤖 [MS3-PKG] [DEBUG] 🤖 [MS3-PKG] [DEBUG] 🤖 [MS3-PKG] [DEBUG] 🤖 [MS3-PKG] [DEBUG] 🔄 [analyzeJoiSchema] Recursing into nested object: provider
🤖 [MS3-PKG] [DEBUG] 🤖 [MS3-PKG] [DEBUG] 🤖 [MS3-PKG] [DEBUG] 🤖 [MS3-PKG] [DEBUG] 🤖 [MS3-PKG] [DEBUG] 🤖 [MS3-PKG] [DEBUG] 🤖 [MS3-PKG] [DEBUG] 🤖 [MS3-PKG] [DEBUG] 🤖 [MS3-PKG] [DEBUG] 🤖 [MS3-PKG] [DEBUG] 🤖 [MS3-PKG] [DEBUG] 🤖 [MS3-PKG] [DEBUG] 🤖 [MS3-PKG] [DEBUG] 🤖 [MS3-PKG] [DEBUG] 🔑 [analyzeJoiSchema] Processing field: multiChainRpcs
🤖 [MS3-PKG] [DEBUG] 🤖 [MS3-PKG] [DEBUG] 🤖 [MS3-PKG] [DEBUG] 🤖 [MS3-PKG] [DEBUG] 🤖 [MS3-PKG] [DEBUG] 🤖 [MS3-PKG] [DEBUG] 🤖 [MS3-PKG] [DEBUG] 🤖 [MS3-PKG] [DEBUG] 🤖 [MS3-PKG] [DEBUG] 🤖 [MS3-PKG] [DEBUG] 🤖 [MS3-PKG] [DEBUG] 🤖 [MS3-PKG] [DEBUG] 🤖 [MS3-PKG] [DEBUG] 🤖 [MS3-PKG] [DEBUG] 📝 [analyzeJoiSchema] Field description: {
  type: [32m&apos;object&apos;[39m,
  flags: {
    presence: [32m&apos;optional&apos;[39m,
    description: [32m&apos;Multi-chain RPC configuration - maps chain IDs to RPC URL arrays&apos;[39m
  },
  patterns: [ { schema: [36m[Object][39m, rule: [36m[Object][39m } ]
}
🤖 [MS3-PKG] [DEBUG] 🤖 [MS3-PKG] [DEBUG] 🤖 [MS3-PKG] [DEBUG] 🤖 [MS3-PKG] [DEBUG] 🤖 [MS3-PKG] [DEBUG] 🤖 [MS3-PKG] [DEBUG] 🤖 [MS3-PKG] [DEBUG] 🤖 [MS3-PKG] [DEBUG] 🤖 [MS3-PKG] [DEBUG] 🤖 [MS3-PKG] [DEBUG] 🤖 [MS3-PKG] [DEBUG] 🤖 [MS3-PKG] [DEBUG] 🤖 [MS3-PKG] [DEBUG] 🤖 [MS3-PKG] [DEBUG] 📊 [analyzeJoiSchema] Field multiChainRpcs: type=object, required=false, message=&quot;Multi-chain RPC configuration - maps chain IDs to RPC URL arrays&quot;
🤖 [MS3-PKG] [INFO] 🤖 [MS3-PKG] [INFO] 🤖 [MS3-PKG] [INFO] 🤖 [MS3-PKG] [INFO] 🤖 [MS3-PKG] [INFO] 🤖 [MS3-PKG] [INFO] 🤖 [MS3-PKG] [INFO] 🤖 [MS3-PKG] [INFO] 🤖 [MS3-PKG] [INFO] 🤖 [MS3-PKG] [INFO] 🤖 [MS3-PKG] [INFO] 🤖 [MS3-PKG] [INFO] 🤖 [MS3-PKG] [INFO] 🤖 [MS3-PKG] [INFO] 📊 [analyzeJoiSchema] Generated 7 requirements for options
🤖 [MS3-PKG] [DEBUG] 🤖 [MS3-PKG] [DEBUG] 🤖 [MS3-PKG] [DEBUG] 🤖 [MS3-PKG] [DEBUG] 🤖 [MS3-PKG] [DEBUG] 🤖 [MS3-PKG] [DEBUG] 🤖 [MS3-PKG] [DEBUG] 🤖 [MS3-PKG] [DEBUG] 🤖 [MS3-PKG] [DEBUG] 🤖 [MS3-PKG] [DEBUG] 🤖 [MS3-PKG] [DEBUG] 🤖 [MS3-PKG] [DEBUG] 🤖 [MS3-PKG] [DEBUG] 🤖 [MS3-PKG] [DEBUG] 🔍 [getRequirements] Starting analysis for bulk-test-84
🤖 [MS3-PKG] [DEBUG] 🤖 [MS3-PKG] [DEBUG] 🤖 [MS3-PKG] [DEBUG] 🤖 [MS3-PKG] [DEBUG] 🤖 [MS3-PKG] [DEBUG] 🤖 [MS3-PKG] [DEBUG] 🤖 [MS3-PKG] [DEBUG] 🤖 [MS3-PKG] [DEBUG] 🤖 [MS3-PKG] [DEBUG] 🤖 [MS3-PKG] [DEBUG] 🤖 [MS3-PKG] [DEBUG] 🤖 [MS3-PKG] [DEBUG] 🤖 [MS3-PKG] [DEBUG] 🤖 [MS3-PKG] [DEBUG] 🔬 [analyzeJoiSchema] Analyzing schema at path: options
🤖 [MS3-PKG] [DEBUG] 🤖 [MS3-PKG] [DEBUG] 🤖 [MS3-PKG] [DEBUG] 🤖 [MS3-PKG] [DEBUG] 🤖 [MS3-PKG] [DEBUG] 🤖 [MS3-PKG] [DEBUG] 🤖 [MS3-PKG] [DEBUG] 🤖 [MS3-PKG] [DEBUG] 🤖 [MS3-PKG] [DEBUG] 🤖 [MS3-PKG] [DEBUG] 🤖 [MS3-PKG] [DEBUG] 🤖 [MS3-PKG] [DEBUG] 🤖 [MS3-PKG] [DEBUG] 🤖 [MS3-PKG] [DEBUG] 📋 [analyzeJoiSchema] Schema description type: object
🤖 [MS3-PKG] [DEBUG] 🤖 [MS3-PKG] [DEBUG] 🤖 [MS3-PKG] [DEBUG] 🤖 [MS3-PKG] [DEBUG] 🤖 [MS3-PKG] [DEBUG] 🤖 [MS3-PKG] [DEBUG] 🤖 [MS3-PKG] [DEBUG] 🤖 [MS3-PKG] [DEBUG] 🤖 [MS3-PKG] [DEBUG] 🤖 [MS3-PKG] [DEBUG] 🤖 [MS3-PKG] [DEBUG] 🤖 [MS3-PKG] [DEBUG] 🤖 [MS3-PKG] [DEBUG] 🤖 [MS3-PKG] [DEBUG] 📋 [analyzeJoiSchema] Schema keys: [ [32m&apos;web3authConfig&apos;[39m, [32m&apos;multiChainRpcs&apos;[39m ]
🤖 [MS3-PKG] [DEBUG] 🤖 [MS3-PKG] [DEBUG] 🤖 [MS3-PKG] [DEBUG] 🤖 [MS3-PKG] [DEBUG] 🤖 [MS3-PKG] [DEBUG] 🤖 [MS3-PKG] [DEBUG] 🤖 [MS3-PKG] [DEBUG] 🤖 [MS3-PKG] [DEBUG] 🤖 [MS3-PKG] [DEBUG] 🤖 [MS3-PKG] [DEBUG] 🤖 [MS3-PKG] [DEBUG] 🤖 [MS3-PKG] [DEBUG] 🤖 [MS3-PKG] [DEBUG] 🤖 [MS3-PKG] [DEBUG] ✅ [analyzeJoiSchema] Processing object schema with 2 keys
🤖 [MS3-PKG] [DEBUG] 🤖 [MS3-PKG] [DEBUG] 🤖 [MS3-PKG] [DEBUG] 🤖 [MS3-PKG] [DEBUG] 🤖 [MS3-PKG] [DEBUG] 🤖 [MS3-PKG] [DEBUG] 🤖 [MS3-PKG] [DEBUG] 🤖 [MS3-PKG] [DEBUG] 🤖 [MS3-PKG] [DEBUG] 🤖 [MS3-PKG] [DEBUG] 🤖 [MS3-PKG] [DEBUG] 🤖 [MS3-PKG] [DEBUG] 🤖 [MS3-PKG] [DEBUG] 🤖 [MS3-PKG] [DEBUG] 🔑 [analyzeJoiSchema] Processing field: web3authConfig
🤖 [MS3-PKG] [DEBUG] 🤖 [MS3-PKG] [DEBUG] 🤖 [MS3-PKG] [DEBUG] 🤖 [MS3-PKG] [DEBUG] 🤖 [MS3-PKG] [DEBUG] 🤖 [MS3-PKG] [DEBUG] 🤖 [MS3-PKG] [DEBUG] 🤖 [MS3-PKG] [DEBUG] 🤖 [MS3-PKG] [DEBUG] 🤖 [MS3-PKG] [DEBUG] 🤖 [MS3-PKG] [DEBUG] 🤖 [MS3-PKG] [DEBUG] 🤖 [MS3-PKG] [DEBUG] 🤖 [MS3-PKG] [DEBUG] 📝 [analyzeJoiSchema] Field description: {
  type: [32m&apos;object&apos;[39m,
  flags: {
    presence: [32m&apos;required&apos;[39m,
    description: [32m&apos;Web3Auth configuration object&apos;[39m
  },
  keys: {
    clientId: { type: [32m&apos;string&apos;[39m, flags: [36m[Object][39m },
    web3AuthNetwork: { type: [32m&apos;string&apos;[39m, flags: [36m[Object][39m, allow: [36m[Array][39m },
    chainConfig: { type: [32m&apos;object&apos;[39m, flags: [36m[Object][39m, keys: [36m[Object][39m },
    loginConfig: { type: [32m&apos;object&apos;[39m, flags: [36m[Object][39m },
    privateKeyProvider: { type: [32m&apos;any&apos;[39m, flags: [36m[Object][39m }
  }
}
🤖 [MS3-PKG] [DEBUG] 🤖 [MS3-PKG] [DEBUG] 🤖 [MS3-PKG] [DEBUG] 🤖 [MS3-PKG] [DEBUG] 🤖 [MS3-PKG] [DEBUG] 🤖 [MS3-PKG] [DEBUG] 🤖 [MS3-PKG] [DEBUG] 🤖 [MS3-PKG] [DEBUG] 🤖 [MS3-PKG] [DEBUG] 🤖 [MS3-PKG] [DEBUG] 🤖 [MS3-PKG] [DEBUG] 🤖 [MS3-PKG] [DEBUG] 🤖 [MS3-PKG] [DEBUG] 🤖 [MS3-PKG] [DEBUG] 📊 [analyzeJoiSchema] Field web3authConfig: type=object, required=true, message=&quot;Web3Auth configuration object&quot;
🤖 [MS3-PKG] [DEBUG] 🤖 [MS3-PKG] [DEBUG] 🤖 [MS3-PKG] [DEBUG] 🤖 [MS3-PKG] [DEBUG] 🤖 [MS3-PKG] [DEBUG] 🤖 [MS3-PKG] [DEBUG] 🤖 [MS3-PKG] [DEBUG] 🤖 [MS3-PKG] [DEBUG] 🤖 [MS3-PKG] [DEBUG] 🤖 [MS3-PKG] [DEBUG] 🤖 [MS3-PKG] [DEBUG] 🤖 [MS3-PKG] [DEBUG] 🤖 [MS3-PKG] [DEBUG] 🤖 [MS3-PKG] [DEBUG] 🔄 [analyzeJoiSchema] Recursing into nested object: web3authConfig
🤖 [MS3-PKG] [DEBUG] 🤖 [MS3-PKG] [DEBUG] 🤖 [MS3-PKG] [DEBUG] 🤖 [MS3-PKG] [DEBUG] 🤖 [MS3-PKG] [DEBUG] 🤖 [MS3-PKG] [DEBUG] 🤖 [MS3-PKG] [DEBUG] 🤖 [MS3-PKG] [DEBUG] 🤖 [MS3-PKG] [DEBUG] 🤖 [MS3-PKG] [DEBUG] 🤖 [MS3-PKG] [DEBUG] 🤖 [MS3-PKG] [DEBUG] 🤖 [MS3-PKG] [DEBUG] 🤖 [MS3-PKG] [DEBUG] 🔑 [analyzeJoiSchema] Processing field: multiChainRpcs
🤖 [MS3-PKG] [DEBUG] 🤖 [MS3-PKG] [DEBUG] 🤖 [MS3-PKG] [DEBUG] 🤖 [MS3-PKG] [DEBUG] 🤖 [MS3-PKG] [DEBUG] 🤖 [MS3-PKG] [DEBUG] 🤖 [MS3-PKG] [DEBUG] 🤖 [MS3-PKG] [DEBUG] 🤖 [MS3-PKG] [DEBUG] 🤖 [MS3-PKG] [DEBUG] 🤖 [MS3-PKG] [DEBUG] 🤖 [MS3-PKG] [DEBUG] 🤖 [MS3-PKG] [DEBUG] 🤖 [MS3-PKG] [DEBUG] 📝 [analyzeJoiSchema] Field description: {
  type: [32m&apos;object&apos;[39m,
  flags: {
    presence: [32m&apos;optional&apos;[39m,
    description: [32m&apos;Multi-chain RPC configuration - maps chain IDs to RPC URL arrays&apos;[39m
  },
  patterns: [ { schema: [36m[Object][39m, rule: [36m[Object][39m } ]
}
🤖 [MS3-PKG] [DEBUG] 🤖 [MS3-PKG] [DEBUG] 🤖 [MS3-PKG] [DEBUG] 🤖 [MS3-PKG] [DEBUG] 🤖 [MS3-PKG] [DEBUG] 🤖 [MS3-PKG] [DEBUG] 🤖 [MS3-PKG] [DEBUG] 🤖 [MS3-PKG] [DEBUG] 🤖 [MS3-PKG] [DEBUG] 🤖 [MS3-PKG] [DEBUG] 🤖 [MS3-PKG] [DEBUG] 🤖 [MS3-PKG] [DEBUG] 🤖 [MS3-PKG] [DEBUG] 🤖 [MS3-PKG] [DEBUG] 📊 [analyzeJoiSchema] Field multiChainRpcs: type=object, required=false, message=&quot;Multi-chain RPC configuration - maps chain IDs to RPC URL arrays&quot;
🤖 [MS3-PKG] [INFO] 🤖 [MS3-PKG] [INFO] 🤖 [MS3-PKG] [INFO] 🤖 [MS3-PKG] [INFO] 🤖 [MS3-PKG] [INFO] 🤖 [MS3-PKG] [INFO] 🤖 [MS3-PKG] [INFO] 🤖 [MS3-PKG] [INFO] 🤖 [MS3-PKG] [INFO] 🤖 [MS3-PKG] [INFO] 🤖 [MS3-PKG] [INFO] 🤖 [MS3-PKG] [INFO] 🤖 [MS3-PKG] [INFO] 🤖 [MS3-PKG] [INFO] 📊 [analyzeJoiSchema] Generated 14 requirements for options
🤖 [MS3-PKG] [DEBUG] 🤖 [MS3-PKG] [DEBUG] 🤖 [MS3-PKG] [DEBUG] 🤖 [MS3-PKG] [DEBUG] 🤖 [MS3-PKG] [DEBUG] 🤖 [MS3-PKG] [DEBUG] 🤖 [MS3-PKG] [DEBUG] 🤖 [MS3-PKG] [DEBUG] 🤖 [MS3-PKG] [DEBUG] 🤖 [MS3-PKG] [DEBUG] 🤖 [MS3-PKG] [DEBUG] 🤖 [MS3-PKG] [DEBUG] 🤖 [MS3-PKG] [DEBUG] 🤖 [MS3-PKG] [DEBUG] 🔍 [getRequirements] Starting analysis for bulk-test-85
🤖 [MS3-PKG] [DEBUG] 🤖 [MS3-PKG] [DEBUG] 🤖 [MS3-PKG] [DEBUG] 🤖 [MS3-PKG] [DEBUG] 🤖 [MS3-PKG] [DEBUG] 🤖 [MS3-PKG] [DEBUG] 🤖 [MS3-PKG] [DEBUG] 🤖 [MS3-PKG] [DEBUG] 🤖 [MS3-PKG] [DEBUG] 🤖 [MS3-PKG] [DEBUG] 🤖 [MS3-PKG] [DEBUG] 🤖 [MS3-PKG] [DEBUG] 🤖 [MS3-PKG] [DEBUG] 🤖 [MS3-PKG] [DEBUG] 🔬 [analyzeJoiSchema] Analyzing schema at path: options
🤖 [MS3-PKG] [DEBUG] 🤖 [MS3-PKG] [DEBUG] 🤖 [MS3-PKG] [DEBUG] 🤖 [MS3-PKG] [DEBUG] 🤖 [MS3-PKG] [DEBUG] 🤖 [MS3-PKG] [DEBUG] 🤖 [MS3-PKG] [DEBUG] 🤖 [MS3-PKG] [DEBUG] 🤖 [MS3-PKG] [DEBUG] 🤖 [MS3-PKG] [DEBUG] 🤖 [MS3-PKG] [DEBUG] 🤖 [MS3-PKG] [DEBUG] 🤖 [MS3-PKG] [DEBUG] 🤖 [MS3-PKG] [DEBUG] 📋 [analyzeJoiSchema] Schema description type: object
🤖 [MS3-PKG] [DEBUG] 🤖 [MS3-PKG] [DEBUG] 🤖 [MS3-PKG] [DEBUG] 🤖 [MS3-PKG] [DEBUG] 🤖 [MS3-PKG] [DEBUG] 🤖 [MS3-PKG] [DEBUG] 🤖 [MS3-PKG] [DEBUG] 🤖 [MS3-PKG] [DEBUG] 🤖 [MS3-PKG] [DEBUG] 🤖 [MS3-PKG] [DEBUG] 🤖 [MS3-PKG] [DEBUG] 🤖 [MS3-PKG] [DEBUG] 🤖 [MS3-PKG] [DEBUG] 🤖 [MS3-PKG] [DEBUG] 📋 [analyzeJoiSchema] Schema keys: [ [32m&apos;privateKey&apos;[39m, [32m&apos;provider&apos;[39m, [32m&apos;multiChainRpcs&apos;[39m ]
🤖 [MS3-PKG] [DEBUG] 🤖 [MS3-PKG] [DEBUG] 🤖 [MS3-PKG] [DEBUG] 🤖 [MS3-PKG] [DEBUG] 🤖 [MS3-PKG] [DEBUG] 🤖 [MS3-PKG] [DEBUG] 🤖 [MS3-PKG] [DEBUG] 🤖 [MS3-PKG] [DEBUG] 🤖 [MS3-PKG] [DEBUG] 🤖 [MS3-PKG] [DEBUG] 🤖 [MS3-PKG] [DEBUG] 🤖 [MS3-PKG] [DEBUG] 🤖 [MS3-PKG] [DEBUG] 🤖 [MS3-PKG] [DEBUG] ✅ [analyzeJoiSchema] Processing object schema with 3 keys
🤖 [MS3-PKG] [DEBUG] 🤖 [MS3-PKG] [DEBUG] 🤖 [MS3-PKG] [DEBUG] 🤖 [MS3-PKG] [DEBUG] 🤖 [MS3-PKG] [DEBUG] 🤖 [MS3-PKG] [DEBUG] 🤖 [MS3-PKG] [DEBUG] 🤖 [MS3-PKG] [DEBUG] 🤖 [MS3-PKG] [DEBUG] 🤖 [MS3-PKG] [DEBUG] 🤖 [MS3-PKG] [DEBUG] 🤖 [MS3-PKG] [DEBUG] 🤖 [MS3-PKG] [DEBUG] 🤖 [MS3-PKG] [DEBUG] 🔑 [analyzeJoiSchema] Processing field: privateKey
🤖 [MS3-PKG] [DEBUG] 🤖 [MS3-PKG] [DEBUG] 🤖 [MS3-PKG] [DEBUG] 🤖 [MS3-PKG] [DEBUG] 🤖 [MS3-PKG] [DEBUG] 🤖 [MS3-PKG] [DEBUG] 🤖 [MS3-PKG] [DEBUG] 🤖 [MS3-PKG] [DEBUG] 🤖 [MS3-PKG] [DEBUG] 🤖 [MS3-PKG] [DEBUG] 🤖 [MS3-PKG] [DEBUG] 🤖 [MS3-PKG] [DEBUG] 🤖 [MS3-PKG] [DEBUG] 🤖 [MS3-PKG] [DEBUG] 📝 [analyzeJoiSchema] Field description: {
  type: [32m&apos;string&apos;[39m,
  flags: {
    presence: [32m&apos;required&apos;[39m,
    description: [32m&apos;Private key for wallet (generates random if not provided)&apos;[39m
  },
  rules: [ { name: [32m&apos;pattern&apos;[39m, args: [36m[Object][39m } ]
}
🤖 [MS3-PKG] [DEBUG] 🤖 [MS3-PKG] [DEBUG] 🤖 [MS3-PKG] [DEBUG] 🤖 [MS3-PKG] [DEBUG] 🤖 [MS3-PKG] [DEBUG] 🤖 [MS3-PKG] [DEBUG] 🤖 [MS3-PKG] [DEBUG] 🤖 [MS3-PKG] [DEBUG] 🤖 [MS3-PKG] [DEBUG] 🤖 [MS3-PKG] [DEBUG] 🤖 [MS3-PKG] [DEBUG] 🤖 [MS3-PKG] [DEBUG] 🤖 [MS3-PKG] [DEBUG] 🤖 [MS3-PKG] [DEBUG] 📊 [analyzeJoiSchema] Field privateKey: type=string, required=true, message=&quot;Private key for wallet (generates random if not provided)&quot;
🤖 [MS3-PKG] [DEBUG] 🤖 [MS3-PKG] [DEBUG] 🤖 [MS3-PKG] [DEBUG] 🤖 [MS3-PKG] [DEBUG] 🤖 [MS3-PKG] [DEBUG] 🤖 [MS3-PKG] [DEBUG] 🤖 [MS3-PKG] [DEBUG] 🤖 [MS3-PKG] [DEBUG] 🤖 [MS3-PKG] [DEBUG] 🤖 [MS3-PKG] [DEBUG] 🤖 [MS3-PKG] [DEBUG] 🤖 [MS3-PKG] [DEBUG] 🤖 [MS3-PKG] [DEBUG] 🤖 [MS3-PKG] [DEBUG] 🔑 [analyzeJoiSchema] Processing field: provider
🤖 [MS3-PKG] [DEBUG] 🤖 [MS3-PKG] [DEBUG] 🤖 [MS3-PKG] [DEBUG] 🤖 [MS3-PKG] [DEBUG] 🤖 [MS3-PKG] [DEBUG] 🤖 [MS3-PKG] [DEBUG] 🤖 [MS3-PKG] [DEBUG] 🤖 [MS3-PKG] [DEBUG] 🤖 [MS3-PKG] [DEBUG] 🤖 [MS3-PKG] [DEBUG] 🤖 [MS3-PKG] [DEBUG] 🤖 [MS3-PKG] [DEBUG] 🤖 [MS3-PKG] [DEBUG] 🤖 [MS3-PKG] [DEBUG] 📝 [analyzeJoiSchema] Field description: {
  type: [32m&apos;object&apos;[39m,
  flags: {
    presence: [32m&apos;optional&apos;[39m,
    description: [32m&apos;Optional provider configuration&apos;[39m
  },
  keys: {
    name: { type: [32m&apos;string&apos;[39m, flags: [36m[Object][39m },
    chainId: { type: [32m&apos;string&apos;[39m, flags: [36m[Object][39m, rules: [36m[Array][39m },
    rpcUrls: { type: [32m&apos;array&apos;[39m, flags: [36m[Object][39m, rules: [36m[Array][39m, items: [36m[Array][39m },
    displayName: { type: [32m&apos;string&apos;[39m, flags: [36m[Object][39m }
  }
}
🤖 [MS3-PKG] [DEBUG] 🤖 [MS3-PKG] [DEBUG] 🤖 [MS3-PKG] [DEBUG] 🤖 [MS3-PKG] [DEBUG] 🤖 [MS3-PKG] [DEBUG] 🤖 [MS3-PKG] [DEBUG] 🤖 [MS3-PKG] [DEBUG] 🤖 [MS3-PKG] [DEBUG] 🤖 [MS3-PKG] [DEBUG] 🤖 [MS3-PKG] [DEBUG] 🤖 [MS3-PKG] [DEBUG] 🤖 [MS3-PKG] [DEBUG] 🤖 [MS3-PKG] [DEBUG] 🤖 [MS3-PKG] [DEBUG] 📊 [analyzeJoiSchema] Field provider: type=object, required=false, message=&quot;Optional provider configuration&quot;
🤖 [MS3-PKG] [DEBUG] 🤖 [MS3-PKG] [DEBUG] 🤖 [MS3-PKG] [DEBUG] 🤖 [MS3-PKG] [DEBUG] 🤖 [MS3-PKG] [DEBUG] 🤖 [MS3-PKG] [DEBUG] 🤖 [MS3-PKG] [DEBUG] 🤖 [MS3-PKG] [DEBUG] 🤖 [MS3-PKG] [DEBUG] 🤖 [MS3-PKG] [DEBUG] 🤖 [MS3-PKG] [DEBUG] 🤖 [MS3-PKG] [DEBUG] 🤖 [MS3-PKG] [DEBUG] 🤖 [MS3-PKG] [DEBUG] 🔄 [analyzeJoiSchema] Recursing into nested object: provider
🤖 [MS3-PKG] [DEBUG] 🤖 [MS3-PKG] [DEBUG] 🤖 [MS3-PKG] [DEBUG] 🤖 [MS3-PKG] [DEBUG] 🤖 [MS3-PKG] [DEBUG] 🤖 [MS3-PKG] [DEBUG] 🤖 [MS3-PKG] [DEBUG] 🤖 [MS3-PKG] [DEBUG] 🤖 [MS3-PKG] [DEBUG] 🤖 [MS3-PKG] [DEBUG] 🤖 [MS3-PKG] [DEBUG] 🤖 [MS3-PKG] [DEBUG] 🤖 [MS3-PKG] [DEBUG] 🤖 [MS3-PKG] [DEBUG] 🔑 [analyzeJoiSchema] Processing field: multiChainRpcs
🤖 [MS3-PKG] [DEBUG] 🤖 [MS3-PKG] [DEBUG] 🤖 [MS3-PKG] [DEBUG] 🤖 [MS3-PKG] [DEBUG] 🤖 [MS3-PKG] [DEBUG] 🤖 [MS3-PKG] [DEBUG] 🤖 [MS3-PKG] [DEBUG] 🤖 [MS3-PKG] [DEBUG] 🤖 [MS3-PKG] [DEBUG] 🤖 [MS3-PKG] [DEBUG] 🤖 [MS3-PKG] [DEBUG] 🤖 [MS3-PKG] [DEBUG] 🤖 [MS3-PKG] [DEBUG] 🤖 [MS3-PKG] [DEBUG] 📝 [analyzeJoiSchema] Field description: {
  type: [32m&apos;object&apos;[39m,
  flags: {
    presence: [32m&apos;optional&apos;[39m,
    description: [32m&apos;Multi-chain RPC configuration - maps chain IDs to RPC URL arrays&apos;[39m
  },
  patterns: [ { schema: [36m[Object][39m, rule: [36m[Object][39m } ]
}
🤖 [MS3-PKG] [DEBUG] 🤖 [MS3-PKG] [DEBUG] 🤖 [MS3-PKG] [DEBUG] 🤖 [MS3-PKG] [DEBUG] 🤖 [MS3-PKG] [DEBUG] 🤖 [MS3-PKG] [DEBUG] 🤖 [MS3-PKG] [DEBUG] 🤖 [MS3-PKG] [DEBUG] 🤖 [MS3-PKG] [DEBUG] 🤖 [MS3-PKG] [DEBUG] 🤖 [MS3-PKG] [DEBUG] 🤖 [MS3-PKG] [DEBUG] 🤖 [MS3-PKG] [DEBUG] 🤖 [MS3-PKG] [DEBUG] 📊 [analyzeJoiSchema] Field multiChainRpcs: type=object, required=false, message=&quot;Multi-chain RPC configuration - maps chain IDs to RPC URL arrays&quot;
🤖 [MS3-PKG] [INFO] 🤖 [MS3-PKG] [INFO] 🤖 [MS3-PKG] [INFO] 🤖 [MS3-PKG] [INFO] 🤖 [MS3-PKG] [INFO] 🤖 [MS3-PKG] [INFO] 🤖 [MS3-PKG] [INFO] 🤖 [MS3-PKG] [INFO] 🤖 [MS3-PKG] [INFO] 🤖 [MS3-PKG] [INFO] 🤖 [MS3-PKG] [INFO] 🤖 [MS3-PKG] [INFO] 🤖 [MS3-PKG] [INFO] 🤖 [MS3-PKG] [INFO] 📊 [analyzeJoiSchema] Generated 7 requirements for options
🤖 [MS3-PKG] [DEBUG] 🤖 [MS3-PKG] [DEBUG] 🤖 [MS3-PKG] [DEBUG] 🤖 [MS3-PKG] [DEBUG] 🤖 [MS3-PKG] [DEBUG] 🤖 [MS3-PKG] [DEBUG] 🤖 [MS3-PKG] [DEBUG] 🤖 [MS3-PKG] [DEBUG] 🤖 [MS3-PKG] [DEBUG] 🤖 [MS3-PKG] [DEBUG] 🤖 [MS3-PKG] [DEBUG] 🤖 [MS3-PKG] [DEBUG] 🤖 [MS3-PKG] [DEBUG] 🤖 [MS3-PKG] [DEBUG] 🔍 [getRequirements] Starting analysis for bulk-test-85
🤖 [MS3-PKG] [DEBUG] 🤖 [MS3-PKG] [DEBUG] 🤖 [MS3-PKG] [DEBUG] 🤖 [MS3-PKG] [DEBUG] 🤖 [MS3-PKG] [DEBUG] 🤖 [MS3-PKG] [DEBUG] 🤖 [MS3-PKG] [DEBUG] 🤖 [MS3-PKG] [DEBUG] 🤖 [MS3-PKG] [DEBUG] 🤖 [MS3-PKG] [DEBUG] 🤖 [MS3-PKG] [DEBUG] 🤖 [MS3-PKG] [DEBUG] 🤖 [MS3-PKG] [DEBUG] 🤖 [MS3-PKG] [DEBUG] 🔬 [analyzeJoiSchema] Analyzing schema at path: options
🤖 [MS3-PKG] [DEBUG] 🤖 [MS3-PKG] [DEBUG] 🤖 [MS3-PKG] [DEBUG] 🤖 [MS3-PKG] [DEBUG] 🤖 [MS3-PKG] [DEBUG] 🤖 [MS3-PKG] [DEBUG] 🤖 [MS3-PKG] [DEBUG] 🤖 [MS3-PKG] [DEBUG] 🤖 [MS3-PKG] [DEBUG] 🤖 [MS3-PKG] [DEBUG] 🤖 [MS3-PKG] [DEBUG] 🤖 [MS3-PKG] [DEBUG] 🤖 [MS3-PKG] [DEBUG] 🤖 [MS3-PKG] [DEBUG] 📋 [analyzeJoiSchema] Schema description type: object
🤖 [MS3-PKG] [DEBUG] 🤖 [MS3-PKG] [DEBUG] 🤖 [MS3-PKG] [DEBUG] 🤖 [MS3-PKG] [DEBUG] 🤖 [MS3-PKG] [DEBUG] 🤖 [MS3-PKG] [DEBUG] 🤖 [MS3-PKG] [DEBUG] 🤖 [MS3-PKG] [DEBUG] 🤖 [MS3-PKG] [DEBUG] 🤖 [MS3-PKG] [DEBUG] 🤖 [MS3-PKG] [DEBUG] 🤖 [MS3-PKG] [DEBUG] 🤖 [MS3-PKG] [DEBUG] 🤖 [MS3-PKG] [DEBUG] 📋 [analyzeJoiSchema] Schema keys: [ [32m&apos;web3authConfig&apos;[39m, [32m&apos;multiChainRpcs&apos;[39m ]
🤖 [MS3-PKG] [DEBUG] 🤖 [MS3-PKG] [DEBUG] 🤖 [MS3-PKG] [DEBUG] 🤖 [MS3-PKG] [DEBUG] 🤖 [MS3-PKG] [DEBUG] 🤖 [MS3-PKG] [DEBUG] 🤖 [MS3-PKG] [DEBUG] 🤖 [MS3-PKG] [DEBUG] 🤖 [MS3-PKG] [DEBUG] 🤖 [MS3-PKG] [DEBUG] 🤖 [MS3-PKG] [DEBUG] 🤖 [MS3-PKG] [DEBUG] 🤖 [MS3-PKG] [DEBUG] 🤖 [MS3-PKG] [DEBUG] ✅ [analyzeJoiSchema] Processing object schema with 2 keys
🤖 [MS3-PKG] [DEBUG] 🤖 [MS3-PKG] [DEBUG] 🤖 [MS3-PKG] [DEBUG] 🤖 [MS3-PKG] [DEBUG] 🤖 [MS3-PKG] [DEBUG] 🤖 [MS3-PKG] [DEBUG] 🤖 [MS3-PKG] [DEBUG] 🤖 [MS3-PKG] [DEBUG] 🤖 [MS3-PKG] [DEBUG] 🤖 [MS3-PKG] [DEBUG] 🤖 [MS3-PKG] [DEBUG] 🤖 [MS3-PKG] [DEBUG] 🤖 [MS3-PKG] [DEBUG] 🤖 [MS3-PKG] [DEBUG] 🔑 [analyzeJoiSchema] Processing field: web3authConfig
🤖 [MS3-PKG] [DEBUG] 🤖 [MS3-PKG] [DEBUG] 🤖 [MS3-PKG] [DEBUG] 🤖 [MS3-PKG] [DEBUG] 🤖 [MS3-PKG] [DEBUG] 🤖 [MS3-PKG] [DEBUG] 🤖 [MS3-PKG] [DEBUG] 🤖 [MS3-PKG] [DEBUG] 🤖 [MS3-PKG] [DEBUG] 🤖 [MS3-PKG] [DEBUG] 🤖 [MS3-PKG] [DEBUG] 🤖 [MS3-PKG] [DEBUG] 🤖 [MS3-PKG] [DEBUG] 🤖 [MS3-PKG] [DEBUG] 📝 [analyzeJoiSchema] Field description: {
  type: [32m&apos;object&apos;[39m,
  flags: {
    presence: [32m&apos;required&apos;[39m,
    description: [32m&apos;Web3Auth configuration object&apos;[39m
  },
  keys: {
    clientId: { type: [32m&apos;string&apos;[39m, flags: [36m[Object][39m },
    web3AuthNetwork: { type: [32m&apos;string&apos;[39m, flags: [36m[Object][39m, allow: [36m[Array][39m },
    chainConfig: { type: [32m&apos;object&apos;[39m, flags: [36m[Object][39m, keys: [36m[Object][39m },
    loginConfig: { type: [32m&apos;object&apos;[39m, flags: [36m[Object][39m },
    privateKeyProvider: { type: [32m&apos;any&apos;[39m, flags: [36m[Object][39m }
  }
}
🤖 [MS3-PKG] [DEBUG] 🤖 [MS3-PKG] [DEBUG] 🤖 [MS3-PKG] [DEBUG] 🤖 [MS3-PKG] [DEBUG] 🤖 [MS3-PKG] [DEBUG] 🤖 [MS3-PKG] [DEBUG] 🤖 [MS3-PKG] [DEBUG] 🤖 [MS3-PKG] [DEBUG] 🤖 [MS3-PKG] [DEBUG] 🤖 [MS3-PKG] [DEBUG] 🤖 [MS3-PKG] [DEBUG] 🤖 [MS3-PKG] [DEBUG] 🤖 [MS3-PKG] [DEBUG] 🤖 [MS3-PKG] [DEBUG] 📊 [analyzeJoiSchema] Field web3authConfig: type=object, required=true, message=&quot;Web3Auth configuration object&quot;
🤖 [MS3-PKG] [DEBUG] 🤖 [MS3-PKG] [DEBUG] 🤖 [MS3-PKG] [DEBUG] 🤖 [MS3-PKG] [DEBUG] 🤖 [MS3-PKG] [DEBUG] 🤖 [MS3-PKG] [DEBUG] 🤖 [MS3-PKG] [DEBUG] 🤖 [MS3-PKG] [DEBUG] 🤖 [MS3-PKG] [DEBUG] 🤖 [MS3-PKG] [DEBUG] 🤖 [MS3-PKG] [DEBUG] 🤖 [MS3-PKG] [DEBUG] 🤖 [MS3-PKG] [DEBUG] 🤖 [MS3-PKG] [DEBUG] 🔄 [analyzeJoiSchema] Recursing into nested object: web3authConfig
🤖 [MS3-PKG] [DEBUG] 🤖 [MS3-PKG] [DEBUG] 🤖 [MS3-PKG] [DEBUG] 🤖 [MS3-PKG] [DEBUG] 🤖 [MS3-PKG] [DEBUG] 🤖 [MS3-PKG] [DEBUG] 🤖 [MS3-PKG] [DEBUG] 🤖 [MS3-PKG] [DEBUG] 🤖 [MS3-PKG] [DEBUG] 🤖 [MS3-PKG] [DEBUG] 🤖 [MS3-PKG] [DEBUG] 🤖 [MS3-PKG] [DEBUG] 🤖 [MS3-PKG] [DEBUG] 🤖 [MS3-PKG] [DEBUG] 🔑 [analyzeJoiSchema] Processing field: multiChainRpcs
🤖 [MS3-PKG] [DEBUG] 🤖 [MS3-PKG] [DEBUG] 🤖 [MS3-PKG] [DEBUG] 🤖 [MS3-PKG] [DEBUG] 🤖 [MS3-PKG] [DEBUG] 🤖 [MS3-PKG] [DEBUG] 🤖 [MS3-PKG] [DEBUG] 🤖 [MS3-PKG] [DEBUG] 🤖 [MS3-PKG] [DEBUG] 🤖 [MS3-PKG] [DEBUG] 🤖 [MS3-PKG] [DEBUG] 🤖 [MS3-PKG] [DEBUG] 🤖 [MS3-PKG] [DEBUG] 🤖 [MS3-PKG] [DEBUG] 📝 [analyzeJoiSchema] Field description: {
  type: [32m&apos;object&apos;[39m,
  flags: {
    presence: [32m&apos;optional&apos;[39m,
    description: [32m&apos;Multi-chain RPC configuration - maps chain IDs to RPC URL arrays&apos;[39m
  },
  patterns: [ { schema: [36m[Object][39m, rule: [36m[Object][39m } ]
}
🤖 [MS3-PKG] [DEBUG] 🤖 [MS3-PKG] [DEBUG] 🤖 [MS3-PKG] [DEBUG] 🤖 [MS3-PKG] [DEBUG] 🤖 [MS3-PKG] [DEBUG] 🤖 [MS3-PKG] [DEBUG] 🤖 [MS3-PKG] [DEBUG] 🤖 [MS3-PKG] [DEBUG] 🤖 [MS3-PKG] [DEBUG] 🤖 [MS3-PKG] [DEBUG] 🤖 [MS3-PKG] [DEBUG] 🤖 [MS3-PKG] [DEBUG] 🤖 [MS3-PKG] [DEBUG] 🤖 [MS3-PKG] [DEBUG] 📊 [analyzeJoiSchema] Field multiChainRpcs: type=object, required=false, message=&quot;Multi-chain RPC configuration - maps chain IDs to RPC URL arrays&quot;
🤖 [MS3-PKG] [INFO] 🤖 [MS3-PKG] [INFO] 🤖 [MS3-PKG] [INFO] 🤖 [MS3-PKG] [INFO] 🤖 [MS3-PKG] [INFO] 🤖 [MS3-PKG] [INFO] 🤖 [MS3-PKG] [INFO] 🤖 [MS3-PKG] [INFO] 🤖 [MS3-PKG] [INFO] 🤖 [MS3-PKG] [INFO] 🤖 [MS3-PKG] [INFO] 🤖 [MS3-PKG] [INFO] 🤖 [MS3-PKG] [INFO] 🤖 [MS3-PKG] [INFO] 📊 [analyzeJoiSchema] Generated 14 requirements for options
🤖 [MS3-PKG] [DEBUG] 🤖 [MS3-PKG] [DEBUG] 🤖 [MS3-PKG] [DEBUG] 🤖 [MS3-PKG] [DEBUG] 🤖 [MS3-PKG] [DEBUG] 🤖 [MS3-PKG] [DEBUG] 🤖 [MS3-PKG] [DEBUG] 🤖 [MS3-PKG] [DEBUG] 🤖 [MS3-PKG] [DEBUG] 🤖 [MS3-PKG] [DEBUG] 🤖 [MS3-PKG] [DEBUG] 🤖 [MS3-PKG] [DEBUG] 🤖 [MS3-PKG] [DEBUG] 🤖 [MS3-PKG] [DEBUG] 🔍 [getRequirements] Starting analysis for bulk-test-86
🤖 [MS3-PKG] [DEBUG] 🤖 [MS3-PKG] [DEBUG] 🤖 [MS3-PKG] [DEBUG] 🤖 [MS3-PKG] [DEBUG] 🤖 [MS3-PKG] [DEBUG] 🤖 [MS3-PKG] [DEBUG] 🤖 [MS3-PKG] [DEBUG] 🤖 [MS3-PKG] [DEBUG] 🤖 [MS3-PKG] [DEBUG] 🤖 [MS3-PKG] [DEBUG] 🤖 [MS3-PKG] [DEBUG] 🤖 [MS3-PKG] [DEBUG] 🤖 [MS3-PKG] [DEBUG] 🤖 [MS3-PKG] [DEBUG] 🔬 [analyzeJoiSchema] Analyzing schema at path: options
🤖 [MS3-PKG] [DEBUG] 🤖 [MS3-PKG] [DEBUG] 🤖 [MS3-PKG] [DEBUG] 🤖 [MS3-PKG] [DEBUG] 🤖 [MS3-PKG] [DEBUG] 🤖 [MS3-PKG] [DEBUG] 🤖 [MS3-PKG] [DEBUG] 🤖 [MS3-PKG] [DEBUG] 🤖 [MS3-PKG] [DEBUG] 🤖 [MS3-PKG] [DEBUG] 🤖 [MS3-PKG] [DEBUG] 🤖 [MS3-PKG] [DEBUG] 🤖 [MS3-PKG] [DEBUG] 🤖 [MS3-PKG] [DEBUG] 📋 [analyzeJoiSchema] Schema description type: object
🤖 [MS3-PKG] [DEBUG] 🤖 [MS3-PKG] [DEBUG] 🤖 [MS3-PKG] [DEBUG] 🤖 [MS3-PKG] [DEBUG] 🤖 [MS3-PKG] [DEBUG] 🤖 [MS3-PKG] [DEBUG] 🤖 [MS3-PKG] [DEBUG] 🤖 [MS3-PKG] [DEBUG] 🤖 [MS3-PKG] [DEBUG] 🤖 [MS3-PKG] [DEBUG] 🤖 [MS3-PKG] [DEBUG] 🤖 [MS3-PKG] [DEBUG] 🤖 [MS3-PKG] [DEBUG] 🤖 [MS3-PKG] [DEBUG] 📋 [analyzeJoiSchema] Schema keys: [ [32m&apos;privateKey&apos;[39m, [32m&apos;provider&apos;[39m, [32m&apos;multiChainRpcs&apos;[39m ]
🤖 [MS3-PKG] [DEBUG] 🤖 [MS3-PKG] [DEBUG] 🤖 [MS3-PKG] [DEBUG] 🤖 [MS3-PKG] [DEBUG] 🤖 [MS3-PKG] [DEBUG] 🤖 [MS3-PKG] [DEBUG] 🤖 [MS3-PKG] [DEBUG] 🤖 [MS3-PKG] [DEBUG] 🤖 [MS3-PKG] [DEBUG] 🤖 [MS3-PKG] [DEBUG] 🤖 [MS3-PKG] [DEBUG] 🤖 [MS3-PKG] [DEBUG] 🤖 [MS3-PKG] [DEBUG] 🤖 [MS3-PKG] [DEBUG] ✅ [analyzeJoiSchema] Processing object schema with 3 keys
🤖 [MS3-PKG] [DEBUG] 🤖 [MS3-PKG] [DEBUG] 🤖 [MS3-PKG] [DEBUG] 🤖 [MS3-PKG] [DEBUG] 🤖 [MS3-PKG] [DEBUG] 🤖 [MS3-PKG] [DEBUG] 🤖 [MS3-PKG] [DEBUG] 🤖 [MS3-PKG] [DEBUG] 🤖 [MS3-PKG] [DEBUG] 🤖 [MS3-PKG] [DEBUG] 🤖 [MS3-PKG] [DEBUG] 🤖 [MS3-PKG] [DEBUG] 🤖 [MS3-PKG] [DEBUG] 🤖 [MS3-PKG] [DEBUG] 🔑 [analyzeJoiSchema] Processing field: privateKey
🤖 [MS3-PKG] [DEBUG] 🤖 [MS3-PKG] [DEBUG] 🤖 [MS3-PKG] [DEBUG] 🤖 [MS3-PKG] [DEBUG] 🤖 [MS3-PKG] [DEBUG] 🤖 [MS3-PKG] [DEBUG] 🤖 [MS3-PKG] [DEBUG] 🤖 [MS3-PKG] [DEBUG] 🤖 [MS3-PKG] [DEBUG] 🤖 [MS3-PKG] [DEBUG] 🤖 [MS3-PKG] [DEBUG] 🤖 [MS3-PKG] [DEBUG] 🤖 [MS3-PKG] [DEBUG] 🤖 [MS3-PKG] [DEBUG] 📝 [analyzeJoiSchema] Field description: {
  type: [32m&apos;string&apos;[39m,
  flags: {
    presence: [32m&apos;required&apos;[39m,
    description: [32m&apos;Private key for wallet (generates random if not provided)&apos;[39m
  },
  rules: [ { name: [32m&apos;pattern&apos;[39m, args: [36m[Object][39m } ]
}
🤖 [MS3-PKG] [DEBUG] 🤖 [MS3-PKG] [DEBUG] 🤖 [MS3-PKG] [DEBUG] 🤖 [MS3-PKG] [DEBUG] 🤖 [MS3-PKG] [DEBUG] 🤖 [MS3-PKG] [DEBUG] 🤖 [MS3-PKG] [DEBUG] 🤖 [MS3-PKG] [DEBUG] 🤖 [MS3-PKG] [DEBUG] 🤖 [MS3-PKG] [DEBUG] 🤖 [MS3-PKG] [DEBUG] 🤖 [MS3-PKG] [DEBUG] 🤖 [MS3-PKG] [DEBUG] 🤖 [MS3-PKG] [DEBUG] 📊 [analyzeJoiSchema] Field privateKey: type=string, required=true, message=&quot;Private key for wallet (generates random if not provided)&quot;
🤖 [MS3-PKG] [DEBUG] 🤖 [MS3-PKG] [DEBUG] 🤖 [MS3-PKG] [DEBUG] 🤖 [MS3-PKG] [DEBUG] 🤖 [MS3-PKG] [DEBUG] 🤖 [MS3-PKG] [DEBUG] 🤖 [MS3-PKG] [DEBUG] 🤖 [MS3-PKG] [DEBUG] 🤖 [MS3-PKG] [DEBUG] 🤖 [MS3-PKG] [DEBUG] 🤖 [MS3-PKG] [DEBUG] 🤖 [MS3-PKG] [DEBUG] 🤖 [MS3-PKG] [DEBUG] 🤖 [MS3-PKG] [DEBUG] 🔑 [analyzeJoiSchema] Processing field: provider
🤖 [MS3-PKG] [DEBUG] 🤖 [MS3-PKG] [DEBUG] 🤖 [MS3-PKG] [DEBUG] 🤖 [MS3-PKG] [DEBUG] 🤖 [MS3-PKG] [DEBUG] 🤖 [MS3-PKG] [DEBUG] 🤖 [MS3-PKG] [DEBUG] 🤖 [MS3-PKG] [DEBUG] 🤖 [MS3-PKG] [DEBUG] 🤖 [MS3-PKG] [DEBUG] 🤖 [MS3-PKG] [DEBUG] 🤖 [MS3-PKG] [DEBUG] 🤖 [MS3-PKG] [DEBUG] 🤖 [MS3-PKG] [DEBUG] 📝 [analyzeJoiSchema] Field description: {
  type: [32m&apos;object&apos;[39m,
  flags: {
    presence: [32m&apos;optional&apos;[39m,
    description: [32m&apos;Optional provider configuration&apos;[39m
  },
  keys: {
    name: { type: [32m&apos;string&apos;[39m, flags: [36m[Object][39m },
    chainId: { type: [32m&apos;string&apos;[39m, flags: [36m[Object][39m, rules: [36m[Array][39m },
    rpcUrls: { type: [32m&apos;array&apos;[39m, flags: [36m[Object][39m, rules: [36m[Array][39m, items: [36m[Array][39m },
    displayName: { type: [32m&apos;string&apos;[39m, flags: [36m[Object][39m }
  }
}
🤖 [MS3-PKG] [DEBUG] 🤖 [MS3-PKG] [DEBUG] 🤖 [MS3-PKG] [DEBUG] 🤖 [MS3-PKG] [DEBUG] 🤖 [MS3-PKG] [DEBUG] 🤖 [MS3-PKG] [DEBUG] 🤖 [MS3-PKG] [DEBUG] 🤖 [MS3-PKG] [DEBUG] 🤖 [MS3-PKG] [DEBUG] 🤖 [MS3-PKG] [DEBUG] 🤖 [MS3-PKG] [DEBUG] 🤖 [MS3-PKG] [DEBUG] 🤖 [MS3-PKG] [DEBUG] 🤖 [MS3-PKG] [DEBUG] 📊 [analyzeJoiSchema] Field provider: type=object, required=false, message=&quot;Optional provider configuration&quot;
🤖 [MS3-PKG] [DEBUG] 🤖 [MS3-PKG] [DEBUG] 🤖 [MS3-PKG] [DEBUG] 🤖 [MS3-PKG] [DEBUG] 🤖 [MS3-PKG] [DEBUG] 🤖 [MS3-PKG] [DEBUG] 🤖 [MS3-PKG] [DEBUG] 🤖 [MS3-PKG] [DEBUG] 🤖 [MS3-PKG] [DEBUG] 🤖 [MS3-PKG] [DEBUG] 🤖 [MS3-PKG] [DEBUG] 🤖 [MS3-PKG] [DEBUG] 🤖 [MS3-PKG] [DEBUG] 🤖 [MS3-PKG] [DEBUG] 🔄 [analyzeJoiSchema] Recursing into nested object: provider
🤖 [MS3-PKG] [DEBUG] 🤖 [MS3-PKG] [DEBUG] 🤖 [MS3-PKG] [DEBUG] 🤖 [MS3-PKG] [DEBUG] 🤖 [MS3-PKG] [DEBUG] 🤖 [MS3-PKG] [DEBUG] 🤖 [MS3-PKG] [DEBUG] 🤖 [MS3-PKG] [DEBUG] 🤖 [MS3-PKG] [DEBUG] 🤖 [MS3-PKG] [DEBUG] 🤖 [MS3-PKG] [DEBUG] 🤖 [MS3-PKG] [DEBUG] 🤖 [MS3-PKG] [DEBUG] 🤖 [MS3-PKG] [DEBUG] 🔑 [analyzeJoiSchema] Processing field: multiChainRpcs
🤖 [MS3-PKG] [DEBUG] 🤖 [MS3-PKG] [DEBUG] 🤖 [MS3-PKG] [DEBUG] 🤖 [MS3-PKG] [DEBUG] 🤖 [MS3-PKG] [DEBUG] 🤖 [MS3-PKG] [DEBUG] 🤖 [MS3-PKG] [DEBUG] 🤖 [MS3-PKG] [DEBUG] 🤖 [MS3-PKG] [DEBUG] 🤖 [MS3-PKG] [DEBUG] 🤖 [MS3-PKG] [DEBUG] 🤖 [MS3-PKG] [DEBUG] 🤖 [MS3-PKG] [DEBUG] 🤖 [MS3-PKG] [DEBUG] 📝 [analyzeJoiSchema] Field description: {
  type: [32m&apos;object&apos;[39m,
  flags: {
    presence: [32m&apos;optional&apos;[39m,
    description: [32m&apos;Multi-chain RPC configuration - maps chain IDs to RPC URL arrays&apos;[39m
  },
  patterns: [ { schema: [36m[Object][39m, rule: [36m[Object][39m } ]
}
🤖 [MS3-PKG] [DEBUG] 🤖 [MS3-PKG] [DEBUG] 🤖 [MS3-PKG] [DEBUG] 🤖 [MS3-PKG] [DEBUG] 🤖 [MS3-PKG] [DEBUG] 🤖 [MS3-PKG] [DEBUG] 🤖 [MS3-PKG] [DEBUG] 🤖 [MS3-PKG] [DEBUG] 🤖 [MS3-PKG] [DEBUG] 🤖 [MS3-PKG] [DEBUG] 🤖 [MS3-PKG] [DEBUG] 🤖 [MS3-PKG] [DEBUG] 🤖 [MS3-PKG] [DEBUG] 🤖 [MS3-PKG] [DEBUG] 📊 [analyzeJoiSchema] Field multiChainRpcs: type=object, required=false, message=&quot;Multi-chain RPC configuration - maps chain IDs to RPC URL arrays&quot;
🤖 [MS3-PKG] [INFO] 🤖 [MS3-PKG] [INFO] 🤖 [MS3-PKG] [INFO] 🤖 [MS3-PKG] [INFO] 🤖 [MS3-PKG] [INFO] 🤖 [MS3-PKG] [INFO] 🤖 [MS3-PKG] [INFO] 🤖 [MS3-PKG] [INFO] 🤖 [MS3-PKG] [INFO] 🤖 [MS3-PKG] [INFO] 🤖 [MS3-PKG] [INFO] 🤖 [MS3-PKG] [INFO] 🤖 [MS3-PKG] [INFO] 🤖 [MS3-PKG] [INFO] 📊 [analyzeJoiSchema] Generated 7 requirements for options
🤖 [MS3-PKG] [DEBUG] 🤖 [MS3-PKG] [DEBUG] 🤖 [MS3-PKG] [DEBUG] 🤖 [MS3-PKG] [DEBUG] 🤖 [MS3-PKG] [DEBUG] 🤖 [MS3-PKG] [DEBUG] 🤖 [MS3-PKG] [DEBUG] 🤖 [MS3-PKG] [DEBUG] 🤖 [MS3-PKG] [DEBUG] 🤖 [MS3-PKG] [DEBUG] 🤖 [MS3-PKG] [DEBUG] 🤖 [MS3-PKG] [DEBUG] 🤖 [MS3-PKG] [DEBUG] 🤖 [MS3-PKG] [DEBUG] 🔍 [getRequirements] Starting analysis for bulk-test-86
🤖 [MS3-PKG] [DEBUG] 🤖 [MS3-PKG] [DEBUG] 🤖 [MS3-PKG] [DEBUG] 🤖 [MS3-PKG] [DEBUG] 🤖 [MS3-PKG] [DEBUG] 🤖 [MS3-PKG] [DEBUG] 🤖 [MS3-PKG] [DEBUG] 🤖 [MS3-PKG] [DEBUG] 🤖 [MS3-PKG] [DEBUG] 🤖 [MS3-PKG] [DEBUG] 🤖 [MS3-PKG] [DEBUG] 🤖 [MS3-PKG] [DEBUG] 🤖 [MS3-PKG] [DEBUG] 🤖 [MS3-PKG] [DEBUG] 🔬 [analyzeJoiSchema] Analyzing schema at path: options
🤖 [MS3-PKG] [DEBUG] 🤖 [MS3-PKG] [DEBUG] 🤖 [MS3-PKG] [DEBUG] 🤖 [MS3-PKG] [DEBUG] 🤖 [MS3-PKG] [DEBUG] 🤖 [MS3-PKG] [DEBUG] 🤖 [MS3-PKG] [DEBUG] 🤖 [MS3-PKG] [DEBUG] 🤖 [MS3-PKG] [DEBUG] 🤖 [MS3-PKG] [DEBUG] 🤖 [MS3-PKG] [DEBUG] 🤖 [MS3-PKG] [DEBUG] 🤖 [MS3-PKG] [DEBUG] 🤖 [MS3-PKG] [DEBUG] 📋 [analyzeJoiSchema] Schema description type: object
🤖 [MS3-PKG] [DEBUG] 🤖 [MS3-PKG] [DEBUG] 🤖 [MS3-PKG] [DEBUG] 🤖 [MS3-PKG] [DEBUG] 🤖 [MS3-PKG] [DEBUG] 🤖 [MS3-PKG] [DEBUG] 🤖 [MS3-PKG] [DEBUG] 🤖 [MS3-PKG] [DEBUG] 🤖 [MS3-PKG] [DEBUG] 🤖 [MS3-PKG] [DEBUG] 🤖 [MS3-PKG] [DEBUG] 🤖 [MS3-PKG] [DEBUG] 🤖 [MS3-PKG] [DEBUG] 🤖 [MS3-PKG] [DEBUG] 📋 [analyzeJoiSchema] Schema keys: [ [32m&apos;web3authConfig&apos;[39m, [32m&apos;multiChainRpcs&apos;[39m ]
🤖 [MS3-PKG] [DEBUG] 🤖 [MS3-PKG] [DEBUG] 🤖 [MS3-PKG] [DEBUG] 🤖 [MS3-PKG] [DEBUG] 🤖 [MS3-PKG] [DEBUG] 🤖 [MS3-PKG] [DEBUG] 🤖 [MS3-PKG] [DEBUG] 🤖 [MS3-PKG] [DEBUG] 🤖 [MS3-PKG] [DEBUG] 🤖 [MS3-PKG] [DEBUG] 🤖 [MS3-PKG] [DEBUG] 🤖 [MS3-PKG] [DEBUG] 🤖 [MS3-PKG] [DEBUG] 🤖 [MS3-PKG] [DEBUG] ✅ [analyzeJoiSchema] Processing object schema with 2 keys
🤖 [MS3-PKG] [DEBUG] 🤖 [MS3-PKG] [DEBUG] 🤖 [MS3-PKG] [DEBUG] 🤖 [MS3-PKG] [DEBUG] 🤖 [MS3-PKG] [DEBUG] 🤖 [MS3-PKG] [DEBUG] 🤖 [MS3-PKG] [DEBUG] 🤖 [MS3-PKG] [DEBUG] 🤖 [MS3-PKG] [DEBUG] 🤖 [MS3-PKG] [DEBUG] 🤖 [MS3-PKG] [DEBUG] 🤖 [MS3-PKG] [DEBUG] 🤖 [MS3-PKG] [DEBUG] 🤖 [MS3-PKG] [DEBUG] 🔑 [analyzeJoiSchema] Processing field: web3authConfig
🤖 [MS3-PKG] [DEBUG] 🤖 [MS3-PKG] [DEBUG] 🤖 [MS3-PKG] [DEBUG] 🤖 [MS3-PKG] [DEBUG] 🤖 [MS3-PKG] [DEBUG] 🤖 [MS3-PKG] [DEBUG] 🤖 [MS3-PKG] [DEBUG] 🤖 [MS3-PKG] [DEBUG] 🤖 [MS3-PKG] [DEBUG] 🤖 [MS3-PKG] [DEBUG] 🤖 [MS3-PKG] [DEBUG] 🤖 [MS3-PKG] [DEBUG] 🤖 [MS3-PKG] [DEBUG] 🤖 [MS3-PKG] [DEBUG] 📝 [analyzeJoiSchema] Field description: {
  type: [32m&apos;object&apos;[39m,
  flags: {
    presence: [32m&apos;required&apos;[39m,
    description: [32m&apos;Web3Auth configuration object&apos;[39m
  },
  keys: {
    clientId: { type: [32m&apos;string&apos;[39m, flags: [36m[Object][39m },
    web3AuthNetwork: { type: [32m&apos;string&apos;[39m, flags: [36m[Object][39m, allow: [36m[Array][39m },
    chainConfig: { type: [32m&apos;object&apos;[39m, flags: [36m[Object][39m, keys: [36m[Object][39m },
    loginConfig: { type: [32m&apos;object&apos;[39m, flags: [36m[Object][39m },
    privateKeyProvider: { type: [32m&apos;any&apos;[39m, flags: [36m[Object][39m }
  }
}
🤖 [MS3-PKG] [DEBUG] 🤖 [MS3-PKG] [DEBUG] 🤖 [MS3-PKG] [DEBUG] 🤖 [MS3-PKG] [DEBUG] 🤖 [MS3-PKG] [DEBUG] 🤖 [MS3-PKG] [DEBUG] 🤖 [MS3-PKG] [DEBUG] 🤖 [MS3-PKG] [DEBUG] 🤖 [MS3-PKG] [DEBUG] 🤖 [MS3-PKG] [DEBUG] 🤖 [MS3-PKG] [DEBUG] 🤖 [MS3-PKG] [DEBUG] 🤖 [MS3-PKG] [DEBUG] 🤖 [MS3-PKG] [DEBUG] 📊 [analyzeJoiSchema] Field web3authConfig: type=object, required=true, message=&quot;Web3Auth configuration object&quot;
🤖 [MS3-PKG] [DEBUG] 🤖 [MS3-PKG] [DEBUG] 🤖 [MS3-PKG] [DEBUG] 🤖 [MS3-PKG] [DEBUG] 🤖 [MS3-PKG] [DEBUG] 🤖 [MS3-PKG] [DEBUG] 🤖 [MS3-PKG] [DEBUG] 🤖 [MS3-PKG] [DEBUG] 🤖 [MS3-PKG] [DEBUG] 🤖 [MS3-PKG] [DEBUG] 🤖 [MS3-PKG] [DEBUG] 🤖 [MS3-PKG] [DEBUG] 🤖 [MS3-PKG] [DEBUG] 🤖 [MS3-PKG] [DEBUG] 🔄 [analyzeJoiSchema] Recursing into nested object: web3authConfig
🤖 [MS3-PKG] [DEBUG] 🤖 [MS3-PKG] [DEBUG] 🤖 [MS3-PKG] [DEBUG] 🤖 [MS3-PKG] [DEBUG] 🤖 [MS3-PKG] [DEBUG] 🤖 [MS3-PKG] [DEBUG] 🤖 [MS3-PKG] [DEBUG] 🤖 [MS3-PKG] [DEBUG] 🤖 [MS3-PKG] [DEBUG] 🤖 [MS3-PKG] [DEBUG] 🤖 [MS3-PKG] [DEBUG] 🤖 [MS3-PKG] [DEBUG] 🤖 [MS3-PKG] [DEBUG] 🤖 [MS3-PKG] [DEBUG] 🔑 [analyzeJoiSchema] Processing field: multiChainRpcs
🤖 [MS3-PKG] [DEBUG] 🤖 [MS3-PKG] [DEBUG] 🤖 [MS3-PKG] [DEBUG] 🤖 [MS3-PKG] [DEBUG] 🤖 [MS3-PKG] [DEBUG] 🤖 [MS3-PKG] [DEBUG] 🤖 [MS3-PKG] [DEBUG] 🤖 [MS3-PKG] [DEBUG] 🤖 [MS3-PKG] [DEBUG] 🤖 [MS3-PKG] [DEBUG] 🤖 [MS3-PKG] [DEBUG] 🤖 [MS3-PKG] [DEBUG] 🤖 [MS3-PKG] [DEBUG] 🤖 [MS3-PKG] [DEBUG] 📝 [analyzeJoiSchema] Field description: {
  type: [32m&apos;object&apos;[39m,
  flags: {
    presence: [32m&apos;optional&apos;[39m,
    description: [32m&apos;Multi-chain RPC configuration - maps chain IDs to RPC URL arrays&apos;[39m
  },
  patterns: [ { schema: [36m[Object][39m, rule: [36m[Object][39m } ]
}
🤖 [MS3-PKG] [DEBUG] 🤖 [MS3-PKG] [DEBUG] 🤖 [MS3-PKG] [DEBUG] 🤖 [MS3-PKG] [DEBUG] 🤖 [MS3-PKG] [DEBUG] 🤖 [MS3-PKG] [DEBUG] 🤖 [MS3-PKG] [DEBUG] 🤖 [MS3-PKG] [DEBUG] 🤖 [MS3-PKG] [DEBUG] 🤖 [MS3-PKG] [DEBUG] 🤖 [MS3-PKG] [DEBUG] 🤖 [MS3-PKG] [DEBUG] 🤖 [MS3-PKG] [DEBUG] 🤖 [MS3-PKG] [DEBUG] 📊 [analyzeJoiSchema] Field multiChainRpcs: type=object, required=false, message=&quot;Multi-chain RPC configuration - maps chain IDs to RPC URL arrays&quot;
🤖 [MS3-PKG] [INFO] 🤖 [MS3-PKG] [INFO] 🤖 [MS3-PKG] [INFO] 🤖 [MS3-PKG] [INFO] 🤖 [MS3-PKG] [INFO] 🤖 [MS3-PKG] [INFO] 🤖 [MS3-PKG] [INFO] 🤖 [MS3-PKG] [INFO] 🤖 [MS3-PKG] [INFO] 🤖 [MS3-PKG] [INFO] 🤖 [MS3-PKG] [INFO] 🤖 [MS3-PKG] [INFO] 🤖 [MS3-PKG] [INFO] 🤖 [MS3-PKG] [INFO] 📊 [analyzeJoiSchema] Generated 14 requirements for options
🤖 [MS3-PKG] [DEBUG] 🤖 [MS3-PKG] [DEBUG] 🤖 [MS3-PKG] [DEBUG] 🤖 [MS3-PKG] [DEBUG] 🤖 [MS3-PKG] [DEBUG] 🤖 [MS3-PKG] [DEBUG] 🤖 [MS3-PKG] [DEBUG] 🤖 [MS3-PKG] [DEBUG] 🤖 [MS3-PKG] [DEBUG] 🤖 [MS3-PKG] [DEBUG] 🤖 [MS3-PKG] [DEBUG] 🤖 [MS3-PKG] [DEBUG] 🤖 [MS3-PKG] [DEBUG] 🤖 [MS3-PKG] [DEBUG] 🔍 [getRequirements] Starting analysis for bulk-test-87
🤖 [MS3-PKG] [DEBUG] 🤖 [MS3-PKG] [DEBUG] 🤖 [MS3-PKG] [DEBUG] 🤖 [MS3-PKG] [DEBUG] 🤖 [MS3-PKG] [DEBUG] 🤖 [MS3-PKG] [DEBUG] 🤖 [MS3-PKG] [DEBUG] 🤖 [MS3-PKG] [DEBUG] 🤖 [MS3-PKG] [DEBUG] 🤖 [MS3-PKG] [DEBUG] 🤖 [MS3-PKG] [DEBUG] 🤖 [MS3-PKG] [DEBUG] 🤖 [MS3-PKG] [DEBUG] 🤖 [MS3-PKG] [DEBUG] 🔬 [analyzeJoiSchema] Analyzing schema at path: options
🤖 [MS3-PKG] [DEBUG] 🤖 [MS3-PKG] [DEBUG] 🤖 [MS3-PKG] [DEBUG] 🤖 [MS3-PKG] [DEBUG] 🤖 [MS3-PKG] [DEBUG] 🤖 [MS3-PKG] [DEBUG] 🤖 [MS3-PKG] [DEBUG] 🤖 [MS3-PKG] [DEBUG] 🤖 [MS3-PKG] [DEBUG] 🤖 [MS3-PKG] [DEBUG] 🤖 [MS3-PKG] [DEBUG] 🤖 [MS3-PKG] [DEBUG] 🤖 [MS3-PKG] [DEBUG] 🤖 [MS3-PKG] [DEBUG] 📋 [analyzeJoiSchema] Schema description type: object
🤖 [MS3-PKG] [DEBUG] 🤖 [MS3-PKG] [DEBUG] 🤖 [MS3-PKG] [DEBUG] 🤖 [MS3-PKG] [DEBUG] 🤖 [MS3-PKG] [DEBUG] 🤖 [MS3-PKG] [DEBUG] 🤖 [MS3-PKG] [DEBUG] 🤖 [MS3-PKG] [DEBUG] 🤖 [MS3-PKG] [DEBUG] 🤖 [MS3-PKG] [DEBUG] 🤖 [MS3-PKG] [DEBUG] 🤖 [MS3-PKG] [DEBUG] 🤖 [MS3-PKG] [DEBUG] 🤖 [MS3-PKG] [DEBUG] 📋 [analyzeJoiSchema] Schema keys: [ [32m&apos;privateKey&apos;[39m, [32m&apos;provider&apos;[39m, [32m&apos;multiChainRpcs&apos;[39m ]
🤖 [MS3-PKG] [DEBUG] 🤖 [MS3-PKG] [DEBUG] 🤖 [MS3-PKG] [DEBUG] 🤖 [MS3-PKG] [DEBUG] 🤖 [MS3-PKG] [DEBUG] 🤖 [MS3-PKG] [DEBUG] 🤖 [MS3-PKG] [DEBUG] 🤖 [MS3-PKG] [DEBUG] 🤖 [MS3-PKG] [DEBUG] 🤖 [MS3-PKG] [DEBUG] 🤖 [MS3-PKG] [DEBUG] 🤖 [MS3-PKG] [DEBUG] 🤖 [MS3-PKG] [DEBUG] 🤖 [MS3-PKG] [DEBUG] ✅ [analyzeJoiSchema] Processing object schema with 3 keys
🤖 [MS3-PKG] [DEBUG] 🤖 [MS3-PKG] [DEBUG] 🤖 [MS3-PKG] [DEBUG] 🤖 [MS3-PKG] [DEBUG] 🤖 [MS3-PKG] [DEBUG] 🤖 [MS3-PKG] [DEBUG] 🤖 [MS3-PKG] [DEBUG] 🤖 [MS3-PKG] [DEBUG] 🤖 [MS3-PKG] [DEBUG] 🤖 [MS3-PKG] [DEBUG] 🤖 [MS3-PKG] [DEBUG] 🤖 [MS3-PKG] [DEBUG] 🤖 [MS3-PKG] [DEBUG] 🤖 [MS3-PKG] [DEBUG] 🔑 [analyzeJoiSchema] Processing field: privateKey
🤖 [MS3-PKG] [DEBUG] 🤖 [MS3-PKG] [DEBUG] 🤖 [MS3-PKG] [DEBUG] 🤖 [MS3-PKG] [DEBUG] 🤖 [MS3-PKG] [DEBUG] 🤖 [MS3-PKG] [DEBUG] 🤖 [MS3-PKG] [DEBUG] 🤖 [MS3-PKG] [DEBUG] 🤖 [MS3-PKG] [DEBUG] 🤖 [MS3-PKG] [DEBUG] 🤖 [MS3-PKG] [DEBUG] 🤖 [MS3-PKG] [DEBUG] 🤖 [MS3-PKG] [DEBUG] 🤖 [MS3-PKG] [DEBUG] 📝 [analyzeJoiSchema] Field description: {
  type: [32m&apos;string&apos;[39m,
  flags: {
    presence: [32m&apos;required&apos;[39m,
    description: [32m&apos;Private key for wallet (generates random if not provided)&apos;[39m
  },
  rules: [ { name: [32m&apos;pattern&apos;[39m, args: [36m[Object][39m } ]
}
🤖 [MS3-PKG] [DEBUG] 🤖 [MS3-PKG] [DEBUG] 🤖 [MS3-PKG] [DEBUG] 🤖 [MS3-PKG] [DEBUG] 🤖 [MS3-PKG] [DEBUG] 🤖 [MS3-PKG] [DEBUG] 🤖 [MS3-PKG] [DEBUG] 🤖 [MS3-PKG] [DEBUG] 🤖 [MS3-PKG] [DEBUG] 🤖 [MS3-PKG] [DEBUG] 🤖 [MS3-PKG] [DEBUG] 🤖 [MS3-PKG] [DEBUG] 🤖 [MS3-PKG] [DEBUG] 🤖 [MS3-PKG] [DEBUG] 📊 [analyzeJoiSchema] Field privateKey: type=string, required=true, message=&quot;Private key for wallet (generates random if not provided)&quot;
🤖 [MS3-PKG] [DEBUG] 🤖 [MS3-PKG] [DEBUG] 🤖 [MS3-PKG] [DEBUG] 🤖 [MS3-PKG] [DEBUG] 🤖 [MS3-PKG] [DEBUG] 🤖 [MS3-PKG] [DEBUG] 🤖 [MS3-PKG] [DEBUG] 🤖 [MS3-PKG] [DEBUG] 🤖 [MS3-PKG] [DEBUG] 🤖 [MS3-PKG] [DEBUG] 🤖 [MS3-PKG] [DEBUG] 🤖 [MS3-PKG] [DEBUG] 🤖 [MS3-PKG] [DEBUG] 🤖 [MS3-PKG] [DEBUG] 🔑 [analyzeJoiSchema] Processing field: provider
🤖 [MS3-PKG] [DEBUG] 🤖 [MS3-PKG] [DEBUG] 🤖 [MS3-PKG] [DEBUG] 🤖 [MS3-PKG] [DEBUG] 🤖 [MS3-PKG] [DEBUG] 🤖 [MS3-PKG] [DEBUG] 🤖 [MS3-PKG] [DEBUG] 🤖 [MS3-PKG] [DEBUG] 🤖 [MS3-PKG] [DEBUG] 🤖 [MS3-PKG] [DEBUG] 🤖 [MS3-PKG] [DEBUG] 🤖 [MS3-PKG] [DEBUG] 🤖 [MS3-PKG] [DEBUG] 🤖 [MS3-PKG] [DEBUG] 📝 [analyzeJoiSchema] Field description: {
  type: [32m&apos;object&apos;[39m,
  flags: {
    presence: [32m&apos;optional&apos;[39m,
    description: [32m&apos;Optional provider configuration&apos;[39m
  },
  keys: {
    name: { type: [32m&apos;string&apos;[39m, flags: [36m[Object][39m },
    chainId: { type: [32m&apos;string&apos;[39m, flags: [36m[Object][39m, rules: [36m[Array][39m },
    rpcUrls: { type: [32m&apos;array&apos;[39m, flags: [36m[Object][39m, rules: [36m[Array][39m, items: [36m[Array][39m },
    displayName: { type: [32m&apos;string&apos;[39m, flags: [36m[Object][39m }
  }
}
🤖 [MS3-PKG] [DEBUG] 🤖 [MS3-PKG] [DEBUG] 🤖 [MS3-PKG] [DEBUG] 🤖 [MS3-PKG] [DEBUG] 🤖 [MS3-PKG] [DEBUG] 🤖 [MS3-PKG] [DEBUG] 🤖 [MS3-PKG] [DEBUG] 🤖 [MS3-PKG] [DEBUG] 🤖 [MS3-PKG] [DEBUG] 🤖 [MS3-PKG] [DEBUG] 🤖 [MS3-PKG] [DEBUG] 🤖 [MS3-PKG] [DEBUG] 🤖 [MS3-PKG] [DEBUG] 🤖 [MS3-PKG] [DEBUG] 📊 [analyzeJoiSchema] Field provider: type=object, required=false, message=&quot;Optional provider configuration&quot;
🤖 [MS3-PKG] [DEBUG] 🤖 [MS3-PKG] [DEBUG] 🤖 [MS3-PKG] [DEBUG] 🤖 [MS3-PKG] [DEBUG] 🤖 [MS3-PKG] [DEBUG] 🤖 [MS3-PKG] [DEBUG] 🤖 [MS3-PKG] [DEBUG] 🤖 [MS3-PKG] [DEBUG] 🤖 [MS3-PKG] [DEBUG] 🤖 [MS3-PKG] [DEBUG] 🤖 [MS3-PKG] [DEBUG] 🤖 [MS3-PKG] [DEBUG] 🤖 [MS3-PKG] [DEBUG] 🤖 [MS3-PKG] [DEBUG] 🔄 [analyzeJoiSchema] Recursing into nested object: provider
🤖 [MS3-PKG] [DEBUG] 🤖 [MS3-PKG] [DEBUG] 🤖 [MS3-PKG] [DEBUG] 🤖 [MS3-PKG] [DEBUG] 🤖 [MS3-PKG] [DEBUG] 🤖 [MS3-PKG] [DEBUG] 🤖 [MS3-PKG] [DEBUG] 🤖 [MS3-PKG] [DEBUG] 🤖 [MS3-PKG] [DEBUG] 🤖 [MS3-PKG] [DEBUG] 🤖 [MS3-PKG] [DEBUG] 🤖 [MS3-PKG] [DEBUG] 🤖 [MS3-PKG] [DEBUG] 🤖 [MS3-PKG] [DEBUG] 🔑 [analyzeJoiSchema] Processing field: multiChainRpcs
🤖 [MS3-PKG] [DEBUG] 🤖 [MS3-PKG] [DEBUG] 🤖 [MS3-PKG] [DEBUG] 🤖 [MS3-PKG] [DEBUG] 🤖 [MS3-PKG] [DEBUG] 🤖 [MS3-PKG] [DEBUG] 🤖 [MS3-PKG] [DEBUG] 🤖 [MS3-PKG] [DEBUG] 🤖 [MS3-PKG] [DEBUG] 🤖 [MS3-PKG] [DEBUG] 🤖 [MS3-PKG] [DEBUG] 🤖 [MS3-PKG] [DEBUG] 🤖 [MS3-PKG] [DEBUG] 🤖 [MS3-PKG] [DEBUG] 📝 [analyzeJoiSchema] Field description: {
  type: [32m&apos;object&apos;[39m,
  flags: {
    presence: [32m&apos;optional&apos;[39m,
    description: [32m&apos;Multi-chain RPC configuration - maps chain IDs to RPC URL arrays&apos;[39m
  },
  patterns: [ { schema: [36m[Object][39m, rule: [36m[Object][39m } ]
}
🤖 [MS3-PKG] [DEBUG] 🤖 [MS3-PKG] [DEBUG] 🤖 [MS3-PKG] [DEBUG] 🤖 [MS3-PKG] [DEBUG] 🤖 [MS3-PKG] [DEBUG] 🤖 [MS3-PKG] [DEBUG] 🤖 [MS3-PKG] [DEBUG] 🤖 [MS3-PKG] [DEBUG] 🤖 [MS3-PKG] [DEBUG] 🤖 [MS3-PKG] [DEBUG] 🤖 [MS3-PKG] [DEBUG] 🤖 [MS3-PKG] [DEBUG] 🤖 [MS3-PKG] [DEBUG] 🤖 [MS3-PKG] [DEBUG] 📊 [analyzeJoiSchema] Field multiChainRpcs: type=object, required=false, message=&quot;Multi-chain RPC configuration - maps chain IDs to RPC URL arrays&quot;
🤖 [MS3-PKG] [INFO] 🤖 [MS3-PKG] [INFO] 🤖 [MS3-PKG] [INFO] 🤖 [MS3-PKG] [INFO] 🤖 [MS3-PKG] [INFO] 🤖 [MS3-PKG] [INFO] 🤖 [MS3-PKG] [INFO] 🤖 [MS3-PKG] [INFO] 🤖 [MS3-PKG] [INFO] 🤖 [MS3-PKG] [INFO] 🤖 [MS3-PKG] [INFO] 🤖 [MS3-PKG] [INFO] 🤖 [MS3-PKG] [INFO] 🤖 [MS3-PKG] [INFO] 📊 [analyzeJoiSchema] Generated 7 requirements for options
🤖 [MS3-PKG] [DEBUG] 🤖 [MS3-PKG] [DEBUG] 🤖 [MS3-PKG] [DEBUG] 🤖 [MS3-PKG] [DEBUG] 🤖 [MS3-PKG] [DEBUG] 🤖 [MS3-PKG] [DEBUG] 🤖 [MS3-PKG] [DEBUG] 🤖 [MS3-PKG] [DEBUG] 🤖 [MS3-PKG] [DEBUG] 🤖 [MS3-PKG] [DEBUG] 🤖 [MS3-PKG] [DEBUG] 🤖 [MS3-PKG] [DEBUG] 🤖 [MS3-PKG] [DEBUG] 🤖 [MS3-PKG] [DEBUG] 🔍 [getRequirements] Starting analysis for bulk-test-87
🤖 [MS3-PKG] [DEBUG] 🤖 [MS3-PKG] [DEBUG] 🤖 [MS3-PKG] [DEBUG] 🤖 [MS3-PKG] [DEBUG] 🤖 [MS3-PKG] [DEBUG] 🤖 [MS3-PKG] [DEBUG] 🤖 [MS3-PKG] [DEBUG] 🤖 [MS3-PKG] [DEBUG] 🤖 [MS3-PKG] [DEBUG] 🤖 [MS3-PKG] [DEBUG] 🤖 [MS3-PKG] [DEBUG] 🤖 [MS3-PKG] [DEBUG] 🤖 [MS3-PKG] [DEBUG] 🤖 [MS3-PKG] [DEBUG] 🔬 [analyzeJoiSchema] Analyzing schema at path: options
🤖 [MS3-PKG] [DEBUG] 🤖 [MS3-PKG] [DEBUG] 🤖 [MS3-PKG] [DEBUG] 🤖 [MS3-PKG] [DEBUG] 🤖 [MS3-PKG] [DEBUG] 🤖 [MS3-PKG] [DEBUG] 🤖 [MS3-PKG] [DEBUG] 🤖 [MS3-PKG] [DEBUG] 🤖 [MS3-PKG] [DEBUG] 🤖 [MS3-PKG] [DEBUG] 🤖 [MS3-PKG] [DEBUG] 🤖 [MS3-PKG] [DEBUG] 🤖 [MS3-PKG] [DEBUG] 🤖 [MS3-PKG] [DEBUG] 📋 [analyzeJoiSchema] Schema description type: object
🤖 [MS3-PKG] [DEBUG] 🤖 [MS3-PKG] [DEBUG] 🤖 [MS3-PKG] [DEBUG] 🤖 [MS3-PKG] [DEBUG] 🤖 [MS3-PKG] [DEBUG] 🤖 [MS3-PKG] [DEBUG] 🤖 [MS3-PKG] [DEBUG] 🤖 [MS3-PKG] [DEBUG] 🤖 [MS3-PKG] [DEBUG] 🤖 [MS3-PKG] [DEBUG] 🤖 [MS3-PKG] [DEBUG] 🤖 [MS3-PKG] [DEBUG] 🤖 [MS3-PKG] [DEBUG] 🤖 [MS3-PKG] [DEBUG] 📋 [analyzeJoiSchema] Schema keys: [ [32m&apos;web3authConfig&apos;[39m, [32m&apos;multiChainRpcs&apos;[39m ]
🤖 [MS3-PKG] [DEBUG] 🤖 [MS3-PKG] [DEBUG] 🤖 [MS3-PKG] [DEBUG] 🤖 [MS3-PKG] [DEBUG] 🤖 [MS3-PKG] [DEBUG] 🤖 [MS3-PKG] [DEBUG] 🤖 [MS3-PKG] [DEBUG] 🤖 [MS3-PKG] [DEBUG] 🤖 [MS3-PKG] [DEBUG] 🤖 [MS3-PKG] [DEBUG] 🤖 [MS3-PKG] [DEBUG] 🤖 [MS3-PKG] [DEBUG] 🤖 [MS3-PKG] [DEBUG] 🤖 [MS3-PKG] [DEBUG] ✅ [analyzeJoiSchema] Processing object schema with 2 keys
🤖 [MS3-PKG] [DEBUG] 🤖 [MS3-PKG] [DEBUG] 🤖 [MS3-PKG] [DEBUG] 🤖 [MS3-PKG] [DEBUG] 🤖 [MS3-PKG] [DEBUG] 🤖 [MS3-PKG] [DEBUG] 🤖 [MS3-PKG] [DEBUG] 🤖 [MS3-PKG] [DEBUG] 🤖 [MS3-PKG] [DEBUG] 🤖 [MS3-PKG] [DEBUG] 🤖 [MS3-PKG] [DEBUG] 🤖 [MS3-PKG] [DEBUG] 🤖 [MS3-PKG] [DEBUG] 🤖 [MS3-PKG] [DEBUG] 🔑 [analyzeJoiSchema] Processing field: web3authConfig
🤖 [MS3-PKG] [DEBUG] 🤖 [MS3-PKG] [DEBUG] 🤖 [MS3-PKG] [DEBUG] 🤖 [MS3-PKG] [DEBUG] 🤖 [MS3-PKG] [DEBUG] 🤖 [MS3-PKG] [DEBUG] 🤖 [MS3-PKG] [DEBUG] 🤖 [MS3-PKG] [DEBUG] 🤖 [MS3-PKG] [DEBUG] 🤖 [MS3-PKG] [DEBUG] 🤖 [MS3-PKG] [DEBUG] 🤖 [MS3-PKG] [DEBUG] 🤖 [MS3-PKG] [DEBUG] 🤖 [MS3-PKG] [DEBUG] 📝 [analyzeJoiSchema] Field description: {
  type: [32m&apos;object&apos;[39m,
  flags: {
    presence: [32m&apos;required&apos;[39m,
    description: [32m&apos;Web3Auth configuration object&apos;[39m
  },
  keys: {
    clientId: { type: [32m&apos;string&apos;[39m, flags: [36m[Object][39m },
    web3AuthNetwork: { type: [32m&apos;string&apos;[39m, flags: [36m[Object][39m, allow: [36m[Array][39m },
    chainConfig: { type: [32m&apos;object&apos;[39m, flags: [36m[Object][39m, keys: [36m[Object][39m },
    loginConfig: { type: [32m&apos;object&apos;[39m, flags: [36m[Object][39m },
    privateKeyProvider: { type: [32m&apos;any&apos;[39m, flags: [36m[Object][39m }
  }
}
🤖 [MS3-PKG] [DEBUG] 🤖 [MS3-PKG] [DEBUG] 🤖 [MS3-PKG] [DEBUG] 🤖 [MS3-PKG] [DEBUG] 🤖 [MS3-PKG] [DEBUG] 🤖 [MS3-PKG] [DEBUG] 🤖 [MS3-PKG] [DEBUG] 🤖 [MS3-PKG] [DEBUG] 🤖 [MS3-PKG] [DEBUG] 🤖 [MS3-PKG] [DEBUG] 🤖 [MS3-PKG] [DEBUG] 🤖 [MS3-PKG] [DEBUG] 🤖 [MS3-PKG] [DEBUG] 🤖 [MS3-PKG] [DEBUG] 📊 [analyzeJoiSchema] Field web3authConfig: type=object, required=true, message=&quot;Web3Auth configuration object&quot;
🤖 [MS3-PKG] [DEBUG] 🤖 [MS3-PKG] [DEBUG] 🤖 [MS3-PKG] [DEBUG] 🤖 [MS3-PKG] [DEBUG] 🤖 [MS3-PKG] [DEBUG] 🤖 [MS3-PKG] [DEBUG] 🤖 [MS3-PKG] [DEBUG] 🤖 [MS3-PKG] [DEBUG] 🤖 [MS3-PKG] [DEBUG] 🤖 [MS3-PKG] [DEBUG] 🤖 [MS3-PKG] [DEBUG] 🤖 [MS3-PKG] [DEBUG] 🤖 [MS3-PKG] [DEBUG] 🤖 [MS3-PKG] [DEBUG] 🔄 [analyzeJoiSchema] Recursing into nested object: web3authConfig
🤖 [MS3-PKG] [DEBUG] 🤖 [MS3-PKG] [DEBUG] 🤖 [MS3-PKG] [DEBUG] 🤖 [MS3-PKG] [DEBUG] 🤖 [MS3-PKG] [DEBUG] 🤖 [MS3-PKG] [DEBUG] 🤖 [MS3-PKG] [DEBUG] 🤖 [MS3-PKG] [DEBUG] 🤖 [MS3-PKG] [DEBUG] 🤖 [MS3-PKG] [DEBUG] 🤖 [MS3-PKG] [DEBUG] 🤖 [MS3-PKG] [DEBUG] 🤖 [MS3-PKG] [DEBUG] 🤖 [MS3-PKG] [DEBUG] 🔑 [analyzeJoiSchema] Processing field: multiChainRpcs
🤖 [MS3-PKG] [DEBUG] 🤖 [MS3-PKG] [DEBUG] 🤖 [MS3-PKG] [DEBUG] 🤖 [MS3-PKG] [DEBUG] 🤖 [MS3-PKG] [DEBUG] 🤖 [MS3-PKG] [DEBUG] 🤖 [MS3-PKG] [DEBUG] 🤖 [MS3-PKG] [DEBUG] 🤖 [MS3-PKG] [DEBUG] 🤖 [MS3-PKG] [DEBUG] 🤖 [MS3-PKG] [DEBUG] 🤖 [MS3-PKG] [DEBUG] 🤖 [MS3-PKG] [DEBUG] 🤖 [MS3-PKG] [DEBUG] 📝 [analyzeJoiSchema] Field description: {
  type: [32m&apos;object&apos;[39m,
  flags: {
    presence: [32m&apos;optional&apos;[39m,
    description: [32m&apos;Multi-chain RPC configuration - maps chain IDs to RPC URL arrays&apos;[39m
  },
  patterns: [ { schema: [36m[Object][39m, rule: [36m[Object][39m } ]
}
🤖 [MS3-PKG] [DEBUG] 🤖 [MS3-PKG] [DEBUG] 🤖 [MS3-PKG] [DEBUG] 🤖 [MS3-PKG] [DEBUG] 🤖 [MS3-PKG] [DEBUG] 🤖 [MS3-PKG] [DEBUG] 🤖 [MS3-PKG] [DEBUG] 🤖 [MS3-PKG] [DEBUG] 🤖 [MS3-PKG] [DEBUG] 🤖 [MS3-PKG] [DEBUG] 🤖 [MS3-PKG] [DEBUG] 🤖 [MS3-PKG] [DEBUG] 🤖 [MS3-PKG] [DEBUG] 🤖 [MS3-PKG] [DEBUG] 📊 [analyzeJoiSchema] Field multiChainRpcs: type=object, required=false, message=&quot;Multi-chain RPC configuration - maps chain IDs to RPC URL arrays&quot;
🤖 [MS3-PKG] [INFO] 🤖 [MS3-PKG] [INFO] 🤖 [MS3-PKG] [INFO] 🤖 [MS3-PKG] [INFO] 🤖 [MS3-PKG] [INFO] 🤖 [MS3-PKG] [INFO] 🤖 [MS3-PKG] [INFO] 🤖 [MS3-PKG] [INFO] 🤖 [MS3-PKG] [INFO] 🤖 [MS3-PKG] [INFO] 🤖 [MS3-PKG] [INFO] 🤖 [MS3-PKG] [INFO] 🤖 [MS3-PKG] [INFO] 🤖 [MS3-PKG] [INFO] 📊 [analyzeJoiSchema] Generated 14 requirements for options
🤖 [MS3-PKG] [DEBUG] 🤖 [MS3-PKG] [DEBUG] 🤖 [MS3-PKG] [DEBUG] 🤖 [MS3-PKG] [DEBUG] 🤖 [MS3-PKG] [DEBUG] 🤖 [MS3-PKG] [DEBUG] 🤖 [MS3-PKG] [DEBUG] 🤖 [MS3-PKG] [DEBUG] 🤖 [MS3-PKG] [DEBUG] 🤖 [MS3-PKG] [DEBUG] 🤖 [MS3-PKG] [DEBUG] 🤖 [MS3-PKG] [DEBUG] 🤖 [MS3-PKG] [DEBUG] 🤖 [MS3-PKG] [DEBUG] 🔍 [getRequirements] Starting analysis for bulk-test-88
🤖 [MS3-PKG] [DEBUG] 🤖 [MS3-PKG] [DEBUG] 🤖 [MS3-PKG] [DEBUG] 🤖 [MS3-PKG] [DEBUG] 🤖 [MS3-PKG] [DEBUG] 🤖 [MS3-PKG] [DEBUG] 🤖 [MS3-PKG] [DEBUG] 🤖 [MS3-PKG] [DEBUG] 🤖 [MS3-PKG] [DEBUG] 🤖 [MS3-PKG] [DEBUG] 🤖 [MS3-PKG] [DEBUG] 🤖 [MS3-PKG] [DEBUG] 🤖 [MS3-PKG] [DEBUG] 🤖 [MS3-PKG] [DEBUG] 🔬 [analyzeJoiSchema] Analyzing schema at path: options
🤖 [MS3-PKG] [DEBUG] 🤖 [MS3-PKG] [DEBUG] 🤖 [MS3-PKG] [DEBUG] 🤖 [MS3-PKG] [DEBUG] 🤖 [MS3-PKG] [DEBUG] 🤖 [MS3-PKG] [DEBUG] 🤖 [MS3-PKG] [DEBUG] 🤖 [MS3-PKG] [DEBUG] 🤖 [MS3-PKG] [DEBUG] 🤖 [MS3-PKG] [DEBUG] 🤖 [MS3-PKG] [DEBUG] 🤖 [MS3-PKG] [DEBUG] 🤖 [MS3-PKG] [DEBUG] 🤖 [MS3-PKG] [DEBUG] 📋 [analyzeJoiSchema] Schema description type: object
🤖 [MS3-PKG] [DEBUG] 🤖 [MS3-PKG] [DEBUG] 🤖 [MS3-PKG] [DEBUG] 🤖 [MS3-PKG] [DEBUG] 🤖 [MS3-PKG] [DEBUG] 🤖 [MS3-PKG] [DEBUG] 🤖 [MS3-PKG] [DEBUG] 🤖 [MS3-PKG] [DEBUG] 🤖 [MS3-PKG] [DEBUG] 🤖 [MS3-PKG] [DEBUG] 🤖 [MS3-PKG] [DEBUG] 🤖 [MS3-PKG] [DEBUG] 🤖 [MS3-PKG] [DEBUG] 🤖 [MS3-PKG] [DEBUG] 📋 [analyzeJoiSchema] Schema keys: [ [32m&apos;privateKey&apos;[39m, [32m&apos;provider&apos;[39m, [32m&apos;multiChainRpcs&apos;[39m ]
🤖 [MS3-PKG] [DEBUG] 🤖 [MS3-PKG] [DEBUG] 🤖 [MS3-PKG] [DEBUG] 🤖 [MS3-PKG] [DEBUG] 🤖 [MS3-PKG] [DEBUG] 🤖 [MS3-PKG] [DEBUG] 🤖 [MS3-PKG] [DEBUG] 🤖 [MS3-PKG] [DEBUG] 🤖 [MS3-PKG] [DEBUG] 🤖 [MS3-PKG] [DEBUG] 🤖 [MS3-PKG] [DEBUG] 🤖 [MS3-PKG] [DEBUG] 🤖 [MS3-PKG] [DEBUG] 🤖 [MS3-PKG] [DEBUG] ✅ [analyzeJoiSchema] Processing object schema with 3 keys
🤖 [MS3-PKG] [DEBUG] 🤖 [MS3-PKG] [DEBUG] 🤖 [MS3-PKG] [DEBUG] 🤖 [MS3-PKG] [DEBUG] 🤖 [MS3-PKG] [DEBUG] 🤖 [MS3-PKG] [DEBUG] 🤖 [MS3-PKG] [DEBUG] 🤖 [MS3-PKG] [DEBUG] 🤖 [MS3-PKG] [DEBUG] 🤖 [MS3-PKG] [DEBUG] 🤖 [MS3-PKG] [DEBUG] 🤖 [MS3-PKG] [DEBUG] 🤖 [MS3-PKG] [DEBUG] 🤖 [MS3-PKG] [DEBUG] 🔑 [analyzeJoiSchema] Processing field: privateKey
🤖 [MS3-PKG] [DEBUG] 🤖 [MS3-PKG] [DEBUG] 🤖 [MS3-PKG] [DEBUG] 🤖 [MS3-PKG] [DEBUG] 🤖 [MS3-PKG] [DEBUG] 🤖 [MS3-PKG] [DEBUG] 🤖 [MS3-PKG] [DEBUG] 🤖 [MS3-PKG] [DEBUG] 🤖 [MS3-PKG] [DEBUG] 🤖 [MS3-PKG] [DEBUG] 🤖 [MS3-PKG] [DEBUG] 🤖 [MS3-PKG] [DEBUG] 🤖 [MS3-PKG] [DEBUG] 🤖 [MS3-PKG] [DEBUG] 📝 [analyzeJoiSchema] Field description: {
  type: [32m&apos;string&apos;[39m,
  flags: {
    presence: [32m&apos;required&apos;[39m,
    description: [32m&apos;Private key for wallet (generates random if not provided)&apos;[39m
  },
  rules: [ { name: [32m&apos;pattern&apos;[39m, args: [36m[Object][39m } ]
}
🤖 [MS3-PKG] [DEBUG] 🤖 [MS3-PKG] [DEBUG] 🤖 [MS3-PKG] [DEBUG] 🤖 [MS3-PKG] [DEBUG] 🤖 [MS3-PKG] [DEBUG] 🤖 [MS3-PKG] [DEBUG] 🤖 [MS3-PKG] [DEBUG] 🤖 [MS3-PKG] [DEBUG] 🤖 [MS3-PKG] [DEBUG] 🤖 [MS3-PKG] [DEBUG] 🤖 [MS3-PKG] [DEBUG] 🤖 [MS3-PKG] [DEBUG] 🤖 [MS3-PKG] [DEBUG] 🤖 [MS3-PKG] [DEBUG] 📊 [analyzeJoiSchema] Field privateKey: type=string, required=true, message=&quot;Private key for wallet (generates random if not provided)&quot;
🤖 [MS3-PKG] [DEBUG] 🤖 [MS3-PKG] [DEBUG] 🤖 [MS3-PKG] [DEBUG] 🤖 [MS3-PKG] [DEBUG] 🤖 [MS3-PKG] [DEBUG] 🤖 [MS3-PKG] [DEBUG] 🤖 [MS3-PKG] [DEBUG] 🤖 [MS3-PKG] [DEBUG] 🤖 [MS3-PKG] [DEBUG] 🤖 [MS3-PKG] [DEBUG] 🤖 [MS3-PKG] [DEBUG] 🤖 [MS3-PKG] [DEBUG] 🤖 [MS3-PKG] [DEBUG] 🤖 [MS3-PKG] [DEBUG] 🔑 [analyzeJoiSchema] Processing field: provider
🤖 [MS3-PKG] [DEBUG] 🤖 [MS3-PKG] [DEBUG] 🤖 [MS3-PKG] [DEBUG] 🤖 [MS3-PKG] [DEBUG] 🤖 [MS3-PKG] [DEBUG] 🤖 [MS3-PKG] [DEBUG] 🤖 [MS3-PKG] [DEBUG] 🤖 [MS3-PKG] [DEBUG] 🤖 [MS3-PKG] [DEBUG] 🤖 [MS3-PKG] [DEBUG] 🤖 [MS3-PKG] [DEBUG] 🤖 [MS3-PKG] [DEBUG] 🤖 [MS3-PKG] [DEBUG] 🤖 [MS3-PKG] [DEBUG] 📝 [analyzeJoiSchema] Field description: {
  type: [32m&apos;object&apos;[39m,
  flags: {
    presence: [32m&apos;optional&apos;[39m,
    description: [32m&apos;Optional provider configuration&apos;[39m
  },
  keys: {
    name: { type: [32m&apos;string&apos;[39m, flags: [36m[Object][39m },
    chainId: { type: [32m&apos;string&apos;[39m, flags: [36m[Object][39m, rules: [36m[Array][39m },
    rpcUrls: { type: [32m&apos;array&apos;[39m, flags: [36m[Object][39m, rules: [36m[Array][39m, items: [36m[Array][39m },
    displayName: { type: [32m&apos;string&apos;[39m, flags: [36m[Object][39m }
  }
}
🤖 [MS3-PKG] [DEBUG] 🤖 [MS3-PKG] [DEBUG] 🤖 [MS3-PKG] [DEBUG] 🤖 [MS3-PKG] [DEBUG] 🤖 [MS3-PKG] [DEBUG] 🤖 [MS3-PKG] [DEBUG] 🤖 [MS3-PKG] [DEBUG] 🤖 [MS3-PKG] [DEBUG] 🤖 [MS3-PKG] [DEBUG] 🤖 [MS3-PKG] [DEBUG] 🤖 [MS3-PKG] [DEBUG] 🤖 [MS3-PKG] [DEBUG] 🤖 [MS3-PKG] [DEBUG] 🤖 [MS3-PKG] [DEBUG] 📊 [analyzeJoiSchema] Field provider: type=object, required=false, message=&quot;Optional provider configuration&quot;
🤖 [MS3-PKG] [DEBUG] 🤖 [MS3-PKG] [DEBUG] 🤖 [MS3-PKG] [DEBUG] 🤖 [MS3-PKG] [DEBUG] 🤖 [MS3-PKG] [DEBUG] 🤖 [MS3-PKG] [DEBUG] 🤖 [MS3-PKG] [DEBUG] 🤖 [MS3-PKG] [DEBUG] 🤖 [MS3-PKG] [DEBUG] 🤖 [MS3-PKG] [DEBUG] 🤖 [MS3-PKG] [DEBUG] 🤖 [MS3-PKG] [DEBUG] 🤖 [MS3-PKG] [DEBUG] 🤖 [MS3-PKG] [DEBUG] 🔄 [analyzeJoiSchema] Recursing into nested object: provider
🤖 [MS3-PKG] [DEBUG] 🤖 [MS3-PKG] [DEBUG] 🤖 [MS3-PKG] [DEBUG] 🤖 [MS3-PKG] [DEBUG] 🤖 [MS3-PKG] [DEBUG] 🤖 [MS3-PKG] [DEBUG] 🤖 [MS3-PKG] [DEBUG] 🤖 [MS3-PKG] [DEBUG] 🤖 [MS3-PKG] [DEBUG] 🤖 [MS3-PKG] [DEBUG] 🤖 [MS3-PKG] [DEBUG] 🤖 [MS3-PKG] [DEBUG] 🤖 [MS3-PKG] [DEBUG] 🤖 [MS3-PKG] [DEBUG] 🔑 [analyzeJoiSchema] Processing field: multiChainRpcs
🤖 [MS3-PKG] [DEBUG] 🤖 [MS3-PKG] [DEBUG] 🤖 [MS3-PKG] [DEBUG] 🤖 [MS3-PKG] [DEBUG] 🤖 [MS3-PKG] [DEBUG] 🤖 [MS3-PKG] [DEBUG] 🤖 [MS3-PKG] [DEBUG] 🤖 [MS3-PKG] [DEBUG] 🤖 [MS3-PKG] [DEBUG] 🤖 [MS3-PKG] [DEBUG] 🤖 [MS3-PKG] [DEBUG] 🤖 [MS3-PKG] [DEBUG] 🤖 [MS3-PKG] [DEBUG] 🤖 [MS3-PKG] [DEBUG] 📝 [analyzeJoiSchema] Field description: {
  type: [32m&apos;object&apos;[39m,
  flags: {
    presence: [32m&apos;optional&apos;[39m,
    description: [32m&apos;Multi-chain RPC configuration - maps chain IDs to RPC URL arrays&apos;[39m
  },
  patterns: [ { schema: [36m[Object][39m, rule: [36m[Object][39m } ]
}
🤖 [MS3-PKG] [DEBUG] 🤖 [MS3-PKG] [DEBUG] 🤖 [MS3-PKG] [DEBUG] 🤖 [MS3-PKG] [DEBUG] 🤖 [MS3-PKG] [DEBUG] 🤖 [MS3-PKG] [DEBUG] 🤖 [MS3-PKG] [DEBUG] 🤖 [MS3-PKG] [DEBUG] 🤖 [MS3-PKG] [DEBUG] 🤖 [MS3-PKG] [DEBUG] 🤖 [MS3-PKG] [DEBUG] 🤖 [MS3-PKG] [DEBUG] 🤖 [MS3-PKG] [DEBUG] 🤖 [MS3-PKG] [DEBUG] 📊 [analyzeJoiSchema] Field multiChainRpcs: type=object, required=false, message=&quot;Multi-chain RPC configuration - maps chain IDs to RPC URL arrays&quot;
🤖 [MS3-PKG] [INFO] 🤖 [MS3-PKG] [INFO] 🤖 [MS3-PKG] [INFO] 🤖 [MS3-PKG] [INFO] 🤖 [MS3-PKG] [INFO] 🤖 [MS3-PKG] [INFO] 🤖 [MS3-PKG] [INFO] 🤖 [MS3-PKG] [INFO] 🤖 [MS3-PKG] [INFO] 🤖 [MS3-PKG] [INFO] 🤖 [MS3-PKG] [INFO] 🤖 [MS3-PKG] [INFO] 🤖 [MS3-PKG] [INFO] 🤖 [MS3-PKG] [INFO] 📊 [analyzeJoiSchema] Generated 7 requirements for options
🤖 [MS3-PKG] [DEBUG] 🤖 [MS3-PKG] [DEBUG] 🤖 [MS3-PKG] [DEBUG] 🤖 [MS3-PKG] [DEBUG] 🤖 [MS3-PKG] [DEBUG] 🤖 [MS3-PKG] [DEBUG] 🤖 [MS3-PKG] [DEBUG] 🤖 [MS3-PKG] [DEBUG] 🤖 [MS3-PKG] [DEBUG] 🤖 [MS3-PKG] [DEBUG] 🤖 [MS3-PKG] [DEBUG] 🤖 [MS3-PKG] [DEBUG] 🤖 [MS3-PKG] [DEBUG] 🤖 [MS3-PKG] [DEBUG] 🔍 [getRequirements] Starting analysis for bulk-test-88
🤖 [MS3-PKG] [DEBUG] 🤖 [MS3-PKG] [DEBUG] 🤖 [MS3-PKG] [DEBUG] 🤖 [MS3-PKG] [DEBUG] 🤖 [MS3-PKG] [DEBUG] 🤖 [MS3-PKG] [DEBUG] 🤖 [MS3-PKG] [DEBUG] 🤖 [MS3-PKG] [DEBUG] 🤖 [MS3-PKG] [DEBUG] 🤖 [MS3-PKG] [DEBUG] 🤖 [MS3-PKG] [DEBUG] 🤖 [MS3-PKG] [DEBUG] 🤖 [MS3-PKG] [DEBUG] 🤖 [MS3-PKG] [DEBUG] 🔬 [analyzeJoiSchema] Analyzing schema at path: options
🤖 [MS3-PKG] [DEBUG] 🤖 [MS3-PKG] [DEBUG] 🤖 [MS3-PKG] [DEBUG] 🤖 [MS3-PKG] [DEBUG] 🤖 [MS3-PKG] [DEBUG] 🤖 [MS3-PKG] [DEBUG] 🤖 [MS3-PKG] [DEBUG] 🤖 [MS3-PKG] [DEBUG] 🤖 [MS3-PKG] [DEBUG] 🤖 [MS3-PKG] [DEBUG] 🤖 [MS3-PKG] [DEBUG] 🤖 [MS3-PKG] [DEBUG] 🤖 [MS3-PKG] [DEBUG] 🤖 [MS3-PKG] [DEBUG] 📋 [analyzeJoiSchema] Schema description type: object
🤖 [MS3-PKG] [DEBUG] 🤖 [MS3-PKG] [DEBUG] 🤖 [MS3-PKG] [DEBUG] 🤖 [MS3-PKG] [DEBUG] 🤖 [MS3-PKG] [DEBUG] 🤖 [MS3-PKG] [DEBUG] 🤖 [MS3-PKG] [DEBUG] 🤖 [MS3-PKG] [DEBUG] 🤖 [MS3-PKG] [DEBUG] 🤖 [MS3-PKG] [DEBUG] 🤖 [MS3-PKG] [DEBUG] 🤖 [MS3-PKG] [DEBUG] 🤖 [MS3-PKG] [DEBUG] 🤖 [MS3-PKG] [DEBUG] 📋 [analyzeJoiSchema] Schema keys: [ [32m&apos;web3authConfig&apos;[39m, [32m&apos;multiChainRpcs&apos;[39m ]
🤖 [MS3-PKG] [DEBUG] 🤖 [MS3-PKG] [DEBUG] 🤖 [MS3-PKG] [DEBUG] 🤖 [MS3-PKG] [DEBUG] 🤖 [MS3-PKG] [DEBUG] 🤖 [MS3-PKG] [DEBUG] 🤖 [MS3-PKG] [DEBUG] 🤖 [MS3-PKG] [DEBUG] 🤖 [MS3-PKG] [DEBUG] 🤖 [MS3-PKG] [DEBUG] 🤖 [MS3-PKG] [DEBUG] 🤖 [MS3-PKG] [DEBUG] 🤖 [MS3-PKG] [DEBUG] 🤖 [MS3-PKG] [DEBUG] ✅ [analyzeJoiSchema] Processing object schema with 2 keys
🤖 [MS3-PKG] [DEBUG] 🤖 [MS3-PKG] [DEBUG] 🤖 [MS3-PKG] [DEBUG] 🤖 [MS3-PKG] [DEBUG] 🤖 [MS3-PKG] [DEBUG] 🤖 [MS3-PKG] [DEBUG] 🤖 [MS3-PKG] [DEBUG] 🤖 [MS3-PKG] [DEBUG] 🤖 [MS3-PKG] [DEBUG] 🤖 [MS3-PKG] [DEBUG] 🤖 [MS3-PKG] [DEBUG] 🤖 [MS3-PKG] [DEBUG] 🤖 [MS3-PKG] [DEBUG] 🤖 [MS3-PKG] [DEBUG] 🔑 [analyzeJoiSchema] Processing field: web3authConfig
🤖 [MS3-PKG] [DEBUG] 🤖 [MS3-PKG] [DEBUG] 🤖 [MS3-PKG] [DEBUG] 🤖 [MS3-PKG] [DEBUG] 🤖 [MS3-PKG] [DEBUG] 🤖 [MS3-PKG] [DEBUG] 🤖 [MS3-PKG] [DEBUG] 🤖 [MS3-PKG] [DEBUG] 🤖 [MS3-PKG] [DEBUG] 🤖 [MS3-PKG] [DEBUG] 🤖 [MS3-PKG] [DEBUG] 🤖 [MS3-PKG] [DEBUG] 🤖 [MS3-PKG] [DEBUG] 🤖 [MS3-PKG] [DEBUG] 📝 [analyzeJoiSchema] Field description: {
  type: [32m&apos;object&apos;[39m,
  flags: {
    presence: [32m&apos;required&apos;[39m,
    description: [32m&apos;Web3Auth configuration object&apos;[39m
  },
  keys: {
    clientId: { type: [32m&apos;string&apos;[39m, flags: [36m[Object][39m },
    web3AuthNetwork: { type: [32m&apos;string&apos;[39m, flags: [36m[Object][39m, allow: [36m[Array][39m },
    chainConfig: { type: [32m&apos;object&apos;[39m, flags: [36m[Object][39m, keys: [36m[Object][39m },
    loginConfig: { type: [32m&apos;object&apos;[39m, flags: [36m[Object][39m },
    privateKeyProvider: { type: [32m&apos;any&apos;[39m, flags: [36m[Object][39m }
  }
}
🤖 [MS3-PKG] [DEBUG] 🤖 [MS3-PKG] [DEBUG] 🤖 [MS3-PKG] [DEBUG] 🤖 [MS3-PKG] [DEBUG] 🤖 [MS3-PKG] [DEBUG] 🤖 [MS3-PKG] [DEBUG] 🤖 [MS3-PKG] [DEBUG] 🤖 [MS3-PKG] [DEBUG] 🤖 [MS3-PKG] [DEBUG] 🤖 [MS3-PKG] [DEBUG] 🤖 [MS3-PKG] [DEBUG] 🤖 [MS3-PKG] [DEBUG] 🤖 [MS3-PKG] [DEBUG] 🤖 [MS3-PKG] [DEBUG] 📊 [analyzeJoiSchema] Field web3authConfig: type=object, required=true, message=&quot;Web3Auth configuration object&quot;
🤖 [MS3-PKG] [DEBUG] 🤖 [MS3-PKG] [DEBUG] 🤖 [MS3-PKG] [DEBUG] 🤖 [MS3-PKG] [DEBUG] 🤖 [MS3-PKG] [DEBUG] 🤖 [MS3-PKG] [DEBUG] 🤖 [MS3-PKG] [DEBUG] 🤖 [MS3-PKG] [DEBUG] 🤖 [MS3-PKG] [DEBUG] 🤖 [MS3-PKG] [DEBUG] 🤖 [MS3-PKG] [DEBUG] 🤖 [MS3-PKG] [DEBUG] 🤖 [MS3-PKG] [DEBUG] 🤖 [MS3-PKG] [DEBUG] 🔄 [analyzeJoiSchema] Recursing into nested object: web3authConfig
🤖 [MS3-PKG] [DEBUG] 🤖 [MS3-PKG] [DEBUG] 🤖 [MS3-PKG] [DEBUG] 🤖 [MS3-PKG] [DEBUG] 🤖 [MS3-PKG] [DEBUG] 🤖 [MS3-PKG] [DEBUG] 🤖 [MS3-PKG] [DEBUG] 🤖 [MS3-PKG] [DEBUG] 🤖 [MS3-PKG] [DEBUG] 🤖 [MS3-PKG] [DEBUG] 🤖 [MS3-PKG] [DEBUG] 🤖 [MS3-PKG] [DEBUG] 🤖 [MS3-PKG] [DEBUG] 🤖 [MS3-PKG] [DEBUG] 🔑 [analyzeJoiSchema] Processing field: multiChainRpcs
🤖 [MS3-PKG] [DEBUG] 🤖 [MS3-PKG] [DEBUG] 🤖 [MS3-PKG] [DEBUG] 🤖 [MS3-PKG] [DEBUG] 🤖 [MS3-PKG] [DEBUG] 🤖 [MS3-PKG] [DEBUG] 🤖 [MS3-PKG] [DEBUG] 🤖 [MS3-PKG] [DEBUG] 🤖 [MS3-PKG] [DEBUG] 🤖 [MS3-PKG] [DEBUG] 🤖 [MS3-PKG] [DEBUG] 🤖 [MS3-PKG] [DEBUG] 🤖 [MS3-PKG] [DEBUG] 🤖 [MS3-PKG] [DEBUG] 📝 [analyzeJoiSchema] Field description: {
  type: [32m&apos;object&apos;[39m,
  flags: {
    presence: [32m&apos;optional&apos;[39m,
    description: [32m&apos;Multi-chain RPC configuration - maps chain IDs to RPC URL arrays&apos;[39m
  },
  patterns: [ { schema: [36m[Object][39m, rule: [36m[Object][39m } ]
}
🤖 [MS3-PKG] [DEBUG] 🤖 [MS3-PKG] [DEBUG] 🤖 [MS3-PKG] [DEBUG] 🤖 [MS3-PKG] [DEBUG] 🤖 [MS3-PKG] [DEBUG] 🤖 [MS3-PKG] [DEBUG] 🤖 [MS3-PKG] [DEBUG] 🤖 [MS3-PKG] [DEBUG] 🤖 [MS3-PKG] [DEBUG] 🤖 [MS3-PKG] [DEBUG] 🤖 [MS3-PKG] [DEBUG] 🤖 [MS3-PKG] [DEBUG] 🤖 [MS3-PKG] [DEBUG] 🤖 [MS3-PKG] [DEBUG] 📊 [analyzeJoiSchema] Field multiChainRpcs: type=object, required=false, message=&quot;Multi-chain RPC configuration - maps chain IDs to RPC URL arrays&quot;
🤖 [MS3-PKG] [INFO] 🤖 [MS3-PKG] [INFO] 🤖 [MS3-PKG] [INFO] 🤖 [MS3-PKG] [INFO] 🤖 [MS3-PKG] [INFO] 🤖 [MS3-PKG] [INFO] 🤖 [MS3-PKG] [INFO] 🤖 [MS3-PKG] [INFO] 🤖 [MS3-PKG] [INFO] 🤖 [MS3-PKG] [INFO] 🤖 [MS3-PKG] [INFO] 🤖 [MS3-PKG] [INFO] 🤖 [MS3-PKG] [INFO] 🤖 [MS3-PKG] [INFO] 📊 [analyzeJoiSchema] Generated 14 requirements for options
🤖 [MS3-PKG] [DEBUG] 🤖 [MS3-PKG] [DEBUG] 🤖 [MS3-PKG] [DEBUG] 🤖 [MS3-PKG] [DEBUG] 🤖 [MS3-PKG] [DEBUG] 🤖 [MS3-PKG] [DEBUG] 🤖 [MS3-PKG] [DEBUG] 🤖 [MS3-PKG] [DEBUG] 🤖 [MS3-PKG] [DEBUG] 🤖 [MS3-PKG] [DEBUG] 🤖 [MS3-PKG] [DEBUG] 🤖 [MS3-PKG] [DEBUG] 🤖 [MS3-PKG] [DEBUG] 🤖 [MS3-PKG] [DEBUG] 🔍 [getRequirements] Starting analysis for bulk-test-89
🤖 [MS3-PKG] [DEBUG] 🤖 [MS3-PKG] [DEBUG] 🤖 [MS3-PKG] [DEBUG] 🤖 [MS3-PKG] [DEBUG] 🤖 [MS3-PKG] [DEBUG] 🤖 [MS3-PKG] [DEBUG] 🤖 [MS3-PKG] [DEBUG] 🤖 [MS3-PKG] [DEBUG] 🤖 [MS3-PKG] [DEBUG] 🤖 [MS3-PKG] [DEBUG] 🤖 [MS3-PKG] [DEBUG] 🤖 [MS3-PKG] [DEBUG] 🤖 [MS3-PKG] [DEBUG] 🤖 [MS3-PKG] [DEBUG] 🔬 [analyzeJoiSchema] Analyzing schema at path: options
🤖 [MS3-PKG] [DEBUG] 🤖 [MS3-PKG] [DEBUG] 🤖 [MS3-PKG] [DEBUG] 🤖 [MS3-PKG] [DEBUG] 🤖 [MS3-PKG] [DEBUG] 🤖 [MS3-PKG] [DEBUG] 🤖 [MS3-PKG] [DEBUG] 🤖 [MS3-PKG] [DEBUG] 🤖 [MS3-PKG] [DEBUG] 🤖 [MS3-PKG] [DEBUG] 🤖 [MS3-PKG] [DEBUG] 🤖 [MS3-PKG] [DEBUG] 🤖 [MS3-PKG] [DEBUG] 🤖 [MS3-PKG] [DEBUG] 📋 [analyzeJoiSchema] Schema description type: object
🤖 [MS3-PKG] [DEBUG] 🤖 [MS3-PKG] [DEBUG] 🤖 [MS3-PKG] [DEBUG] 🤖 [MS3-PKG] [DEBUG] 🤖 [MS3-PKG] [DEBUG] 🤖 [MS3-PKG] [DEBUG] 🤖 [MS3-PKG] [DEBUG] 🤖 [MS3-PKG] [DEBUG] 🤖 [MS3-PKG] [DEBUG] 🤖 [MS3-PKG] [DEBUG] 🤖 [MS3-PKG] [DEBUG] 🤖 [MS3-PKG] [DEBUG] 🤖 [MS3-PKG] [DEBUG] 🤖 [MS3-PKG] [DEBUG] 📋 [analyzeJoiSchema] Schema keys: [ [32m&apos;privateKey&apos;[39m, [32m&apos;provider&apos;[39m, [32m&apos;multiChainRpcs&apos;[39m ]
🤖 [MS3-PKG] [DEBUG] 🤖 [MS3-PKG] [DEBUG] 🤖 [MS3-PKG] [DEBUG] 🤖 [MS3-PKG] [DEBUG] 🤖 [MS3-PKG] [DEBUG] 🤖 [MS3-PKG] [DEBUG] 🤖 [MS3-PKG] [DEBUG] 🤖 [MS3-PKG] [DEBUG] 🤖 [MS3-PKG] [DEBUG] 🤖 [MS3-PKG] [DEBUG] 🤖 [MS3-PKG] [DEBUG] 🤖 [MS3-PKG] [DEBUG] 🤖 [MS3-PKG] [DEBUG] 🤖 [MS3-PKG] [DEBUG] ✅ [analyzeJoiSchema] Processing object schema with 3 keys
🤖 [MS3-PKG] [DEBUG] 🤖 [MS3-PKG] [DEBUG] 🤖 [MS3-PKG] [DEBUG] 🤖 [MS3-PKG] [DEBUG] 🤖 [MS3-PKG] [DEBUG] 🤖 [MS3-PKG] [DEBUG] 🤖 [MS3-PKG] [DEBUG] 🤖 [MS3-PKG] [DEBUG] 🤖 [MS3-PKG] [DEBUG] 🤖 [MS3-PKG] [DEBUG] 🤖 [MS3-PKG] [DEBUG] 🤖 [MS3-PKG] [DEBUG] 🤖 [MS3-PKG] [DEBUG] 🤖 [MS3-PKG] [DEBUG] 🔑 [analyzeJoiSchema] Processing field: privateKey
🤖 [MS3-PKG] [DEBUG] 🤖 [MS3-PKG] [DEBUG] 🤖 [MS3-PKG] [DEBUG] 🤖 [MS3-PKG] [DEBUG] 🤖 [MS3-PKG] [DEBUG] 🤖 [MS3-PKG] [DEBUG] 🤖 [MS3-PKG] [DEBUG] 🤖 [MS3-PKG] [DEBUG] 🤖 [MS3-PKG] [DEBUG] 🤖 [MS3-PKG] [DEBUG] 🤖 [MS3-PKG] [DEBUG] 🤖 [MS3-PKG] [DEBUG] 🤖 [MS3-PKG] [DEBUG] 🤖 [MS3-PKG] [DEBUG] 📝 [analyzeJoiSchema] Field description: {
  type: [32m&apos;string&apos;[39m,
  flags: {
    presence: [32m&apos;required&apos;[39m,
    description: [32m&apos;Private key for wallet (generates random if not provided)&apos;[39m
  },
  rules: [ { name: [32m&apos;pattern&apos;[39m, args: [36m[Object][39m } ]
}
🤖 [MS3-PKG] [DEBUG] 🤖 [MS3-PKG] [DEBUG] 🤖 [MS3-PKG] [DEBUG] 🤖 [MS3-PKG] [DEBUG] 🤖 [MS3-PKG] [DEBUG] 🤖 [MS3-PKG] [DEBUG] 🤖 [MS3-PKG] [DEBUG] 🤖 [MS3-PKG] [DEBUG] 🤖 [MS3-PKG] [DEBUG] 🤖 [MS3-PKG] [DEBUG] 🤖 [MS3-PKG] [DEBUG] 🤖 [MS3-PKG] [DEBUG] 🤖 [MS3-PKG] [DEBUG] 🤖 [MS3-PKG] [DEBUG] 📊 [analyzeJoiSchema] Field privateKey: type=string, required=true, message=&quot;Private key for wallet (generates random if not provided)&quot;
🤖 [MS3-PKG] [DEBUG] 🤖 [MS3-PKG] [DEBUG] 🤖 [MS3-PKG] [DEBUG] 🤖 [MS3-PKG] [DEBUG] 🤖 [MS3-PKG] [DEBUG] 🤖 [MS3-PKG] [DEBUG] 🤖 [MS3-PKG] [DEBUG] 🤖 [MS3-PKG] [DEBUG] 🤖 [MS3-PKG] [DEBUG] 🤖 [MS3-PKG] [DEBUG] 🤖 [MS3-PKG] [DEBUG] 🤖 [MS3-PKG] [DEBUG] 🤖 [MS3-PKG] [DEBUG] 🤖 [MS3-PKG] [DEBUG] 🔑 [analyzeJoiSchema] Processing field: provider
🤖 [MS3-PKG] [DEBUG] 🤖 [MS3-PKG] [DEBUG] 🤖 [MS3-PKG] [DEBUG] 🤖 [MS3-PKG] [DEBUG] 🤖 [MS3-PKG] [DEBUG] 🤖 [MS3-PKG] [DEBUG] 🤖 [MS3-PKG] [DEBUG] 🤖 [MS3-PKG] [DEBUG] 🤖 [MS3-PKG] [DEBUG] 🤖 [MS3-PKG] [DEBUG] 🤖 [MS3-PKG] [DEBUG] 🤖 [MS3-PKG] [DEBUG] 🤖 [MS3-PKG] [DEBUG] 🤖 [MS3-PKG] [DEBUG] 📝 [analyzeJoiSchema] Field description: {
  type: [32m&apos;object&apos;[39m,
  flags: {
    presence: [32m&apos;optional&apos;[39m,
    description: [32m&apos;Optional provider configuration&apos;[39m
  },
  keys: {
    name: { type: [32m&apos;string&apos;[39m, flags: [36m[Object][39m },
    chainId: { type: [32m&apos;string&apos;[39m, flags: [36m[Object][39m, rules: [36m[Array][39m },
    rpcUrls: { type: [32m&apos;array&apos;[39m, flags: [36m[Object][39m, rules: [36m[Array][39m, items: [36m[Array][39m },
    displayName: { type: [32m&apos;string&apos;[39m, flags: [36m[Object][39m }
  }
}
🤖 [MS3-PKG] [DEBUG] 🤖 [MS3-PKG] [DEBUG] 🤖 [MS3-PKG] [DEBUG] 🤖 [MS3-PKG] [DEBUG] 🤖 [MS3-PKG] [DEBUG] 🤖 [MS3-PKG] [DEBUG] 🤖 [MS3-PKG] [DEBUG] 🤖 [MS3-PKG] [DEBUG] 🤖 [MS3-PKG] [DEBUG] 🤖 [MS3-PKG] [DEBUG] 🤖 [MS3-PKG] [DEBUG] 🤖 [MS3-PKG] [DEBUG] 🤖 [MS3-PKG] [DEBUG] 🤖 [MS3-PKG] [DEBUG] 📊 [analyzeJoiSchema] Field provider: type=object, required=false, message=&quot;Optional provider configuration&quot;
🤖 [MS3-PKG] [DEBUG] 🤖 [MS3-PKG] [DEBUG] 🤖 [MS3-PKG] [DEBUG] 🤖 [MS3-PKG] [DEBUG] 🤖 [MS3-PKG] [DEBUG] 🤖 [MS3-PKG] [DEBUG] 🤖 [MS3-PKG] [DEBUG] 🤖 [MS3-PKG] [DEBUG] 🤖 [MS3-PKG] [DEBUG] 🤖 [MS3-PKG] [DEBUG] 🤖 [MS3-PKG] [DEBUG] 🤖 [MS3-PKG] [DEBUG] 🤖 [MS3-PKG] [DEBUG] 🤖 [MS3-PKG] [DEBUG] 🔄 [analyzeJoiSchema] Recursing into nested object: provider
🤖 [MS3-PKG] [DEBUG] 🤖 [MS3-PKG] [DEBUG] 🤖 [MS3-PKG] [DEBUG] 🤖 [MS3-PKG] [DEBUG] 🤖 [MS3-PKG] [DEBUG] 🤖 [MS3-PKG] [DEBUG] 🤖 [MS3-PKG] [DEBUG] 🤖 [MS3-PKG] [DEBUG] 🤖 [MS3-PKG] [DEBUG] 🤖 [MS3-PKG] [DEBUG] 🤖 [MS3-PKG] [DEBUG] 🤖 [MS3-PKG] [DEBUG] 🤖 [MS3-PKG] [DEBUG] 🤖 [MS3-PKG] [DEBUG] 🔑 [analyzeJoiSchema] Processing field: multiChainRpcs
🤖 [MS3-PKG] [DEBUG] 🤖 [MS3-PKG] [DEBUG] 🤖 [MS3-PKG] [DEBUG] 🤖 [MS3-PKG] [DEBUG] 🤖 [MS3-PKG] [DEBUG] 🤖 [MS3-PKG] [DEBUG] 🤖 [MS3-PKG] [DEBUG] 🤖 [MS3-PKG] [DEBUG] 🤖 [MS3-PKG] [DEBUG] 🤖 [MS3-PKG] [DEBUG] 🤖 [MS3-PKG] [DEBUG] 🤖 [MS3-PKG] [DEBUG] 🤖 [MS3-PKG] [DEBUG] 🤖 [MS3-PKG] [DEBUG] 📝 [analyzeJoiSchema] Field description: {
  type: [32m&apos;object&apos;[39m,
  flags: {
    presence: [32m&apos;optional&apos;[39m,
    description: [32m&apos;Multi-chain RPC configuration - maps chain IDs to RPC URL arrays&apos;[39m
  },
  patterns: [ { schema: [36m[Object][39m, rule: [36m[Object][39m } ]
}
🤖 [MS3-PKG] [DEBUG] 🤖 [MS3-PKG] [DEBUG] 🤖 [MS3-PKG] [DEBUG] 🤖 [MS3-PKG] [DEBUG] 🤖 [MS3-PKG] [DEBUG] 🤖 [MS3-PKG] [DEBUG] 🤖 [MS3-PKG] [DEBUG] 🤖 [MS3-PKG] [DEBUG] 🤖 [MS3-PKG] [DEBUG] 🤖 [MS3-PKG] [DEBUG] 🤖 [MS3-PKG] [DEBUG] 🤖 [MS3-PKG] [DEBUG] 🤖 [MS3-PKG] [DEBUG] 🤖 [MS3-PKG] [DEBUG] 📊 [analyzeJoiSchema] Field multiChainRpcs: type=object, required=false, message=&quot;Multi-chain RPC configuration - maps chain IDs to RPC URL arrays&quot;
🤖 [MS3-PKG] [INFO] 🤖 [MS3-PKG] [INFO] 🤖 [MS3-PKG] [INFO] 🤖 [MS3-PKG] [INFO] 🤖 [MS3-PKG] [INFO] 🤖 [MS3-PKG] [INFO] 🤖 [MS3-PKG] [INFO] 🤖 [MS3-PKG] [INFO] 🤖 [MS3-PKG] [INFO] 🤖 [MS3-PKG] [INFO] 🤖 [MS3-PKG] [INFO] 🤖 [MS3-PKG] [INFO] 🤖 [MS3-PKG] [INFO] 🤖 [MS3-PKG] [INFO] 📊 [analyzeJoiSchema] Generated 7 requirements for options
🤖 [MS3-PKG] [DEBUG] 🤖 [MS3-PKG] [DEBUG] 🤖 [MS3-PKG] [DEBUG] 🤖 [MS3-PKG] [DEBUG] 🤖 [MS3-PKG] [DEBUG] 🤖 [MS3-PKG] [DEBUG] 🤖 [MS3-PKG] [DEBUG] 🤖 [MS3-PKG] [DEBUG] 🤖 [MS3-PKG] [DEBUG] 🤖 [MS3-PKG] [DEBUG] 🤖 [MS3-PKG] [DEBUG] 🤖 [MS3-PKG] [DEBUG] 🤖 [MS3-PKG] [DEBUG] 🤖 [MS3-PKG] [DEBUG] 🔍 [getRequirements] Starting analysis for bulk-test-89
🤖 [MS3-PKG] [DEBUG] 🤖 [MS3-PKG] [DEBUG] 🤖 [MS3-PKG] [DEBUG] 🤖 [MS3-PKG] [DEBUG] 🤖 [MS3-PKG] [DEBUG] 🤖 [MS3-PKG] [DEBUG] 🤖 [MS3-PKG] [DEBUG] 🤖 [MS3-PKG] [DEBUG] 🤖 [MS3-PKG] [DEBUG] 🤖 [MS3-PKG] [DEBUG] 🤖 [MS3-PKG] [DEBUG] 🤖 [MS3-PKG] [DEBUG] 🤖 [MS3-PKG] [DEBUG] 🤖 [MS3-PKG] [DEBUG] 🔬 [analyzeJoiSchema] Analyzing schema at path: options
🤖 [MS3-PKG] [DEBUG] 🤖 [MS3-PKG] [DEBUG] 🤖 [MS3-PKG] [DEBUG] 🤖 [MS3-PKG] [DEBUG] 🤖 [MS3-PKG] [DEBUG] 🤖 [MS3-PKG] [DEBUG] 🤖 [MS3-PKG] [DEBUG] 🤖 [MS3-PKG] [DEBUG] 🤖 [MS3-PKG] [DEBUG] 🤖 [MS3-PKG] [DEBUG] 🤖 [MS3-PKG] [DEBUG] 🤖 [MS3-PKG] [DEBUG] 🤖 [MS3-PKG] [DEBUG] 🤖 [MS3-PKG] [DEBUG] 📋 [analyzeJoiSchema] Schema description type: object
🤖 [MS3-PKG] [DEBUG] 🤖 [MS3-PKG] [DEBUG] 🤖 [MS3-PKG] [DEBUG] 🤖 [MS3-PKG] [DEBUG] 🤖 [MS3-PKG] [DEBUG] 🤖 [MS3-PKG] [DEBUG] 🤖 [MS3-PKG] [DEBUG] 🤖 [MS3-PKG] [DEBUG] 🤖 [MS3-PKG] [DEBUG] 🤖 [MS3-PKG] [DEBUG] 🤖 [MS3-PKG] [DEBUG] 🤖 [MS3-PKG] [DEBUG] 🤖 [MS3-PKG] [DEBUG] 🤖 [MS3-PKG] [DEBUG] 📋 [analyzeJoiSchema] Schema keys: [ [32m&apos;web3authConfig&apos;[39m, [32m&apos;multiChainRpcs&apos;[39m ]
🤖 [MS3-PKG] [DEBUG] 🤖 [MS3-PKG] [DEBUG] 🤖 [MS3-PKG] [DEBUG] 🤖 [MS3-PKG] [DEBUG] 🤖 [MS3-PKG] [DEBUG] 🤖 [MS3-PKG] [DEBUG] 🤖 [MS3-PKG] [DEBUG] 🤖 [MS3-PKG] [DEBUG] 🤖 [MS3-PKG] [DEBUG] 🤖 [MS3-PKG] [DEBUG] 🤖 [MS3-PKG] [DEBUG] 🤖 [MS3-PKG] [DEBUG] 🤖 [MS3-PKG] [DEBUG] 🤖 [MS3-PKG] [DEBUG] ✅ [analyzeJoiSchema] Processing object schema with 2 keys
🤖 [MS3-PKG] [DEBUG] 🤖 [MS3-PKG] [DEBUG] 🤖 [MS3-PKG] [DEBUG] 🤖 [MS3-PKG] [DEBUG] 🤖 [MS3-PKG] [DEBUG] 🤖 [MS3-PKG] [DEBUG] 🤖 [MS3-PKG] [DEBUG] 🤖 [MS3-PKG] [DEBUG] 🤖 [MS3-PKG] [DEBUG] 🤖 [MS3-PKG] [DEBUG] 🤖 [MS3-PKG] [DEBUG] 🤖 [MS3-PKG] [DEBUG] 🤖 [MS3-PKG] [DEBUG] 🤖 [MS3-PKG] [DEBUG] 🔑 [analyzeJoiSchema] Processing field: web3authConfig
🤖 [MS3-PKG] [DEBUG] 🤖 [MS3-PKG] [DEBUG] 🤖 [MS3-PKG] [DEBUG] 🤖 [MS3-PKG] [DEBUG] 🤖 [MS3-PKG] [DEBUG] 🤖 [MS3-PKG] [DEBUG] 🤖 [MS3-PKG] [DEBUG] 🤖 [MS3-PKG] [DEBUG] 🤖 [MS3-PKG] [DEBUG] 🤖 [MS3-PKG] [DEBUG] 🤖 [MS3-PKG] [DEBUG] 🤖 [MS3-PKG] [DEBUG] 🤖 [MS3-PKG] [DEBUG] 🤖 [MS3-PKG] [DEBUG] 📝 [analyzeJoiSchema] Field description: {
  type: [32m&apos;object&apos;[39m,
  flags: {
    presence: [32m&apos;required&apos;[39m,
    description: [32m&apos;Web3Auth configuration object&apos;[39m
  },
  keys: {
    clientId: { type: [32m&apos;string&apos;[39m, flags: [36m[Object][39m },
    web3AuthNetwork: { type: [32m&apos;string&apos;[39m, flags: [36m[Object][39m, allow: [36m[Array][39m },
    chainConfig: { type: [32m&apos;object&apos;[39m, flags: [36m[Object][39m, keys: [36m[Object][39m },
    loginConfig: { type: [32m&apos;object&apos;[39m, flags: [36m[Object][39m },
    privateKeyProvider: { type: [32m&apos;any&apos;[39m, flags: [36m[Object][39m }
  }
}
🤖 [MS3-PKG] [DEBUG] 🤖 [MS3-PKG] [DEBUG] 🤖 [MS3-PKG] [DEBUG] 🤖 [MS3-PKG] [DEBUG] 🤖 [MS3-PKG] [DEBUG] 🤖 [MS3-PKG] [DEBUG] 🤖 [MS3-PKG] [DEBUG] 🤖 [MS3-PKG] [DEBUG] 🤖 [MS3-PKG] [DEBUG] 🤖 [MS3-PKG] [DEBUG] 🤖 [MS3-PKG] [DEBUG] 🤖 [MS3-PKG] [DEBUG] 🤖 [MS3-PKG] [DEBUG] 🤖 [MS3-PKG] [DEBUG] 📊 [analyzeJoiSchema] Field web3authConfig: type=object, required=true, message=&quot;Web3Auth configuration object&quot;
🤖 [MS3-PKG] [DEBUG] 🤖 [MS3-PKG] [DEBUG] 🤖 [MS3-PKG] [DEBUG] 🤖 [MS3-PKG] [DEBUG] 🤖 [MS3-PKG] [DEBUG] 🤖 [MS3-PKG] [DEBUG] 🤖 [MS3-PKG] [DEBUG] 🤖 [MS3-PKG] [DEBUG] 🤖 [MS3-PKG] [DEBUG] 🤖 [MS3-PKG] [DEBUG] 🤖 [MS3-PKG] [DEBUG] 🤖 [MS3-PKG] [DEBUG] 🤖 [MS3-PKG] [DEBUG] 🤖 [MS3-PKG] [DEBUG] 🔄 [analyzeJoiSchema] Recursing into nested object: web3authConfig
🤖 [MS3-PKG] [DEBUG] 🤖 [MS3-PKG] [DEBUG] 🤖 [MS3-PKG] [DEBUG] 🤖 [MS3-PKG] [DEBUG] 🤖 [MS3-PKG] [DEBUG] 🤖 [MS3-PKG] [DEBUG] 🤖 [MS3-PKG] [DEBUG] 🤖 [MS3-PKG] [DEBUG] 🤖 [MS3-PKG] [DEBUG] 🤖 [MS3-PKG] [DEBUG] 🤖 [MS3-PKG] [DEBUG] 🤖 [MS3-PKG] [DEBUG] 🤖 [MS3-PKG] [DEBUG] 🤖 [MS3-PKG] [DEBUG] 🔑 [analyzeJoiSchema] Processing field: multiChainRpcs
🤖 [MS3-PKG] [DEBUG] 🤖 [MS3-PKG] [DEBUG] 🤖 [MS3-PKG] [DEBUG] 🤖 [MS3-PKG] [DEBUG] 🤖 [MS3-PKG] [DEBUG] 🤖 [MS3-PKG] [DEBUG] 🤖 [MS3-PKG] [DEBUG] 🤖 [MS3-PKG] [DEBUG] 🤖 [MS3-PKG] [DEBUG] 🤖 [MS3-PKG] [DEBUG] 🤖 [MS3-PKG] [DEBUG] 🤖 [MS3-PKG] [DEBUG] 🤖 [MS3-PKG] [DEBUG] 🤖 [MS3-PKG] [DEBUG] 📝 [analyzeJoiSchema] Field description: {
  type: [32m&apos;object&apos;[39m,
  flags: {
    presence: [32m&apos;optional&apos;[39m,
    description: [32m&apos;Multi-chain RPC configuration - maps chain IDs to RPC URL arrays&apos;[39m
  },
  patterns: [ { schema: [36m[Object][39m, rule: [36m[Object][39m } ]
}
🤖 [MS3-PKG] [DEBUG] 🤖 [MS3-PKG] [DEBUG] 🤖 [MS3-PKG] [DEBUG] 🤖 [MS3-PKG] [DEBUG] 🤖 [MS3-PKG] [DEBUG] 🤖 [MS3-PKG] [DEBUG] 🤖 [MS3-PKG] [DEBUG] 🤖 [MS3-PKG] [DEBUG] 🤖 [MS3-PKG] [DEBUG] 🤖 [MS3-PKG] [DEBUG] 🤖 [MS3-PKG] [DEBUG] 🤖 [MS3-PKG] [DEBUG] 🤖 [MS3-PKG] [DEBUG] 🤖 [MS3-PKG] [DEBUG] 📊 [analyzeJoiSchema] Field multiChainRpcs: type=object, required=false, message=&quot;Multi-chain RPC configuration - maps chain IDs to RPC URL arrays&quot;
🤖 [MS3-PKG] [INFO] 🤖 [MS3-PKG] [INFO] 🤖 [MS3-PKG] [INFO] 🤖 [MS3-PKG] [INFO] 🤖 [MS3-PKG] [INFO] 🤖 [MS3-PKG] [INFO] 🤖 [MS3-PKG] [INFO] 🤖 [MS3-PKG] [INFO] 🤖 [MS3-PKG] [INFO] 🤖 [MS3-PKG] [INFO] 🤖 [MS3-PKG] [INFO] 🤖 [MS3-PKG] [INFO] 🤖 [MS3-PKG] [INFO] 🤖 [MS3-PKG] [INFO] 📊 [analyzeJoiSchema] Generated 14 requirements for options
🤖 [MS3-PKG] [DEBUG] 🤖 [MS3-PKG] [DEBUG] 🤖 [MS3-PKG] [DEBUG] 🤖 [MS3-PKG] [DEBUG] 🤖 [MS3-PKG] [DEBUG] 🤖 [MS3-PKG] [DEBUG] 🤖 [MS3-PKG] [DEBUG] 🤖 [MS3-PKG] [DEBUG] 🤖 [MS3-PKG] [DEBUG] 🤖 [MS3-PKG] [DEBUG] 🤖 [MS3-PKG] [DEBUG] 🤖 [MS3-PKG] [DEBUG] 🤖 [MS3-PKG] [DEBUG] 🤖 [MS3-PKG] [DEBUG] 🔍 [getRequirements] Starting analysis for bulk-test-90
🤖 [MS3-PKG] [DEBUG] 🤖 [MS3-PKG] [DEBUG] 🤖 [MS3-PKG] [DEBUG] 🤖 [MS3-PKG] [DEBUG] 🤖 [MS3-PKG] [DEBUG] 🤖 [MS3-PKG] [DEBUG] 🤖 [MS3-PKG] [DEBUG] 🤖 [MS3-PKG] [DEBUG] 🤖 [MS3-PKG] [DEBUG] 🤖 [MS3-PKG] [DEBUG] 🤖 [MS3-PKG] [DEBUG] 🤖 [MS3-PKG] [DEBUG] 🤖 [MS3-PKG] [DEBUG] 🤖 [MS3-PKG] [DEBUG] 🔬 [analyzeJoiSchema] Analyzing schema at path: options
🤖 [MS3-PKG] [DEBUG] 🤖 [MS3-PKG] [DEBUG] 🤖 [MS3-PKG] [DEBUG] 🤖 [MS3-PKG] [DEBUG] 🤖 [MS3-PKG] [DEBUG] 🤖 [MS3-PKG] [DEBUG] 🤖 [MS3-PKG] [DEBUG] 🤖 [MS3-PKG] [DEBUG] 🤖 [MS3-PKG] [DEBUG] 🤖 [MS3-PKG] [DEBUG] 🤖 [MS3-PKG] [DEBUG] 🤖 [MS3-PKG] [DEBUG] 🤖 [MS3-PKG] [DEBUG] 🤖 [MS3-PKG] [DEBUG] 📋 [analyzeJoiSchema] Schema description type: object
🤖 [MS3-PKG] [DEBUG] 🤖 [MS3-PKG] [DEBUG] 🤖 [MS3-PKG] [DEBUG] 🤖 [MS3-PKG] [DEBUG] 🤖 [MS3-PKG] [DEBUG] 🤖 [MS3-PKG] [DEBUG] 🤖 [MS3-PKG] [DEBUG] 🤖 [MS3-PKG] [DEBUG] 🤖 [MS3-PKG] [DEBUG] 🤖 [MS3-PKG] [DEBUG] 🤖 [MS3-PKG] [DEBUG] 🤖 [MS3-PKG] [DEBUG] 🤖 [MS3-PKG] [DEBUG] 🤖 [MS3-PKG] [DEBUG] 📋 [analyzeJoiSchema] Schema keys: [ [32m&apos;privateKey&apos;[39m, [32m&apos;provider&apos;[39m, [32m&apos;multiChainRpcs&apos;[39m ]
🤖 [MS3-PKG] [DEBUG] 🤖 [MS3-PKG] [DEBUG] 🤖 [MS3-PKG] [DEBUG] 🤖 [MS3-PKG] [DEBUG] 🤖 [MS3-PKG] [DEBUG] 🤖 [MS3-PKG] [DEBUG] 🤖 [MS3-PKG] [DEBUG] 🤖 [MS3-PKG] [DEBUG] 🤖 [MS3-PKG] [DEBUG] 🤖 [MS3-PKG] [DEBUG] 🤖 [MS3-PKG] [DEBUG] 🤖 [MS3-PKG] [DEBUG] 🤖 [MS3-PKG] [DEBUG] 🤖 [MS3-PKG] [DEBUG] ✅ [analyzeJoiSchema] Processing object schema with 3 keys
🤖 [MS3-PKG] [DEBUG] 🤖 [MS3-PKG] [DEBUG] 🤖 [MS3-PKG] [DEBUG] 🤖 [MS3-PKG] [DEBUG] 🤖 [MS3-PKG] [DEBUG] 🤖 [MS3-PKG] [DEBUG] 🤖 [MS3-PKG] [DEBUG] 🤖 [MS3-PKG] [DEBUG] 🤖 [MS3-PKG] [DEBUG] 🤖 [MS3-PKG] [DEBUG] 🤖 [MS3-PKG] [DEBUG] 🤖 [MS3-PKG] [DEBUG] 🤖 [MS3-PKG] [DEBUG] 🤖 [MS3-PKG] [DEBUG] 🔑 [analyzeJoiSchema] Processing field: privateKey
🤖 [MS3-PKG] [DEBUG] 🤖 [MS3-PKG] [DEBUG] 🤖 [MS3-PKG] [DEBUG] 🤖 [MS3-PKG] [DEBUG] 🤖 [MS3-PKG] [DEBUG] 🤖 [MS3-PKG] [DEBUG] 🤖 [MS3-PKG] [DEBUG] 🤖 [MS3-PKG] [DEBUG] 🤖 [MS3-PKG] [DEBUG] 🤖 [MS3-PKG] [DEBUG] 🤖 [MS3-PKG] [DEBUG] 🤖 [MS3-PKG] [DEBUG] 🤖 [MS3-PKG] [DEBUG] 🤖 [MS3-PKG] [DEBUG] 📝 [analyzeJoiSchema] Field description: {
  type: [32m&apos;string&apos;[39m,
  flags: {
    presence: [32m&apos;required&apos;[39m,
    description: [32m&apos;Private key for wallet (generates random if not provided)&apos;[39m
  },
  rules: [ { name: [32m&apos;pattern&apos;[39m, args: [36m[Object][39m } ]
}
🤖 [MS3-PKG] [DEBUG] 🤖 [MS3-PKG] [DEBUG] 🤖 [MS3-PKG] [DEBUG] 🤖 [MS3-PKG] [DEBUG] 🤖 [MS3-PKG] [DEBUG] 🤖 [MS3-PKG] [DEBUG] 🤖 [MS3-PKG] [DEBUG] 🤖 [MS3-PKG] [DEBUG] 🤖 [MS3-PKG] [DEBUG] 🤖 [MS3-PKG] [DEBUG] 🤖 [MS3-PKG] [DEBUG] 🤖 [MS3-PKG] [DEBUG] 🤖 [MS3-PKG] [DEBUG] 🤖 [MS3-PKG] [DEBUG] 📊 [analyzeJoiSchema] Field privateKey: type=string, required=true, message=&quot;Private key for wallet (generates random if not provided)&quot;
🤖 [MS3-PKG] [DEBUG] 🤖 [MS3-PKG] [DEBUG] 🤖 [MS3-PKG] [DEBUG] 🤖 [MS3-PKG] [DEBUG] 🤖 [MS3-PKG] [DEBUG] 🤖 [MS3-PKG] [DEBUG] 🤖 [MS3-PKG] [DEBUG] 🤖 [MS3-PKG] [DEBUG] 🤖 [MS3-PKG] [DEBUG] 🤖 [MS3-PKG] [DEBUG] 🤖 [MS3-PKG] [DEBUG] 🤖 [MS3-PKG] [DEBUG] 🤖 [MS3-PKG] [DEBUG] 🤖 [MS3-PKG] [DEBUG] 🔑 [analyzeJoiSchema] Processing field: provider
🤖 [MS3-PKG] [DEBUG] 🤖 [MS3-PKG] [DEBUG] 🤖 [MS3-PKG] [DEBUG] 🤖 [MS3-PKG] [DEBUG] 🤖 [MS3-PKG] [DEBUG] 🤖 [MS3-PKG] [DEBUG] 🤖 [MS3-PKG] [DEBUG] 🤖 [MS3-PKG] [DEBUG] 🤖 [MS3-PKG] [DEBUG] 🤖 [MS3-PKG] [DEBUG] 🤖 [MS3-PKG] [DEBUG] 🤖 [MS3-PKG] [DEBUG] 🤖 [MS3-PKG] [DEBUG] 🤖 [MS3-PKG] [DEBUG] 📝 [analyzeJoiSchema] Field description: {
  type: [32m&apos;object&apos;[39m,
  flags: {
    presence: [32m&apos;optional&apos;[39m,
    description: [32m&apos;Optional provider configuration&apos;[39m
  },
  keys: {
    name: { type: [32m&apos;string&apos;[39m, flags: [36m[Object][39m },
    chainId: { type: [32m&apos;string&apos;[39m, flags: [36m[Object][39m, rules: [36m[Array][39m },
    rpcUrls: { type: [32m&apos;array&apos;[39m, flags: [36m[Object][39m, rules: [36m[Array][39m, items: [36m[Array][39m },
    displayName: { type: [32m&apos;string&apos;[39m, flags: [36m[Object][39m }
  }
}
🤖 [MS3-PKG] [DEBUG] 🤖 [MS3-PKG] [DEBUG] 🤖 [MS3-PKG] [DEBUG] 🤖 [MS3-PKG] [DEBUG] 🤖 [MS3-PKG] [DEBUG] 🤖 [MS3-PKG] [DEBUG] 🤖 [MS3-PKG] [DEBUG] 🤖 [MS3-PKG] [DEBUG] 🤖 [MS3-PKG] [DEBUG] 🤖 [MS3-PKG] [DEBUG] 🤖 [MS3-PKG] [DEBUG] 🤖 [MS3-PKG] [DEBUG] 🤖 [MS3-PKG] [DEBUG] 🤖 [MS3-PKG] [DEBUG] 📊 [analyzeJoiSchema] Field provider: type=object, required=false, message=&quot;Optional provider configuration&quot;
🤖 [MS3-PKG] [DEBUG] 🤖 [MS3-PKG] [DEBUG] 🤖 [MS3-PKG] [DEBUG] 🤖 [MS3-PKG] [DEBUG] 🤖 [MS3-PKG] [DEBUG] 🤖 [MS3-PKG] [DEBUG] 🤖 [MS3-PKG] [DEBUG] 🤖 [MS3-PKG] [DEBUG] 🤖 [MS3-PKG] [DEBUG] 🤖 [MS3-PKG] [DEBUG] 🤖 [MS3-PKG] [DEBUG] 🤖 [MS3-PKG] [DEBUG] 🤖 [MS3-PKG] [DEBUG] 🤖 [MS3-PKG] [DEBUG] 🔄 [analyzeJoiSchema] Recursing into nested object: provider
🤖 [MS3-PKG] [DEBUG] 🤖 [MS3-PKG] [DEBUG] 🤖 [MS3-PKG] [DEBUG] 🤖 [MS3-PKG] [DEBUG] 🤖 [MS3-PKG] [DEBUG] 🤖 [MS3-PKG] [DEBUG] 🤖 [MS3-PKG] [DEBUG] 🤖 [MS3-PKG] [DEBUG] 🤖 [MS3-PKG] [DEBUG] 🤖 [MS3-PKG] [DEBUG] 🤖 [MS3-PKG] [DEBUG] 🤖 [MS3-PKG] [DEBUG] 🤖 [MS3-PKG] [DEBUG] 🤖 [MS3-PKG] [DEBUG] 🔑 [analyzeJoiSchema] Processing field: multiChainRpcs
🤖 [MS3-PKG] [DEBUG] 🤖 [MS3-PKG] [DEBUG] 🤖 [MS3-PKG] [DEBUG] 🤖 [MS3-PKG] [DEBUG] 🤖 [MS3-PKG] [DEBUG] 🤖 [MS3-PKG] [DEBUG] 🤖 [MS3-PKG] [DEBUG] 🤖 [MS3-PKG] [DEBUG] 🤖 [MS3-PKG] [DEBUG] 🤖 [MS3-PKG] [DEBUG] 🤖 [MS3-PKG] [DEBUG] 🤖 [MS3-PKG] [DEBUG] 🤖 [MS3-PKG] [DEBUG] 🤖 [MS3-PKG] [DEBUG] 📝 [analyzeJoiSchema] Field description: {
  type: [32m&apos;object&apos;[39m,
  flags: {
    presence: [32m&apos;optional&apos;[39m,
    description: [32m&apos;Multi-chain RPC configuration - maps chain IDs to RPC URL arrays&apos;[39m
  },
  patterns: [ { schema: [36m[Object][39m, rule: [36m[Object][39m } ]
}
🤖 [MS3-PKG] [DEBUG] 🤖 [MS3-PKG] [DEBUG] 🤖 [MS3-PKG] [DEBUG] 🤖 [MS3-PKG] [DEBUG] 🤖 [MS3-PKG] [DEBUG] 🤖 [MS3-PKG] [DEBUG] 🤖 [MS3-PKG] [DEBUG] 🤖 [MS3-PKG] [DEBUG] 🤖 [MS3-PKG] [DEBUG] 🤖 [MS3-PKG] [DEBUG] 🤖 [MS3-PKG] [DEBUG] 🤖 [MS3-PKG] [DEBUG] 🤖 [MS3-PKG] [DEBUG] 🤖 [MS3-PKG] [DEBUG] 📊 [analyzeJoiSchema] Field multiChainRpcs: type=object, required=false, message=&quot;Multi-chain RPC configuration - maps chain IDs to RPC URL arrays&quot;
🤖 [MS3-PKG] [INFO] 🤖 [MS3-PKG] [INFO] 🤖 [MS3-PKG] [INFO] 🤖 [MS3-PKG] [INFO] 🤖 [MS3-PKG] [INFO] 🤖 [MS3-PKG] [INFO] 🤖 [MS3-PKG] [INFO] 🤖 [MS3-PKG] [INFO] 🤖 [MS3-PKG] [INFO] 🤖 [MS3-PKG] [INFO] 🤖 [MS3-PKG] [INFO] 🤖 [MS3-PKG] [INFO] 🤖 [MS3-PKG] [INFO] 🤖 [MS3-PKG] [INFO] 📊 [analyzeJoiSchema] Generated 7 requirements for options
🤖 [MS3-PKG] [DEBUG] 🤖 [MS3-PKG] [DEBUG] 🤖 [MS3-PKG] [DEBUG] 🤖 [MS3-PKG] [DEBUG] 🤖 [MS3-PKG] [DEBUG] 🤖 [MS3-PKG] [DEBUG] 🤖 [MS3-PKG] [DEBUG] 🤖 [MS3-PKG] [DEBUG] 🤖 [MS3-PKG] [DEBUG] 🤖 [MS3-PKG] [DEBUG] 🤖 [MS3-PKG] [DEBUG] 🤖 [MS3-PKG] [DEBUG] 🤖 [MS3-PKG] [DEBUG] 🤖 [MS3-PKG] [DEBUG] 🔍 [getRequirements] Starting analysis for bulk-test-90
🤖 [MS3-PKG] [DEBUG] 🤖 [MS3-PKG] [DEBUG] 🤖 [MS3-PKG] [DEBUG] 🤖 [MS3-PKG] [DEBUG] 🤖 [MS3-PKG] [DEBUG] 🤖 [MS3-PKG] [DEBUG] 🤖 [MS3-PKG] [DEBUG] 🤖 [MS3-PKG] [DEBUG] 🤖 [MS3-PKG] [DEBUG] 🤖 [MS3-PKG] [DEBUG] 🤖 [MS3-PKG] [DEBUG] 🤖 [MS3-PKG] [DEBUG] 🤖 [MS3-PKG] [DEBUG] 🤖 [MS3-PKG] [DEBUG] 🔬 [analyzeJoiSchema] Analyzing schema at path: options
🤖 [MS3-PKG] [DEBUG] 🤖 [MS3-PKG] [DEBUG] 🤖 [MS3-PKG] [DEBUG] 🤖 [MS3-PKG] [DEBUG] 🤖 [MS3-PKG] [DEBUG] 🤖 [MS3-PKG] [DEBUG] 🤖 [MS3-PKG] [DEBUG] 🤖 [MS3-PKG] [DEBUG] 🤖 [MS3-PKG] [DEBUG] 🤖 [MS3-PKG] [DEBUG] 🤖 [MS3-PKG] [DEBUG] 🤖 [MS3-PKG] [DEBUG] 🤖 [MS3-PKG] [DEBUG] 🤖 [MS3-PKG] [DEBUG] 📋 [analyzeJoiSchema] Schema description type: object
🤖 [MS3-PKG] [DEBUG] 🤖 [MS3-PKG] [DEBUG] 🤖 [MS3-PKG] [DEBUG] 🤖 [MS3-PKG] [DEBUG] 🤖 [MS3-PKG] [DEBUG] 🤖 [MS3-PKG] [DEBUG] 🤖 [MS3-PKG] [DEBUG] 🤖 [MS3-PKG] [DEBUG] 🤖 [MS3-PKG] [DEBUG] 🤖 [MS3-PKG] [DEBUG] 🤖 [MS3-PKG] [DEBUG] 🤖 [MS3-PKG] [DEBUG] 🤖 [MS3-PKG] [DEBUG] 🤖 [MS3-PKG] [DEBUG] 📋 [analyzeJoiSchema] Schema keys: [ [32m&apos;web3authConfig&apos;[39m, [32m&apos;multiChainRpcs&apos;[39m ]
🤖 [MS3-PKG] [DEBUG] 🤖 [MS3-PKG] [DEBUG] 🤖 [MS3-PKG] [DEBUG] 🤖 [MS3-PKG] [DEBUG] 🤖 [MS3-PKG] [DEBUG] 🤖 [MS3-PKG] [DEBUG] 🤖 [MS3-PKG] [DEBUG] 🤖 [MS3-PKG] [DEBUG] 🤖 [MS3-PKG] [DEBUG] 🤖 [MS3-PKG] [DEBUG] 🤖 [MS3-PKG] [DEBUG] 🤖 [MS3-PKG] [DEBUG] 🤖 [MS3-PKG] [DEBUG] 🤖 [MS3-PKG] [DEBUG] ✅ [analyzeJoiSchema] Processing object schema with 2 keys
🤖 [MS3-PKG] [DEBUG] 🤖 [MS3-PKG] [DEBUG] 🤖 [MS3-PKG] [DEBUG] 🤖 [MS3-PKG] [DEBUG] 🤖 [MS3-PKG] [DEBUG] 🤖 [MS3-PKG] [DEBUG] 🤖 [MS3-PKG] [DEBUG] 🤖 [MS3-PKG] [DEBUG] 🤖 [MS3-PKG] [DEBUG] 🤖 [MS3-PKG] [DEBUG] 🤖 [MS3-PKG] [DEBUG] 🤖 [MS3-PKG] [DEBUG] 🤖 [MS3-PKG] [DEBUG] 🤖 [MS3-PKG] [DEBUG] 🔑 [analyzeJoiSchema] Processing field: web3authConfig
🤖 [MS3-PKG] [DEBUG] 🤖 [MS3-PKG] [DEBUG] 🤖 [MS3-PKG] [DEBUG] 🤖 [MS3-PKG] [DEBUG] 🤖 [MS3-PKG] [DEBUG] 🤖 [MS3-PKG] [DEBUG] 🤖 [MS3-PKG] [DEBUG] 🤖 [MS3-PKG] [DEBUG] 🤖 [MS3-PKG] [DEBUG] 🤖 [MS3-PKG] [DEBUG] 🤖 [MS3-PKG] [DEBUG] 🤖 [MS3-PKG] [DEBUG] 🤖 [MS3-PKG] [DEBUG] 🤖 [MS3-PKG] [DEBUG] 📝 [analyzeJoiSchema] Field description: {
  type: [32m&apos;object&apos;[39m,
  flags: {
    presence: [32m&apos;required&apos;[39m,
    description: [32m&apos;Web3Auth configuration object&apos;[39m
  },
  keys: {
    clientId: { type: [32m&apos;string&apos;[39m, flags: [36m[Object][39m },
    web3AuthNetwork: { type: [32m&apos;string&apos;[39m, flags: [36m[Object][39m, allow: [36m[Array][39m },
    chainConfig: { type: [32m&apos;object&apos;[39m, flags: [36m[Object][39m, keys: [36m[Object][39m },
    loginConfig: { type: [32m&apos;object&apos;[39m, flags: [36m[Object][39m },
    privateKeyProvider: { type: [32m&apos;any&apos;[39m, flags: [36m[Object][39m }
  }
}
🤖 [MS3-PKG] [DEBUG] 🤖 [MS3-PKG] [DEBUG] 🤖 [MS3-PKG] [DEBUG] 🤖 [MS3-PKG] [DEBUG] 🤖 [MS3-PKG] [DEBUG] 🤖 [MS3-PKG] [DEBUG] 🤖 [MS3-PKG] [DEBUG] 🤖 [MS3-PKG] [DEBUG] 🤖 [MS3-PKG] [DEBUG] 🤖 [MS3-PKG] [DEBUG] 🤖 [MS3-PKG] [DEBUG] 🤖 [MS3-PKG] [DEBUG] 🤖 [MS3-PKG] [DEBUG] 🤖 [MS3-PKG] [DEBUG] 📊 [analyzeJoiSchema] Field web3authConfig: type=object, required=true, message=&quot;Web3Auth configuration object&quot;
🤖 [MS3-PKG] [DEBUG] 🤖 [MS3-PKG] [DEBUG] 🤖 [MS3-PKG] [DEBUG] 🤖 [MS3-PKG] [DEBUG] 🤖 [MS3-PKG] [DEBUG] 🤖 [MS3-PKG] [DEBUG] 🤖 [MS3-PKG] [DEBUG] 🤖 [MS3-PKG] [DEBUG] 🤖 [MS3-PKG] [DEBUG] 🤖 [MS3-PKG] [DEBUG] 🤖 [MS3-PKG] [DEBUG] 🤖 [MS3-PKG] [DEBUG] 🤖 [MS3-PKG] [DEBUG] 🤖 [MS3-PKG] [DEBUG] 🔄 [analyzeJoiSchema] Recursing into nested object: web3authConfig
🤖 [MS3-PKG] [DEBUG] 🤖 [MS3-PKG] [DEBUG] 🤖 [MS3-PKG] [DEBUG] 🤖 [MS3-PKG] [DEBUG] 🤖 [MS3-PKG] [DEBUG] 🤖 [MS3-PKG] [DEBUG] 🤖 [MS3-PKG] [DEBUG] 🤖 [MS3-PKG] [DEBUG] 🤖 [MS3-PKG] [DEBUG] 🤖 [MS3-PKG] [DEBUG] 🤖 [MS3-PKG] [DEBUG] 🤖 [MS3-PKG] [DEBUG] 🤖 [MS3-PKG] [DEBUG] 🤖 [MS3-PKG] [DEBUG] 🔑 [analyzeJoiSchema] Processing field: multiChainRpcs
🤖 [MS3-PKG] [DEBUG] 🤖 [MS3-PKG] [DEBUG] 🤖 [MS3-PKG] [DEBUG] 🤖 [MS3-PKG] [DEBUG] 🤖 [MS3-PKG] [DEBUG] 🤖 [MS3-PKG] [DEBUG] 🤖 [MS3-PKG] [DEBUG] 🤖 [MS3-PKG] [DEBUG] 🤖 [MS3-PKG] [DEBUG] 🤖 [MS3-PKG] [DEBUG] 🤖 [MS3-PKG] [DEBUG] 🤖 [MS3-PKG] [DEBUG] 🤖 [MS3-PKG] [DEBUG] 🤖 [MS3-PKG] [DEBUG] 📝 [analyzeJoiSchema] Field description: {
  type: [32m&apos;object&apos;[39m,
  flags: {
    presence: [32m&apos;optional&apos;[39m,
    description: [32m&apos;Multi-chain RPC configuration - maps chain IDs to RPC URL arrays&apos;[39m
  },
  patterns: [ { schema: [36m[Object][39m, rule: [36m[Object][39m } ]
}
🤖 [MS3-PKG] [DEBUG] 🤖 [MS3-PKG] [DEBUG] 🤖 [MS3-PKG] [DEBUG] 🤖 [MS3-PKG] [DEBUG] 🤖 [MS3-PKG] [DEBUG] 🤖 [MS3-PKG] [DEBUG] 🤖 [MS3-PKG] [DEBUG] 🤖 [MS3-PKG] [DEBUG] 🤖 [MS3-PKG] [DEBUG] 🤖 [MS3-PKG] [DEBUG] 🤖 [MS3-PKG] [DEBUG] 🤖 [MS3-PKG] [DEBUG] 🤖 [MS3-PKG] [DEBUG] 🤖 [MS3-PKG] [DEBUG] 📊 [analyzeJoiSchema] Field multiChainRpcs: type=object, required=false, message=&quot;Multi-chain RPC configuration - maps chain IDs to RPC URL arrays&quot;
🤖 [MS3-PKG] [INFO] 🤖 [MS3-PKG] [INFO] 🤖 [MS3-PKG] [INFO] 🤖 [MS3-PKG] [INFO] 🤖 [MS3-PKG] [INFO] 🤖 [MS3-PKG] [INFO] 🤖 [MS3-PKG] [INFO] 🤖 [MS3-PKG] [INFO] 🤖 [MS3-PKG] [INFO] 🤖 [MS3-PKG] [INFO] 🤖 [MS3-PKG] [INFO] 🤖 [MS3-PKG] [INFO] 🤖 [MS3-PKG] [INFO] 🤖 [MS3-PKG] [INFO] 📊 [analyzeJoiSchema] Generated 14 requirements for options
🤖 [MS3-PKG] [DEBUG] 🤖 [MS3-PKG] [DEBUG] 🤖 [MS3-PKG] [DEBUG] 🤖 [MS3-PKG] [DEBUG] 🤖 [MS3-PKG] [DEBUG] 🤖 [MS3-PKG] [DEBUG] 🤖 [MS3-PKG] [DEBUG] 🤖 [MS3-PKG] [DEBUG] 🤖 [MS3-PKG] [DEBUG] 🤖 [MS3-PKG] [DEBUG] 🤖 [MS3-PKG] [DEBUG] 🤖 [MS3-PKG] [DEBUG] 🤖 [MS3-PKG] [DEBUG] 🤖 [MS3-PKG] [DEBUG] 🔍 [getRequirements] Starting analysis for bulk-test-91
🤖 [MS3-PKG] [DEBUG] 🤖 [MS3-PKG] [DEBUG] 🤖 [MS3-PKG] [DEBUG] 🤖 [MS3-PKG] [DEBUG] 🤖 [MS3-PKG] [DEBUG] 🤖 [MS3-PKG] [DEBUG] 🤖 [MS3-PKG] [DEBUG] 🤖 [MS3-PKG] [DEBUG] 🤖 [MS3-PKG] [DEBUG] 🤖 [MS3-PKG] [DEBUG] 🤖 [MS3-PKG] [DEBUG] 🤖 [MS3-PKG] [DEBUG] 🤖 [MS3-PKG] [DEBUG] 🤖 [MS3-PKG] [DEBUG] 🔬 [analyzeJoiSchema] Analyzing schema at path: options
🤖 [MS3-PKG] [DEBUG] 🤖 [MS3-PKG] [DEBUG] 🤖 [MS3-PKG] [DEBUG] 🤖 [MS3-PKG] [DEBUG] 🤖 [MS3-PKG] [DEBUG] 🤖 [MS3-PKG] [DEBUG] 🤖 [MS3-PKG] [DEBUG] 🤖 [MS3-PKG] [DEBUG] 🤖 [MS3-PKG] [DEBUG] 🤖 [MS3-PKG] [DEBUG] 🤖 [MS3-PKG] [DEBUG] 🤖 [MS3-PKG] [DEBUG] 🤖 [MS3-PKG] [DEBUG] 🤖 [MS3-PKG] [DEBUG] 📋 [analyzeJoiSchema] Schema description type: object
🤖 [MS3-PKG] [DEBUG] 🤖 [MS3-PKG] [DEBUG] 🤖 [MS3-PKG] [DEBUG] 🤖 [MS3-PKG] [DEBUG] 🤖 [MS3-PKG] [DEBUG] 🤖 [MS3-PKG] [DEBUG] 🤖 [MS3-PKG] [DEBUG] 🤖 [MS3-PKG] [DEBUG] 🤖 [MS3-PKG] [DEBUG] 🤖 [MS3-PKG] [DEBUG] 🤖 [MS3-PKG] [DEBUG] 🤖 [MS3-PKG] [DEBUG] 🤖 [MS3-PKG] [DEBUG] 🤖 [MS3-PKG] [DEBUG] 📋 [analyzeJoiSchema] Schema keys: [ [32m&apos;privateKey&apos;[39m, [32m&apos;provider&apos;[39m, [32m&apos;multiChainRpcs&apos;[39m ]
🤖 [MS3-PKG] [DEBUG] 🤖 [MS3-PKG] [DEBUG] 🤖 [MS3-PKG] [DEBUG] 🤖 [MS3-PKG] [DEBUG] 🤖 [MS3-PKG] [DEBUG] 🤖 [MS3-PKG] [DEBUG] 🤖 [MS3-PKG] [DEBUG] 🤖 [MS3-PKG] [DEBUG] 🤖 [MS3-PKG] [DEBUG] 🤖 [MS3-PKG] [DEBUG] 🤖 [MS3-PKG] [DEBUG] 🤖 [MS3-PKG] [DEBUG] 🤖 [MS3-PKG] [DEBUG] 🤖 [MS3-PKG] [DEBUG] ✅ [analyzeJoiSchema] Processing object schema with 3 keys
🤖 [MS3-PKG] [DEBUG] 🤖 [MS3-PKG] [DEBUG] 🤖 [MS3-PKG] [DEBUG] 🤖 [MS3-PKG] [DEBUG] 🤖 [MS3-PKG] [DEBUG] 🤖 [MS3-PKG] [DEBUG] 🤖 [MS3-PKG] [DEBUG] 🤖 [MS3-PKG] [DEBUG] 🤖 [MS3-PKG] [DEBUG] 🤖 [MS3-PKG] [DEBUG] 🤖 [MS3-PKG] [DEBUG] 🤖 [MS3-PKG] [DEBUG] 🤖 [MS3-PKG] [DEBUG] 🤖 [MS3-PKG] [DEBUG] 🔑 [analyzeJoiSchema] Processing field: privateKey
🤖 [MS3-PKG] [DEBUG] 🤖 [MS3-PKG] [DEBUG] 🤖 [MS3-PKG] [DEBUG] 🤖 [MS3-PKG] [DEBUG] 🤖 [MS3-PKG] [DEBUG] 🤖 [MS3-PKG] [DEBUG] 🤖 [MS3-PKG] [DEBUG] 🤖 [MS3-PKG] [DEBUG] 🤖 [MS3-PKG] [DEBUG] 🤖 [MS3-PKG] [DEBUG] 🤖 [MS3-PKG] [DEBUG] 🤖 [MS3-PKG] [DEBUG] 🤖 [MS3-PKG] [DEBUG] 🤖 [MS3-PKG] [DEBUG] 📝 [analyzeJoiSchema] Field description: {
  type: [32m&apos;string&apos;[39m,
  flags: {
    presence: [32m&apos;required&apos;[39m,
    description: [32m&apos;Private key for wallet (generates random if not provided)&apos;[39m
  },
  rules: [ { name: [32m&apos;pattern&apos;[39m, args: [36m[Object][39m } ]
}
🤖 [MS3-PKG] [DEBUG] 🤖 [MS3-PKG] [DEBUG] 🤖 [MS3-PKG] [DEBUG] 🤖 [MS3-PKG] [DEBUG] 🤖 [MS3-PKG] [DEBUG] 🤖 [MS3-PKG] [DEBUG] 🤖 [MS3-PKG] [DEBUG] 🤖 [MS3-PKG] [DEBUG] 🤖 [MS3-PKG] [DEBUG] 🤖 [MS3-PKG] [DEBUG] 🤖 [MS3-PKG] [DEBUG] 🤖 [MS3-PKG] [DEBUG] 🤖 [MS3-PKG] [DEBUG] 🤖 [MS3-PKG] [DEBUG] 📊 [analyzeJoiSchema] Field privateKey: type=string, required=true, message=&quot;Private key for wallet (generates random if not provided)&quot;
🤖 [MS3-PKG] [DEBUG] 🤖 [MS3-PKG] [DEBUG] 🤖 [MS3-PKG] [DEBUG] 🤖 [MS3-PKG] [DEBUG] 🤖 [MS3-PKG] [DEBUG] 🤖 [MS3-PKG] [DEBUG] 🤖 [MS3-PKG] [DEBUG] 🤖 [MS3-PKG] [DEBUG] 🤖 [MS3-PKG] [DEBUG] 🤖 [MS3-PKG] [DEBUG] 🤖 [MS3-PKG] [DEBUG] 🤖 [MS3-PKG] [DEBUG] 🤖 [MS3-PKG] [DEBUG] 🤖 [MS3-PKG] [DEBUG] 🔑 [analyzeJoiSchema] Processing field: provider
🤖 [MS3-PKG] [DEBUG] 🤖 [MS3-PKG] [DEBUG] 🤖 [MS3-PKG] [DEBUG] 🤖 [MS3-PKG] [DEBUG] 🤖 [MS3-PKG] [DEBUG] 🤖 [MS3-PKG] [DEBUG] 🤖 [MS3-PKG] [DEBUG] 🤖 [MS3-PKG] [DEBUG] 🤖 [MS3-PKG] [DEBUG] 🤖 [MS3-PKG] [DEBUG] 🤖 [MS3-PKG] [DEBUG] 🤖 [MS3-PKG] [DEBUG] 🤖 [MS3-PKG] [DEBUG] 🤖 [MS3-PKG] [DEBUG] 📝 [analyzeJoiSchema] Field description: {
  type: [32m&apos;object&apos;[39m,
  flags: {
    presence: [32m&apos;optional&apos;[39m,
    description: [32m&apos;Optional provider configuration&apos;[39m
  },
  keys: {
    name: { type: [32m&apos;string&apos;[39m, flags: [36m[Object][39m },
    chainId: { type: [32m&apos;string&apos;[39m, flags: [36m[Object][39m, rules: [36m[Array][39m },
    rpcUrls: { type: [32m&apos;array&apos;[39m, flags: [36m[Object][39m, rules: [36m[Array][39m, items: [36m[Array][39m },
    displayName: { type: [32m&apos;string&apos;[39m, flags: [36m[Object][39m }
  }
}
🤖 [MS3-PKG] [DEBUG] 🤖 [MS3-PKG] [DEBUG] 🤖 [MS3-PKG] [DEBUG] 🤖 [MS3-PKG] [DEBUG] 🤖 [MS3-PKG] [DEBUG] 🤖 [MS3-PKG] [DEBUG] 🤖 [MS3-PKG] [DEBUG] 🤖 [MS3-PKG] [DEBUG] 🤖 [MS3-PKG] [DEBUG] 🤖 [MS3-PKG] [DEBUG] 🤖 [MS3-PKG] [DEBUG] 🤖 [MS3-PKG] [DEBUG] 🤖 [MS3-PKG] [DEBUG] 🤖 [MS3-PKG] [DEBUG] 📊 [analyzeJoiSchema] Field provider: type=object, required=false, message=&quot;Optional provider configuration&quot;
🤖 [MS3-PKG] [DEBUG] 🤖 [MS3-PKG] [DEBUG] 🤖 [MS3-PKG] [DEBUG] 🤖 [MS3-PKG] [DEBUG] 🤖 [MS3-PKG] [DEBUG] 🤖 [MS3-PKG] [DEBUG] 🤖 [MS3-PKG] [DEBUG] 🤖 [MS3-PKG] [DEBUG] 🤖 [MS3-PKG] [DEBUG] 🤖 [MS3-PKG] [DEBUG] 🤖 [MS3-PKG] [DEBUG] 🤖 [MS3-PKG] [DEBUG] 🤖 [MS3-PKG] [DEBUG] 🤖 [MS3-PKG] [DEBUG] 🔄 [analyzeJoiSchema] Recursing into nested object: provider
🤖 [MS3-PKG] [DEBUG] 🤖 [MS3-PKG] [DEBUG] 🤖 [MS3-PKG] [DEBUG] 🤖 [MS3-PKG] [DEBUG] 🤖 [MS3-PKG] [DEBUG] 🤖 [MS3-PKG] [DEBUG] 🤖 [MS3-PKG] [DEBUG] 🤖 [MS3-PKG] [DEBUG] 🤖 [MS3-PKG] [DEBUG] 🤖 [MS3-PKG] [DEBUG] 🤖 [MS3-PKG] [DEBUG] 🤖 [MS3-PKG] [DEBUG] 🤖 [MS3-PKG] [DEBUG] 🤖 [MS3-PKG] [DEBUG] 🔑 [analyzeJoiSchema] Processing field: multiChainRpcs
🤖 [MS3-PKG] [DEBUG] 🤖 [MS3-PKG] [DEBUG] 🤖 [MS3-PKG] [DEBUG] 🤖 [MS3-PKG] [DEBUG] 🤖 [MS3-PKG] [DEBUG] 🤖 [MS3-PKG] [DEBUG] 🤖 [MS3-PKG] [DEBUG] 🤖 [MS3-PKG] [DEBUG] 🤖 [MS3-PKG] [DEBUG] 🤖 [MS3-PKG] [DEBUG] 🤖 [MS3-PKG] [DEBUG] 🤖 [MS3-PKG] [DEBUG] 🤖 [MS3-PKG] [DEBUG] 🤖 [MS3-PKG] [DEBUG] 📝 [analyzeJoiSchema] Field description: {
  type: [32m&apos;object&apos;[39m,
  flags: {
    presence: [32m&apos;optional&apos;[39m,
    description: [32m&apos;Multi-chain RPC configuration - maps chain IDs to RPC URL arrays&apos;[39m
  },
  patterns: [ { schema: [36m[Object][39m, rule: [36m[Object][39m } ]
}
🤖 [MS3-PKG] [DEBUG] 🤖 [MS3-PKG] [DEBUG] 🤖 [MS3-PKG] [DEBUG] 🤖 [MS3-PKG] [DEBUG] 🤖 [MS3-PKG] [DEBUG] 🤖 [MS3-PKG] [DEBUG] 🤖 [MS3-PKG] [DEBUG] 🤖 [MS3-PKG] [DEBUG] 🤖 [MS3-PKG] [DEBUG] 🤖 [MS3-PKG] [DEBUG] 🤖 [MS3-PKG] [DEBUG] 🤖 [MS3-PKG] [DEBUG] 🤖 [MS3-PKG] [DEBUG] 🤖 [MS3-PKG] [DEBUG] 📊 [analyzeJoiSchema] Field multiChainRpcs: type=object, required=false, message=&quot;Multi-chain RPC configuration - maps chain IDs to RPC URL arrays&quot;
🤖 [MS3-PKG] [INFO] 🤖 [MS3-PKG] [INFO] 🤖 [MS3-PKG] [INFO] 🤖 [MS3-PKG] [INFO] 🤖 [MS3-PKG] [INFO] 🤖 [MS3-PKG] [INFO] 🤖 [MS3-PKG] [INFO] 🤖 [MS3-PKG] [INFO] 🤖 [MS3-PKG] [INFO] 🤖 [MS3-PKG] [INFO] 🤖 [MS3-PKG] [INFO] 🤖 [MS3-PKG] [INFO] 🤖 [MS3-PKG] [INFO] 🤖 [MS3-PKG] [INFO] 📊 [analyzeJoiSchema] Generated 7 requirements for options
🤖 [MS3-PKG] [DEBUG] 🤖 [MS3-PKG] [DEBUG] 🤖 [MS3-PKG] [DEBUG] 🤖 [MS3-PKG] [DEBUG] 🤖 [MS3-PKG] [DEBUG] 🤖 [MS3-PKG] [DEBUG] 🤖 [MS3-PKG] [DEBUG] 🤖 [MS3-PKG] [DEBUG] 🤖 [MS3-PKG] [DEBUG] 🤖 [MS3-PKG] [DEBUG] 🤖 [MS3-PKG] [DEBUG] 🤖 [MS3-PKG] [DEBUG] 🤖 [MS3-PKG] [DEBUG] 🤖 [MS3-PKG] [DEBUG] 🔍 [getRequirements] Starting analysis for bulk-test-91
🤖 [MS3-PKG] [DEBUG] 🤖 [MS3-PKG] [DEBUG] 🤖 [MS3-PKG] [DEBUG] 🤖 [MS3-PKG] [DEBUG] 🤖 [MS3-PKG] [DEBUG] 🤖 [MS3-PKG] [DEBUG] 🤖 [MS3-PKG] [DEBUG] 🤖 [MS3-PKG] [DEBUG] 🤖 [MS3-PKG] [DEBUG] 🤖 [MS3-PKG] [DEBUG] 🤖 [MS3-PKG] [DEBUG] 🤖 [MS3-PKG] [DEBUG] 🤖 [MS3-PKG] [DEBUG] 🤖 [MS3-PKG] [DEBUG] 🔬 [analyzeJoiSchema] Analyzing schema at path: options
🤖 [MS3-PKG] [DEBUG] 🤖 [MS3-PKG] [DEBUG] 🤖 [MS3-PKG] [DEBUG] 🤖 [MS3-PKG] [DEBUG] 🤖 [MS3-PKG] [DEBUG] 🤖 [MS3-PKG] [DEBUG] 🤖 [MS3-PKG] [DEBUG] 🤖 [MS3-PKG] [DEBUG] 🤖 [MS3-PKG] [DEBUG] 🤖 [MS3-PKG] [DEBUG] 🤖 [MS3-PKG] [DEBUG] 🤖 [MS3-PKG] [DEBUG] 🤖 [MS3-PKG] [DEBUG] 🤖 [MS3-PKG] [DEBUG] 📋 [analyzeJoiSchema] Schema description type: object
🤖 [MS3-PKG] [DEBUG] 🤖 [MS3-PKG] [DEBUG] 🤖 [MS3-PKG] [DEBUG] 🤖 [MS3-PKG] [DEBUG] 🤖 [MS3-PKG] [DEBUG] 🤖 [MS3-PKG] [DEBUG] 🤖 [MS3-PKG] [DEBUG] 🤖 [MS3-PKG] [DEBUG] 🤖 [MS3-PKG] [DEBUG] 🤖 [MS3-PKG] [DEBUG] 🤖 [MS3-PKG] [DEBUG] 🤖 [MS3-PKG] [DEBUG] 🤖 [MS3-PKG] [DEBUG] 🤖 [MS3-PKG] [DEBUG] 📋 [analyzeJoiSchema] Schema keys: [ [32m&apos;web3authConfig&apos;[39m, [32m&apos;multiChainRpcs&apos;[39m ]
🤖 [MS3-PKG] [DEBUG] 🤖 [MS3-PKG] [DEBUG] 🤖 [MS3-PKG] [DEBUG] 🤖 [MS3-PKG] [DEBUG] 🤖 [MS3-PKG] [DEBUG] 🤖 [MS3-PKG] [DEBUG] 🤖 [MS3-PKG] [DEBUG] 🤖 [MS3-PKG] [DEBUG] 🤖 [MS3-PKG] [DEBUG] 🤖 [MS3-PKG] [DEBUG] 🤖 [MS3-PKG] [DEBUG] 🤖 [MS3-PKG] [DEBUG] 🤖 [MS3-PKG] [DEBUG] 🤖 [MS3-PKG] [DEBUG] ✅ [analyzeJoiSchema] Processing object schema with 2 keys
🤖 [MS3-PKG] [DEBUG] 🤖 [MS3-PKG] [DEBUG] 🤖 [MS3-PKG] [DEBUG] 🤖 [MS3-PKG] [DEBUG] 🤖 [MS3-PKG] [DEBUG] 🤖 [MS3-PKG] [DEBUG] 🤖 [MS3-PKG] [DEBUG] 🤖 [MS3-PKG] [DEBUG] 🤖 [MS3-PKG] [DEBUG] 🤖 [MS3-PKG] [DEBUG] 🤖 [MS3-PKG] [DEBUG] 🤖 [MS3-PKG] [DEBUG] 🤖 [MS3-PKG] [DEBUG] 🤖 [MS3-PKG] [DEBUG] 🔑 [analyzeJoiSchema] Processing field: web3authConfig
🤖 [MS3-PKG] [DEBUG] 🤖 [MS3-PKG] [DEBUG] 🤖 [MS3-PKG] [DEBUG] 🤖 [MS3-PKG] [DEBUG] 🤖 [MS3-PKG] [DEBUG] 🤖 [MS3-PKG] [DEBUG] 🤖 [MS3-PKG] [DEBUG] 🤖 [MS3-PKG] [DEBUG] 🤖 [MS3-PKG] [DEBUG] 🤖 [MS3-PKG] [DEBUG] 🤖 [MS3-PKG] [DEBUG] 🤖 [MS3-PKG] [DEBUG] 🤖 [MS3-PKG] [DEBUG] 🤖 [MS3-PKG] [DEBUG] 📝 [analyzeJoiSchema] Field description: {
  type: [32m&apos;object&apos;[39m,
  flags: {
    presence: [32m&apos;required&apos;[39m,
    description: [32m&apos;Web3Auth configuration object&apos;[39m
  },
  keys: {
    clientId: { type: [32m&apos;string&apos;[39m, flags: [36m[Object][39m },
    web3AuthNetwork: { type: [32m&apos;string&apos;[39m, flags: [36m[Object][39m, allow: [36m[Array][39m },
    chainConfig: { type: [32m&apos;object&apos;[39m, flags: [36m[Object][39m, keys: [36m[Object][39m },
    loginConfig: { type: [32m&apos;object&apos;[39m, flags: [36m[Object][39m },
    privateKeyProvider: { type: [32m&apos;any&apos;[39m, flags: [36m[Object][39m }
  }
}
🤖 [MS3-PKG] [DEBUG] 🤖 [MS3-PKG] [DEBUG] 🤖 [MS3-PKG] [DEBUG] 🤖 [MS3-PKG] [DEBUG] 🤖 [MS3-PKG] [DEBUG] 🤖 [MS3-PKG] [DEBUG] 🤖 [MS3-PKG] [DEBUG] 🤖 [MS3-PKG] [DEBUG] 🤖 [MS3-PKG] [DEBUG] 🤖 [MS3-PKG] [DEBUG] 🤖 [MS3-PKG] [DEBUG] 🤖 [MS3-PKG] [DEBUG] 🤖 [MS3-PKG] [DEBUG] 🤖 [MS3-PKG] [DEBUG] 📊 [analyzeJoiSchema] Field web3authConfig: type=object, required=true, message=&quot;Web3Auth configuration object&quot;
🤖 [MS3-PKG] [DEBUG] 🤖 [MS3-PKG] [DEBUG] 🤖 [MS3-PKG] [DEBUG] 🤖 [MS3-PKG] [DEBUG] 🤖 [MS3-PKG] [DEBUG] 🤖 [MS3-PKG] [DEBUG] 🤖 [MS3-PKG] [DEBUG] 🤖 [MS3-PKG] [DEBUG] 🤖 [MS3-PKG] [DEBUG] 🤖 [MS3-PKG] [DEBUG] 🤖 [MS3-PKG] [DEBUG] 🤖 [MS3-PKG] [DEBUG] 🤖 [MS3-PKG] [DEBUG] 🤖 [MS3-PKG] [DEBUG] 🔄 [analyzeJoiSchema] Recursing into nested object: web3authConfig
🤖 [MS3-PKG] [DEBUG] 🤖 [MS3-PKG] [DEBUG] 🤖 [MS3-PKG] [DEBUG] 🤖 [MS3-PKG] [DEBUG] 🤖 [MS3-PKG] [DEBUG] 🤖 [MS3-PKG] [DEBUG] 🤖 [MS3-PKG] [DEBUG] 🤖 [MS3-PKG] [DEBUG] 🤖 [MS3-PKG] [DEBUG] 🤖 [MS3-PKG] [DEBUG] 🤖 [MS3-PKG] [DEBUG] 🤖 [MS3-PKG] [DEBUG] 🤖 [MS3-PKG] [DEBUG] 🤖 [MS3-PKG] [DEBUG] 🔑 [analyzeJoiSchema] Processing field: multiChainRpcs
🤖 [MS3-PKG] [DEBUG] 🤖 [MS3-PKG] [DEBUG] 🤖 [MS3-PKG] [DEBUG] 🤖 [MS3-PKG] [DEBUG] 🤖 [MS3-PKG] [DEBUG] 🤖 [MS3-PKG] [DEBUG] 🤖 [MS3-PKG] [DEBUG] 🤖 [MS3-PKG] [DEBUG] 🤖 [MS3-PKG] [DEBUG] 🤖 [MS3-PKG] [DEBUG] 🤖 [MS3-PKG] [DEBUG] 🤖 [MS3-PKG] [DEBUG] 🤖 [MS3-PKG] [DEBUG] 🤖 [MS3-PKG] [DEBUG] 📝 [analyzeJoiSchema] Field description: {
  type: [32m&apos;object&apos;[39m,
  flags: {
    presence: [32m&apos;optional&apos;[39m,
    description: [32m&apos;Multi-chain RPC configuration - maps chain IDs to RPC URL arrays&apos;[39m
  },
  patterns: [ { schema: [36m[Object][39m, rule: [36m[Object][39m } ]
}
🤖 [MS3-PKG] [DEBUG] 🤖 [MS3-PKG] [DEBUG] 🤖 [MS3-PKG] [DEBUG] 🤖 [MS3-PKG] [DEBUG] 🤖 [MS3-PKG] [DEBUG] 🤖 [MS3-PKG] [DEBUG] 🤖 [MS3-PKG] [DEBUG] 🤖 [MS3-PKG] [DEBUG] 🤖 [MS3-PKG] [DEBUG] 🤖 [MS3-PKG] [DEBUG] 🤖 [MS3-PKG] [DEBUG] 🤖 [MS3-PKG] [DEBUG] 🤖 [MS3-PKG] [DEBUG] 🤖 [MS3-PKG] [DEBUG] 📊 [analyzeJoiSchema] Field multiChainRpcs: type=object, required=false, message=&quot;Multi-chain RPC configuration - maps chain IDs to RPC URL arrays&quot;
🤖 [MS3-PKG] [INFO] 🤖 [MS3-PKG] [INFO] 🤖 [MS3-PKG] [INFO] 🤖 [MS3-PKG] [INFO] 🤖 [MS3-PKG] [INFO] 🤖 [MS3-PKG] [INFO] 🤖 [MS3-PKG] [INFO] 🤖 [MS3-PKG] [INFO] 🤖 [MS3-PKG] [INFO] 🤖 [MS3-PKG] [INFO] 🤖 [MS3-PKG] [INFO] 🤖 [MS3-PKG] [INFO] 🤖 [MS3-PKG] [INFO] 🤖 [MS3-PKG] [INFO] 📊 [analyzeJoiSchema] Generated 14 requirements for options
🤖 [MS3-PKG] [DEBUG] 🤖 [MS3-PKG] [DEBUG] 🤖 [MS3-PKG] [DEBUG] 🤖 [MS3-PKG] [DEBUG] 🤖 [MS3-PKG] [DEBUG] 🤖 [MS3-PKG] [DEBUG] 🤖 [MS3-PKG] [DEBUG] 🤖 [MS3-PKG] [DEBUG] 🤖 [MS3-PKG] [DEBUG] 🤖 [MS3-PKG] [DEBUG] 🤖 [MS3-PKG] [DEBUG] 🤖 [MS3-PKG] [DEBUG] 🤖 [MS3-PKG] [DEBUG] 🤖 [MS3-PKG] [DEBUG] 🔍 [getRequirements] Starting analysis for bulk-test-92
🤖 [MS3-PKG] [DEBUG] 🤖 [MS3-PKG] [DEBUG] 🤖 [MS3-PKG] [DEBUG] 🤖 [MS3-PKG] [DEBUG] 🤖 [MS3-PKG] [DEBUG] 🤖 [MS3-PKG] [DEBUG] 🤖 [MS3-PKG] [DEBUG] 🤖 [MS3-PKG] [DEBUG] 🤖 [MS3-PKG] [DEBUG] 🤖 [MS3-PKG] [DEBUG] 🤖 [MS3-PKG] [DEBUG] 🤖 [MS3-PKG] [DEBUG] 🤖 [MS3-PKG] [DEBUG] 🤖 [MS3-PKG] [DEBUG] 🔬 [analyzeJoiSchema] Analyzing schema at path: options
🤖 [MS3-PKG] [DEBUG] 🤖 [MS3-PKG] [DEBUG] 🤖 [MS3-PKG] [DEBUG] 🤖 [MS3-PKG] [DEBUG] 🤖 [MS3-PKG] [DEBUG] 🤖 [MS3-PKG] [DEBUG] 🤖 [MS3-PKG] [DEBUG] 🤖 [MS3-PKG] [DEBUG] 🤖 [MS3-PKG] [DEBUG] 🤖 [MS3-PKG] [DEBUG] 🤖 [MS3-PKG] [DEBUG] 🤖 [MS3-PKG] [DEBUG] 🤖 [MS3-PKG] [DEBUG] 🤖 [MS3-PKG] [DEBUG] 📋 [analyzeJoiSchema] Schema description type: object
🤖 [MS3-PKG] [DEBUG] 🤖 [MS3-PKG] [DEBUG] 🤖 [MS3-PKG] [DEBUG] 🤖 [MS3-PKG] [DEBUG] 🤖 [MS3-PKG] [DEBUG] 🤖 [MS3-PKG] [DEBUG] 🤖 [MS3-PKG] [DEBUG] 🤖 [MS3-PKG] [DEBUG] 🤖 [MS3-PKG] [DEBUG] 🤖 [MS3-PKG] [DEBUG] 🤖 [MS3-PKG] [DEBUG] 🤖 [MS3-PKG] [DEBUG] 🤖 [MS3-PKG] [DEBUG] 🤖 [MS3-PKG] [DEBUG] 📋 [analyzeJoiSchema] Schema keys: [ [32m&apos;privateKey&apos;[39m, [32m&apos;provider&apos;[39m, [32m&apos;multiChainRpcs&apos;[39m ]
🤖 [MS3-PKG] [DEBUG] 🤖 [MS3-PKG] [DEBUG] 🤖 [MS3-PKG] [DEBUG] 🤖 [MS3-PKG] [DEBUG] 🤖 [MS3-PKG] [DEBUG] 🤖 [MS3-PKG] [DEBUG] 🤖 [MS3-PKG] [DEBUG] 🤖 [MS3-PKG] [DEBUG] 🤖 [MS3-PKG] [DEBUG] 🤖 [MS3-PKG] [DEBUG] 🤖 [MS3-PKG] [DEBUG] 🤖 [MS3-PKG] [DEBUG] 🤖 [MS3-PKG] [DEBUG] 🤖 [MS3-PKG] [DEBUG] ✅ [analyzeJoiSchema] Processing object schema with 3 keys
🤖 [MS3-PKG] [DEBUG] 🤖 [MS3-PKG] [DEBUG] 🤖 [MS3-PKG] [DEBUG] 🤖 [MS3-PKG] [DEBUG] 🤖 [MS3-PKG] [DEBUG] 🤖 [MS3-PKG] [DEBUG] 🤖 [MS3-PKG] [DEBUG] 🤖 [MS3-PKG] [DEBUG] 🤖 [MS3-PKG] [DEBUG] 🤖 [MS3-PKG] [DEBUG] 🤖 [MS3-PKG] [DEBUG] 🤖 [MS3-PKG] [DEBUG] 🤖 [MS3-PKG] [DEBUG] 🤖 [MS3-PKG] [DEBUG] 🔑 [analyzeJoiSchema] Processing field: privateKey
🤖 [MS3-PKG] [DEBUG] 🤖 [MS3-PKG] [DEBUG] 🤖 [MS3-PKG] [DEBUG] 🤖 [MS3-PKG] [DEBUG] 🤖 [MS3-PKG] [DEBUG] 🤖 [MS3-PKG] [DEBUG] 🤖 [MS3-PKG] [DEBUG] 🤖 [MS3-PKG] [DEBUG] 🤖 [MS3-PKG] [DEBUG] 🤖 [MS3-PKG] [DEBUG] 🤖 [MS3-PKG] [DEBUG] 🤖 [MS3-PKG] [DEBUG] 🤖 [MS3-PKG] [DEBUG] 🤖 [MS3-PKG] [DEBUG] 📝 [analyzeJoiSchema] Field description: {
  type: [32m&apos;string&apos;[39m,
  flags: {
    presence: [32m&apos;required&apos;[39m,
    description: [32m&apos;Private key for wallet (generates random if not provided)&apos;[39m
  },
  rules: [ { name: [32m&apos;pattern&apos;[39m, args: [36m[Object][39m } ]
}
🤖 [MS3-PKG] [DEBUG] 🤖 [MS3-PKG] [DEBUG] 🤖 [MS3-PKG] [DEBUG] 🤖 [MS3-PKG] [DEBUG] 🤖 [MS3-PKG] [DEBUG] 🤖 [MS3-PKG] [DEBUG] 🤖 [MS3-PKG] [DEBUG] 🤖 [MS3-PKG] [DEBUG] 🤖 [MS3-PKG] [DEBUG] 🤖 [MS3-PKG] [DEBUG] 🤖 [MS3-PKG] [DEBUG] 🤖 [MS3-PKG] [DEBUG] 🤖 [MS3-PKG] [DEBUG] 🤖 [MS3-PKG] [DEBUG] 📊 [analyzeJoiSchema] Field privateKey: type=string, required=true, message=&quot;Private key for wallet (generates random if not provided)&quot;
🤖 [MS3-PKG] [DEBUG] 🤖 [MS3-PKG] [DEBUG] 🤖 [MS3-PKG] [DEBUG] 🤖 [MS3-PKG] [DEBUG] 🤖 [MS3-PKG] [DEBUG] 🤖 [MS3-PKG] [DEBUG] 🤖 [MS3-PKG] [DEBUG] 🤖 [MS3-PKG] [DEBUG] 🤖 [MS3-PKG] [DEBUG] 🤖 [MS3-PKG] [DEBUG] 🤖 [MS3-PKG] [DEBUG] 🤖 [MS3-PKG] [DEBUG] 🤖 [MS3-PKG] [DEBUG] 🤖 [MS3-PKG] [DEBUG] 🔑 [analyzeJoiSchema] Processing field: provider
🤖 [MS3-PKG] [DEBUG] 🤖 [MS3-PKG] [DEBUG] 🤖 [MS3-PKG] [DEBUG] 🤖 [MS3-PKG] [DEBUG] 🤖 [MS3-PKG] [DEBUG] 🤖 [MS3-PKG] [DEBUG] 🤖 [MS3-PKG] [DEBUG] 🤖 [MS3-PKG] [DEBUG] 🤖 [MS3-PKG] [DEBUG] 🤖 [MS3-PKG] [DEBUG] 🤖 [MS3-PKG] [DEBUG] 🤖 [MS3-PKG] [DEBUG] 🤖 [MS3-PKG] [DEBUG] 🤖 [MS3-PKG] [DEBUG] 📝 [analyzeJoiSchema] Field description: {
  type: [32m&apos;object&apos;[39m,
  flags: {
    presence: [32m&apos;optional&apos;[39m,
    description: [32m&apos;Optional provider configuration&apos;[39m
  },
  keys: {
    name: { type: [32m&apos;string&apos;[39m, flags: [36m[Object][39m },
    chainId: { type: [32m&apos;string&apos;[39m, flags: [36m[Object][39m, rules: [36m[Array][39m },
    rpcUrls: { type: [32m&apos;array&apos;[39m, flags: [36m[Object][39m, rules: [36m[Array][39m, items: [36m[Array][39m },
    displayName: { type: [32m&apos;string&apos;[39m, flags: [36m[Object][39m }
  }
}
🤖 [MS3-PKG] [DEBUG] 🤖 [MS3-PKG] [DEBUG] 🤖 [MS3-PKG] [DEBUG] 🤖 [MS3-PKG] [DEBUG] 🤖 [MS3-PKG] [DEBUG] 🤖 [MS3-PKG] [DEBUG] 🤖 [MS3-PKG] [DEBUG] 🤖 [MS3-PKG] [DEBUG] 🤖 [MS3-PKG] [DEBUG] 🤖 [MS3-PKG] [DEBUG] 🤖 [MS3-PKG] [DEBUG] 🤖 [MS3-PKG] [DEBUG] 🤖 [MS3-PKG] [DEBUG] 🤖 [MS3-PKG] [DEBUG] 📊 [analyzeJoiSchema] Field provider: type=object, required=false, message=&quot;Optional provider configuration&quot;
🤖 [MS3-PKG] [DEBUG] 🤖 [MS3-PKG] [DEBUG] 🤖 [MS3-PKG] [DEBUG] 🤖 [MS3-PKG] [DEBUG] 🤖 [MS3-PKG] [DEBUG] 🤖 [MS3-PKG] [DEBUG] 🤖 [MS3-PKG] [DEBUG] 🤖 [MS3-PKG] [DEBUG] 🤖 [MS3-PKG] [DEBUG] 🤖 [MS3-PKG] [DEBUG] 🤖 [MS3-PKG] [DEBUG] 🤖 [MS3-PKG] [DEBUG] 🤖 [MS3-PKG] [DEBUG] 🤖 [MS3-PKG] [DEBUG] 🔄 [analyzeJoiSchema] Recursing into nested object: provider
🤖 [MS3-PKG] [DEBUG] 🤖 [MS3-PKG] [DEBUG] 🤖 [MS3-PKG] [DEBUG] 🤖 [MS3-PKG] [DEBUG] 🤖 [MS3-PKG] [DEBUG] 🤖 [MS3-PKG] [DEBUG] 🤖 [MS3-PKG] [DEBUG] 🤖 [MS3-PKG] [DEBUG] 🤖 [MS3-PKG] [DEBUG] 🤖 [MS3-PKG] [DEBUG] 🤖 [MS3-PKG] [DEBUG] 🤖 [MS3-PKG] [DEBUG] 🤖 [MS3-PKG] [DEBUG] 🤖 [MS3-PKG] [DEBUG] 🔑 [analyzeJoiSchema] Processing field: multiChainRpcs
🤖 [MS3-PKG] [DEBUG] 🤖 [MS3-PKG] [DEBUG] 🤖 [MS3-PKG] [DEBUG] 🤖 [MS3-PKG] [DEBUG] 🤖 [MS3-PKG] [DEBUG] 🤖 [MS3-PKG] [DEBUG] 🤖 [MS3-PKG] [DEBUG] 🤖 [MS3-PKG] [DEBUG] 🤖 [MS3-PKG] [DEBUG] 🤖 [MS3-PKG] [DEBUG] 🤖 [MS3-PKG] [DEBUG] 🤖 [MS3-PKG] [DEBUG] 🤖 [MS3-PKG] [DEBUG] 🤖 [MS3-PKG] [DEBUG] 📝 [analyzeJoiSchema] Field description: {
  type: [32m&apos;object&apos;[39m,
  flags: {
    presence: [32m&apos;optional&apos;[39m,
    description: [32m&apos;Multi-chain RPC configuration - maps chain IDs to RPC URL arrays&apos;[39m
  },
  patterns: [ { schema: [36m[Object][39m, rule: [36m[Object][39m } ]
}
🤖 [MS3-PKG] [DEBUG] 🤖 [MS3-PKG] [DEBUG] 🤖 [MS3-PKG] [DEBUG] 🤖 [MS3-PKG] [DEBUG] 🤖 [MS3-PKG] [DEBUG] 🤖 [MS3-PKG] [DEBUG] 🤖 [MS3-PKG] [DEBUG] 🤖 [MS3-PKG] [DEBUG] 🤖 [MS3-PKG] [DEBUG] 🤖 [MS3-PKG] [DEBUG] 🤖 [MS3-PKG] [DEBUG] 🤖 [MS3-PKG] [DEBUG] 🤖 [MS3-PKG] [DEBUG] 🤖 [MS3-PKG] [DEBUG] 📊 [analyzeJoiSchema] Field multiChainRpcs: type=object, required=false, message=&quot;Multi-chain RPC configuration - maps chain IDs to RPC URL arrays&quot;
🤖 [MS3-PKG] [INFO] 🤖 [MS3-PKG] [INFO] 🤖 [MS3-PKG] [INFO] 🤖 [MS3-PKG] [INFO] 🤖 [MS3-PKG] [INFO] 🤖 [MS3-PKG] [INFO] 🤖 [MS3-PKG] [INFO] 🤖 [MS3-PKG] [INFO] 🤖 [MS3-PKG] [INFO] 🤖 [MS3-PKG] [INFO] 🤖 [MS3-PKG] [INFO] 🤖 [MS3-PKG] [INFO] 🤖 [MS3-PKG] [INFO] 🤖 [MS3-PKG] [INFO] 📊 [analyzeJoiSchema] Generated 7 requirements for options
🤖 [MS3-PKG] [DEBUG] 🤖 [MS3-PKG] [DEBUG] 🤖 [MS3-PKG] [DEBUG] 🤖 [MS3-PKG] [DEBUG] 🤖 [MS3-PKG] [DEBUG] 🤖 [MS3-PKG] [DEBUG] 🤖 [MS3-PKG] [DEBUG] 🤖 [MS3-PKG] [DEBUG] 🤖 [MS3-PKG] [DEBUG] 🤖 [MS3-PKG] [DEBUG] 🤖 [MS3-PKG] [DEBUG] 🤖 [MS3-PKG] [DEBUG] 🤖 [MS3-PKG] [DEBUG] 🤖 [MS3-PKG] [DEBUG] 🔍 [getRequirements] Starting analysis for bulk-test-92
🤖 [MS3-PKG] [DEBUG] 🤖 [MS3-PKG] [DEBUG] 🤖 [MS3-PKG] [DEBUG] 🤖 [MS3-PKG] [DEBUG] 🤖 [MS3-PKG] [DEBUG] 🤖 [MS3-PKG] [DEBUG] 🤖 [MS3-PKG] [DEBUG] 🤖 [MS3-PKG] [DEBUG] 🤖 [MS3-PKG] [DEBUG] 🤖 [MS3-PKG] [DEBUG] 🤖 [MS3-PKG] [DEBUG] 🤖 [MS3-PKG] [DEBUG] 🤖 [MS3-PKG] [DEBUG] 🤖 [MS3-PKG] [DEBUG] 🔬 [analyzeJoiSchema] Analyzing schema at path: options
🤖 [MS3-PKG] [DEBUG] 🤖 [MS3-PKG] [DEBUG] 🤖 [MS3-PKG] [DEBUG] 🤖 [MS3-PKG] [DEBUG] 🤖 [MS3-PKG] [DEBUG] 🤖 [MS3-PKG] [DEBUG] 🤖 [MS3-PKG] [DEBUG] 🤖 [MS3-PKG] [DEBUG] 🤖 [MS3-PKG] [DEBUG] 🤖 [MS3-PKG] [DEBUG] 🤖 [MS3-PKG] [DEBUG] 🤖 [MS3-PKG] [DEBUG] 🤖 [MS3-PKG] [DEBUG] 🤖 [MS3-PKG] [DEBUG] 📋 [analyzeJoiSchema] Schema description type: object
🤖 [MS3-PKG] [DEBUG] 🤖 [MS3-PKG] [DEBUG] 🤖 [MS3-PKG] [DEBUG] 🤖 [MS3-PKG] [DEBUG] 🤖 [MS3-PKG] [DEBUG] 🤖 [MS3-PKG] [DEBUG] 🤖 [MS3-PKG] [DEBUG] 🤖 [MS3-PKG] [DEBUG] 🤖 [MS3-PKG] [DEBUG] 🤖 [MS3-PKG] [DEBUG] 🤖 [MS3-PKG] [DEBUG] 🤖 [MS3-PKG] [DEBUG] 🤖 [MS3-PKG] [DEBUG] 🤖 [MS3-PKG] [DEBUG] 📋 [analyzeJoiSchema] Schema keys: [ [32m&apos;web3authConfig&apos;[39m, [32m&apos;multiChainRpcs&apos;[39m ]
🤖 [MS3-PKG] [DEBUG] 🤖 [MS3-PKG] [DEBUG] 🤖 [MS3-PKG] [DEBUG] 🤖 [MS3-PKG] [DEBUG] 🤖 [MS3-PKG] [DEBUG] 🤖 [MS3-PKG] [DEBUG] 🤖 [MS3-PKG] [DEBUG] 🤖 [MS3-PKG] [DEBUG] 🤖 [MS3-PKG] [DEBUG] 🤖 [MS3-PKG] [DEBUG] 🤖 [MS3-PKG] [DEBUG] 🤖 [MS3-PKG] [DEBUG] 🤖 [MS3-PKG] [DEBUG] 🤖 [MS3-PKG] [DEBUG] ✅ [analyzeJoiSchema] Processing object schema with 2 keys
🤖 [MS3-PKG] [DEBUG] 🤖 [MS3-PKG] [DEBUG] 🤖 [MS3-PKG] [DEBUG] 🤖 [MS3-PKG] [DEBUG] 🤖 [MS3-PKG] [DEBUG] 🤖 [MS3-PKG] [DEBUG] 🤖 [MS3-PKG] [DEBUG] 🤖 [MS3-PKG] [DEBUG] 🤖 [MS3-PKG] [DEBUG] 🤖 [MS3-PKG] [DEBUG] 🤖 [MS3-PKG] [DEBUG] 🤖 [MS3-PKG] [DEBUG] 🤖 [MS3-PKG] [DEBUG] 🤖 [MS3-PKG] [DEBUG] 🔑 [analyzeJoiSchema] Processing field: web3authConfig
🤖 [MS3-PKG] [DEBUG] 🤖 [MS3-PKG] [DEBUG] 🤖 [MS3-PKG] [DEBUG] 🤖 [MS3-PKG] [DEBUG] 🤖 [MS3-PKG] [DEBUG] 🤖 [MS3-PKG] [DEBUG] 🤖 [MS3-PKG] [DEBUG] 🤖 [MS3-PKG] [DEBUG] 🤖 [MS3-PKG] [DEBUG] 🤖 [MS3-PKG] [DEBUG] 🤖 [MS3-PKG] [DEBUG] 🤖 [MS3-PKG] [DEBUG] 🤖 [MS3-PKG] [DEBUG] 🤖 [MS3-PKG] [DEBUG] 📝 [analyzeJoiSchema] Field description: {
  type: [32m&apos;object&apos;[39m,
  flags: {
    presence: [32m&apos;required&apos;[39m,
    description: [32m&apos;Web3Auth configuration object&apos;[39m
  },
  keys: {
    clientId: { type: [32m&apos;string&apos;[39m, flags: [36m[Object][39m },
    web3AuthNetwork: { type: [32m&apos;string&apos;[39m, flags: [36m[Object][39m, allow: [36m[Array][39m },
    chainConfig: { type: [32m&apos;object&apos;[39m, flags: [36m[Object][39m, keys: [36m[Object][39m },
    loginConfig: { type: [32m&apos;object&apos;[39m, flags: [36m[Object][39m },
    privateKeyProvider: { type: [32m&apos;any&apos;[39m, flags: [36m[Object][39m }
  }
}
🤖 [MS3-PKG] [DEBUG] 🤖 [MS3-PKG] [DEBUG] 🤖 [MS3-PKG] [DEBUG] 🤖 [MS3-PKG] [DEBUG] 🤖 [MS3-PKG] [DEBUG] 🤖 [MS3-PKG] [DEBUG] 🤖 [MS3-PKG] [DEBUG] 🤖 [MS3-PKG] [DEBUG] 🤖 [MS3-PKG] [DEBUG] 🤖 [MS3-PKG] [DEBUG] 🤖 [MS3-PKG] [DEBUG] 🤖 [MS3-PKG] [DEBUG] 🤖 [MS3-PKG] [DEBUG] 🤖 [MS3-PKG] [DEBUG] 📊 [analyzeJoiSchema] Field web3authConfig: type=object, required=true, message=&quot;Web3Auth configuration object&quot;
🤖 [MS3-PKG] [DEBUG] 🤖 [MS3-PKG] [DEBUG] 🤖 [MS3-PKG] [DEBUG] 🤖 [MS3-PKG] [DEBUG] 🤖 [MS3-PKG] [DEBUG] 🤖 [MS3-PKG] [DEBUG] 🤖 [MS3-PKG] [DEBUG] 🤖 [MS3-PKG] [DEBUG] 🤖 [MS3-PKG] [DEBUG] 🤖 [MS3-PKG] [DEBUG] 🤖 [MS3-PKG] [DEBUG] 🤖 [MS3-PKG] [DEBUG] 🤖 [MS3-PKG] [DEBUG] 🤖 [MS3-PKG] [DEBUG] 🔄 [analyzeJoiSchema] Recursing into nested object: web3authConfig
🤖 [MS3-PKG] [DEBUG] 🤖 [MS3-PKG] [DEBUG] 🤖 [MS3-PKG] [DEBUG] 🤖 [MS3-PKG] [DEBUG] 🤖 [MS3-PKG] [DEBUG] 🤖 [MS3-PKG] [DEBUG] 🤖 [MS3-PKG] [DEBUG] 🤖 [MS3-PKG] [DEBUG] 🤖 [MS3-PKG] [DEBUG] 🤖 [MS3-PKG] [DEBUG] 🤖 [MS3-PKG] [DEBUG] 🤖 [MS3-PKG] [DEBUG] 🤖 [MS3-PKG] [DEBUG] 🤖 [MS3-PKG] [DEBUG] 🔑 [analyzeJoiSchema] Processing field: multiChainRpcs
🤖 [MS3-PKG] [DEBUG] 🤖 [MS3-PKG] [DEBUG] 🤖 [MS3-PKG] [DEBUG] 🤖 [MS3-PKG] [DEBUG] 🤖 [MS3-PKG] [DEBUG] 🤖 [MS3-PKG] [DEBUG] 🤖 [MS3-PKG] [DEBUG] 🤖 [MS3-PKG] [DEBUG] 🤖 [MS3-PKG] [DEBUG] 🤖 [MS3-PKG] [DEBUG] 🤖 [MS3-PKG] [DEBUG] 🤖 [MS3-PKG] [DEBUG] 🤖 [MS3-PKG] [DEBUG] 🤖 [MS3-PKG] [DEBUG] 📝 [analyzeJoiSchema] Field description: {
  type: [32m&apos;object&apos;[39m,
  flags: {
    presence: [32m&apos;optional&apos;[39m,
    description: [32m&apos;Multi-chain RPC configuration - maps chain IDs to RPC URL arrays&apos;[39m
  },
  patterns: [ { schema: [36m[Object][39m, rule: [36m[Object][39m } ]
}
🤖 [MS3-PKG] [DEBUG] 🤖 [MS3-PKG] [DEBUG] 🤖 [MS3-PKG] [DEBUG] 🤖 [MS3-PKG] [DEBUG] 🤖 [MS3-PKG] [DEBUG] 🤖 [MS3-PKG] [DEBUG] 🤖 [MS3-PKG] [DEBUG] 🤖 [MS3-PKG] [DEBUG] 🤖 [MS3-PKG] [DEBUG] 🤖 [MS3-PKG] [DEBUG] 🤖 [MS3-PKG] [DEBUG] 🤖 [MS3-PKG] [DEBUG] 🤖 [MS3-PKG] [DEBUG] 🤖 [MS3-PKG] [DEBUG] 📊 [analyzeJoiSchema] Field multiChainRpcs: type=object, required=false, message=&quot;Multi-chain RPC configuration - maps chain IDs to RPC URL arrays&quot;
🤖 [MS3-PKG] [INFO] 🤖 [MS3-PKG] [INFO] 🤖 [MS3-PKG] [INFO] 🤖 [MS3-PKG] [INFO] 🤖 [MS3-PKG] [INFO] 🤖 [MS3-PKG] [INFO] 🤖 [MS3-PKG] [INFO] 🤖 [MS3-PKG] [INFO] 🤖 [MS3-PKG] [INFO] 🤖 [MS3-PKG] [INFO] 🤖 [MS3-PKG] [INFO] 🤖 [MS3-PKG] [INFO] 🤖 [MS3-PKG] [INFO] 🤖 [MS3-PKG] [INFO] 📊 [analyzeJoiSchema] Generated 14 requirements for options
🤖 [MS3-PKG] [DEBUG] 🤖 [MS3-PKG] [DEBUG] 🤖 [MS3-PKG] [DEBUG] 🤖 [MS3-PKG] [DEBUG] 🤖 [MS3-PKG] [DEBUG] 🤖 [MS3-PKG] [DEBUG] 🤖 [MS3-PKG] [DEBUG] 🤖 [MS3-PKG] [DEBUG] 🤖 [MS3-PKG] [DEBUG] 🤖 [MS3-PKG] [DEBUG] 🤖 [MS3-PKG] [DEBUG] 🤖 [MS3-PKG] [DEBUG] 🤖 [MS3-PKG] [DEBUG] 🤖 [MS3-PKG] [DEBUG] 🔍 [getRequirements] Starting analysis for bulk-test-93
🤖 [MS3-PKG] [DEBUG] 🤖 [MS3-PKG] [DEBUG] 🤖 [MS3-PKG] [DEBUG] 🤖 [MS3-PKG] [DEBUG] 🤖 [MS3-PKG] [DEBUG] 🤖 [MS3-PKG] [DEBUG] 🤖 [MS3-PKG] [DEBUG] 🤖 [MS3-PKG] [DEBUG] 🤖 [MS3-PKG] [DEBUG] 🤖 [MS3-PKG] [DEBUG] 🤖 [MS3-PKG] [DEBUG] 🤖 [MS3-PKG] [DEBUG] 🤖 [MS3-PKG] [DEBUG] 🤖 [MS3-PKG] [DEBUG] 🔬 [analyzeJoiSchema] Analyzing schema at path: options
🤖 [MS3-PKG] [DEBUG] 🤖 [MS3-PKG] [DEBUG] 🤖 [MS3-PKG] [DEBUG] 🤖 [MS3-PKG] [DEBUG] 🤖 [MS3-PKG] [DEBUG] 🤖 [MS3-PKG] [DEBUG] 🤖 [MS3-PKG] [DEBUG] 🤖 [MS3-PKG] [DEBUG] 🤖 [MS3-PKG] [DEBUG] 🤖 [MS3-PKG] [DEBUG] 🤖 [MS3-PKG] [DEBUG] 🤖 [MS3-PKG] [DEBUG] 🤖 [MS3-PKG] [DEBUG] 🤖 [MS3-PKG] [DEBUG] 📋 [analyzeJoiSchema] Schema description type: object
🤖 [MS3-PKG] [DEBUG] 🤖 [MS3-PKG] [DEBUG] 🤖 [MS3-PKG] [DEBUG] 🤖 [MS3-PKG] [DEBUG] 🤖 [MS3-PKG] [DEBUG] 🤖 [MS3-PKG] [DEBUG] 🤖 [MS3-PKG] [DEBUG] 🤖 [MS3-PKG] [DEBUG] 🤖 [MS3-PKG] [DEBUG] 🤖 [MS3-PKG] [DEBUG] 🤖 [MS3-PKG] [DEBUG] 🤖 [MS3-PKG] [DEBUG] 🤖 [MS3-PKG] [DEBUG] 🤖 [MS3-PKG] [DEBUG] 📋 [analyzeJoiSchema] Schema keys: [ [32m&apos;privateKey&apos;[39m, [32m&apos;provider&apos;[39m, [32m&apos;multiChainRpcs&apos;[39m ]
🤖 [MS3-PKG] [DEBUG] 🤖 [MS3-PKG] [DEBUG] 🤖 [MS3-PKG] [DEBUG] 🤖 [MS3-PKG] [DEBUG] 🤖 [MS3-PKG] [DEBUG] 🤖 [MS3-PKG] [DEBUG] 🤖 [MS3-PKG] [DEBUG] 🤖 [MS3-PKG] [DEBUG] 🤖 [MS3-PKG] [DEBUG] 🤖 [MS3-PKG] [DEBUG] 🤖 [MS3-PKG] [DEBUG] 🤖 [MS3-PKG] [DEBUG] 🤖 [MS3-PKG] [DEBUG] 🤖 [MS3-PKG] [DEBUG] ✅ [analyzeJoiSchema] Processing object schema with 3 keys
🤖 [MS3-PKG] [DEBUG] 🤖 [MS3-PKG] [DEBUG] 🤖 [MS3-PKG] [DEBUG] 🤖 [MS3-PKG] [DEBUG] 🤖 [MS3-PKG] [DEBUG] 🤖 [MS3-PKG] [DEBUG] 🤖 [MS3-PKG] [DEBUG] 🤖 [MS3-PKG] [DEBUG] 🤖 [MS3-PKG] [DEBUG] 🤖 [MS3-PKG] [DEBUG] 🤖 [MS3-PKG] [DEBUG] 🤖 [MS3-PKG] [DEBUG] 🤖 [MS3-PKG] [DEBUG] 🤖 [MS3-PKG] [DEBUG] 🔑 [analyzeJoiSchema] Processing field: privateKey
🤖 [MS3-PKG] [DEBUG] 🤖 [MS3-PKG] [DEBUG] 🤖 [MS3-PKG] [DEBUG] 🤖 [MS3-PKG] [DEBUG] 🤖 [MS3-PKG] [DEBUG] 🤖 [MS3-PKG] [DEBUG] 🤖 [MS3-PKG] [DEBUG] 🤖 [MS3-PKG] [DEBUG] 🤖 [MS3-PKG] [DEBUG] 🤖 [MS3-PKG] [DEBUG] 🤖 [MS3-PKG] [DEBUG] 🤖 [MS3-PKG] [DEBUG] 🤖 [MS3-PKG] [DEBUG] 🤖 [MS3-PKG] [DEBUG] 📝 [analyzeJoiSchema] Field description: {
  type: [32m&apos;string&apos;[39m,
  flags: {
    presence: [32m&apos;required&apos;[39m,
    description: [32m&apos;Private key for wallet (generates random if not provided)&apos;[39m
  },
  rules: [ { name: [32m&apos;pattern&apos;[39m, args: [36m[Object][39m } ]
}
🤖 [MS3-PKG] [DEBUG] 🤖 [MS3-PKG] [DEBUG] 🤖 [MS3-PKG] [DEBUG] 🤖 [MS3-PKG] [DEBUG] 🤖 [MS3-PKG] [DEBUG] 🤖 [MS3-PKG] [DEBUG] 🤖 [MS3-PKG] [DEBUG] 🤖 [MS3-PKG] [DEBUG] 🤖 [MS3-PKG] [DEBUG] 🤖 [MS3-PKG] [DEBUG] 🤖 [MS3-PKG] [DEBUG] 🤖 [MS3-PKG] [DEBUG] 🤖 [MS3-PKG] [DEBUG] 🤖 [MS3-PKG] [DEBUG] 📊 [analyzeJoiSchema] Field privateKey: type=string, required=true, message=&quot;Private key for wallet (generates random if not provided)&quot;
🤖 [MS3-PKG] [DEBUG] 🤖 [MS3-PKG] [DEBUG] 🤖 [MS3-PKG] [DEBUG] 🤖 [MS3-PKG] [DEBUG] 🤖 [MS3-PKG] [DEBUG] 🤖 [MS3-PKG] [DEBUG] 🤖 [MS3-PKG] [DEBUG] 🤖 [MS3-PKG] [DEBUG] 🤖 [MS3-PKG] [DEBUG] 🤖 [MS3-PKG] [DEBUG] 🤖 [MS3-PKG] [DEBUG] 🤖 [MS3-PKG] [DEBUG] 🤖 [MS3-PKG] [DEBUG] 🤖 [MS3-PKG] [DEBUG] 🔑 [analyzeJoiSchema] Processing field: provider
🤖 [MS3-PKG] [DEBUG] 🤖 [MS3-PKG] [DEBUG] 🤖 [MS3-PKG] [DEBUG] 🤖 [MS3-PKG] [DEBUG] 🤖 [MS3-PKG] [DEBUG] 🤖 [MS3-PKG] [DEBUG] 🤖 [MS3-PKG] [DEBUG] 🤖 [MS3-PKG] [DEBUG] 🤖 [MS3-PKG] [DEBUG] 🤖 [MS3-PKG] [DEBUG] 🤖 [MS3-PKG] [DEBUG] 🤖 [MS3-PKG] [DEBUG] 🤖 [MS3-PKG] [DEBUG] 🤖 [MS3-PKG] [DEBUG] 📝 [analyzeJoiSchema] Field description: {
  type: [32m&apos;object&apos;[39m,
  flags: {
    presence: [32m&apos;optional&apos;[39m,
    description: [32m&apos;Optional provider configuration&apos;[39m
  },
  keys: {
    name: { type: [32m&apos;string&apos;[39m, flags: [36m[Object][39m },
    chainId: { type: [32m&apos;string&apos;[39m, flags: [36m[Object][39m, rules: [36m[Array][39m },
    rpcUrls: { type: [32m&apos;array&apos;[39m, flags: [36m[Object][39m, rules: [36m[Array][39m, items: [36m[Array][39m },
    displayName: { type: [32m&apos;string&apos;[39m, flags: [36m[Object][39m }
  }
}
🤖 [MS3-PKG] [DEBUG] 🤖 [MS3-PKG] [DEBUG] 🤖 [MS3-PKG] [DEBUG] 🤖 [MS3-PKG] [DEBUG] 🤖 [MS3-PKG] [DEBUG] 🤖 [MS3-PKG] [DEBUG] 🤖 [MS3-PKG] [DEBUG] 🤖 [MS3-PKG] [DEBUG] 🤖 [MS3-PKG] [DEBUG] 🤖 [MS3-PKG] [DEBUG] 🤖 [MS3-PKG] [DEBUG] 🤖 [MS3-PKG] [DEBUG] 🤖 [MS3-PKG] [DEBUG] 🤖 [MS3-PKG] [DEBUG] 📊 [analyzeJoiSchema] Field provider: type=object, required=false, message=&quot;Optional provider configuration&quot;
🤖 [MS3-PKG] [DEBUG] 🤖 [MS3-PKG] [DEBUG] 🤖 [MS3-PKG] [DEBUG] 🤖 [MS3-PKG] [DEBUG] 🤖 [MS3-PKG] [DEBUG] 🤖 [MS3-PKG] [DEBUG] 🤖 [MS3-PKG] [DEBUG] 🤖 [MS3-PKG] [DEBUG] 🤖 [MS3-PKG] [DEBUG] 🤖 [MS3-PKG] [DEBUG] 🤖 [MS3-PKG] [DEBUG] 🤖 [MS3-PKG] [DEBUG] 🤖 [MS3-PKG] [DEBUG] 🤖 [MS3-PKG] [DEBUG] 🔄 [analyzeJoiSchema] Recursing into nested object: provider
🤖 [MS3-PKG] [DEBUG] 🤖 [MS3-PKG] [DEBUG] 🤖 [MS3-PKG] [DEBUG] 🤖 [MS3-PKG] [DEBUG] 🤖 [MS3-PKG] [DEBUG] 🤖 [MS3-PKG] [DEBUG] 🤖 [MS3-PKG] [DEBUG] 🤖 [MS3-PKG] [DEBUG] 🤖 [MS3-PKG] [DEBUG] 🤖 [MS3-PKG] [DEBUG] 🤖 [MS3-PKG] [DEBUG] 🤖 [MS3-PKG] [DEBUG] 🤖 [MS3-PKG] [DEBUG] 🤖 [MS3-PKG] [DEBUG] 🔑 [analyzeJoiSchema] Processing field: multiChainRpcs
🤖 [MS3-PKG] [DEBUG] 🤖 [MS3-PKG] [DEBUG] 🤖 [MS3-PKG] [DEBUG] 🤖 [MS3-PKG] [DEBUG] 🤖 [MS3-PKG] [DEBUG] 🤖 [MS3-PKG] [DEBUG] 🤖 [MS3-PKG] [DEBUG] 🤖 [MS3-PKG] [DEBUG] 🤖 [MS3-PKG] [DEBUG] 🤖 [MS3-PKG] [DEBUG] 🤖 [MS3-PKG] [DEBUG] 🤖 [MS3-PKG] [DEBUG] 🤖 [MS3-PKG] [DEBUG] 🤖 [MS3-PKG] [DEBUG] 📝 [analyzeJoiSchema] Field description: {
  type: [32m&apos;object&apos;[39m,
  flags: {
    presence: [32m&apos;optional&apos;[39m,
    description: [32m&apos;Multi-chain RPC configuration - maps chain IDs to RPC URL arrays&apos;[39m
  },
  patterns: [ { schema: [36m[Object][39m, rule: [36m[Object][39m } ]
}
🤖 [MS3-PKG] [DEBUG] 🤖 [MS3-PKG] [DEBUG] 🤖 [MS3-PKG] [DEBUG] 🤖 [MS3-PKG] [DEBUG] 🤖 [MS3-PKG] [DEBUG] 🤖 [MS3-PKG] [DEBUG] 🤖 [MS3-PKG] [DEBUG] 🤖 [MS3-PKG] [DEBUG] 🤖 [MS3-PKG] [DEBUG] 🤖 [MS3-PKG] [DEBUG] 🤖 [MS3-PKG] [DEBUG] 🤖 [MS3-PKG] [DEBUG] 🤖 [MS3-PKG] [DEBUG] 🤖 [MS3-PKG] [DEBUG] 📊 [analyzeJoiSchema] Field multiChainRpcs: type=object, required=false, message=&quot;Multi-chain RPC configuration - maps chain IDs to RPC URL arrays&quot;
🤖 [MS3-PKG] [INFO] 🤖 [MS3-PKG] [INFO] 🤖 [MS3-PKG] [INFO] 🤖 [MS3-PKG] [INFO] 🤖 [MS3-PKG] [INFO] 🤖 [MS3-PKG] [INFO] 🤖 [MS3-PKG] [INFO] 🤖 [MS3-PKG] [INFO] 🤖 [MS3-PKG] [INFO] 🤖 [MS3-PKG] [INFO] 🤖 [MS3-PKG] [INFO] 🤖 [MS3-PKG] [INFO] 🤖 [MS3-PKG] [INFO] 🤖 [MS3-PKG] [INFO] 📊 [analyzeJoiSchema] Generated 7 requirements for options
🤖 [MS3-PKG] [DEBUG] 🤖 [MS3-PKG] [DEBUG] 🤖 [MS3-PKG] [DEBUG] 🤖 [MS3-PKG] [DEBUG] 🤖 [MS3-PKG] [DEBUG] 🤖 [MS3-PKG] [DEBUG] 🤖 [MS3-PKG] [DEBUG] 🤖 [MS3-PKG] [DEBUG] 🤖 [MS3-PKG] [DEBUG] 🤖 [MS3-PKG] [DEBUG] 🤖 [MS3-PKG] [DEBUG] 🤖 [MS3-PKG] [DEBUG] 🤖 [MS3-PKG] [DEBUG] 🤖 [MS3-PKG] [DEBUG] 🔍 [getRequirements] Starting analysis for bulk-test-93
🤖 [MS3-PKG] [DEBUG] 🤖 [MS3-PKG] [DEBUG] 🤖 [MS3-PKG] [DEBUG] 🤖 [MS3-PKG] [DEBUG] 🤖 [MS3-PKG] [DEBUG] 🤖 [MS3-PKG] [DEBUG] 🤖 [MS3-PKG] [DEBUG] 🤖 [MS3-PKG] [DEBUG] 🤖 [MS3-PKG] [DEBUG] 🤖 [MS3-PKG] [DEBUG] 🤖 [MS3-PKG] [DEBUG] 🤖 [MS3-PKG] [DEBUG] 🤖 [MS3-PKG] [DEBUG] 🤖 [MS3-PKG] [DEBUG] 🔬 [analyzeJoiSchema] Analyzing schema at path: options
🤖 [MS3-PKG] [DEBUG] 🤖 [MS3-PKG] [DEBUG] 🤖 [MS3-PKG] [DEBUG] 🤖 [MS3-PKG] [DEBUG] 🤖 [MS3-PKG] [DEBUG] 🤖 [MS3-PKG] [DEBUG] 🤖 [MS3-PKG] [DEBUG] 🤖 [MS3-PKG] [DEBUG] 🤖 [MS3-PKG] [DEBUG] 🤖 [MS3-PKG] [DEBUG] 🤖 [MS3-PKG] [DEBUG] 🤖 [MS3-PKG] [DEBUG] 🤖 [MS3-PKG] [DEBUG] 🤖 [MS3-PKG] [DEBUG] 📋 [analyzeJoiSchema] Schema description type: object
🤖 [MS3-PKG] [DEBUG] 🤖 [MS3-PKG] [DEBUG] 🤖 [MS3-PKG] [DEBUG] 🤖 [MS3-PKG] [DEBUG] 🤖 [MS3-PKG] [DEBUG] 🤖 [MS3-PKG] [DEBUG] 🤖 [MS3-PKG] [DEBUG] 🤖 [MS3-PKG] [DEBUG] 🤖 [MS3-PKG] [DEBUG] 🤖 [MS3-PKG] [DEBUG] 🤖 [MS3-PKG] [DEBUG] 🤖 [MS3-PKG] [DEBUG] 🤖 [MS3-PKG] [DEBUG] 🤖 [MS3-PKG] [DEBUG] 📋 [analyzeJoiSchema] Schema keys: [ [32m&apos;web3authConfig&apos;[39m, [32m&apos;multiChainRpcs&apos;[39m ]
🤖 [MS3-PKG] [DEBUG] 🤖 [MS3-PKG] [DEBUG] 🤖 [MS3-PKG] [DEBUG] 🤖 [MS3-PKG] [DEBUG] 🤖 [MS3-PKG] [DEBUG] 🤖 [MS3-PKG] [DEBUG] 🤖 [MS3-PKG] [DEBUG] 🤖 [MS3-PKG] [DEBUG] 🤖 [MS3-PKG] [DEBUG] 🤖 [MS3-PKG] [DEBUG] 🤖 [MS3-PKG] [DEBUG] 🤖 [MS3-PKG] [DEBUG] 🤖 [MS3-PKG] [DEBUG] 🤖 [MS3-PKG] [DEBUG] ✅ [analyzeJoiSchema] Processing object schema with 2 keys
🤖 [MS3-PKG] [DEBUG] 🤖 [MS3-PKG] [DEBUG] 🤖 [MS3-PKG] [DEBUG] 🤖 [MS3-PKG] [DEBUG] 🤖 [MS3-PKG] [DEBUG] 🤖 [MS3-PKG] [DEBUG] 🤖 [MS3-PKG] [DEBUG] 🤖 [MS3-PKG] [DEBUG] 🤖 [MS3-PKG] [DEBUG] 🤖 [MS3-PKG] [DEBUG] 🤖 [MS3-PKG] [DEBUG] 🤖 [MS3-PKG] [DEBUG] 🤖 [MS3-PKG] [DEBUG] 🤖 [MS3-PKG] [DEBUG] 🔑 [analyzeJoiSchema] Processing field: web3authConfig
🤖 [MS3-PKG] [DEBUG] 🤖 [MS3-PKG] [DEBUG] 🤖 [MS3-PKG] [DEBUG] 🤖 [MS3-PKG] [DEBUG] 🤖 [MS3-PKG] [DEBUG] 🤖 [MS3-PKG] [DEBUG] 🤖 [MS3-PKG] [DEBUG] 🤖 [MS3-PKG] [DEBUG] 🤖 [MS3-PKG] [DEBUG] 🤖 [MS3-PKG] [DEBUG] 🤖 [MS3-PKG] [DEBUG] 🤖 [MS3-PKG] [DEBUG] 🤖 [MS3-PKG] [DEBUG] 🤖 [MS3-PKG] [DEBUG] 📝 [analyzeJoiSchema] Field description: {
  type: [32m&apos;object&apos;[39m,
  flags: {
    presence: [32m&apos;required&apos;[39m,
    description: [32m&apos;Web3Auth configuration object&apos;[39m
  },
  keys: {
    clientId: { type: [32m&apos;string&apos;[39m, flags: [36m[Object][39m },
    web3AuthNetwork: { type: [32m&apos;string&apos;[39m, flags: [36m[Object][39m, allow: [36m[Array][39m },
    chainConfig: { type: [32m&apos;object&apos;[39m, flags: [36m[Object][39m, keys: [36m[Object][39m },
    loginConfig: { type: [32m&apos;object&apos;[39m, flags: [36m[Object][39m },
    privateKeyProvider: { type: [32m&apos;any&apos;[39m, flags: [36m[Object][39m }
  }
}
🤖 [MS3-PKG] [DEBUG] 🤖 [MS3-PKG] [DEBUG] 🤖 [MS3-PKG] [DEBUG] 🤖 [MS3-PKG] [DEBUG] 🤖 [MS3-PKG] [DEBUG] 🤖 [MS3-PKG] [DEBUG] 🤖 [MS3-PKG] [DEBUG] 🤖 [MS3-PKG] [DEBUG] 🤖 [MS3-PKG] [DEBUG] 🤖 [MS3-PKG] [DEBUG] 🤖 [MS3-PKG] [DEBUG] 🤖 [MS3-PKG] [DEBUG] 🤖 [MS3-PKG] [DEBUG] 🤖 [MS3-PKG] [DEBUG] 📊 [analyzeJoiSchema] Field web3authConfig: type=object, required=true, message=&quot;Web3Auth configuration object&quot;
🤖 [MS3-PKG] [DEBUG] 🤖 [MS3-PKG] [DEBUG] 🤖 [MS3-PKG] [DEBUG] 🤖 [MS3-PKG] [DEBUG] 🤖 [MS3-PKG] [DEBUG] 🤖 [MS3-PKG] [DEBUG] 🤖 [MS3-PKG] [DEBUG] 🤖 [MS3-PKG] [DEBUG] 🤖 [MS3-PKG] [DEBUG] 🤖 [MS3-PKG] [DEBUG] 🤖 [MS3-PKG] [DEBUG] 🤖 [MS3-PKG] [DEBUG] 🤖 [MS3-PKG] [DEBUG] 🤖 [MS3-PKG] [DEBUG] 🔄 [analyzeJoiSchema] Recursing into nested object: web3authConfig
🤖 [MS3-PKG] [DEBUG] 🤖 [MS3-PKG] [DEBUG] 🤖 [MS3-PKG] [DEBUG] 🤖 [MS3-PKG] [DEBUG] 🤖 [MS3-PKG] [DEBUG] 🤖 [MS3-PKG] [DEBUG] 🤖 [MS3-PKG] [DEBUG] 🤖 [MS3-PKG] [DEBUG] 🤖 [MS3-PKG] [DEBUG] 🤖 [MS3-PKG] [DEBUG] 🤖 [MS3-PKG] [DEBUG] 🤖 [MS3-PKG] [DEBUG] 🤖 [MS3-PKG] [DEBUG] 🤖 [MS3-PKG] [DEBUG] 🔑 [analyzeJoiSchema] Processing field: multiChainRpcs
🤖 [MS3-PKG] [DEBUG] 🤖 [MS3-PKG] [DEBUG] 🤖 [MS3-PKG] [DEBUG] 🤖 [MS3-PKG] [DEBUG] 🤖 [MS3-PKG] [DEBUG] 🤖 [MS3-PKG] [DEBUG] 🤖 [MS3-PKG] [DEBUG] 🤖 [MS3-PKG] [DEBUG] 🤖 [MS3-PKG] [DEBUG] 🤖 [MS3-PKG] [DEBUG] 🤖 [MS3-PKG] [DEBUG] 🤖 [MS3-PKG] [DEBUG] 🤖 [MS3-PKG] [DEBUG] 🤖 [MS3-PKG] [DEBUG] 📝 [analyzeJoiSchema] Field description: {
  type: [32m&apos;object&apos;[39m,
  flags: {
    presence: [32m&apos;optional&apos;[39m,
    description: [32m&apos;Multi-chain RPC configuration - maps chain IDs to RPC URL arrays&apos;[39m
  },
  patterns: [ { schema: [36m[Object][39m, rule: [36m[Object][39m } ]
}
🤖 [MS3-PKG] [DEBUG] 🤖 [MS3-PKG] [DEBUG] 🤖 [MS3-PKG] [DEBUG] 🤖 [MS3-PKG] [DEBUG] 🤖 [MS3-PKG] [DEBUG] 🤖 [MS3-PKG] [DEBUG] 🤖 [MS3-PKG] [DEBUG] 🤖 [MS3-PKG] [DEBUG] 🤖 [MS3-PKG] [DEBUG] 🤖 [MS3-PKG] [DEBUG] 🤖 [MS3-PKG] [DEBUG] 🤖 [MS3-PKG] [DEBUG] 🤖 [MS3-PKG] [DEBUG] 🤖 [MS3-PKG] [DEBUG] 📊 [analyzeJoiSchema] Field multiChainRpcs: type=object, required=false, message=&quot;Multi-chain RPC configuration - maps chain IDs to RPC URL arrays&quot;
🤖 [MS3-PKG] [INFO] 🤖 [MS3-PKG] [INFO] 🤖 [MS3-PKG] [INFO] 🤖 [MS3-PKG] [INFO] 🤖 [MS3-PKG] [INFO] 🤖 [MS3-PKG] [INFO] 🤖 [MS3-PKG] [INFO] 🤖 [MS3-PKG] [INFO] 🤖 [MS3-PKG] [INFO] 🤖 [MS3-PKG] [INFO] 🤖 [MS3-PKG] [INFO] 🤖 [MS3-PKG] [INFO] 🤖 [MS3-PKG] [INFO] 🤖 [MS3-PKG] [INFO] 📊 [analyzeJoiSchema] Generated 14 requirements for options
🤖 [MS3-PKG] [DEBUG] 🤖 [MS3-PKG] [DEBUG] 🤖 [MS3-PKG] [DEBUG] 🤖 [MS3-PKG] [DEBUG] 🤖 [MS3-PKG] [DEBUG] 🤖 [MS3-PKG] [DEBUG] 🤖 [MS3-PKG] [DEBUG] 🤖 [MS3-PKG] [DEBUG] 🤖 [MS3-PKG] [DEBUG] 🤖 [MS3-PKG] [DEBUG] 🤖 [MS3-PKG] [DEBUG] 🤖 [MS3-PKG] [DEBUG] 🤖 [MS3-PKG] [DEBUG] 🤖 [MS3-PKG] [DEBUG] 🔍 [getRequirements] Starting analysis for bulk-test-94
🤖 [MS3-PKG] [DEBUG] 🤖 [MS3-PKG] [DEBUG] 🤖 [MS3-PKG] [DEBUG] 🤖 [MS3-PKG] [DEBUG] 🤖 [MS3-PKG] [DEBUG] 🤖 [MS3-PKG] [DEBUG] 🤖 [MS3-PKG] [DEBUG] 🤖 [MS3-PKG] [DEBUG] 🤖 [MS3-PKG] [DEBUG] 🤖 [MS3-PKG] [DEBUG] 🤖 [MS3-PKG] [DEBUG] 🤖 [MS3-PKG] [DEBUG] 🤖 [MS3-PKG] [DEBUG] 🤖 [MS3-PKG] [DEBUG] 🔬 [analyzeJoiSchema] Analyzing schema at path: options
🤖 [MS3-PKG] [DEBUG] 🤖 [MS3-PKG] [DEBUG] 🤖 [MS3-PKG] [DEBUG] 🤖 [MS3-PKG] [DEBUG] 🤖 [MS3-PKG] [DEBUG] 🤖 [MS3-PKG] [DEBUG] 🤖 [MS3-PKG] [DEBUG] 🤖 [MS3-PKG] [DEBUG] 🤖 [MS3-PKG] [DEBUG] 🤖 [MS3-PKG] [DEBUG] 🤖 [MS3-PKG] [DEBUG] 🤖 [MS3-PKG] [DEBUG] 🤖 [MS3-PKG] [DEBUG] 🤖 [MS3-PKG] [DEBUG] 📋 [analyzeJoiSchema] Schema description type: object
🤖 [MS3-PKG] [DEBUG] 🤖 [MS3-PKG] [DEBUG] 🤖 [MS3-PKG] [DEBUG] 🤖 [MS3-PKG] [DEBUG] 🤖 [MS3-PKG] [DEBUG] 🤖 [MS3-PKG] [DEBUG] 🤖 [MS3-PKG] [DEBUG] 🤖 [MS3-PKG] [DEBUG] 🤖 [MS3-PKG] [DEBUG] 🤖 [MS3-PKG] [DEBUG] 🤖 [MS3-PKG] [DEBUG] 🤖 [MS3-PKG] [DEBUG] 🤖 [MS3-PKG] [DEBUG] 🤖 [MS3-PKG] [DEBUG] 📋 [analyzeJoiSchema] Schema keys: [ [32m&apos;privateKey&apos;[39m, [32m&apos;provider&apos;[39m, [32m&apos;multiChainRpcs&apos;[39m ]
🤖 [MS3-PKG] [DEBUG] 🤖 [MS3-PKG] [DEBUG] 🤖 [MS3-PKG] [DEBUG] 🤖 [MS3-PKG] [DEBUG] 🤖 [MS3-PKG] [DEBUG] 🤖 [MS3-PKG] [DEBUG] 🤖 [MS3-PKG] [DEBUG] 🤖 [MS3-PKG] [DEBUG] 🤖 [MS3-PKG] [DEBUG] 🤖 [MS3-PKG] [DEBUG] 🤖 [MS3-PKG] [DEBUG] 🤖 [MS3-PKG] [DEBUG] 🤖 [MS3-PKG] [DEBUG] 🤖 [MS3-PKG] [DEBUG] ✅ [analyzeJoiSchema] Processing object schema with 3 keys
🤖 [MS3-PKG] [DEBUG] 🤖 [MS3-PKG] [DEBUG] 🤖 [MS3-PKG] [DEBUG] 🤖 [MS3-PKG] [DEBUG] 🤖 [MS3-PKG] [DEBUG] 🤖 [MS3-PKG] [DEBUG] 🤖 [MS3-PKG] [DEBUG] 🤖 [MS3-PKG] [DEBUG] 🤖 [MS3-PKG] [DEBUG] 🤖 [MS3-PKG] [DEBUG] 🤖 [MS3-PKG] [DEBUG] 🤖 [MS3-PKG] [DEBUG] 🤖 [MS3-PKG] [DEBUG] 🤖 [MS3-PKG] [DEBUG] 🔑 [analyzeJoiSchema] Processing field: privateKey
🤖 [MS3-PKG] [DEBUG] 🤖 [MS3-PKG] [DEBUG] 🤖 [MS3-PKG] [DEBUG] 🤖 [MS3-PKG] [DEBUG] 🤖 [MS3-PKG] [DEBUG] 🤖 [MS3-PKG] [DEBUG] 🤖 [MS3-PKG] [DEBUG] 🤖 [MS3-PKG] [DEBUG] 🤖 [MS3-PKG] [DEBUG] 🤖 [MS3-PKG] [DEBUG] 🤖 [MS3-PKG] [DEBUG] 🤖 [MS3-PKG] [DEBUG] 🤖 [MS3-PKG] [DEBUG] 🤖 [MS3-PKG] [DEBUG] 📝 [analyzeJoiSchema] Field description: {
  type: [32m&apos;string&apos;[39m,
  flags: {
    presence: [32m&apos;required&apos;[39m,
    description: [32m&apos;Private key for wallet (generates random if not provided)&apos;[39m
  },
  rules: [ { name: [32m&apos;pattern&apos;[39m, args: [36m[Object][39m } ]
}
🤖 [MS3-PKG] [DEBUG] 🤖 [MS3-PKG] [DEBUG] 🤖 [MS3-PKG] [DEBUG] 🤖 [MS3-PKG] [DEBUG] 🤖 [MS3-PKG] [DEBUG] 🤖 [MS3-PKG] [DEBUG] 🤖 [MS3-PKG] [DEBUG] 🤖 [MS3-PKG] [DEBUG] 🤖 [MS3-PKG] [DEBUG] 🤖 [MS3-PKG] [DEBUG] 🤖 [MS3-PKG] [DEBUG] 🤖 [MS3-PKG] [DEBUG] 🤖 [MS3-PKG] [DEBUG] 🤖 [MS3-PKG] [DEBUG] 📊 [analyzeJoiSchema] Field privateKey: type=string, required=true, message=&quot;Private key for wallet (generates random if not provided)&quot;
🤖 [MS3-PKG] [DEBUG] 🤖 [MS3-PKG] [DEBUG] 🤖 [MS3-PKG] [DEBUG] 🤖 [MS3-PKG] [DEBUG] 🤖 [MS3-PKG] [DEBUG] 🤖 [MS3-PKG] [DEBUG] 🤖 [MS3-PKG] [DEBUG] 🤖 [MS3-PKG] [DEBUG] 🤖 [MS3-PKG] [DEBUG] 🤖 [MS3-PKG] [DEBUG] 🤖 [MS3-PKG] [DEBUG] 🤖 [MS3-PKG] [DEBUG] 🤖 [MS3-PKG] [DEBUG] 🤖 [MS3-PKG] [DEBUG] 🔑 [analyzeJoiSchema] Processing field: provider
🤖 [MS3-PKG] [DEBUG] 🤖 [MS3-PKG] [DEBUG] 🤖 [MS3-PKG] [DEBUG] 🤖 [MS3-PKG] [DEBUG] 🤖 [MS3-PKG] [DEBUG] 🤖 [MS3-PKG] [DEBUG] 🤖 [MS3-PKG] [DEBUG] 🤖 [MS3-PKG] [DEBUG] 🤖 [MS3-PKG] [DEBUG] 🤖 [MS3-PKG] [DEBUG] 🤖 [MS3-PKG] [DEBUG] 🤖 [MS3-PKG] [DEBUG] 🤖 [MS3-PKG] [DEBUG] 🤖 [MS3-PKG] [DEBUG] 📝 [analyzeJoiSchema] Field description: {
  type: [32m&apos;object&apos;[39m,
  flags: {
    presence: [32m&apos;optional&apos;[39m,
    description: [32m&apos;Optional provider configuration&apos;[39m
  },
  keys: {
    name: { type: [32m&apos;string&apos;[39m, flags: [36m[Object][39m },
    chainId: { type: [32m&apos;string&apos;[39m, flags: [36m[Object][39m, rules: [36m[Array][39m },
    rpcUrls: { type: [32m&apos;array&apos;[39m, flags: [36m[Object][39m, rules: [36m[Array][39m, items: [36m[Array][39m },
    displayName: { type: [32m&apos;string&apos;[39m, flags: [36m[Object][39m }
  }
}
🤖 [MS3-PKG] [DEBUG] 🤖 [MS3-PKG] [DEBUG] 🤖 [MS3-PKG] [DEBUG] 🤖 [MS3-PKG] [DEBUG] 🤖 [MS3-PKG] [DEBUG] 🤖 [MS3-PKG] [DEBUG] 🤖 [MS3-PKG] [DEBUG] 🤖 [MS3-PKG] [DEBUG] 🤖 [MS3-PKG] [DEBUG] 🤖 [MS3-PKG] [DEBUG] 🤖 [MS3-PKG] [DEBUG] 🤖 [MS3-PKG] [DEBUG] 🤖 [MS3-PKG] [DEBUG] 🤖 [MS3-PKG] [DEBUG] 📊 [analyzeJoiSchema] Field provider: type=object, required=false, message=&quot;Optional provider configuration&quot;
🤖 [MS3-PKG] [DEBUG] 🤖 [MS3-PKG] [DEBUG] 🤖 [MS3-PKG] [DEBUG] 🤖 [MS3-PKG] [DEBUG] 🤖 [MS3-PKG] [DEBUG] 🤖 [MS3-PKG] [DEBUG] 🤖 [MS3-PKG] [DEBUG] 🤖 [MS3-PKG] [DEBUG] 🤖 [MS3-PKG] [DEBUG] 🤖 [MS3-PKG] [DEBUG] 🤖 [MS3-PKG] [DEBUG] 🤖 [MS3-PKG] [DEBUG] 🤖 [MS3-PKG] [DEBUG] 🤖 [MS3-PKG] [DEBUG] 🔄 [analyzeJoiSchema] Recursing into nested object: provider
🤖 [MS3-PKG] [DEBUG] 🤖 [MS3-PKG] [DEBUG] 🤖 [MS3-PKG] [DEBUG] 🤖 [MS3-PKG] [DEBUG] 🤖 [MS3-PKG] [DEBUG] 🤖 [MS3-PKG] [DEBUG] 🤖 [MS3-PKG] [DEBUG] 🤖 [MS3-PKG] [DEBUG] 🤖 [MS3-PKG] [DEBUG] 🤖 [MS3-PKG] [DEBUG] 🤖 [MS3-PKG] [DEBUG] 🤖 [MS3-PKG] [DEBUG] 🤖 [MS3-PKG] [DEBUG] 🤖 [MS3-PKG] [DEBUG] 🔑 [analyzeJoiSchema] Processing field: multiChainRpcs
🤖 [MS3-PKG] [DEBUG] 🤖 [MS3-PKG] [DEBUG] 🤖 [MS3-PKG] [DEBUG] 🤖 [MS3-PKG] [DEBUG] 🤖 [MS3-PKG] [DEBUG] 🤖 [MS3-PKG] [DEBUG] 🤖 [MS3-PKG] [DEBUG] 🤖 [MS3-PKG] [DEBUG] 🤖 [MS3-PKG] [DEBUG] 🤖 [MS3-PKG] [DEBUG] 🤖 [MS3-PKG] [DEBUG] 🤖 [MS3-PKG] [DEBUG] 🤖 [MS3-PKG] [DEBUG] 🤖 [MS3-PKG] [DEBUG] 📝 [analyzeJoiSchema] Field description: {
  type: [32m&apos;object&apos;[39m,
  flags: {
    presence: [32m&apos;optional&apos;[39m,
    description: [32m&apos;Multi-chain RPC configuration - maps chain IDs to RPC URL arrays&apos;[39m
  },
  patterns: [ { schema: [36m[Object][39m, rule: [36m[Object][39m } ]
}
🤖 [MS3-PKG] [DEBUG] 🤖 [MS3-PKG] [DEBUG] 🤖 [MS3-PKG] [DEBUG] 🤖 [MS3-PKG] [DEBUG] 🤖 [MS3-PKG] [DEBUG] 🤖 [MS3-PKG] [DEBUG] 🤖 [MS3-PKG] [DEBUG] 🤖 [MS3-PKG] [DEBUG] 🤖 [MS3-PKG] [DEBUG] 🤖 [MS3-PKG] [DEBUG] 🤖 [MS3-PKG] [DEBUG] 🤖 [MS3-PKG] [DEBUG] 🤖 [MS3-PKG] [DEBUG] 🤖 [MS3-PKG] [DEBUG] 📊 [analyzeJoiSchema] Field multiChainRpcs: type=object, required=false, message=&quot;Multi-chain RPC configuration - maps chain IDs to RPC URL arrays&quot;
🤖 [MS3-PKG] [INFO] 🤖 [MS3-PKG] [INFO] 🤖 [MS3-PKG] [INFO] 🤖 [MS3-PKG] [INFO] 🤖 [MS3-PKG] [INFO] 🤖 [MS3-PKG] [INFO] 🤖 [MS3-PKG] [INFO] 🤖 [MS3-PKG] [INFO] 🤖 [MS3-PKG] [INFO] 🤖 [MS3-PKG] [INFO] 🤖 [MS3-PKG] [INFO] 🤖 [MS3-PKG] [INFO] 🤖 [MS3-PKG] [INFO] 🤖 [MS3-PKG] [INFO] 📊 [analyzeJoiSchema] Generated 7 requirements for options
🤖 [MS3-PKG] [DEBUG] 🤖 [MS3-PKG] [DEBUG] 🤖 [MS3-PKG] [DEBUG] 🤖 [MS3-PKG] [DEBUG] 🤖 [MS3-PKG] [DEBUG] 🤖 [MS3-PKG] [DEBUG] 🤖 [MS3-PKG] [DEBUG] 🤖 [MS3-PKG] [DEBUG] 🤖 [MS3-PKG] [DEBUG] 🤖 [MS3-PKG] [DEBUG] 🤖 [MS3-PKG] [DEBUG] 🤖 [MS3-PKG] [DEBUG] 🤖 [MS3-PKG] [DEBUG] 🤖 [MS3-PKG] [DEBUG] 🔍 [getRequirements] Starting analysis for bulk-test-94
🤖 [MS3-PKG] [DEBUG] 🤖 [MS3-PKG] [DEBUG] 🤖 [MS3-PKG] [DEBUG] 🤖 [MS3-PKG] [DEBUG] 🤖 [MS3-PKG] [DEBUG] 🤖 [MS3-PKG] [DEBUG] 🤖 [MS3-PKG] [DEBUG] 🤖 [MS3-PKG] [DEBUG] 🤖 [MS3-PKG] [DEBUG] 🤖 [MS3-PKG] [DEBUG] 🤖 [MS3-PKG] [DEBUG] 🤖 [MS3-PKG] [DEBUG] 🤖 [MS3-PKG] [DEBUG] 🤖 [MS3-PKG] [DEBUG] 🔬 [analyzeJoiSchema] Analyzing schema at path: options
🤖 [MS3-PKG] [DEBUG] 🤖 [MS3-PKG] [DEBUG] 🤖 [MS3-PKG] [DEBUG] 🤖 [MS3-PKG] [DEBUG] 🤖 [MS3-PKG] [DEBUG] 🤖 [MS3-PKG] [DEBUG] 🤖 [MS3-PKG] [DEBUG] 🤖 [MS3-PKG] [DEBUG] 🤖 [MS3-PKG] [DEBUG] 🤖 [MS3-PKG] [DEBUG] 🤖 [MS3-PKG] [DEBUG] 🤖 [MS3-PKG] [DEBUG] 🤖 [MS3-PKG] [DEBUG] 🤖 [MS3-PKG] [DEBUG] 📋 [analyzeJoiSchema] Schema description type: object
🤖 [MS3-PKG] [DEBUG] 🤖 [MS3-PKG] [DEBUG] 🤖 [MS3-PKG] [DEBUG] 🤖 [MS3-PKG] [DEBUG] 🤖 [MS3-PKG] [DEBUG] 🤖 [MS3-PKG] [DEBUG] 🤖 [MS3-PKG] [DEBUG] 🤖 [MS3-PKG] [DEBUG] 🤖 [MS3-PKG] [DEBUG] 🤖 [MS3-PKG] [DEBUG] 🤖 [MS3-PKG] [DEBUG] 🤖 [MS3-PKG] [DEBUG] 🤖 [MS3-PKG] [DEBUG] 🤖 [MS3-PKG] [DEBUG] 📋 [analyzeJoiSchema] Schema keys: [ [32m&apos;web3authConfig&apos;[39m, [32m&apos;multiChainRpcs&apos;[39m ]
🤖 [MS3-PKG] [DEBUG] 🤖 [MS3-PKG] [DEBUG] 🤖 [MS3-PKG] [DEBUG] 🤖 [MS3-PKG] [DEBUG] 🤖 [MS3-PKG] [DEBUG] 🤖 [MS3-PKG] [DEBUG] 🤖 [MS3-PKG] [DEBUG] 🤖 [MS3-PKG] [DEBUG] 🤖 [MS3-PKG] [DEBUG] 🤖 [MS3-PKG] [DEBUG] 🤖 [MS3-PKG] [DEBUG] 🤖 [MS3-PKG] [DEBUG] 🤖 [MS3-PKG] [DEBUG] 🤖 [MS3-PKG] [DEBUG] ✅ [analyzeJoiSchema] Processing object schema with 2 keys
🤖 [MS3-PKG] [DEBUG] 🤖 [MS3-PKG] [DEBUG] 🤖 [MS3-PKG] [DEBUG] 🤖 [MS3-PKG] [DEBUG] 🤖 [MS3-PKG] [DEBUG] 🤖 [MS3-PKG] [DEBUG] 🤖 [MS3-PKG] [DEBUG] 🤖 [MS3-PKG] [DEBUG] 🤖 [MS3-PKG] [DEBUG] 🤖 [MS3-PKG] [DEBUG] 🤖 [MS3-PKG] [DEBUG] 🤖 [MS3-PKG] [DEBUG] 🤖 [MS3-PKG] [DEBUG] 🤖 [MS3-PKG] [DEBUG] 🔑 [analyzeJoiSchema] Processing field: web3authConfig
🤖 [MS3-PKG] [DEBUG] 🤖 [MS3-PKG] [DEBUG] 🤖 [MS3-PKG] [DEBUG] 🤖 [MS3-PKG] [DEBUG] 🤖 [MS3-PKG] [DEBUG] 🤖 [MS3-PKG] [DEBUG] 🤖 [MS3-PKG] [DEBUG] 🤖 [MS3-PKG] [DEBUG] 🤖 [MS3-PKG] [DEBUG] 🤖 [MS3-PKG] [DEBUG] 🤖 [MS3-PKG] [DEBUG] 🤖 [MS3-PKG] [DEBUG] 🤖 [MS3-PKG] [DEBUG] 🤖 [MS3-PKG] [DEBUG] 📝 [analyzeJoiSchema] Field description: {
  type: [32m&apos;object&apos;[39m,
  flags: {
    presence: [32m&apos;required&apos;[39m,
    description: [32m&apos;Web3Auth configuration object&apos;[39m
  },
  keys: {
    clientId: { type: [32m&apos;string&apos;[39m, flags: [36m[Object][39m },
    web3AuthNetwork: { type: [32m&apos;string&apos;[39m, flags: [36m[Object][39m, allow: [36m[Array][39m },
    chainConfig: { type: [32m&apos;object&apos;[39m, flags: [36m[Object][39m, keys: [36m[Object][39m },
    loginConfig: { type: [32m&apos;object&apos;[39m, flags: [36m[Object][39m },
    privateKeyProvider: { type: [32m&apos;any&apos;[39m, flags: [36m[Object][39m }
  }
}
🤖 [MS3-PKG] [DEBUG] 🤖 [MS3-PKG] [DEBUG] 🤖 [MS3-PKG] [DEBUG] 🤖 [MS3-PKG] [DEBUG] 🤖 [MS3-PKG] [DEBUG] 🤖 [MS3-PKG] [DEBUG] 🤖 [MS3-PKG] [DEBUG] 🤖 [MS3-PKG] [DEBUG] 🤖 [MS3-PKG] [DEBUG] 🤖 [MS3-PKG] [DEBUG] 🤖 [MS3-PKG] [DEBUG] 🤖 [MS3-PKG] [DEBUG] 🤖 [MS3-PKG] [DEBUG] 🤖 [MS3-PKG] [DEBUG] 📊 [analyzeJoiSchema] Field web3authConfig: type=object, required=true, message=&quot;Web3Auth configuration object&quot;
🤖 [MS3-PKG] [DEBUG] 🤖 [MS3-PKG] [DEBUG] 🤖 [MS3-PKG] [DEBUG] 🤖 [MS3-PKG] [DEBUG] 🤖 [MS3-PKG] [DEBUG] 🤖 [MS3-PKG] [DEBUG] 🤖 [MS3-PKG] [DEBUG] 🤖 [MS3-PKG] [DEBUG] 🤖 [MS3-PKG] [DEBUG] 🤖 [MS3-PKG] [DEBUG] 🤖 [MS3-PKG] [DEBUG] 🤖 [MS3-PKG] [DEBUG] 🤖 [MS3-PKG] [DEBUG] 🤖 [MS3-PKG] [DEBUG] 🔄 [analyzeJoiSchema] Recursing into nested object: web3authConfig
🤖 [MS3-PKG] [DEBUG] 🤖 [MS3-PKG] [DEBUG] 🤖 [MS3-PKG] [DEBUG] 🤖 [MS3-PKG] [DEBUG] 🤖 [MS3-PKG] [DEBUG] 🤖 [MS3-PKG] [DEBUG] 🤖 [MS3-PKG] [DEBUG] 🤖 [MS3-PKG] [DEBUG] 🤖 [MS3-PKG] [DEBUG] 🤖 [MS3-PKG] [DEBUG] 🤖 [MS3-PKG] [DEBUG] 🤖 [MS3-PKG] [DEBUG] 🤖 [MS3-PKG] [DEBUG] 🤖 [MS3-PKG] [DEBUG] 🔑 [analyzeJoiSchema] Processing field: multiChainRpcs
🤖 [MS3-PKG] [DEBUG] 🤖 [MS3-PKG] [DEBUG] 🤖 [MS3-PKG] [DEBUG] 🤖 [MS3-PKG] [DEBUG] 🤖 [MS3-PKG] [DEBUG] 🤖 [MS3-PKG] [DEBUG] 🤖 [MS3-PKG] [DEBUG] 🤖 [MS3-PKG] [DEBUG] 🤖 [MS3-PKG] [DEBUG] 🤖 [MS3-PKG] [DEBUG] 🤖 [MS3-PKG] [DEBUG] 🤖 [MS3-PKG] [DEBUG] 🤖 [MS3-PKG] [DEBUG] 🤖 [MS3-PKG] [DEBUG] 📝 [analyzeJoiSchema] Field description: {
  type: [32m&apos;object&apos;[39m,
  flags: {
    presence: [32m&apos;optional&apos;[39m,
    description: [32m&apos;Multi-chain RPC configuration - maps chain IDs to RPC URL arrays&apos;[39m
  },
  patterns: [ { schema: [36m[Object][39m, rule: [36m[Object][39m } ]
}
🤖 [MS3-PKG] [DEBUG] 🤖 [MS3-PKG] [DEBUG] 🤖 [MS3-PKG] [DEBUG] 🤖 [MS3-PKG] [DEBUG] 🤖 [MS3-PKG] [DEBUG] 🤖 [MS3-PKG] [DEBUG] 🤖 [MS3-PKG] [DEBUG] 🤖 [MS3-PKG] [DEBUG] 🤖 [MS3-PKG] [DEBUG] 🤖 [MS3-PKG] [DEBUG] 🤖 [MS3-PKG] [DEBUG] 🤖 [MS3-PKG] [DEBUG] 🤖 [MS3-PKG] [DEBUG] 🤖 [MS3-PKG] [DEBUG] 📊 [analyzeJoiSchema] Field multiChainRpcs: type=object, required=false, message=&quot;Multi-chain RPC configuration - maps chain IDs to RPC URL arrays&quot;
🤖 [MS3-PKG] [INFO] 🤖 [MS3-PKG] [INFO] 🤖 [MS3-PKG] [INFO] 🤖 [MS3-PKG] [INFO] 🤖 [MS3-PKG] [INFO] 🤖 [MS3-PKG] [INFO] 🤖 [MS3-PKG] [INFO] 🤖 [MS3-PKG] [INFO] 🤖 [MS3-PKG] [INFO] 🤖 [MS3-PKG] [INFO] 🤖 [MS3-PKG] [INFO] 🤖 [MS3-PKG] [INFO] 🤖 [MS3-PKG] [INFO] 🤖 [MS3-PKG] [INFO] 📊 [analyzeJoiSchema] Generated 14 requirements for options
🤖 [MS3-PKG] [DEBUG] 🤖 [MS3-PKG] [DEBUG] 🤖 [MS3-PKG] [DEBUG] 🤖 [MS3-PKG] [DEBUG] 🤖 [MS3-PKG] [DEBUG] 🤖 [MS3-PKG] [DEBUG] 🤖 [MS3-PKG] [DEBUG] 🤖 [MS3-PKG] [DEBUG] 🤖 [MS3-PKG] [DEBUG] 🤖 [MS3-PKG] [DEBUG] 🤖 [MS3-PKG] [DEBUG] 🤖 [MS3-PKG] [DEBUG] 🤖 [MS3-PKG] [DEBUG] 🤖 [MS3-PKG] [DEBUG] 🔍 [getRequirements] Starting analysis for bulk-test-95
🤖 [MS3-PKG] [DEBUG] 🤖 [MS3-PKG] [DEBUG] 🤖 [MS3-PKG] [DEBUG] 🤖 [MS3-PKG] [DEBUG] 🤖 [MS3-PKG] [DEBUG] 🤖 [MS3-PKG] [DEBUG] 🤖 [MS3-PKG] [DEBUG] 🤖 [MS3-PKG] [DEBUG] 🤖 [MS3-PKG] [DEBUG] 🤖 [MS3-PKG] [DEBUG] 🤖 [MS3-PKG] [DEBUG] 🤖 [MS3-PKG] [DEBUG] 🤖 [MS3-PKG] [DEBUG] 🤖 [MS3-PKG] [DEBUG] 🔬 [analyzeJoiSchema] Analyzing schema at path: options
🤖 [MS3-PKG] [DEBUG] 🤖 [MS3-PKG] [DEBUG] 🤖 [MS3-PKG] [DEBUG] 🤖 [MS3-PKG] [DEBUG] 🤖 [MS3-PKG] [DEBUG] 🤖 [MS3-PKG] [DEBUG] 🤖 [MS3-PKG] [DEBUG] 🤖 [MS3-PKG] [DEBUG] 🤖 [MS3-PKG] [DEBUG] 🤖 [MS3-PKG] [DEBUG] 🤖 [MS3-PKG] [DEBUG] 🤖 [MS3-PKG] [DEBUG] 🤖 [MS3-PKG] [DEBUG] 🤖 [MS3-PKG] [DEBUG] 📋 [analyzeJoiSchema] Schema description type: object
🤖 [MS3-PKG] [DEBUG] 🤖 [MS3-PKG] [DEBUG] 🤖 [MS3-PKG] [DEBUG] 🤖 [MS3-PKG] [DEBUG] 🤖 [MS3-PKG] [DEBUG] 🤖 [MS3-PKG] [DEBUG] 🤖 [MS3-PKG] [DEBUG] 🤖 [MS3-PKG] [DEBUG] 🤖 [MS3-PKG] [DEBUG] 🤖 [MS3-PKG] [DEBUG] 🤖 [MS3-PKG] [DEBUG] 🤖 [MS3-PKG] [DEBUG] 🤖 [MS3-PKG] [DEBUG] 🤖 [MS3-PKG] [DEBUG] 📋 [analyzeJoiSchema] Schema keys: [ [32m&apos;privateKey&apos;[39m, [32m&apos;provider&apos;[39m, [32m&apos;multiChainRpcs&apos;[39m ]
🤖 [MS3-PKG] [DEBUG] 🤖 [MS3-PKG] [DEBUG] 🤖 [MS3-PKG] [DEBUG] 🤖 [MS3-PKG] [DEBUG] 🤖 [MS3-PKG] [DEBUG] 🤖 [MS3-PKG] [DEBUG] 🤖 [MS3-PKG] [DEBUG] 🤖 [MS3-PKG] [DEBUG] 🤖 [MS3-PKG] [DEBUG] 🤖 [MS3-PKG] [DEBUG] 🤖 [MS3-PKG] [DEBUG] 🤖 [MS3-PKG] [DEBUG] 🤖 [MS3-PKG] [DEBUG] 🤖 [MS3-PKG] [DEBUG] ✅ [analyzeJoiSchema] Processing object schema with 3 keys
🤖 [MS3-PKG] [DEBUG] 🤖 [MS3-PKG] [DEBUG] 🤖 [MS3-PKG] [DEBUG] 🤖 [MS3-PKG] [DEBUG] 🤖 [MS3-PKG] [DEBUG] 🤖 [MS3-PKG] [DEBUG] 🤖 [MS3-PKG] [DEBUG] 🤖 [MS3-PKG] [DEBUG] 🤖 [MS3-PKG] [DEBUG] 🤖 [MS3-PKG] [DEBUG] 🤖 [MS3-PKG] [DEBUG] 🤖 [MS3-PKG] [DEBUG] 🤖 [MS3-PKG] [DEBUG] 🤖 [MS3-PKG] [DEBUG] 🔑 [analyzeJoiSchema] Processing field: privateKey
🤖 [MS3-PKG] [DEBUG] 🤖 [MS3-PKG] [DEBUG] 🤖 [MS3-PKG] [DEBUG] 🤖 [MS3-PKG] [DEBUG] 🤖 [MS3-PKG] [DEBUG] 🤖 [MS3-PKG] [DEBUG] 🤖 [MS3-PKG] [DEBUG] 🤖 [MS3-PKG] [DEBUG] 🤖 [MS3-PKG] [DEBUG] 🤖 [MS3-PKG] [DEBUG] 🤖 [MS3-PKG] [DEBUG] 🤖 [MS3-PKG] [DEBUG] 🤖 [MS3-PKG] [DEBUG] 🤖 [MS3-PKG] [DEBUG] 📝 [analyzeJoiSchema] Field description: {
  type: [32m&apos;string&apos;[39m,
  flags: {
    presence: [32m&apos;required&apos;[39m,
    description: [32m&apos;Private key for wallet (generates random if not provided)&apos;[39m
  },
  rules: [ { name: [32m&apos;pattern&apos;[39m, args: [36m[Object][39m } ]
}
🤖 [MS3-PKG] [DEBUG] 🤖 [MS3-PKG] [DEBUG] 🤖 [MS3-PKG] [DEBUG] 🤖 [MS3-PKG] [DEBUG] 🤖 [MS3-PKG] [DEBUG] 🤖 [MS3-PKG] [DEBUG] 🤖 [MS3-PKG] [DEBUG] 🤖 [MS3-PKG] [DEBUG] 🤖 [MS3-PKG] [DEBUG] 🤖 [MS3-PKG] [DEBUG] 🤖 [MS3-PKG] [DEBUG] 🤖 [MS3-PKG] [DEBUG] 🤖 [MS3-PKG] [DEBUG] 🤖 [MS3-PKG] [DEBUG] 📊 [analyzeJoiSchema] Field privateKey: type=string, required=true, message=&quot;Private key for wallet (generates random if not provided)&quot;
🤖 [MS3-PKG] [DEBUG] 🤖 [MS3-PKG] [DEBUG] 🤖 [MS3-PKG] [DEBUG] 🤖 [MS3-PKG] [DEBUG] 🤖 [MS3-PKG] [DEBUG] 🤖 [MS3-PKG] [DEBUG] 🤖 [MS3-PKG] [DEBUG] 🤖 [MS3-PKG] [DEBUG] 🤖 [MS3-PKG] [DEBUG] 🤖 [MS3-PKG] [DEBUG] 🤖 [MS3-PKG] [DEBUG] 🤖 [MS3-PKG] [DEBUG] 🤖 [MS3-PKG] [DEBUG] 🤖 [MS3-PKG] [DEBUG] 🔑 [analyzeJoiSchema] Processing field: provider
🤖 [MS3-PKG] [DEBUG] 🤖 [MS3-PKG] [DEBUG] 🤖 [MS3-PKG] [DEBUG] 🤖 [MS3-PKG] [DEBUG] 🤖 [MS3-PKG] [DEBUG] 🤖 [MS3-PKG] [DEBUG] 🤖 [MS3-PKG] [DEBUG] 🤖 [MS3-PKG] [DEBUG] 🤖 [MS3-PKG] [DEBUG] 🤖 [MS3-PKG] [DEBUG] 🤖 [MS3-PKG] [DEBUG] 🤖 [MS3-PKG] [DEBUG] 🤖 [MS3-PKG] [DEBUG] 🤖 [MS3-PKG] [DEBUG] 📝 [analyzeJoiSchema] Field description: {
  type: [32m&apos;object&apos;[39m,
  flags: {
    presence: [32m&apos;optional&apos;[39m,
    description: [32m&apos;Optional provider configuration&apos;[39m
  },
  keys: {
    name: { type: [32m&apos;string&apos;[39m, flags: [36m[Object][39m },
    chainId: { type: [32m&apos;string&apos;[39m, flags: [36m[Object][39m, rules: [36m[Array][39m },
    rpcUrls: { type: [32m&apos;array&apos;[39m, flags: [36m[Object][39m, rules: [36m[Array][39m, items: [36m[Array][39m },
    displayName: { type: [32m&apos;string&apos;[39m, flags: [36m[Object][39m }
  }
}
🤖 [MS3-PKG] [DEBUG] 🤖 [MS3-PKG] [DEBUG] 🤖 [MS3-PKG] [DEBUG] 🤖 [MS3-PKG] [DEBUG] 🤖 [MS3-PKG] [DEBUG] 🤖 [MS3-PKG] [DEBUG] 🤖 [MS3-PKG] [DEBUG] 🤖 [MS3-PKG] [DEBUG] 🤖 [MS3-PKG] [DEBUG] 🤖 [MS3-PKG] [DEBUG] 🤖 [MS3-PKG] [DEBUG] 🤖 [MS3-PKG] [DEBUG] 🤖 [MS3-PKG] [DEBUG] 🤖 [MS3-PKG] [DEBUG] 📊 [analyzeJoiSchema] Field provider: type=object, required=false, message=&quot;Optional provider configuration&quot;
🤖 [MS3-PKG] [DEBUG] 🤖 [MS3-PKG] [DEBUG] 🤖 [MS3-PKG] [DEBUG] 🤖 [MS3-PKG] [DEBUG] 🤖 [MS3-PKG] [DEBUG] 🤖 [MS3-PKG] [DEBUG] 🤖 [MS3-PKG] [DEBUG] 🤖 [MS3-PKG] [DEBUG] 🤖 [MS3-PKG] [DEBUG] 🤖 [MS3-PKG] [DEBUG] 🤖 [MS3-PKG] [DEBUG] 🤖 [MS3-PKG] [DEBUG] 🤖 [MS3-PKG] [DEBUG] 🤖 [MS3-PKG] [DEBUG] 🔄 [analyzeJoiSchema] Recursing into nested object: provider
🤖 [MS3-PKG] [DEBUG] 🤖 [MS3-PKG] [DEBUG] 🤖 [MS3-PKG] [DEBUG] 🤖 [MS3-PKG] [DEBUG] 🤖 [MS3-PKG] [DEBUG] 🤖 [MS3-PKG] [DEBUG] 🤖 [MS3-PKG] [DEBUG] 🤖 [MS3-PKG] [DEBUG] 🤖 [MS3-PKG] [DEBUG] 🤖 [MS3-PKG] [DEBUG] 🤖 [MS3-PKG] [DEBUG] 🤖 [MS3-PKG] [DEBUG] 🤖 [MS3-PKG] [DEBUG] 🤖 [MS3-PKG] [DEBUG] 🔑 [analyzeJoiSchema] Processing field: multiChainRpcs
🤖 [MS3-PKG] [DEBUG] 🤖 [MS3-PKG] [DEBUG] 🤖 [MS3-PKG] [DEBUG] 🤖 [MS3-PKG] [DEBUG] 🤖 [MS3-PKG] [DEBUG] 🤖 [MS3-PKG] [DEBUG] 🤖 [MS3-PKG] [DEBUG] 🤖 [MS3-PKG] [DEBUG] 🤖 [MS3-PKG] [DEBUG] 🤖 [MS3-PKG] [DEBUG] 🤖 [MS3-PKG] [DEBUG] 🤖 [MS3-PKG] [DEBUG] 🤖 [MS3-PKG] [DEBUG] 🤖 [MS3-PKG] [DEBUG] 📝 [analyzeJoiSchema] Field description: {
  type: [32m&apos;object&apos;[39m,
  flags: {
    presence: [32m&apos;optional&apos;[39m,
    description: [32m&apos;Multi-chain RPC configuration - maps chain IDs to RPC URL arrays&apos;[39m
  },
  patterns: [ { schema: [36m[Object][39m, rule: [36m[Object][39m } ]
}
🤖 [MS3-PKG] [DEBUG] 🤖 [MS3-PKG] [DEBUG] 🤖 [MS3-PKG] [DEBUG] 🤖 [MS3-PKG] [DEBUG] 🤖 [MS3-PKG] [DEBUG] 🤖 [MS3-PKG] [DEBUG] 🤖 [MS3-PKG] [DEBUG] 🤖 [MS3-PKG] [DEBUG] 🤖 [MS3-PKG] [DEBUG] 🤖 [MS3-PKG] [DEBUG] 🤖 [MS3-PKG] [DEBUG] 🤖 [MS3-PKG] [DEBUG] 🤖 [MS3-PKG] [DEBUG] 🤖 [MS3-PKG] [DEBUG] 📊 [analyzeJoiSchema] Field multiChainRpcs: type=object, required=false, message=&quot;Multi-chain RPC configuration - maps chain IDs to RPC URL arrays&quot;
🤖 [MS3-PKG] [INFO] 🤖 [MS3-PKG] [INFO] 🤖 [MS3-PKG] [INFO] 🤖 [MS3-PKG] [INFO] 🤖 [MS3-PKG] [INFO] 🤖 [MS3-PKG] [INFO] 🤖 [MS3-PKG] [INFO] 🤖 [MS3-PKG] [INFO] 🤖 [MS3-PKG] [INFO] 🤖 [MS3-PKG] [INFO] 🤖 [MS3-PKG] [INFO] 🤖 [MS3-PKG] [INFO] 🤖 [MS3-PKG] [INFO] 🤖 [MS3-PKG] [INFO] 📊 [analyzeJoiSchema] Generated 7 requirements for options
🤖 [MS3-PKG] [DEBUG] 🤖 [MS3-PKG] [DEBUG] 🤖 [MS3-PKG] [DEBUG] 🤖 [MS3-PKG] [DEBUG] 🤖 [MS3-PKG] [DEBUG] 🤖 [MS3-PKG] [DEBUG] 🤖 [MS3-PKG] [DEBUG] 🤖 [MS3-PKG] [DEBUG] 🤖 [MS3-PKG] [DEBUG] 🤖 [MS3-PKG] [DEBUG] 🤖 [MS3-PKG] [DEBUG] 🤖 [MS3-PKG] [DEBUG] 🤖 [MS3-PKG] [DEBUG] 🤖 [MS3-PKG] [DEBUG] 🔍 [getRequirements] Starting analysis for bulk-test-95
🤖 [MS3-PKG] [DEBUG] 🤖 [MS3-PKG] [DEBUG] 🤖 [MS3-PKG] [DEBUG] 🤖 [MS3-PKG] [DEBUG] 🤖 [MS3-PKG] [DEBUG] 🤖 [MS3-PKG] [DEBUG] 🤖 [MS3-PKG] [DEBUG] 🤖 [MS3-PKG] [DEBUG] 🤖 [MS3-PKG] [DEBUG] 🤖 [MS3-PKG] [DEBUG] 🤖 [MS3-PKG] [DEBUG] 🤖 [MS3-PKG] [DEBUG] 🤖 [MS3-PKG] [DEBUG] 🤖 [MS3-PKG] [DEBUG] 🔬 [analyzeJoiSchema] Analyzing schema at path: options
🤖 [MS3-PKG] [DEBUG] 🤖 [MS3-PKG] [DEBUG] 🤖 [MS3-PKG] [DEBUG] 🤖 [MS3-PKG] [DEBUG] 🤖 [MS3-PKG] [DEBUG] 🤖 [MS3-PKG] [DEBUG] 🤖 [MS3-PKG] [DEBUG] 🤖 [MS3-PKG] [DEBUG] 🤖 [MS3-PKG] [DEBUG] 🤖 [MS3-PKG] [DEBUG] 🤖 [MS3-PKG] [DEBUG] 🤖 [MS3-PKG] [DEBUG] 🤖 [MS3-PKG] [DEBUG] 🤖 [MS3-PKG] [DEBUG] 📋 [analyzeJoiSchema] Schema description type: object
🤖 [MS3-PKG] [DEBUG] 🤖 [MS3-PKG] [DEBUG] 🤖 [MS3-PKG] [DEBUG] 🤖 [MS3-PKG] [DEBUG] 🤖 [MS3-PKG] [DEBUG] 🤖 [MS3-PKG] [DEBUG] 🤖 [MS3-PKG] [DEBUG] 🤖 [MS3-PKG] [DEBUG] 🤖 [MS3-PKG] [DEBUG] 🤖 [MS3-PKG] [DEBUG] 🤖 [MS3-PKG] [DEBUG] 🤖 [MS3-PKG] [DEBUG] 🤖 [MS3-PKG] [DEBUG] 🤖 [MS3-PKG] [DEBUG] 📋 [analyzeJoiSchema] Schema keys: [ [32m&apos;web3authConfig&apos;[39m, [32m&apos;multiChainRpcs&apos;[39m ]
🤖 [MS3-PKG] [DEBUG] 🤖 [MS3-PKG] [DEBUG] 🤖 [MS3-PKG] [DEBUG] 🤖 [MS3-PKG] [DEBUG] 🤖 [MS3-PKG] [DEBUG] 🤖 [MS3-PKG] [DEBUG] 🤖 [MS3-PKG] [DEBUG] 🤖 [MS3-PKG] [DEBUG] 🤖 [MS3-PKG] [DEBUG] 🤖 [MS3-PKG] [DEBUG] 🤖 [MS3-PKG] [DEBUG] 🤖 [MS3-PKG] [DEBUG] 🤖 [MS3-PKG] [DEBUG] 🤖 [MS3-PKG] [DEBUG] ✅ [analyzeJoiSchema] Processing object schema with 2 keys
🤖 [MS3-PKG] [DEBUG] 🤖 [MS3-PKG] [DEBUG] 🤖 [MS3-PKG] [DEBUG] 🤖 [MS3-PKG] [DEBUG] 🤖 [MS3-PKG] [DEBUG] 🤖 [MS3-PKG] [DEBUG] 🤖 [MS3-PKG] [DEBUG] 🤖 [MS3-PKG] [DEBUG] 🤖 [MS3-PKG] [DEBUG] 🤖 [MS3-PKG] [DEBUG] 🤖 [MS3-PKG] [DEBUG] 🤖 [MS3-PKG] [DEBUG] 🤖 [MS3-PKG] [DEBUG] 🤖 [MS3-PKG] [DEBUG] 🔑 [analyzeJoiSchema] Processing field: web3authConfig
🤖 [MS3-PKG] [DEBUG] 🤖 [MS3-PKG] [DEBUG] 🤖 [MS3-PKG] [DEBUG] 🤖 [MS3-PKG] [DEBUG] 🤖 [MS3-PKG] [DEBUG] 🤖 [MS3-PKG] [DEBUG] 🤖 [MS3-PKG] [DEBUG] 🤖 [MS3-PKG] [DEBUG] 🤖 [MS3-PKG] [DEBUG] 🤖 [MS3-PKG] [DEBUG] 🤖 [MS3-PKG] [DEBUG] 🤖 [MS3-PKG] [DEBUG] 🤖 [MS3-PKG] [DEBUG] 🤖 [MS3-PKG] [DEBUG] 📝 [analyzeJoiSchema] Field description: {
  type: [32m&apos;object&apos;[39m,
  flags: {
    presence: [32m&apos;required&apos;[39m,
    description: [32m&apos;Web3Auth configuration object&apos;[39m
  },
  keys: {
    clientId: { type: [32m&apos;string&apos;[39m, flags: [36m[Object][39m },
    web3AuthNetwork: { type: [32m&apos;string&apos;[39m, flags: [36m[Object][39m, allow: [36m[Array][39m },
    chainConfig: { type: [32m&apos;object&apos;[39m, flags: [36m[Object][39m, keys: [36m[Object][39m },
    loginConfig: { type: [32m&apos;object&apos;[39m, flags: [36m[Object][39m },
    privateKeyProvider: { type: [32m&apos;any&apos;[39m, flags: [36m[Object][39m }
  }
}
🤖 [MS3-PKG] [DEBUG] 🤖 [MS3-PKG] [DEBUG] 🤖 [MS3-PKG] [DEBUG] 🤖 [MS3-PKG] [DEBUG] 🤖 [MS3-PKG] [DEBUG] 🤖 [MS3-PKG] [DEBUG] 🤖 [MS3-PKG] [DEBUG] 🤖 [MS3-PKG] [DEBUG] 🤖 [MS3-PKG] [DEBUG] 🤖 [MS3-PKG] [DEBUG] 🤖 [MS3-PKG] [DEBUG] 🤖 [MS3-PKG] [DEBUG] 🤖 [MS3-PKG] [DEBUG] 🤖 [MS3-PKG] [DEBUG] 📊 [analyzeJoiSchema] Field web3authConfig: type=object, required=true, message=&quot;Web3Auth configuration object&quot;
🤖 [MS3-PKG] [DEBUG] 🤖 [MS3-PKG] [DEBUG] 🤖 [MS3-PKG] [DEBUG] 🤖 [MS3-PKG] [DEBUG] 🤖 [MS3-PKG] [DEBUG] 🤖 [MS3-PKG] [DEBUG] 🤖 [MS3-PKG] [DEBUG] 🤖 [MS3-PKG] [DEBUG] 🤖 [MS3-PKG] [DEBUG] 🤖 [MS3-PKG] [DEBUG] 🤖 [MS3-PKG] [DEBUG] 🤖 [MS3-PKG] [DEBUG] 🤖 [MS3-PKG] [DEBUG] 🤖 [MS3-PKG] [DEBUG] 🔄 [analyzeJoiSchema] Recursing into nested object: web3authConfig
🤖 [MS3-PKG] [DEBUG] 🤖 [MS3-PKG] [DEBUG] 🤖 [MS3-PKG] [DEBUG] 🤖 [MS3-PKG] [DEBUG] 🤖 [MS3-PKG] [DEBUG] 🤖 [MS3-PKG] [DEBUG] 🤖 [MS3-PKG] [DEBUG] 🤖 [MS3-PKG] [DEBUG] 🤖 [MS3-PKG] [DEBUG] 🤖 [MS3-PKG] [DEBUG] 🤖 [MS3-PKG] [DEBUG] 🤖 [MS3-PKG] [DEBUG] 🤖 [MS3-PKG] [DEBUG] 🤖 [MS3-PKG] [DEBUG] 🔑 [analyzeJoiSchema] Processing field: multiChainRpcs
🤖 [MS3-PKG] [DEBUG] 🤖 [MS3-PKG] [DEBUG] 🤖 [MS3-PKG] [DEBUG] 🤖 [MS3-PKG] [DEBUG] 🤖 [MS3-PKG] [DEBUG] 🤖 [MS3-PKG] [DEBUG] 🤖 [MS3-PKG] [DEBUG] 🤖 [MS3-PKG] [DEBUG] 🤖 [MS3-PKG] [DEBUG] 🤖 [MS3-PKG] [DEBUG] 🤖 [MS3-PKG] [DEBUG] 🤖 [MS3-PKG] [DEBUG] 🤖 [MS3-PKG] [DEBUG] 🤖 [MS3-PKG] [DEBUG] 📝 [analyzeJoiSchema] Field description: {
  type: [32m&apos;object&apos;[39m,
  flags: {
    presence: [32m&apos;optional&apos;[39m,
    description: [32m&apos;Multi-chain RPC configuration - maps chain IDs to RPC URL arrays&apos;[39m
  },
  patterns: [ { schema: [36m[Object][39m, rule: [36m[Object][39m } ]
}
🤖 [MS3-PKG] [DEBUG] 🤖 [MS3-PKG] [DEBUG] 🤖 [MS3-PKG] [DEBUG] 🤖 [MS3-PKG] [DEBUG] 🤖 [MS3-PKG] [DEBUG] 🤖 [MS3-PKG] [DEBUG] 🤖 [MS3-PKG] [DEBUG] 🤖 [MS3-PKG] [DEBUG] 🤖 [MS3-PKG] [DEBUG] 🤖 [MS3-PKG] [DEBUG] 🤖 [MS3-PKG] [DEBUG] 🤖 [MS3-PKG] [DEBUG] 🤖 [MS3-PKG] [DEBUG] 🤖 [MS3-PKG] [DEBUG] 📊 [analyzeJoiSchema] Field multiChainRpcs: type=object, required=false, message=&quot;Multi-chain RPC configuration - maps chain IDs to RPC URL arrays&quot;
🤖 [MS3-PKG] [INFO] 🤖 [MS3-PKG] [INFO] 🤖 [MS3-PKG] [INFO] 🤖 [MS3-PKG] [INFO] 🤖 [MS3-PKG] [INFO] 🤖 [MS3-PKG] [INFO] 🤖 [MS3-PKG] [INFO] 🤖 [MS3-PKG] [INFO] 🤖 [MS3-PKG] [INFO] 🤖 [MS3-PKG] [INFO] 🤖 [MS3-PKG] [INFO] 🤖 [MS3-PKG] [INFO] 🤖 [MS3-PKG] [INFO] 🤖 [MS3-PKG] [INFO] 📊 [analyzeJoiSchema] Generated 14 requirements for options
🤖 [MS3-PKG] [DEBUG] 🤖 [MS3-PKG] [DEBUG] 🤖 [MS3-PKG] [DEBUG] 🤖 [MS3-PKG] [DEBUG] 🤖 [MS3-PKG] [DEBUG] 🤖 [MS3-PKG] [DEBUG] 🤖 [MS3-PKG] [DEBUG] 🤖 [MS3-PKG] [DEBUG] 🤖 [MS3-PKG] [DEBUG] 🤖 [MS3-PKG] [DEBUG] 🤖 [MS3-PKG] [DEBUG] 🤖 [MS3-PKG] [DEBUG] 🤖 [MS3-PKG] [DEBUG] 🤖 [MS3-PKG] [DEBUG] 🔍 [getRequirements] Starting analysis for bulk-test-96
🤖 [MS3-PKG] [DEBUG] 🤖 [MS3-PKG] [DEBUG] 🤖 [MS3-PKG] [DEBUG] 🤖 [MS3-PKG] [DEBUG] 🤖 [MS3-PKG] [DEBUG] 🤖 [MS3-PKG] [DEBUG] 🤖 [MS3-PKG] [DEBUG] 🤖 [MS3-PKG] [DEBUG] 🤖 [MS3-PKG] [DEBUG] 🤖 [MS3-PKG] [DEBUG] 🤖 [MS3-PKG] [DEBUG] 🤖 [MS3-PKG] [DEBUG] 🤖 [MS3-PKG] [DEBUG] 🤖 [MS3-PKG] [DEBUG] 🔬 [analyzeJoiSchema] Analyzing schema at path: options
🤖 [MS3-PKG] [DEBUG] 🤖 [MS3-PKG] [DEBUG] 🤖 [MS3-PKG] [DEBUG] 🤖 [MS3-PKG] [DEBUG] 🤖 [MS3-PKG] [DEBUG] 🤖 [MS3-PKG] [DEBUG] 🤖 [MS3-PKG] [DEBUG] 🤖 [MS3-PKG] [DEBUG] 🤖 [MS3-PKG] [DEBUG] 🤖 [MS3-PKG] [DEBUG] 🤖 [MS3-PKG] [DEBUG] 🤖 [MS3-PKG] [DEBUG] 🤖 [MS3-PKG] [DEBUG] 🤖 [MS3-PKG] [DEBUG] 📋 [analyzeJoiSchema] Schema description type: object
🤖 [MS3-PKG] [DEBUG] 🤖 [MS3-PKG] [DEBUG] 🤖 [MS3-PKG] [DEBUG] 🤖 [MS3-PKG] [DEBUG] 🤖 [MS3-PKG] [DEBUG] 🤖 [MS3-PKG] [DEBUG] 🤖 [MS3-PKG] [DEBUG] 🤖 [MS3-PKG] [DEBUG] 🤖 [MS3-PKG] [DEBUG] 🤖 [MS3-PKG] [DEBUG] 🤖 [MS3-PKG] [DEBUG] 🤖 [MS3-PKG] [DEBUG] 🤖 [MS3-PKG] [DEBUG] 🤖 [MS3-PKG] [DEBUG] 📋 [analyzeJoiSchema] Schema keys: [ [32m&apos;privateKey&apos;[39m, [32m&apos;provider&apos;[39m, [32m&apos;multiChainRpcs&apos;[39m ]
🤖 [MS3-PKG] [DEBUG] 🤖 [MS3-PKG] [DEBUG] 🤖 [MS3-PKG] [DEBUG] 🤖 [MS3-PKG] [DEBUG] 🤖 [MS3-PKG] [DEBUG] 🤖 [MS3-PKG] [DEBUG] 🤖 [MS3-PKG] [DEBUG] 🤖 [MS3-PKG] [DEBUG] 🤖 [MS3-PKG] [DEBUG] 🤖 [MS3-PKG] [DEBUG] 🤖 [MS3-PKG] [DEBUG] 🤖 [MS3-PKG] [DEBUG] 🤖 [MS3-PKG] [DEBUG] 🤖 [MS3-PKG] [DEBUG] ✅ [analyzeJoiSchema] Processing object schema with 3 keys
🤖 [MS3-PKG] [DEBUG] 🤖 [MS3-PKG] [DEBUG] 🤖 [MS3-PKG] [DEBUG] 🤖 [MS3-PKG] [DEBUG] 🤖 [MS3-PKG] [DEBUG] 🤖 [MS3-PKG] [DEBUG] 🤖 [MS3-PKG] [DEBUG] 🤖 [MS3-PKG] [DEBUG] 🤖 [MS3-PKG] [DEBUG] 🤖 [MS3-PKG] [DEBUG] 🤖 [MS3-PKG] [DEBUG] 🤖 [MS3-PKG] [DEBUG] 🤖 [MS3-PKG] [DEBUG] 🤖 [MS3-PKG] [DEBUG] 🔑 [analyzeJoiSchema] Processing field: privateKey
🤖 [MS3-PKG] [DEBUG] 🤖 [MS3-PKG] [DEBUG] 🤖 [MS3-PKG] [DEBUG] 🤖 [MS3-PKG] [DEBUG] 🤖 [MS3-PKG] [DEBUG] 🤖 [MS3-PKG] [DEBUG] 🤖 [MS3-PKG] [DEBUG] 🤖 [MS3-PKG] [DEBUG] 🤖 [MS3-PKG] [DEBUG] 🤖 [MS3-PKG] [DEBUG] 🤖 [MS3-PKG] [DEBUG] 🤖 [MS3-PKG] [DEBUG] 🤖 [MS3-PKG] [DEBUG] 🤖 [MS3-PKG] [DEBUG] 📝 [analyzeJoiSchema] Field description: {
  type: [32m&apos;string&apos;[39m,
  flags: {
    presence: [32m&apos;required&apos;[39m,
    description: [32m&apos;Private key for wallet (generates random if not provided)&apos;[39m
  },
  rules: [ { name: [32m&apos;pattern&apos;[39m, args: [36m[Object][39m } ]
}
🤖 [MS3-PKG] [DEBUG] 🤖 [MS3-PKG] [DEBUG] 🤖 [MS3-PKG] [DEBUG] 🤖 [MS3-PKG] [DEBUG] 🤖 [MS3-PKG] [DEBUG] 🤖 [MS3-PKG] [DEBUG] 🤖 [MS3-PKG] [DEBUG] 🤖 [MS3-PKG] [DEBUG] 🤖 [MS3-PKG] [DEBUG] 🤖 [MS3-PKG] [DEBUG] 🤖 [MS3-PKG] [DEBUG] 🤖 [MS3-PKG] [DEBUG] 🤖 [MS3-PKG] [DEBUG] 🤖 [MS3-PKG] [DEBUG] 📊 [analyzeJoiSchema] Field privateKey: type=string, required=true, message=&quot;Private key for wallet (generates random if not provided)&quot;
🤖 [MS3-PKG] [DEBUG] 🤖 [MS3-PKG] [DEBUG] 🤖 [MS3-PKG] [DEBUG] 🤖 [MS3-PKG] [DEBUG] 🤖 [MS3-PKG] [DEBUG] 🤖 [MS3-PKG] [DEBUG] 🤖 [MS3-PKG] [DEBUG] 🤖 [MS3-PKG] [DEBUG] 🤖 [MS3-PKG] [DEBUG] 🤖 [MS3-PKG] [DEBUG] 🤖 [MS3-PKG] [DEBUG] 🤖 [MS3-PKG] [DEBUG] 🤖 [MS3-PKG] [DEBUG] 🤖 [MS3-PKG] [DEBUG] 🔑 [analyzeJoiSchema] Processing field: provider
🤖 [MS3-PKG] [DEBUG] 🤖 [MS3-PKG] [DEBUG] 🤖 [MS3-PKG] [DEBUG] 🤖 [MS3-PKG] [DEBUG] 🤖 [MS3-PKG] [DEBUG] 🤖 [MS3-PKG] [DEBUG] 🤖 [MS3-PKG] [DEBUG] 🤖 [MS3-PKG] [DEBUG] 🤖 [MS3-PKG] [DEBUG] 🤖 [MS3-PKG] [DEBUG] 🤖 [MS3-PKG] [DEBUG] 🤖 [MS3-PKG] [DEBUG] 🤖 [MS3-PKG] [DEBUG] 🤖 [MS3-PKG] [DEBUG] 📝 [analyzeJoiSchema] Field description: {
  type: [32m&apos;object&apos;[39m,
  flags: {
    presence: [32m&apos;optional&apos;[39m,
    description: [32m&apos;Optional provider configuration&apos;[39m
  },
  keys: {
    name: { type: [32m&apos;string&apos;[39m, flags: [36m[Object][39m },
    chainId: { type: [32m&apos;string&apos;[39m, flags: [36m[Object][39m, rules: [36m[Array][39m },
    rpcUrls: { type: [32m&apos;array&apos;[39m, flags: [36m[Object][39m, rules: [36m[Array][39m, items: [36m[Array][39m },
    displayName: { type: [32m&apos;string&apos;[39m, flags: [36m[Object][39m }
  }
}
🤖 [MS3-PKG] [DEBUG] 🤖 [MS3-PKG] [DEBUG] 🤖 [MS3-PKG] [DEBUG] 🤖 [MS3-PKG] [DEBUG] 🤖 [MS3-PKG] [DEBUG] 🤖 [MS3-PKG] [DEBUG] 🤖 [MS3-PKG] [DEBUG] 🤖 [MS3-PKG] [DEBUG] 🤖 [MS3-PKG] [DEBUG] 🤖 [MS3-PKG] [DEBUG] 🤖 [MS3-PKG] [DEBUG] 🤖 [MS3-PKG] [DEBUG] 🤖 [MS3-PKG] [DEBUG] 🤖 [MS3-PKG] [DEBUG] 📊 [analyzeJoiSchema] Field provider: type=object, required=false, message=&quot;Optional provider configuration&quot;
🤖 [MS3-PKG] [DEBUG] 🤖 [MS3-PKG] [DEBUG] 🤖 [MS3-PKG] [DEBUG] 🤖 [MS3-PKG] [DEBUG] 🤖 [MS3-PKG] [DEBUG] 🤖 [MS3-PKG] [DEBUG] 🤖 [MS3-PKG] [DEBUG] 🤖 [MS3-PKG] [DEBUG] 🤖 [MS3-PKG] [DEBUG] 🤖 [MS3-PKG] [DEBUG] 🤖 [MS3-PKG] [DEBUG] 🤖 [MS3-PKG] [DEBUG] 🤖 [MS3-PKG] [DEBUG] 🤖 [MS3-PKG] [DEBUG] 🔄 [analyzeJoiSchema] Recursing into nested object: provider
🤖 [MS3-PKG] [DEBUG] 🤖 [MS3-PKG] [DEBUG] 🤖 [MS3-PKG] [DEBUG] 🤖 [MS3-PKG] [DEBUG] 🤖 [MS3-PKG] [DEBUG] 🤖 [MS3-PKG] [DEBUG] 🤖 [MS3-PKG] [DEBUG] 🤖 [MS3-PKG] [DEBUG] 🤖 [MS3-PKG] [DEBUG] 🤖 [MS3-PKG] [DEBUG] 🤖 [MS3-PKG] [DEBUG] 🤖 [MS3-PKG] [DEBUG] 🤖 [MS3-PKG] [DEBUG] 🤖 [MS3-PKG] [DEBUG] 🔑 [analyzeJoiSchema] Processing field: multiChainRpcs
🤖 [MS3-PKG] [DEBUG] 🤖 [MS3-PKG] [DEBUG] 🤖 [MS3-PKG] [DEBUG] 🤖 [MS3-PKG] [DEBUG] 🤖 [MS3-PKG] [DEBUG] 🤖 [MS3-PKG] [DEBUG] 🤖 [MS3-PKG] [DEBUG] 🤖 [MS3-PKG] [DEBUG] 🤖 [MS3-PKG] [DEBUG] 🤖 [MS3-PKG] [DEBUG] 🤖 [MS3-PKG] [DEBUG] 🤖 [MS3-PKG] [DEBUG] 🤖 [MS3-PKG] [DEBUG] 🤖 [MS3-PKG] [DEBUG] 📝 [analyzeJoiSchema] Field description: {
  type: [32m&apos;object&apos;[39m,
  flags: {
    presence: [32m&apos;optional&apos;[39m,
    description: [32m&apos;Multi-chain RPC configuration - maps chain IDs to RPC URL arrays&apos;[39m
  },
  patterns: [ { schema: [36m[Object][39m, rule: [36m[Object][39m } ]
}
🤖 [MS3-PKG] [DEBUG] 🤖 [MS3-PKG] [DEBUG] 🤖 [MS3-PKG] [DEBUG] 🤖 [MS3-PKG] [DEBUG] 🤖 [MS3-PKG] [DEBUG] 🤖 [MS3-PKG] [DEBUG] 🤖 [MS3-PKG] [DEBUG] 🤖 [MS3-PKG] [DEBUG] 🤖 [MS3-PKG] [DEBUG] 🤖 [MS3-PKG] [DEBUG] 🤖 [MS3-PKG] [DEBUG] 🤖 [MS3-PKG] [DEBUG] 🤖 [MS3-PKG] [DEBUG] 🤖 [MS3-PKG] [DEBUG] 📊 [analyzeJoiSchema] Field multiChainRpcs: type=object, required=false, message=&quot;Multi-chain RPC configuration - maps chain IDs to RPC URL arrays&quot;
🤖 [MS3-PKG] [INFO] 🤖 [MS3-PKG] [INFO] 🤖 [MS3-PKG] [INFO] 🤖 [MS3-PKG] [INFO] 🤖 [MS3-PKG] [INFO] 🤖 [MS3-PKG] [INFO] 🤖 [MS3-PKG] [INFO] 🤖 [MS3-PKG] [INFO] 🤖 [MS3-PKG] [INFO] 🤖 [MS3-PKG] [INFO] 🤖 [MS3-PKG] [INFO] 🤖 [MS3-PKG] [INFO] 🤖 [MS3-PKG] [INFO] 🤖 [MS3-PKG] [INFO] 📊 [analyzeJoiSchema] Generated 7 requirements for options
🤖 [MS3-PKG] [DEBUG] 🤖 [MS3-PKG] [DEBUG] 🤖 [MS3-PKG] [DEBUG] 🤖 [MS3-PKG] [DEBUG] 🤖 [MS3-PKG] [DEBUG] 🤖 [MS3-PKG] [DEBUG] 🤖 [MS3-PKG] [DEBUG] 🤖 [MS3-PKG] [DEBUG] 🤖 [MS3-PKG] [DEBUG] 🤖 [MS3-PKG] [DEBUG] 🤖 [MS3-PKG] [DEBUG] 🤖 [MS3-PKG] [DEBUG] 🤖 [MS3-PKG] [DEBUG] 🤖 [MS3-PKG] [DEBUG] 🔍 [getRequirements] Starting analysis for bulk-test-96
🤖 [MS3-PKG] [DEBUG] 🤖 [MS3-PKG] [DEBUG] 🤖 [MS3-PKG] [DEBUG] 🤖 [MS3-PKG] [DEBUG] 🤖 [MS3-PKG] [DEBUG] 🤖 [MS3-PKG] [DEBUG] 🤖 [MS3-PKG] [DEBUG] 🤖 [MS3-PKG] [DEBUG] 🤖 [MS3-PKG] [DEBUG] 🤖 [MS3-PKG] [DEBUG] 🤖 [MS3-PKG] [DEBUG] 🤖 [MS3-PKG] [DEBUG] 🤖 [MS3-PKG] [DEBUG] 🤖 [MS3-PKG] [DEBUG] 🔬 [analyzeJoiSchema] Analyzing schema at path: options
🤖 [MS3-PKG] [DEBUG] 🤖 [MS3-PKG] [DEBUG] 🤖 [MS3-PKG] [DEBUG] 🤖 [MS3-PKG] [DEBUG] 🤖 [MS3-PKG] [DEBUG] 🤖 [MS3-PKG] [DEBUG] 🤖 [MS3-PKG] [DEBUG] 🤖 [MS3-PKG] [DEBUG] 🤖 [MS3-PKG] [DEBUG] 🤖 [MS3-PKG] [DEBUG] 🤖 [MS3-PKG] [DEBUG] 🤖 [MS3-PKG] [DEBUG] 🤖 [MS3-PKG] [DEBUG] 🤖 [MS3-PKG] [DEBUG] 📋 [analyzeJoiSchema] Schema description type: object
🤖 [MS3-PKG] [DEBUG] 🤖 [MS3-PKG] [DEBUG] 🤖 [MS3-PKG] [DEBUG] 🤖 [MS3-PKG] [DEBUG] 🤖 [MS3-PKG] [DEBUG] 🤖 [MS3-PKG] [DEBUG] 🤖 [MS3-PKG] [DEBUG] 🤖 [MS3-PKG] [DEBUG] 🤖 [MS3-PKG] [DEBUG] 🤖 [MS3-PKG] [DEBUG] 🤖 [MS3-PKG] [DEBUG] 🤖 [MS3-PKG] [DEBUG] 🤖 [MS3-PKG] [DEBUG] 🤖 [MS3-PKG] [DEBUG] 📋 [analyzeJoiSchema] Schema keys: [ [32m&apos;web3authConfig&apos;[39m, [32m&apos;multiChainRpcs&apos;[39m ]
🤖 [MS3-PKG] [DEBUG] 🤖 [MS3-PKG] [DEBUG] 🤖 [MS3-PKG] [DEBUG] 🤖 [MS3-PKG] [DEBUG] 🤖 [MS3-PKG] [DEBUG] 🤖 [MS3-PKG] [DEBUG] 🤖 [MS3-PKG] [DEBUG] 🤖 [MS3-PKG] [DEBUG] 🤖 [MS3-PKG] [DEBUG] 🤖 [MS3-PKG] [DEBUG] 🤖 [MS3-PKG] [DEBUG] 🤖 [MS3-PKG] [DEBUG] 🤖 [MS3-PKG] [DEBUG] 🤖 [MS3-PKG] [DEBUG] ✅ [analyzeJoiSchema] Processing object schema with 2 keys
🤖 [MS3-PKG] [DEBUG] 🤖 [MS3-PKG] [DEBUG] 🤖 [MS3-PKG] [DEBUG] 🤖 [MS3-PKG] [DEBUG] 🤖 [MS3-PKG] [DEBUG] 🤖 [MS3-PKG] [DEBUG] 🤖 [MS3-PKG] [DEBUG] 🤖 [MS3-PKG] [DEBUG] 🤖 [MS3-PKG] [DEBUG] 🤖 [MS3-PKG] [DEBUG] 🤖 [MS3-PKG] [DEBUG] 🤖 [MS3-PKG] [DEBUG] 🤖 [MS3-PKG] [DEBUG] 🤖 [MS3-PKG] [DEBUG] 🔑 [analyzeJoiSchema] Processing field: web3authConfig
🤖 [MS3-PKG] [DEBUG] 🤖 [MS3-PKG] [DEBUG] 🤖 [MS3-PKG] [DEBUG] 🤖 [MS3-PKG] [DEBUG] 🤖 [MS3-PKG] [DEBUG] 🤖 [MS3-PKG] [DEBUG] 🤖 [MS3-PKG] [DEBUG] 🤖 [MS3-PKG] [DEBUG] 🤖 [MS3-PKG] [DEBUG] 🤖 [MS3-PKG] [DEBUG] 🤖 [MS3-PKG] [DEBUG] 🤖 [MS3-PKG] [DEBUG] 🤖 [MS3-PKG] [DEBUG] 🤖 [MS3-PKG] [DEBUG] 📝 [analyzeJoiSchema] Field description: {
  type: [32m&apos;object&apos;[39m,
  flags: {
    presence: [32m&apos;required&apos;[39m,
    description: [32m&apos;Web3Auth configuration object&apos;[39m
  },
  keys: {
    clientId: { type: [32m&apos;string&apos;[39m, flags: [36m[Object][39m },
    web3AuthNetwork: { type: [32m&apos;string&apos;[39m, flags: [36m[Object][39m, allow: [36m[Array][39m },
    chainConfig: { type: [32m&apos;object&apos;[39m, flags: [36m[Object][39m, keys: [36m[Object][39m },
    loginConfig: { type: [32m&apos;object&apos;[39m, flags: [36m[Object][39m },
    privateKeyProvider: { type: [32m&apos;any&apos;[39m, flags: [36m[Object][39m }
  }
}
🤖 [MS3-PKG] [DEBUG] 🤖 [MS3-PKG] [DEBUG] 🤖 [MS3-PKG] [DEBUG] 🤖 [MS3-PKG] [DEBUG] 🤖 [MS3-PKG] [DEBUG] 🤖 [MS3-PKG] [DEBUG] 🤖 [MS3-PKG] [DEBUG] 🤖 [MS3-PKG] [DEBUG] 🤖 [MS3-PKG] [DEBUG] 🤖 [MS3-PKG] [DEBUG] 🤖 [MS3-PKG] [DEBUG] 🤖 [MS3-PKG] [DEBUG] 🤖 [MS3-PKG] [DEBUG] 🤖 [MS3-PKG] [DEBUG] 📊 [analyzeJoiSchema] Field web3authConfig: type=object, required=true, message=&quot;Web3Auth configuration object&quot;
🤖 [MS3-PKG] [DEBUG] 🤖 [MS3-PKG] [DEBUG] 🤖 [MS3-PKG] [DEBUG] 🤖 [MS3-PKG] [DEBUG] 🤖 [MS3-PKG] [DEBUG] 🤖 [MS3-PKG] [DEBUG] 🤖 [MS3-PKG] [DEBUG] 🤖 [MS3-PKG] [DEBUG] 🤖 [MS3-PKG] [DEBUG] 🤖 [MS3-PKG] [DEBUG] 🤖 [MS3-PKG] [DEBUG] 🤖 [MS3-PKG] [DEBUG] 🤖 [MS3-PKG] [DEBUG] 🤖 [MS3-PKG] [DEBUG] 🔄 [analyzeJoiSchema] Recursing into nested object: web3authConfig
🤖 [MS3-PKG] [DEBUG] 🤖 [MS3-PKG] [DEBUG] 🤖 [MS3-PKG] [DEBUG] 🤖 [MS3-PKG] [DEBUG] 🤖 [MS3-PKG] [DEBUG] 🤖 [MS3-PKG] [DEBUG] 🤖 [MS3-PKG] [DEBUG] 🤖 [MS3-PKG] [DEBUG] 🤖 [MS3-PKG] [DEBUG] 🤖 [MS3-PKG] [DEBUG] 🤖 [MS3-PKG] [DEBUG] 🤖 [MS3-PKG] [DEBUG] 🤖 [MS3-PKG] [DEBUG] 🤖 [MS3-PKG] [DEBUG] 🔑 [analyzeJoiSchema] Processing field: multiChainRpcs
🤖 [MS3-PKG] [DEBUG] 🤖 [MS3-PKG] [DEBUG] 🤖 [MS3-PKG] [DEBUG] 🤖 [MS3-PKG] [DEBUG] 🤖 [MS3-PKG] [DEBUG] 🤖 [MS3-PKG] [DEBUG] 🤖 [MS3-PKG] [DEBUG] 🤖 [MS3-PKG] [DEBUG] 🤖 [MS3-PKG] [DEBUG] 🤖 [MS3-PKG] [DEBUG] 🤖 [MS3-PKG] [DEBUG] 🤖 [MS3-PKG] [DEBUG] 🤖 [MS3-PKG] [DEBUG] 🤖 [MS3-PKG] [DEBUG] 📝 [analyzeJoiSchema] Field description: {
  type: [32m&apos;object&apos;[39m,
  flags: {
    presence: [32m&apos;optional&apos;[39m,
    description: [32m&apos;Multi-chain RPC configuration - maps chain IDs to RPC URL arrays&apos;[39m
  },
  patterns: [ { schema: [36m[Object][39m, rule: [36m[Object][39m } ]
}
🤖 [MS3-PKG] [DEBUG] 🤖 [MS3-PKG] [DEBUG] 🤖 [MS3-PKG] [DEBUG] 🤖 [MS3-PKG] [DEBUG] 🤖 [MS3-PKG] [DEBUG] 🤖 [MS3-PKG] [DEBUG] 🤖 [MS3-PKG] [DEBUG] 🤖 [MS3-PKG] [DEBUG] 🤖 [MS3-PKG] [DEBUG] 🤖 [MS3-PKG] [DEBUG] 🤖 [MS3-PKG] [DEBUG] 🤖 [MS3-PKG] [DEBUG] 🤖 [MS3-PKG] [DEBUG] 🤖 [MS3-PKG] [DEBUG] 📊 [analyzeJoiSchema] Field multiChainRpcs: type=object, required=false, message=&quot;Multi-chain RPC configuration - maps chain IDs to RPC URL arrays&quot;
🤖 [MS3-PKG] [INFO] 🤖 [MS3-PKG] [INFO] 🤖 [MS3-PKG] [INFO] 🤖 [MS3-PKG] [INFO] 🤖 [MS3-PKG] [INFO] 🤖 [MS3-PKG] [INFO] 🤖 [MS3-PKG] [INFO] 🤖 [MS3-PKG] [INFO] 🤖 [MS3-PKG] [INFO] 🤖 [MS3-PKG] [INFO] 🤖 [MS3-PKG] [INFO] 🤖 [MS3-PKG] [INFO] 🤖 [MS3-PKG] [INFO] 🤖 [MS3-PKG] [INFO] 📊 [analyzeJoiSchema] Generated 14 requirements for options
🤖 [MS3-PKG] [DEBUG] 🤖 [MS3-PKG] [DEBUG] 🤖 [MS3-PKG] [DEBUG] 🤖 [MS3-PKG] [DEBUG] 🤖 [MS3-PKG] [DEBUG] 🤖 [MS3-PKG] [DEBUG] 🤖 [MS3-PKG] [DEBUG] 🤖 [MS3-PKG] [DEBUG] 🤖 [MS3-PKG] [DEBUG] 🤖 [MS3-PKG] [DEBUG] 🤖 [MS3-PKG] [DEBUG] 🤖 [MS3-PKG] [DEBUG] 🤖 [MS3-PKG] [DEBUG] 🤖 [MS3-PKG] [DEBUG] 🔍 [getRequirements] Starting analysis for bulk-test-97
🤖 [MS3-PKG] [DEBUG] 🤖 [MS3-PKG] [DEBUG] 🤖 [MS3-PKG] [DEBUG] 🤖 [MS3-PKG] [DEBUG] 🤖 [MS3-PKG] [DEBUG] 🤖 [MS3-PKG] [DEBUG] 🤖 [MS3-PKG] [DEBUG] 🤖 [MS3-PKG] [DEBUG] 🤖 [MS3-PKG] [DEBUG] 🤖 [MS3-PKG] [DEBUG] 🤖 [MS3-PKG] [DEBUG] 🤖 [MS3-PKG] [DEBUG] 🤖 [MS3-PKG] [DEBUG] 🤖 [MS3-PKG] [DEBUG] 🔬 [analyzeJoiSchema] Analyzing schema at path: options
🤖 [MS3-PKG] [DEBUG] 🤖 [MS3-PKG] [DEBUG] 🤖 [MS3-PKG] [DEBUG] 🤖 [MS3-PKG] [DEBUG] 🤖 [MS3-PKG] [DEBUG] 🤖 [MS3-PKG] [DEBUG] 🤖 [MS3-PKG] [DEBUG] 🤖 [MS3-PKG] [DEBUG] 🤖 [MS3-PKG] [DEBUG] 🤖 [MS3-PKG] [DEBUG] 🤖 [MS3-PKG] [DEBUG] 🤖 [MS3-PKG] [DEBUG] 🤖 [MS3-PKG] [DEBUG] 🤖 [MS3-PKG] [DEBUG] 📋 [analyzeJoiSchema] Schema description type: object
🤖 [MS3-PKG] [DEBUG] 🤖 [MS3-PKG] [DEBUG] 🤖 [MS3-PKG] [DEBUG] 🤖 [MS3-PKG] [DEBUG] 🤖 [MS3-PKG] [DEBUG] 🤖 [MS3-PKG] [DEBUG] 🤖 [MS3-PKG] [DEBUG] 🤖 [MS3-PKG] [DEBUG] 🤖 [MS3-PKG] [DEBUG] 🤖 [MS3-PKG] [DEBUG] 🤖 [MS3-PKG] [DEBUG] 🤖 [MS3-PKG] [DEBUG] 🤖 [MS3-PKG] [DEBUG] 🤖 [MS3-PKG] [DEBUG] 📋 [analyzeJoiSchema] Schema keys: [ [32m&apos;privateKey&apos;[39m, [32m&apos;provider&apos;[39m, [32m&apos;multiChainRpcs&apos;[39m ]
🤖 [MS3-PKG] [DEBUG] 🤖 [MS3-PKG] [DEBUG] 🤖 [MS3-PKG] [DEBUG] 🤖 [MS3-PKG] [DEBUG] 🤖 [MS3-PKG] [DEBUG] 🤖 [MS3-PKG] [DEBUG] 🤖 [MS3-PKG] [DEBUG] 🤖 [MS3-PKG] [DEBUG] 🤖 [MS3-PKG] [DEBUG] 🤖 [MS3-PKG] [DEBUG] 🤖 [MS3-PKG] [DEBUG] 🤖 [MS3-PKG] [DEBUG] 🤖 [MS3-PKG] [DEBUG] 🤖 [MS3-PKG] [DEBUG] ✅ [analyzeJoiSchema] Processing object schema with 3 keys
🤖 [MS3-PKG] [DEBUG] 🤖 [MS3-PKG] [DEBUG] 🤖 [MS3-PKG] [DEBUG] 🤖 [MS3-PKG] [DEBUG] 🤖 [MS3-PKG] [DEBUG] 🤖 [MS3-PKG] [DEBUG] 🤖 [MS3-PKG] [DEBUG] 🤖 [MS3-PKG] [DEBUG] 🤖 [MS3-PKG] [DEBUG] 🤖 [MS3-PKG] [DEBUG] 🤖 [MS3-PKG] [DEBUG] 🤖 [MS3-PKG] [DEBUG] 🤖 [MS3-PKG] [DEBUG] 🤖 [MS3-PKG] [DEBUG] 🔑 [analyzeJoiSchema] Processing field: privateKey
🤖 [MS3-PKG] [DEBUG] 🤖 [MS3-PKG] [DEBUG] 🤖 [MS3-PKG] [DEBUG] 🤖 [MS3-PKG] [DEBUG] 🤖 [MS3-PKG] [DEBUG] 🤖 [MS3-PKG] [DEBUG] 🤖 [MS3-PKG] [DEBUG] 🤖 [MS3-PKG] [DEBUG] 🤖 [MS3-PKG] [DEBUG] 🤖 [MS3-PKG] [DEBUG] 🤖 [MS3-PKG] [DEBUG] 🤖 [MS3-PKG] [DEBUG] 🤖 [MS3-PKG] [DEBUG] 🤖 [MS3-PKG] [DEBUG] 📝 [analyzeJoiSchema] Field description: {
  type: [32m&apos;string&apos;[39m,
  flags: {
    presence: [32m&apos;required&apos;[39m,
    description: [32m&apos;Private key for wallet (generates random if not provided)&apos;[39m
  },
  rules: [ { name: [32m&apos;pattern&apos;[39m, args: [36m[Object][39m } ]
}
🤖 [MS3-PKG] [DEBUG] 🤖 [MS3-PKG] [DEBUG] 🤖 [MS3-PKG] [DEBUG] 🤖 [MS3-PKG] [DEBUG] 🤖 [MS3-PKG] [DEBUG] 🤖 [MS3-PKG] [DEBUG] 🤖 [MS3-PKG] [DEBUG] 🤖 [MS3-PKG] [DEBUG] 🤖 [MS3-PKG] [DEBUG] 🤖 [MS3-PKG] [DEBUG] 🤖 [MS3-PKG] [DEBUG] 🤖 [MS3-PKG] [DEBUG] 🤖 [MS3-PKG] [DEBUG] 🤖 [MS3-PKG] [DEBUG] 📊 [analyzeJoiSchema] Field privateKey: type=string, required=true, message=&quot;Private key for wallet (generates random if not provided)&quot;
🤖 [MS3-PKG] [DEBUG] 🤖 [MS3-PKG] [DEBUG] 🤖 [MS3-PKG] [DEBUG] 🤖 [MS3-PKG] [DEBUG] 🤖 [MS3-PKG] [DEBUG] 🤖 [MS3-PKG] [DEBUG] 🤖 [MS3-PKG] [DEBUG] 🤖 [MS3-PKG] [DEBUG] 🤖 [MS3-PKG] [DEBUG] 🤖 [MS3-PKG] [DEBUG] 🤖 [MS3-PKG] [DEBUG] 🤖 [MS3-PKG] [DEBUG] 🤖 [MS3-PKG] [DEBUG] 🤖 [MS3-PKG] [DEBUG] 🔑 [analyzeJoiSchema] Processing field: provider
🤖 [MS3-PKG] [DEBUG] 🤖 [MS3-PKG] [DEBUG] 🤖 [MS3-PKG] [DEBUG] 🤖 [MS3-PKG] [DEBUG] 🤖 [MS3-PKG] [DEBUG] 🤖 [MS3-PKG] [DEBUG] 🤖 [MS3-PKG] [DEBUG] 🤖 [MS3-PKG] [DEBUG] 🤖 [MS3-PKG] [DEBUG] 🤖 [MS3-PKG] [DEBUG] 🤖 [MS3-PKG] [DEBUG] 🤖 [MS3-PKG] [DEBUG] 🤖 [MS3-PKG] [DEBUG] 🤖 [MS3-PKG] [DEBUG] 📝 [analyzeJoiSchema] Field description: {
  type: [32m&apos;object&apos;[39m,
  flags: {
    presence: [32m&apos;optional&apos;[39m,
    description: [32m&apos;Optional provider configuration&apos;[39m
  },
  keys: {
    name: { type: [32m&apos;string&apos;[39m, flags: [36m[Object][39m },
    chainId: { type: [32m&apos;string&apos;[39m, flags: [36m[Object][39m, rules: [36m[Array][39m },
    rpcUrls: { type: [32m&apos;array&apos;[39m, flags: [36m[Object][39m, rules: [36m[Array][39m, items: [36m[Array][39m },
    displayName: { type: [32m&apos;string&apos;[39m, flags: [36m[Object][39m }
  }
}
🤖 [MS3-PKG] [DEBUG] 🤖 [MS3-PKG] [DEBUG] 🤖 [MS3-PKG] [DEBUG] 🤖 [MS3-PKG] [DEBUG] 🤖 [MS3-PKG] [DEBUG] 🤖 [MS3-PKG] [DEBUG] 🤖 [MS3-PKG] [DEBUG] 🤖 [MS3-PKG] [DEBUG] 🤖 [MS3-PKG] [DEBUG] 🤖 [MS3-PKG] [DEBUG] 🤖 [MS3-PKG] [DEBUG] 🤖 [MS3-PKG] [DEBUG] 🤖 [MS3-PKG] [DEBUG] 🤖 [MS3-PKG] [DEBUG] 📊 [analyzeJoiSchema] Field provider: type=object, required=false, message=&quot;Optional provider configuration&quot;
🤖 [MS3-PKG] [DEBUG] 🤖 [MS3-PKG] [DEBUG] 🤖 [MS3-PKG] [DEBUG] 🤖 [MS3-PKG] [DEBUG] 🤖 [MS3-PKG] [DEBUG] 🤖 [MS3-PKG] [DEBUG] 🤖 [MS3-PKG] [DEBUG] 🤖 [MS3-PKG] [DEBUG] 🤖 [MS3-PKG] [DEBUG] 🤖 [MS3-PKG] [DEBUG] 🤖 [MS3-PKG] [DEBUG] 🤖 [MS3-PKG] [DEBUG] 🤖 [MS3-PKG] [DEBUG] 🤖 [MS3-PKG] [DEBUG] 🔄 [analyzeJoiSchema] Recursing into nested object: provider
🤖 [MS3-PKG] [DEBUG] 🤖 [MS3-PKG] [DEBUG] 🤖 [MS3-PKG] [DEBUG] 🤖 [MS3-PKG] [DEBUG] 🤖 [MS3-PKG] [DEBUG] 🤖 [MS3-PKG] [DEBUG] 🤖 [MS3-PKG] [DEBUG] 🤖 [MS3-PKG] [DEBUG] 🤖 [MS3-PKG] [DEBUG] 🤖 [MS3-PKG] [DEBUG] 🤖 [MS3-PKG] [DEBUG] 🤖 [MS3-PKG] [DEBUG] 🤖 [MS3-PKG] [DEBUG] 🤖 [MS3-PKG] [DEBUG] 🔑 [analyzeJoiSchema] Processing field: multiChainRpcs
🤖 [MS3-PKG] [DEBUG] 🤖 [MS3-PKG] [DEBUG] 🤖 [MS3-PKG] [DEBUG] 🤖 [MS3-PKG] [DEBUG] 🤖 [MS3-PKG] [DEBUG] 🤖 [MS3-PKG] [DEBUG] 🤖 [MS3-PKG] [DEBUG] 🤖 [MS3-PKG] [DEBUG] 🤖 [MS3-PKG] [DEBUG] 🤖 [MS3-PKG] [DEBUG] 🤖 [MS3-PKG] [DEBUG] 🤖 [MS3-PKG] [DEBUG] 🤖 [MS3-PKG] [DEBUG] 🤖 [MS3-PKG] [DEBUG] 📝 [analyzeJoiSchema] Field description: {
  type: [32m&apos;object&apos;[39m,
  flags: {
    presence: [32m&apos;optional&apos;[39m,
    description: [32m&apos;Multi-chain RPC configuration - maps chain IDs to RPC URL arrays&apos;[39m
  },
  patterns: [ { schema: [36m[Object][39m, rule: [36m[Object][39m } ]
}
🤖 [MS3-PKG] [DEBUG] 🤖 [MS3-PKG] [DEBUG] 🤖 [MS3-PKG] [DEBUG] 🤖 [MS3-PKG] [DEBUG] 🤖 [MS3-PKG] [DEBUG] 🤖 [MS3-PKG] [DEBUG] 🤖 [MS3-PKG] [DEBUG] 🤖 [MS3-PKG] [DEBUG] 🤖 [MS3-PKG] [DEBUG] 🤖 [MS3-PKG] [DEBUG] 🤖 [MS3-PKG] [DEBUG] 🤖 [MS3-PKG] [DEBUG] 🤖 [MS3-PKG] [DEBUG] 🤖 [MS3-PKG] [DEBUG] 📊 [analyzeJoiSchema] Field multiChainRpcs: type=object, required=false, message=&quot;Multi-chain RPC configuration - maps chain IDs to RPC URL arrays&quot;
🤖 [MS3-PKG] [INFO] 🤖 [MS3-PKG] [INFO] 🤖 [MS3-PKG] [INFO] 🤖 [MS3-PKG] [INFO] 🤖 [MS3-PKG] [INFO] 🤖 [MS3-PKG] [INFO] 🤖 [MS3-PKG] [INFO] 🤖 [MS3-PKG] [INFO] 🤖 [MS3-PKG] [INFO] 🤖 [MS3-PKG] [INFO] 🤖 [MS3-PKG] [INFO] 🤖 [MS3-PKG] [INFO] 🤖 [MS3-PKG] [INFO] 🤖 [MS3-PKG] [INFO] 📊 [analyzeJoiSchema] Generated 7 requirements for options
🤖 [MS3-PKG] [DEBUG] 🤖 [MS3-PKG] [DEBUG] 🤖 [MS3-PKG] [DEBUG] 🤖 [MS3-PKG] [DEBUG] 🤖 [MS3-PKG] [DEBUG] 🤖 [MS3-PKG] [DEBUG] 🤖 [MS3-PKG] [DEBUG] 🤖 [MS3-PKG] [DEBUG] 🤖 [MS3-PKG] [DEBUG] 🤖 [MS3-PKG] [DEBUG] 🤖 [MS3-PKG] [DEBUG] 🤖 [MS3-PKG] [DEBUG] 🤖 [MS3-PKG] [DEBUG] 🤖 [MS3-PKG] [DEBUG] 🔍 [getRequirements] Starting analysis for bulk-test-97
🤖 [MS3-PKG] [DEBUG] 🤖 [MS3-PKG] [DEBUG] 🤖 [MS3-PKG] [DEBUG] 🤖 [MS3-PKG] [DEBUG] 🤖 [MS3-PKG] [DEBUG] 🤖 [MS3-PKG] [DEBUG] 🤖 [MS3-PKG] [DEBUG] 🤖 [MS3-PKG] [DEBUG] 🤖 [MS3-PKG] [DEBUG] 🤖 [MS3-PKG] [DEBUG] 🤖 [MS3-PKG] [DEBUG] 🤖 [MS3-PKG] [DEBUG] 🤖 [MS3-PKG] [DEBUG] 🤖 [MS3-PKG] [DEBUG] 🔬 [analyzeJoiSchema] Analyzing schema at path: options
🤖 [MS3-PKG] [DEBUG] 🤖 [MS3-PKG] [DEBUG] 🤖 [MS3-PKG] [DEBUG] 🤖 [MS3-PKG] [DEBUG] 🤖 [MS3-PKG] [DEBUG] 🤖 [MS3-PKG] [DEBUG] 🤖 [MS3-PKG] [DEBUG] 🤖 [MS3-PKG] [DEBUG] 🤖 [MS3-PKG] [DEBUG] 🤖 [MS3-PKG] [DEBUG] 🤖 [MS3-PKG] [DEBUG] 🤖 [MS3-PKG] [DEBUG] 🤖 [MS3-PKG] [DEBUG] 🤖 [MS3-PKG] [DEBUG] 📋 [analyzeJoiSchema] Schema description type: object
🤖 [MS3-PKG] [DEBUG] 🤖 [MS3-PKG] [DEBUG] 🤖 [MS3-PKG] [DEBUG] 🤖 [MS3-PKG] [DEBUG] 🤖 [MS3-PKG] [DEBUG] 🤖 [MS3-PKG] [DEBUG] 🤖 [MS3-PKG] [DEBUG] 🤖 [MS3-PKG] [DEBUG] 🤖 [MS3-PKG] [DEBUG] 🤖 [MS3-PKG] [DEBUG] 🤖 [MS3-PKG] [DEBUG] 🤖 [MS3-PKG] [DEBUG] 🤖 [MS3-PKG] [DEBUG] 🤖 [MS3-PKG] [DEBUG] 📋 [analyzeJoiSchema] Schema keys: [ [32m&apos;web3authConfig&apos;[39m, [32m&apos;multiChainRpcs&apos;[39m ]
🤖 [MS3-PKG] [DEBUG] 🤖 [MS3-PKG] [DEBUG] 🤖 [MS3-PKG] [DEBUG] 🤖 [MS3-PKG] [DEBUG] 🤖 [MS3-PKG] [DEBUG] 🤖 [MS3-PKG] [DEBUG] 🤖 [MS3-PKG] [DEBUG] 🤖 [MS3-PKG] [DEBUG] 🤖 [MS3-PKG] [DEBUG] 🤖 [MS3-PKG] [DEBUG] 🤖 [MS3-PKG] [DEBUG] 🤖 [MS3-PKG] [DEBUG] 🤖 [MS3-PKG] [DEBUG] 🤖 [MS3-PKG] [DEBUG] ✅ [analyzeJoiSchema] Processing object schema with 2 keys
🤖 [MS3-PKG] [DEBUG] 🤖 [MS3-PKG] [DEBUG] 🤖 [MS3-PKG] [DEBUG] 🤖 [MS3-PKG] [DEBUG] 🤖 [MS3-PKG] [DEBUG] 🤖 [MS3-PKG] [DEBUG] 🤖 [MS3-PKG] [DEBUG] 🤖 [MS3-PKG] [DEBUG] 🤖 [MS3-PKG] [DEBUG] 🤖 [MS3-PKG] [DEBUG] 🤖 [MS3-PKG] [DEBUG] 🤖 [MS3-PKG] [DEBUG] 🤖 [MS3-PKG] [DEBUG] 🤖 [MS3-PKG] [DEBUG] 🔑 [analyzeJoiSchema] Processing field: web3authConfig
🤖 [MS3-PKG] [DEBUG] 🤖 [MS3-PKG] [DEBUG] 🤖 [MS3-PKG] [DEBUG] 🤖 [MS3-PKG] [DEBUG] 🤖 [MS3-PKG] [DEBUG] 🤖 [MS3-PKG] [DEBUG] 🤖 [MS3-PKG] [DEBUG] 🤖 [MS3-PKG] [DEBUG] 🤖 [MS3-PKG] [DEBUG] 🤖 [MS3-PKG] [DEBUG] 🤖 [MS3-PKG] [DEBUG] 🤖 [MS3-PKG] [DEBUG] 🤖 [MS3-PKG] [DEBUG] 🤖 [MS3-PKG] [DEBUG] 📝 [analyzeJoiSchema] Field description: {
  type: [32m&apos;object&apos;[39m,
  flags: {
    presence: [32m&apos;required&apos;[39m,
    description: [32m&apos;Web3Auth configuration object&apos;[39m
  },
  keys: {
    clientId: { type: [32m&apos;string&apos;[39m, flags: [36m[Object][39m },
    web3AuthNetwork: { type: [32m&apos;string&apos;[39m, flags: [36m[Object][39m, allow: [36m[Array][39m },
    chainConfig: { type: [32m&apos;object&apos;[39m, flags: [36m[Object][39m, keys: [36m[Object][39m },
    loginConfig: { type: [32m&apos;object&apos;[39m, flags: [36m[Object][39m },
    privateKeyProvider: { type: [32m&apos;any&apos;[39m, flags: [36m[Object][39m }
  }
}
🤖 [MS3-PKG] [DEBUG] 🤖 [MS3-PKG] [DEBUG] 🤖 [MS3-PKG] [DEBUG] 🤖 [MS3-PKG] [DEBUG] 🤖 [MS3-PKG] [DEBUG] 🤖 [MS3-PKG] [DEBUG] 🤖 [MS3-PKG] [DEBUG] 🤖 [MS3-PKG] [DEBUG] 🤖 [MS3-PKG] [DEBUG] 🤖 [MS3-PKG] [DEBUG] 🤖 [MS3-PKG] [DEBUG] 🤖 [MS3-PKG] [DEBUG] 🤖 [MS3-PKG] [DEBUG] 🤖 [MS3-PKG] [DEBUG] 📊 [analyzeJoiSchema] Field web3authConfig: type=object, required=true, message=&quot;Web3Auth configuration object&quot;
🤖 [MS3-PKG] [DEBUG] 🤖 [MS3-PKG] [DEBUG] 🤖 [MS3-PKG] [DEBUG] 🤖 [MS3-PKG] [DEBUG] 🤖 [MS3-PKG] [DEBUG] 🤖 [MS3-PKG] [DEBUG] 🤖 [MS3-PKG] [DEBUG] 🤖 [MS3-PKG] [DEBUG] 🤖 [MS3-PKG] [DEBUG] 🤖 [MS3-PKG] [DEBUG] 🤖 [MS3-PKG] [DEBUG] 🤖 [MS3-PKG] [DEBUG] 🤖 [MS3-PKG] [DEBUG] 🤖 [MS3-PKG] [DEBUG] 🔄 [analyzeJoiSchema] Recursing into nested object: web3authConfig
🤖 [MS3-PKG] [DEBUG] 🤖 [MS3-PKG] [DEBUG] 🤖 [MS3-PKG] [DEBUG] 🤖 [MS3-PKG] [DEBUG] 🤖 [MS3-PKG] [DEBUG] 🤖 [MS3-PKG] [DEBUG] 🤖 [MS3-PKG] [DEBUG] 🤖 [MS3-PKG] [DEBUG] 🤖 [MS3-PKG] [DEBUG] 🤖 [MS3-PKG] [DEBUG] 🤖 [MS3-PKG] [DEBUG] 🤖 [MS3-PKG] [DEBUG] 🤖 [MS3-PKG] [DEBUG] 🤖 [MS3-PKG] [DEBUG] 🔑 [analyzeJoiSchema] Processing field: multiChainRpcs
🤖 [MS3-PKG] [DEBUG] 🤖 [MS3-PKG] [DEBUG] 🤖 [MS3-PKG] [DEBUG] 🤖 [MS3-PKG] [DEBUG] 🤖 [MS3-PKG] [DEBUG] 🤖 [MS3-PKG] [DEBUG] 🤖 [MS3-PKG] [DEBUG] 🤖 [MS3-PKG] [DEBUG] 🤖 [MS3-PKG] [DEBUG] 🤖 [MS3-PKG] [DEBUG] 🤖 [MS3-PKG] [DEBUG] 🤖 [MS3-PKG] [DEBUG] 🤖 [MS3-PKG] [DEBUG] 🤖 [MS3-PKG] [DEBUG] 📝 [analyzeJoiSchema] Field description: {
  type: [32m&apos;object&apos;[39m,
  flags: {
    presence: [32m&apos;optional&apos;[39m,
    description: [32m&apos;Multi-chain RPC configuration - maps chain IDs to RPC URL arrays&apos;[39m
  },
  patterns: [ { schema: [36m[Object][39m, rule: [36m[Object][39m } ]
}
🤖 [MS3-PKG] [DEBUG] 🤖 [MS3-PKG] [DEBUG] 🤖 [MS3-PKG] [DEBUG] 🤖 [MS3-PKG] [DEBUG] 🤖 [MS3-PKG] [DEBUG] 🤖 [MS3-PKG] [DEBUG] 🤖 [MS3-PKG] [DEBUG] 🤖 [MS3-PKG] [DEBUG] 🤖 [MS3-PKG] [DEBUG] 🤖 [MS3-PKG] [DEBUG] 🤖 [MS3-PKG] [DEBUG] 🤖 [MS3-PKG] [DEBUG] 🤖 [MS3-PKG] [DEBUG] 🤖 [MS3-PKG] [DEBUG] 📊 [analyzeJoiSchema] Field multiChainRpcs: type=object, required=false, message=&quot;Multi-chain RPC configuration - maps chain IDs to RPC URL arrays&quot;
🤖 [MS3-PKG] [INFO] 🤖 [MS3-PKG] [INFO] 🤖 [MS3-PKG] [INFO] 🤖 [MS3-PKG] [INFO] 🤖 [MS3-PKG] [INFO] 🤖 [MS3-PKG] [INFO] 🤖 [MS3-PKG] [INFO] 🤖 [MS3-PKG] [INFO] 🤖 [MS3-PKG] [INFO] 🤖 [MS3-PKG] [INFO] 🤖 [MS3-PKG] [INFO] 🤖 [MS3-PKG] [INFO] 🤖 [MS3-PKG] [INFO] 🤖 [MS3-PKG] [INFO] 📊 [analyzeJoiSchema] Generated 14 requirements for options
🤖 [MS3-PKG] [DEBUG] 🤖 [MS3-PKG] [DEBUG] 🤖 [MS3-PKG] [DEBUG] 🤖 [MS3-PKG] [DEBUG] 🤖 [MS3-PKG] [DEBUG] 🤖 [MS3-PKG] [DEBUG] 🤖 [MS3-PKG] [DEBUG] 🤖 [MS3-PKG] [DEBUG] 🤖 [MS3-PKG] [DEBUG] 🤖 [MS3-PKG] [DEBUG] 🤖 [MS3-PKG] [DEBUG] 🤖 [MS3-PKG] [DEBUG] 🤖 [MS3-PKG] [DEBUG] 🤖 [MS3-PKG] [DEBUG] 🔍 [getRequirements] Starting analysis for bulk-test-98
🤖 [MS3-PKG] [DEBUG] 🤖 [MS3-PKG] [DEBUG] 🤖 [MS3-PKG] [DEBUG] 🤖 [MS3-PKG] [DEBUG] 🤖 [MS3-PKG] [DEBUG] 🤖 [MS3-PKG] [DEBUG] 🤖 [MS3-PKG] [DEBUG] 🤖 [MS3-PKG] [DEBUG] 🤖 [MS3-PKG] [DEBUG] 🤖 [MS3-PKG] [DEBUG] 🤖 [MS3-PKG] [DEBUG] 🤖 [MS3-PKG] [DEBUG] 🤖 [MS3-PKG] [DEBUG] 🤖 [MS3-PKG] [DEBUG] 🔬 [analyzeJoiSchema] Analyzing schema at path: options
🤖 [MS3-PKG] [DEBUG] 🤖 [MS3-PKG] [DEBUG] 🤖 [MS3-PKG] [DEBUG] 🤖 [MS3-PKG] [DEBUG] 🤖 [MS3-PKG] [DEBUG] 🤖 [MS3-PKG] [DEBUG] 🤖 [MS3-PKG] [DEBUG] 🤖 [MS3-PKG] [DEBUG] 🤖 [MS3-PKG] [DEBUG] 🤖 [MS3-PKG] [DEBUG] 🤖 [MS3-PKG] [DEBUG] 🤖 [MS3-PKG] [DEBUG] 🤖 [MS3-PKG] [DEBUG] 🤖 [MS3-PKG] [DEBUG] 📋 [analyzeJoiSchema] Schema description type: object
🤖 [MS3-PKG] [DEBUG] 🤖 [MS3-PKG] [DEBUG] 🤖 [MS3-PKG] [DEBUG] 🤖 [MS3-PKG] [DEBUG] 🤖 [MS3-PKG] [DEBUG] 🤖 [MS3-PKG] [DEBUG] 🤖 [MS3-PKG] [DEBUG] 🤖 [MS3-PKG] [DEBUG] 🤖 [MS3-PKG] [DEBUG] 🤖 [MS3-PKG] [DEBUG] 🤖 [MS3-PKG] [DEBUG] 🤖 [MS3-PKG] [DEBUG] 🤖 [MS3-PKG] [DEBUG] 🤖 [MS3-PKG] [DEBUG] 📋 [analyzeJoiSchema] Schema keys: [ [32m&apos;privateKey&apos;[39m, [32m&apos;provider&apos;[39m, [32m&apos;multiChainRpcs&apos;[39m ]
🤖 [MS3-PKG] [DEBUG] 🤖 [MS3-PKG] [DEBUG] 🤖 [MS3-PKG] [DEBUG] 🤖 [MS3-PKG] [DEBUG] 🤖 [MS3-PKG] [DEBUG] 🤖 [MS3-PKG] [DEBUG] 🤖 [MS3-PKG] [DEBUG] 🤖 [MS3-PKG] [DEBUG] 🤖 [MS3-PKG] [DEBUG] 🤖 [MS3-PKG] [DEBUG] 🤖 [MS3-PKG] [DEBUG] 🤖 [MS3-PKG] [DEBUG] 🤖 [MS3-PKG] [DEBUG] 🤖 [MS3-PKG] [DEBUG] ✅ [analyzeJoiSchema] Processing object schema with 3 keys
🤖 [MS3-PKG] [DEBUG] 🤖 [MS3-PKG] [DEBUG] 🤖 [MS3-PKG] [DEBUG] 🤖 [MS3-PKG] [DEBUG] 🤖 [MS3-PKG] [DEBUG] 🤖 [MS3-PKG] [DEBUG] 🤖 [MS3-PKG] [DEBUG] 🤖 [MS3-PKG] [DEBUG] 🤖 [MS3-PKG] [DEBUG] 🤖 [MS3-PKG] [DEBUG] 🤖 [MS3-PKG] [DEBUG] 🤖 [MS3-PKG] [DEBUG] 🤖 [MS3-PKG] [DEBUG] 🤖 [MS3-PKG] [DEBUG] 🔑 [analyzeJoiSchema] Processing field: privateKey
🤖 [MS3-PKG] [DEBUG] 🤖 [MS3-PKG] [DEBUG] 🤖 [MS3-PKG] [DEBUG] 🤖 [MS3-PKG] [DEBUG] 🤖 [MS3-PKG] [DEBUG] 🤖 [MS3-PKG] [DEBUG] 🤖 [MS3-PKG] [DEBUG] 🤖 [MS3-PKG] [DEBUG] 🤖 [MS3-PKG] [DEBUG] 🤖 [MS3-PKG] [DEBUG] 🤖 [MS3-PKG] [DEBUG] 🤖 [MS3-PKG] [DEBUG] 🤖 [MS3-PKG] [DEBUG] 🤖 [MS3-PKG] [DEBUG] 📝 [analyzeJoiSchema] Field description: {
  type: [32m&apos;string&apos;[39m,
  flags: {
    presence: [32m&apos;required&apos;[39m,
    description: [32m&apos;Private key for wallet (generates random if not provided)&apos;[39m
  },
  rules: [ { name: [32m&apos;pattern&apos;[39m, args: [36m[Object][39m } ]
}
🤖 [MS3-PKG] [DEBUG] 🤖 [MS3-PKG] [DEBUG] 🤖 [MS3-PKG] [DEBUG] 🤖 [MS3-PKG] [DEBUG] 🤖 [MS3-PKG] [DEBUG] 🤖 [MS3-PKG] [DEBUG] 🤖 [MS3-PKG] [DEBUG] 🤖 [MS3-PKG] [DEBUG] 🤖 [MS3-PKG] [DEBUG] 🤖 [MS3-PKG] [DEBUG] 🤖 [MS3-PKG] [DEBUG] 🤖 [MS3-PKG] [DEBUG] 🤖 [MS3-PKG] [DEBUG] 🤖 [MS3-PKG] [DEBUG] 📊 [analyzeJoiSchema] Field privateKey: type=string, required=true, message=&quot;Private key for wallet (generates random if not provided)&quot;
🤖 [MS3-PKG] [DEBUG] 🤖 [MS3-PKG] [DEBUG] 🤖 [MS3-PKG] [DEBUG] 🤖 [MS3-PKG] [DEBUG] 🤖 [MS3-PKG] [DEBUG] 🤖 [MS3-PKG] [DEBUG] 🤖 [MS3-PKG] [DEBUG] 🤖 [MS3-PKG] [DEBUG] 🤖 [MS3-PKG] [DEBUG] 🤖 [MS3-PKG] [DEBUG] 🤖 [MS3-PKG] [DEBUG] 🤖 [MS3-PKG] [DEBUG] 🤖 [MS3-PKG] [DEBUG] 🤖 [MS3-PKG] [DEBUG] 🔑 [analyzeJoiSchema] Processing field: provider
🤖 [MS3-PKG] [DEBUG] 🤖 [MS3-PKG] [DEBUG] 🤖 [MS3-PKG] [DEBUG] 🤖 [MS3-PKG] [DEBUG] 🤖 [MS3-PKG] [DEBUG] 🤖 [MS3-PKG] [DEBUG] 🤖 [MS3-PKG] [DEBUG] 🤖 [MS3-PKG] [DEBUG] 🤖 [MS3-PKG] [DEBUG] 🤖 [MS3-PKG] [DEBUG] 🤖 [MS3-PKG] [DEBUG] 🤖 [MS3-PKG] [DEBUG] 🤖 [MS3-PKG] [DEBUG] 🤖 [MS3-PKG] [DEBUG] 📝 [analyzeJoiSchema] Field description: {
  type: [32m&apos;object&apos;[39m,
  flags: {
    presence: [32m&apos;optional&apos;[39m,
    description: [32m&apos;Optional provider configuration&apos;[39m
  },
  keys: {
    name: { type: [32m&apos;string&apos;[39m, flags: [36m[Object][39m },
    chainId: { type: [32m&apos;string&apos;[39m, flags: [36m[Object][39m, rules: [36m[Array][39m },
    rpcUrls: { type: [32m&apos;array&apos;[39m, flags: [36m[Object][39m, rules: [36m[Array][39m, items: [36m[Array][39m },
    displayName: { type: [32m&apos;string&apos;[39m, flags: [36m[Object][39m }
  }
}
🤖 [MS3-PKG] [DEBUG] 🤖 [MS3-PKG] [DEBUG] 🤖 [MS3-PKG] [DEBUG] 🤖 [MS3-PKG] [DEBUG] 🤖 [MS3-PKG] [DEBUG] 🤖 [MS3-PKG] [DEBUG] 🤖 [MS3-PKG] [DEBUG] 🤖 [MS3-PKG] [DEBUG] 🤖 [MS3-PKG] [DEBUG] 🤖 [MS3-PKG] [DEBUG] 🤖 [MS3-PKG] [DEBUG] 🤖 [MS3-PKG] [DEBUG] 🤖 [MS3-PKG] [DEBUG] 🤖 [MS3-PKG] [DEBUG] 📊 [analyzeJoiSchema] Field provider: type=object, required=false, message=&quot;Optional provider configuration&quot;
🤖 [MS3-PKG] [DEBUG] 🤖 [MS3-PKG] [DEBUG] 🤖 [MS3-PKG] [DEBUG] 🤖 [MS3-PKG] [DEBUG] 🤖 [MS3-PKG] [DEBUG] 🤖 [MS3-PKG] [DEBUG] 🤖 [MS3-PKG] [DEBUG] 🤖 [MS3-PKG] [DEBUG] 🤖 [MS3-PKG] [DEBUG] 🤖 [MS3-PKG] [DEBUG] 🤖 [MS3-PKG] [DEBUG] 🤖 [MS3-PKG] [DEBUG] 🤖 [MS3-PKG] [DEBUG] 🤖 [MS3-PKG] [DEBUG] 🔄 [analyzeJoiSchema] Recursing into nested object: provider
🤖 [MS3-PKG] [DEBUG] 🤖 [MS3-PKG] [DEBUG] 🤖 [MS3-PKG] [DEBUG] 🤖 [MS3-PKG] [DEBUG] 🤖 [MS3-PKG] [DEBUG] 🤖 [MS3-PKG] [DEBUG] 🤖 [MS3-PKG] [DEBUG] 🤖 [MS3-PKG] [DEBUG] 🤖 [MS3-PKG] [DEBUG] 🤖 [MS3-PKG] [DEBUG] 🤖 [MS3-PKG] [DEBUG] 🤖 [MS3-PKG] [DEBUG] 🤖 [MS3-PKG] [DEBUG] 🤖 [MS3-PKG] [DEBUG] 🔑 [analyzeJoiSchema] Processing field: multiChainRpcs
🤖 [MS3-PKG] [DEBUG] 🤖 [MS3-PKG] [DEBUG] 🤖 [MS3-PKG] [DEBUG] 🤖 [MS3-PKG] [DEBUG] 🤖 [MS3-PKG] [DEBUG] 🤖 [MS3-PKG] [DEBUG] 🤖 [MS3-PKG] [DEBUG] 🤖 [MS3-PKG] [DEBUG] 🤖 [MS3-PKG] [DEBUG] 🤖 [MS3-PKG] [DEBUG] 🤖 [MS3-PKG] [DEBUG] 🤖 [MS3-PKG] [DEBUG] 🤖 [MS3-PKG] [DEBUG] 🤖 [MS3-PKG] [DEBUG] 📝 [analyzeJoiSchema] Field description: {
  type: [32m&apos;object&apos;[39m,
  flags: {
    presence: [32m&apos;optional&apos;[39m,
    description: [32m&apos;Multi-chain RPC configuration - maps chain IDs to RPC URL arrays&apos;[39m
  },
  patterns: [ { schema: [36m[Object][39m, rule: [36m[Object][39m } ]
}
🤖 [MS3-PKG] [DEBUG] 🤖 [MS3-PKG] [DEBUG] 🤖 [MS3-PKG] [DEBUG] 🤖 [MS3-PKG] [DEBUG] 🤖 [MS3-PKG] [DEBUG] 🤖 [MS3-PKG] [DEBUG] 🤖 [MS3-PKG] [DEBUG] 🤖 [MS3-PKG] [DEBUG] 🤖 [MS3-PKG] [DEBUG] 🤖 [MS3-PKG] [DEBUG] 🤖 [MS3-PKG] [DEBUG] 🤖 [MS3-PKG] [DEBUG] 🤖 [MS3-PKG] [DEBUG] 🤖 [MS3-PKG] [DEBUG] 📊 [analyzeJoiSchema] Field multiChainRpcs: type=object, required=false, message=&quot;Multi-chain RPC configuration - maps chain IDs to RPC URL arrays&quot;
🤖 [MS3-PKG] [INFO] 🤖 [MS3-PKG] [INFO] 🤖 [MS3-PKG] [INFO] 🤖 [MS3-PKG] [INFO] 🤖 [MS3-PKG] [INFO] 🤖 [MS3-PKG] [INFO] 🤖 [MS3-PKG] [INFO] 🤖 [MS3-PKG] [INFO] 🤖 [MS3-PKG] [INFO] 🤖 [MS3-PKG] [INFO] 🤖 [MS3-PKG] [INFO] 🤖 [MS3-PKG] [INFO] 🤖 [MS3-PKG] [INFO] 🤖 [MS3-PKG] [INFO] 📊 [analyzeJoiSchema] Generated 7 requirements for options
🤖 [MS3-PKG] [DEBUG] 🤖 [MS3-PKG] [DEBUG] 🤖 [MS3-PKG] [DEBUG] 🤖 [MS3-PKG] [DEBUG] 🤖 [MS3-PKG] [DEBUG] 🤖 [MS3-PKG] [DEBUG] 🤖 [MS3-PKG] [DEBUG] 🤖 [MS3-PKG] [DEBUG] 🤖 [MS3-PKG] [DEBUG] 🤖 [MS3-PKG] [DEBUG] 🤖 [MS3-PKG] [DEBUG] 🤖 [MS3-PKG] [DEBUG] 🤖 [MS3-PKG] [DEBUG] 🤖 [MS3-PKG] [DEBUG] 🔍 [getRequirements] Starting analysis for bulk-test-98
🤖 [MS3-PKG] [DEBUG] 🤖 [MS3-PKG] [DEBUG] 🤖 [MS3-PKG] [DEBUG] 🤖 [MS3-PKG] [DEBUG] 🤖 [MS3-PKG] [DEBUG] 🤖 [MS3-PKG] [DEBUG] 🤖 [MS3-PKG] [DEBUG] 🤖 [MS3-PKG] [DEBUG] 🤖 [MS3-PKG] [DEBUG] 🤖 [MS3-PKG] [DEBUG] 🤖 [MS3-PKG] [DEBUG] 🤖 [MS3-PKG] [DEBUG] 🤖 [MS3-PKG] [DEBUG] 🤖 [MS3-PKG] [DEBUG] 🔬 [analyzeJoiSchema] Analyzing schema at path: options
🤖 [MS3-PKG] [DEBUG] 🤖 [MS3-PKG] [DEBUG] 🤖 [MS3-PKG] [DEBUG] 🤖 [MS3-PKG] [DEBUG] 🤖 [MS3-PKG] [DEBUG] 🤖 [MS3-PKG] [DEBUG] 🤖 [MS3-PKG] [DEBUG] 🤖 [MS3-PKG] [DEBUG] 🤖 [MS3-PKG] [DEBUG] 🤖 [MS3-PKG] [DEBUG] 🤖 [MS3-PKG] [DEBUG] 🤖 [MS3-PKG] [DEBUG] 🤖 [MS3-PKG] [DEBUG] 🤖 [MS3-PKG] [DEBUG] 📋 [analyzeJoiSchema] Schema description type: object
🤖 [MS3-PKG] [DEBUG] 🤖 [MS3-PKG] [DEBUG] 🤖 [MS3-PKG] [DEBUG] 🤖 [MS3-PKG] [DEBUG] 🤖 [MS3-PKG] [DEBUG] 🤖 [MS3-PKG] [DEBUG] 🤖 [MS3-PKG] [DEBUG] 🤖 [MS3-PKG] [DEBUG] 🤖 [MS3-PKG] [DEBUG] 🤖 [MS3-PKG] [DEBUG] 🤖 [MS3-PKG] [DEBUG] 🤖 [MS3-PKG] [DEBUG] 🤖 [MS3-PKG] [DEBUG] 🤖 [MS3-PKG] [DEBUG] 📋 [analyzeJoiSchema] Schema keys: [ [32m&apos;web3authConfig&apos;[39m, [32m&apos;multiChainRpcs&apos;[39m ]
🤖 [MS3-PKG] [DEBUG] 🤖 [MS3-PKG] [DEBUG] 🤖 [MS3-PKG] [DEBUG] 🤖 [MS3-PKG] [DEBUG] 🤖 [MS3-PKG] [DEBUG] 🤖 [MS3-PKG] [DEBUG] 🤖 [MS3-PKG] [DEBUG] 🤖 [MS3-PKG] [DEBUG] 🤖 [MS3-PKG] [DEBUG] 🤖 [MS3-PKG] [DEBUG] 🤖 [MS3-PKG] [DEBUG] 🤖 [MS3-PKG] [DEBUG] 🤖 [MS3-PKG] [DEBUG] 🤖 [MS3-PKG] [DEBUG] ✅ [analyzeJoiSchema] Processing object schema with 2 keys
🤖 [MS3-PKG] [DEBUG] 🤖 [MS3-PKG] [DEBUG] 🤖 [MS3-PKG] [DEBUG] 🤖 [MS3-PKG] [DEBUG] 🤖 [MS3-PKG] [DEBUG] 🤖 [MS3-PKG] [DEBUG] 🤖 [MS3-PKG] [DEBUG] 🤖 [MS3-PKG] [DEBUG] 🤖 [MS3-PKG] [DEBUG] 🤖 [MS3-PKG] [DEBUG] 🤖 [MS3-PKG] [DEBUG] 🤖 [MS3-PKG] [DEBUG] 🤖 [MS3-PKG] [DEBUG] 🤖 [MS3-PKG] [DEBUG] 🔑 [analyzeJoiSchema] Processing field: web3authConfig
🤖 [MS3-PKG] [DEBUG] 🤖 [MS3-PKG] [DEBUG] 🤖 [MS3-PKG] [DEBUG] 🤖 [MS3-PKG] [DEBUG] 🤖 [MS3-PKG] [DEBUG] 🤖 [MS3-PKG] [DEBUG] 🤖 [MS3-PKG] [DEBUG] 🤖 [MS3-PKG] [DEBUG] 🤖 [MS3-PKG] [DEBUG] 🤖 [MS3-PKG] [DEBUG] 🤖 [MS3-PKG] [DEBUG] 🤖 [MS3-PKG] [DEBUG] 🤖 [MS3-PKG] [DEBUG] 🤖 [MS3-PKG] [DEBUG] 📝 [analyzeJoiSchema] Field description: {
  type: [32m&apos;object&apos;[39m,
  flags: {
    presence: [32m&apos;required&apos;[39m,
    description: [32m&apos;Web3Auth configuration object&apos;[39m
  },
  keys: {
    clientId: { type: [32m&apos;string&apos;[39m, flags: [36m[Object][39m },
    web3AuthNetwork: { type: [32m&apos;string&apos;[39m, flags: [36m[Object][39m, allow: [36m[Array][39m },
    chainConfig: { type: [32m&apos;object&apos;[39m, flags: [36m[Object][39m, keys: [36m[Object][39m },
    loginConfig: { type: [32m&apos;object&apos;[39m, flags: [36m[Object][39m },
    privateKeyProvider: { type: [32m&apos;any&apos;[39m, flags: [36m[Object][39m }
  }
}
🤖 [MS3-PKG] [DEBUG] 🤖 [MS3-PKG] [DEBUG] 🤖 [MS3-PKG] [DEBUG] 🤖 [MS3-PKG] [DEBUG] 🤖 [MS3-PKG] [DEBUG] 🤖 [MS3-PKG] [DEBUG] 🤖 [MS3-PKG] [DEBUG] 🤖 [MS3-PKG] [DEBUG] 🤖 [MS3-PKG] [DEBUG] 🤖 [MS3-PKG] [DEBUG] 🤖 [MS3-PKG] [DEBUG] 🤖 [MS3-PKG] [DEBUG] 🤖 [MS3-PKG] [DEBUG] 🤖 [MS3-PKG] [DEBUG] 📊 [analyzeJoiSchema] Field web3authConfig: type=object, required=true, message=&quot;Web3Auth configuration object&quot;
🤖 [MS3-PKG] [DEBUG] 🤖 [MS3-PKG] [DEBUG] 🤖 [MS3-PKG] [DEBUG] 🤖 [MS3-PKG] [DEBUG] 🤖 [MS3-PKG] [DEBUG] 🤖 [MS3-PKG] [DEBUG] 🤖 [MS3-PKG] [DEBUG] 🤖 [MS3-PKG] [DEBUG] 🤖 [MS3-PKG] [DEBUG] 🤖 [MS3-PKG] [DEBUG] 🤖 [MS3-PKG] [DEBUG] 🤖 [MS3-PKG] [DEBUG] 🤖 [MS3-PKG] [DEBUG] 🤖 [MS3-PKG] [DEBUG] 🔄 [analyzeJoiSchema] Recursing into nested object: web3authConfig
🤖 [MS3-PKG] [DEBUG] 🤖 [MS3-PKG] [DEBUG] 🤖 [MS3-PKG] [DEBUG] 🤖 [MS3-PKG] [DEBUG] 🤖 [MS3-PKG] [DEBUG] 🤖 [MS3-PKG] [DEBUG] 🤖 [MS3-PKG] [DEBUG] 🤖 [MS3-PKG] [DEBUG] 🤖 [MS3-PKG] [DEBUG] 🤖 [MS3-PKG] [DEBUG] 🤖 [MS3-PKG] [DEBUG] 🤖 [MS3-PKG] [DEBUG] 🤖 [MS3-PKG] [DEBUG] 🤖 [MS3-PKG] [DEBUG] 🔑 [analyzeJoiSchema] Processing field: multiChainRpcs
🤖 [MS3-PKG] [DEBUG] 🤖 [MS3-PKG] [DEBUG] 🤖 [MS3-PKG] [DEBUG] 🤖 [MS3-PKG] [DEBUG] 🤖 [MS3-PKG] [DEBUG] 🤖 [MS3-PKG] [DEBUG] 🤖 [MS3-PKG] [DEBUG] 🤖 [MS3-PKG] [DEBUG] 🤖 [MS3-PKG] [DEBUG] 🤖 [MS3-PKG] [DEBUG] 🤖 [MS3-PKG] [DEBUG] 🤖 [MS3-PKG] [DEBUG] 🤖 [MS3-PKG] [DEBUG] 🤖 [MS3-PKG] [DEBUG] 📝 [analyzeJoiSchema] Field description: {
  type: [32m&apos;object&apos;[39m,
  flags: {
    presence: [32m&apos;optional&apos;[39m,
    description: [32m&apos;Multi-chain RPC configuration - maps chain IDs to RPC URL arrays&apos;[39m
  },
  patterns: [ { schema: [36m[Object][39m, rule: [36m[Object][39m } ]
}
🤖 [MS3-PKG] [DEBUG] 🤖 [MS3-PKG] [DEBUG] 🤖 [MS3-PKG] [DEBUG] 🤖 [MS3-PKG] [DEBUG] 🤖 [MS3-PKG] [DEBUG] 🤖 [MS3-PKG] [DEBUG] 🤖 [MS3-PKG] [DEBUG] 🤖 [MS3-PKG] [DEBUG] 🤖 [MS3-PKG] [DEBUG] 🤖 [MS3-PKG] [DEBUG] 🤖 [MS3-PKG] [DEBUG] 🤖 [MS3-PKG] [DEBUG] 🤖 [MS3-PKG] [DEBUG] 🤖 [MS3-PKG] [DEBUG] 📊 [analyzeJoiSchema] Field multiChainRpcs: type=object, required=false, message=&quot;Multi-chain RPC configuration - maps chain IDs to RPC URL arrays&quot;
🤖 [MS3-PKG] [INFO] 🤖 [MS3-PKG] [INFO] 🤖 [MS3-PKG] [INFO] 🤖 [MS3-PKG] [INFO] 🤖 [MS3-PKG] [INFO] 🤖 [MS3-PKG] [INFO] 🤖 [MS3-PKG] [INFO] 🤖 [MS3-PKG] [INFO] 🤖 [MS3-PKG] [INFO] 🤖 [MS3-PKG] [INFO] 🤖 [MS3-PKG] [INFO] 🤖 [MS3-PKG] [INFO] 🤖 [MS3-PKG] [INFO] 🤖 [MS3-PKG] [INFO] 📊 [analyzeJoiSchema] Generated 14 requirements for options
🤖 [MS3-PKG] [DEBUG] 🤖 [MS3-PKG] [DEBUG] 🤖 [MS3-PKG] [DEBUG] 🤖 [MS3-PKG] [DEBUG] 🤖 [MS3-PKG] [DEBUG] 🤖 [MS3-PKG] [DEBUG] 🤖 [MS3-PKG] [DEBUG] 🤖 [MS3-PKG] [DEBUG] 🤖 [MS3-PKG] [DEBUG] 🤖 [MS3-PKG] [DEBUG] 🤖 [MS3-PKG] [DEBUG] 🤖 [MS3-PKG] [DEBUG] 🤖 [MS3-PKG] [DEBUG] 🤖 [MS3-PKG] [DEBUG] 🔍 [getRequirements] Starting analysis for bulk-test-99
🤖 [MS3-PKG] [DEBUG] 🤖 [MS3-PKG] [DEBUG] 🤖 [MS3-PKG] [DEBUG] 🤖 [MS3-PKG] [DEBUG] 🤖 [MS3-PKG] [DEBUG] 🤖 [MS3-PKG] [DEBUG] 🤖 [MS3-PKG] [DEBUG] 🤖 [MS3-PKG] [DEBUG] 🤖 [MS3-PKG] [DEBUG] 🤖 [MS3-PKG] [DEBUG] 🤖 [MS3-PKG] [DEBUG] 🤖 [MS3-PKG] [DEBUG] 🤖 [MS3-PKG] [DEBUG] 🤖 [MS3-PKG] [DEBUG] 🔬 [analyzeJoiSchema] Analyzing schema at path: options
🤖 [MS3-PKG] [DEBUG] 🤖 [MS3-PKG] [DEBUG] 🤖 [MS3-PKG] [DEBUG] 🤖 [MS3-PKG] [DEBUG] 🤖 [MS3-PKG] [DEBUG] 🤖 [MS3-PKG] [DEBUG] 🤖 [MS3-PKG] [DEBUG] 🤖 [MS3-PKG] [DEBUG] 🤖 [MS3-PKG] [DEBUG] 🤖 [MS3-PKG] [DEBUG] 🤖 [MS3-PKG] [DEBUG] 🤖 [MS3-PKG] [DEBUG] 🤖 [MS3-PKG] [DEBUG] 🤖 [MS3-PKG] [DEBUG] 📋 [analyzeJoiSchema] Schema description type: object
🤖 [MS3-PKG] [DEBUG] 🤖 [MS3-PKG] [DEBUG] 🤖 [MS3-PKG] [DEBUG] 🤖 [MS3-PKG] [DEBUG] 🤖 [MS3-PKG] [DEBUG] 🤖 [MS3-PKG] [DEBUG] 🤖 [MS3-PKG] [DEBUG] 🤖 [MS3-PKG] [DEBUG] 🤖 [MS3-PKG] [DEBUG] 🤖 [MS3-PKG] [DEBUG] 🤖 [MS3-PKG] [DEBUG] 🤖 [MS3-PKG] [DEBUG] 🤖 [MS3-PKG] [DEBUG] 🤖 [MS3-PKG] [DEBUG] 📋 [analyzeJoiSchema] Schema keys: [ [32m&apos;privateKey&apos;[39m, [32m&apos;provider&apos;[39m, [32m&apos;multiChainRpcs&apos;[39m ]
🤖 [MS3-PKG] [DEBUG] 🤖 [MS3-PKG] [DEBUG] 🤖 [MS3-PKG] [DEBUG] 🤖 [MS3-PKG] [DEBUG] 🤖 [MS3-PKG] [DEBUG] 🤖 [MS3-PKG] [DEBUG] 🤖 [MS3-PKG] [DEBUG] 🤖 [MS3-PKG] [DEBUG] 🤖 [MS3-PKG] [DEBUG] 🤖 [MS3-PKG] [DEBUG] 🤖 [MS3-PKG] [DEBUG] 🤖 [MS3-PKG] [DEBUG] 🤖 [MS3-PKG] [DEBUG] 🤖 [MS3-PKG] [DEBUG] ✅ [analyzeJoiSchema] Processing object schema with 3 keys
🤖 [MS3-PKG] [DEBUG] 🤖 [MS3-PKG] [DEBUG] 🤖 [MS3-PKG] [DEBUG] 🤖 [MS3-PKG] [DEBUG] 🤖 [MS3-PKG] [DEBUG] 🤖 [MS3-PKG] [DEBUG] 🤖 [MS3-PKG] [DEBUG] 🤖 [MS3-PKG] [DEBUG] 🤖 [MS3-PKG] [DEBUG] 🤖 [MS3-PKG] [DEBUG] 🤖 [MS3-PKG] [DEBUG] 🤖 [MS3-PKG] [DEBUG] 🤖 [MS3-PKG] [DEBUG] 🤖 [MS3-PKG] [DEBUG] 🔑 [analyzeJoiSchema] Processing field: privateKey
🤖 [MS3-PKG] [DEBUG] 🤖 [MS3-PKG] [DEBUG] 🤖 [MS3-PKG] [DEBUG] 🤖 [MS3-PKG] [DEBUG] 🤖 [MS3-PKG] [DEBUG] 🤖 [MS3-PKG] [DEBUG] 🤖 [MS3-PKG] [DEBUG] 🤖 [MS3-PKG] [DEBUG] 🤖 [MS3-PKG] [DEBUG] 🤖 [MS3-PKG] [DEBUG] 🤖 [MS3-PKG] [DEBUG] 🤖 [MS3-PKG] [DEBUG] 🤖 [MS3-PKG] [DEBUG] 🤖 [MS3-PKG] [DEBUG] 📝 [analyzeJoiSchema] Field description: {
  type: [32m&apos;string&apos;[39m,
  flags: {
    presence: [32m&apos;required&apos;[39m,
    description: [32m&apos;Private key for wallet (generates random if not provided)&apos;[39m
  },
  rules: [ { name: [32m&apos;pattern&apos;[39m, args: [36m[Object][39m } ]
}
🤖 [MS3-PKG] [DEBUG] 🤖 [MS3-PKG] [DEBUG] 🤖 [MS3-PKG] [DEBUG] 🤖 [MS3-PKG] [DEBUG] 🤖 [MS3-PKG] [DEBUG] 🤖 [MS3-PKG] [DEBUG] 🤖 [MS3-PKG] [DEBUG] 🤖 [MS3-PKG] [DEBUG] 🤖 [MS3-PKG] [DEBUG] 🤖 [MS3-PKG] [DEBUG] 🤖 [MS3-PKG] [DEBUG] 🤖 [MS3-PKG] [DEBUG] 🤖 [MS3-PKG] [DEBUG] 🤖 [MS3-PKG] [DEBUG] 📊 [analyzeJoiSchema] Field privateKey: type=string, required=true, message=&quot;Private key for wallet (generates random if not provided)&quot;
🤖 [MS3-PKG] [DEBUG] 🤖 [MS3-PKG] [DEBUG] 🤖 [MS3-PKG] [DEBUG] 🤖 [MS3-PKG] [DEBUG] 🤖 [MS3-PKG] [DEBUG] 🤖 [MS3-PKG] [DEBUG] 🤖 [MS3-PKG] [DEBUG] 🤖 [MS3-PKG] [DEBUG] 🤖 [MS3-PKG] [DEBUG] 🤖 [MS3-PKG] [DEBUG] 🤖 [MS3-PKG] [DEBUG] 🤖 [MS3-PKG] [DEBUG] 🤖 [MS3-PKG] [DEBUG] 🤖 [MS3-PKG] [DEBUG] 🔑 [analyzeJoiSchema] Processing field: provider
🤖 [MS3-PKG] [DEBUG] 🤖 [MS3-PKG] [DEBUG] 🤖 [MS3-PKG] [DEBUG] 🤖 [MS3-PKG] [DEBUG] 🤖 [MS3-PKG] [DEBUG] 🤖 [MS3-PKG] [DEBUG] 🤖 [MS3-PKG] [DEBUG] 🤖 [MS3-PKG] [DEBUG] 🤖 [MS3-PKG] [DEBUG] 🤖 [MS3-PKG] [DEBUG] 🤖 [MS3-PKG] [DEBUG] 🤖 [MS3-PKG] [DEBUG] 🤖 [MS3-PKG] [DEBUG] 🤖 [MS3-PKG] [DEBUG] 📝 [analyzeJoiSchema] Field description: {
  type: [32m&apos;object&apos;[39m,
  flags: {
    presence: [32m&apos;optional&apos;[39m,
    description: [32m&apos;Optional provider configuration&apos;[39m
  },
  keys: {
    name: { type: [32m&apos;string&apos;[39m, flags: [36m[Object][39m },
    chainId: { type: [32m&apos;string&apos;[39m, flags: [36m[Object][39m, rules: [36m[Array][39m },
    rpcUrls: { type: [32m&apos;array&apos;[39m, flags: [36m[Object][39m, rules: [36m[Array][39m, items: [36m[Array][39m },
    displayName: { type: [32m&apos;string&apos;[39m, flags: [36m[Object][39m }
  }
}
🤖 [MS3-PKG] [DEBUG] 🤖 [MS3-PKG] [DEBUG] 🤖 [MS3-PKG] [DEBUG] 🤖 [MS3-PKG] [DEBUG] 🤖 [MS3-PKG] [DEBUG] 🤖 [MS3-PKG] [DEBUG] 🤖 [MS3-PKG] [DEBUG] 🤖 [MS3-PKG] [DEBUG] 🤖 [MS3-PKG] [DEBUG] 🤖 [MS3-PKG] [DEBUG] 🤖 [MS3-PKG] [DEBUG] 🤖 [MS3-PKG] [DEBUG] 🤖 [MS3-PKG] [DEBUG] 🤖 [MS3-PKG] [DEBUG] 📊 [analyzeJoiSchema] Field provider: type=object, required=false, message=&quot;Optional provider configuration&quot;
🤖 [MS3-PKG] [DEBUG] 🤖 [MS3-PKG] [DEBUG] 🤖 [MS3-PKG] [DEBUG] 🤖 [MS3-PKG] [DEBUG] 🤖 [MS3-PKG] [DEBUG] 🤖 [MS3-PKG] [DEBUG] 🤖 [MS3-PKG] [DEBUG] 🤖 [MS3-PKG] [DEBUG] 🤖 [MS3-PKG] [DEBUG] 🤖 [MS3-PKG] [DEBUG] 🤖 [MS3-PKG] [DEBUG] 🤖 [MS3-PKG] [DEBUG] 🤖 [MS3-PKG] [DEBUG] 🤖 [MS3-PKG] [DEBUG] 🔄 [analyzeJoiSchema] Recursing into nested object: provider
🤖 [MS3-PKG] [DEBUG] 🤖 [MS3-PKG] [DEBUG] 🤖 [MS3-PKG] [DEBUG] 🤖 [MS3-PKG] [DEBUG] 🤖 [MS3-PKG] [DEBUG] 🤖 [MS3-PKG] [DEBUG] 🤖 [MS3-PKG] [DEBUG] 🤖 [MS3-PKG] [DEBUG] 🤖 [MS3-PKG] [DEBUG] 🤖 [MS3-PKG] [DEBUG] 🤖 [MS3-PKG] [DEBUG] 🤖 [MS3-PKG] [DEBUG] 🤖 [MS3-PKG] [DEBUG] 🤖 [MS3-PKG] [DEBUG] 🔑 [analyzeJoiSchema] Processing field: multiChainRpcs
🤖 [MS3-PKG] [DEBUG] 🤖 [MS3-PKG] [DEBUG] 🤖 [MS3-PKG] [DEBUG] 🤖 [MS3-PKG] [DEBUG] 🤖 [MS3-PKG] [DEBUG] 🤖 [MS3-PKG] [DEBUG] 🤖 [MS3-PKG] [DEBUG] 🤖 [MS3-PKG] [DEBUG] 🤖 [MS3-PKG] [DEBUG] 🤖 [MS3-PKG] [DEBUG] 🤖 [MS3-PKG] [DEBUG] 🤖 [MS3-PKG] [DEBUG] 🤖 [MS3-PKG] [DEBUG] 🤖 [MS3-PKG] [DEBUG] 📝 [analyzeJoiSchema] Field description: {
  type: [32m&apos;object&apos;[39m,
  flags: {
    presence: [32m&apos;optional&apos;[39m,
    description: [32m&apos;Multi-chain RPC configuration - maps chain IDs to RPC URL arrays&apos;[39m
  },
  patterns: [ { schema: [36m[Object][39m, rule: [36m[Object][39m } ]
}
🤖 [MS3-PKG] [DEBUG] 🤖 [MS3-PKG] [DEBUG] 🤖 [MS3-PKG] [DEBUG] 🤖 [MS3-PKG] [DEBUG] 🤖 [MS3-PKG] [DEBUG] 🤖 [MS3-PKG] [DEBUG] 🤖 [MS3-PKG] [DEBUG] 🤖 [MS3-PKG] [DEBUG] 🤖 [MS3-PKG] [DEBUG] 🤖 [MS3-PKG] [DEBUG] 🤖 [MS3-PKG] [DEBUG] 🤖 [MS3-PKG] [DEBUG] 🤖 [MS3-PKG] [DEBUG] 🤖 [MS3-PKG] [DEBUG] 📊 [analyzeJoiSchema] Field multiChainRpcs: type=object, required=false, message=&quot;Multi-chain RPC configuration - maps chain IDs to RPC URL arrays&quot;
🤖 [MS3-PKG] [INFO] 🤖 [MS3-PKG] [INFO] 🤖 [MS3-PKG] [INFO] 🤖 [MS3-PKG] [INFO] 🤖 [MS3-PKG] [INFO] 🤖 [MS3-PKG] [INFO] 🤖 [MS3-PKG] [INFO] 🤖 [MS3-PKG] [INFO] 🤖 [MS3-PKG] [INFO] 🤖 [MS3-PKG] [INFO] 🤖 [MS3-PKG] [INFO] 🤖 [MS3-PKG] [INFO] 🤖 [MS3-PKG] [INFO] 🤖 [MS3-PKG] [INFO] 📊 [analyzeJoiSchema] Generated 7 requirements for options
🤖 [MS3-PKG] [DEBUG] 🤖 [MS3-PKG] [DEBUG] 🤖 [MS3-PKG] [DEBUG] 🤖 [MS3-PKG] [DEBUG] 🤖 [MS3-PKG] [DEBUG] 🤖 [MS3-PKG] [DEBUG] 🤖 [MS3-PKG] [DEBUG] 🤖 [MS3-PKG] [DEBUG] 🤖 [MS3-PKG] [DEBUG] 🤖 [MS3-PKG] [DEBUG] 🤖 [MS3-PKG] [DEBUG] 🤖 [MS3-PKG] [DEBUG] 🤖 [MS3-PKG] [DEBUG] 🤖 [MS3-PKG] [DEBUG] 🔍 [getRequirements] Starting analysis for bulk-test-99
🤖 [MS3-PKG] [DEBUG] 🤖 [MS3-PKG] [DEBUG] 🤖 [MS3-PKG] [DEBUG] 🤖 [MS3-PKG] [DEBUG] 🤖 [MS3-PKG] [DEBUG] 🤖 [MS3-PKG] [DEBUG] 🤖 [MS3-PKG] [DEBUG] 🤖 [MS3-PKG] [DEBUG] 🤖 [MS3-PKG] [DEBUG] 🤖 [MS3-PKG] [DEBUG] 🤖 [MS3-PKG] [DEBUG] 🤖 [MS3-PKG] [DEBUG] 🤖 [MS3-PKG] [DEBUG] 🤖 [MS3-PKG] [DEBUG] 🔬 [analyzeJoiSchema] Analyzing schema at path: options
🤖 [MS3-PKG] [DEBUG] 🤖 [MS3-PKG] [DEBUG] 🤖 [MS3-PKG] [DEBUG] 🤖 [MS3-PKG] [DEBUG] 🤖 [MS3-PKG] [DEBUG] 🤖 [MS3-PKG] [DEBUG] 🤖 [MS3-PKG] [DEBUG] 🤖 [MS3-PKG] [DEBUG] 🤖 [MS3-PKG] [DEBUG] 🤖 [MS3-PKG] [DEBUG] 🤖 [MS3-PKG] [DEBUG] 🤖 [MS3-PKG] [DEBUG] 🤖 [MS3-PKG] [DEBUG] 🤖 [MS3-PKG] [DEBUG] 📋 [analyzeJoiSchema] Schema description type: object
🤖 [MS3-PKG] [DEBUG] 🤖 [MS3-PKG] [DEBUG] 🤖 [MS3-PKG] [DEBUG] 🤖 [MS3-PKG] [DEBUG] 🤖 [MS3-PKG] [DEBUG] 🤖 [MS3-PKG] [DEBUG] 🤖 [MS3-PKG] [DEBUG] 🤖 [MS3-PKG] [DEBUG] 🤖 [MS3-PKG] [DEBUG] 🤖 [MS3-PKG] [DEBUG] 🤖 [MS3-PKG] [DEBUG] 🤖 [MS3-PKG] [DEBUG] 🤖 [MS3-PKG] [DEBUG] 🤖 [MS3-PKG] [DEBUG] 📋 [analyzeJoiSchema] Schema keys: [ [32m&apos;web3authConfig&apos;[39m, [32m&apos;multiChainRpcs&apos;[39m ]
🤖 [MS3-PKG] [DEBUG] 🤖 [MS3-PKG] [DEBUG] 🤖 [MS3-PKG] [DEBUG] 🤖 [MS3-PKG] [DEBUG] 🤖 [MS3-PKG] [DEBUG] 🤖 [MS3-PKG] [DEBUG] 🤖 [MS3-PKG] [DEBUG] 🤖 [MS3-PKG] [DEBUG] 🤖 [MS3-PKG] [DEBUG] 🤖 [MS3-PKG] [DEBUG] 🤖 [MS3-PKG] [DEBUG] 🤖 [MS3-PKG] [DEBUG] 🤖 [MS3-PKG] [DEBUG] 🤖 [MS3-PKG] [DEBUG] ✅ [analyzeJoiSchema] Processing object schema with 2 keys
🤖 [MS3-PKG] [DEBUG] 🤖 [MS3-PKG] [DEBUG] 🤖 [MS3-PKG] [DEBUG] 🤖 [MS3-PKG] [DEBUG] 🤖 [MS3-PKG] [DEBUG] 🤖 [MS3-PKG] [DEBUG] 🤖 [MS3-PKG] [DEBUG] 🤖 [MS3-PKG] [DEBUG] 🤖 [MS3-PKG] [DEBUG] 🤖 [MS3-PKG] [DEBUG] 🤖 [MS3-PKG] [DEBUG] 🤖 [MS3-PKG] [DEBUG] 🤖 [MS3-PKG] [DEBUG] 🤖 [MS3-PKG] [DEBUG] 🔑 [analyzeJoiSchema] Processing field: web3authConfig
🤖 [MS3-PKG] [DEBUG] 🤖 [MS3-PKG] [DEBUG] 🤖 [MS3-PKG] [DEBUG] 🤖 [MS3-PKG] [DEBUG] 🤖 [MS3-PKG] [DEBUG] 🤖 [MS3-PKG] [DEBUG] 🤖 [MS3-PKG] [DEBUG] 🤖 [MS3-PKG] [DEBUG] 🤖 [MS3-PKG] [DEBUG] 🤖 [MS3-PKG] [DEBUG] 🤖 [MS3-PKG] [DEBUG] 🤖 [MS3-PKG] [DEBUG] 🤖 [MS3-PKG] [DEBUG] 🤖 [MS3-PKG] [DEBUG] 📝 [analyzeJoiSchema] Field description: {
  type: [32m&apos;object&apos;[39m,
  flags: {
    presence: [32m&apos;required&apos;[39m,
    description: [32m&apos;Web3Auth configuration object&apos;[39m
  },
  keys: {
    clientId: { type: [32m&apos;string&apos;[39m, flags: [36m[Object][39m },
    web3AuthNetwork: { type: [32m&apos;string&apos;[39m, flags: [36m[Object][39m, allow: [36m[Array][39m },
    chainConfig: { type: [32m&apos;object&apos;[39m, flags: [36m[Object][39m, keys: [36m[Object][39m },
    loginConfig: { type: [32m&apos;object&apos;[39m, flags: [36m[Object][39m },
    privateKeyProvider: { type: [32m&apos;any&apos;[39m, flags: [36m[Object][39m }
  }
}
🤖 [MS3-PKG] [DEBUG] 🤖 [MS3-PKG] [DEBUG] 🤖 [MS3-PKG] [DEBUG] 🤖 [MS3-PKG] [DEBUG] 🤖 [MS3-PKG] [DEBUG] 🤖 [MS3-PKG] [DEBUG] 🤖 [MS3-PKG] [DEBUG] 🤖 [MS3-PKG] [DEBUG] 🤖 [MS3-PKG] [DEBUG] 🤖 [MS3-PKG] [DEBUG] 🤖 [MS3-PKG] [DEBUG] 🤖 [MS3-PKG] [DEBUG] 🤖 [MS3-PKG] [DEBUG] 🤖 [MS3-PKG] [DEBUG] 📊 [analyzeJoiSchema] Field web3authConfig: type=object, required=true, message=&quot;Web3Auth configuration object&quot;
🤖 [MS3-PKG] [DEBUG] 🤖 [MS3-PKG] [DEBUG] 🤖 [MS3-PKG] [DEBUG] 🤖 [MS3-PKG] [DEBUG] 🤖 [MS3-PKG] [DEBUG] 🤖 [MS3-PKG] [DEBUG] 🤖 [MS3-PKG] [DEBUG] 🤖 [MS3-PKG] [DEBUG] 🤖 [MS3-PKG] [DEBUG] 🤖 [MS3-PKG] [DEBUG] 🤖 [MS3-PKG] [DEBUG] 🤖 [MS3-PKG] [DEBUG] 🤖 [MS3-PKG] [DEBUG] 🤖 [MS3-PKG] [DEBUG] 🔄 [analyzeJoiSchema] Recursing into nested object: web3authConfig
🤖 [MS3-PKG] [DEBUG] 🤖 [MS3-PKG] [DEBUG] 🤖 [MS3-PKG] [DEBUG] 🤖 [MS3-PKG] [DEBUG] 🤖 [MS3-PKG] [DEBUG] 🤖 [MS3-PKG] [DEBUG] 🤖 [MS3-PKG] [DEBUG] 🤖 [MS3-PKG] [DEBUG] 🤖 [MS3-PKG] [DEBUG] 🤖 [MS3-PKG] [DEBUG] 🤖 [MS3-PKG] [DEBUG] 🤖 [MS3-PKG] [DEBUG] 🤖 [MS3-PKG] [DEBUG] 🤖 [MS3-PKG] [DEBUG] 🔑 [analyzeJoiSchema] Processing field: multiChainRpcs
🤖 [MS3-PKG] [DEBUG] 🤖 [MS3-PKG] [DEBUG] 🤖 [MS3-PKG] [DEBUG] 🤖 [MS3-PKG] [DEBUG] 🤖 [MS3-PKG] [DEBUG] 🤖 [MS3-PKG] [DEBUG] 🤖 [MS3-PKG] [DEBUG] 🤖 [MS3-PKG] [DEBUG] 🤖 [MS3-PKG] [DEBUG] 🤖 [MS3-PKG] [DEBUG] 🤖 [MS3-PKG] [DEBUG] 🤖 [MS3-PKG] [DEBUG] 🤖 [MS3-PKG] [DEBUG] 🤖 [MS3-PKG] [DEBUG] 📝 [analyzeJoiSchema] Field description: {
  type: [32m&apos;object&apos;[39m,
  flags: {
    presence: [32m&apos;optional&apos;[39m,
    description: [32m&apos;Multi-chain RPC configuration - maps chain IDs to RPC URL arrays&apos;[39m
  },
  patterns: [ { schema: [36m[Object][39m, rule: [36m[Object][39m } ]
}
🤖 [MS3-PKG] [DEBUG] 🤖 [MS3-PKG] [DEBUG] 🤖 [MS3-PKG] [DEBUG] 🤖 [MS3-PKG] [DEBUG] 🤖 [MS3-PKG] [DEBUG] 🤖 [MS3-PKG] [DEBUG] 🤖 [MS3-PKG] [DEBUG] 🤖 [MS3-PKG] [DEBUG] 🤖 [MS3-PKG] [DEBUG] 🤖 [MS3-PKG] [DEBUG] 🤖 [MS3-PKG] [DEBUG] 🤖 [MS3-PKG] [DEBUG] 🤖 [MS3-PKG] [DEBUG] 🤖 [MS3-PKG] [DEBUG] 📊 [analyzeJoiSchema] Field multiChainRpcs: type=object, required=false, message=&quot;Multi-chain RPC configuration - maps chain IDs to RPC URL arrays&quot;
🤖 [MS3-PKG] [INFO] 🤖 [MS3-PKG] [INFO] 🤖 [MS3-PKG] [INFO] 🤖 [MS3-PKG] [INFO] 🤖 [MS3-PKG] [INFO] 🤖 [MS3-PKG] [INFO] 🤖 [MS3-PKG] [INFO] 🤖 [MS3-PKG] [INFO] 🤖 [MS3-PKG] [INFO] 🤖 [MS3-PKG] [INFO] 🤖 [MS3-PKG] [INFO] 🤖 [MS3-PKG] [INFO] 🤖 [MS3-PKG] [INFO] 🤖 [MS3-PKG] [INFO] 📊 [analyzeJoiSchema] Generated 14 requirements for options

            </system-out>
        </testcase>
    </testsuite>
    <testsuite name="tests/01_Core.test.ts" timestamp="2025-09-04T15:09:40.370Z" hostname="GA" tests="4" failures="0" errors="0" skipped="0" time="0.0066414">
        <testcase classname="tests/01_Core.test.ts" name="Core Wallet Tests &gt; should export testAdapterPattern function" time="0.001435">
        </testcase>
        <testcase classname="tests/01_Core.test.ts" name="Core Wallet Tests &gt; should export testAdapterPattern function" time="0.0002294">
        </testcase>
        <testcase classname="tests/01_Core.test.ts" name="Core Wallet Tests &gt; should detect server environment in tests" time="0.0025108">
        </testcase>
        <testcase classname="tests/01_Core.test.ts" name="Core Wallet Tests &gt; should have environment requirements in registry" time="0.0011467">
        </testcase>
    </testsuite>
    <testsuite name="tests/02_ICoreWallet.test.ts" timestamp="2025-09-04T15:09:40.388Z" hostname="GA" tests="1" failures="0" errors="0" skipped="0" time="0.0023323">
        <testcase classname="tests/02_ICoreWallet.test.ts" name="ICoreWallet Tests &gt; should export testCoreWalletInterface function" time="0.0012435">
        </testcase>
    </testsuite>
    <testsuite name="tests/03_IEVMWallet.test.ts" timestamp="2025-09-04T15:09:40.391Z" hostname="GA" tests="2" failures="0" errors="0" skipped="0" time="0.002871">
        <testcase classname="tests/03_IEVMWallet.test.ts" name="ICoreWallet Tests &gt; should export testCoreWalletInterface function" time="0.0014685">
        </testcase>
        <testcase classname="tests/03_IEVMWallet.test.ts" name="IEVMWallet Tests &gt; should export testEVMWalletInterface function" time="0.0002767">
        </testcase>
    </testsuite>
    <testsuite name="tests/04_NetworkSwitching.test.ts" timestamp="2025-09-04T15:09:40.394Z" hostname="GA" tests="4" failures="0" errors="0" skipped="0" time="14.4626732">
        <testcase classname="tests/04_NetworkSwitching.test.ts" name="Network Switching Functionality &gt; should use preferred RPCs when switching networks" time="3.370906">
            <system-err>
🤖 [MS3-PKG] [WARN] 🤖 [MS3-PKG] [WARN] [ethers] Security Note: Private keys are processed during wallet creation but not stored persistently
🤖 [MS3-PKG] [WARN] 🤖 [MS3-PKG] [WARN] [ethers] Security Note: Server environments provide better security for sensitive private key operations
🤖 [MS3-PKG] [WARN] 🤖 [MS3-PKG] [WARN] [ethers] Security Note: Browser usage requires secure private key handling by the application
🤖 [MS3-PKG] [WARN] 🤖 [MS3-PKG] [WARN] [ethers] Security Note: Server environments provide better security for sensitive operations
🤖 [MS3-PKG] [WARN] 🤖 [MS3-PKG] [WARN] [ethers] Security Note: Ensure proper private key management and storage
🤖 [MS3-PKG] [WARN] 🤖 [MS3-PKG] [WARN] [ethers] Security Note: Ensure secure handling of private keys in browser environment
🤖 [MS3-PKG] [WARN] 🤖 [MS3-PKG] [WARN] [ethers] Security Note: Consider using hardware wallets for enhanced security
🤖 [MS3-PKG] [WARN] 🤖 [MS3-PKG] [WARN] [ethers] Security Note: ethers adapter follows standard security practices

🤖 [MS3-PKG] [ERROR] 🤖 [MS3-PKG] [ERROR] [testRpcConnection] Connection timed out for https://rpc.sepolia.org after 3000ms

            </system-err>
        </testcase>
        <testcase classname="tests/04_NetworkSwitching.test.ts" name="Network Switching Functionality &gt; should gracefully handle missing preferred RPCs" time="3.0808508">
            <system-err>
🤖 [MS3-PKG] [WARN] 🤖 [MS3-PKG] [WARN] [ethers] Security Note: Private keys are processed during wallet creation but not stored persistently
🤖 [MS3-PKG] [WARN] 🤖 [MS3-PKG] [WARN] [ethers] Security Note: Server environments provide better security for sensitive private key operations
🤖 [MS3-PKG] [WARN] 🤖 [MS3-PKG] [WARN] [ethers] Security Note: Browser usage requires secure private key handling by the application
🤖 [MS3-PKG] [WARN] 🤖 [MS3-PKG] [WARN] [ethers] Security Note: Server environments provide better security for sensitive operations
🤖 [MS3-PKG] [WARN] 🤖 [MS3-PKG] [WARN] [ethers] Security Note: Ensure proper private key management and storage
🤖 [MS3-PKG] [WARN] 🤖 [MS3-PKG] [WARN] [ethers] Security Note: Ensure secure handling of private keys in browser environment
🤖 [MS3-PKG] [WARN] 🤖 [MS3-PKG] [WARN] [ethers] Security Note: Consider using hardware wallets for enhanced security
🤖 [MS3-PKG] [WARN] 🤖 [MS3-PKG] [WARN] [ethers] Security Note: ethers adapter follows standard security practices

🤖 [MS3-PKG] [ERROR] 🤖 [MS3-PKG] [ERROR] [testRpcConnection] Connection timed out for https://rpc.sepolia.org after 3000ms

            </system-err>
        </testcase>
        <testcase classname="tests/04_NetworkSwitching.test.ts" name="Network Switching Functionality &gt; should support switching between different networks" time="3.5397221">
            <system-err>
🤖 [MS3-PKG] [WARN] 🤖 [MS3-PKG] [WARN] [ethers] Security Note: Private keys are processed during wallet creation but not stored persistently
🤖 [MS3-PKG] [WARN] 🤖 [MS3-PKG] [WARN] [ethers] Security Note: Server environments provide better security for sensitive private key operations
🤖 [MS3-PKG] [WARN] 🤖 [MS3-PKG] [WARN] [ethers] Security Note: Browser usage requires secure private key handling by the application
🤖 [MS3-PKG] [WARN] 🤖 [MS3-PKG] [WARN] [ethers] Security Note: Server environments provide better security for sensitive operations
🤖 [MS3-PKG] [WARN] 🤖 [MS3-PKG] [WARN] [ethers] Security Note: Ensure proper private key management and storage
🤖 [MS3-PKG] [WARN] 🤖 [MS3-PKG] [WARN] [ethers] Security Note: Ensure secure handling of private keys in browser environment
🤖 [MS3-PKG] [WARN] 🤖 [MS3-PKG] [WARN] [ethers] Security Note: Consider using hardware wallets for enhanced security
🤖 [MS3-PKG] [WARN] 🤖 [MS3-PKG] [WARN] [ethers] Security Note: ethers adapter follows standard security practices

🤖 [MS3-PKG] [ERROR] 🤖 [MS3-PKG] [ERROR] [testRpcConnection] Connection timed out for https://rpc.sepolia.org after 3000ms

            </system-err>
        </testcase>
        <testcase classname="tests/04_NetworkSwitching.test.ts" name="Network Switching Functionality &gt; should handle setProvider with an invalid/unreachable RPC URL gracefully" time="0.4986046">
            <system-err>
🤖 [MS3-PKG] [WARN] 🤖 [MS3-PKG] [WARN] [ethers] Security Note: Private keys are processed during wallet creation but not stored persistently
🤖 [MS3-PKG] [WARN] 🤖 [MS3-PKG] [WARN] [ethers] Security Note: Server environments provide better security for sensitive private key operations
🤖 [MS3-PKG] [WARN] 🤖 [MS3-PKG] [WARN] [ethers] Security Note: Browser usage requires secure private key handling by the application
🤖 [MS3-PKG] [WARN] 🤖 [MS3-PKG] [WARN] [ethers] Security Note: Server environments provide better security for sensitive operations
🤖 [MS3-PKG] [WARN] 🤖 [MS3-PKG] [WARN] [ethers] Security Note: Ensure proper private key management and storage
🤖 [MS3-PKG] [WARN] 🤖 [MS3-PKG] [WARN] [ethers] Security Note: Ensure secure handling of private keys in browser environment
🤖 [MS3-PKG] [WARN] 🤖 [MS3-PKG] [WARN] [ethers] Security Note: Consider using hardware wallets for enhanced security
🤖 [MS3-PKG] [WARN] 🤖 [MS3-PKG] [WARN] [ethers] Security Note: ethers adapter follows standard security practices

🤖 [MS3-PKG] [ERROR] 🤖 [MS3-PKG] [ERROR] [AdapterError] AdapterError: Failed to connect to any provided RPC URL for chain 0xdeadbeef {
  code: [32m&apos;CONNECTION_FAILED&apos;[39m,
  methodName: [32m&apos;setProvider&apos;[39m,
  details: [90mundefined[39m,
  cause: [90mundefined[39m
}

🤖 [MS3-PKG] [ERROR] 🤖 [MS3-PKG] [ERROR] [WalletAdapter(ethers) Error] Method &apos;setProvider&apos; failed: Failed to connect to any provided RPC URL for chain 0xdeadbeef AdapterError: Failed to connect to any provided RPC URL for chain 0xdeadbeef
    at _EvmWalletAdapter.setProvider [90m(C:\Users\gunne\Desktop\M3S-GITHUB\MS3\packages\wallet\[39msrc\adapters\ethers\ethersWallet.ts:160:13[90m)[39m
[90m    at processTicksAndRejections (node:internal/process/task_queues:105:5)[39m
    at Proxy.&lt;anonymous&gt; (C:\Users\gunne\Desktop\M3S-GITHUB\MS3\packages\shared\src\errors\proxy.ts:102:22)
    at [90mC:\Users\gunne\Desktop\M3S-GITHUB\MS3\packages\wallet\[39mtests\04_NetworkSwitching.test.ts:235:8
    at file:///C:/Users/gunne/Desktop/M3S-GITHUB/MS3/node_modules/[4m@vitest[24m/runner/dist/chunk-hooks.js:752:20 {
  code: [32m&apos;CONNECTION_FAILED&apos;[39m,
  cause: [90mundefined[39m,
  methodName: [32m&apos;setProvider&apos;[39m,
  details: [90mundefined[39m
}

            </system-err>
        </testcase>
    </testsuite>
    <testsuite name="tests/07_Signatures.test.ts" timestamp="2025-09-04T15:09:40.411Z" hostname="GA" tests="15" failures="0" errors="0" skipped="0" time="3.1696821">
        <testcase classname="tests/07_Signatures.test.ts" name="Signature and EIP-712 Tests &gt; Basic Message Signing &gt; should sign and verify string messages" time="0.6590157">
            <system-err>
🤖 [MS3-PKG] [WARN] 🤖 [MS3-PKG] [WARN] [ethers] Security Note: Private keys are processed during wallet creation but not stored persistently
🤖 [MS3-PKG] [WARN] 🤖 [MS3-PKG] [WARN] [ethers] Security Note: Server environments provide better security for sensitive private key operations
🤖 [MS3-PKG] [WARN] 🤖 [MS3-PKG] [WARN] [ethers] Security Note: Browser usage requires secure private key handling by the application
🤖 [MS3-PKG] [WARN] 🤖 [MS3-PKG] [WARN] [ethers] Security Note: Server environments provide better security for sensitive operations
🤖 [MS3-PKG] [WARN] 🤖 [MS3-PKG] [WARN] [ethers] Security Note: Ensure proper private key management and storage
🤖 [MS3-PKG] [WARN] 🤖 [MS3-PKG] [WARN] [ethers] Security Note: Ensure secure handling of private keys in browser environment
🤖 [MS3-PKG] [WARN] 🤖 [MS3-PKG] [WARN] [ethers] Security Note: Consider using hardware wallets for enhanced security
🤖 [MS3-PKG] [WARN] 🤖 [MS3-PKG] [WARN] [ethers] Security Note: ethers adapter follows standard security practices

            </system-err>
        </testcase>
        <testcase classname="tests/07_Signatures.test.ts" name="Signature and EIP-712 Tests &gt; Basic Message Signing &gt; should sign and verify Uint8Array messages" time="0.1976337">
            <system-err>
🤖 [MS3-PKG] [WARN] 🤖 [MS3-PKG] [WARN] [ethers] Security Note: Private keys are processed during wallet creation but not stored persistently
🤖 [MS3-PKG] [WARN] 🤖 [MS3-PKG] [WARN] [ethers] Security Note: Server environments provide better security for sensitive private key operations
🤖 [MS3-PKG] [WARN] 🤖 [MS3-PKG] [WARN] [ethers] Security Note: Browser usage requires secure private key handling by the application
🤖 [MS3-PKG] [WARN] 🤖 [MS3-PKG] [WARN] [ethers] Security Note: Server environments provide better security for sensitive operations
🤖 [MS3-PKG] [WARN] 🤖 [MS3-PKG] [WARN] [ethers] Security Note: Ensure proper private key management and storage
🤖 [MS3-PKG] [WARN] 🤖 [MS3-PKG] [WARN] [ethers] Security Note: Ensure secure handling of private keys in browser environment
🤖 [MS3-PKG] [WARN] 🤖 [MS3-PKG] [WARN] [ethers] Security Note: Consider using hardware wallets for enhanced security
🤖 [MS3-PKG] [WARN] 🤖 [MS3-PKG] [WARN] [ethers] Security Note: ethers adapter follows standard security practices

            </system-err>
        </testcase>
        <testcase classname="tests/07_Signatures.test.ts" name="Signature and EIP-712 Tests &gt; Basic Message Signing &gt; should handle signature verification edge cases" time="0.1559866">
            <system-err>
🤖 [MS3-PKG] [WARN] 🤖 [MS3-PKG] [WARN] [ethers] Security Note: Private keys are processed during wallet creation but not stored persistently
🤖 [MS3-PKG] [WARN] 🤖 [MS3-PKG] [WARN] [ethers] Security Note: Server environments provide better security for sensitive private key operations
🤖 [MS3-PKG] [WARN] 🤖 [MS3-PKG] [WARN] [ethers] Security Note: Browser usage requires secure private key handling by the application
🤖 [MS3-PKG] [WARN] 🤖 [MS3-PKG] [WARN] [ethers] Security Note: Server environments provide better security for sensitive operations
🤖 [MS3-PKG] [WARN] 🤖 [MS3-PKG] [WARN] [ethers] Security Note: Ensure proper private key management and storage
🤖 [MS3-PKG] [WARN] 🤖 [MS3-PKG] [WARN] [ethers] Security Note: Ensure secure handling of private keys in browser environment
🤖 [MS3-PKG] [WARN] 🤖 [MS3-PKG] [WARN] [ethers] Security Note: Consider using hardware wallets for enhanced security
🤖 [MS3-PKG] [WARN] 🤖 [MS3-PKG] [WARN] [ethers] Security Note: ethers adapter follows standard security practices

🤖 [MS3-PKG] [ERROR] 🤖 [MS3-PKG] [ERROR] [ethers] Signature verification failed: TypeError: invalid BytesLike value (argument=&quot;signature&quot;, value=&quot;0xinvalidsignature&quot;, code=INVALID_ARGUMENT, version=6.15.0)
    at makeError (file:///C:/Users/gunne/Desktop/M3S-GITHUB/MS3/node_modules/[4methers[24m/src.ts/utils/errors.ts:691:21)
    at assert (file:///C:/Users/gunne/Desktop/M3S-GITHUB/MS3/node_modules/[4methers[24m/src.ts/utils/errors.ts:719:25)
    at assertArgument (file:///C:/Users/gunne/Desktop/M3S-GITHUB/MS3/node_modules/[4methers[24m/src.ts/utils/errors.ts:731:5)
    at _getBytes (file:///C:/Users/gunne/Desktop/M3S-GITHUB/MS3/node_modules/[4methers[24m/src.ts/utils/data.ts:44:5)
    at getBytes (file:///C:/Users/gunne/Desktop/M3S-GITHUB/MS3/node_modules/[4methers[24m/src.ts/utils/data.ts:55:12)
    at Function.from (file:///C:/Users/gunne/Desktop/M3S-GITHUB/MS3/node_modules/[4methers[24m/src.ts/crypto/signature.ts:303:27)
    at Function.recoverPublicKey (file:///C:/Users/gunne/Desktop/M3S-GITHUB/MS3/node_modules/[4methers[24m/src.ts/crypto/signing-key.ts:169:31)
    at recoverAddress (file:///C:/Users/gunne/Desktop/M3S-GITHUB/MS3/node_modules/[4methers[24m/src.ts/transaction/address.ts:27:38)
    at Module.verifyMessage (file:///C:/Users/gunne/Desktop/M3S-GITHUB/MS3/node_modules/[4methers[24m/src.ts/hash/message.ts:50:12)
    at _EvmWalletAdapter.verifySignature [90m(C:\Users\gunne\Desktop\M3S-GITHUB\MS3\packages\wallet\[39msrc\adapters\ethers\ethersWallet.ts:321:41[90m)[39m {
  code: [32m&apos;INVALID_ARGUMENT&apos;[39m,
  argument: [32m&apos;signature&apos;[39m,
  value: [32m&apos;0xinvalidsignature&apos;[39m,
  shortMessage: [32m&apos;invalid BytesLike value&apos;[39m
}

🤖 [MS3-PKG] [ERROR] 🤖 [MS3-PKG] [ERROR] [AdapterError] AdapterError: Invalid address format. {
  code: [32m&apos;INVALID_INPUT&apos;[39m,
  methodName: [32m&apos;verifySignature&apos;[39m,
  details: [90mundefined[39m,
  cause: [90mundefined[39m
}

🤖 [MS3-PKG] [ERROR] 🤖 [MS3-PKG] [ERROR] [WalletAdapter(ethers) Error] Method &apos;verifySignature&apos; failed: Invalid address format. AdapterError: Invalid address format.
    at _EvmWalletAdapter.verifySignature [90m(C:\Users\gunne\Desktop\M3S-GITHUB\MS3\packages\wallet\[39msrc\adapters\ethers\ethersWallet.ts:315:13[90m)[39m
    at Proxy.&lt;anonymous&gt; (C:\Users\gunne\Desktop\M3S-GITHUB\MS3\packages\shared\src\errors\proxy.ts:102:42)
    at [90mC:\Users\gunne\Desktop\M3S-GITHUB\MS3\packages\wallet\[39mtests\07_Signatures.test.ts:112:30
[90m    at processTicksAndRejections (node:internal/process/task_queues:105:5)[39m
    at file:///C:/Users/gunne/Desktop/M3S-GITHUB/MS3/node_modules/[4m@vitest[24m/runner/dist/chunk-hooks.js:752:20 {
  code: [32m&apos;INVALID_INPUT&apos;[39m,
  cause: [90mundefined[39m,
  methodName: [32m&apos;verifySignature&apos;[39m,
  details: [90mundefined[39m
}

🤖 [MS3-PKG] [ERROR] 🤖 [MS3-PKG] [ERROR] [AdapterError] AdapterError: Invalid address format. {
  code: [32m&apos;INVALID_INPUT&apos;[39m,
  methodName: [32m&apos;verifySignature&apos;[39m,
  details: [90mundefined[39m,
  cause: [90mundefined[39m
}

🤖 [MS3-PKG] [ERROR] 🤖 [MS3-PKG] [ERROR] [WalletAdapter(ethers) Error] Method &apos;verifySignature&apos; failed: Invalid address format. AdapterError: Invalid address format.
    at _EvmWalletAdapter.verifySignature [90m(C:\Users\gunne\Desktop\M3S-GITHUB\MS3\packages\wallet\[39msrc\adapters\ethers\ethersWallet.ts:315:13[90m)[39m
    at Proxy.&lt;anonymous&gt; (C:\Users\gunne\Desktop\M3S-GITHUB\MS3\packages\shared\src\errors\proxy.ts:102:42)
    at [90mC:\Users\gunne\Desktop\M3S-GITHUB\MS3\packages\wallet\[39mtests\07_Signatures.test.ts:117:30
[90m    at processTicksAndRejections (node:internal/process/task_queues:105:5)[39m
    at file:///C:/Users/gunne/Desktop/M3S-GITHUB/MS3/node_modules/[4m@vitest[24m/runner/dist/chunk-hooks.js:752:20 {
  code: [32m&apos;INVALID_INPUT&apos;[39m,
  cause: [90mundefined[39m,
  methodName: [32m&apos;verifySignature&apos;[39m,
  details: [90mundefined[39m
}

            </system-err>
        </testcase>
        <testcase classname="tests/07_Signatures.test.ts" name="Signature and EIP-712 Tests &gt; EIP-712 Typed Data Signing &gt; should sign and verify EIP-712 typed data" time="0.1623536">
            <system-err>
🤖 [MS3-PKG] [WARN] 🤖 [MS3-PKG] [WARN] [ethers] Security Note: Private keys are processed during wallet creation but not stored persistently
🤖 [MS3-PKG] [WARN] 🤖 [MS3-PKG] [WARN] [ethers] Security Note: Server environments provide better security for sensitive private key operations
🤖 [MS3-PKG] [WARN] 🤖 [MS3-PKG] [WARN] [ethers] Security Note: Browser usage requires secure private key handling by the application
🤖 [MS3-PKG] [WARN] 🤖 [MS3-PKG] [WARN] [ethers] Security Note: Server environments provide better security for sensitive operations
🤖 [MS3-PKG] [WARN] 🤖 [MS3-PKG] [WARN] [ethers] Security Note: Ensure proper private key management and storage
🤖 [MS3-PKG] [WARN] 🤖 [MS3-PKG] [WARN] [ethers] Security Note: Ensure secure handling of private keys in browser environment
🤖 [MS3-PKG] [WARN] 🤖 [MS3-PKG] [WARN] [ethers] Security Note: Consider using hardware wallets for enhanced security
🤖 [MS3-PKG] [WARN] 🤖 [MS3-PKG] [WARN] [ethers] Security Note: ethers adapter follows standard security practices

🤖 [MS3-PKG] [WARN] 🤖 [MS3-PKG] [WARN] [EIP712Validator] Warning: EIP-712 field type &apos;Person&apos; may not be standard
🤖 [MS3-PKG] [WARN] 🤖 [MS3-PKG] [WARN] [EIP712Validator] Warning: EIP-712 field type &apos;Person&apos; may not be standard

            </system-err>
        </testcase>
        <testcase classname="tests/07_Signatures.test.ts" name="Signature and EIP-712 Tests &gt; EIP-712 Typed Data Signing &gt; should validate EIP-712 structure before signing" time="0.1599415">
            <system-err>
🤖 [MS3-PKG] [WARN] 🤖 [MS3-PKG] [WARN] [ethers] Security Note: Private keys are processed during wallet creation but not stored persistently
🤖 [MS3-PKG] [WARN] 🤖 [MS3-PKG] [WARN] [ethers] Security Note: Server environments provide better security for sensitive private key operations
🤖 [MS3-PKG] [WARN] 🤖 [MS3-PKG] [WARN] [ethers] Security Note: Browser usage requires secure private key handling by the application
🤖 [MS3-PKG] [WARN] 🤖 [MS3-PKG] [WARN] [ethers] Security Note: Server environments provide better security for sensitive operations
🤖 [MS3-PKG] [WARN] 🤖 [MS3-PKG] [WARN] [ethers] Security Note: Ensure proper private key management and storage
🤖 [MS3-PKG] [WARN] 🤖 [MS3-PKG] [WARN] [ethers] Security Note: Ensure secure handling of private keys in browser environment
🤖 [MS3-PKG] [WARN] 🤖 [MS3-PKG] [WARN] [ethers] Security Note: Consider using hardware wallets for enhanced security
🤖 [MS3-PKG] [WARN] 🤖 [MS3-PKG] [WARN] [ethers] Security Note: ethers adapter follows standard security practices

🤖 [MS3-PKG] [ERROR] 🤖 [MS3-PKG] [ERROR] [AdapterError] AdapterError: Invalid EIP-712 structure: must have domain object {
  code: [32m&apos;INVALID_INPUT&apos;[39m,
  methodName: [32m&apos;signTypedData&apos;[39m,
  details: [90mundefined[39m,
  cause: [90mundefined[39m
}
🤖 [MS3-PKG] [ERROR] 🤖 [MS3-PKG] [ERROR] [AdapterError] AdapterError: Failed to sign typed data: Invalid EIP-712 structure: must have domain object {
  code: [32m&apos;INVALID_SIGNATURE&apos;[39m,
  methodName: [32m&apos;signTypedData&apos;[39m,
  details: [90mundefined[39m,
  cause: {
    name: [32m&apos;AdapterError&apos;[39m,
    message: [32m&apos;Invalid EIP-712 structure: must have domain object&apos;[39m,
    stack: [32m&apos;AdapterError: Invalid EIP-712 structure: must have domain object\n&apos;[39m +
      [32m&apos;    at Function.validateStructure (C:\\Users\\gunne\\Desktop\\M3S-GITHUB\\MS3\\packages\\wallet\\src\\helpers\\signatures.ts:25:19)\n&apos;[39m +
      [32m&apos;    at _EvmWalletAdapter.signTypedData (C:\\Users\\gunne\\Desktop\\M3S-GITHUB\\MS3\\packages\\wallet\\src\\adapters\\ethers\\ethersWallet.ts:297:23)\n&apos;[39m +
      [32m&apos;    at processTicksAndRejections (node:internal/process/task_queues:105:5)\n&apos;[39m +
      [32m&apos;    at Proxy.&lt;anonymous&gt; (C:\\Users\\gunne\\Desktop\\M3S-GITHUB\\MS3\\packages\\shared\\src\\errors\\proxy.ts:102:22)&apos;[39m
  }
}

🤖 [MS3-PKG] [ERROR] 🤖 [MS3-PKG] [ERROR] [WalletAdapter(ethers) Error] Method &apos;signTypedData&apos; failed: Failed to sign typed data: Invalid EIP-712 structure: must have domain object AdapterError: Failed to sign typed data: Invalid EIP-712 structure: must have domain object
    at _EvmWalletAdapter.signTypedData [90m(C:\Users\gunne\Desktop\M3S-GITHUB\MS3\packages\wallet\[39msrc\adapters\ethers\ethersWallet.ts:309:13[90m)[39m
[90m    at processTicksAndRejections (node:internal/process/task_queues:105:5)[39m
    at Proxy.&lt;anonymous&gt; (C:\Users\gunne\Desktop\M3S-GITHUB\MS3\packages\shared\src\errors\proxy.ts:102:22) {
  code: [32m&apos;INVALID_SIGNATURE&apos;[39m,
  cause: AdapterError: Invalid EIP-712 structure: must have domain object
      at Function.validateStructure [90m(C:\Users\gunne\Desktop\M3S-GITHUB\MS3\packages\wallet\[39msrc\helpers\signatures.ts:25:19[90m)[39m
      at _EvmWalletAdapter.signTypedData [90m(C:\Users\gunne\Desktop\M3S-GITHUB\MS3\packages\wallet\[39msrc\adapters\ethers\ethersWallet.ts:297:23[90m)[39m
  [90m    at processTicksAndRejections (node:internal/process/task_queues:105:5)[39m
      at Proxy.&lt;anonymous&gt; (C:\Users\gunne\Desktop\M3S-GITHUB\MS3\packages\shared\src\errors\proxy.ts:102:22) {
    code: [32m&apos;INVALID_INPUT&apos;[39m,
    cause: [90mundefined[39m,
    methodName: [32m&apos;signTypedData&apos;[39m,
    details: [90mundefined[39m
  },
  methodName: [32m&apos;signTypedData&apos;[39m,
  details: [90mundefined[39m
}

🤖 [MS3-PKG] [ERROR] 🤖 [MS3-PKG] [ERROR] [AdapterError] AdapterError: Invalid EIP-712 structure: must have types object {
  code: [32m&apos;INVALID_INPUT&apos;[39m,
  methodName: [32m&apos;signTypedData&apos;[39m,
  details: [90mundefined[39m,
  cause: [90mundefined[39m
}
🤖 [MS3-PKG] [ERROR] 🤖 [MS3-PKG] [ERROR] [AdapterError] AdapterError: Failed to sign typed data: Invalid EIP-712 structure: must have types object {
  code: [32m&apos;INVALID_SIGNATURE&apos;[39m,
  methodName: [32m&apos;signTypedData&apos;[39m,
  details: [90mundefined[39m,
  cause: {
    name: [32m&apos;AdapterError&apos;[39m,
    message: [32m&apos;Invalid EIP-712 structure: must have types object&apos;[39m,
    stack: [32m&apos;AdapterError: Invalid EIP-712 structure: must have types object\n&apos;[39m +
      [32m&apos;    at Function.validateStructure (C:\\Users\\gunne\\Desktop\\M3S-GITHUB\\MS3\\packages\\wallet\\src\\helpers\\signatures.ts:40:19)\n&apos;[39m +
      [32m&apos;    at _EvmWalletAdapter.signTypedData (C:\\Users\\gunne\\Desktop\\M3S-GITHUB\\MS3\\packages\\wallet\\src\\adapters\\ethers\\ethersWallet.ts:297:23)\n&apos;[39m +
      [32m&apos;    at processTicksAndRejections (node:internal/process/task_queues:105:5)\n&apos;[39m +
      [32m&apos;    at Proxy.&lt;anonymous&gt; (C:\\Users\\gunne\\Desktop\\M3S-GITHUB\\MS3\\packages\\shared\\src\\errors\\proxy.ts:102:22)&apos;[39m
  }
}

🤖 [MS3-PKG] [ERROR] 🤖 [MS3-PKG] [ERROR] [WalletAdapter(ethers) Error] Method &apos;signTypedData&apos; failed: Failed to sign typed data: Invalid EIP-712 structure: must have types object AdapterError: Failed to sign typed data: Invalid EIP-712 structure: must have types object
    at _EvmWalletAdapter.signTypedData [90m(C:\Users\gunne\Desktop\M3S-GITHUB\MS3\packages\wallet\[39msrc\adapters\ethers\ethersWallet.ts:309:13[90m)[39m
[90m    at processTicksAndRejections (node:internal/process/task_queues:105:5)[39m
    at Proxy.&lt;anonymous&gt; (C:\Users\gunne\Desktop\M3S-GITHUB\MS3\packages\shared\src\errors\proxy.ts:102:22) {
  code: [32m&apos;INVALID_SIGNATURE&apos;[39m,
  cause: AdapterError: Invalid EIP-712 structure: must have types object
      at Function.validateStructure [90m(C:\Users\gunne\Desktop\M3S-GITHUB\MS3\packages\wallet\[39msrc\helpers\signatures.ts:40:19[90m)[39m
      at _EvmWalletAdapter.signTypedData [90m(C:\Users\gunne\Desktop\M3S-GITHUB\MS3\packages\wallet\[39msrc\adapters\ethers\ethersWallet.ts:297:23[90m)[39m
  [90m    at processTicksAndRejections (node:internal/process/task_queues:105:5)[39m
      at Proxy.&lt;anonymous&gt; (C:\Users\gunne\Desktop\M3S-GITHUB\MS3\packages\shared\src\errors\proxy.ts:102:22) {
    code: [32m&apos;INVALID_INPUT&apos;[39m,
    cause: [90mundefined[39m,
    methodName: [32m&apos;signTypedData&apos;[39m,
    details: [90mundefined[39m
  },
  methodName: [32m&apos;signTypedData&apos;[39m,
  details: [90mundefined[39m
}

🤖 [MS3-PKG] [ERROR] 🤖 [MS3-PKG] [ERROR] [AdapterError] AdapterError: Invalid EIP-712 structure: must have value {
  code: [32m&apos;INVALID_INPUT&apos;[39m,
  methodName: [32m&apos;signTypedData&apos;[39m,
  details: [90mundefined[39m,
  cause: [90mundefined[39m
}
🤖 [MS3-PKG] [ERROR] 🤖 [MS3-PKG] [ERROR] [AdapterError] AdapterError: Failed to sign typed data: Invalid EIP-712 structure: must have value {
  code: [32m&apos;INVALID_SIGNATURE&apos;[39m,
  methodName: [32m&apos;signTypedData&apos;[39m,
  details: [90mundefined[39m,
  cause: {
    name: [32m&apos;AdapterError&apos;[39m,
    message: [32m&apos;Invalid EIP-712 structure: must have value&apos;[39m,
    stack: [32m&apos;AdapterError: Invalid EIP-712 structure: must have value\n&apos;[39m +
      [32m&apos;    at Function.validateStructure (C:\\Users\\gunne\\Desktop\\M3S-GITHUB\\MS3\\packages\\wallet\\src\\helpers\\signatures.ts:55:19)\n&apos;[39m +
      [32m&apos;    at _EvmWalletAdapter.signTypedData (C:\\Users\\gunne\\Desktop\\M3S-GITHUB\\MS3\\packages\\wallet\\src\\adapters\\ethers\\ethersWallet.ts:297:23)\n&apos;[39m +
      [32m&apos;    at processTicksAndRejections (node:internal/process/task_queues:105:5)\n&apos;[39m +
      [32m&apos;    at Proxy.&lt;anonymous&gt; (C:\\Users\\gunne\\Desktop\\M3S-GITHUB\\MS3\\packages\\shared\\src\\errors\\proxy.ts:102:22)&apos;[39m
  }
}

🤖 [MS3-PKG] [ERROR] 🤖 [MS3-PKG] [ERROR] [WalletAdapter(ethers) Error] Method &apos;signTypedData&apos; failed: Failed to sign typed data: Invalid EIP-712 structure: must have value AdapterError: Failed to sign typed data: Invalid EIP-712 structure: must have value
    at _EvmWalletAdapter.signTypedData [90m(C:\Users\gunne\Desktop\M3S-GITHUB\MS3\packages\wallet\[39msrc\adapters\ethers\ethersWallet.ts:309:13[90m)[39m
[90m    at processTicksAndRejections (node:internal/process/task_queues:105:5)[39m
    at Proxy.&lt;anonymous&gt; (C:\Users\gunne\Desktop\M3S-GITHUB\MS3\packages\shared\src\errors\proxy.ts:102:22) {
  code: [32m&apos;INVALID_SIGNATURE&apos;[39m,
  cause: AdapterError: Invalid EIP-712 structure: must have value
      at Function.validateStructure [90m(C:\Users\gunne\Desktop\M3S-GITHUB\MS3\packages\wallet\[39msrc\helpers\signatures.ts:55:19[90m)[39m
      at _EvmWalletAdapter.signTypedData [90m(C:\Users\gunne\Desktop\M3S-GITHUB\MS3\packages\wallet\[39msrc\adapters\ethers\ethersWallet.ts:297:23[90m)[39m
  [90m    at processTicksAndRejections (node:internal/process/task_queues:105:5)[39m
      at Proxy.&lt;anonymous&gt; (C:\Users\gunne\Desktop\M3S-GITHUB\MS3\packages\shared\src\errors\proxy.ts:102:22) {
    code: [32m&apos;INVALID_INPUT&apos;[39m,
    cause: [90mundefined[39m,
    methodName: [32m&apos;signTypedData&apos;[39m,
    details: [90mundefined[39m
  },
  methodName: [32m&apos;signTypedData&apos;[39m,
  details: [90mundefined[39m
}

            </system-err>
        </testcase>
        <testcase classname="tests/07_Signatures.test.ts" name="Signature and EIP-712 Tests &gt; EIP-712 Typed Data Signing &gt; should validate domain fields" time="0.1419791">
            <system-err>
🤖 [MS3-PKG] [WARN] 🤖 [MS3-PKG] [WARN] [ethers] Security Note: Private keys are processed during wallet creation but not stored persistently
🤖 [MS3-PKG] [WARN] 🤖 [MS3-PKG] [WARN] [ethers] Security Note: Server environments provide better security for sensitive private key operations
🤖 [MS3-PKG] [WARN] 🤖 [MS3-PKG] [WARN] [ethers] Security Note: Browser usage requires secure private key handling by the application
🤖 [MS3-PKG] [WARN] 🤖 [MS3-PKG] [WARN] [ethers] Security Note: Server environments provide better security for sensitive operations
🤖 [MS3-PKG] [WARN] 🤖 [MS3-PKG] [WARN] [ethers] Security Note: Ensure proper private key management and storage
🤖 [MS3-PKG] [WARN] 🤖 [MS3-PKG] [WARN] [ethers] Security Note: Ensure secure handling of private keys in browser environment
🤖 [MS3-PKG] [WARN] 🤖 [MS3-PKG] [WARN] [ethers] Security Note: Consider using hardware wallets for enhanced security
🤖 [MS3-PKG] [WARN] 🤖 [MS3-PKG] [WARN] [ethers] Security Note: ethers adapter follows standard security practices

🤖 [MS3-PKG] [ERROR] 🤖 [MS3-PKG] [ERROR] [AdapterError] AdapterError: EIP-712 domain missing chainId {
  code: [32m&apos;INVALID_INPUT&apos;[39m,
  methodName: [32m&apos;signTypedData&apos;[39m,
  details: [90mundefined[39m,
  cause: [90mundefined[39m
}
🤖 [MS3-PKG] [ERROR] 🤖 [MS3-PKG] [ERROR] [AdapterError] AdapterError: Failed to sign typed data: EIP-712 domain missing chainId {
  code: [32m&apos;INVALID_SIGNATURE&apos;[39m,
  methodName: [32m&apos;signTypedData&apos;[39m,
  details: [90mundefined[39m,
  cause: {
    name: [32m&apos;AdapterError&apos;[39m,
    message: [32m&apos;EIP-712 domain missing chainId&apos;[39m,
    stack: [32m&apos;AdapterError: EIP-712 domain missing chainId\n&apos;[39m +
      [32m&apos;    at Function.validateDomain (C:\\Users\\gunne\\Desktop\\M3S-GITHUB\\MS3\\packages\\wallet\\src\\helpers\\signatures.ts:71:19)\n&apos;[39m +
      [32m&apos;    at _EvmWalletAdapter.signTypedData (C:\\Users\\gunne\\Desktop\\M3S-GITHUB\\MS3\\packages\\wallet\\src\\adapters\\ethers\\ethersWallet.ts:299:23)\n&apos;[39m +
      [32m&apos;    at processTicksAndRejections (node:internal/process/task_queues:105:5)\n&apos;[39m +
      [32m&apos;    at Proxy.&lt;anonymous&gt; (C:\\Users\\gunne\\Desktop\\M3S-GITHUB\\MS3\\packages\\shared\\src\\errors\\proxy.ts:102:22)&apos;[39m
  }
}

🤖 [MS3-PKG] [ERROR] 🤖 [MS3-PKG] [ERROR] [WalletAdapter(ethers) Error] Method &apos;signTypedData&apos; failed: Failed to sign typed data: EIP-712 domain missing chainId AdapterError: Failed to sign typed data: EIP-712 domain missing chainId
    at _EvmWalletAdapter.signTypedData [90m(C:\Users\gunne\Desktop\M3S-GITHUB\MS3\packages\wallet\[39msrc\adapters\ethers\ethersWallet.ts:309:13[90m)[39m
[90m    at processTicksAndRejections (node:internal/process/task_queues:105:5)[39m
    at Proxy.&lt;anonymous&gt; (C:\Users\gunne\Desktop\M3S-GITHUB\MS3\packages\shared\src\errors\proxy.ts:102:22) {
  code: [32m&apos;INVALID_SIGNATURE&apos;[39m,
  cause: AdapterError: EIP-712 domain missing chainId
      at Function.validateDomain [90m(C:\Users\gunne\Desktop\M3S-GITHUB\MS3\packages\wallet\[39msrc\helpers\signatures.ts:71:19[90m)[39m
      at _EvmWalletAdapter.signTypedData [90m(C:\Users\gunne\Desktop\M3S-GITHUB\MS3\packages\wallet\[39msrc\adapters\ethers\ethersWallet.ts:299:23[90m)[39m
  [90m    at processTicksAndRejections (node:internal/process/task_queues:105:5)[39m
      at Proxy.&lt;anonymous&gt; (C:\Users\gunne\Desktop\M3S-GITHUB\MS3\packages\shared\src\errors\proxy.ts:102:22) {
    code: [32m&apos;INVALID_INPUT&apos;[39m,
    cause: [90mundefined[39m,
    methodName: [32m&apos;signTypedData&apos;[39m,
    details: [90mundefined[39m
  },
  methodName: [32m&apos;signTypedData&apos;[39m,
  details: [90mundefined[39m
}

🤖 [MS3-PKG] [ERROR] 🤖 [MS3-PKG] [ERROR] [AdapterError] AdapterError: EIP-712 domain verifyingContract must be a valid address {
  code: [32m&apos;INVALID_INPUT&apos;[39m,
  methodName: [32m&apos;signTypedData&apos;[39m,
  details: [90mundefined[39m,
  cause: [90mundefined[39m
}
🤖 [MS3-PKG] [ERROR] 🤖 [MS3-PKG] [ERROR] [AdapterError] AdapterError: Failed to sign typed data: EIP-712 domain verifyingContract must be a valid address {
  code: [32m&apos;INVALID_SIGNATURE&apos;[39m,
  methodName: [32m&apos;signTypedData&apos;[39m,
  details: [90mundefined[39m,
  cause: {
    name: [32m&apos;AdapterError&apos;[39m,
    message: [32m&apos;EIP-712 domain verifyingContract must be a valid address&apos;[39m,
    stack: [32m&apos;AdapterError: EIP-712 domain verifyingContract must be a valid address\n&apos;[39m +
      [32m&apos;    at Function.validateDomain (C:\\Users\\gunne\\Desktop\\M3S-GITHUB\\MS3\\packages\\wallet\\src\\helpers\\signatures.ts:100:19)\n&apos;[39m +
      [32m&apos;    at _EvmWalletAdapter.signTypedData (C:\\Users\\gunne\\Desktop\\M3S-GITHUB\\MS3\\packages\\wallet\\src\\adapters\\ethers\\ethersWallet.ts:299:23)\n&apos;[39m +
      [32m&apos;    at processTicksAndRejections (node:internal/process/task_queues:105:5)\n&apos;[39m +
      [32m&apos;    at Proxy.&lt;anonymous&gt; (C:\\Users\\gunne\\Desktop\\M3S-GITHUB\\MS3\\packages\\shared\\src\\errors\\proxy.ts:102:22)&apos;[39m
  }
}

🤖 [MS3-PKG] [ERROR] 🤖 [MS3-PKG] [ERROR] [WalletAdapter(ethers) Error] Method &apos;signTypedData&apos; failed: Failed to sign typed data: EIP-712 domain verifyingContract must be a valid address AdapterError: Failed to sign typed data: EIP-712 domain verifyingContract must be a valid address
    at _EvmWalletAdapter.signTypedData [90m(C:\Users\gunne\Desktop\M3S-GITHUB\MS3\packages\wallet\[39msrc\adapters\ethers\ethersWallet.ts:309:13[90m)[39m
[90m    at processTicksAndRejections (node:internal/process/task_queues:105:5)[39m
    at Proxy.&lt;anonymous&gt; (C:\Users\gunne\Desktop\M3S-GITHUB\MS3\packages\shared\src\errors\proxy.ts:102:22) {
  code: [32m&apos;INVALID_SIGNATURE&apos;[39m,
  cause: AdapterError: EIP-712 domain verifyingContract must be a valid address
      at Function.validateDomain [90m(C:\Users\gunne\Desktop\M3S-GITHUB\MS3\packages\wallet\[39msrc\helpers\signatures.ts:100:19[90m)[39m
      at _EvmWalletAdapter.signTypedData [90m(C:\Users\gunne\Desktop\M3S-GITHUB\MS3\packages\wallet\[39msrc\adapters\ethers\ethersWallet.ts:299:23[90m)[39m
  [90m    at processTicksAndRejections (node:internal/process/task_queues:105:5)[39m
      at Proxy.&lt;anonymous&gt; (C:\Users\gunne\Desktop\M3S-GITHUB\MS3\packages\shared\src\errors\proxy.ts:102:22) {
    code: [32m&apos;INVALID_INPUT&apos;[39m,
    cause: [90mundefined[39m,
    methodName: [32m&apos;signTypedData&apos;[39m,
    details: [90mundefined[39m
  },
  methodName: [32m&apos;signTypedData&apos;[39m,
  details: [90mundefined[39m
}

            </system-err>
        </testcase>
        <testcase classname="tests/07_Signatures.test.ts" name="Signature and EIP-712 Tests &gt; EIP-712 Typed Data Signing &gt; should validate types structure" time="0.1362149">
            <system-err>
🤖 [MS3-PKG] [WARN] 🤖 [MS3-PKG] [WARN] [ethers] Security Note: Private keys are processed during wallet creation but not stored persistently
🤖 [MS3-PKG] [WARN] 🤖 [MS3-PKG] [WARN] [ethers] Security Note: Server environments provide better security for sensitive private key operations
🤖 [MS3-PKG] [WARN] 🤖 [MS3-PKG] [WARN] [ethers] Security Note: Browser usage requires secure private key handling by the application
🤖 [MS3-PKG] [WARN] 🤖 [MS3-PKG] [WARN] [ethers] Security Note: Server environments provide better security for sensitive operations
🤖 [MS3-PKG] [WARN] 🤖 [MS3-PKG] [WARN] [ethers] Security Note: Ensure proper private key management and storage
🤖 [MS3-PKG] [WARN] 🤖 [MS3-PKG] [WARN] [ethers] Security Note: Ensure secure handling of private keys in browser environment
🤖 [MS3-PKG] [WARN] 🤖 [MS3-PKG] [WARN] [ethers] Security Note: Consider using hardware wallets for enhanced security
🤖 [MS3-PKG] [WARN] 🤖 [MS3-PKG] [WARN] [ethers] Security Note: ethers adapter follows standard security practices

🤖 [MS3-PKG] [ERROR] 🤖 [MS3-PKG] [ERROR] [AdapterError] AdapterError: EIP-712 type &apos;Person&apos; must be an array of field definitions {
  code: [32m&apos;INVALID_INPUT&apos;[39m,
  methodName: [32m&apos;signTypedData&apos;[39m,
  details: [90mundefined[39m,
  cause: [90mundefined[39m
}
🤖 [MS3-PKG] [ERROR] 🤖 [MS3-PKG] [ERROR] [AdapterError] AdapterError: Failed to sign typed data: EIP-712 type &apos;Person&apos; must be an array of field definitions {
  code: [32m&apos;INVALID_SIGNATURE&apos;[39m,
  methodName: [32m&apos;signTypedData&apos;[39m,
  details: [90mundefined[39m,
  cause: {
    name: [32m&apos;AdapterError&apos;[39m,
    message: [32m&quot;EIP-712 type &apos;Person&apos; must be an array of field definitions&quot;[39m,
    stack: [32m&quot;AdapterError: EIP-712 type &apos;Person&apos; must be an array of field definitions\n&quot;[39m +
      [32m&apos;    at Function.validateTypes (C:\\Users\\gunne\\Desktop\\M3S-GITHUB\\MS3\\packages\\wallet\\src\\helpers\\signatures.ts:116:23)\n&apos;[39m +
      [32m&apos;    at _EvmWalletAdapter.signTypedData (C:\\Users\\gunne\\Desktop\\M3S-GITHUB\\MS3\\packages\\wallet\\src\\adapters\\ethers\\ethersWallet.ts:298:23)\n&apos;[39m +
      [32m&apos;    at processTicksAndRejections (node:internal/process/task_queues:105:5)\n&apos;[39m +
      [32m&apos;    at Proxy.&lt;anonymous&gt; (C:\\Users\\gunne\\Desktop\\M3S-GITHUB\\MS3\\packages\\shared\\src\\errors\\proxy.ts:102:22)&apos;[39m
  }
}

🤖 [MS3-PKG] [ERROR] 🤖 [MS3-PKG] [ERROR] [WalletAdapter(ethers) Error] Method &apos;signTypedData&apos; failed: Failed to sign typed data: EIP-712 type &apos;Person&apos; must be an array of field definitions AdapterError: Failed to sign typed data: EIP-712 type &apos;Person&apos; must be an array of field definitions
    at _EvmWalletAdapter.signTypedData [90m(C:\Users\gunne\Desktop\M3S-GITHUB\MS3\packages\wallet\[39msrc\adapters\ethers\ethersWallet.ts:309:13[90m)[39m
[90m    at processTicksAndRejections (node:internal/process/task_queues:105:5)[39m
    at Proxy.&lt;anonymous&gt; (C:\Users\gunne\Desktop\M3S-GITHUB\MS3\packages\shared\src\errors\proxy.ts:102:22) {
  code: [32m&apos;INVALID_SIGNATURE&apos;[39m,
  cause: AdapterError: EIP-712 type &apos;Person&apos; must be an array of field definitions
      at Function.validateTypes [90m(C:\Users\gunne\Desktop\M3S-GITHUB\MS3\packages\wallet\[39msrc\helpers\signatures.ts:116:23[90m)[39m
      at _EvmWalletAdapter.signTypedData [90m(C:\Users\gunne\Desktop\M3S-GITHUB\MS3\packages\wallet\[39msrc\adapters\ethers\ethersWallet.ts:298:23[90m)[39m
  [90m    at processTicksAndRejections (node:internal/process/task_queues:105:5)[39m
      at Proxy.&lt;anonymous&gt; (C:\Users\gunne\Desktop\M3S-GITHUB\MS3\packages\shared\src\errors\proxy.ts:102:22) {
    code: [32m&apos;INVALID_INPUT&apos;[39m,
    cause: [90mundefined[39m,
    methodName: [32m&apos;signTypedData&apos;[39m,
    details: [90mundefined[39m
  },
  methodName: [32m&apos;signTypedData&apos;[39m,
  details: [90mundefined[39m
}

🤖 [MS3-PKG] [ERROR] 🤖 [MS3-PKG] [ERROR] [AdapterError] AdapterError: EIP-712 field in &apos;Person&apos; missing name or type {
  code: [32m&apos;INVALID_INPUT&apos;[39m,
  methodName: [32m&apos;signTypedData&apos;[39m,
  details: [90mundefined[39m,
  cause: [90mundefined[39m
}
🤖 [MS3-PKG] [ERROR] 🤖 [MS3-PKG] [ERROR] [AdapterError] AdapterError: Failed to sign typed data: EIP-712 field in &apos;Person&apos; missing name or type {
  code: [32m&apos;INVALID_SIGNATURE&apos;[39m,
  methodName: [32m&apos;signTypedData&apos;[39m,
  details: [90mundefined[39m,
  cause: {
    name: [32m&apos;AdapterError&apos;[39m,
    message: [32m&quot;EIP-712 field in &apos;Person&apos; missing name or type&quot;[39m,
    stack: [32m&quot;AdapterError: EIP-712 field in &apos;Person&apos; missing name or type\n&quot;[39m +
      [32m&apos;    at Function.validateTypes (C:\\Users\\gunne\\Desktop\\M3S-GITHUB\\MS3\\packages\\wallet\\src\\helpers\\signatures.ts:124:27)\n&apos;[39m +
      [32m&apos;    at _EvmWalletAdapter.signTypedData (C:\\Users\\gunne\\Desktop\\M3S-GITHUB\\MS3\\packages\\wallet\\src\\adapters\\ethers\\ethersWallet.ts:298:23)\n&apos;[39m +
      [32m&apos;    at processTicksAndRejections (node:internal/process/task_queues:105:5)\n&apos;[39m +
      [32m&apos;    at Proxy.&lt;anonymous&gt; (C:\\Users\\gunne\\Desktop\\M3S-GITHUB\\MS3\\packages\\shared\\src\\errors\\proxy.ts:102:22)&apos;[39m
  }
}

🤖 [MS3-PKG] [ERROR] 🤖 [MS3-PKG] [ERROR] [WalletAdapter(ethers) Error] Method &apos;signTypedData&apos; failed: Failed to sign typed data: EIP-712 field in &apos;Person&apos; missing name or type AdapterError: Failed to sign typed data: EIP-712 field in &apos;Person&apos; missing name or type
    at _EvmWalletAdapter.signTypedData [90m(C:\Users\gunne\Desktop\M3S-GITHUB\MS3\packages\wallet\[39msrc\adapters\ethers\ethersWallet.ts:309:13[90m)[39m
[90m    at processTicksAndRejections (node:internal/process/task_queues:105:5)[39m
    at Proxy.&lt;anonymous&gt; (C:\Users\gunne\Desktop\M3S-GITHUB\MS3\packages\shared\src\errors\proxy.ts:102:22) {
  code: [32m&apos;INVALID_SIGNATURE&apos;[39m,
  cause: AdapterError: EIP-712 field in &apos;Person&apos; missing name or type
      at Function.validateTypes [90m(C:\Users\gunne\Desktop\M3S-GITHUB\MS3\packages\wallet\[39msrc\helpers\signatures.ts:124:27[90m)[39m
      at _EvmWalletAdapter.signTypedData [90m(C:\Users\gunne\Desktop\M3S-GITHUB\MS3\packages\wallet\[39msrc\adapters\ethers\ethersWallet.ts:298:23[90m)[39m
  [90m    at processTicksAndRejections (node:internal/process/task_queues:105:5)[39m
      at Proxy.&lt;anonymous&gt; (C:\Users\gunne\Desktop\M3S-GITHUB\MS3\packages\shared\src\errors\proxy.ts:102:22) {
    code: [32m&apos;INVALID_INPUT&apos;[39m,
    cause: [90mundefined[39m,
    methodName: [32m&apos;signTypedData&apos;[39m,
    details: [90mundefined[39m
  },
  methodName: [32m&apos;signTypedData&apos;[39m,
  details: [90mundefined[39m
}

🤖 [MS3-PKG] [ERROR] 🤖 [MS3-PKG] [ERROR] [AdapterError] AdapterError: EIP-712 field in &apos;Person&apos; missing name or type {
  code: [32m&apos;INVALID_INPUT&apos;[39m,
  methodName: [32m&apos;signTypedData&apos;[39m,
  details: [90mundefined[39m,
  cause: [90mundefined[39m
}
🤖 [MS3-PKG] [ERROR] 🤖 [MS3-PKG] [ERROR] [AdapterError] AdapterError: Failed to sign typed data: EIP-712 field in &apos;Person&apos; missing name or type {
  code: [32m&apos;INVALID_SIGNATURE&apos;[39m,
  methodName: [32m&apos;signTypedData&apos;[39m,
  details: [90mundefined[39m,
  cause: {
    name: [32m&apos;AdapterError&apos;[39m,
    message: [32m&quot;EIP-712 field in &apos;Person&apos; missing name or type&quot;[39m,
    stack: [32m&quot;AdapterError: EIP-712 field in &apos;Person&apos; missing name or type\n&quot;[39m +
      [32m&apos;    at Function.validateTypes (C:\\Users\\gunne\\Desktop\\M3S-GITHUB\\MS3\\packages\\wallet\\src\\helpers\\signatures.ts:124:27)\n&apos;[39m +
      [32m&apos;    at _EvmWalletAdapter.signTypedData (C:\\Users\\gunne\\Desktop\\M3S-GITHUB\\MS3\\packages\\wallet\\src\\adapters\\ethers\\ethersWallet.ts:298:23)\n&apos;[39m +
      [32m&apos;    at processTicksAndRejections (node:internal/process/task_queues:105:5)\n&apos;[39m +
      [32m&apos;    at Proxy.&lt;anonymous&gt; (C:\\Users\\gunne\\Desktop\\M3S-GITHUB\\MS3\\packages\\shared\\src\\errors\\proxy.ts:102:22)&apos;[39m
  }
}

🤖 [MS3-PKG] [ERROR] 🤖 [MS3-PKG] [ERROR] [WalletAdapter(ethers) Error] Method &apos;signTypedData&apos; failed: Failed to sign typed data: EIP-712 field in &apos;Person&apos; missing name or type AdapterError: Failed to sign typed data: EIP-712 field in &apos;Person&apos; missing name or type
    at _EvmWalletAdapter.signTypedData [90m(C:\Users\gunne\Desktop\M3S-GITHUB\MS3\packages\wallet\[39msrc\adapters\ethers\ethersWallet.ts:309:13[90m)[39m
[90m    at processTicksAndRejections (node:internal/process/task_queues:105:5)[39m
    at Proxy.&lt;anonymous&gt; (C:\Users\gunne\Desktop\M3S-GITHUB\MS3\packages\shared\src\errors\proxy.ts:102:22) {
  code: [32m&apos;INVALID_SIGNATURE&apos;[39m,
  cause: AdapterError: EIP-712 field in &apos;Person&apos; missing name or type
      at Function.validateTypes [90m(C:\Users\gunne\Desktop\M3S-GITHUB\MS3\packages\wallet\[39msrc\helpers\signatures.ts:124:27[90m)[39m
      at _EvmWalletAdapter.signTypedData [90m(C:\Users\gunne\Desktop\M3S-GITHUB\MS3\packages\wallet\[39msrc\adapters\ethers\ethersWallet.ts:298:23[90m)[39m
  [90m    at processTicksAndRejections (node:internal/process/task_queues:105:5)[39m
      at Proxy.&lt;anonymous&gt; (C:\Users\gunne\Desktop\M3S-GITHUB\MS3\packages\shared\src\errors\proxy.ts:102:22) {
    code: [32m&apos;INVALID_INPUT&apos;[39m,
    cause: [90mundefined[39m,
    methodName: [32m&apos;signTypedData&apos;[39m,
    details: [90mundefined[39m
  },
  methodName: [32m&apos;signTypedData&apos;[39m,
  details: [90mundefined[39m
}

            </system-err>
        </testcase>
        <testcase classname="tests/07_Signatures.test.ts" name="Signature and EIP-712 Tests &gt; EIP-712 Typed Data Signing &gt; should handle chain ID validation when connected" time="0.133546">
            <system-err>
🤖 [MS3-PKG] [WARN] 🤖 [MS3-PKG] [WARN] [ethers] Security Note: Private keys are processed during wallet creation but not stored persistently
🤖 [MS3-PKG] [WARN] 🤖 [MS3-PKG] [WARN] [ethers] Security Note: Server environments provide better security for sensitive private key operations
🤖 [MS3-PKG] [WARN] 🤖 [MS3-PKG] [WARN] [ethers] Security Note: Browser usage requires secure private key handling by the application
🤖 [MS3-PKG] [WARN] 🤖 [MS3-PKG] [WARN] [ethers] Security Note: Server environments provide better security for sensitive operations
🤖 [MS3-PKG] [WARN] 🤖 [MS3-PKG] [WARN] [ethers] Security Note: Ensure proper private key management and storage
🤖 [MS3-PKG] [WARN] 🤖 [MS3-PKG] [WARN] [ethers] Security Note: Ensure secure handling of private keys in browser environment
🤖 [MS3-PKG] [WARN] 🤖 [MS3-PKG] [WARN] [ethers] Security Note: Consider using hardware wallets for enhanced security
🤖 [MS3-PKG] [WARN] 🤖 [MS3-PKG] [WARN] [ethers] Security Note: ethers adapter follows standard security practices

🤖 [MS3-PKG] [ERROR] 🤖 [MS3-PKG] [ERROR] [AdapterError] AdapterError: EIP-712 domain chainId (999999) doesn&apos;t match current network (0x4268) {
  code: [32m&apos;INVALID_INPUT&apos;[39m,
  methodName: [32m&apos;signTypedData&apos;[39m,
  details: [90mundefined[39m,
  cause: [90mundefined[39m
}
🤖 [MS3-PKG] [ERROR] 🤖 [MS3-PKG] [ERROR] [AdapterError] AdapterError: Failed to sign typed data: EIP-712 domain chainId (999999) doesn&apos;t match current network (0x4268) {
  code: [32m&apos;INVALID_SIGNATURE&apos;[39m,
  methodName: [32m&apos;signTypedData&apos;[39m,
  details: [90mundefined[39m,
  cause: {
    name: [32m&apos;AdapterError&apos;[39m,
    message: [32m&quot;EIP-712 domain chainId (999999) doesn&apos;t match current network (0x4268)&quot;[39m,
    stack: [32m&quot;AdapterError: EIP-712 domain chainId (999999) doesn&apos;t match current network (0x4268)\n&quot;[39m +
      [32m&apos;    at Function.validateDomain (C:\\Users\\gunne\\Desktop\\M3S-GITHUB\\MS3\\packages\\wallet\\src\\helpers\\signatures.ts:90:19)\n&apos;[39m +
      [32m&apos;    at _EvmWalletAdapter.signTypedData (C:\\Users\\gunne\\Desktop\\M3S-GITHUB\\MS3\\packages\\wallet\\src\\adapters\\ethers\\ethersWallet.ts:299:23)\n&apos;[39m +
      [32m&apos;    at processTicksAndRejections (node:internal/process/task_queues:105:5)\n&apos;[39m +
      [32m&apos;    at Proxy.&lt;anonymous&gt; (C:\\Users\\gunne\\Desktop\\M3S-GITHUB\\MS3\\packages\\shared\\src\\errors\\proxy.ts:102:22)&apos;[39m
  }
}

🤖 [MS3-PKG] [ERROR] 🤖 [MS3-PKG] [ERROR] [WalletAdapter(ethers) Error] Method &apos;signTypedData&apos; failed: Failed to sign typed data: EIP-712 domain chainId (999999) doesn&apos;t match current network (0x4268) AdapterError: Failed to sign typed data: EIP-712 domain chainId (999999) doesn&apos;t match current network (0x4268)
    at _EvmWalletAdapter.signTypedData [90m(C:\Users\gunne\Desktop\M3S-GITHUB\MS3\packages\wallet\[39msrc\adapters\ethers\ethersWallet.ts:309:13[90m)[39m
[90m    at processTicksAndRejections (node:internal/process/task_queues:105:5)[39m
    at Proxy.&lt;anonymous&gt; (C:\Users\gunne\Desktop\M3S-GITHUB\MS3\packages\shared\src\errors\proxy.ts:102:22) {
  code: [32m&apos;INVALID_SIGNATURE&apos;[39m,
  cause: AdapterError: EIP-712 domain chainId (999999) doesn&apos;t match current network (0x4268)
      at Function.validateDomain [90m(C:\Users\gunne\Desktop\M3S-GITHUB\MS3\packages\wallet\[39msrc\helpers\signatures.ts:90:19[90m)[39m
      at _EvmWalletAdapter.signTypedData [90m(C:\Users\gunne\Desktop\M3S-GITHUB\MS3\packages\wallet\[39msrc\adapters\ethers\ethersWallet.ts:299:23[90m)[39m
  [90m    at processTicksAndRejections (node:internal/process/task_queues:105:5)[39m
      at Proxy.&lt;anonymous&gt; (C:\Users\gunne\Desktop\M3S-GITHUB\MS3\packages\shared\src\errors\proxy.ts:102:22) {
    code: [32m&apos;INVALID_INPUT&apos;[39m,
    cause: [90mundefined[39m,
    methodName: [32m&apos;signTypedData&apos;[39m,
    details: [90mundefined[39m
  },
  methodName: [32m&apos;signTypedData&apos;[39m,
  details: [90mundefined[39m
}

            </system-err>
        </testcase>
        <testcase classname="tests/07_Signatures.test.ts" name="Signature and EIP-712 Tests &gt; EIP-712 Typed Data Signing &gt; should support complex nested types" time="0.1463798">
            <system-err>
🤖 [MS3-PKG] [WARN] 🤖 [MS3-PKG] [WARN] [ethers] Security Note: Private keys are processed during wallet creation but not stored persistently
🤖 [MS3-PKG] [WARN] 🤖 [MS3-PKG] [WARN] [ethers] Security Note: Server environments provide better security for sensitive private key operations
🤖 [MS3-PKG] [WARN] 🤖 [MS3-PKG] [WARN] [ethers] Security Note: Browser usage requires secure private key handling by the application
🤖 [MS3-PKG] [WARN] 🤖 [MS3-PKG] [WARN] [ethers] Security Note: Server environments provide better security for sensitive operations
🤖 [MS3-PKG] [WARN] 🤖 [MS3-PKG] [WARN] [ethers] Security Note: Ensure proper private key management and storage
🤖 [MS3-PKG] [WARN] 🤖 [MS3-PKG] [WARN] [ethers] Security Note: Ensure secure handling of private keys in browser environment
🤖 [MS3-PKG] [WARN] 🤖 [MS3-PKG] [WARN] [ethers] Security Note: Consider using hardware wallets for enhanced security
🤖 [MS3-PKG] [WARN] 🤖 [MS3-PKG] [WARN] [ethers] Security Note: ethers adapter follows standard security practices

🤖 [MS3-PKG] [WARN] 🤖 [MS3-PKG] [WARN] [EIP712Validator] Warning: EIP-712 field type &apos;Asset[]&apos; may not be standard

            </system-err>
        </testcase>
        <testcase classname="tests/07_Signatures.test.ts" name="Signature and EIP-712 Tests &gt; EIP712Validator Utility Tests &gt; should validate EIP-712 type formats" time="0.1734922">
            <system-err>
🤖 [MS3-PKG] [WARN] 🤖 [MS3-PKG] [WARN] [ethers] Security Note: Private keys are processed during wallet creation but not stored persistently
🤖 [MS3-PKG] [WARN] 🤖 [MS3-PKG] [WARN] [ethers] Security Note: Server environments provide better security for sensitive private key operations
🤖 [MS3-PKG] [WARN] 🤖 [MS3-PKG] [WARN] [ethers] Security Note: Browser usage requires secure private key handling by the application
🤖 [MS3-PKG] [WARN] 🤖 [MS3-PKG] [WARN] [ethers] Security Note: Server environments provide better security for sensitive operations
🤖 [MS3-PKG] [WARN] 🤖 [MS3-PKG] [WARN] [ethers] Security Note: Ensure proper private key management and storage
🤖 [MS3-PKG] [WARN] 🤖 [MS3-PKG] [WARN] [ethers] Security Note: Ensure secure handling of private keys in browser environment
🤖 [MS3-PKG] [WARN] 🤖 [MS3-PKG] [WARN] [ethers] Security Note: Consider using hardware wallets for enhanced security
🤖 [MS3-PKG] [WARN] 🤖 [MS3-PKG] [WARN] [ethers] Security Note: ethers adapter follows standard security practices

            </system-err>
        </testcase>
        <testcase classname="tests/07_Signatures.test.ts" name="Signature and EIP-712 Tests &gt; EIP712Validator Utility Tests &gt; should validate signature format" time="0.1237645">
            <system-err>
🤖 [MS3-PKG] [WARN] 🤖 [MS3-PKG] [WARN] [ethers] Security Note: Private keys are processed during wallet creation but not stored persistently
🤖 [MS3-PKG] [WARN] 🤖 [MS3-PKG] [WARN] [ethers] Security Note: Server environments provide better security for sensitive private key operations
🤖 [MS3-PKG] [WARN] 🤖 [MS3-PKG] [WARN] [ethers] Security Note: Browser usage requires secure private key handling by the application
🤖 [MS3-PKG] [WARN] 🤖 [MS3-PKG] [WARN] [ethers] Security Note: Server environments provide better security for sensitive operations
🤖 [MS3-PKG] [WARN] 🤖 [MS3-PKG] [WARN] [ethers] Security Note: Ensure proper private key management and storage
🤖 [MS3-PKG] [WARN] 🤖 [MS3-PKG] [WARN] [ethers] Security Note: Ensure secure handling of private keys in browser environment
🤖 [MS3-PKG] [WARN] 🤖 [MS3-PKG] [WARN] [ethers] Security Note: Consider using hardware wallets for enhanced security
🤖 [MS3-PKG] [WARN] 🤖 [MS3-PKG] [WARN] [ethers] Security Note: ethers adapter follows standard security practices

            </system-err>
        </testcase>
        <testcase classname="tests/07_Signatures.test.ts" name="Signature and EIP-712 Tests &gt; EIP712Validator Utility Tests &gt; should perform structure validation independently" time="0.1275531">
            <system-err>
🤖 [MS3-PKG] [WARN] 🤖 [MS3-PKG] [WARN] [ethers] Security Note: Private keys are processed during wallet creation but not stored persistently
🤖 [MS3-PKG] [WARN] 🤖 [MS3-PKG] [WARN] [ethers] Security Note: Server environments provide better security for sensitive private key operations
🤖 [MS3-PKG] [WARN] 🤖 [MS3-PKG] [WARN] [ethers] Security Note: Browser usage requires secure private key handling by the application
🤖 [MS3-PKG] [WARN] 🤖 [MS3-PKG] [WARN] [ethers] Security Note: Server environments provide better security for sensitive operations
🤖 [MS3-PKG] [WARN] 🤖 [MS3-PKG] [WARN] [ethers] Security Note: Ensure proper private key management and storage
🤖 [MS3-PKG] [WARN] 🤖 [MS3-PKG] [WARN] [ethers] Security Note: Ensure secure handling of private keys in browser environment
🤖 [MS3-PKG] [WARN] 🤖 [MS3-PKG] [WARN] [ethers] Security Note: Consider using hardware wallets for enhanced security
🤖 [MS3-PKG] [WARN] 🤖 [MS3-PKG] [WARN] [ethers] Security Note: ethers adapter follows standard security practices

🤖 [MS3-PKG] [ERROR] 🤖 [MS3-PKG] [ERROR] [AdapterError] AdapterError: Invalid EIP-712 structure: must have domain object {
  code: [32m&apos;INVALID_INPUT&apos;[39m,
  methodName: [32m&apos;signTypedData&apos;[39m,
  details: [90mundefined[39m,
  cause: [90mundefined[39m
}
🤖 [MS3-PKG] [ERROR] 🤖 [MS3-PKG] [ERROR] [AdapterError] AdapterError: Invalid EIP-712 structure: must have types object {
  code: [32m&apos;INVALID_INPUT&apos;[39m,
  methodName: [32m&apos;signTypedData&apos;[39m,
  details: [90mundefined[39m,
  cause: [90mundefined[39m
}

            </system-err>
        </testcase>
        <testcase classname="tests/07_Signatures.test.ts" name="Signature and EIP-712 Tests &gt; EIP712Validator Utility Tests &gt; should verify signatures independently" time="0.1247674">
            <system-err>
🤖 [MS3-PKG] [WARN] 🤖 [MS3-PKG] [WARN] [ethers] Security Note: Private keys are processed during wallet creation but not stored persistently
🤖 [MS3-PKG] [WARN] 🤖 [MS3-PKG] [WARN] [ethers] Security Note: Server environments provide better security for sensitive private key operations
🤖 [MS3-PKG] [WARN] 🤖 [MS3-PKG] [WARN] [ethers] Security Note: Browser usage requires secure private key handling by the application
🤖 [MS3-PKG] [WARN] 🤖 [MS3-PKG] [WARN] [ethers] Security Note: Server environments provide better security for sensitive operations
🤖 [MS3-PKG] [WARN] 🤖 [MS3-PKG] [WARN] [ethers] Security Note: Ensure proper private key management and storage
🤖 [MS3-PKG] [WARN] 🤖 [MS3-PKG] [WARN] [ethers] Security Note: Ensure secure handling of private keys in browser environment
🤖 [MS3-PKG] [WARN] 🤖 [MS3-PKG] [WARN] [ethers] Security Note: Consider using hardware wallets for enhanced security
🤖 [MS3-PKG] [WARN] 🤖 [MS3-PKG] [WARN] [ethers] Security Note: ethers adapter follows standard security practices

🤖 [MS3-PKG] [ERROR] 🤖 [MS3-PKG] [ERROR] [EIP712Validator] Signature verification failed: TypeError: invalid v (argument=&quot;v&quot;, value=17, code=INVALID_ARGUMENT, version=6.15.0)
    at makeError (file:///C:/Users/gunne/Desktop/M3S-GITHUB/MS3/node_modules/[4methers[24m/src.ts/utils/errors.ts:691:21)
    at assert (file:///C:/Users/gunne/Desktop/M3S-GITHUB/MS3/node_modules/[4methers[24m/src.ts/utils/errors.ts:719:25)
    at assertArgument (file:///C:/Users/gunne/Desktop/M3S-GITHUB/MS3/node_modules/[4methers[24m/src.ts/utils/errors.ts:731:5)
    at Function.getNormalizedV (file:///C:/Users/gunne/Desktop/M3S-GITHUB/MS3/node_modules/[4methers[24m/src.ts/crypto/signature.ts:279:9)
    at Function.from (file:///C:/Users/gunne/Desktop/M3S-GITHUB/MS3/node_modules/[4methers[24m/src.ts/crypto/signature.ts:315:37)
    at Function.recoverPublicKey (file:///C:/Users/gunne/Desktop/M3S-GITHUB/MS3/node_modules/[4methers[24m/src.ts/crypto/signing-key.ts:169:31)
    at recoverAddress (file:///C:/Users/gunne/Desktop/M3S-GITHUB/MS3/node_modules/[4methers[24m/src.ts/transaction/address.ts:27:38)
    at Module.verifyTypedData (file:///C:/Users/gunne/Desktop/M3S-GITHUB/MS3/node_modules/[4methers[24m/src.ts/hash/typed-data.ts:657:12)
    at Function.verifySignature [90m(C:\Users\gunne\Desktop\M3S-GITHUB\MS3\packages\wallet\[39msrc\helpers\signatures.ts:200:45[90m)[39m
    at [90mC:\Users\gunne\Desktop\M3S-GITHUB\MS3\packages\wallet\[39mtests\07_Signatures.test.ts:452:44 {
  code: [32m&apos;INVALID_ARGUMENT&apos;[39m,
  argument: [32m&apos;v&apos;[39m,
  value: [33m17[39m,
  shortMessage: [32m&apos;invalid v&apos;[39m
}

            </system-err>
        </testcase>
        <testcase classname="tests/07_Signatures.test.ts" name="Signature and EIP-712 Tests &gt; Performance and Security Tests &gt; should handle multiple signatures efficiently" time="0.218731">
            <system-err>
🤖 [MS3-PKG] [WARN] 🤖 [MS3-PKG] [WARN] [ethers] Security Note: Private keys are processed during wallet creation but not stored persistently
🤖 [MS3-PKG] [WARN] 🤖 [MS3-PKG] [WARN] [ethers] Security Note: Server environments provide better security for sensitive private key operations
🤖 [MS3-PKG] [WARN] 🤖 [MS3-PKG] [WARN] [ethers] Security Note: Browser usage requires secure private key handling by the application
🤖 [MS3-PKG] [WARN] 🤖 [MS3-PKG] [WARN] [ethers] Security Note: Server environments provide better security for sensitive operations
🤖 [MS3-PKG] [WARN] 🤖 [MS3-PKG] [WARN] [ethers] Security Note: Ensure proper private key management and storage
🤖 [MS3-PKG] [WARN] 🤖 [MS3-PKG] [WARN] [ethers] Security Note: Ensure secure handling of private keys in browser environment
🤖 [MS3-PKG] [WARN] 🤖 [MS3-PKG] [WARN] [ethers] Security Note: Consider using hardware wallets for enhanced security
🤖 [MS3-PKG] [WARN] 🤖 [MS3-PKG] [WARN] [ethers] Security Note: ethers adapter follows standard security practices

            </system-err>
        </testcase>
        <testcase classname="tests/07_Signatures.test.ts" name="Signature and EIP-712 Tests &gt; Performance and Security Tests &gt; should prevent signature replay attacks through proper validation" time="0.1469081">
            <system-err>
🤖 [MS3-PKG] [WARN] 🤖 [MS3-PKG] [WARN] [ethers] Security Note: Private keys are processed during wallet creation but not stored persistently
🤖 [MS3-PKG] [WARN] 🤖 [MS3-PKG] [WARN] [ethers] Security Note: Server environments provide better security for sensitive private key operations
🤖 [MS3-PKG] [WARN] 🤖 [MS3-PKG] [WARN] [ethers] Security Note: Browser usage requires secure private key handling by the application
🤖 [MS3-PKG] [WARN] 🤖 [MS3-PKG] [WARN] [ethers] Security Note: Server environments provide better security for sensitive operations
🤖 [MS3-PKG] [WARN] 🤖 [MS3-PKG] [WARN] [ethers] Security Note: Ensure proper private key management and storage
🤖 [MS3-PKG] [WARN] 🤖 [MS3-PKG] [WARN] [ethers] Security Note: Ensure secure handling of private keys in browser environment
🤖 [MS3-PKG] [WARN] 🤖 [MS3-PKG] [WARN] [ethers] Security Note: Consider using hardware wallets for enhanced security
🤖 [MS3-PKG] [WARN] 🤖 [MS3-PKG] [WARN] [ethers] Security Note: ethers adapter follows standard security practices

            </system-err>
        </testcase>
    </testsuite>
    <testsuite name="tests/adapters/05_EthersWallet.test.ts" timestamp="2025-09-04T15:09:40.429Z" hostname="GA" tests="26" failures="0" errors="0" skipped="0" time="7.2456056">
        <testcase classname="tests/adapters/05_EthersWallet.test.ts" name="Core Wallet Tests &gt; should export testAdapterPattern function" time="0.0013592">
        </testcase>
        <testcase classname="tests/adapters/05_EthersWallet.test.ts" name="Core Wallet Tests &gt; should export testAdapterPattern function" time="0.0003184">
        </testcase>
        <testcase classname="tests/adapters/05_EthersWallet.test.ts" name="Core Wallet Tests &gt; should detect server environment in tests" time="0.0023074">
        </testcase>
        <testcase classname="tests/adapters/05_EthersWallet.test.ts" name="Core Wallet Tests &gt; should have environment requirements in registry" time="0.0011237">
        </testcase>
        <testcase classname="tests/adapters/05_EthersWallet.test.ts" name="ICoreWallet Tests &gt; should export testCoreWalletInterface function" time="0.000164">
        </testcase>
        <testcase classname="tests/adapters/05_EthersWallet.test.ts" name="IEVMWallet Tests &gt; should export testEVMWalletInterface function" time="0.0001366">
        </testcase>
        <testcase classname="tests/adapters/05_EthersWallet.test.ts" name="EvmWalletAdapter Tests &gt; should throw if constructed with empty options (no privateKey)" time="0.3542481">
            <system-err>
🤖 [MS3-PKG] [WARN] 🤖 [MS3-PKG] [WARN] [ethers] Security Note: Private keys are processed during wallet creation but not stored persistently
🤖 [MS3-PKG] [WARN] 🤖 [MS3-PKG] [WARN] [ethers] Security Note: Server environments provide better security for sensitive private key operations
🤖 [MS3-PKG] [WARN] 🤖 [MS3-PKG] [WARN] [ethers] Security Note: Browser usage requires secure private key handling by the application
🤖 [MS3-PKG] [WARN] 🤖 [MS3-PKG] [WARN] [ethers] Security Note: Server environments provide better security for sensitive operations
🤖 [MS3-PKG] [WARN] 🤖 [MS3-PKG] [WARN] [ethers] Security Note: Ensure proper private key management and storage
🤖 [MS3-PKG] [WARN] 🤖 [MS3-PKG] [WARN] [ethers] Security Note: Ensure secure handling of private keys in browser environment
🤖 [MS3-PKG] [WARN] 🤖 [MS3-PKG] [WARN] [ethers] Security Note: Consider using hardware wallets for enhanced security
🤖 [MS3-PKG] [WARN] 🤖 [MS3-PKG] [WARN] [ethers] Security Note: ethers adapter follows standard security practices

🤖 [MS3-PKG] [WARN] 🤖 [MS3-PKG] [WARN] [ethers] Security Note: Private keys are processed during wallet creation but not stored persistently
🤖 [MS3-PKG] [WARN] 🤖 [MS3-PKG] [WARN] [ethers] Security Note: Server environments provide better security for sensitive private key operations
🤖 [MS3-PKG] [WARN] 🤖 [MS3-PKG] [WARN] [ethers] Security Note: Browser usage requires secure private key handling by the application
🤖 [MS3-PKG] [WARN] 🤖 [MS3-PKG] [WARN] [ethers] Security Note: Server environments provide better security for sensitive operations
🤖 [MS3-PKG] [WARN] 🤖 [MS3-PKG] [WARN] [ethers] Security Note: Ensure proper private key management and storage
🤖 [MS3-PKG] [WARN] 🤖 [MS3-PKG] [WARN] [ethers] Security Note: Ensure secure handling of private keys in browser environment
🤖 [MS3-PKG] [WARN] 🤖 [MS3-PKG] [WARN] [ethers] Security Note: Consider using hardware wallets for enhanced security
🤖 [MS3-PKG] [WARN] 🤖 [MS3-PKG] [WARN] [ethers] Security Note: ethers adapter follows standard security practices
🤖 [MS3-PKG] [ERROR] 🤖 [MS3-PKG] [ERROR] [AdapterError] AdapterError: privateKey is required in options. {
  code: [32m&apos;MISSING_CONFIG&apos;[39m,
  methodName: [32m&apos;initialize&apos;[39m,
  details: [90mundefined[39m,
  cause: [90mundefined[39m
}

            </system-err>
        </testcase>
        <testcase classname="tests/adapters/05_EthersWallet.test.ts" name="EvmWalletAdapter Tests &gt; should initialize with a provider option and connect to the correct network" time="3.3650652">
            <system-err>
🤖 [MS3-PKG] [WARN] 🤖 [MS3-PKG] [WARN] [ethers] Security Note: Private keys are processed during wallet creation but not stored persistently
🤖 [MS3-PKG] [WARN] 🤖 [MS3-PKG] [WARN] [ethers] Security Note: Server environments provide better security for sensitive private key operations
🤖 [MS3-PKG] [WARN] 🤖 [MS3-PKG] [WARN] [ethers] Security Note: Browser usage requires secure private key handling by the application
🤖 [MS3-PKG] [WARN] 🤖 [MS3-PKG] [WARN] [ethers] Security Note: Server environments provide better security for sensitive operations
🤖 [MS3-PKG] [WARN] 🤖 [MS3-PKG] [WARN] [ethers] Security Note: Ensure proper private key management and storage
🤖 [MS3-PKG] [WARN] 🤖 [MS3-PKG] [WARN] [ethers] Security Note: Ensure secure handling of private keys in browser environment
🤖 [MS3-PKG] [WARN] 🤖 [MS3-PKG] [WARN] [ethers] Security Note: Consider using hardware wallets for enhanced security
🤖 [MS3-PKG] [WARN] 🤖 [MS3-PKG] [WARN] [ethers] Security Note: ethers adapter follows standard security practices

🤖 [MS3-PKG] [WARN] 🤖 [MS3-PKG] [WARN] [ethers] Security Note: Private keys are processed during wallet creation but not stored persistently
🤖 [MS3-PKG] [WARN] 🤖 [MS3-PKG] [WARN] [ethers] Security Note: Server environments provide better security for sensitive private key operations
🤖 [MS3-PKG] [WARN] 🤖 [MS3-PKG] [WARN] [ethers] Security Note: Browser usage requires secure private key handling by the application
🤖 [MS3-PKG] [WARN] 🤖 [MS3-PKG] [WARN] [ethers] Security Note: Server environments provide better security for sensitive operations
🤖 [MS3-PKG] [WARN] 🤖 [MS3-PKG] [WARN] [ethers] Security Note: Ensure proper private key management and storage
🤖 [MS3-PKG] [WARN] 🤖 [MS3-PKG] [WARN] [ethers] Security Note: Ensure secure handling of private keys in browser environment
🤖 [MS3-PKG] [WARN] 🤖 [MS3-PKG] [WARN] [ethers] Security Note: Consider using hardware wallets for enhanced security
🤖 [MS3-PKG] [WARN] 🤖 [MS3-PKG] [WARN] [ethers] Security Note: ethers adapter follows standard security practices

🤖 [MS3-PKG] [ERROR] 🤖 [MS3-PKG] [ERROR] [testRpcConnection] Connection timed out for https://rpc.sepolia.org after 3000ms

            </system-err>
        </testcase>
        <testcase classname="tests/adapters/05_EthersWallet.test.ts" name="EvmWalletAdapter Tests &gt; EvmWalletAdapter - Constructor Pattern Tests &gt; should have a private constructor" time="0.0644673">
            <system-err>
🤖 [MS3-PKG] [WARN] 🤖 [MS3-PKG] [WARN] [ethers] Security Note: Private keys are processed during wallet creation but not stored persistently
🤖 [MS3-PKG] [WARN] 🤖 [MS3-PKG] [WARN] [ethers] Security Note: Server environments provide better security for sensitive private key operations
🤖 [MS3-PKG] [WARN] 🤖 [MS3-PKG] [WARN] [ethers] Security Note: Browser usage requires secure private key handling by the application
🤖 [MS3-PKG] [WARN] 🤖 [MS3-PKG] [WARN] [ethers] Security Note: Server environments provide better security for sensitive operations
🤖 [MS3-PKG] [WARN] 🤖 [MS3-PKG] [WARN] [ethers] Security Note: Ensure proper private key management and storage
🤖 [MS3-PKG] [WARN] 🤖 [MS3-PKG] [WARN] [ethers] Security Note: Ensure secure handling of private keys in browser environment
🤖 [MS3-PKG] [WARN] 🤖 [MS3-PKG] [WARN] [ethers] Security Note: Consider using hardware wallets for enhanced security
🤖 [MS3-PKG] [WARN] 🤖 [MS3-PKG] [WARN] [ethers] Security Note: ethers adapter follows standard security practices

            </system-err>
        </testcase>
        <testcase classname="tests/adapters/05_EthersWallet.test.ts" name="EvmWalletAdapter Tests &gt; EvmWalletAdapter - Constructor Pattern Tests &gt; should have a static create method" time="0.0638234">
            <system-err>
🤖 [MS3-PKG] [WARN] 🤖 [MS3-PKG] [WARN] [ethers] Security Note: Private keys are processed during wallet creation but not stored persistently
🤖 [MS3-PKG] [WARN] 🤖 [MS3-PKG] [WARN] [ethers] Security Note: Server environments provide better security for sensitive private key operations
🤖 [MS3-PKG] [WARN] 🤖 [MS3-PKG] [WARN] [ethers] Security Note: Browser usage requires secure private key handling by the application
🤖 [MS3-PKG] [WARN] 🤖 [MS3-PKG] [WARN] [ethers] Security Note: Server environments provide better security for sensitive operations
🤖 [MS3-PKG] [WARN] 🤖 [MS3-PKG] [WARN] [ethers] Security Note: Ensure proper private key management and storage
🤖 [MS3-PKG] [WARN] 🤖 [MS3-PKG] [WARN] [ethers] Security Note: Ensure secure handling of private keys in browser environment
🤖 [MS3-PKG] [WARN] 🤖 [MS3-PKG] [WARN] [ethers] Security Note: Consider using hardware wallets for enhanced security
🤖 [MS3-PKG] [WARN] 🤖 [MS3-PKG] [WARN] [ethers] Security Note: ethers adapter follows standard security practices

            </system-err>
        </testcase>
        <testcase classname="tests/adapters/05_EthersWallet.test.ts" name="EvmWalletAdapter Tests &gt; EvmWalletAdapter - Constructor Pattern Tests &gt; create method should return a promise" time="0.1280861">
            <system-err>
🤖 [MS3-PKG] [WARN] 🤖 [MS3-PKG] [WARN] [ethers] Security Note: Private keys are processed during wallet creation but not stored persistently
🤖 [MS3-PKG] [WARN] 🤖 [MS3-PKG] [WARN] [ethers] Security Note: Server environments provide better security for sensitive private key operations
🤖 [MS3-PKG] [WARN] 🤖 [MS3-PKG] [WARN] [ethers] Security Note: Browser usage requires secure private key handling by the application
🤖 [MS3-PKG] [WARN] 🤖 [MS3-PKG] [WARN] [ethers] Security Note: Server environments provide better security for sensitive operations
🤖 [MS3-PKG] [WARN] 🤖 [MS3-PKG] [WARN] [ethers] Security Note: Ensure proper private key management and storage
🤖 [MS3-PKG] [WARN] 🤖 [MS3-PKG] [WARN] [ethers] Security Note: Ensure secure handling of private keys in browser environment
🤖 [MS3-PKG] [WARN] 🤖 [MS3-PKG] [WARN] [ethers] Security Note: Consider using hardware wallets for enhanced security
🤖 [MS3-PKG] [WARN] 🤖 [MS3-PKG] [WARN] [ethers] Security Note: ethers adapter follows standard security practices

            </system-err>
        </testcase>
        <testcase classname="tests/adapters/05_EthersWallet.test.ts" name="EvmWalletAdapter Tests &gt; EvmWalletAdapter - Constructor Pattern Tests &gt; created instance should have name and version properties" time="0.065648">
            <system-err>
🤖 [MS3-PKG] [WARN] 🤖 [MS3-PKG] [WARN] [ethers] Security Note: Private keys are processed during wallet creation but not stored persistently
🤖 [MS3-PKG] [WARN] 🤖 [MS3-PKG] [WARN] [ethers] Security Note: Server environments provide better security for sensitive private key operations
🤖 [MS3-PKG] [WARN] 🤖 [MS3-PKG] [WARN] [ethers] Security Note: Browser usage requires secure private key handling by the application
🤖 [MS3-PKG] [WARN] 🤖 [MS3-PKG] [WARN] [ethers] Security Note: Server environments provide better security for sensitive operations
🤖 [MS3-PKG] [WARN] 🤖 [MS3-PKG] [WARN] [ethers] Security Note: Ensure proper private key management and storage
🤖 [MS3-PKG] [WARN] 🤖 [MS3-PKG] [WARN] [ethers] Security Note: Ensure secure handling of private keys in browser environment
🤖 [MS3-PKG] [WARN] 🤖 [MS3-PKG] [WARN] [ethers] Security Note: Consider using hardware wallets for enhanced security
🤖 [MS3-PKG] [WARN] 🤖 [MS3-PKG] [WARN] [ethers] Security Note: ethers adapter follows standard security practices

            </system-err>
        </testcase>
        <testcase classname="tests/adapters/05_EthersWallet.test.ts" name="EvmWalletAdapter Tests &gt; RPC Management Tests &gt; should create wallet with initial RPC configuration" time="0.0672537">
            <system-err>
🤖 [MS3-PKG] [WARN] 🤖 [MS3-PKG] [WARN] [ethers] Security Note: Private keys are processed during wallet creation but not stored persistently
🤖 [MS3-PKG] [WARN] 🤖 [MS3-PKG] [WARN] [ethers] Security Note: Server environments provide better security for sensitive private key operations
🤖 [MS3-PKG] [WARN] 🤖 [MS3-PKG] [WARN] [ethers] Security Note: Browser usage requires secure private key handling by the application
🤖 [MS3-PKG] [WARN] 🤖 [MS3-PKG] [WARN] [ethers] Security Note: Server environments provide better security for sensitive operations
🤖 [MS3-PKG] [WARN] 🤖 [MS3-PKG] [WARN] [ethers] Security Note: Ensure proper private key management and storage
🤖 [MS3-PKG] [WARN] 🤖 [MS3-PKG] [WARN] [ethers] Security Note: Ensure secure handling of private keys in browser environment
🤖 [MS3-PKG] [WARN] 🤖 [MS3-PKG] [WARN] [ethers] Security Note: Consider using hardware wallets for enhanced security
🤖 [MS3-PKG] [WARN] 🤖 [MS3-PKG] [WARN] [ethers] Security Note: ethers adapter follows standard security practices

🤖 [MS3-PKG] [WARN] 🤖 [MS3-PKG] [WARN] [ethers] Security Note: Private keys are processed during wallet creation but not stored persistently
🤖 [MS3-PKG] [WARN] 🤖 [MS3-PKG] [WARN] [ethers] Security Note: Server environments provide better security for sensitive private key operations
🤖 [MS3-PKG] [WARN] 🤖 [MS3-PKG] [WARN] [ethers] Security Note: Browser usage requires secure private key handling by the application
🤖 [MS3-PKG] [WARN] 🤖 [MS3-PKG] [WARN] [ethers] Security Note: Server environments provide better security for sensitive operations
🤖 [MS3-PKG] [WARN] 🤖 [MS3-PKG] [WARN] [ethers] Security Note: Ensure proper private key management and storage
🤖 [MS3-PKG] [WARN] 🤖 [MS3-PKG] [WARN] [ethers] Security Note: Ensure secure handling of private keys in browser environment
🤖 [MS3-PKG] [WARN] 🤖 [MS3-PKG] [WARN] [ethers] Security Note: Consider using hardware wallets for enhanced security
🤖 [MS3-PKG] [WARN] 🤖 [MS3-PKG] [WARN] [ethers] Security Note: ethers adapter follows standard security practices

            </system-err>
        </testcase>
        <testcase classname="tests/adapters/05_EthersWallet.test.ts" name="EvmWalletAdapter Tests &gt; RPC Management Tests &gt; should update all chain RPCs at once" time="0.0700021">
            <system-out>
🤖 [MS3-PKG] [INFO] 🤖 [MS3-PKG] [INFO] [EvmWalletAdapter] Updated all chain RPCs for 3 chains

            </system-out>
            <system-err>
🤖 [MS3-PKG] [WARN] 🤖 [MS3-PKG] [WARN] [ethers] Security Note: Private keys are processed during wallet creation but not stored persistently
🤖 [MS3-PKG] [WARN] 🤖 [MS3-PKG] [WARN] [ethers] Security Note: Server environments provide better security for sensitive private key operations
🤖 [MS3-PKG] [WARN] 🤖 [MS3-PKG] [WARN] [ethers] Security Note: Browser usage requires secure private key handling by the application
🤖 [MS3-PKG] [WARN] 🤖 [MS3-PKG] [WARN] [ethers] Security Note: Server environments provide better security for sensitive operations
🤖 [MS3-PKG] [WARN] 🤖 [MS3-PKG] [WARN] [ethers] Security Note: Ensure proper private key management and storage
🤖 [MS3-PKG] [WARN] 🤖 [MS3-PKG] [WARN] [ethers] Security Note: Ensure secure handling of private keys in browser environment
🤖 [MS3-PKG] [WARN] 🤖 [MS3-PKG] [WARN] [ethers] Security Note: Consider using hardware wallets for enhanced security
🤖 [MS3-PKG] [WARN] 🤖 [MS3-PKG] [WARN] [ethers] Security Note: ethers adapter follows standard security practices

🤖 [MS3-PKG] [WARN] 🤖 [MS3-PKG] [WARN] [ethers] Security Note: Private keys are processed during wallet creation but not stored persistently
🤖 [MS3-PKG] [WARN] 🤖 [MS3-PKG] [WARN] [ethers] Security Note: Server environments provide better security for sensitive private key operations
🤖 [MS3-PKG] [WARN] 🤖 [MS3-PKG] [WARN] [ethers] Security Note: Browser usage requires secure private key handling by the application
🤖 [MS3-PKG] [WARN] 🤖 [MS3-PKG] [WARN] [ethers] Security Note: Server environments provide better security for sensitive operations
🤖 [MS3-PKG] [WARN] 🤖 [MS3-PKG] [WARN] [ethers] Security Note: Ensure proper private key management and storage
🤖 [MS3-PKG] [WARN] 🤖 [MS3-PKG] [WARN] [ethers] Security Note: Ensure secure handling of private keys in browser environment
🤖 [MS3-PKG] [WARN] 🤖 [MS3-PKG] [WARN] [ethers] Security Note: Consider using hardware wallets for enhanced security
🤖 [MS3-PKG] [WARN] 🤖 [MS3-PKG] [WARN] [ethers] Security Note: ethers adapter follows standard security practices

            </system-err>
        </testcase>
        <testcase classname="tests/adapters/05_EthersWallet.test.ts" name="EvmWalletAdapter Tests &gt; RPC Management Tests &gt; should use preferred RPCs when setting provider" time="0.1949524">
            <system-out>
🤖 [MS3-PKG] [INFO] 🤖 [MS3-PKG] [INFO] [EvmWalletAdapter] Updated all chain RPCs for 1 chains

            </system-out>
            <system-err>
🤖 [MS3-PKG] [WARN] 🤖 [MS3-PKG] [WARN] [ethers] Security Note: Private keys are processed during wallet creation but not stored persistently
🤖 [MS3-PKG] [WARN] 🤖 [MS3-PKG] [WARN] [ethers] Security Note: Server environments provide better security for sensitive private key operations
🤖 [MS3-PKG] [WARN] 🤖 [MS3-PKG] [WARN] [ethers] Security Note: Browser usage requires secure private key handling by the application
🤖 [MS3-PKG] [WARN] 🤖 [MS3-PKG] [WARN] [ethers] Security Note: Server environments provide better security for sensitive operations
🤖 [MS3-PKG] [WARN] 🤖 [MS3-PKG] [WARN] [ethers] Security Note: Ensure proper private key management and storage
🤖 [MS3-PKG] [WARN] 🤖 [MS3-PKG] [WARN] [ethers] Security Note: Ensure secure handling of private keys in browser environment
🤖 [MS3-PKG] [WARN] 🤖 [MS3-PKG] [WARN] [ethers] Security Note: Consider using hardware wallets for enhanced security
🤖 [MS3-PKG] [WARN] 🤖 [MS3-PKG] [WARN] [ethers] Security Note: ethers adapter follows standard security practices

🤖 [MS3-PKG] [WARN] 🤖 [MS3-PKG] [WARN] [ethers] Security Note: Private keys are processed during wallet creation but not stored persistently
🤖 [MS3-PKG] [WARN] 🤖 [MS3-PKG] [WARN] [ethers] Security Note: Server environments provide better security for sensitive private key operations
🤖 [MS3-PKG] [WARN] 🤖 [MS3-PKG] [WARN] [ethers] Security Note: Browser usage requires secure private key handling by the application
🤖 [MS3-PKG] [WARN] 🤖 [MS3-PKG] [WARN] [ethers] Security Note: Server environments provide better security for sensitive operations
🤖 [MS3-PKG] [WARN] 🤖 [MS3-PKG] [WARN] [ethers] Security Note: Ensure proper private key management and storage
🤖 [MS3-PKG] [WARN] 🤖 [MS3-PKG] [WARN] [ethers] Security Note: Ensure secure handling of private keys in browser environment
🤖 [MS3-PKG] [WARN] 🤖 [MS3-PKG] [WARN] [ethers] Security Note: Consider using hardware wallets for enhanced security
🤖 [MS3-PKG] [WARN] 🤖 [MS3-PKG] [WARN] [ethers] Security Note: ethers adapter follows standard security practices

🤖 [MS3-PKG] [WARN] 🤖 [MS3-PKG] [WARN] [testRpcConnection] Chain ID mismatch for https://ethereum-sepolia-rpc.publicnode.com: Got 0xaa36a7, Expected 0x4268

🤖 [MS3-PKG] [WARN] 🤖 [MS3-PKG] [WARN] [NetworkHelper] None of the preferred RPCs worked for Holesky. Using a public RPC: https://ethereum-holesky.publicnode.com. For critical operations, ensure your preferred RPCs are operational.

            </system-err>
        </testcase>
        <testcase classname="tests/adapters/05_EthersWallet.test.ts" name="EvmWalletAdapter Tests &gt; RPC Management Tests &gt; should handle RPC validation errors gracefully" time="0.0827336">
            <system-err>
🤖 [MS3-PKG] [WARN] 🤖 [MS3-PKG] [WARN] [ethers] Security Note: Private keys are processed during wallet creation but not stored persistently
🤖 [MS3-PKG] [WARN] 🤖 [MS3-PKG] [WARN] [ethers] Security Note: Server environments provide better security for sensitive private key operations
🤖 [MS3-PKG] [WARN] 🤖 [MS3-PKG] [WARN] [ethers] Security Note: Browser usage requires secure private key handling by the application
🤖 [MS3-PKG] [WARN] 🤖 [MS3-PKG] [WARN] [ethers] Security Note: Server environments provide better security for sensitive operations
🤖 [MS3-PKG] [WARN] 🤖 [MS3-PKG] [WARN] [ethers] Security Note: Ensure proper private key management and storage
🤖 [MS3-PKG] [WARN] 🤖 [MS3-PKG] [WARN] [ethers] Security Note: Ensure secure handling of private keys in browser environment
🤖 [MS3-PKG] [WARN] 🤖 [MS3-PKG] [WARN] [ethers] Security Note: Consider using hardware wallets for enhanced security
🤖 [MS3-PKG] [WARN] 🤖 [MS3-PKG] [WARN] [ethers] Security Note: ethers adapter follows standard security practices

🤖 [MS3-PKG] [WARN] 🤖 [MS3-PKG] [WARN] [ethers] Security Note: Private keys are processed during wallet creation but not stored persistently
🤖 [MS3-PKG] [WARN] 🤖 [MS3-PKG] [WARN] [ethers] Security Note: Server environments provide better security for sensitive private key operations
🤖 [MS3-PKG] [WARN] 🤖 [MS3-PKG] [WARN] [ethers] Security Note: Browser usage requires secure private key handling by the application
🤖 [MS3-PKG] [WARN] 🤖 [MS3-PKG] [WARN] [ethers] Security Note: Server environments provide better security for sensitive operations
🤖 [MS3-PKG] [WARN] 🤖 [MS3-PKG] [WARN] [ethers] Security Note: Ensure proper private key management and storage
🤖 [MS3-PKG] [WARN] 🤖 [MS3-PKG] [WARN] [ethers] Security Note: Ensure secure handling of private keys in browser environment
🤖 [MS3-PKG] [WARN] 🤖 [MS3-PKG] [WARN] [ethers] Security Note: Consider using hardware wallets for enhanced security
🤖 [MS3-PKG] [WARN] 🤖 [MS3-PKG] [WARN] [ethers] Security Note: ethers adapter follows standard security practices

🤖 [MS3-PKG] [ERROR] 🤖 [MS3-PKG] [ERROR] [AdapterError] AdapterError: Invalid RPC URLs for chain 1 - must be array {
  code: [32m&apos;INVALID_INPUT&apos;[39m,
  methodName: [32m&apos;updateAllChainRpcs&apos;[39m,
  details: [90mundefined[39m,
  cause: [90mundefined[39m
}

🤖 [MS3-PKG] [ERROR] 🤖 [MS3-PKG] [ERROR] [WalletAdapter(ethers) Error] Method &apos;updateAllChainRpcs&apos; failed: Invalid RPC URLs for chain 1 - must be array AdapterError: Invalid RPC URLs for chain 1 - must be array
    at _EvmWalletAdapter.updateAllChainRpcs [90m(C:\Users\gunne\Desktop\M3S-GITHUB\MS3\packages\wallet\[39msrc\adapters\ethers\ethersWallet.ts:113:15[90m)[39m
    at Proxy.&lt;anonymous&gt; (C:\Users\gunne\Desktop\M3S-GITHUB\MS3\packages\shared\src\errors\proxy.ts:102:42)
    at [90mC:\Users\gunne\Desktop\M3S-GITHUB\MS3\packages\wallet\[39mtests\adapters\05_EthersWallet.test.ts:200:32
    at file:///C:/Users/gunne/Desktop/M3S-GITHUB/MS3/node_modules/[4m@vitest[24m/runner/dist/chunk-hooks.js:155:11
    at file:///C:/Users/gunne/Desktop/M3S-GITHUB/MS3/node_modules/[4m@vitest[24m/runner/dist/chunk-hooks.js:752:26
    at file:///C:/Users/gunne/Desktop/M3S-GITHUB/MS3/node_modules/[4m@vitest[24m/runner/dist/chunk-hooks.js:1897:20
    at new Promise (&lt;anonymous&gt;)
    at runWithTimeout (file:///C:/Users/gunne/Desktop/M3S-GITHUB/MS3/node_modules/[4m@vitest[24m/runner/dist/chunk-hooks.js:1863:10)
    at runTest (file:///C:/Users/gunne/Desktop/M3S-GITHUB/MS3/node_modules/[4m@vitest[24m/runner/dist/chunk-hooks.js:1574:12)
[90m    at processTicksAndRejections (node:internal/process/task_queues:105:5)[39m {
  code: [32m&apos;INVALID_INPUT&apos;[39m,
  cause: [90mundefined[39m,
  methodName: [32m&apos;updateAllChainRpcs&apos;[39m,
  details: [90mundefined[39m
}

🤖 [MS3-PKG] [ERROR] 🤖 [MS3-PKG] [ERROR] [AdapterError] AdapterError: Invalid RPC URLs for chain 137 - array cannot be empty {
  code: [32m&apos;INVALID_INPUT&apos;[39m,
  methodName: [32m&apos;updateAllChainRpcs&apos;[39m,
  details: [90mundefined[39m,
  cause: [90mundefined[39m
}

🤖 [MS3-PKG] [ERROR] 🤖 [MS3-PKG] [ERROR] [WalletAdapter(ethers) Error] Method &apos;updateAllChainRpcs&apos; failed: Invalid RPC URLs for chain 137 - array cannot be empty AdapterError: Invalid RPC URLs for chain 137 - array cannot be empty
    at _EvmWalletAdapter.updateAllChainRpcs [90m(C:\Users\gunne\Desktop\M3S-GITHUB\MS3\packages\wallet\[39msrc\adapters\ethers\ethersWallet.ts:121:15[90m)[39m
    at Proxy.&lt;anonymous&gt; (C:\Users\gunne\Desktop\M3S-GITHUB\MS3\packages\shared\src\errors\proxy.ts:102:42)
    at [90mC:\Users\gunne\Desktop\M3S-GITHUB\MS3\packages\wallet\[39mtests\adapters\05_EthersWallet.test.ts:200:32
[90m    at processTicksAndRejections (node:internal/process/task_queues:105:5)[39m
    at file:///C:/Users/gunne/Desktop/M3S-GITHUB/MS3/node_modules/[4m@vitest[24m/runner/dist/chunk-hooks.js:752:20 {
  code: [32m&apos;INVALID_INPUT&apos;[39m,
  cause: [90mundefined[39m,
  methodName: [32m&apos;updateAllChainRpcs&apos;[39m,
  details: [90mundefined[39m
}

🤖 [MS3-PKG] [ERROR] 🤖 [MS3-PKG] [ERROR] [AdapterError] AdapterError: Invalid RPC URL for chain 1: not-a-valid-url - must be HTTP/HTTPS URL {
  code: [32m&apos;INVALID_INPUT&apos;[39m,
  methodName: [32m&apos;updateAllChainRpcs&apos;[39m,
  details: [90mundefined[39m,
  cause: [90mundefined[39m
}

🤖 [MS3-PKG] [ERROR] 🤖 [MS3-PKG] [ERROR] [WalletAdapter(ethers) Error] Method &apos;updateAllChainRpcs&apos; failed: Invalid RPC URL for chain 1: not-a-valid-url - must be HTTP/HTTPS URL AdapterError: Invalid RPC URL for chain 1: not-a-valid-url - must be HTTP/HTTPS URL
    at _EvmWalletAdapter.updateAllChainRpcs [90m(C:\Users\gunne\Desktop\M3S-GITHUB\MS3\packages\wallet\[39msrc\adapters\ethers\ethersWallet.ts:130:17[90m)[39m
    at Proxy.&lt;anonymous&gt; (C:\Users\gunne\Desktop\M3S-GITHUB\MS3\packages\shared\src\errors\proxy.ts:102:42)
    at [90mC:\Users\gunne\Desktop\M3S-GITHUB\MS3\packages\wallet\[39mtests\adapters\05_EthersWallet.test.ts:200:32
[90m    at processTicksAndRejections (node:internal/process/task_queues:105:5)[39m
    at file:///C:/Users/gunne/Desktop/M3S-GITHUB/MS3/node_modules/[4m@vitest[24m/runner/dist/chunk-hooks.js:752:20 {
  code: [32m&apos;INVALID_INPUT&apos;[39m,
  cause: [90mundefined[39m,
  methodName: [32m&apos;updateAllChainRpcs&apos;[39m,
  details: [90mundefined[39m
}

🤖 [MS3-PKG] [ERROR] 🤖 [MS3-PKG] [ERROR] [AdapterError] AdapterError: Invalid RPC URL for chain 1: 123 - must be HTTP/HTTPS URL {
  code: [32m&apos;INVALID_INPUT&apos;[39m,
  methodName: [32m&apos;updateAllChainRpcs&apos;[39m,
  details: [90mundefined[39m,
  cause: [90mundefined[39m
}

🤖 [MS3-PKG] [ERROR] 🤖 [MS3-PKG] [ERROR] [WalletAdapter(ethers) Error] Method &apos;updateAllChainRpcs&apos; failed: Invalid RPC URL for chain 1: 123 - must be HTTP/HTTPS URL AdapterError: Invalid RPC URL for chain 1: 123 - must be HTTP/HTTPS URL
    at _EvmWalletAdapter.updateAllChainRpcs [90m(C:\Users\gunne\Desktop\M3S-GITHUB\MS3\packages\wallet\[39msrc\adapters\ethers\ethersWallet.ts:130:17[90m)[39m
    at Proxy.&lt;anonymous&gt; (C:\Users\gunne\Desktop\M3S-GITHUB\MS3\packages\shared\src\errors\proxy.ts:102:42)
    at [90mC:\Users\gunne\Desktop\M3S-GITHUB\MS3\packages\wallet\[39mtests\adapters\05_EthersWallet.test.ts:200:32
[90m    at processTicksAndRejections (node:internal/process/task_queues:105:5)[39m
    at file:///C:/Users/gunne/Desktop/M3S-GITHUB/MS3/node_modules/[4m@vitest[24m/runner/dist/chunk-hooks.js:752:20 {
  code: [32m&apos;INVALID_INPUT&apos;[39m,
  cause: [90mundefined[39m,
  methodName: [32m&apos;updateAllChainRpcs&apos;[39m,
  details: [90mundefined[39m
}

            </system-err>
        </testcase>
        <testcase classname="tests/adapters/05_EthersWallet.test.ts" name="EvmWalletAdapter Tests &gt; RPC Management Tests &gt; should handle empty RPC configurations" time="0.0650941">
            <system-out>
🤖 [MS3-PKG] [INFO] 🤖 [MS3-PKG] [INFO] [EvmWalletAdapter] Updated all chain RPCs for 0 chains

            </system-out>
            <system-err>
🤖 [MS3-PKG] [WARN] 🤖 [MS3-PKG] [WARN] [ethers] Security Note: Private keys are processed during wallet creation but not stored persistently
🤖 [MS3-PKG] [WARN] 🤖 [MS3-PKG] [WARN] [ethers] Security Note: Server environments provide better security for sensitive private key operations
🤖 [MS3-PKG] [WARN] 🤖 [MS3-PKG] [WARN] [ethers] Security Note: Browser usage requires secure private key handling by the application
🤖 [MS3-PKG] [WARN] 🤖 [MS3-PKG] [WARN] [ethers] Security Note: Server environments provide better security for sensitive operations
🤖 [MS3-PKG] [WARN] 🤖 [MS3-PKG] [WARN] [ethers] Security Note: Ensure proper private key management and storage
🤖 [MS3-PKG] [WARN] 🤖 [MS3-PKG] [WARN] [ethers] Security Note: Ensure secure handling of private keys in browser environment
🤖 [MS3-PKG] [WARN] 🤖 [MS3-PKG] [WARN] [ethers] Security Note: Consider using hardware wallets for enhanced security
🤖 [MS3-PKG] [WARN] 🤖 [MS3-PKG] [WARN] [ethers] Security Note: ethers adapter follows standard security practices

🤖 [MS3-PKG] [WARN] 🤖 [MS3-PKG] [WARN] [ethers] Security Note: Private keys are processed during wallet creation but not stored persistently
🤖 [MS3-PKG] [WARN] 🤖 [MS3-PKG] [WARN] [ethers] Security Note: Server environments provide better security for sensitive private key operations
🤖 [MS3-PKG] [WARN] 🤖 [MS3-PKG] [WARN] [ethers] Security Note: Browser usage requires secure private key handling by the application
🤖 [MS3-PKG] [WARN] 🤖 [MS3-PKG] [WARN] [ethers] Security Note: Server environments provide better security for sensitive operations
🤖 [MS3-PKG] [WARN] 🤖 [MS3-PKG] [WARN] [ethers] Security Note: Ensure proper private key management and storage
🤖 [MS3-PKG] [WARN] 🤖 [MS3-PKG] [WARN] [ethers] Security Note: Ensure secure handling of private keys in browser environment
🤖 [MS3-PKG] [WARN] 🤖 [MS3-PKG] [WARN] [ethers] Security Note: Consider using hardware wallets for enhanced security
🤖 [MS3-PKG] [WARN] 🤖 [MS3-PKG] [WARN] [ethers] Security Note: ethers adapter follows standard security practices

            </system-err>
        </testcase>
        <testcase classname="tests/adapters/05_EthersWallet.test.ts" name="EvmWalletAdapter Tests &gt; RPC Management Tests &gt; should preserve existing RPCs when adding new ones" time="0.066234">
            <system-out>
🤖 [MS3-PKG] [INFO] 🤖 [MS3-PKG] [INFO] [EvmWalletAdapter] Updated all chain RPCs for 3 chains

            </system-out>
            <system-err>
🤖 [MS3-PKG] [WARN] 🤖 [MS3-PKG] [WARN] [ethers] Security Note: Private keys are processed during wallet creation but not stored persistently
🤖 [MS3-PKG] [WARN] 🤖 [MS3-PKG] [WARN] [ethers] Security Note: Server environments provide better security for sensitive private key operations
🤖 [MS3-PKG] [WARN] 🤖 [MS3-PKG] [WARN] [ethers] Security Note: Browser usage requires secure private key handling by the application
🤖 [MS3-PKG] [WARN] 🤖 [MS3-PKG] [WARN] [ethers] Security Note: Server environments provide better security for sensitive operations
🤖 [MS3-PKG] [WARN] 🤖 [MS3-PKG] [WARN] [ethers] Security Note: Ensure proper private key management and storage
🤖 [MS3-PKG] [WARN] 🤖 [MS3-PKG] [WARN] [ethers] Security Note: Ensure secure handling of private keys in browser environment
🤖 [MS3-PKG] [WARN] 🤖 [MS3-PKG] [WARN] [ethers] Security Note: Consider using hardware wallets for enhanced security
🤖 [MS3-PKG] [WARN] 🤖 [MS3-PKG] [WARN] [ethers] Security Note: ethers adapter follows standard security practices

🤖 [MS3-PKG] [WARN] 🤖 [MS3-PKG] [WARN] [ethers] Security Note: Private keys are processed during wallet creation but not stored persistently
🤖 [MS3-PKG] [WARN] 🤖 [MS3-PKG] [WARN] [ethers] Security Note: Server environments provide better security for sensitive private key operations
🤖 [MS3-PKG] [WARN] 🤖 [MS3-PKG] [WARN] [ethers] Security Note: Browser usage requires secure private key handling by the application
🤖 [MS3-PKG] [WARN] 🤖 [MS3-PKG] [WARN] [ethers] Security Note: Server environments provide better security for sensitive operations
🤖 [MS3-PKG] [WARN] 🤖 [MS3-PKG] [WARN] [ethers] Security Note: Ensure proper private key management and storage
🤖 [MS3-PKG] [WARN] 🤖 [MS3-PKG] [WARN] [ethers] Security Note: Ensure secure handling of private keys in browser environment
🤖 [MS3-PKG] [WARN] 🤖 [MS3-PKG] [WARN] [ethers] Security Note: Consider using hardware wallets for enhanced security
🤖 [MS3-PKG] [WARN] 🤖 [MS3-PKG] [WARN] [ethers] Security Note: ethers adapter follows standard security practices

            </system-err>
        </testcase>
        <testcase classname="tests/adapters/05_EthersWallet.test.ts" name="EvmWalletAdapter Tests &gt; RPC Management Tests &gt; should support both hex and decimal chain ID formats" time="0.0661093">
            <system-out>
🤖 [MS3-PKG] [INFO] 🤖 [MS3-PKG] [INFO] [EvmWalletAdapter] Updated all chain RPCs for 4 chains

            </system-out>
            <system-err>
🤖 [MS3-PKG] [WARN] 🤖 [MS3-PKG] [WARN] [ethers] Security Note: Private keys are processed during wallet creation but not stored persistently
🤖 [MS3-PKG] [WARN] 🤖 [MS3-PKG] [WARN] [ethers] Security Note: Server environments provide better security for sensitive private key operations
🤖 [MS3-PKG] [WARN] 🤖 [MS3-PKG] [WARN] [ethers] Security Note: Browser usage requires secure private key handling by the application
🤖 [MS3-PKG] [WARN] 🤖 [MS3-PKG] [WARN] [ethers] Security Note: Server environments provide better security for sensitive operations
🤖 [MS3-PKG] [WARN] 🤖 [MS3-PKG] [WARN] [ethers] Security Note: Ensure proper private key management and storage
🤖 [MS3-PKG] [WARN] 🤖 [MS3-PKG] [WARN] [ethers] Security Note: Ensure secure handling of private keys in browser environment
🤖 [MS3-PKG] [WARN] 🤖 [MS3-PKG] [WARN] [ethers] Security Note: Consider using hardware wallets for enhanced security
🤖 [MS3-PKG] [WARN] 🤖 [MS3-PKG] [WARN] [ethers] Security Note: ethers adapter follows standard security practices

🤖 [MS3-PKG] [WARN] 🤖 [MS3-PKG] [WARN] [ethers] Security Note: Private keys are processed during wallet creation but not stored persistently
🤖 [MS3-PKG] [WARN] 🤖 [MS3-PKG] [WARN] [ethers] Security Note: Server environments provide better security for sensitive private key operations
🤖 [MS3-PKG] [WARN] 🤖 [MS3-PKG] [WARN] [ethers] Security Note: Browser usage requires secure private key handling by the application
🤖 [MS3-PKG] [WARN] 🤖 [MS3-PKG] [WARN] [ethers] Security Note: Server environments provide better security for sensitive operations
🤖 [MS3-PKG] [WARN] 🤖 [MS3-PKG] [WARN] [ethers] Security Note: Ensure proper private key management and storage
🤖 [MS3-PKG] [WARN] 🤖 [MS3-PKG] [WARN] [ethers] Security Note: Ensure secure handling of private keys in browser environment
🤖 [MS3-PKG] [WARN] 🤖 [MS3-PKG] [WARN] [ethers] Security Note: Consider using hardware wallets for enhanced security
🤖 [MS3-PKG] [WARN] 🤖 [MS3-PKG] [WARN] [ethers] Security Note: ethers adapter follows standard security practices

            </system-err>
        </testcase>
        <testcase classname="tests/adapters/05_EthersWallet.test.ts" name="EvmWalletAdapter Tests &gt; When wallet is initialized &gt; should support dynamic network selection via ChainList API" time="0.3344112">
            <system-err>
🤖 [MS3-PKG] [WARN] 🤖 [MS3-PKG] [WARN] [ethers] Security Note: Private keys are processed during wallet creation but not stored persistently
🤖 [MS3-PKG] [WARN] 🤖 [MS3-PKG] [WARN] [ethers] Security Note: Server environments provide better security for sensitive private key operations
🤖 [MS3-PKG] [WARN] 🤖 [MS3-PKG] [WARN] [ethers] Security Note: Browser usage requires secure private key handling by the application
🤖 [MS3-PKG] [WARN] 🤖 [MS3-PKG] [WARN] [ethers] Security Note: Server environments provide better security for sensitive operations
🤖 [MS3-PKG] [WARN] 🤖 [MS3-PKG] [WARN] [ethers] Security Note: Ensure proper private key management and storage
🤖 [MS3-PKG] [WARN] 🤖 [MS3-PKG] [WARN] [ethers] Security Note: Ensure secure handling of private keys in browser environment
🤖 [MS3-PKG] [WARN] 🤖 [MS3-PKG] [WARN] [ethers] Security Note: Consider using hardware wallets for enhanced security
🤖 [MS3-PKG] [WARN] 🤖 [MS3-PKG] [WARN] [ethers] Security Note: ethers adapter follows standard security practices

            </system-err>
        </testcase>
        <testcase classname="tests/adapters/05_EthersWallet.test.ts" name="EvmWalletAdapter Tests &gt; When wallet is initialized &gt; supports EVM wallet interface" time="0.0643609">
            <system-err>
🤖 [MS3-PKG] [WARN] 🤖 [MS3-PKG] [WARN] [ethers] Security Note: Private keys are processed during wallet creation but not stored persistently
🤖 [MS3-PKG] [WARN] 🤖 [MS3-PKG] [WARN] [ethers] Security Note: Server environments provide better security for sensitive private key operations
🤖 [MS3-PKG] [WARN] 🤖 [MS3-PKG] [WARN] [ethers] Security Note: Browser usage requires secure private key handling by the application
🤖 [MS3-PKG] [WARN] 🤖 [MS3-PKG] [WARN] [ethers] Security Note: Server environments provide better security for sensitive operations
🤖 [MS3-PKG] [WARN] 🤖 [MS3-PKG] [WARN] [ethers] Security Note: Ensure proper private key management and storage
🤖 [MS3-PKG] [WARN] 🤖 [MS3-PKG] [WARN] [ethers] Security Note: Ensure secure handling of private keys in browser environment
🤖 [MS3-PKG] [WARN] 🤖 [MS3-PKG] [WARN] [ethers] Security Note: Consider using hardware wallets for enhanced security
🤖 [MS3-PKG] [WARN] 🤖 [MS3-PKG] [WARN] [ethers] Security Note: ethers adapter follows standard security practices

            </system-err>
        </testcase>
        <testcase classname="tests/adapters/05_EthersWallet.test.ts" name="EvmWalletAdapter Tests &gt; When wallet is initialized &gt; should have the correct wallet name" time="0.0640609">
            <system-err>
🤖 [MS3-PKG] [WARN] 🤖 [MS3-PKG] [WARN] [ethers] Security Note: Private keys are processed during wallet creation but not stored persistently
🤖 [MS3-PKG] [WARN] 🤖 [MS3-PKG] [WARN] [ethers] Security Note: Server environments provide better security for sensitive private key operations
🤖 [MS3-PKG] [WARN] 🤖 [MS3-PKG] [WARN] [ethers] Security Note: Browser usage requires secure private key handling by the application
🤖 [MS3-PKG] [WARN] 🤖 [MS3-PKG] [WARN] [ethers] Security Note: Server environments provide better security for sensitive operations
🤖 [MS3-PKG] [WARN] 🤖 [MS3-PKG] [WARN] [ethers] Security Note: Ensure proper private key management and storage
🤖 [MS3-PKG] [WARN] 🤖 [MS3-PKG] [WARN] [ethers] Security Note: Ensure secure handling of private keys in browser environment
🤖 [MS3-PKG] [WARN] 🤖 [MS3-PKG] [WARN] [ethers] Security Note: Consider using hardware wallets for enhanced security
🤖 [MS3-PKG] [WARN] 🤖 [MS3-PKG] [WARN] [ethers] Security Note: ethers adapter follows standard security practices

            </system-err>
        </testcase>
        <testcase classname="tests/adapters/05_EthersWallet.test.ts" name="EvmWalletAdapter Tests &gt; When wallet is initialized &gt; should emit accountsChanged event when accounts are requested" time="0.1207776">
            <system-err>
🤖 [MS3-PKG] [WARN] 🤖 [MS3-PKG] [WARN] [ethers] Security Note: Private keys are processed during wallet creation but not stored persistently
🤖 [MS3-PKG] [WARN] 🤖 [MS3-PKG] [WARN] [ethers] Security Note: Server environments provide better security for sensitive private key operations
🤖 [MS3-PKG] [WARN] 🤖 [MS3-PKG] [WARN] [ethers] Security Note: Browser usage requires secure private key handling by the application
🤖 [MS3-PKG] [WARN] 🤖 [MS3-PKG] [WARN] [ethers] Security Note: Server environments provide better security for sensitive operations
🤖 [MS3-PKG] [WARN] 🤖 [MS3-PKG] [WARN] [ethers] Security Note: Ensure proper private key management and storage
🤖 [MS3-PKG] [WARN] 🤖 [MS3-PKG] [WARN] [ethers] Security Note: Ensure secure handling of private keys in browser environment
🤖 [MS3-PKG] [WARN] 🤖 [MS3-PKG] [WARN] [ethers] Security Note: Consider using hardware wallets for enhanced security
🤖 [MS3-PKG] [WARN] 🤖 [MS3-PKG] [WARN] [ethers] Security Note: ethers adapter follows standard security practices

            </system-err>
        </testcase>
        <testcase classname="tests/adapters/05_EthersWallet.test.ts" name="EvmWalletAdapter Tests &gt; When wallet is initialized &gt; should handle network changes" time="0.0680407">
            <system-err>
🤖 [MS3-PKG] [WARN] 🤖 [MS3-PKG] [WARN] [ethers] Security Note: Private keys are processed during wallet creation but not stored persistently
🤖 [MS3-PKG] [WARN] 🤖 [MS3-PKG] [WARN] [ethers] Security Note: Server environments provide better security for sensitive private key operations
🤖 [MS3-PKG] [WARN] 🤖 [MS3-PKG] [WARN] [ethers] Security Note: Browser usage requires secure private key handling by the application
🤖 [MS3-PKG] [WARN] 🤖 [MS3-PKG] [WARN] [ethers] Security Note: Server environments provide better security for sensitive operations
🤖 [MS3-PKG] [WARN] 🤖 [MS3-PKG] [WARN] [ethers] Security Note: Ensure proper private key management and storage
🤖 [MS3-PKG] [WARN] 🤖 [MS3-PKG] [WARN] [ethers] Security Note: Ensure secure handling of private keys in browser environment
🤖 [MS3-PKG] [WARN] 🤖 [MS3-PKG] [WARN] [ethers] Security Note: Consider using hardware wallets for enhanced security
🤖 [MS3-PKG] [WARN] 🤖 [MS3-PKG] [WARN] [ethers] Security Note: ethers adapter follows standard security practices

            </system-err>
        </testcase>
        <testcase classname="tests/adapters/05_EthersWallet.test.ts" name="EvmWalletAdapter Tests &gt; When wallet is initialized &gt; should simulate transaction flow" time="1.0385565">
            <system-out>
🤖 [MS3-PKG] [INFO] 🤖 [MS3-PKG] [INFO] Estimating gas for transaction: {
  to: [32m&apos;0xc4aD6Db1C266E1FF9229aEea524731c1379f4A37&apos;[39m,
  value: [32m&apos;0.1&apos;[39m,
  data: [32m&apos;0x&apos;[39m
}

🤖 [MS3-PKG] [INFO] 🤖 [MS3-PKG] [INFO] Gas estimation for:  {
  to: [32m&apos;0xc4aD6Db1C266E1FF9229aEea524731c1379f4A37&apos;[39m,
  value: [32m&apos;100000000000000000&apos;[39m,
  data: [32m&apos;0x&apos;[39m,
  from: [32m&apos;0xc4aD6Db1C266E1FF9229aEea524731c1379f4A37&apos;[39m
}
🤖 [MS3-PKG] [INFO] 🤖 [MS3-PKG] [INFO] Gas estimation results: {
  gasLimit: [33m21000n[39m,
  gasPrice: [32m&apos;14495&apos;[39m,
  maxFeePerGas: [32m&apos;27990&apos;[39m,
  maxPriorityFeePerGas: [32m&apos;1000&apos;[39m
}

🤖 [MS3-PKG] [INFO] 🤖 [MS3-PKG] [INFO] Sending tx from client:  {
  to: [32m&apos;0xc4aD6Db1C266E1FF9229aEea524731c1379f4A37&apos;[39m,
  value: [32m&apos;0.1&apos;[39m,
  data: [32m&apos;0x&apos;[39m,
  options: { gasLimit: [32m&apos;21000&apos;[39m }
}

🤖 [MS3-PKG] [INFO] 🤖 [MS3-PKG] [INFO] Sending tx from client (final txRequest):  {
  to: [32m&apos;0xc4aD6Db1C266E1FF9229aEea524731c1379f4A37&apos;[39m,
  value: [32m&apos;100000000000000000&apos;[39m,
  data: [32m&apos;0x&apos;[39m,
  nonce: [33m4154[39m,
  gasLimit: [33m21000n[39m
}

🤖 [MS3-PKG] [INFO] 🤖 [MS3-PKG] [INFO] Transaction sent, hash: 0x303e71242e6bc79482bdf1ddb835518646c40fd4d9c4b0865f259af6b4607cc5

            </system-out>
            <system-err>
🤖 [MS3-PKG] [WARN] 🤖 [MS3-PKG] [WARN] [ethers] Security Note: Private keys are processed during wallet creation but not stored persistently
🤖 [MS3-PKG] [WARN] 🤖 [MS3-PKG] [WARN] [ethers] Security Note: Server environments provide better security for sensitive private key operations
🤖 [MS3-PKG] [WARN] 🤖 [MS3-PKG] [WARN] [ethers] Security Note: Browser usage requires secure private key handling by the application
🤖 [MS3-PKG] [WARN] 🤖 [MS3-PKG] [WARN] [ethers] Security Note: Server environments provide better security for sensitive operations
🤖 [MS3-PKG] [WARN] 🤖 [MS3-PKG] [WARN] [ethers] Security Note: Ensure proper private key management and storage
🤖 [MS3-PKG] [WARN] 🤖 [MS3-PKG] [WARN] [ethers] Security Note: Ensure secure handling of private keys in browser environment
🤖 [MS3-PKG] [WARN] 🤖 [MS3-PKG] [WARN] [ethers] Security Note: Consider using hardware wallets for enhanced security
🤖 [MS3-PKG] [WARN] 🤖 [MS3-PKG] [WARN] [ethers] Security Note: ethers adapter follows standard security practices

            </system-err>
        </testcase>
        <testcase classname="tests/adapters/05_EthersWallet.test.ts" name="EvmWalletAdapter Tests &gt; When wallet is initialized &gt; should sign a transaction with all options explicitly provided" time="0.3496074">
            <system-err>
🤖 [MS3-PKG] [WARN] 🤖 [MS3-PKG] [WARN] [ethers] Security Note: Private keys are processed during wallet creation but not stored persistently
🤖 [MS3-PKG] [WARN] 🤖 [MS3-PKG] [WARN] [ethers] Security Note: Server environments provide better security for sensitive private key operations
🤖 [MS3-PKG] [WARN] 🤖 [MS3-PKG] [WARN] [ethers] Security Note: Browser usage requires secure private key handling by the application
🤖 [MS3-PKG] [WARN] 🤖 [MS3-PKG] [WARN] [ethers] Security Note: Server environments provide better security for sensitive operations
🤖 [MS3-PKG] [WARN] 🤖 [MS3-PKG] [WARN] [ethers] Security Note: Ensure proper private key management and storage
🤖 [MS3-PKG] [WARN] 🤖 [MS3-PKG] [WARN] [ethers] Security Note: Ensure secure handling of private keys in browser environment
🤖 [MS3-PKG] [WARN] 🤖 [MS3-PKG] [WARN] [ethers] Security Note: Consider using hardware wallets for enhanced security
🤖 [MS3-PKG] [WARN] 🤖 [MS3-PKG] [WARN] [ethers] Security Note: ethers adapter follows standard security practices

            </system-err>
        </testcase>
    </testsuite>
    <testsuite name="tests/adapters/06_Web3Auth.test.ts" timestamp="2025-09-04T15:09:40.575Z" hostname="GA" tests="9" failures="0" errors="0" skipped="0" time="0.0088249">
        <testcase classname="tests/adapters/06_Web3Auth.test.ts" name="Core Wallet Tests &gt; should export testAdapterPattern function" time="0.0012245">
        </testcase>
        <testcase classname="tests/adapters/06_Web3Auth.test.ts" name="Core Wallet Tests &gt; should export testAdapterPattern function" time="0.0002368">
        </testcase>
        <testcase classname="tests/adapters/06_Web3Auth.test.ts" name="Core Wallet Tests &gt; should detect server environment in tests" time="0.0022391">
        </testcase>
        <testcase classname="tests/adapters/06_Web3Auth.test.ts" name="Core Wallet Tests &gt; should have environment requirements in registry" time="0.0012621">
        </testcase>
        <testcase classname="tests/adapters/06_Web3Auth.test.ts" name="Web3AuthWalletAdapter – Basic Factory &amp; API surface &gt; Web3AuthWalletAdapter - Constructor Pattern Tests &gt; should have a private constructor" time="0.0002602">
        </testcase>
        <testcase classname="tests/adapters/06_Web3Auth.test.ts" name="Web3AuthWalletAdapter – Basic Factory &amp; API surface &gt; Web3AuthWalletAdapter - Constructor Pattern Tests &gt; should have a static create method" time="0.0001505">
        </testcase>
        <testcase classname="tests/adapters/06_Web3Auth.test.ts" name="Web3AuthWalletAdapter – Basic Factory &amp; API surface &gt; Web3AuthWalletAdapter - Constructor Pattern Tests &gt; create method should return a promise" time="0.0002262">
        </testcase>
        <testcase classname="tests/adapters/06_Web3Auth.test.ts" name="Web3AuthWalletAdapter – Basic Factory &amp; API surface &gt; Web3AuthWalletAdapter - Constructor Pattern Tests &gt; created instance should have name and version properties" time="0.0004283">
        </testcase>
        <testcase classname="tests/adapters/06_Web3Auth.test.ts" name="Web3AuthWalletAdapter – Basic Factory &amp; API surface &gt; exposes the core IEVMWallet methods on its prototype" time="0.0005326">
        </testcase>
    </testsuite>
</testsuites>
